Epoch 1
-------------------------------
loss: 2.270983  [   64/25000]
loss: 2.310451  [ 6464/25000]
loss: 2.302844  [12864/25000]
loss: 2.308425  [19264/25000]
Test Error: 
 Accuracy: 10.3%, Avg loss: 2.300248 


----------- Analysis -----------

TRAINING OF 1 TYPE OF NET

Epoch 1
-------------------------------
loss: 2.303421  [   64/25000]
loss: 2.273128  [ 6464/25000]
loss: 2.248157  [12864/25000]
loss: 2.217263  [19264/25000]
Test Error: 
 Accuracy: 23.0%, Avg loss: 2.218350 

--------------------
TRAINING OF 2 TYPE OF NET

Epoch 1
-------------------------------
loss: 2.297227  [   64/25000]
loss: 2.292815  [ 6464/25000]
loss: 2.289730  [12864/25000]
loss: 2.267935  [19264/25000]
Test Error: 
 Accuracy: 15.4%, Avg loss: 2.282538 

--------------------
TRAINING OF 3 TYPE OF NET

Epoch 1
-------------------------------
loss: 2.325518  [   64/25000]
loss: 2.304137  [ 6464/25000]
loss: 2.300868  [12864/25000]
loss: 2.286771  [19264/25000]
Test Error: 
 Accuracy: 11.4%, Avg loss: 2.294321 

--------------------
TRAINING OF 4 TYPE OF NET

Epoch 1
-------------------------------
loss: 2.305368  [   64/25000]
loss: 2.307530  [ 6464/25000]
loss: 2.293659  [12864/25000]
loss: 2.294470  [19264/25000]
Test Error: 
 Accuracy: 8.6%, Avg loss: 2.301322 

--------------------
TRAINING OF 5 TYPE OF NET

Epoch 1
-------------------------------
loss: 2.288426  [   64/25000]
loss: 2.307656  [ 6464/25000]
loss: 2.302620  [12864/25000]
loss: 2.304578  [19264/25000]
Test Error: 
 Accuracy: 10.0%, Avg loss: 2.303599 

--------------------
TRAINING OF 6 TYPE OF NET

Epoch 1
-------------------------------
loss: 2.290856  [   64/25000]
loss: 2.317591  [ 6464/25000]
loss: 2.292425  [12864/25000]
loss: 2.317879  [19264/25000]
Test Error: 
 Accuracy: 10.0%, Avg loss: 2.304391 

--------------------
Epoch 2
-------------------------------
loss: 2.282975  [   64/25000]
loss: 2.297401  [ 6464/25000]
loss: 2.294829  [12864/25000]
loss: 2.299717  [19264/25000]
Test Error: 
 Accuracy: 13.5%, Avg loss: 2.294328 


----------- Analysis -----------

TRAINING OF 1 TYPE OF NET

Epoch 1
-------------------------------
loss: 2.317669  [   64/25000]
loss: 2.279883  [ 6464/25000]
loss: 2.246503  [12864/25000]
loss: 2.208497  [19264/25000]
Test Error: 
 Accuracy: 21.9%, Avg loss: 2.221007 

--------------------
TRAINING OF 2 TYPE OF NET

Epoch 1
-------------------------------
loss: 2.303269  [   64/25000]
loss: 2.305392  [ 6464/25000]
loss: 2.288820  [12864/25000]
loss: 2.281097  [19264/25000]
Test Error: 
 Accuracy: 15.8%, Avg loss: 2.280469 

--------------------
TRAINING OF 3 TYPE OF NET

Epoch 1
-------------------------------
loss: 2.332539  [   64/25000]
loss: 2.303451  [ 6464/25000]
loss: 2.291248  [12864/25000]
loss: 2.286953  [19264/25000]
Test Error: 
 Accuracy: 12.2%, Avg loss: 2.292730 

--------------------
TRAINING OF 4 TYPE OF NET

Epoch 1
-------------------------------
loss: 2.308233  [   64/25000]
loss: 2.298982  [ 6464/25000]
loss: 2.306957  [12864/25000]
loss: 2.292711  [19264/25000]
Test Error: 
 Accuracy: 12.2%, Avg loss: 2.300144 

--------------------
TRAINING OF 5 TYPE OF NET

Epoch 1
-------------------------------
loss: 2.308236  [   64/25000]
loss: 2.296307  [ 6464/25000]
loss: 2.306670  [12864/25000]
loss: 2.302214  [19264/25000]
Test Error: 
 Accuracy: 9.5%, Avg loss: 2.302350 

--------------------
TRAINING OF 6 TYPE OF NET

Epoch 1
-------------------------------
loss: 2.316468  [   64/25000]
loss: 2.315194  [ 6464/25000]
loss: 2.309319  [12864/25000]
loss: 2.310367  [19264/25000]
Test Error: 
 Accuracy: 10.0%, Avg loss: 2.307239 

--------------------
Epoch 3
-------------------------------
loss: 2.283516  [   64/25000]
loss: 2.290113  [ 6464/25000]
loss: 2.288509  [12864/25000]
loss: 2.291076  [19264/25000]
Test Error: 
 Accuracy: 18.5%, Avg loss: 2.288190 


----------- Analysis -----------

TRAINING OF 1 TYPE OF NET

Epoch 1
-------------------------------
loss: 2.352573  [   64/25000]
loss: 2.251001  [ 6464/25000]
loss: 2.242434  [12864/25000]
loss: 2.228813  [19264/25000]
Test Error: 
 Accuracy: 21.7%, Avg loss: 2.220403 

--------------------
TRAINING OF 2 TYPE OF NET

Epoch 1
-------------------------------
loss: 2.326124  [   64/25000]
loss: 2.298527  [ 6464/25000]
loss: 2.279850  [12864/25000]
loss: 2.269563  [19264/25000]
Test Error: 
 Accuracy: 15.3%, Avg loss: 2.277320 

--------------------
TRAINING OF 3 TYPE OF NET

Epoch 1
-------------------------------
loss: 2.363002  [   64/25000]
loss: 2.294583  [ 6464/25000]
loss: 2.291109  [12864/25000]
loss: 2.279217  [19264/25000]
Test Error: 
 Accuracy: 14.5%, Avg loss: 2.287213 

--------------------
TRAINING OF 4 TYPE OF NET

Epoch 1
-------------------------------
loss: 2.281010  [   64/25000]
loss: 2.315316  [ 6464/25000]
loss: 2.284676  [12864/25000]
loss: 2.307221  [19264/25000]
Test Error: 
 Accuracy: 12.3%, Avg loss: 2.299313 

--------------------
TRAINING OF 5 TYPE OF NET

Epoch 1
-------------------------------
loss: 2.305283  [   64/25000]
loss: 2.298835  [ 6464/25000]
loss: 2.308259  [12864/25000]
loss: 2.295916  [19264/25000]
Test Error: 
 Accuracy: 10.4%, Avg loss: 2.301626 

--------------------
TRAINING OF 6 TYPE OF NET

Epoch 1
-------------------------------
loss: 2.303353  [   64/25000]
loss: 2.306219  [ 6464/25000]
loss: 2.308323  [12864/25000]
loss: 2.304204  [19264/25000]
Test Error: 
 Accuracy: 10.3%, Avg loss: 2.304022 

--------------------
Epoch 4
-------------------------------
loss: 2.281197  [   64/25000]
loss: 2.282155  [ 6464/25000]
loss: 2.280980  [12864/25000]
loss: 2.280784  [19264/25000]
Test Error: 
 Accuracy: 19.1%, Avg loss: 2.279782 


----------- Analysis -----------

TRAINING OF 1 TYPE OF NET

Epoch 1
-------------------------------
loss: 2.287403  [   64/25000]
loss: 2.272444  [ 6464/25000]
loss: 2.257599  [12864/25000]
loss: 2.221628  [19264/25000]
Test Error: 
 Accuracy: 21.4%, Avg loss: 2.217807 

--------------------
TRAINING OF 2 TYPE OF NET

Epoch 1
-------------------------------
loss: 2.290590  [   64/25000]
loss: 2.286629  [ 6464/25000]
loss: 2.280318  [12864/25000]
loss: 2.255927  [19264/25000]
Test Error: 
 Accuracy: 19.3%, Avg loss: 2.265824 

--------------------
TRAINING OF 3 TYPE OF NET

Epoch 1
-------------------------------
loss: 2.288927  [   64/25000]
loss: 2.286863  [ 6464/25000]
loss: 2.286672  [12864/25000]
loss: 2.275438  [19264/25000]
Test Error: 
 Accuracy: 17.1%, Avg loss: 2.280971 

--------------------
TRAINING OF 4 TYPE OF NET

Epoch 1
-------------------------------
loss: 2.318050  [   64/25000]
loss: 2.299526  [ 6464/25000]
loss: 2.302870  [12864/25000]
loss: 2.296725  [19264/25000]
Test Error: 
 Accuracy: 11.2%, Avg loss: 2.299680 

--------------------
TRAINING OF 5 TYPE OF NET

Epoch 1
-------------------------------
loss: 2.305343  [   64/25000]
loss: 2.319372  [ 6464/25000]
loss: 2.300608  [12864/25000]
loss: 2.306510  [19264/25000]
Test Error: 
 Accuracy: 9.1%, Avg loss: 2.303988 

--------------------
TRAINING OF 6 TYPE OF NET

Epoch 1
-------------------------------
loss: 2.304016  [   64/25000]
loss: 2.320393  [ 6464/25000]
loss: 2.290697  [12864/25000]
loss: 2.306582  [19264/25000]
Test Error: 
 Accuracy: 9.8%, Avg loss: 2.304359 

--------------------
Epoch 5
-------------------------------
loss: 2.274006  [   64/25000]
loss: 2.271659  [ 6464/25000]
loss: 2.269499  [12864/25000]
loss: 2.266903  [19264/25000]
Test Error: 
 Accuracy: 18.6%, Avg loss: 2.267248 


----------- Analysis -----------

TRAINING OF 1 TYPE OF NET

Epoch 1
-------------------------------
loss: 2.343059  [   64/25000]
loss: 2.263384  [ 6464/25000]
loss: 2.238711  [12864/25000]
loss: 2.193774  [19264/25000]
Test Error: 
 Accuracy: 24.0%, Avg loss: 2.200974 

--------------------
TRAINING OF 2 TYPE OF NET

Epoch 1
-------------------------------
loss: 2.272949  [   64/25000]
loss: 2.274931  [ 6464/25000]
loss: 2.279020  [12864/25000]
loss: 2.253289  [19264/25000]
Test Error: 
 Accuracy: 18.4%, Avg loss: 2.257535 

--------------------
TRAINING OF 3 TYPE OF NET

Epoch 1
-------------------------------
loss: 2.301735  [   64/25000]
loss: 2.286623  [ 6464/25000]
loss: 2.282909  [12864/25000]
loss: 2.268137  [19264/25000]
Test Error: 
 Accuracy: 15.9%, Avg loss: 2.276481 

--------------------
TRAINING OF 4 TYPE OF NET

Epoch 1
-------------------------------
loss: 2.329412  [   64/25000]
loss: 2.297603  [ 6464/25000]
loss: 2.290491  [12864/25000]
loss: 2.283305  [19264/25000]
Test Error: 
 Accuracy: 11.6%, Avg loss: 2.291941 

--------------------
TRAINING OF 5 TYPE OF NET

Epoch 1
-------------------------------
loss: 2.285446  [   64/25000]
loss: 2.308519  [ 6464/25000]
loss: 2.318586  [12864/25000]
loss: 2.303528  [19264/25000]
Test Error: 
 Accuracy: 10.1%, Avg loss: 2.303189 

--------------------
TRAINING OF 6 TYPE OF NET

Epoch 1
-------------------------------
loss: 2.341685  [   64/25000]
loss: 2.314594  [ 6464/25000]
loss: 2.312952  [12864/25000]
loss: 2.284429  [19264/25000]
Test Error: 
 Accuracy: 5.6%, Avg loss: 2.311833 

--------------------
Epoch 6
-------------------------------
loss: 2.260790  [   64/25000]
loss: 2.256097  [ 6464/25000]
loss: 2.251649  [12864/25000]
loss: 2.245182  [19264/25000]
Test Error: 
 Accuracy: 19.9%, Avg loss: 2.246306 


----------- Analysis -----------

TRAINING OF 1 TYPE OF NET

Epoch 1
-------------------------------
loss: 2.297930  [   64/25000]
loss: 2.255703  [ 6464/25000]
loss: 2.237173  [12864/25000]
loss: 2.184200  [19264/25000]
Test Error: 
 Accuracy: 22.3%, Avg loss: 2.190419 

--------------------
TRAINING OF 2 TYPE OF NET

Epoch 1
-------------------------------
loss: 2.297647  [   64/25000]
loss: 2.289535  [ 6464/25000]
loss: 2.270499  [12864/25000]
loss: 2.238450  [19264/25000]
Test Error: 
 Accuracy: 19.4%, Avg loss: 2.247406 

--------------------
TRAINING OF 3 TYPE OF NET

Epoch 1
-------------------------------
loss: 2.404511  [   64/25000]
loss: 2.284429  [ 6464/25000]
loss: 2.274903  [12864/25000]
loss: 2.251017  [19264/25000]
Test Error: 
 Accuracy: 19.0%, Avg loss: 2.259506 

--------------------
TRAINING OF 4 TYPE OF NET

Epoch 1
-------------------------------
loss: 2.306974  [   64/25000]
loss: 2.307393  [ 6464/25000]
loss: 2.282976  [12864/25000]
loss: 2.282589  [19264/25000]
Test Error: 
 Accuracy: 14.9%, Avg loss: 2.287598 

--------------------
TRAINING OF 5 TYPE OF NET

Epoch 1
-------------------------------
loss: 2.305404  [   64/25000]
loss: 2.313902  [ 6464/25000]
loss: 2.297202  [12864/25000]
loss: 2.313365  [19264/25000]
Test Error: 
 Accuracy: 11.3%, Avg loss: 2.301443 

--------------------
TRAINING OF 6 TYPE OF NET

Epoch 1
-------------------------------
loss: 2.329373  [   64/25000]
loss: 2.304259  [ 6464/25000]
loss: 2.307100  [12864/25000]
loss: 2.328819  [19264/25000]
Test Error: 
 Accuracy: 10.0%, Avg loss: 2.309993 

--------------------
Epoch 7
-------------------------------
loss: 2.231827  [   64/25000]
loss: 2.229160  [ 6464/25000]
loss: 2.222805  [12864/25000]
loss: 2.206120  [19264/25000]
Test Error: 
 Accuracy: 20.7%, Avg loss: 2.210236 


----------- Analysis -----------

TRAINING OF 1 TYPE OF NET

Epoch 1
-------------------------------
loss: 2.330402  [   64/25000]
loss: 2.256541  [ 6464/25000]
loss: 2.222222  [12864/25000]
loss: 2.183808  [19264/25000]
Test Error: 
 Accuracy: 22.2%, Avg loss: 2.180609 

--------------------
TRAINING OF 2 TYPE OF NET

Epoch 1
-------------------------------
loss: 2.379593  [   64/25000]
loss: 2.257337  [ 6464/25000]
loss: 2.252246  [12864/25000]
loss: 2.198125  [19264/25000]
Test Error: 
 Accuracy: 18.3%, Avg loss: 2.220297 

--------------------
TRAINING OF 3 TYPE OF NET

Epoch 1
-------------------------------
loss: 2.372403  [   64/25000]
loss: 2.262312  [ 6464/25000]
loss: 2.262326  [12864/25000]
loss: 2.216553  [19264/25000]
Test Error: 
 Accuracy: 16.2%, Avg loss: 2.237442 

--------------------
TRAINING OF 4 TYPE OF NET

Epoch 1
-------------------------------
loss: 2.298801  [   64/25000]
loss: 2.291896  [ 6464/25000]
loss: 2.275996  [12864/25000]
loss: 2.268126  [19264/25000]
Test Error: 
 Accuracy: 16.8%, Avg loss: 2.273880 

--------------------
TRAINING OF 5 TYPE OF NET

Epoch 1
-------------------------------
loss: 2.369670  [   64/25000]
loss: 2.302648  [ 6464/25000]
loss: 2.303236  [12864/25000]
loss: 2.291982  [19264/25000]
Test Error: 
 Accuracy: 10.9%, Avg loss: 2.298895 

--------------------
TRAINING OF 6 TYPE OF NET

Epoch 1
-------------------------------
loss: 2.306859  [   64/25000]
loss: 2.307935  [ 6464/25000]
loss: 2.299788  [12864/25000]
loss: 2.311736  [19264/25000]
Test Error: 
 Accuracy: 9.5%, Avg loss: 2.303405 

--------------------
Epoch 8
-------------------------------
loss: 2.175505  [   64/25000]
loss: 2.183922  [ 6464/25000]
loss: 2.174484  [12864/25000]
loss: 2.141441  [19264/25000]
Test Error: 
 Accuracy: 21.9%, Avg loss: 2.152559 


----------- Analysis -----------

TRAINING OF 1 TYPE OF NET

Epoch 1
-------------------------------
loss: 2.353971  [   64/25000]
loss: 2.235837  [ 6464/25000]
loss: 2.196429  [12864/25000]
loss: 2.156440  [19264/25000]
Test Error: 
 Accuracy: 23.3%, Avg loss: 2.159824 

--------------------
TRAINING OF 2 TYPE OF NET

Epoch 1
-------------------------------
loss: 2.495494  [   64/25000]
loss: 2.268567  [ 6464/25000]
loss: 2.226452  [12864/25000]
loss: 2.186647  [19264/25000]
Test Error: 
 Accuracy: 19.0%, Avg loss: 2.200571 

--------------------
TRAINING OF 3 TYPE OF NET

Epoch 1
-------------------------------
loss: 2.248344  [   64/25000]
loss: 2.247693  [ 6464/25000]
loss: 2.213879  [12864/25000]
loss: 2.162070  [19264/25000]
Test Error: 
 Accuracy: 18.0%, Avg loss: 2.193803 

--------------------
TRAINING OF 4 TYPE OF NET

Epoch 1
-------------------------------
loss: 2.389277  [   64/25000]
loss: 2.290142  [ 6464/25000]
loss: 2.277047  [12864/25000]
loss: 2.252527  [19264/25000]
Test Error: 
 Accuracy: 18.3%, Avg loss: 2.253814 

--------------------
TRAINING OF 5 TYPE OF NET

Epoch 1
-------------------------------
loss: 2.347329  [   64/25000]
loss: 2.302042  [ 6464/25000]
loss: 2.288555  [12864/25000]
loss: 2.280072  [19264/25000]
Test Error: 
 Accuracy: 13.9%, Avg loss: 2.287180 

--------------------
TRAINING OF 6 TYPE OF NET

Epoch 1
-------------------------------
loss: 2.385787  [   64/25000]
loss: 2.273614  [ 6464/25000]
loss: 2.349694  [12864/25000]
loss: 2.275769  [19264/25000]
Test Error: 
 Accuracy: 12.2%, Avg loss: 2.293817 

--------------------
Epoch 9
-------------------------------
loss: 2.089532  [   64/25000]
loss: 2.120867  [ 6464/25000]
loss: 2.091843  [12864/25000]
loss: 2.073441  [19264/25000]
Test Error: 
 Accuracy: 25.8%, Avg loss: 2.088955 


----------- Analysis -----------

TRAINING OF 1 TYPE OF NET

Epoch 1
-------------------------------
loss: 2.300801  [   64/25000]
loss: 2.231003  [ 6464/25000]
loss: 2.183297  [12864/25000]
loss: 2.135577  [19264/25000]
Test Error: 
 Accuracy: 23.3%, Avg loss: 2.146601 

--------------------
TRAINING OF 2 TYPE OF NET

Epoch 1
-------------------------------
loss: 2.404014  [   64/25000]
loss: 2.238248  [ 6464/25000]
loss: 2.200780  [12864/25000]
loss: 2.132223  [19264/25000]
Test Error: 
 Accuracy: 20.1%, Avg loss: 2.168473 

--------------------
TRAINING OF 3 TYPE OF NET

Epoch 1
-------------------------------
loss: 2.318196  [   64/25000]
loss: 2.223989  [ 6464/25000]
loss: 2.157748  [12864/25000]
loss: 2.106170  [19264/25000]
Test Error: 
 Accuracy: 18.5%, Avg loss: 2.157677 

--------------------
TRAINING OF 4 TYPE OF NET

Epoch 1
-------------------------------
loss: 2.288939  [   64/25000]
loss: 2.264236  [ 6464/25000]
loss: 2.235810  [12864/25000]
loss: 2.196645  [19264/25000]
Test Error: 
 Accuracy: 16.7%, Avg loss: 2.214001 

--------------------
TRAINING OF 5 TYPE OF NET

Epoch 1
-------------------------------
loss: 2.327789  [   64/25000]
loss: 2.281566  [ 6464/25000]
loss: 2.265601  [12864/25000]
loss: 2.255662  [19264/25000]
Test Error: 
 Accuracy: 18.3%, Avg loss: 2.261263 

--------------------
TRAINING OF 6 TYPE OF NET

Epoch 1
-------------------------------
loss: 2.233333  [   64/25000]
loss: 2.322176  [ 6464/25000]
loss: 2.292876  [12864/25000]
loss: 2.261281  [19264/25000]
Test Error: 
 Accuracy: 12.7%, Avg loss: 2.278929 

--------------------
Epoch 10
-------------------------------
loss: 2.001874  [   64/25000]
loss: 2.066673  [ 6464/25000]
loss: 1.978983  [12864/25000]
loss: 2.039182  [19264/25000]
Test Error: 
 Accuracy: 27.3%, Avg loss: 2.047562 


----------- Analysis -----------

TRAINING OF 1 TYPE OF NET

Epoch 1
-------------------------------
loss: 2.356686  [   64/25000]
loss: 2.222734  [ 6464/25000]
loss: 2.162355  [12864/25000]
loss: 2.101209  [19264/25000]
Test Error: 
 Accuracy: 24.3%, Avg loss: 2.125771 

--------------------
TRAINING OF 2 TYPE OF NET

Epoch 1
-------------------------------
loss: 2.483237  [   64/25000]
loss: 2.239460  [ 6464/25000]
loss: 2.187695  [12864/25000]
loss: 2.124510  [19264/25000]
Test Error: 
 Accuracy: 19.8%, Avg loss: 2.155812 

--------------------
TRAINING OF 3 TYPE OF NET

Epoch 1
-------------------------------
loss: 2.423868  [   64/25000]
loss: 2.188004  [ 6464/25000]
loss: 2.145410  [12864/25000]
loss: 2.097508  [19264/25000]
Test Error: 
 Accuracy: 20.7%, Avg loss: 2.115659 

--------------------
TRAINING OF 4 TYPE OF NET

Epoch 1
-------------------------------
loss: 2.447196  [   64/25000]
loss: 2.264738  [ 6464/25000]
loss: 2.205094  [12864/25000]
loss: 2.156873  [19264/25000]
Test Error: 
 Accuracy: 20.8%, Avg loss: 2.165058 

--------------------
TRAINING OF 5 TYPE OF NET

Epoch 1
-------------------------------
loss: 2.242871  [   64/25000]
loss: 2.269394  [ 6464/25000]
loss: 2.247056  [12864/25000]
loss: 2.197129  [19264/25000]
Test Error: 
 Accuracy: 18.1%, Avg loss: 2.216645 

--------------------
TRAINING OF 6 TYPE OF NET

Epoch 1
-------------------------------
loss: 2.309619  [   64/25000]
loss: 2.320708  [ 6464/25000]
loss: 2.262203  [12864/25000]
loss: 2.292534  [19264/25000]
Test Error: 
 Accuracy: 15.5%, Avg loss: 2.260381 

--------------------
Epoch 11
-------------------------------
loss: 1.931364  [   64/25000]
loss: 2.038692  [ 6464/25000]
loss: 1.890079  [12864/25000]
loss: 2.043723  [19264/25000]
Test Error: 
 Accuracy: 27.4%, Avg loss: 2.037880 


----------- Analysis -----------

TRAINING OF 1 TYPE OF NET

Epoch 1
-------------------------------
loss: 2.289912  [   64/25000]
loss: 2.208629  [ 6464/25000]
loss: 2.154207  [12864/25000]
loss: 2.106904  [19264/25000]
Test Error: 
 Accuracy: 25.0%, Avg loss: 2.108780 

--------------------
TRAINING OF 2 TYPE OF NET

Epoch 1
-------------------------------
loss: 2.390014  [   64/25000]
loss: 2.238857  [ 6464/25000]
loss: 2.187755  [12864/25000]
loss: 2.103229  [19264/25000]
Test Error: 
 Accuracy: 21.2%, Avg loss: 2.140898 

--------------------
TRAINING OF 3 TYPE OF NET

Epoch 1
-------------------------------
loss: 2.452724  [   64/25000]
loss: 2.190522  [ 6464/25000]
loss: 2.097758  [12864/25000]
loss: 2.030366  [19264/25000]
Test Error: 
 Accuracy: 21.7%, Avg loss: 2.093910 

--------------------
TRAINING OF 4 TYPE OF NET

Epoch 1
-------------------------------
loss: 2.204361  [   64/25000]
loss: 2.245691  [ 6464/25000]
loss: 2.169428  [12864/25000]
loss: 2.128748  [19264/25000]
Test Error: 
 Accuracy: 21.2%, Avg loss: 2.129560 

--------------------
TRAINING OF 5 TYPE OF NET

Epoch 1
-------------------------------
loss: 2.527636  [   64/25000]
loss: 2.257652  [ 6464/25000]
loss: 2.201754  [12864/25000]
loss: 2.201714  [19264/25000]
Test Error: 
 Accuracy: 19.0%, Avg loss: 2.191917 

--------------------
TRAINING OF 6 TYPE OF NET

Epoch 1
-------------------------------
loss: 2.292856  [   64/25000]
loss: 2.323272  [ 6464/25000]
loss: 2.241749  [12864/25000]
loss: 2.210896  [19264/25000]
Test Error: 
 Accuracy: 12.8%, Avg loss: 2.222663 

--------------------
Epoch 12
-------------------------------
loss: 1.881031  [   64/25000]
loss: 2.014883  [ 6464/25000]
loss: 1.847950  [12864/25000]
loss: 2.038180  [19264/25000]
Test Error: 
 Accuracy: 27.8%, Avg loss: 2.032958 


----------- Analysis -----------

TRAINING OF 1 TYPE OF NET

Epoch 1
-------------------------------
loss: 2.382228  [   64/25000]
loss: 2.193764  [ 6464/25000]
loss: 2.146609  [12864/25000]
loss: 2.107277  [19264/25000]
Test Error: 
 Accuracy: 25.4%, Avg loss: 2.102985 

--------------------
TRAINING OF 2 TYPE OF NET

Epoch 1
-------------------------------
loss: 2.517997  [   64/25000]
loss: 2.233154  [ 6464/25000]
loss: 2.152572  [12864/25000]
loss: 2.107405  [19264/25000]
Test Error: 
 Accuracy: 21.8%, Avg loss: 2.126294 

--------------------
TRAINING OF 3 TYPE OF NET

Epoch 1
-------------------------------
loss: 2.706541  [   64/25000]
loss: 2.180046  [ 6464/25000]
loss: 2.058297  [12864/25000]
loss: 2.028820  [19264/25000]
Test Error: 
 Accuracy: 22.3%, Avg loss: 2.074356 

--------------------
TRAINING OF 4 TYPE OF NET

Epoch 1
-------------------------------
loss: 2.435409  [   64/25000]
loss: 2.261537  [ 6464/25000]
loss: 2.151574  [12864/25000]
loss: 2.108283  [19264/25000]
Test Error: 
 Accuracy: 22.3%, Avg loss: 2.113751 

--------------------
TRAINING OF 5 TYPE OF NET

Epoch 1
-------------------------------
loss: 2.348393  [   64/25000]
loss: 2.262760  [ 6464/25000]
loss: 2.180210  [12864/25000]
loss: 2.158287  [19264/25000]
Test Error: 
 Accuracy: 21.3%, Avg loss: 2.167495 

--------------------
TRAINING OF 6 TYPE OF NET

Epoch 1
-------------------------------
loss: 2.476594  [   64/25000]
loss: 2.313227  [ 6464/25000]
loss: 2.223960  [12864/25000]
loss: 2.222048  [19264/25000]
Test Error: 
 Accuracy: 20.2%, Avg loss: 2.219555 

--------------------
Epoch 13
-------------------------------
loss: 1.845689  [   64/25000]
loss: 1.989559  [ 6464/25000]
loss: 1.825832  [12864/25000]
loss: 2.027567  [19264/25000]
Test Error: 
 Accuracy: 28.7%, Avg loss: 2.014730 


----------- Analysis -----------

TRAINING OF 1 TYPE OF NET

Epoch 1
-------------------------------
loss: 2.291006  [   64/25000]
loss: 2.200832  [ 6464/25000]
loss: 2.123613  [12864/25000]
loss: 2.110220  [19264/25000]
Test Error: 
 Accuracy: 24.1%, Avg loss: 2.100847 

--------------------
TRAINING OF 2 TYPE OF NET

Epoch 1
-------------------------------
loss: 2.265716  [   64/25000]
loss: 2.180030  [ 6464/25000]
loss: 2.136985  [12864/25000]
loss: 2.073358  [19264/25000]
Test Error: 
 Accuracy: 22.7%, Avg loss: 2.098416 

--------------------
TRAINING OF 3 TYPE OF NET

Epoch 1
-------------------------------
loss: 2.374195  [   64/25000]
loss: 2.151707  [ 6464/25000]
loss: 2.073999  [12864/25000]
loss: 2.015220  [19264/25000]
Test Error: 
 Accuracy: 22.2%, Avg loss: 2.073059 

--------------------
TRAINING OF 4 TYPE OF NET

Epoch 1
-------------------------------
loss: 2.559890  [   64/25000]
loss: 2.218761  [ 6464/25000]
loss: 2.123683  [12864/25000]
loss: 2.084698  [19264/25000]
Test Error: 
 Accuracy: 23.0%, Avg loss: 2.097993 

--------------------
TRAINING OF 5 TYPE OF NET

Epoch 1
-------------------------------
loss: 2.513643  [   64/25000]
loss: 2.248385  [ 6464/25000]
loss: 2.206892  [12864/25000]
loss: 2.173769  [19264/25000]
Test Error: 
 Accuracy: 21.4%, Avg loss: 2.161381 

--------------------
TRAINING OF 6 TYPE OF NET

Epoch 1
-------------------------------
loss: 2.411494  [   64/25000]
loss: 2.249158  [ 6464/25000]
loss: 2.248752  [12864/25000]
loss: 2.222040  [19264/25000]
Test Error: 
 Accuracy: 18.9%, Avg loss: 2.210521 

--------------------
Epoch 14
-------------------------------
loss: 1.813889  [   64/25000]
loss: 1.970053  [ 6464/25000]
loss: 1.805696  [12864/25000]
loss: 2.010372  [19264/25000]
Test Error: 
 Accuracy: 29.2%, Avg loss: 1.994892 


----------- Analysis -----------

TRAINING OF 1 TYPE OF NET

Epoch 1
-------------------------------
loss: 2.302240  [   64/25000]
loss: 2.211230  [ 6464/25000]
loss: 2.137372  [12864/25000]
loss: 2.090615  [19264/25000]
Test Error: 
 Accuracy: 25.2%, Avg loss: 2.092988 

--------------------
TRAINING OF 2 TYPE OF NET

Epoch 1
-------------------------------
loss: 2.382621  [   64/25000]
loss: 2.201049  [ 6464/25000]
loss: 2.148428  [12864/25000]
loss: 2.071179  [19264/25000]
Test Error: 
 Accuracy: 22.9%, Avg loss: 2.099829 

--------------------
TRAINING OF 3 TYPE OF NET

Epoch 1
-------------------------------
loss: 2.348196  [   64/25000]
loss: 2.194174  [ 6464/25000]
loss: 2.060956  [12864/25000]
loss: 2.008409  [19264/25000]
Test Error: 
 Accuracy: 22.8%, Avg loss: 2.065785 

--------------------
TRAINING OF 4 TYPE OF NET

Epoch 1
-------------------------------
loss: 2.400080  [   64/25000]
loss: 2.214553  [ 6464/25000]
loss: 2.121555  [12864/25000]
loss: 2.102616  [19264/25000]
Test Error: 
 Accuracy: 23.7%, Avg loss: 2.085871 

--------------------
TRAINING OF 5 TYPE OF NET

Epoch 1
-------------------------------
loss: 2.408963  [   64/25000]
loss: 2.262223  [ 6464/25000]
loss: 2.184940  [12864/25000]
loss: 2.147839  [19264/25000]
Test Error: 
 Accuracy: 25.3%, Avg loss: 2.150253 

--------------------
TRAINING OF 6 TYPE OF NET

Epoch 1
-------------------------------
loss: 2.656017  [   64/25000]
loss: 2.312537  [ 6464/25000]
loss: 2.274549  [12864/25000]
loss: 2.209289  [19264/25000]
Test Error: 
 Accuracy: 18.4%, Avg loss: 2.219649 

--------------------
Epoch 15
-------------------------------
loss: 1.788347  [   64/25000]
loss: 1.950842  [ 6464/25000]
loss: 1.786723  [12864/25000]
loss: 1.995926  [19264/25000]
Test Error: 
 Accuracy: 29.4%, Avg loss: 1.987588 


----------- Analysis -----------

TRAINING OF 1 TYPE OF NET

Epoch 1
-------------------------------
loss: 2.308791  [   64/25000]
loss: 2.232510  [ 6464/25000]
loss: 2.145242  [12864/25000]
loss: 2.077181  [19264/25000]
Test Error: 
 Accuracy: 26.0%, Avg loss: 2.090845 

--------------------
TRAINING OF 2 TYPE OF NET

Epoch 1
-------------------------------
loss: 2.410514  [   64/25000]
loss: 2.211899  [ 6464/25000]
loss: 2.103069  [12864/25000]
loss: 2.051800  [19264/25000]
Test Error: 
 Accuracy: 22.2%, Avg loss: 2.094982 

--------------------
TRAINING OF 3 TYPE OF NET

Epoch 1
-------------------------------
loss: 2.567724  [   64/25000]
loss: 2.169268  [ 6464/25000]
loss: 2.038460  [12864/25000]
loss: 2.002165  [19264/25000]
Test Error: 
 Accuracy: 22.5%, Avg loss: 2.065933 

--------------------
TRAINING OF 4 TYPE OF NET

Epoch 1
-------------------------------
loss: 2.433999  [   64/25000]
loss: 2.170038  [ 6464/25000]
loss: 2.100141  [12864/25000]
loss: 2.065954  [19264/25000]
Test Error: 
 Accuracy: 24.7%, Avg loss: 2.072401 

--------------------
TRAINING OF 5 TYPE OF NET

Epoch 1
-------------------------------
loss: 2.447093  [   64/25000]
loss: 2.284348  [ 6464/25000]
loss: 2.183344  [12864/25000]
loss: 2.153887  [19264/25000]
Test Error: 
 Accuracy: 22.9%, Avg loss: 2.141692 

--------------------
TRAINING OF 6 TYPE OF NET

Epoch 1
-------------------------------
loss: 2.654871  [   64/25000]
loss: 2.265548  [ 6464/25000]
loss: 2.205168  [12864/25000]
loss: 2.192572  [19264/25000]
Test Error: 
 Accuracy: 19.9%, Avg loss: 2.194565 

--------------------
Epoch 16
-------------------------------
loss: 1.770307  [   64/25000]
loss: 1.933073  [ 6464/25000]
loss: 1.767411  [12864/25000]
loss: 1.973490  [19264/25000]
Test Error: 
 Accuracy: 29.7%, Avg loss: 1.974464 


----------- Analysis -----------

TRAINING OF 1 TYPE OF NET

Epoch 1
-------------------------------
loss: 2.473462  [   64/25000]
loss: 2.191661  [ 6464/25000]
loss: 2.135211  [12864/25000]
loss: 2.086433  [19264/25000]
Test Error: 
 Accuracy: 24.8%, Avg loss: 2.095448 

--------------------
TRAINING OF 2 TYPE OF NET

Epoch 1
-------------------------------
loss: 2.813136  [   64/25000]
loss: 2.210734  [ 6464/25000]
loss: 2.131353  [12864/25000]
loss: 2.059969  [19264/25000]
Test Error: 
 Accuracy: 22.4%, Avg loss: 2.091344 

--------------------
TRAINING OF 3 TYPE OF NET

Epoch 1
-------------------------------
loss: 2.937266  [   64/25000]
loss: 2.155207  [ 6464/25000]
loss: 2.038469  [12864/25000]
loss: 1.989061  [19264/25000]
Test Error: 
 Accuracy: 22.5%, Avg loss: 2.065629 

--------------------
TRAINING OF 4 TYPE OF NET

Epoch 1
-------------------------------
loss: 2.437225  [   64/25000]
loss: 2.203637  [ 6464/25000]
loss: 2.043330  [12864/25000]
loss: 2.027755  [19264/25000]
Test Error: 
 Accuracy: 23.2%, Avg loss: 2.061884 

--------------------
TRAINING OF 5 TYPE OF NET

Epoch 1
-------------------------------
loss: 2.601857  [   64/25000]
loss: 2.235149  [ 6464/25000]
loss: 2.152836  [12864/25000]
loss: 2.106545  [19264/25000]
Test Error: 
 Accuracy: 24.2%, Avg loss: 2.123003 

--------------------
TRAINING OF 6 TYPE OF NET

Epoch 1
-------------------------------
loss: 2.499545  [   64/25000]
loss: 2.386285  [ 6464/25000]
loss: 2.261633  [12864/25000]
loss: 2.254514  [19264/25000]
Test Error: 
 Accuracy: 16.0%, Avg loss: 2.235474 

--------------------
Epoch 17
-------------------------------
loss: 1.750141  [   64/25000]
loss: 1.913849  [ 6464/25000]
loss: 1.755344  [12864/25000]
loss: 1.959428  [19264/25000]
Test Error: 
 Accuracy: 30.1%, Avg loss: 1.964986 


----------- Analysis -----------

TRAINING OF 1 TYPE OF NET

Epoch 1
-------------------------------
loss: 2.293790  [   64/25000]
loss: 2.163871  [ 6464/25000]
loss: 2.125906  [12864/25000]
loss: 2.067434  [19264/25000]
Test Error: 
 Accuracy: 24.7%, Avg loss: 2.089918 

--------------------
TRAINING OF 2 TYPE OF NET

Epoch 1
-------------------------------
loss: 2.452230  [   64/25000]
loss: 2.175209  [ 6464/25000]
loss: 2.148726  [12864/25000]
loss: 2.040396  [19264/25000]
Test Error: 
 Accuracy: 22.4%, Avg loss: 2.093737 

--------------------
TRAINING OF 3 TYPE OF NET

Epoch 1
-------------------------------
loss: 2.269374  [   64/25000]
loss: 2.116092  [ 6464/25000]
loss: 2.026028  [12864/25000]
loss: 1.968882  [19264/25000]
Test Error: 
 Accuracy: 24.1%, Avg loss: 2.048388 

--------------------
TRAINING OF 4 TYPE OF NET

Epoch 1
-------------------------------
loss: 2.783279  [   64/25000]
loss: 2.171774  [ 6464/25000]
loss: 2.039158  [12864/25000]
loss: 2.039326  [19264/25000]
Test Error: 
 Accuracy: 24.3%, Avg loss: 2.050685 

--------------------
TRAINING OF 5 TYPE OF NET

Epoch 1
-------------------------------
loss: 2.635644  [   64/25000]
loss: 2.255648  [ 6464/25000]
loss: 2.168693  [12864/25000]
loss: 2.126698  [19264/25000]
Test Error: 
 Accuracy: 24.0%, Avg loss: 2.127514 

--------------------
TRAINING OF 6 TYPE OF NET

Epoch 1
-------------------------------
loss: 2.619190  [   64/25000]
loss: 2.271587  [ 6464/25000]
loss: 2.255106  [12864/25000]
loss: 2.286193  [19264/25000]
Test Error: 
 Accuracy: 19.0%, Avg loss: 2.224370 

--------------------
Epoch 18
-------------------------------
loss: 1.734475  [   64/25000]
loss: 1.897785  [ 6464/25000]
loss: 1.739307  [12864/25000]
loss: 1.946223  [19264/25000]
Test Error: 
 Accuracy: 30.4%, Avg loss: 1.954848 


----------- Analysis -----------

TRAINING OF 1 TYPE OF NET

Epoch 1
-------------------------------
loss: 2.245349  [   64/25000]
loss: 2.161368  [ 6464/25000]
loss: 2.126590  [12864/25000]
loss: 2.054180  [19264/25000]
Test Error: 
 Accuracy: 25.6%, Avg loss: 2.081400 

--------------------
TRAINING OF 2 TYPE OF NET

Epoch 1
-------------------------------
loss: 2.473355  [   64/25000]
loss: 2.154027  [ 6464/25000]
loss: 2.079683  [12864/25000]
loss: 2.043236  [19264/25000]
Test Error: 
 Accuracy: 23.5%, Avg loss: 2.081272 

--------------------
TRAINING OF 3 TYPE OF NET

Epoch 1
-------------------------------
loss: 2.855520  [   64/25000]
loss: 2.131470  [ 6464/25000]
loss: 2.024518  [12864/25000]
loss: 1.963744  [19264/25000]
Test Error: 
 Accuracy: 23.2%, Avg loss: 2.054575 

--------------------
TRAINING OF 4 TYPE OF NET

Epoch 1
-------------------------------
loss: 2.514486  [   64/25000]
loss: 2.187386  [ 6464/25000]
loss: 2.029042  [12864/25000]
loss: 2.022156  [19264/25000]
Test Error: 
 Accuracy: 24.8%, Avg loss: 2.038433 

--------------------
TRAINING OF 5 TYPE OF NET

Epoch 1
-------------------------------
loss: 2.416374  [   64/25000]
loss: 2.227998  [ 6464/25000]
loss: 2.159987  [12864/25000]
loss: 2.132335  [19264/25000]
Test Error: 
 Accuracy: 22.5%, Avg loss: 2.112218 

--------------------
TRAINING OF 6 TYPE OF NET

Epoch 1
-------------------------------
loss: 2.633027  [   64/25000]
loss: 2.315948  [ 6464/25000]
loss: 2.203599  [12864/25000]
loss: 2.194223  [19264/25000]
Test Error: 
 Accuracy: 16.9%, Avg loss: 2.199976 

--------------------
Epoch 19
-------------------------------
loss: 1.718485  [   64/25000]
loss: 1.877952  [ 6464/25000]
loss: 1.727732  [12864/25000]
loss: 1.930721  [19264/25000]
Test Error: 
 Accuracy: 31.5%, Avg loss: 1.933334 


----------- Analysis -----------

TRAINING OF 1 TYPE OF NET

Epoch 1
-------------------------------
loss: 2.268574  [   64/25000]
loss: 2.154229  [ 6464/25000]
loss: 2.100708  [12864/25000]
loss: 2.062334  [19264/25000]
Test Error: 
 Accuracy: 24.9%, Avg loss: 2.079711 

--------------------
TRAINING OF 2 TYPE OF NET

Epoch 1
-------------------------------
loss: 2.375791  [   64/25000]
loss: 2.168132  [ 6464/25000]
loss: 2.112446  [12864/25000]
loss: 2.004777  [19264/25000]
Test Error: 
 Accuracy: 23.3%, Avg loss: 2.077466 

--------------------
TRAINING OF 3 TYPE OF NET

Epoch 1
-------------------------------
loss: 2.562711  [   64/25000]
loss: 2.091236  [ 6464/25000]
loss: 2.006953  [12864/25000]
loss: 1.950076  [19264/25000]
Test Error: 
 Accuracy: 23.7%, Avg loss: 2.049471 

--------------------
TRAINING OF 4 TYPE OF NET

Epoch 1
-------------------------------
loss: 2.507475  [   64/25000]
loss: 2.164893  [ 6464/25000]
loss: 2.042725  [12864/25000]
loss: 1.977740  [19264/25000]
Test Error: 
 Accuracy: 24.6%, Avg loss: 2.033873 

--------------------
TRAINING OF 5 TYPE OF NET

Epoch 1
-------------------------------
loss: 2.564593  [   64/25000]
loss: 2.212657  [ 6464/25000]
loss: 2.151765  [12864/25000]
loss: 2.080891  [19264/25000]
Test Error: 
 Accuracy: 23.6%, Avg loss: 2.097385 

--------------------
TRAINING OF 6 TYPE OF NET

Epoch 1
-------------------------------
loss: 2.940672  [   64/25000]
loss: 2.296439  [ 6464/25000]
loss: 2.241258  [12864/25000]
loss: 2.165351  [19264/25000]
Test Error: 
 Accuracy: 22.4%, Avg loss: 2.189118 

--------------------
Epoch 20
-------------------------------
loss: 1.700628  [   64/25000]
loss: 1.861501  [ 6464/25000]
loss: 1.712145  [12864/25000]
loss: 1.910942  [19264/25000]
Test Error: 
 Accuracy: 31.8%, Avg loss: 1.920541 


----------- Analysis -----------

TRAINING OF 1 TYPE OF NET

Epoch 1
-------------------------------
loss: 2.366805  [   64/25000]
loss: 2.185623  [ 6464/25000]
loss: 2.113740  [12864/25000]
loss: 2.071508  [19264/25000]
Test Error: 
 Accuracy: 25.1%, Avg loss: 2.079237 

--------------------
TRAINING OF 2 TYPE OF NET

Epoch 1
-------------------------------
loss: 2.558555  [   64/25000]
loss: 2.154571  [ 6464/25000]
loss: 2.082826  [12864/25000]
loss: 2.030261  [19264/25000]
Test Error: 
 Accuracy: 23.2%, Avg loss: 2.072190 

--------------------
TRAINING OF 3 TYPE OF NET

Epoch 1
-------------------------------
loss: 2.392410  [   64/25000]
loss: 2.108881  [ 6464/25000]
loss: 2.001012  [12864/25000]
loss: 1.946118  [19264/25000]
Test Error: 
 Accuracy: 24.2%, Avg loss: 2.045332 

--------------------
TRAINING OF 4 TYPE OF NET

Epoch 1
-------------------------------
loss: 2.384606  [   64/25000]
loss: 2.161008  [ 6464/25000]
loss: 2.043962  [12864/25000]
loss: 1.991739  [19264/25000]
Test Error: 
 Accuracy: 24.3%, Avg loss: 2.031844 

--------------------
TRAINING OF 5 TYPE OF NET

Epoch 1
-------------------------------
loss: 2.473132  [   64/25000]
loss: 2.236495  [ 6464/25000]
loss: 2.097672  [12864/25000]
loss: 2.065504  [19264/25000]
Test Error: 
 Accuracy: 24.3%, Avg loss: 2.081096 

--------------------
TRAINING OF 6 TYPE OF NET

Epoch 1
-------------------------------
loss: 2.900427  [   64/25000]
loss: 2.275566  [ 6464/25000]
loss: 2.267206  [12864/25000]
loss: 2.207639  [19264/25000]
Test Error: 
 Accuracy: 14.5%, Avg loss: 2.215670 

--------------------
Epoch 21
-------------------------------
loss: 1.682340  [   64/25000]
loss: 1.845057  [ 6464/25000]
loss: 1.696035  [12864/25000]
loss: 1.897048  [19264/25000]
Test Error: 
 Accuracy: 32.1%, Avg loss: 1.911806 


----------- Analysis -----------

TRAINING OF 1 TYPE OF NET

Epoch 1
-------------------------------
loss: 2.457633  [   64/25000]
loss: 2.148084  [ 6464/25000]
loss: 2.103070  [12864/25000]
loss: 2.060028  [19264/25000]
Test Error: 
 Accuracy: 24.4%, Avg loss: 2.069952 

--------------------
TRAINING OF 2 TYPE OF NET

Epoch 1
-------------------------------
loss: 2.454174  [   64/25000]
loss: 2.123315  [ 6464/25000]
loss: 2.094603  [12864/25000]
loss: 2.039972  [19264/25000]
Test Error: 
 Accuracy: 22.9%, Avg loss: 2.070068 

--------------------
TRAINING OF 3 TYPE OF NET

Epoch 1
-------------------------------
loss: 2.412387  [   64/25000]
loss: 2.111028  [ 6464/25000]
loss: 1.991234  [12864/25000]
loss: 1.935396  [19264/25000]
Test Error: 
 Accuracy: 24.4%, Avg loss: 2.043608 

--------------------
TRAINING OF 4 TYPE OF NET

Epoch 1
-------------------------------
loss: 2.635128  [   64/25000]
loss: 2.165711  [ 6464/25000]
loss: 2.016961  [12864/25000]
loss: 1.974548  [19264/25000]
Test Error: 
 Accuracy: 25.5%, Avg loss: 2.016557 

--------------------
TRAINING OF 5 TYPE OF NET

Epoch 1
-------------------------------
loss: 2.664071  [   64/25000]
loss: 2.242394  [ 6464/25000]
loss: 2.107591  [12864/25000]
loss: 2.066900  [19264/25000]
Test Error: 
 Accuracy: 24.7%, Avg loss: 2.078948 

--------------------
TRAINING OF 6 TYPE OF NET

Epoch 1
-------------------------------
loss: 2.708940  [   64/25000]
loss: 2.313285  [ 6464/25000]
loss: 2.214595  [12864/25000]
loss: 2.165579  [19264/25000]
Test Error: 
 Accuracy: 20.2%, Avg loss: 2.172521 

--------------------
Epoch 22
-------------------------------
loss: 1.670347  [   64/25000]
loss: 1.831948  [ 6464/25000]
loss: 1.678312  [12864/25000]
loss: 1.866698  [19264/25000]
Test Error: 
 Accuracy: 32.5%, Avg loss: 1.898559 


----------- Analysis -----------

TRAINING OF 1 TYPE OF NET

Epoch 1
-------------------------------
loss: 2.259134  [   64/25000]
loss: 2.109130  [ 6464/25000]
loss: 2.118095  [12864/25000]
loss: 2.033786  [19264/25000]
Test Error: 
 Accuracy: 25.3%, Avg loss: 2.068203 

--------------------
TRAINING OF 2 TYPE OF NET

Epoch 1
-------------------------------
loss: 2.333102  [   64/25000]
loss: 2.154261  [ 6464/25000]
loss: 2.084889  [12864/25000]
loss: 2.019101  [19264/25000]
Test Error: 
 Accuracy: 22.7%, Avg loss: 2.073089 

--------------------
TRAINING OF 3 TYPE OF NET

Epoch 1
-------------------------------
loss: 2.640734  [   64/25000]
loss: 2.104305  [ 6464/25000]
loss: 1.983151  [12864/25000]
loss: 1.929837  [19264/25000]
Test Error: 
 Accuracy: 24.7%, Avg loss: 2.045302 

--------------------
TRAINING OF 4 TYPE OF NET

Epoch 1
-------------------------------
loss: 2.655819  [   64/25000]
loss: 2.122781  [ 6464/25000]
loss: 1.988853  [12864/25000]
loss: 1.978897  [19264/25000]
Test Error: 
 Accuracy: 25.7%, Avg loss: 2.013069 

--------------------
TRAINING OF 5 TYPE OF NET

Epoch 1
-------------------------------
loss: 2.687095  [   64/25000]
loss: 2.236733  [ 6464/25000]
loss: 2.084610  [12864/25000]
loss: 2.091468  [19264/25000]
Test Error: 
 Accuracy: 24.9%, Avg loss: 2.063145 

--------------------
TRAINING OF 6 TYPE OF NET

Epoch 1
-------------------------------
loss: 2.634789  [   64/25000]
loss: 2.343168  [ 6464/25000]
loss: 2.188325  [12864/25000]
loss: 2.211187  [19264/25000]
Test Error: 
 Accuracy: 23.4%, Avg loss: 2.175038 

--------------------
Epoch 23
-------------------------------
loss: 1.654943  [   64/25000]
loss: 1.816729  [ 6464/25000]
loss: 1.664110  [12864/25000]
loss: 1.852765  [19264/25000]
Test Error: 
 Accuracy: 33.2%, Avg loss: 1.880141 


----------- Analysis -----------

TRAINING OF 1 TYPE OF NET

Epoch 1
-------------------------------
loss: 2.486976  [   64/25000]
loss: 2.172253  [ 6464/25000]
loss: 2.102439  [12864/25000]
loss: 2.051662  [19264/25000]
Test Error: 
 Accuracy: 24.6%, Avg loss: 2.071678 

--------------------
TRAINING OF 2 TYPE OF NET

Epoch 1
-------------------------------
loss: 2.596515  [   64/25000]
loss: 2.129316  [ 6464/25000]
loss: 2.097016  [12864/25000]
loss: 2.009265  [19264/25000]
Test Error: 
 Accuracy: 22.2%, Avg loss: 2.066233 

--------------------
TRAINING OF 3 TYPE OF NET

Epoch 1
-------------------------------
loss: 2.962838  [   64/25000]
loss: 2.069833  [ 6464/25000]
loss: 1.973622  [12864/25000]
loss: 1.906152  [19264/25000]
Test Error: 
 Accuracy: 25.3%, Avg loss: 2.039952 

--------------------
TRAINING OF 4 TYPE OF NET

Epoch 1
-------------------------------
loss: 2.957490  [   64/25000]
loss: 2.184385  [ 6464/25000]
loss: 2.020692  [12864/25000]
loss: 1.981834  [19264/25000]
Test Error: 
 Accuracy: 25.4%, Avg loss: 2.015013 

--------------------
TRAINING OF 5 TYPE OF NET

Epoch 1
-------------------------------
loss: 2.610430  [   64/25000]
loss: 2.215435  [ 6464/25000]
loss: 2.137347  [12864/25000]
loss: 2.054142  [19264/25000]
Test Error: 
 Accuracy: 25.8%, Avg loss: 2.063612 

--------------------
TRAINING OF 6 TYPE OF NET

Epoch 1
-------------------------------
loss: 2.889280  [   64/25000]
loss: 2.304985  [ 6464/25000]
loss: 2.245623  [12864/25000]
loss: 2.171325  [19264/25000]
Test Error: 
 Accuracy: 16.6%, Avg loss: 2.181405 

--------------------
Epoch 24
-------------------------------
loss: 1.636313  [   64/25000]
loss: 1.801781  [ 6464/25000]
loss: 1.648145  [12864/25000]
loss: 1.837170  [19264/25000]
Test Error: 
 Accuracy: 33.8%, Avg loss: 1.864226 


----------- Analysis -----------

TRAINING OF 1 TYPE OF NET

Epoch 1
-------------------------------
loss: 2.355002  [   64/25000]
loss: 2.147066  [ 6464/25000]
loss: 2.102365  [12864/25000]
loss: 2.036827  [19264/25000]
Test Error: 
 Accuracy: 25.1%, Avg loss: 2.062202 

--------------------
TRAINING OF 2 TYPE OF NET

Epoch 1
-------------------------------
loss: 2.593727  [   64/25000]
loss: 2.113420  [ 6464/25000]
loss: 2.056703  [12864/25000]
loss: 1.985380  [19264/25000]
Test Error: 
 Accuracy: 24.0%, Avg loss: 2.054446 

--------------------
TRAINING OF 3 TYPE OF NET

Epoch 1
-------------------------------
loss: 3.318871  [   64/25000]
loss: 2.072529  [ 6464/25000]
loss: 1.984011  [12864/25000]
loss: 1.929656  [19264/25000]
Test Error: 
 Accuracy: 25.8%, Avg loss: 2.033915 

--------------------
TRAINING OF 4 TYPE OF NET

Epoch 1
-------------------------------
loss: 2.941829  [   64/25000]
loss: 2.110582  [ 6464/25000]
loss: 1.960786  [12864/25000]
loss: 1.942295  [19264/25000]
Test Error: 
 Accuracy: 26.1%, Avg loss: 2.004110 

--------------------
TRAINING OF 5 TYPE OF NET

Epoch 1
-------------------------------
loss: 2.489913  [   64/25000]
loss: 2.231072  [ 6464/25000]
loss: 2.085484  [12864/25000]
loss: 2.046865  [19264/25000]
Test Error: 
 Accuracy: 26.1%, Avg loss: 2.054507 

--------------------
TRAINING OF 6 TYPE OF NET

Epoch 1
-------------------------------
loss: 2.500259  [   64/25000]
loss: 2.288086  [ 6464/25000]
loss: 2.236681  [12864/25000]
loss: 2.197070  [19264/25000]
Test Error: 
 Accuracy: 21.0%, Avg loss: 2.169221 

--------------------
Epoch 25
-------------------------------
loss: 1.619253  [   64/25000]
loss: 1.791409  [ 6464/25000]
loss: 1.636583  [12864/25000]
loss: 1.817232  [19264/25000]
Test Error: 
 Accuracy: 34.3%, Avg loss: 1.851667 


----------- Analysis -----------

TRAINING OF 1 TYPE OF NET

Epoch 1
-------------------------------
loss: 2.330294  [   64/25000]
loss: 2.162703  [ 6464/25000]
loss: 2.102092  [12864/25000]
loss: 2.032666  [19264/25000]
Test Error: 
 Accuracy: 24.5%, Avg loss: 2.065048 

--------------------
TRAINING OF 2 TYPE OF NET

Epoch 1
-------------------------------
loss: 2.255683  [   64/25000]
loss: 2.136534  [ 6464/25000]
loss: 2.060168  [12864/25000]
loss: 1.976070  [19264/25000]
Test Error: 
 Accuracy: 23.4%, Avg loss: 2.058270 

--------------------
TRAINING OF 3 TYPE OF NET

Epoch 1
-------------------------------
loss: 2.923670  [   64/25000]
loss: 2.088228  [ 6464/25000]
loss: 1.988687  [12864/25000]
loss: 1.899098  [19264/25000]
Test Error: 
 Accuracy: 25.4%, Avg loss: 2.042214 

--------------------
TRAINING OF 4 TYPE OF NET

Epoch 1
-------------------------------
loss: 2.681426  [   64/25000]
loss: 2.134550  [ 6464/25000]
loss: 1.957838  [12864/25000]
loss: 1.923850  [19264/25000]
Test Error: 
 Accuracy: 26.8%, Avg loss: 1.992420 

--------------------
TRAINING OF 5 TYPE OF NET

Epoch 1
-------------------------------
loss: 2.825187  [   64/25000]
loss: 2.191130  [ 6464/25000]
loss: 2.032944  [12864/25000]
loss: 1.997686  [19264/25000]
Test Error: 
 Accuracy: 25.9%, Avg loss: 2.036607 

--------------------
TRAINING OF 6 TYPE OF NET

Epoch 1
-------------------------------
loss: 2.753572  [   64/25000]
loss: 2.269794  [ 6464/25000]
loss: 2.219235  [12864/25000]
loss: 2.148176  [19264/25000]
Test Error: 
 Accuracy: 20.8%, Avg loss: 2.152212 

--------------------
Epoch 26
-------------------------------
loss: 1.605941  [   64/25000]
loss: 1.778793  [ 6464/25000]
loss: 1.627032  [12864/25000]
loss: 1.801713  [19264/25000]
Test Error: 
 Accuracy: 35.1%, Avg loss: 1.836262 


----------- Analysis -----------

TRAINING OF 1 TYPE OF NET

Epoch 1
-------------------------------
loss: 2.275424  [   64/25000]
loss: 2.157362  [ 6464/25000]
loss: 2.105382  [12864/25000]
loss: 2.036777  [19264/25000]
Test Error: 
 Accuracy: 25.3%, Avg loss: 2.060763 

--------------------
TRAINING OF 2 TYPE OF NET

Epoch 1
-------------------------------
loss: 2.661637  [   64/25000]
loss: 2.120381  [ 6464/25000]
loss: 2.054291  [12864/25000]
loss: 2.013975  [19264/25000]
Test Error: 
 Accuracy: 23.6%, Avg loss: 2.054066 

--------------------
TRAINING OF 3 TYPE OF NET

Epoch 1
-------------------------------
loss: 2.480438  [   64/25000]
loss: 2.082364  [ 6464/25000]
loss: 1.945142  [12864/25000]
loss: 1.893938  [19264/25000]
Test Error: 
 Accuracy: 25.7%, Avg loss: 2.040472 

--------------------
TRAINING OF 4 TYPE OF NET

Epoch 1
-------------------------------
loss: 3.093875  [   64/25000]
loss: 2.084885  [ 6464/25000]
loss: 1.965168  [12864/25000]
loss: 1.935432  [19264/25000]
Test Error: 
 Accuracy: 26.3%, Avg loss: 1.991089 

--------------------
TRAINING OF 5 TYPE OF NET

Epoch 1
-------------------------------
loss: 2.581475  [   64/25000]
loss: 2.193047  [ 6464/25000]
loss: 2.058726  [12864/25000]
loss: 2.023149  [19264/25000]
Test Error: 
 Accuracy: 25.5%, Avg loss: 2.026454 

--------------------
TRAINING OF 6 TYPE OF NET

Epoch 1
-------------------------------
loss: 2.435238  [   64/25000]
loss: 2.346563  [ 6464/25000]
loss: 2.225244  [12864/25000]
loss: 2.142953  [19264/25000]
Test Error: 
 Accuracy: 16.6%, Avg loss: 2.157552 

--------------------
Epoch 27
-------------------------------
loss: 1.591096  [   64/25000]
loss: 1.772148  [ 6464/25000]
loss: 1.620007  [12864/25000]
loss: 1.782346  [19264/25000]
Test Error: 
 Accuracy: 35.4%, Avg loss: 1.829874 


----------- Analysis -----------

TRAINING OF 1 TYPE OF NET

Epoch 1
-------------------------------
loss: 2.367266  [   64/25000]
loss: 2.146976  [ 6464/25000]
loss: 2.096347  [12864/25000]
loss: 2.023977  [19264/25000]
Test Error: 
 Accuracy: 24.4%, Avg loss: 2.062166 

--------------------
TRAINING OF 2 TYPE OF NET

Epoch 1
-------------------------------
loss: 2.670457  [   64/25000]
loss: 2.124593  [ 6464/25000]
loss: 2.072988  [12864/25000]
loss: 1.988674  [19264/25000]
Test Error: 
 Accuracy: 23.5%, Avg loss: 2.052509 

--------------------
TRAINING OF 3 TYPE OF NET

Epoch 1
-------------------------------
loss: 2.677097  [   64/25000]
loss: 2.071562  [ 6464/25000]
loss: 1.990246  [12864/25000]
loss: 1.887558  [19264/25000]
Test Error: 
 Accuracy: 26.4%, Avg loss: 2.032386 

--------------------
TRAINING OF 4 TYPE OF NET

Epoch 1
-------------------------------
loss: 2.369289  [   64/25000]
loss: 2.070801  [ 6464/25000]
loss: 1.991933  [12864/25000]
loss: 1.901836  [19264/25000]
Test Error: 
 Accuracy: 26.8%, Avg loss: 1.994310 

--------------------
TRAINING OF 5 TYPE OF NET

Epoch 1
-------------------------------
loss: 2.861185  [   64/25000]
loss: 2.212993  [ 6464/25000]
loss: 2.036768  [12864/25000]
loss: 1.995107  [19264/25000]
Test Error: 
 Accuracy: 27.2%, Avg loss: 2.030346 

--------------------
TRAINING OF 6 TYPE OF NET

Epoch 1
-------------------------------
loss: 2.713156  [   64/25000]
loss: 2.223775  [ 6464/25000]
loss: 2.230017  [12864/25000]
loss: 2.122486  [19264/25000]
Test Error: 
 Accuracy: 18.2%, Avg loss: 2.146276 

--------------------
Epoch 28
-------------------------------
loss: 1.586035  [   64/25000]
loss: 1.767040  [ 6464/25000]
loss: 1.608298  [12864/25000]
loss: 1.760876  [19264/25000]
Test Error: 
 Accuracy: 35.9%, Avg loss: 1.809615 


----------- Analysis -----------

TRAINING OF 1 TYPE OF NET

Epoch 1
-------------------------------
loss: 2.365426  [   64/25000]
loss: 2.138908  [ 6464/25000]
loss: 2.104498  [12864/25000]
loss: 2.026271  [19264/25000]
Test Error: 
 Accuracy: 24.7%, Avg loss: 2.060634 

--------------------
TRAINING OF 2 TYPE OF NET

Epoch 1
-------------------------------
loss: 2.507434  [   64/25000]
loss: 2.095453  [ 6464/25000]
loss: 2.044827  [12864/25000]
loss: 1.981754  [19264/25000]
Test Error: 
 Accuracy: 24.1%, Avg loss: 2.044739 

--------------------
TRAINING OF 3 TYPE OF NET

Epoch 1
-------------------------------
loss: 2.668066  [   64/25000]
loss: 2.067800  [ 6464/25000]
loss: 1.953111  [12864/25000]
loss: 1.910439  [19264/25000]
Test Error: 
 Accuracy: 27.1%, Avg loss: 2.027268 

--------------------
TRAINING OF 4 TYPE OF NET

Epoch 1
-------------------------------
loss: 3.010363  [   64/25000]
loss: 2.119913  [ 6464/25000]
loss: 1.916305  [12864/25000]
loss: 1.895160  [19264/25000]
Test Error: 
 Accuracy: 27.9%, Avg loss: 1.976287 

--------------------
TRAINING OF 5 TYPE OF NET

Epoch 1
-------------------------------
loss: 2.505273  [   64/25000]
loss: 2.185786  [ 6464/25000]
loss: 2.047667  [12864/25000]
loss: 1.990232  [19264/25000]
Test Error: 
 Accuracy: 26.2%, Avg loss: 2.025345 

--------------------
TRAINING OF 6 TYPE OF NET

Epoch 1
-------------------------------
loss: 2.407985  [   64/25000]
loss: 2.216432  [ 6464/25000]
loss: 2.140482  [12864/25000]
loss: 2.103354  [19264/25000]
Test Error: 
 Accuracy: 23.9%, Avg loss: 2.100263 

--------------------
Epoch 29
-------------------------------
loss: 1.572467  [   64/25000]
loss: 1.764347  [ 6464/25000]
loss: 1.595594  [12864/25000]
loss: 1.734949  [19264/25000]
Test Error: 
 Accuracy: 36.5%, Avg loss: 1.796951 


----------- Analysis -----------

TRAINING OF 1 TYPE OF NET

Epoch 1
-------------------------------
loss: 2.437126  [   64/25000]
loss: 2.153902  [ 6464/25000]
loss: 2.089691  [12864/25000]
loss: 2.038174  [19264/25000]
Test Error: 
 Accuracy: 24.3%, Avg loss: 2.064319 

--------------------
TRAINING OF 2 TYPE OF NET

Epoch 1
-------------------------------
loss: 2.781394  [   64/25000]
loss: 2.153798  [ 6464/25000]
loss: 2.040015  [12864/25000]
loss: 1.966491  [19264/25000]
Test Error: 
 Accuracy: 24.3%, Avg loss: 2.038310 

--------------------
TRAINING OF 3 TYPE OF NET

Epoch 1
-------------------------------
loss: 3.176134  [   64/25000]
loss: 2.089579  [ 6464/25000]
loss: 1.946572  [12864/25000]
loss: 1.828772  [19264/25000]
Test Error: 
 Accuracy: 27.1%, Avg loss: 2.024085 

--------------------
TRAINING OF 4 TYPE OF NET

Epoch 1
-------------------------------
loss: 3.909602  [   64/25000]
loss: 2.086881  [ 6464/25000]
loss: 1.905769  [12864/25000]
loss: 1.905513  [19264/25000]
Test Error: 
 Accuracy: 27.8%, Avg loss: 1.977040 

--------------------
TRAINING OF 5 TYPE OF NET

Epoch 1
-------------------------------
loss: 3.333719  [   64/25000]
loss: 2.237036  [ 6464/25000]
loss: 2.067533  [12864/25000]
loss: 2.040171  [19264/25000]
Test Error: 
 Accuracy: 27.6%, Avg loss: 2.026145 

--------------------
TRAINING OF 6 TYPE OF NET

Epoch 1
-------------------------------
loss: 2.708364  [   64/25000]
loss: 2.381563  [ 6464/25000]
loss: 2.265953  [12864/25000]
loss: 2.190480  [19264/25000]
Test Error: 
 Accuracy: 16.6%, Avg loss: 2.185611 

--------------------
Epoch 30
-------------------------------
loss: 1.565157  [   64/25000]
loss: 1.756140  [ 6464/25000]
loss: 1.587079  [12864/25000]
loss: 1.711147  [19264/25000]
Test Error: 
 Accuracy: 37.0%, Avg loss: 1.784937 


----------- Analysis -----------

TRAINING OF 1 TYPE OF NET

Epoch 1
-------------------------------
loss: 2.510477  [   64/25000]
loss: 2.136681  [ 6464/25000]
loss: 2.095597  [12864/25000]
loss: 2.023731  [19264/25000]
Test Error: 
 Accuracy: 24.6%, Avg loss: 2.060741 

--------------------
TRAINING OF 2 TYPE OF NET

Epoch 1
-------------------------------
loss: 2.591411  [   64/25000]
loss: 2.135960  [ 6464/25000]
loss: 2.055873  [12864/25000]
loss: 1.972020  [19264/25000]
Test Error: 
 Accuracy: 23.2%, Avg loss: 2.041663 

--------------------
TRAINING OF 3 TYPE OF NET

Epoch 1
-------------------------------
loss: 2.942715  [   64/25000]
loss: 2.017769  [ 6464/25000]
loss: 1.953372  [12864/25000]
loss: 1.879411  [19264/25000]
Test Error: 
 Accuracy: 27.7%, Avg loss: 2.020431 

--------------------
TRAINING OF 4 TYPE OF NET

Epoch 1
-------------------------------
loss: 2.552642  [   64/25000]
loss: 2.061727  [ 6464/25000]
loss: 1.933780  [12864/25000]
loss: 1.873909  [19264/25000]
Test Error: 
 Accuracy: 27.9%, Avg loss: 1.959358 

--------------------
TRAINING OF 5 TYPE OF NET

Epoch 1
-------------------------------
loss: 2.710972  [   64/25000]
loss: 2.232046  [ 6464/25000]
loss: 2.032174  [12864/25000]
loss: 2.002039  [19264/25000]
Test Error: 
 Accuracy: 25.9%, Avg loss: 2.020090 

--------------------
TRAINING OF 6 TYPE OF NET

Epoch 1
-------------------------------
loss: 2.446034  [   64/25000]
loss: 2.276626  [ 6464/25000]
loss: 2.192200  [12864/25000]
loss: 2.160288  [19264/25000]
Test Error: 
 Accuracy: 22.4%, Avg loss: 2.134484 

--------------------
Epoch 31
-------------------------------
loss: 1.557191  [   64/25000]
loss: 1.752075  [ 6464/25000]
loss: 1.578148  [12864/25000]
loss: 1.684299  [19264/25000]
Test Error: 
 Accuracy: 37.4%, Avg loss: 1.773910 


----------- Analysis -----------

TRAINING OF 1 TYPE OF NET

Epoch 1
-------------------------------
loss: 2.475626  [   64/25000]
loss: 2.140811  [ 6464/25000]
loss: 2.085863  [12864/25000]
loss: 2.007085  [19264/25000]
Test Error: 
 Accuracy: 23.8%, Avg loss: 2.057384 

--------------------
TRAINING OF 2 TYPE OF NET

Epoch 1
-------------------------------
loss: 2.945101  [   64/25000]
loss: 2.115762  [ 6464/25000]
loss: 2.027855  [12864/25000]
loss: 1.927469  [19264/25000]
Test Error: 
 Accuracy: 24.4%, Avg loss: 2.030695 

--------------------
TRAINING OF 3 TYPE OF NET

Epoch 1
-------------------------------
loss: 3.283485  [   64/25000]
loss: 2.043713  [ 6464/25000]
loss: 1.944509  [12864/25000]
loss: 1.856064  [19264/25000]
Test Error: 
 Accuracy: 27.6%, Avg loss: 2.015128 

--------------------
TRAINING OF 4 TYPE OF NET

Epoch 1
-------------------------------
loss: 2.676477  [   64/25000]
loss: 2.086871  [ 6464/25000]
loss: 1.966705  [12864/25000]
loss: 1.926089  [19264/25000]
Test Error: 
 Accuracy: 26.7%, Avg loss: 1.976085 

--------------------
TRAINING OF 5 TYPE OF NET

Epoch 1
-------------------------------
loss: 2.521231  [   64/25000]
loss: 2.166947  [ 6464/25000]
loss: 2.025826  [12864/25000]
loss: 1.991517  [19264/25000]
Test Error: 
 Accuracy: 27.1%, Avg loss: 2.006033 

--------------------
TRAINING OF 6 TYPE OF NET

Epoch 1
-------------------------------
loss: 2.531351  [   64/25000]
loss: 2.293457  [ 6464/25000]
loss: 2.235905  [12864/25000]
loss: 2.141474  [19264/25000]
Test Error: 
 Accuracy: 21.7%, Avg loss: 2.134482 

--------------------
Epoch 32
-------------------------------
loss: 1.540953  [   64/25000]
loss: 1.748367  [ 6464/25000]
loss: 1.571069  [12864/25000]
loss: 1.652817  [19264/25000]
Test Error: 
 Accuracy: 38.0%, Avg loss: 1.750786 


----------- Analysis -----------

TRAINING OF 1 TYPE OF NET

Epoch 1
-------------------------------
loss: 2.472180  [   64/25000]
loss: 2.096315  [ 6464/25000]
loss: 2.083909  [12864/25000]
loss: 2.046496  [19264/25000]
Test Error: 
 Accuracy: 24.0%, Avg loss: 2.056541 

--------------------
TRAINING OF 2 TYPE OF NET

Epoch 1
-------------------------------
loss: 2.824473  [   64/25000]
loss: 2.130193  [ 6464/25000]
loss: 2.020566  [12864/25000]
loss: 1.944670  [19264/25000]
Test Error: 
 Accuracy: 23.9%, Avg loss: 2.043146 

--------------------
TRAINING OF 3 TYPE OF NET

Epoch 1
-------------------------------
loss: 2.720701  [   64/25000]
loss: 2.131888  [ 6464/25000]
loss: 1.949840  [12864/25000]
loss: 1.859537  [19264/25000]
Test Error: 
 Accuracy: 27.7%, Avg loss: 2.016453 

--------------------
TRAINING OF 4 TYPE OF NET

Epoch 1
-------------------------------
loss: 2.576910  [   64/25000]
loss: 2.053878  [ 6464/25000]
loss: 1.933348  [12864/25000]
loss: 1.877747  [19264/25000]
Test Error: 
 Accuracy: 28.2%, Avg loss: 1.965065 

--------------------
TRAINING OF 5 TYPE OF NET

Epoch 1
-------------------------------
loss: 2.643076  [   64/25000]
loss: 2.177232  [ 6464/25000]
loss: 2.012869  [12864/25000]
loss: 1.960559  [19264/25000]
Test Error: 
 Accuracy: 27.6%, Avg loss: 2.006416 

--------------------
TRAINING OF 6 TYPE OF NET

Epoch 1
-------------------------------
loss: 2.709798  [   64/25000]
loss: 2.248911  [ 6464/25000]
loss: 2.077463  [12864/25000]
loss: 2.099020  [19264/25000]
Test Error: 
 Accuracy: 26.4%, Avg loss: 2.096193 

--------------------
Epoch 33
-------------------------------
loss: 1.517133  [   64/25000]
loss: 1.751006  [ 6464/25000]
loss: 1.558615  [12864/25000]
loss: 1.637163  [19264/25000]
Test Error: 
 Accuracy: 38.2%, Avg loss: 1.747683 


----------- Analysis -----------

TRAINING OF 1 TYPE OF NET

Epoch 1
-------------------------------
loss: 2.272586  [   64/25000]
loss: 2.119309  [ 6464/25000]
loss: 2.084960  [12864/25000]
loss: 2.037652  [19264/25000]
Test Error: 
 Accuracy: 24.3%, Avg loss: 2.057606 

--------------------
TRAINING OF 2 TYPE OF NET

Epoch 1
-------------------------------
loss: 2.705414  [   64/25000]
loss: 2.092878  [ 6464/25000]
loss: 2.014158  [12864/25000]
loss: 1.935810  [19264/25000]
Test Error: 
 Accuracy: 25.2%, Avg loss: 2.026783 

--------------------
TRAINING OF 3 TYPE OF NET

Epoch 1
-------------------------------
loss: 2.796377  [   64/25000]
loss: 2.042665  [ 6464/25000]
loss: 1.952967  [12864/25000]
loss: 1.871715  [19264/25000]
Test Error: 
 Accuracy: 26.9%, Avg loss: 2.017007 

--------------------
TRAINING OF 4 TYPE OF NET

Epoch 1
-------------------------------
loss: 2.714623  [   64/25000]
loss: 2.074022  [ 6464/25000]
loss: 1.884876  [12864/25000]
loss: 1.852386  [19264/25000]
Test Error: 
 Accuracy: 28.5%, Avg loss: 1.956454 

--------------------
TRAINING OF 5 TYPE OF NET

Epoch 1
-------------------------------
loss: 2.646092  [   64/25000]
loss: 2.176864  [ 6464/25000]
loss: 2.029686  [12864/25000]
loss: 1.965505  [19264/25000]
Test Error: 
 Accuracy: 28.2%, Avg loss: 1.993219 

--------------------
TRAINING OF 6 TYPE OF NET

Epoch 1
-------------------------------
loss: 2.504354  [   64/25000]
loss: 2.208009  [ 6464/25000]
loss: 2.149597  [12864/25000]
loss: 2.045934  [19264/25000]
Test Error: 
 Accuracy: 25.6%, Avg loss: 2.078317 

--------------------
Epoch 34
-------------------------------
loss: 1.506646  [   64/25000]
loss: 1.753063  [ 6464/25000]
loss: 1.545383  [12864/25000]
loss: 1.621182  [19264/25000]
Test Error: 
 Accuracy: 38.4%, Avg loss: 1.741324 


----------- Analysis -----------

TRAINING OF 1 TYPE OF NET

Epoch 1
-------------------------------
loss: 2.299392  [   64/25000]
loss: 2.167616  [ 6464/25000]
loss: 2.079942  [12864/25000]
loss: 2.008912  [19264/25000]
Test Error: 
 Accuracy: 24.1%, Avg loss: 2.060022 

--------------------
TRAINING OF 2 TYPE OF NET

Epoch 1
-------------------------------
loss: 2.542117  [   64/25000]
loss: 2.125832  [ 6464/25000]
loss: 2.039724  [12864/25000]
loss: 1.933633  [19264/25000]
Test Error: 
 Accuracy: 24.9%, Avg loss: 2.028114 

--------------------
TRAINING OF 3 TYPE OF NET

Epoch 1
-------------------------------
loss: 2.701753  [   64/25000]
loss: 2.058235  [ 6464/25000]
loss: 1.970212  [12864/25000]
loss: 1.843119  [19264/25000]
Test Error: 
 Accuracy: 27.7%, Avg loss: 2.014952 

--------------------
TRAINING OF 4 TYPE OF NET

Epoch 1
-------------------------------
loss: 3.014581  [   64/25000]
loss: 2.110732  [ 6464/25000]
loss: 1.888179  [12864/25000]
loss: 1.837754  [19264/25000]
Test Error: 
 Accuracy: 28.9%, Avg loss: 1.944550 

--------------------
TRAINING OF 5 TYPE OF NET

Epoch 1
-------------------------------
loss: 3.254529  [   64/25000]
loss: 2.151094  [ 6464/25000]
loss: 2.047118  [12864/25000]
loss: 1.985717  [19264/25000]
Test Error: 
 Accuracy: 26.0%, Avg loss: 2.012387 

--------------------
TRAINING OF 6 TYPE OF NET

Epoch 1
-------------------------------
loss: 2.288526  [   64/25000]
loss: 2.241780  [ 6464/25000]
loss: 2.137077  [12864/25000]
loss: 2.139818  [19264/25000]
Test Error: 
 Accuracy: 24.0%, Avg loss: 2.105496 

--------------------
Epoch 35
-------------------------------
loss: 1.490411  [   64/25000]
loss: 1.759095  [ 6464/25000]
loss: 1.533968  [12864/25000]
loss: 1.600187  [19264/25000]
Test Error: 
 Accuracy: 38.9%, Avg loss: 1.727596 


----------- Analysis -----------

TRAINING OF 1 TYPE OF NET

Epoch 1
-------------------------------
loss: 2.386636  [   64/25000]
loss: 2.129586  [ 6464/25000]
loss: 2.078192  [12864/25000]
loss: 1.996910  [19264/25000]
Test Error: 
 Accuracy: 24.7%, Avg loss: 2.052028 

--------------------
TRAINING OF 2 TYPE OF NET

Epoch 1
-------------------------------
loss: 2.333377  [   64/25000]
loss: 2.096944  [ 6464/25000]
loss: 1.987166  [12864/25000]
loss: 1.956584  [19264/25000]
Test Error: 
 Accuracy: 25.3%, Avg loss: 2.017105 

--------------------
TRAINING OF 3 TYPE OF NET

Epoch 1
-------------------------------
loss: 2.893455  [   64/25000]
loss: 2.049480  [ 6464/25000]
loss: 1.909590  [12864/25000]
loss: 1.827635  [19264/25000]
Test Error: 
 Accuracy: 27.9%, Avg loss: 1.999981 

--------------------
TRAINING OF 4 TYPE OF NET

Epoch 1
-------------------------------
loss: 2.895557  [   64/25000]
loss: 2.140031  [ 6464/25000]
loss: 1.880121  [12864/25000]
loss: 1.838737  [19264/25000]
Test Error: 
 Accuracy: 29.2%, Avg loss: 1.938816 

--------------------
TRAINING OF 5 TYPE OF NET

Epoch 1
-------------------------------
loss: 2.431880  [   64/25000]
loss: 2.112722  [ 6464/25000]
loss: 2.010497  [12864/25000]
loss: 1.945767  [19264/25000]
Test Error: 
 Accuracy: 29.5%, Avg loss: 1.984691 

--------------------
TRAINING OF 6 TYPE OF NET

Epoch 1
-------------------------------
loss: 2.733385  [   64/25000]
loss: 2.260731  [ 6464/25000]
loss: 2.219165  [12864/25000]
loss: 2.162433  [19264/25000]
Test Error: 
 Accuracy: 22.4%, Avg loss: 2.143405 

--------------------
Epoch 36
-------------------------------
loss: 1.471412  [   64/25000]
loss: 1.758130  [ 6464/25000]
loss: 1.521856  [12864/25000]
loss: 1.578855  [19264/25000]
Test Error: 
 Accuracy: 39.6%, Avg loss: 1.718865 


----------- Analysis -----------

TRAINING OF 1 TYPE OF NET

Epoch 1
-------------------------------
loss: 2.365023  [   64/25000]
loss: 2.138421  [ 6464/25000]
loss: 2.076462  [12864/25000]
loss: 2.022456  [19264/25000]
Test Error: 
 Accuracy: 24.2%, Avg loss: 2.057400 

--------------------
TRAINING OF 2 TYPE OF NET

Epoch 1
-------------------------------
loss: 2.443951  [   64/25000]
loss: 2.142641  [ 6464/25000]
loss: 2.030298  [12864/25000]
loss: 1.923503  [19264/25000]
Test Error: 
 Accuracy: 25.4%, Avg loss: 2.025089 

--------------------
TRAINING OF 3 TYPE OF NET

Epoch 1
-------------------------------
loss: 2.745152  [   64/25000]
loss: 2.058852  [ 6464/25000]
loss: 1.934868  [12864/25000]
loss: 1.820291  [19264/25000]
Test Error: 
 Accuracy: 27.5%, Avg loss: 2.013577 

--------------------
TRAINING OF 4 TYPE OF NET

Epoch 1
-------------------------------
loss: 2.820990  [   64/25000]
loss: 2.051066  [ 6464/25000]
loss: 1.887211  [12864/25000]
loss: 1.873227  [19264/25000]
Test Error: 
 Accuracy: 30.2%, Avg loss: 1.938800 

--------------------
TRAINING OF 5 TYPE OF NET

Epoch 1
-------------------------------
loss: 2.352718  [   64/25000]
loss: 2.193994  [ 6464/25000]
loss: 2.016547  [12864/25000]
loss: 1.973038  [19264/25000]
Test Error: 
 Accuracy: 29.3%, Avg loss: 1.983173 

--------------------
TRAINING OF 6 TYPE OF NET

Epoch 1
-------------------------------
loss: 2.654300  [   64/25000]
loss: 2.296596  [ 6464/25000]
loss: 2.190361  [12864/25000]
loss: 2.079217  [19264/25000]
Test Error: 
 Accuracy: 20.3%, Avg loss: 2.116440 

--------------------
Epoch 37
-------------------------------
loss: 1.459379  [   64/25000]
loss: 1.758059  [ 6464/25000]
loss: 1.510676  [12864/25000]
loss: 1.557450  [19264/25000]
Test Error: 
 Accuracy: 39.6%, Avg loss: 1.717120 


----------- Analysis -----------

TRAINING OF 1 TYPE OF NET

Epoch 1
-------------------------------
loss: 2.235829  [   64/25000]
loss: 2.123528  [ 6464/25000]
loss: 2.090488  [12864/25000]
loss: 2.013412  [19264/25000]
Test Error: 
 Accuracy: 24.6%, Avg loss: 2.052113 

--------------------
TRAINING OF 2 TYPE OF NET

Epoch 1
-------------------------------
loss: 2.810879  [   64/25000]
loss: 2.111970  [ 6464/25000]
loss: 2.018126  [12864/25000]
loss: 1.931199  [19264/25000]
Test Error: 
 Accuracy: 24.8%, Avg loss: 2.022366 

--------------------
TRAINING OF 3 TYPE OF NET

Epoch 1
-------------------------------
loss: 3.860397  [   64/25000]
loss: 2.019362  [ 6464/25000]
loss: 1.904831  [12864/25000]
loss: 1.875197  [19264/25000]
Test Error: 
 Accuracy: 28.3%, Avg loss: 1.996081 

--------------------
TRAINING OF 4 TYPE OF NET

Epoch 1
-------------------------------
loss: 3.263227  [   64/25000]
loss: 2.073673  [ 6464/25000]
loss: 1.872055  [12864/25000]
loss: 1.810411  [19264/25000]
Test Error: 
 Accuracy: 30.3%, Avg loss: 1.933520 

--------------------
TRAINING OF 5 TYPE OF NET

Epoch 1
-------------------------------
loss: 2.345598  [   64/25000]
loss: 2.135107  [ 6464/25000]
loss: 2.058421  [12864/25000]
loss: 1.943226  [19264/25000]
Test Error: 
 Accuracy: 28.3%, Avg loss: 1.990993 

--------------------
TRAINING OF 6 TYPE OF NET

Epoch 1
-------------------------------
loss: 2.701790  [   64/25000]
loss: 2.333620  [ 6464/25000]
loss: 2.211451  [12864/25000]
loss: 2.132116  [19264/25000]
Test Error: 
 Accuracy: 18.6%, Avg loss: 2.133363 

--------------------
Epoch 38
-------------------------------
loss: 1.455480  [   64/25000]
loss: 1.755246  [ 6464/25000]
loss: 1.498059  [12864/25000]
loss: 1.536194  [19264/25000]
Test Error: 
 Accuracy: 39.9%, Avg loss: 1.704711 


----------- Analysis -----------

TRAINING OF 1 TYPE OF NET

Epoch 1
-------------------------------
loss: 2.439266  [   64/25000]
loss: 2.129862  [ 6464/25000]
loss: 2.059967  [12864/25000]
loss: 1.982356  [19264/25000]
Test Error: 
 Accuracy: 24.2%, Avg loss: 2.050718 

--------------------
TRAINING OF 2 TYPE OF NET

Epoch 1
-------------------------------
loss: 2.866102  [   64/25000]
loss: 2.126156  [ 6464/25000]
loss: 2.022545  [12864/25000]
loss: 1.936667  [19264/25000]
Test Error: 
 Accuracy: 25.4%, Avg loss: 2.017075 

--------------------
TRAINING OF 3 TYPE OF NET

Epoch 1
-------------------------------
loss: 2.764357  [   64/25000]
loss: 2.023235  [ 6464/25000]
loss: 1.901729  [12864/25000]
loss: 1.818702  [19264/25000]
Test Error: 
 Accuracy: 28.7%, Avg loss: 1.993410 

--------------------
TRAINING OF 4 TYPE OF NET

Epoch 1
-------------------------------
loss: 3.108348  [   64/25000]
loss: 2.117411  [ 6464/25000]
loss: 1.903761  [12864/25000]
loss: 1.881204  [19264/25000]
Test Error: 
 Accuracy: 29.3%, Avg loss: 1.929364 

--------------------
TRAINING OF 5 TYPE OF NET

Epoch 1
-------------------------------
loss: 2.532703  [   64/25000]
loss: 2.181497  [ 6464/25000]
loss: 2.008057  [12864/25000]
loss: 1.950557  [19264/25000]
Test Error: 
 Accuracy: 28.8%, Avg loss: 1.981154 

--------------------
TRAINING OF 6 TYPE OF NET

Epoch 1
-------------------------------
loss: 2.622029  [   64/25000]
loss: 2.265765  [ 6464/25000]
loss: 2.204090  [12864/25000]
loss: 2.135445  [19264/25000]
Test Error: 
 Accuracy: 22.7%, Avg loss: 2.125837 

--------------------
Epoch 39
-------------------------------
loss: 1.440605  [   64/25000]
loss: 1.756257  [ 6464/25000]
loss: 1.491582  [12864/25000]
loss: 1.512473  [19264/25000]
Test Error: 
 Accuracy: 40.0%, Avg loss: 1.698736 


----------- Analysis -----------

TRAINING OF 1 TYPE OF NET

Epoch 1
-------------------------------
loss: 2.445850  [   64/25000]
loss: 2.148037  [ 6464/25000]
loss: 2.070590  [12864/25000]
loss: 2.007801  [19264/25000]
Test Error: 
 Accuracy: 24.5%, Avg loss: 2.050826 

--------------------
TRAINING OF 2 TYPE OF NET

Epoch 1
-------------------------------
loss: 2.828039  [   64/25000]
loss: 2.062728  [ 6464/25000]
loss: 2.021199  [12864/25000]
loss: 1.941113  [19264/25000]
Test Error: 
 Accuracy: 25.5%, Avg loss: 2.019677 

--------------------
TRAINING OF 3 TYPE OF NET

Epoch 1
-------------------------------
loss: 2.536334  [   64/25000]
loss: 2.062534  [ 6464/25000]
loss: 1.905356  [12864/25000]
loss: 1.821748  [19264/25000]
Test Error: 
 Accuracy: 29.1%, Avg loss: 1.986993 

--------------------
TRAINING OF 4 TYPE OF NET

Epoch 1
-------------------------------
loss: 2.645053  [   64/25000]
loss: 2.061808  [ 6464/25000]
loss: 1.907659  [12864/25000]
loss: 1.827448  [19264/25000]
Test Error: 
 Accuracy: 30.7%, Avg loss: 1.921890 

--------------------
TRAINING OF 5 TYPE OF NET

Epoch 1
-------------------------------
loss: 2.777930  [   64/25000]
loss: 2.173202  [ 6464/25000]
loss: 2.005723  [12864/25000]
loss: 1.933806  [19264/25000]
Test Error: 
 Accuracy: 28.7%, Avg loss: 1.978037 

--------------------
TRAINING OF 6 TYPE OF NET

Epoch 1
-------------------------------
loss: 2.585315  [   64/25000]
loss: 2.275731  [ 6464/25000]
loss: 2.109973  [12864/25000]
loss: 2.082555  [19264/25000]
Test Error: 
 Accuracy: 21.8%, Avg loss: 2.078294 

--------------------
Epoch 40
-------------------------------
loss: 1.433097  [   64/25000]
loss: 1.757059  [ 6464/25000]
loss: 1.481135  [12864/25000]
loss: 1.498140  [19264/25000]
Test Error: 
 Accuracy: 40.4%, Avg loss: 1.684105 


----------- Analysis -----------

TRAINING OF 1 TYPE OF NET

Epoch 1
-------------------------------
loss: 2.559664  [   64/25000]
loss: 2.117567  [ 6464/25000]
loss: 2.077229  [12864/25000]
loss: 2.027600  [19264/25000]
Test Error: 
 Accuracy: 24.6%, Avg loss: 2.052342 

--------------------
TRAINING OF 2 TYPE OF NET

Epoch 1
-------------------------------
loss: 2.893155  [   64/25000]
loss: 2.046288  [ 6464/25000]
loss: 2.018856  [12864/25000]
loss: 1.945821  [19264/25000]
Test Error: 
 Accuracy: 24.8%, Avg loss: 2.020334 

--------------------
TRAINING OF 3 TYPE OF NET

Epoch 1
-------------------------------
loss: 2.526961  [   64/25000]
loss: 2.029640  [ 6464/25000]
loss: 1.853607  [12864/25000]
loss: 1.798733  [19264/25000]
Test Error: 
 Accuracy: 28.7%, Avg loss: 1.994626 

--------------------
TRAINING OF 4 TYPE OF NET

Epoch 1
-------------------------------
loss: 2.508640  [   64/25000]
loss: 2.039382  [ 6464/25000]
loss: 1.826722  [12864/25000]
loss: 1.868900  [19264/25000]
Test Error: 
 Accuracy: 31.9%, Avg loss: 1.911932 

--------------------
TRAINING OF 5 TYPE OF NET

Epoch 1
-------------------------------
loss: 2.603268  [   64/25000]
loss: 2.160161  [ 6464/25000]
loss: 1.971635  [12864/25000]
loss: 1.920387  [19264/25000]
Test Error: 
 Accuracy: 29.3%, Avg loss: 1.960453 

--------------------
TRAINING OF 6 TYPE OF NET

Epoch 1
-------------------------------
loss: 2.549807  [   64/25000]
loss: 2.235842  [ 6464/25000]
loss: 2.136027  [12864/25000]
loss: 2.115981  [19264/25000]
Test Error: 
 Accuracy: 25.0%, Avg loss: 2.086432 

--------------------
Epoch 41
-------------------------------
loss: 1.419165  [   64/25000]
loss: 1.751066  [ 6464/25000]
loss: 1.472008  [12864/25000]
loss: 1.486264  [19264/25000]
Test Error: 
 Accuracy: 40.9%, Avg loss: 1.674325 


----------- Analysis -----------

TRAINING OF 1 TYPE OF NET

Epoch 1
-------------------------------
loss: 2.442710  [   64/25000]
loss: 2.101775  [ 6464/25000]
loss: 2.062519  [12864/25000]
loss: 1.985396  [19264/25000]
Test Error: 
 Accuracy: 25.0%, Avg loss: 2.044613 

--------------------
TRAINING OF 2 TYPE OF NET

Epoch 1
-------------------------------
loss: 2.612623  [   64/25000]
loss: 2.088507  [ 6464/25000]
loss: 1.989068  [12864/25000]
loss: 1.892642  [19264/25000]
Test Error: 
 Accuracy: 26.2%, Avg loss: 2.006870 

--------------------
TRAINING OF 3 TYPE OF NET

Epoch 1
-------------------------------
loss: 2.977711  [   64/25000]
loss: 2.033234  [ 6464/25000]
loss: 1.873892  [12864/25000]
loss: 1.824085  [19264/25000]
Test Error: 
 Accuracy: 29.6%, Avg loss: 1.981742 

--------------------
TRAINING OF 4 TYPE OF NET

Epoch 1
-------------------------------
loss: 2.619931  [   64/25000]
loss: 2.098371  [ 6464/25000]
loss: 1.856285  [12864/25000]
loss: 1.810735  [19264/25000]
Test Error: 
 Accuracy: 30.4%, Avg loss: 1.919828 

--------------------
TRAINING OF 5 TYPE OF NET

Epoch 1
-------------------------------
loss: 2.626617  [   64/25000]
loss: 2.142655  [ 6464/25000]
loss: 1.969396  [12864/25000]
loss: 1.947711  [19264/25000]
Test Error: 
 Accuracy: 30.5%, Avg loss: 1.953057 

--------------------
TRAINING OF 6 TYPE OF NET

Epoch 1
-------------------------------
loss: 2.522495  [   64/25000]
loss: 2.291062  [ 6464/25000]
loss: 2.258942  [12864/25000]
loss: 2.115332  [19264/25000]
Test Error: 
 Accuracy: 21.2%, Avg loss: 2.143291 

--------------------
Epoch 42
-------------------------------
loss: 1.408902  [   64/25000]
loss: 1.749139  [ 6464/25000]
loss: 1.463798  [12864/25000]
loss: 1.462139  [19264/25000]
Test Error: 
 Accuracy: 41.0%, Avg loss: 1.669841 


----------- Analysis -----------

TRAINING OF 1 TYPE OF NET

Epoch 1
-------------------------------
loss: 2.414364  [   64/25000]
loss: 2.101298  [ 6464/25000]
loss: 2.069316  [12864/25000]
loss: 2.000577  [19264/25000]
Test Error: 
 Accuracy: 24.8%, Avg loss: 2.043009 

--------------------
TRAINING OF 2 TYPE OF NET

Epoch 1
-------------------------------
loss: 2.424499  [   64/25000]
loss: 2.110011  [ 6464/25000]
loss: 1.991482  [12864/25000]
loss: 1.901971  [19264/25000]
Test Error: 
 Accuracy: 26.5%, Avg loss: 2.000795 

--------------------
TRAINING OF 3 TYPE OF NET

Epoch 1
-------------------------------
loss: 3.080085  [   64/25000]
loss: 2.036066  [ 6464/25000]
loss: 1.882683  [12864/25000]
loss: 1.824746  [19264/25000]
Test Error: 
 Accuracy: 29.7%, Avg loss: 1.966592 

--------------------
TRAINING OF 4 TYPE OF NET

Epoch 1
-------------------------------
loss: 3.028778  [   64/25000]
loss: 2.019017  [ 6464/25000]
loss: 1.810494  [12864/25000]
loss: 1.829152  [19264/25000]
Test Error: 
 Accuracy: 30.6%, Avg loss: 1.904886 

--------------------
TRAINING OF 5 TYPE OF NET

Epoch 1
-------------------------------
loss: 2.534499  [   64/25000]
loss: 2.172831  [ 6464/25000]
loss: 2.000597  [12864/25000]
loss: 1.938330  [19264/25000]
Test Error: 
 Accuracy: 28.0%, Avg loss: 1.967997 

--------------------
TRAINING OF 6 TYPE OF NET

Epoch 1
-------------------------------
loss: 2.493664  [   64/25000]
loss: 2.263136  [ 6464/25000]
loss: 2.102351  [12864/25000]
loss: 2.102085  [19264/25000]
Test Error: 
 Accuracy: 23.0%, Avg loss: 2.089327 

--------------------
Epoch 43
-------------------------------
loss: 1.402201  [   64/25000]
loss: 1.748422  [ 6464/25000]
loss: 1.460922  [12864/25000]
loss: 1.448944  [19264/25000]
Test Error: 
 Accuracy: 41.1%, Avg loss: 1.671389 


----------- Analysis -----------

TRAINING OF 1 TYPE OF NET

Epoch 1
-------------------------------
loss: 2.442806  [   64/25000]
loss: 2.131047  [ 6464/25000]
loss: 2.074165  [12864/25000]
loss: 2.008824  [19264/25000]
Test Error: 
 Accuracy: 24.1%, Avg loss: 2.054692 

--------------------
TRAINING OF 2 TYPE OF NET

Epoch 1
-------------------------------
loss: 2.819792  [   64/25000]
loss: 2.029759  [ 6464/25000]
loss: 1.994326  [12864/25000]
loss: 1.935272  [19264/25000]
Test Error: 
 Accuracy: 26.7%, Avg loss: 2.001271 

--------------------
TRAINING OF 3 TYPE OF NET

Epoch 1
-------------------------------
loss: 2.756729  [   64/25000]
loss: 2.033860  [ 6464/25000]
loss: 1.887075  [12864/25000]
loss: 1.787972  [19264/25000]
Test Error: 
 Accuracy: 30.1%, Avg loss: 1.963347 

--------------------
TRAINING OF 4 TYPE OF NET

Epoch 1
-------------------------------
loss: 2.998157  [   64/25000]
loss: 2.073189  [ 6464/25000]
loss: 1.829408  [12864/25000]
loss: 1.848688  [19264/25000]
Test Error: 
 Accuracy: 31.6%, Avg loss: 1.895807 

--------------------
TRAINING OF 5 TYPE OF NET

Epoch 1
-------------------------------
loss: 3.609936  [   64/25000]
loss: 2.234466  [ 6464/25000]
loss: 1.990241  [12864/25000]
loss: 1.901671  [19264/25000]
Test Error: 
 Accuracy: 30.6%, Avg loss: 1.961570 

--------------------
TRAINING OF 6 TYPE OF NET

Epoch 1
-------------------------------
loss: 2.780392  [   64/25000]
loss: 2.327282  [ 6464/25000]
loss: 2.169420  [12864/25000]
loss: 2.121664  [19264/25000]
Test Error: 
 Accuracy: 21.7%, Avg loss: 2.114879 

--------------------
Epoch 44
-------------------------------
loss: 1.394159  [   64/25000]
loss: 1.744217  [ 6464/25000]
loss: 1.454293  [12864/25000]
loss: 1.434616  [19264/25000]
Test Error: 
 Accuracy: 41.6%, Avg loss: 1.658736 


----------- Analysis -----------

TRAINING OF 1 TYPE OF NET

Epoch 1
-------------------------------
loss: 2.408441  [   64/25000]
loss: 2.110692  [ 6464/25000]
loss: 2.087715  [12864/25000]
loss: 2.000864  [19264/25000]
Test Error: 
 Accuracy: 24.8%, Avg loss: 2.042183 

--------------------
TRAINING OF 2 TYPE OF NET

Epoch 1
-------------------------------
loss: 2.589862  [   64/25000]
loss: 2.052802  [ 6464/25000]
loss: 2.004348  [12864/25000]
loss: 1.902767  [19264/25000]
Test Error: 
 Accuracy: 26.5%, Avg loss: 1.997171 

--------------------
TRAINING OF 3 TYPE OF NET

Epoch 1
-------------------------------
loss: 2.434694  [   64/25000]
loss: 2.044016  [ 6464/25000]
loss: 1.861482  [12864/25000]
loss: 1.803510  [19264/25000]
Test Error: 
 Accuracy: 29.9%, Avg loss: 1.963598 

--------------------
TRAINING OF 4 TYPE OF NET

Epoch 1
-------------------------------
loss: 2.668780  [   64/25000]
loss: 2.072901  [ 6464/25000]
loss: 1.896803  [12864/25000]
loss: 1.782514  [19264/25000]
Test Error: 
 Accuracy: 30.2%, Avg loss: 1.906073 

--------------------
TRAINING OF 5 TYPE OF NET

Epoch 1
-------------------------------
loss: 2.570561  [   64/25000]
loss: 2.139489  [ 6464/25000]
loss: 1.958492  [12864/25000]
loss: 1.940292  [19264/25000]
Test Error: 
 Accuracy: 30.8%, Avg loss: 1.945347 

--------------------
TRAINING OF 6 TYPE OF NET

Epoch 1
-------------------------------
loss: 2.645203  [   64/25000]
loss: 2.370997  [ 6464/25000]
loss: 2.209516  [12864/25000]
loss: 2.105621  [19264/25000]
Test Error: 
 Accuracy: 21.1%, Avg loss: 2.104547 

--------------------
Epoch 45
-------------------------------
loss: 1.382682  [   64/25000]
loss: 1.743627  [ 6464/25000]
loss: 1.445881  [12864/25000]
loss: 1.426640  [19264/25000]
Test Error: 
 Accuracy: 41.7%, Avg loss: 1.652773 


----------- Analysis -----------

TRAINING OF 1 TYPE OF NET

Epoch 1
-------------------------------
loss: 2.331460  [   64/25000]
loss: 2.141701  [ 6464/25000]
loss: 2.060272  [12864/25000]
loss: 1.993951  [19264/25000]
Test Error: 
 Accuracy: 24.3%, Avg loss: 2.045340 

--------------------
TRAINING OF 2 TYPE OF NET

Epoch 1
-------------------------------
loss: 2.654372  [   64/25000]
loss: 2.137576  [ 6464/25000]
loss: 1.949534  [12864/25000]
loss: 1.889649  [19264/25000]
Test Error: 
 Accuracy: 26.0%, Avg loss: 2.002292 

--------------------
TRAINING OF 3 TYPE OF NET

Epoch 1
-------------------------------
loss: 3.316648  [   64/25000]
loss: 2.024245  [ 6464/25000]
loss: 1.887026  [12864/25000]
loss: 1.789375  [19264/25000]
Test Error: 
 Accuracy: 30.7%, Avg loss: 1.956402 

--------------------
TRAINING OF 4 TYPE OF NET

Epoch 1
-------------------------------
loss: 2.663177  [   64/25000]
loss: 2.007498  [ 6464/25000]
loss: 1.840668  [12864/25000]
loss: 1.804071  [19264/25000]
Test Error: 
 Accuracy: 32.2%, Avg loss: 1.891066 

--------------------
TRAINING OF 5 TYPE OF NET

Epoch 1
-------------------------------
loss: 3.091259  [   64/25000]
loss: 2.131864  [ 6464/25000]
loss: 1.982331  [12864/25000]
loss: 1.933462  [19264/25000]
Test Error: 
 Accuracy: 30.3%, Avg loss: 1.961197 

--------------------
TRAINING OF 6 TYPE OF NET

Epoch 1
-------------------------------
loss: 2.345606  [   64/25000]
loss: 2.275173  [ 6464/25000]
loss: 2.180690  [12864/25000]
loss: 2.032216  [19264/25000]
Test Error: 
 Accuracy: 24.1%, Avg loss: 2.080903 

--------------------
Epoch 46
-------------------------------
loss: 1.374047  [   64/25000]
loss: 1.732726  [ 6464/25000]
loss: 1.441086  [12864/25000]
loss: 1.412684  [19264/25000]
Test Error: 
 Accuracy: 42.0%, Avg loss: 1.643727 


----------- Analysis -----------

TRAINING OF 1 TYPE OF NET

Epoch 1
-------------------------------
loss: 2.326177  [   64/25000]
loss: 2.099078  [ 6464/25000]
loss: 2.055868  [12864/25000]
loss: 1.954459  [19264/25000]
Test Error: 
 Accuracy: 24.8%, Avg loss: 2.041275 

--------------------
TRAINING OF 2 TYPE OF NET

Epoch 1
-------------------------------
loss: 2.676522  [   64/25000]
loss: 2.042810  [ 6464/25000]
loss: 2.001199  [12864/25000]
loss: 1.906057  [19264/25000]
Test Error: 
 Accuracy: 26.8%, Avg loss: 1.997785 

--------------------
TRAINING OF 3 TYPE OF NET

Epoch 1
-------------------------------
loss: 2.613091  [   64/25000]
loss: 2.039013  [ 6464/25000]
loss: 1.894155  [12864/25000]
loss: 1.797540  [19264/25000]
Test Error: 
 Accuracy: 30.4%, Avg loss: 1.947029 

--------------------
TRAINING OF 4 TYPE OF NET

Epoch 1
-------------------------------
loss: 3.054078  [   64/25000]
loss: 2.033787  [ 6464/25000]
loss: 1.825394  [12864/25000]
loss: 1.803345  [19264/25000]
Test Error: 
 Accuracy: 31.9%, Avg loss: 1.893519 

--------------------
TRAINING OF 5 TYPE OF NET

Epoch 1
-------------------------------
loss: 2.536840  [   64/25000]
loss: 2.167173  [ 6464/25000]
loss: 1.988653  [12864/25000]
loss: 1.944411  [19264/25000]
Test Error: 
 Accuracy: 31.5%, Avg loss: 1.950435 

--------------------
TRAINING OF 6 TYPE OF NET

Epoch 1
-------------------------------
loss: 3.007348  [   64/25000]
loss: 2.342772  [ 6464/25000]
loss: 2.238968  [12864/25000]
loss: 2.110056  [19264/25000]
Test Error: 
 Accuracy: 23.6%, Avg loss: 2.112921 

--------------------
Epoch 47
-------------------------------
loss: 1.363471  [   64/25000]
loss: 1.729970  [ 6464/25000]
loss: 1.437773  [12864/25000]
loss: 1.401803  [19264/25000]
Test Error: 
 Accuracy: 42.3%, Avg loss: 1.634361 


----------- Analysis -----------

TRAINING OF 1 TYPE OF NET

Epoch 1
-------------------------------
loss: 2.290668  [   64/25000]
loss: 2.121986  [ 6464/25000]
loss: 2.057590  [12864/25000]
loss: 1.996426  [19264/25000]
Test Error: 
 Accuracy: 25.0%, Avg loss: 2.042097 

--------------------
TRAINING OF 2 TYPE OF NET

Epoch 1
-------------------------------
loss: 2.755739  [   64/25000]
loss: 2.076420  [ 6464/25000]
loss: 2.016583  [12864/25000]
loss: 1.925679  [19264/25000]
Test Error: 
 Accuracy: 26.9%, Avg loss: 1.991954 

--------------------
TRAINING OF 3 TYPE OF NET

Epoch 1
-------------------------------
loss: 2.602631  [   64/25000]
loss: 2.030231  [ 6464/25000]
loss: 1.905615  [12864/25000]
loss: 1.829220  [19264/25000]
Test Error: 
 Accuracy: 30.5%, Avg loss: 1.943058 

--------------------
TRAINING OF 4 TYPE OF NET

Epoch 1
-------------------------------
loss: 2.743153  [   64/25000]
loss: 1.925473  [ 6464/25000]
loss: 1.841117  [12864/25000]
loss: 1.810646  [19264/25000]
Test Error: 
 Accuracy: 31.3%, Avg loss: 1.886486 

--------------------
TRAINING OF 5 TYPE OF NET

Epoch 1
-------------------------------
loss: 2.623988  [   64/25000]
loss: 2.155195  [ 6464/25000]
loss: 1.977836  [12864/25000]
loss: 1.919881  [19264/25000]
Test Error: 
 Accuracy: 31.8%, Avg loss: 1.941296 

--------------------
TRAINING OF 6 TYPE OF NET

Epoch 1
-------------------------------
loss: 2.322877  [   64/25000]
loss: 2.255520  [ 6464/25000]
loss: 2.081190  [12864/25000]
loss: 2.015907  [19264/25000]
Test Error: 
 Accuracy: 27.5%, Avg loss: 2.047506 

--------------------
Epoch 48
-------------------------------
loss: 1.351016  [   64/25000]
loss: 1.722832  [ 6464/25000]
loss: 1.434913  [12864/25000]
loss: 1.394009  [19264/25000]
Test Error: 
 Accuracy: 42.7%, Avg loss: 1.624540 


----------- Analysis -----------

TRAINING OF 1 TYPE OF NET

Epoch 1
-------------------------------
loss: 2.525390  [   64/25000]
loss: 2.077239  [ 6464/25000]
loss: 2.097189  [12864/25000]
loss: 1.976824  [19264/25000]
Test Error: 
 Accuracy: 24.7%, Avg loss: 2.043206 

--------------------
TRAINING OF 2 TYPE OF NET

Epoch 1
-------------------------------
loss: 2.875792  [   64/25000]
loss: 2.067457  [ 6464/25000]
loss: 2.002064  [12864/25000]
loss: 1.861109  [19264/25000]
Test Error: 
 Accuracy: 26.8%, Avg loss: 1.993524 

--------------------
TRAINING OF 3 TYPE OF NET

Epoch 1
-------------------------------
loss: 2.757766  [   64/25000]
loss: 2.048028  [ 6464/25000]
loss: 1.859265  [12864/25000]
loss: 1.794719  [19264/25000]
Test Error: 
 Accuracy: 29.7%, Avg loss: 1.954984 

--------------------
TRAINING OF 4 TYPE OF NET

Epoch 1
-------------------------------
loss: 2.424446  [   64/25000]
loss: 2.015386  [ 6464/25000]
loss: 1.829217  [12864/25000]
loss: 1.791727  [19264/25000]
Test Error: 
 Accuracy: 32.2%, Avg loss: 1.889756 

--------------------
TRAINING OF 5 TYPE OF NET

Epoch 1
-------------------------------
loss: 2.502418  [   64/25000]
loss: 2.187703  [ 6464/25000]
loss: 1.973199  [12864/25000]
loss: 1.957978  [19264/25000]
Test Error: 
 Accuracy: 30.6%, Avg loss: 1.936123 

--------------------
TRAINING OF 6 TYPE OF NET

Epoch 1
-------------------------------
loss: 2.981678  [   64/25000]
loss: 2.285306  [ 6464/25000]
loss: 2.122833  [12864/25000]
loss: 2.098607  [19264/25000]
Test Error: 
 Accuracy: 22.8%, Avg loss: 2.095219 

--------------------
Epoch 49
-------------------------------
loss: 1.340986  [   64/25000]
loss: 1.724147  [ 6464/25000]
loss: 1.432147  [12864/25000]
loss: 1.384369  [19264/25000]
Test Error: 
 Accuracy: 42.9%, Avg loss: 1.617207 


----------- Analysis -----------

TRAINING OF 1 TYPE OF NET

Epoch 1
-------------------------------
loss: 2.451430  [   64/25000]
loss: 2.107126  [ 6464/25000]
loss: 2.049472  [12864/25000]
loss: 1.969124  [19264/25000]
Test Error: 
 Accuracy: 24.5%, Avg loss: 2.041973 

--------------------
TRAINING OF 2 TYPE OF NET

Epoch 1
-------------------------------
loss: 2.906330  [   64/25000]
loss: 2.073159  [ 6464/25000]
loss: 2.011680  [12864/25000]
loss: 1.936107  [19264/25000]
Test Error: 
 Accuracy: 27.0%, Avg loss: 1.981091 

--------------------
TRAINING OF 3 TYPE OF NET

Epoch 1
-------------------------------
loss: 2.531579  [   64/25000]
loss: 2.007414  [ 6464/25000]
loss: 1.814784  [12864/25000]
loss: 1.757011  [19264/25000]
Test Error: 
 Accuracy: 30.8%, Avg loss: 1.942566 

--------------------
TRAINING OF 4 TYPE OF NET

Epoch 1
-------------------------------
loss: 2.478060  [   64/25000]
loss: 2.024152  [ 6464/25000]
loss: 1.891219  [12864/25000]
loss: 1.810206  [19264/25000]
Test Error: 
 Accuracy: 32.9%, Avg loss: 1.871756 

--------------------
TRAINING OF 5 TYPE OF NET

Epoch 1
-------------------------------
loss: 2.447421  [   64/25000]
loss: 2.134594  [ 6464/25000]
loss: 1.970242  [12864/25000]
loss: 1.896527  [19264/25000]
Test Error: 
 Accuracy: 31.3%, Avg loss: 1.932190 

--------------------
TRAINING OF 6 TYPE OF NET

Epoch 1
-------------------------------
loss: 2.589339  [   64/25000]
loss: 2.294291  [ 6464/25000]
loss: 2.155607  [12864/25000]
loss: 2.133644  [19264/25000]
Test Error: 
 Accuracy: 24.6%, Avg loss: 2.063669 

--------------------
Epoch 50
-------------------------------
loss: 1.334893  [   64/25000]
loss: 1.714159  [ 6464/25000]
loss: 1.426614  [12864/25000]
loss: 1.372434  [19264/25000]
Test Error: 
 Accuracy: 43.3%, Avg loss: 1.607764 


----------- Analysis -----------

TRAINING OF 1 TYPE OF NET

Epoch 1
-------------------------------
loss: 2.469356  [   64/25000]
loss: 2.123442  [ 6464/25000]
loss: 2.074855  [12864/25000]
loss: 2.003173  [19264/25000]
Test Error: 
 Accuracy: 23.7%, Avg loss: 2.044763 

--------------------
TRAINING OF 2 TYPE OF NET

Epoch 1
-------------------------------
loss: 2.513318  [   64/25000]
loss: 2.043201  [ 6464/25000]
loss: 1.944211  [12864/25000]
loss: 1.922278  [19264/25000]
Test Error: 
 Accuracy: 28.2%, Avg loss: 1.975207 

--------------------
TRAINING OF 3 TYPE OF NET

Epoch 1
-------------------------------
loss: 3.484474  [   64/25000]
loss: 2.021861  [ 6464/25000]
loss: 1.841084  [12864/25000]
loss: 1.813607  [19264/25000]
Test Error: 
 Accuracy: 31.0%, Avg loss: 1.933573 

--------------------
TRAINING OF 4 TYPE OF NET

Epoch 1
-------------------------------
loss: 3.709574  [   64/25000]
loss: 2.093979  [ 6464/25000]
loss: 1.862965  [12864/25000]
loss: 1.828400  [19264/25000]
Test Error: 
 Accuracy: 31.6%, Avg loss: 1.893831 

--------------------
TRAINING OF 5 TYPE OF NET

Epoch 1
-------------------------------
loss: 2.778840  [   64/25000]
loss: 2.126148  [ 6464/25000]
loss: 1.967964  [12864/25000]
loss: 1.901794  [19264/25000]
Test Error: 
 Accuracy: 29.1%, Avg loss: 1.944836 

--------------------
TRAINING OF 6 TYPE OF NET

Epoch 1
-------------------------------
loss: 2.552913  [   64/25000]
loss: 2.208875  [ 6464/25000]
loss: 2.153948  [12864/25000]
loss: 2.012136  [19264/25000]
Test Error: 
 Accuracy: 22.9%, Avg loss: 2.074521 

--------------------
Done!
