A100 GPU 80gb
@compute-2-3.local (GPU): GPU-8281fbc2-ad66-3ec4-1727-f5c0d85e45ca
Files already downloaded and verified
Files already downloaded and verified
2023-11-28 11:40:36,911 | INFO : ----------- VGG11 TRAINING -----------
2023-11-28 11:40:36,912 | INFO : Epoch 1
-------------------------------
2023-11-28 11:40:41,835 | INFO : loss: 2.294189  [   64/50000]
2023-11-28 11:41:05,432 | INFO : loss: 2.262147  [ 6464/50000]
2023-11-28 11:41:28,454 | INFO : loss: 2.067101  [12864/50000]
2023-11-28 11:41:53,566 | INFO : loss: 1.967464  [19264/50000]
2023-11-28 11:42:16,195 | INFO : loss: 1.890273  [25664/50000]
2023-11-28 11:42:33,713 | INFO : loss: 1.778597  [32064/50000]
2023-11-28 11:42:51,833 | INFO : loss: 1.757195  [38464/50000]
2023-11-28 11:43:08,830 | INFO : loss: 1.712497  [44864/50000]
2023-11-28 11:43:22,553 | DEBUG : Train loop total time: 165.64s
2023-11-28 11:43:22,553 | DEBUG : For loop time percentage with respect to total time: 78.6%
2023-11-28 11:43:22,553 | DEBUG : Forward time percentage with respect to total time: 18.7%
2023-11-28 11:43:22,553 | DEBUG : Backward time percentage with respect to total time: 2.4%
2023-11-28 11:43:22,553 | DEBUG : Backward time percentage with respect to forward time: 13.0%

2023-11-28 11:43:49,544 | INFO : Test Error: 
 Accuracy: 40.6%, Avg loss: 1.635733 

2023-11-28 11:43:49,545 | INFO : Epoch 2
-------------------------------
2023-11-28 11:43:49,760 | INFO : loss: 1.717496  [   64/50000]
2023-11-28 11:44:09,881 | INFO : loss: 1.616766  [ 6464/50000]
2023-11-28 11:44:27,930 | INFO : loss: 1.513696  [12864/50000]
2023-11-28 11:44:46,407 | INFO : loss: 1.436614  [19264/50000]
2023-11-28 11:45:05,129 | INFO : loss: 1.444642  [25664/50000]
2023-11-28 11:45:23,944 | INFO : loss: 1.569449  [32064/50000]
2023-11-28 11:45:42,634 | INFO : loss: 1.303512  [38464/50000]
2023-11-28 11:45:59,243 | INFO : loss: 1.449167  [44864/50000]
2023-11-28 11:46:16,815 | DEBUG : Train loop total time: 147.27s
2023-11-28 11:46:16,817 | DEBUG : For loop time percentage with respect to total time: 80.7%
2023-11-28 11:46:16,817 | DEBUG : Forward time percentage with respect to total time: 17.1%
2023-11-28 11:46:16,817 | DEBUG : Backward time percentage with respect to total time: 1.9%
2023-11-28 11:46:16,817 | DEBUG : Backward time percentage with respect to forward time: 11.2%

2023-11-28 11:46:50,499 | INFO : Test Error: 
 Accuracy: 48.4%, Avg loss: 1.428812 

2023-11-28 11:46:50,500 | INFO : Epoch 3
-------------------------------
2023-11-28 11:46:50,696 | INFO : loss: 1.455247  [   64/50000]
2023-11-28 11:47:09,488 | INFO : loss: 1.288089  [ 6464/50000]
2023-11-28 11:47:27,281 | INFO : loss: 1.527445  [12864/50000]
2023-11-28 11:47:45,414 | INFO : loss: 1.457150  [19264/50000]
2023-11-28 11:48:05,728 | INFO : loss: 1.355296  [25664/50000]
2023-11-28 11:48:24,900 | INFO : loss: 1.319381  [32064/50000]
2023-11-28 11:48:41,818 | INFO : loss: 1.212610  [38464/50000]
2023-11-28 11:49:01,114 | INFO : loss: 1.417993  [44864/50000]
2023-11-28 11:49:18,605 | DEBUG : Train loop total time: 148.1s
2023-11-28 11:49:18,606 | DEBUG : For loop time percentage with respect to total time: 81.5%
2023-11-28 11:49:18,606 | DEBUG : Forward time percentage with respect to total time: 16.3%
2023-11-28 11:49:18,606 | DEBUG : Backward time percentage with respect to total time: 2.0%
2023-11-28 11:49:18,606 | DEBUG : Backward time percentage with respect to forward time: 12.2%

2023-11-28 11:49:53,889 | INFO : Test Error: 
 Accuracy: 54.6%, Avg loss: 1.256076 

2023-11-28 11:49:53,890 | INFO : Epoch 4
-------------------------------
2023-11-28 11:49:54,111 | INFO : loss: 1.040445  [   64/50000]
2023-11-28 11:50:14,208 | INFO : loss: 1.355868  [ 6464/50000]
2023-11-28 11:50:33,134 | INFO : loss: 1.383305  [12864/50000]
2023-11-28 11:50:52,902 | INFO : loss: 1.080689  [19264/50000]
2023-11-28 11:51:12,458 | INFO : loss: 1.258106  [25664/50000]
2023-11-28 11:51:30,606 | INFO : loss: 1.127342  [32064/50000]
2023-11-28 11:51:46,909 | INFO : loss: 1.136796  [38464/50000]
2023-11-28 11:52:02,471 | INFO : loss: 1.116310  [44864/50000]
2023-11-28 11:52:17,605 | DEBUG : Train loop total time: 143.71s
2023-11-28 11:52:17,606 | DEBUG : For loop time percentage with respect to total time: 79.5%
2023-11-28 11:52:17,606 | DEBUG : Forward time percentage with respect to total time: 18.2%
2023-11-28 11:52:17,606 | DEBUG : Backward time percentage with respect to total time: 2.0%
2023-11-28 11:52:17,606 | DEBUG : Backward time percentage with respect to forward time: 11.1%

2023-11-28 11:52:49,453 | INFO : Test Error: 
 Accuracy: 58.5%, Avg loss: 1.166901 

2023-11-28 11:52:49,454 | INFO : Epoch 5
-------------------------------
2023-11-28 11:52:49,697 | INFO : loss: 1.315395  [   64/50000]
2023-11-28 11:53:07,052 | INFO : loss: 0.742176  [ 6464/50000]
2023-11-28 11:53:23,657 | INFO : loss: 1.167989  [12864/50000]
2023-11-28 11:53:42,142 | INFO : loss: 1.099005  [19264/50000]
2023-11-28 11:53:58,738 | INFO : loss: 0.786295  [25664/50000]
2023-11-28 11:54:19,285 | INFO : loss: 1.012315  [32064/50000]
2023-11-28 11:54:40,627 | INFO : loss: 0.985814  [38464/50000]
2023-11-28 11:55:00,301 | INFO : loss: 1.158399  [44864/50000]
2023-11-28 11:55:14,025 | DEBUG : Train loop total time: 144.57s
2023-11-28 11:55:14,026 | DEBUG : For loop time percentage with respect to total time: 79.4%
2023-11-28 11:55:14,026 | DEBUG : Forward time percentage with respect to total time: 18.3%
2023-11-28 11:55:14,026 | DEBUG : Backward time percentage with respect to total time: 2.0%
2023-11-28 11:55:14,026 | DEBUG : Backward time percentage with respect to forward time: 11.0%

2023-11-28 11:55:41,498 | INFO : Test Error: 
 Accuracy: 61.8%, Avg loss: 1.078042 

2023-11-28 11:55:41,498 | INFO : Epoch 6
-------------------------------
2023-11-28 11:55:41,705 | INFO : loss: 0.980290  [   64/50000]
2023-11-28 11:55:59,418 | INFO : loss: 1.100715  [ 6464/50000]
2023-11-28 11:56:17,375 | INFO : loss: 1.002662  [12864/50000]
2023-11-28 11:56:37,011 | INFO : loss: 0.637285  [19264/50000]
2023-11-28 11:56:54,255 | INFO : loss: 1.103547  [25664/50000]
2023-11-28 11:57:11,734 | INFO : loss: 0.860616  [32064/50000]
2023-11-28 11:57:30,944 | INFO : loss: 0.911144  [38464/50000]
2023-11-28 11:57:52,194 | INFO : loss: 1.169668  [44864/50000]
2023-11-28 11:58:06,950 | DEBUG : Train loop total time: 145.45s
2023-11-28 11:58:06,952 | DEBUG : For loop time percentage with respect to total time: 80.7%
2023-11-28 11:58:06,952 | DEBUG : Forward time percentage with respect to total time: 17.0%
2023-11-28 11:58:06,952 | DEBUG : Backward time percentage with respect to total time: 2.1%
2023-11-28 11:58:06,952 | DEBUG : Backward time percentage with respect to forward time: 12.2%

2023-11-28 11:58:39,377 | INFO : Test Error: 
 Accuracy: 65.2%, Avg loss: 0.982934 

2023-11-28 11:58:39,378 | INFO : Epoch 7
-------------------------------
2023-11-28 11:58:39,580 | INFO : loss: 0.883882  [   64/50000]
2023-11-28 11:59:03,188 | INFO : loss: 0.861949  [ 6464/50000]
2023-11-28 11:59:23,293 | INFO : loss: 0.760469  [12864/50000]
2023-11-28 11:59:42,639 | INFO : loss: 1.067305  [19264/50000]
2023-11-28 12:00:01,333 | INFO : loss: 0.812831  [25664/50000]
2023-11-28 12:00:18,796 | INFO : loss: 0.924050  [32064/50000]
2023-11-28 12:00:35,747 | INFO : loss: 0.932909  [38464/50000]
2023-11-28 12:00:55,317 | INFO : loss: 0.598081  [44864/50000]
2023-11-28 12:01:10,641 | DEBUG : Train loop total time: 151.26s
2023-11-28 12:01:10,645 | DEBUG : For loop time percentage with respect to total time: 80.1%
2023-11-28 12:01:10,645 | DEBUG : Forward time percentage with respect to total time: 17.5%
2023-11-28 12:01:10,645 | DEBUG : Backward time percentage with respect to total time: 2.1%
2023-11-28 12:01:10,645 | DEBUG : Backward time percentage with respect to forward time: 12.3%

2023-11-28 12:01:40,286 | INFO : Test Error: 
 Accuracy: 67.8%, Avg loss: 0.925915 

2023-11-28 12:01:40,287 | INFO : Epoch 8
-------------------------------
2023-11-28 12:01:40,481 | INFO : loss: 0.448816  [   64/50000]
2023-11-28 12:01:58,779 | INFO : loss: 0.500554  [ 6464/50000]
2023-11-28 12:02:17,265 | INFO : loss: 0.631641  [12864/50000]
2023-11-28 12:02:36,767 | INFO : loss: 0.978267  [19264/50000]
2023-11-28 12:02:54,856 | INFO : loss: 0.596328  [25664/50000]
2023-11-28 12:03:13,710 | INFO : loss: 0.744468  [32064/50000]
2023-11-28 12:03:30,195 | INFO : loss: 0.620250  [38464/50000]
2023-11-28 12:03:48,016 | INFO : loss: 0.650820  [44864/50000]
2023-11-28 12:04:02,058 | DEBUG : Train loop total time: 141.77s
2023-11-28 12:04:02,058 | DEBUG : For loop time percentage with respect to total time: 81.1%
2023-11-28 12:04:02,059 | DEBUG : Forward time percentage with respect to total time: 16.5%
2023-11-28 12:04:02,059 | DEBUG : Backward time percentage with respect to total time: 2.2%
2023-11-28 12:04:02,059 | DEBUG : Backward time percentage with respect to forward time: 13.2%

2023-11-28 12:04:29,655 | INFO : Test Error: 
 Accuracy: 68.7%, Avg loss: 0.902168 

2023-11-28 12:04:29,656 | INFO : Epoch 9
-------------------------------
2023-11-28 12:04:29,893 | INFO : loss: 0.653674  [   64/50000]
2023-11-28 12:04:47,855 | INFO : loss: 0.466903  [ 6464/50000]
2023-11-28 12:05:05,649 | INFO : loss: 0.622306  [12864/50000]
2023-11-28 12:05:22,804 | INFO : loss: 0.621154  [19264/50000]
2023-11-28 12:05:40,740 | INFO : loss: 0.729396  [25664/50000]
2023-11-28 12:06:00,430 | INFO : loss: 0.761175  [32064/50000]
2023-11-28 12:06:17,274 | INFO : loss: 0.746577  [38464/50000]
2023-11-28 12:06:33,619 | INFO : loss: 0.549161  [44864/50000]
2023-11-28 12:06:47,271 | DEBUG : Train loop total time: 137.61s
2023-11-28 12:06:47,273 | DEBUG : For loop time percentage with respect to total time: 80.8%
2023-11-28 12:06:47,273 | DEBUG : Forward time percentage with respect to total time: 16.9%
2023-11-28 12:06:47,273 | DEBUG : Backward time percentage with respect to total time: 1.9%
2023-11-28 12:06:47,273 | DEBUG : Backward time percentage with respect to forward time: 11.5%

2023-11-28 12:07:14,350 | INFO : Test Error: 
 Accuracy: 69.5%, Avg loss: 0.907528 

2023-11-28 12:07:14,351 | INFO : Epoch 10
-------------------------------
2023-11-28 12:07:14,599 | INFO : loss: 0.536461  [   64/50000]
2023-11-28 12:07:31,846 | INFO : loss: 0.694885  [ 6464/50000]
2023-11-28 12:07:50,183 | INFO : loss: 0.536765  [12864/50000]
2023-11-28 12:08:06,252 | INFO : loss: 0.735286  [19264/50000]
2023-11-28 12:08:25,343 | INFO : loss: 0.577593  [25664/50000]
2023-11-28 12:08:43,023 | INFO : loss: 0.714850  [32064/50000]
2023-11-28 12:09:00,557 | INFO : loss: 0.806781  [38464/50000]
2023-11-28 12:09:17,562 | INFO : loss: 0.682191  [44864/50000]
2023-11-28 12:09:31,158 | DEBUG : Train loop total time: 136.81s
2023-11-28 12:09:31,158 | DEBUG : For loop time percentage with respect to total time: 80.6%
2023-11-28 12:09:31,158 | DEBUG : Forward time percentage with respect to total time: 17.1%
2023-11-28 12:09:31,158 | DEBUG : Backward time percentage with respect to total time: 2.0%
2023-11-28 12:09:31,159 | DEBUG : Backward time percentage with respect to forward time: 11.4%

2023-11-28 12:09:57,202 | INFO : Test Error: 
 Accuracy: 71.2%, Avg loss: 0.848127 

2023-11-28 12:09:57,204 | INFO : Epoch 11
-------------------------------
2023-11-28 12:09:57,433 | INFO : loss: 0.476944  [   64/50000]
2023-11-28 12:10:15,418 | INFO : loss: 0.328414  [ 6464/50000]
2023-11-28 12:10:33,519 | INFO : loss: 0.583703  [12864/50000]
2023-11-28 12:10:50,231 | INFO : loss: 0.545727  [19264/50000]
2023-11-28 12:11:09,171 | INFO : loss: 0.296967  [25664/50000]
2023-11-28 12:11:27,079 | INFO : loss: 0.654839  [32064/50000]
2023-11-28 12:11:43,135 | INFO : loss: 0.723452  [38464/50000]
2023-11-28 12:11:59,029 | INFO : loss: 0.580648  [44864/50000]
2023-11-28 12:12:13,430 | DEBUG : Train loop total time: 136.23s
2023-11-28 12:12:13,430 | DEBUG : For loop time percentage with respect to total time: 80.3%
2023-11-28 12:12:13,430 | DEBUG : Forward time percentage with respect to total time: 17.3%
2023-11-28 12:12:13,430 | DEBUG : Backward time percentage with respect to total time: 2.1%
2023-11-28 12:12:13,430 | DEBUG : Backward time percentage with respect to forward time: 12.0%

2023-11-28 12:12:39,272 | INFO : Test Error: 
 Accuracy: 72.0%, Avg loss: 0.857489 

2023-11-28 12:12:39,273 | INFO : Epoch 12
-------------------------------
2023-11-28 12:12:39,479 | INFO : loss: 0.432697  [   64/50000]
2023-11-28 12:12:56,526 | INFO : loss: 0.424187  [ 6464/50000]
2023-11-28 12:13:13,754 | INFO : loss: 0.684241  [12864/50000]
2023-11-28 12:13:32,130 | INFO : loss: 0.396793  [19264/50000]
2023-11-28 12:13:51,970 | INFO : loss: 0.614480  [25664/50000]
2023-11-28 12:14:09,674 | INFO : loss: 0.423910  [32064/50000]
2023-11-28 12:14:31,153 | INFO : loss: 0.388869  [38464/50000]
2023-11-28 12:14:49,307 | INFO : loss: 0.412961  [44864/50000]
2023-11-28 12:15:04,644 | DEBUG : Train loop total time: 145.37s
2023-11-28 12:15:04,645 | DEBUG : For loop time percentage with respect to total time: 81.2%
2023-11-28 12:15:04,645 | DEBUG : Forward time percentage with respect to total time: 16.6%
2023-11-28 12:15:04,645 | DEBUG : Backward time percentage with respect to total time: 1.8%
2023-11-28 12:15:04,645 | DEBUG : Backward time percentage with respect to forward time: 11.1%

2023-11-28 12:15:32,319 | INFO : Test Error: 
 Accuracy: 72.4%, Avg loss: 0.885457 

2023-11-28 12:15:32,320 | INFO : Epoch 13
-------------------------------
2023-11-28 12:15:32,742 | INFO : loss: 0.286993  [   64/50000]
2023-11-28 12:15:51,064 | INFO : loss: 0.249118  [ 6464/50000]
2023-11-28 12:16:08,076 | INFO : loss: 0.458511  [12864/50000]
2023-11-28 12:16:25,769 | INFO : loss: 0.390000  [19264/50000]
2023-11-28 12:16:43,115 | INFO : loss: 0.411950  [25664/50000]
2023-11-28 12:17:01,040 | INFO : loss: 0.319801  [32064/50000]
2023-11-28 12:17:17,753 | INFO : loss: 0.380880  [38464/50000]
2023-11-28 12:17:35,725 | INFO : loss: 0.308935  [44864/50000]
2023-11-28 12:17:49,368 | DEBUG : Train loop total time: 137.05s
2023-11-28 12:17:49,369 | DEBUG : For loop time percentage with respect to total time: 80.4%
2023-11-28 12:17:49,369 | DEBUG : Forward time percentage with respect to total time: 17.3%
2023-11-28 12:17:49,369 | DEBUG : Backward time percentage with respect to total time: 1.9%
2023-11-28 12:17:49,369 | DEBUG : Backward time percentage with respect to forward time: 11.2%

2023-11-28 12:18:15,488 | INFO : Test Error: 
 Accuracy: 72.7%, Avg loss: 0.912032 

2023-11-28 12:18:15,488 | INFO : Epoch 14
-------------------------------
2023-11-28 12:18:15,753 | INFO : loss: 0.164272  [   64/50000]
2023-11-28 12:18:33,313 | INFO : loss: 0.287707  [ 6464/50000]
2023-11-28 12:18:52,748 | INFO : loss: 0.326173  [12864/50000]
2023-11-28 12:19:09,758 | INFO : loss: 0.244884  [19264/50000]
2023-11-28 12:19:27,179 | INFO : loss: 0.320906  [25664/50000]
2023-11-28 12:19:45,374 | INFO : loss: 0.229703  [32064/50000]
2023-11-28 12:20:03,158 | INFO : loss: 0.409747  [38464/50000]
2023-11-28 12:20:21,367 | INFO : loss: 0.302960  [44864/50000]
2023-11-28 12:20:35,859 | DEBUG : Train loop total time: 140.37s
2023-11-28 12:20:35,860 | DEBUG : For loop time percentage with respect to total time: 80.2%
2023-11-28 12:20:35,860 | DEBUG : Forward time percentage with respect to total time: 17.7%
2023-11-28 12:20:35,860 | DEBUG : Backward time percentage with respect to total time: 1.8%
2023-11-28 12:20:35,860 | DEBUG : Backward time percentage with respect to forward time: 10.3%

2023-11-28 12:21:03,988 | INFO : Test Error: 
 Accuracy: 72.9%, Avg loss: 0.930416 

2023-11-28 12:21:03,989 | INFO : Epoch 15
-------------------------------
2023-11-28 12:21:04,183 | INFO : loss: 0.212455  [   64/50000]
2023-11-28 12:21:21,933 | INFO : loss: 0.149539  [ 6464/50000]
2023-11-28 12:21:40,934 | INFO : loss: 0.233427  [12864/50000]
2023-11-28 12:21:59,954 | INFO : loss: 0.356438  [19264/50000]
2023-11-28 12:22:19,053 | INFO : loss: 0.175662  [25664/50000]
2023-11-28 12:22:39,006 | INFO : loss: 0.180845  [32064/50000]
2023-11-28 12:22:56,688 | INFO : loss: 0.252342  [38464/50000]
2023-11-28 12:23:14,779 | INFO : loss: 0.177094  [44864/50000]
2023-11-28 12:23:28,538 | DEBUG : Train loop total time: 144.55s
2023-11-28 12:23:28,539 | DEBUG : For loop time percentage with respect to total time: 81.1%
2023-11-28 12:23:28,539 | DEBUG : Forward time percentage with respect to total time: 16.6%
2023-11-28 12:23:28,539 | DEBUG : Backward time percentage with respect to total time: 2.1%
2023-11-28 12:23:28,539 | DEBUG : Backward time percentage with respect to forward time: 12.4%

2023-11-28 12:23:56,958 | INFO : Test Error: 
 Accuracy: 73.6%, Avg loss: 0.973734 

2023-11-28 12:23:56,959 | INFO : Epoch 16
-------------------------------
2023-11-28 12:23:57,175 | INFO : loss: 0.214749  [   64/50000]
2023-11-28 12:24:15,535 | INFO : loss: 0.110968  [ 6464/50000]
2023-11-28 12:24:32,215 | INFO : loss: 0.144431  [12864/50000]
2023-11-28 12:24:51,617 | INFO : loss: 0.174364  [19264/50000]
2023-11-28 12:25:11,462 | INFO : loss: 0.186180  [25664/50000]
2023-11-28 12:25:27,199 | INFO : loss: 0.276782  [32064/50000]
2023-11-28 12:25:45,469 | INFO : loss: 0.240263  [38464/50000]
2023-11-28 12:26:05,361 | INFO : loss: 0.172855  [44864/50000]
2023-11-28 12:26:19,979 | DEBUG : Train loop total time: 143.02s
2023-11-28 12:26:19,980 | DEBUG : For loop time percentage with respect to total time: 80.4%
2023-11-28 12:26:19,980 | DEBUG : Forward time percentage with respect to total time: 17.2%
2023-11-28 12:26:19,980 | DEBUG : Backward time percentage with respect to total time: 2.2%
2023-11-28 12:26:19,980 | DEBUG : Backward time percentage with respect to forward time: 12.6%

2023-11-28 12:26:51,166 | INFO : Test Error: 
 Accuracy: 73.9%, Avg loss: 1.002879 

2023-11-28 12:26:51,167 | INFO : Epoch 17
-------------------------------
2023-11-28 12:26:51,428 | INFO : loss: 0.126591  [   64/50000]
2023-11-28 12:27:08,680 | INFO : loss: 0.150573  [ 6464/50000]
2023-11-28 12:27:26,441 | INFO : loss: 0.126959  [12864/50000]
2023-11-28 12:27:42,618 | INFO : loss: 0.148573  [19264/50000]
2023-11-28 12:28:00,787 | INFO : loss: 0.066878  [25664/50000]
2023-11-28 12:28:22,990 | INFO : loss: 0.079536  [32064/50000]
2023-11-28 12:28:40,175 | INFO : loss: 0.170478  [38464/50000]
2023-11-28 12:28:58,230 | INFO : loss: 0.279724  [44864/50000]
2023-11-28 12:29:12,807 | DEBUG : Train loop total time: 141.64s
2023-11-28 12:29:12,807 | DEBUG : For loop time percentage with respect to total time: 80.7%
2023-11-28 12:29:12,808 | DEBUG : Forward time percentage with respect to total time: 17.0%
2023-11-28 12:29:12,808 | DEBUG : Backward time percentage with respect to total time: 2.0%
2023-11-28 12:29:12,808 | DEBUG : Backward time percentage with respect to forward time: 11.8%

2023-11-28 12:29:40,542 | INFO : Test Error: 
 Accuracy: 73.9%, Avg loss: 1.032966 

2023-11-28 12:29:40,543 | INFO : Epoch 18
-------------------------------
2023-11-28 12:29:40,748 | INFO : loss: 0.061751  [   64/50000]
2023-11-28 12:29:59,330 | INFO : loss: 0.119831  [ 6464/50000]
2023-11-28 12:30:18,489 | INFO : loss: 0.239722  [12864/50000]
2023-11-28 12:30:35,402 | INFO : loss: 0.308428  [19264/50000]
2023-11-28 12:30:54,971 | INFO : loss: 0.127877  [25664/50000]
2023-11-28 12:31:16,272 | INFO : loss: 0.100126  [32064/50000]
2023-11-28 12:31:33,471 | INFO : loss: 0.106673  [38464/50000]
2023-11-28 12:31:50,087 | INFO : loss: 0.024843  [44864/50000]
2023-11-28 12:32:03,693 | DEBUG : Train loop total time: 143.15s
2023-11-28 12:32:03,693 | DEBUG : For loop time percentage with respect to total time: 80.0%
2023-11-28 12:32:03,694 | DEBUG : Forward time percentage with respect to total time: 17.8%
2023-11-28 12:32:03,694 | DEBUG : Backward time percentage with respect to total time: 1.9%
2023-11-28 12:32:03,694 | DEBUG : Backward time percentage with respect to forward time: 10.6%

2023-11-28 12:32:36,556 | INFO : Test Error: 
 Accuracy: 73.6%, Avg loss: 1.128033 

2023-11-28 12:32:36,557 | INFO : Epoch 19
-------------------------------
2023-11-28 12:32:36,754 | INFO : loss: 0.223761  [   64/50000]
2023-11-28 12:32:54,899 | INFO : loss: 0.146806  [ 6464/50000]
2023-11-28 12:33:12,088 | INFO : loss: 0.090666  [12864/50000]
2023-11-28 12:33:30,633 | INFO : loss: 0.180240  [19264/50000]
2023-11-28 12:33:48,118 | INFO : loss: 0.075431  [25664/50000]
2023-11-28 12:34:05,585 | INFO : loss: 0.056609  [32064/50000]
2023-11-28 12:34:21,729 | INFO : loss: 0.045466  [38464/50000]
2023-11-28 12:34:40,878 | INFO : loss: 0.069360  [44864/50000]
2023-11-28 12:34:54,874 | DEBUG : Train loop total time: 138.32s
2023-11-28 12:34:54,874 | DEBUG : For loop time percentage with respect to total time: 79.8%
2023-11-28 12:34:54,874 | DEBUG : Forward time percentage with respect to total time: 18.1%
2023-11-28 12:34:54,874 | DEBUG : Backward time percentage with respect to total time: 1.9%
2023-11-28 12:34:54,875 | DEBUG : Backward time percentage with respect to forward time: 10.3%

2023-11-28 12:35:20,797 | INFO : Test Error: 
 Accuracy: 74.5%, Avg loss: 1.133922 

2023-11-28 12:35:20,798 | INFO : Epoch 20
-------------------------------
2023-11-28 12:35:21,057 | INFO : loss: 0.062809  [   64/50000]
2023-11-28 12:35:40,130 | INFO : loss: 0.036988  [ 6464/50000]
2023-11-28 12:35:58,032 | INFO : loss: 0.063614  [12864/50000]
2023-11-28 12:36:14,616 | INFO : loss: 0.086984  [19264/50000]
2023-11-28 12:36:30,749 | INFO : loss: 0.051124  [25664/50000]
2023-11-28 12:36:47,860 | INFO : loss: 0.066347  [32064/50000]
2023-11-28 12:37:04,280 | INFO : loss: 0.059015  [38464/50000]
2023-11-28 12:37:21,173 | INFO : loss: 0.043910  [44864/50000]
2023-11-28 12:37:35,233 | DEBUG : Train loop total time: 134.44s
2023-11-28 12:37:35,234 | DEBUG : For loop time percentage with respect to total time: 80.4%
2023-11-28 12:37:35,234 | DEBUG : Forward time percentage with respect to total time: 17.0%
2023-11-28 12:37:35,234 | DEBUG : Backward time percentage with respect to total time: 2.3%
2023-11-28 12:37:35,234 | DEBUG : Backward time percentage with respect to forward time: 13.2%

2023-11-28 12:38:01,032 | INFO : Test Error: 
 Accuracy: 74.3%, Avg loss: 1.162183 

2023-11-28 12:38:01,033 | INFO : Epoch 21
-------------------------------
2023-11-28 12:38:01,282 | INFO : loss: 0.067239  [   64/50000]
2023-11-28 12:38:18,304 | INFO : loss: 0.073338  [ 6464/50000]
2023-11-28 12:38:34,967 | INFO : loss: 0.035485  [12864/50000]
2023-11-28 12:38:51,884 | INFO : loss: 0.032550  [19264/50000]
2023-11-28 12:39:09,855 | INFO : loss: 0.135442  [25664/50000]
2023-11-28 12:39:28,676 | INFO : loss: 0.100494  [32064/50000]
2023-11-28 12:39:45,078 | INFO : loss: 0.064433  [38464/50000]
2023-11-28 12:40:01,442 | INFO : loss: 0.102259  [44864/50000]
2023-11-28 12:40:15,504 | DEBUG : Train loop total time: 134.47s
2023-11-28 12:40:15,504 | DEBUG : For loop time percentage with respect to total time: 80.2%
2023-11-28 12:40:15,504 | DEBUG : Forward time percentage with respect to total time: 17.4%
2023-11-28 12:40:15,504 | DEBUG : Backward time percentage with respect to total time: 2.0%
2023-11-28 12:40:15,504 | DEBUG : Backward time percentage with respect to forward time: 11.6%

2023-11-28 12:40:43,143 | INFO : Test Error: 
 Accuracy: 74.7%, Avg loss: 1.273789 

2023-11-28 12:40:43,143 | INFO : Epoch 22
-------------------------------
2023-11-28 12:40:43,364 | INFO : loss: 0.105148  [   64/50000]
2023-11-28 12:40:59,658 | INFO : loss: 0.070755  [ 6464/50000]
2023-11-28 12:41:15,578 | INFO : loss: 0.179199  [12864/50000]
2023-11-28 12:41:33,244 | INFO : loss: 0.044310  [19264/50000]
2023-11-28 12:41:50,383 | INFO : loss: 0.034179  [25664/50000]
2023-11-28 12:42:08,070 | INFO : loss: 0.239417  [32064/50000]
2023-11-28 12:42:24,837 | INFO : loss: 0.023469  [38464/50000]
2023-11-28 12:42:42,929 | INFO : loss: 0.036737  [44864/50000]
2023-11-28 12:42:57,654 | DEBUG : Train loop total time: 134.51s
2023-11-28 12:42:57,654 | DEBUG : For loop time percentage with respect to total time: 80.8%
2023-11-28 12:42:57,654 | DEBUG : Forward time percentage with respect to total time: 17.0%
2023-11-28 12:42:57,654 | DEBUG : Backward time percentage with respect to total time: 1.9%
2023-11-28 12:42:57,654 | DEBUG : Backward time percentage with respect to forward time: 11.2%

2023-11-28 12:43:24,074 | INFO : Test Error: 
 Accuracy: 74.0%, Avg loss: 1.269039 

2023-11-28 12:43:24,075 | INFO : Epoch 23
-------------------------------
2023-11-28 12:43:24,350 | INFO : loss: 0.052567  [   64/50000]
2023-11-28 12:43:41,399 | INFO : loss: 0.019895  [ 6464/50000]
2023-11-28 12:43:57,361 | INFO : loss: 0.011190  [12864/50000]
2023-11-28 12:44:14,525 | INFO : loss: 0.089634  [19264/50000]
2023-11-28 12:44:34,338 | INFO : loss: 0.084859  [25664/50000]
2023-11-28 12:44:51,072 | INFO : loss: 0.079190  [32064/50000]
2023-11-28 12:45:10,083 | INFO : loss: 0.013025  [38464/50000]
2023-11-28 12:45:27,651 | INFO : loss: 0.060627  [44864/50000]
2023-11-28 12:45:41,239 | DEBUG : Train loop total time: 137.16s
2023-11-28 12:45:41,240 | DEBUG : For loop time percentage with respect to total time: 81.1%
2023-11-28 12:45:41,240 | DEBUG : Forward time percentage with respect to total time: 16.7%
2023-11-28 12:45:41,240 | DEBUG : Backward time percentage with respect to total time: 1.9%
2023-11-28 12:45:41,240 | DEBUG : Backward time percentage with respect to forward time: 11.5%

2023-11-28 12:46:10,364 | INFO : Test Error: 
 Accuracy: 74.2%, Avg loss: 1.342019 

2023-11-28 12:46:10,364 | INFO : Epoch 24
-------------------------------
2023-11-28 12:46:10,591 | INFO : loss: 0.206850  [   64/50000]
2023-11-28 12:46:30,540 | INFO : loss: 0.005171  [ 6464/50000]
2023-11-28 12:46:52,125 | INFO : loss: 0.038906  [12864/50000]
2023-11-28 12:47:10,922 | INFO : loss: 0.038405  [19264/50000]
2023-11-28 12:47:28,527 | INFO : loss: 0.045463  [25664/50000]
2023-11-28 12:47:47,679 | INFO : loss: 0.144852  [32064/50000]
2023-11-28 12:48:05,446 | INFO : loss: 0.014593  [38464/50000]
2023-11-28 12:48:25,667 | INFO : loss: 0.022310  [44864/50000]
2023-11-28 12:48:38,775 | DEBUG : Train loop total time: 148.41s
2023-11-28 12:48:38,776 | DEBUG : For loop time percentage with respect to total time: 81.9%
2023-11-28 12:48:38,776 | DEBUG : Forward time percentage with respect to total time: 16.0%
2023-11-28 12:48:38,776 | DEBUG : Backward time percentage with respect to total time: 1.7%
2023-11-28 12:48:38,776 | DEBUG : Backward time percentage with respect to forward time: 10.9%

2023-11-28 12:49:08,866 | INFO : Test Error: 
 Accuracy: 75.2%, Avg loss: 1.336277 

2023-11-28 12:49:08,866 | INFO : Epoch 25
-------------------------------
2023-11-28 12:49:09,105 | INFO : loss: 0.096989  [   64/50000]
2023-11-28 12:49:28,757 | INFO : loss: 0.041251  [ 6464/50000]
2023-11-28 12:49:46,522 | INFO : loss: 0.028916  [12864/50000]
2023-11-28 12:50:04,556 | INFO : loss: 0.022665  [19264/50000]
2023-11-28 12:50:22,846 | INFO : loss: 0.067967  [25664/50000]
2023-11-28 12:50:39,299 | INFO : loss: 0.006429  [32064/50000]
2023-11-28 12:50:56,488 | INFO : loss: 0.059171  [38464/50000]
2023-11-28 12:51:14,887 | INFO : loss: 0.017034  [44864/50000]
2023-11-28 12:51:29,014 | DEBUG : Train loop total time: 140.15s
2023-11-28 12:51:29,015 | DEBUG : For loop time percentage with respect to total time: 80.9%
2023-11-28 12:51:29,015 | DEBUG : Forward time percentage with respect to total time: 16.9%
2023-11-28 12:51:29,015 | DEBUG : Backward time percentage with respect to total time: 1.8%
2023-11-28 12:51:29,015 | DEBUG : Backward time percentage with respect to forward time: 10.9%

2023-11-28 12:51:57,037 | INFO : Test Error: 
 Accuracy: 74.2%, Avg loss: 1.309591 

2023-11-28 12:51:57,038 | INFO : Epoch 26
-------------------------------
2023-11-28 12:51:57,387 | INFO : loss: 0.011007  [   64/50000]
2023-11-28 12:52:15,694 | INFO : loss: 0.033423  [ 6464/50000]
2023-11-28 12:52:33,954 | INFO : loss: 0.079563  [12864/50000]
2023-11-28 12:52:51,062 | INFO : loss: 0.095790  [19264/50000]
2023-11-28 12:53:09,018 | INFO : loss: 0.017038  [25664/50000]
2023-11-28 12:53:25,685 | INFO : loss: 0.037087  [32064/50000]
2023-11-28 12:53:42,506 | INFO : loss: 0.039346  [38464/50000]
2023-11-28 12:53:59,977 | INFO : loss: 0.026446  [44864/50000]
2023-11-28 12:54:14,545 | DEBUG : Train loop total time: 137.51s
2023-11-28 12:54:14,546 | DEBUG : For loop time percentage with respect to total time: 80.9%
2023-11-28 12:54:14,546 | DEBUG : Forward time percentage with respect to total time: 16.9%
2023-11-28 12:54:14,546 | DEBUG : Backward time percentage with respect to total time: 2.0%
2023-11-28 12:54:14,546 | DEBUG : Backward time percentage with respect to forward time: 11.6%

2023-11-28 12:54:41,675 | INFO : Test Error: 
 Accuracy: 75.0%, Avg loss: 1.306763 

2023-11-28 12:54:41,676 | INFO : Epoch 27
-------------------------------
2023-11-28 12:54:41,949 | INFO : loss: 0.015966  [   64/50000]
2023-11-28 12:54:57,527 | INFO : loss: 0.022597  [ 6464/50000]
2023-11-28 12:55:13,988 | INFO : loss: 0.065187  [12864/50000]
2023-11-28 12:55:31,514 | INFO : loss: 0.014728  [19264/50000]
2023-11-28 12:55:49,934 | INFO : loss: 0.032997  [25664/50000]
2023-11-28 12:56:08,113 | INFO : loss: 0.007309  [32064/50000]
2023-11-28 12:56:25,791 | INFO : loss: 0.102695  [38464/50000]
2023-11-28 12:56:43,492 | INFO : loss: 0.019502  [44864/50000]
2023-11-28 12:56:57,902 | DEBUG : Train loop total time: 136.23s
2023-11-28 12:56:57,902 | DEBUG : For loop time percentage with respect to total time: 80.9%
2023-11-28 12:56:57,902 | DEBUG : Forward time percentage with respect to total time: 16.9%
2023-11-28 12:56:57,902 | DEBUG : Backward time percentage with respect to total time: 2.0%
2023-11-28 12:56:57,902 | DEBUG : Backward time percentage with respect to forward time: 11.6%

2023-11-28 12:57:26,035 | INFO : Test Error: 
 Accuracy: 75.3%, Avg loss: 1.371989 

2023-11-28 12:57:26,036 | INFO : Epoch 28
-------------------------------
2023-11-28 12:57:26,276 | INFO : loss: 0.004370  [   64/50000]
2023-11-28 12:57:44,593 | INFO : loss: 0.085014  [ 6464/50000]
2023-11-28 12:58:01,553 | INFO : loss: 0.060905  [12864/50000]
2023-11-28 12:58:18,645 | INFO : loss: 0.017427  [19264/50000]
2023-11-28 12:58:39,458 | INFO : loss: 0.046140  [25664/50000]
2023-11-28 12:59:00,385 | INFO : loss: 0.054457  [32064/50000]
2023-11-28 12:59:22,381 | INFO : loss: 0.001869  [38464/50000]
2023-11-28 12:59:42,544 | INFO : loss: 0.008979  [44864/50000]
2023-11-28 13:00:00,542 | DEBUG : Train loop total time: 154.51s
2023-11-28 13:00:00,543 | DEBUG : For loop time percentage with respect to total time: 82.1%
2023-11-28 13:00:00,543 | DEBUG : Forward time percentage with respect to total time: 15.6%
2023-11-28 13:00:00,543 | DEBUG : Backward time percentage with respect to total time: 2.0%
2023-11-28 13:00:00,543 | DEBUG : Backward time percentage with respect to forward time: 13.0%

2023-11-28 13:00:46,250 | INFO : Test Error: 
 Accuracy: 73.8%, Avg loss: 1.379769 

2023-11-28 13:00:46,252 | INFO : Epoch 29
-------------------------------
2023-11-28 13:00:46,671 | INFO : loss: 0.019744  [   64/50000]
2023-11-28 13:01:11,911 | INFO : loss: 0.016725  [ 6464/50000]
2023-11-28 13:01:35,402 | INFO : loss: 0.028667  [12864/50000]
2023-11-28 13:02:00,178 | INFO : loss: 0.055295  [19264/50000]
2023-11-28 13:02:24,415 | INFO : loss: 0.049677  [25664/50000]
2023-11-28 13:02:47,497 | INFO : loss: 0.017774  [32064/50000]
2023-11-28 13:03:09,973 | INFO : loss: 0.196779  [38464/50000]
2023-11-28 13:03:38,277 | INFO : loss: 0.030517  [44864/50000]
2023-11-28 13:03:58,387 | DEBUG : Train loop total time: 192.14s
2023-11-28 13:03:58,388 | DEBUG : For loop time percentage with respect to total time: 83.1%
2023-11-28 13:03:58,388 | DEBUG : Forward time percentage with respect to total time: 13.8%
2023-11-28 13:03:58,388 | DEBUG : Backward time percentage with respect to total time: 2.7%
2023-11-28 13:03:58,388 | DEBUG : Backward time percentage with respect to forward time: 19.8%

2023-11-28 13:04:54,354 | INFO : Test Error: 
 Accuracy: 75.1%, Avg loss: 1.380079 

2023-11-28 13:04:54,355 | INFO : Epoch 30
-------------------------------
2023-11-28 13:04:54,628 | INFO : loss: 0.005926  [   64/50000]
2023-11-28 13:05:31,154 | INFO : loss: 0.046657  [ 6464/50000]
2023-11-28 13:06:00,393 | INFO : loss: 0.003419  [12864/50000]
2023-11-28 13:06:28,336 | INFO : loss: 0.168537  [19264/50000]
2023-11-28 13:06:57,770 | INFO : loss: 0.032008  [25664/50000]
2023-11-28 13:07:25,126 | INFO : loss: 0.058371  [32064/50000]
2023-11-28 13:07:52,026 | INFO : loss: 0.026040  [38464/50000]
2023-11-28 13:08:19,698 | INFO : loss: 0.106643  [44864/50000]
2023-11-28 13:08:46,040 | DEBUG : Train loop total time: 231.69s
2023-11-28 13:08:46,041 | DEBUG : For loop time percentage with respect to total time: 79.8%
2023-11-28 13:08:46,041 | DEBUG : Forward time percentage with respect to total time: 16.9%
2023-11-28 13:08:46,041 | DEBUG : Backward time percentage with respect to total time: 2.8%
2023-11-28 13:08:46,041 | DEBUG : Backward time percentage with respect to forward time: 16.5%

2023-11-28 13:09:36,613 | INFO : Test Error: 
 Accuracy: 75.8%, Avg loss: 1.313028 

2023-11-28 13:09:36,709 | INFO : Epoch 31
-------------------------------
2023-11-28 13:09:37,861 | INFO : loss: 0.009845  [   64/50000]
2023-11-28 13:10:06,692 | INFO : loss: 0.006609  [ 6464/50000]
2023-11-28 13:10:36,350 | INFO : loss: 0.027171  [12864/50000]
2023-11-28 13:11:06,922 | INFO : loss: 0.020769  [19264/50000]
2023-11-28 13:11:36,597 | INFO : loss: 0.006280  [25664/50000]
2023-11-28 13:12:06,062 | INFO : loss: 0.014811  [32064/50000]
2023-11-28 13:12:36,774 | INFO : loss: 0.005809  [38464/50000]
2023-11-28 13:13:08,807 | INFO : loss: 0.063354  [44864/50000]
2023-11-28 13:13:35,703 | DEBUG : Train loop total time: 238.99s
2023-11-28 13:13:35,705 | DEBUG : For loop time percentage with respect to total time: 76.0%
2023-11-28 13:13:35,705 | DEBUG : Forward time percentage with respect to total time: 21.3%
2023-11-28 13:13:35,705 | DEBUG : Backward time percentage with respect to total time: 2.1%
2023-11-28 13:13:35,705 | DEBUG : Backward time percentage with respect to forward time: 10.1%

2023-11-28 13:14:30,527 | INFO : Test Error: 
 Accuracy: 75.1%, Avg loss: 1.411376 

2023-11-28 13:14:30,529 | INFO : Epoch 32
-------------------------------
2023-11-28 13:14:31,109 | INFO : loss: 0.028578  [   64/50000]
2023-11-28 13:15:05,420 | INFO : loss: 0.059916  [ 6464/50000]
2023-11-28 13:15:35,968 | INFO : loss: 0.080896  [12864/50000]
2023-11-28 13:16:03,109 | INFO : loss: 0.050582  [19264/50000]
2023-11-28 13:16:28,201 | INFO : loss: 0.001488  [25664/50000]
2023-11-28 13:16:54,233 | INFO : loss: 0.053459  [32064/50000]
2023-11-28 13:17:23,591 | INFO : loss: 0.000809  [38464/50000]
2023-11-28 13:17:55,036 | INFO : loss: 0.001266  [44864/50000]
2023-11-28 13:18:17,890 | DEBUG : Train loop total time: 227.36s
2023-11-28 13:18:17,891 | DEBUG : For loop time percentage with respect to total time: 75.6%
2023-11-28 13:18:17,891 | DEBUG : Forward time percentage with respect to total time: 22.4%
2023-11-28 13:18:17,891 | DEBUG : Backward time percentage with respect to total time: 1.4%
2023-11-28 13:18:17,891 | DEBUG : Backward time percentage with respect to forward time: 6.5%

2023-11-28 13:19:10,307 | INFO : Test Error: 
 Accuracy: 75.3%, Avg loss: 1.429788 

2023-11-28 13:19:10,308 | INFO : Epoch 33
-------------------------------
2023-11-28 13:19:10,689 | INFO : loss: 0.017034  [   64/50000]
2023-11-28 13:19:38,583 | INFO : loss: 0.003752  [ 6464/50000]
2023-11-28 13:20:14,126 | INFO : loss: 0.011055  [12864/50000]
2023-11-28 13:20:50,974 | INFO : loss: 0.022054  [19264/50000]
2023-11-28 13:21:24,516 | INFO : loss: 0.051442  [25664/50000]
2023-11-28 13:21:53,451 | INFO : loss: 0.020845  [32064/50000]
2023-11-28 13:22:33,591 | INFO : loss: 0.004333  [38464/50000]
2023-11-28 13:23:10,106 | INFO : loss: 0.146769  [44864/50000]
2023-11-28 13:23:33,329 | DEBUG : Train loop total time: 263.02s
2023-11-28 13:23:33,330 | DEBUG : For loop time percentage with respect to total time: 77.5%
2023-11-28 13:23:33,330 | DEBUG : Forward time percentage with respect to total time: 20.8%
2023-11-28 13:23:33,330 | DEBUG : Backward time percentage with respect to total time: 1.2%
2023-11-28 13:23:33,330 | DEBUG : Backward time percentage with respect to forward time: 6.0%

2023-11-28 13:24:21,157 | INFO : Test Error: 
 Accuracy: 75.4%, Avg loss: 1.415969 

2023-11-28 13:24:21,158 | INFO : Epoch 34
-------------------------------
2023-11-28 13:24:21,796 | INFO : loss: 0.016431  [   64/50000]
2023-11-28 13:24:54,060 | INFO : loss: 0.070600  [ 6464/50000]
2023-11-28 13:25:25,879 | INFO : loss: 0.027823  [12864/50000]
2023-11-28 13:26:00,658 | INFO : loss: 0.005083  [19264/50000]
2023-11-28 13:26:35,839 | INFO : loss: 0.002975  [25664/50000]
2023-11-28 13:27:08,784 | INFO : loss: 0.006944  [32064/50000]
2023-11-28 13:27:35,471 | INFO : loss: 0.020108  [38464/50000]
2023-11-28 13:28:05,197 | INFO : loss: 0.008830  [44864/50000]
2023-11-28 13:28:31,400 | DEBUG : Train loop total time: 250.24s
2023-11-28 13:28:31,401 | DEBUG : For loop time percentage with respect to total time: 76.2%
2023-11-28 13:28:31,401 | DEBUG : Forward time percentage with respect to total time: 22.1%
2023-11-28 13:28:31,401 | DEBUG : Backward time percentage with respect to total time: 1.3%
2023-11-28 13:28:31,401 | DEBUG : Backward time percentage with respect to forward time: 5.7%

2023-11-28 13:29:19,377 | INFO : Test Error: 
 Accuracy: 75.9%, Avg loss: 1.361670 

2023-11-28 13:29:19,378 | INFO : Epoch 35
-------------------------------
2023-11-28 13:29:19,921 | INFO : loss: 0.007886  [   64/50000]
2023-11-28 13:29:50,363 | INFO : loss: 0.008475  [ 6464/50000]
2023-11-28 13:30:20,926 | INFO : loss: 0.007264  [12864/50000]
2023-11-28 13:30:52,264 | INFO : loss: 0.076009  [19264/50000]
2023-11-28 13:31:23,523 | INFO : loss: 0.007920  [25664/50000]
2023-11-28 13:31:49,939 | INFO : loss: 0.007050  [32064/50000]
2023-11-28 13:32:16,569 | INFO : loss: 0.004150  [38464/50000]
2023-11-28 13:32:53,427 | INFO : loss: 0.041923  [44864/50000]
2023-11-28 13:33:24,265 | DEBUG : Train loop total time: 244.89s
2023-11-28 13:33:24,265 | DEBUG : For loop time percentage with respect to total time: 76.9%
2023-11-28 13:33:24,265 | DEBUG : Forward time percentage with respect to total time: 21.3%
2023-11-28 13:33:24,265 | DEBUG : Backward time percentage with respect to total time: 1.4%
2023-11-28 13:33:24,266 | DEBUG : Backward time percentage with respect to forward time: 6.5%

2023-11-28 13:34:11,002 | INFO : Test Error: 
 Accuracy: 75.0%, Avg loss: 1.431053 

2023-11-28 13:34:11,003 | INFO : Epoch 36
-------------------------------
2023-11-28 13:34:11,365 | INFO : loss: 0.007330  [   64/50000]
2023-11-28 13:34:44,366 | INFO : loss: 0.001431  [ 6464/50000]
2023-11-28 13:35:15,219 | INFO : loss: 0.003535  [12864/50000]
2023-11-28 13:35:44,500 | INFO : loss: 0.042890  [19264/50000]
2023-11-28 13:36:13,920 | INFO : loss: 0.016935  [25664/50000]
2023-11-28 13:36:43,587 | INFO : loss: 0.039583  [32064/50000]
2023-11-28 13:37:21,075 | INFO : loss: 0.019584  [38464/50000]
2023-11-28 13:37:52,305 | INFO : loss: 0.008255  [44864/50000]
2023-11-28 13:38:15,929 | DEBUG : Train loop total time: 244.93s
2023-11-28 13:38:15,930 | DEBUG : For loop time percentage with respect to total time: 76.3%
2023-11-28 13:38:15,930 | DEBUG : Forward time percentage with respect to total time: 22.0%
2023-11-28 13:38:15,930 | DEBUG : Backward time percentage with respect to total time: 1.3%
2023-11-28 13:38:15,930 | DEBUG : Backward time percentage with respect to forward time: 5.9%

2023-11-28 13:39:05,517 | INFO : Test Error: 
 Accuracy: 75.2%, Avg loss: 1.455649 

2023-11-28 13:39:05,518 | INFO : Epoch 37
-------------------------------
2023-11-28 13:39:06,418 | INFO : loss: 0.015722  [   64/50000]
2023-11-28 13:39:38,324 | INFO : loss: 0.006642  [ 6464/50000]
2023-11-28 13:40:10,546 | INFO : loss: 0.051154  [12864/50000]
2023-11-28 13:40:43,345 | INFO : loss: 0.011616  [19264/50000]
2023-11-28 13:41:15,101 | INFO : loss: 0.095155  [25664/50000]
2023-11-28 13:41:42,601 | INFO : loss: 0.025539  [32064/50000]
2023-11-28 13:42:10,138 | INFO : loss: 0.004631  [38464/50000]
2023-11-28 13:42:39,898 | INFO : loss: 0.004938  [44864/50000]
2023-11-28 13:43:02,615 | DEBUG : Train loop total time: 237.1s
2023-11-28 13:43:02,616 | DEBUG : For loop time percentage with respect to total time: 75.5%
2023-11-28 13:43:02,616 | DEBUG : Forward time percentage with respect to total time: 22.9%
2023-11-28 13:43:02,616 | DEBUG : Backward time percentage with respect to total time: 1.2%
2023-11-28 13:43:02,616 | DEBUG : Backward time percentage with respect to forward time: 5.4%

2023-11-28 13:43:55,503 | INFO : Test Error: 
 Accuracy: 75.6%, Avg loss: 1.484396 

2023-11-28 13:43:55,504 | INFO : Epoch 38
-------------------------------
2023-11-28 13:43:56,115 | INFO : loss: 0.036607  [   64/50000]
2023-11-28 13:44:29,841 | INFO : loss: 0.007782  [ 6464/50000]
2023-11-28 13:45:02,845 | INFO : loss: 0.007149  [12864/50000]
2023-11-28 13:45:34,378 | INFO : loss: 0.001296  [19264/50000]
2023-11-28 13:46:08,473 | INFO : loss: 0.006946  [25664/50000]
2023-11-28 13:46:42,131 | INFO : loss: 0.006629  [32064/50000]
2023-11-28 13:47:12,878 | INFO : loss: 0.010496  [38464/50000]
2023-11-28 13:47:42,185 | INFO : loss: 0.015226  [44864/50000]
2023-11-28 13:48:03,764 | DEBUG : Train loop total time: 248.26s
2023-11-28 13:48:03,764 | DEBUG : For loop time percentage with respect to total time: 76.4%
2023-11-28 13:48:03,764 | DEBUG : Forward time percentage with respect to total time: 22.0%
2023-11-28 13:48:03,764 | DEBUG : Backward time percentage with respect to total time: 1.2%
2023-11-28 13:48:03,764 | DEBUG : Backward time percentage with respect to forward time: 5.3%

2023-11-28 13:48:49,910 | INFO : Test Error: 
 Accuracy: 75.4%, Avg loss: 1.422018 

2023-11-28 13:48:49,911 | INFO : Epoch 39
-------------------------------
2023-11-28 13:48:50,223 | INFO : loss: 0.001289  [   64/50000]
2023-11-28 13:49:25,785 | INFO : loss: 0.003343  [ 6464/50000]
2023-11-28 13:49:55,523 | INFO : loss: 0.033589  [12864/50000]
2023-11-28 13:50:30,143 | INFO : loss: 0.013476  [19264/50000]
2023-11-28 13:51:01,715 | INFO : loss: 0.019341  [25664/50000]
2023-11-28 13:51:34,731 | INFO : loss: 0.002086  [32064/50000]
2023-11-28 13:52:05,914 | INFO : loss: 0.003902  [38464/50000]
2023-11-28 13:52:41,286 | INFO : loss: 0.001569  [44864/50000]
2023-11-28 13:53:09,222 | DEBUG : Train loop total time: 259.31s
2023-11-28 13:53:09,223 | DEBUG : For loop time percentage with respect to total time: 77.5%
2023-11-28 13:53:09,223 | DEBUG : Forward time percentage with respect to total time: 20.9%
2023-11-28 13:53:09,223 | DEBUG : Backward time percentage with respect to total time: 1.2%
2023-11-28 13:53:09,223 | DEBUG : Backward time percentage with respect to forward time: 5.7%

2023-11-28 13:54:01,426 | INFO : Test Error: 
 Accuracy: 75.7%, Avg loss: 1.480322 

2023-11-28 13:54:01,428 | INFO : Epoch 40
-------------------------------
2023-11-28 13:54:02,245 | INFO : loss: 0.047594  [   64/50000]
2023-11-28 13:54:35,891 | INFO : loss: 0.041995  [ 6464/50000]
2023-11-28 13:55:04,864 | INFO : loss: 0.013995  [12864/50000]
2023-11-28 13:55:36,449 | INFO : loss: 0.004746  [19264/50000]
2023-11-28 13:56:06,797 | INFO : loss: 0.000805  [25664/50000]
2023-11-28 13:56:44,309 | INFO : loss: 0.004872  [32064/50000]
2023-11-28 13:57:16,051 | INFO : loss: 0.006489  [38464/50000]
2023-11-28 13:57:50,606 | INFO : loss: 0.001287  [44864/50000]
2023-11-28 13:58:16,918 | DEBUG : Train loop total time: 255.49s
2023-11-28 13:58:16,918 | DEBUG : For loop time percentage with respect to total time: 76.8%
2023-11-28 13:58:16,919 | DEBUG : Forward time percentage with respect to total time: 21.7%
2023-11-28 13:58:16,919 | DEBUG : Backward time percentage with respect to total time: 1.1%
2023-11-28 13:58:16,919 | DEBUG : Backward time percentage with respect to forward time: 5.0%

2023-11-28 13:59:09,520 | INFO : Test Error: 
 Accuracy: 76.0%, Avg loss: 1.508895 

2023-11-28 13:59:09,521 | INFO : Epoch 41
-------------------------------
2023-11-28 13:59:09,977 | INFO : loss: 0.013893  [   64/50000]
2023-11-28 13:59:44,562 | INFO : loss: 0.011115  [ 6464/50000]
2023-11-28 14:00:14,819 | INFO : loss: 0.014147  [12864/50000]
2023-11-28 14:00:47,199 | INFO : loss: 0.013228  [19264/50000]
2023-11-28 14:01:20,608 | INFO : loss: 0.011410  [25664/50000]
2023-11-28 14:01:51,461 | INFO : loss: 0.004754  [32064/50000]
2023-11-28 14:02:17,862 | INFO : loss: 0.002929  [38464/50000]
2023-11-28 14:02:46,778 | INFO : loss: 0.005957  [44864/50000]
2023-11-28 14:03:10,764 | DEBUG : Train loop total time: 241.24s
2023-11-28 14:03:10,764 | DEBUG : For loop time percentage with respect to total time: 75.8%
2023-11-28 14:03:10,764 | DEBUG : Forward time percentage with respect to total time: 22.6%
2023-11-28 14:03:10,764 | DEBUG : Backward time percentage with respect to total time: 1.1%
2023-11-28 14:03:10,764 | DEBUG : Backward time percentage with respect to forward time: 5.0%

2023-11-28 14:04:00,732 | INFO : Test Error: 
 Accuracy: 76.0%, Avg loss: 1.432725 

2023-11-28 14:04:00,733 | INFO : Epoch 42
-------------------------------
2023-11-28 14:04:01,030 | INFO : loss: 0.012180  [   64/50000]
2023-11-28 14:04:27,899 | INFO : loss: 0.004845  [ 6464/50000]
2023-11-28 14:04:58,006 | INFO : loss: 0.013665  [12864/50000]
2023-11-28 14:05:25,702 | INFO : loss: 0.009788  [19264/50000]
2023-11-28 14:05:52,168 | INFO : loss: 0.000989  [25664/50000]
2023-11-28 14:06:17,161 | INFO : loss: 0.006955  [32064/50000]
2023-11-28 14:06:44,117 | INFO : loss: 0.017866  [38464/50000]
2023-11-28 14:07:11,376 | INFO : loss: 0.011256  [44864/50000]
2023-11-28 14:07:33,268 | DEBUG : Train loop total time: 212.53s
2023-11-28 14:07:33,270 | DEBUG : For loop time percentage with respect to total time: 71.9%
2023-11-28 14:07:33,270 | DEBUG : Forward time percentage with respect to total time: 26.3%
2023-11-28 14:07:33,270 | DEBUG : Backward time percentage with respect to total time: 1.3%
2023-11-28 14:07:33,270 | DEBUG : Backward time percentage with respect to forward time: 5.0%

2023-11-28 14:08:14,021 | INFO : Test Error: 
 Accuracy: 76.1%, Avg loss: 1.420352 

2023-11-28 14:08:14,022 | INFO : Epoch 43
-------------------------------
2023-11-28 14:08:14,840 | INFO : loss: 0.076019  [   64/50000]
2023-11-28 14:08:42,779 | INFO : loss: 0.011624  [ 6464/50000]
2023-11-28 14:09:16,923 | INFO : loss: 0.000733  [12864/50000]
2023-11-28 14:09:48,877 | INFO : loss: 0.004720  [19264/50000]
2023-11-28 14:10:23,470 | INFO : loss: 0.002136  [25664/50000]
2023-11-28 14:10:51,769 | INFO : loss: 0.001176  [32064/50000]
2023-11-28 14:11:19,394 | INFO : loss: 0.023521  [38464/50000]
2023-11-28 14:11:47,034 | INFO : loss: 0.005885  [44864/50000]
2023-11-28 14:12:09,712 | DEBUG : Train loop total time: 235.69s
2023-11-28 14:12:09,713 | DEBUG : For loop time percentage with respect to total time: 76.1%
2023-11-28 14:12:09,713 | DEBUG : Forward time percentage with respect to total time: 22.2%
2023-11-28 14:12:09,713 | DEBUG : Backward time percentage with respect to total time: 1.3%
2023-11-28 14:12:09,713 | DEBUG : Backward time percentage with respect to forward time: 5.7%

2023-11-28 14:12:55,553 | INFO : Test Error: 
 Accuracy: 75.9%, Avg loss: 1.434743 

2023-11-28 14:12:55,554 | INFO : Epoch 44
-------------------------------
2023-11-28 14:12:55,929 | INFO : loss: 0.004055  [   64/50000]
2023-11-28 14:13:27,449 | INFO : loss: 0.006778  [ 6464/50000]
2023-11-28 14:13:53,058 | INFO : loss: 0.013975  [12864/50000]
2023-11-28 14:14:20,180 | INFO : loss: 0.002692  [19264/50000]
2023-11-28 14:14:46,006 | INFO : loss: 0.001607  [25664/50000]
2023-11-28 14:15:16,605 | INFO : loss: 0.000668  [32064/50000]
2023-11-28 14:15:47,236 | INFO : loss: 0.000732  [38464/50000]
2023-11-28 14:16:19,762 | INFO : loss: 0.001237  [44864/50000]
2023-11-28 14:16:43,133 | DEBUG : Train loop total time: 227.58s
2023-11-28 14:16:43,134 | DEBUG : For loop time percentage with respect to total time: 74.2%
2023-11-28 14:16:43,134 | DEBUG : Forward time percentage with respect to total time: 24.0%
2023-11-28 14:16:43,134 | DEBUG : Backward time percentage with respect to total time: 1.3%
2023-11-28 14:16:43,134 | DEBUG : Backward time percentage with respect to forward time: 5.3%

2023-11-28 14:17:33,372 | INFO : Test Error: 
 Accuracy: 76.3%, Avg loss: 1.457544 

2023-11-28 14:17:33,403 | INFO : Epoch 45
-------------------------------
2023-11-28 14:17:33,761 | INFO : loss: 0.011956  [   64/50000]
2023-11-28 14:18:01,611 | INFO : loss: 0.013236  [ 6464/50000]
2023-11-28 14:18:33,726 | INFO : loss: 0.022635  [12864/50000]
2023-11-28 14:19:04,714 | INFO : loss: 0.002786  [19264/50000]
2023-11-28 14:19:35,729 | INFO : loss: 0.092252  [25664/50000]
2023-11-28 14:20:03,487 | INFO : loss: 0.000295  [32064/50000]
2023-11-28 14:20:30,220 | INFO : loss: 0.020158  [38464/50000]
2023-11-28 14:20:56,832 | INFO : loss: 0.002891  [44864/50000]
2023-11-28 14:21:17,681 | DEBUG : Train loop total time: 224.28s
2023-11-28 14:21:17,682 | DEBUG : For loop time percentage with respect to total time: 74.3%
2023-11-28 14:21:17,682 | DEBUG : Forward time percentage with respect to total time: 23.9%
2023-11-28 14:21:17,682 | DEBUG : Backward time percentage with respect to total time: 1.3%
2023-11-28 14:21:17,682 | DEBUG : Backward time percentage with respect to forward time: 5.5%

2023-11-28 14:21:58,393 | INFO : Test Error: 
 Accuracy: 76.5%, Avg loss: 1.420782 

2023-11-28 14:21:58,394 | INFO : Epoch 46
-------------------------------
2023-11-28 14:21:59,123 | INFO : loss: 0.000294  [   64/50000]
2023-11-28 14:22:25,051 | INFO : loss: 0.116950  [ 6464/50000]
2023-11-28 14:22:51,911 | INFO : loss: 0.040587  [12864/50000]
2023-11-28 14:23:17,078 | INFO : loss: 0.031962  [19264/50000]
2023-11-28 14:23:40,918 | INFO : loss: 0.031194  [25664/50000]
2023-11-28 14:24:04,726 | INFO : loss: 0.000630  [32064/50000]
2023-11-28 14:24:31,296 | INFO : loss: 0.000814  [38464/50000]
2023-11-28 14:24:54,995 | INFO : loss: 0.000958  [44864/50000]
2023-11-28 14:25:14,150 | DEBUG : Train loop total time: 195.76s
2023-11-28 14:25:14,151 | DEBUG : For loop time percentage with respect to total time: 71.1%
2023-11-28 14:25:14,151 | DEBUG : Forward time percentage with respect to total time: 26.8%
2023-11-28 14:25:14,151 | DEBUG : Backward time percentage with respect to total time: 1.5%
2023-11-28 14:25:14,151 | DEBUG : Backward time percentage with respect to forward time: 5.5%

2023-11-28 14:25:55,094 | INFO : Test Error: 
 Accuracy: 76.0%, Avg loss: 1.525125 

2023-11-28 14:25:55,095 | INFO : Epoch 47
-------------------------------
2023-11-28 14:25:55,440 | INFO : loss: 0.002243  [   64/50000]
2023-11-28 14:26:23,358 | INFO : loss: 0.002848  [ 6464/50000]
2023-11-28 14:26:47,981 | INFO : loss: 0.050417  [12864/50000]
2023-11-28 14:27:15,048 | INFO : loss: 0.010650  [19264/50000]
2023-11-28 14:27:40,580 | INFO : loss: 0.018023  [25664/50000]
2023-11-28 14:28:05,232 | INFO : loss: 0.001610  [32064/50000]
2023-11-28 14:28:30,635 | INFO : loss: 0.000171  [38464/50000]
2023-11-28 14:28:46,574 | INFO : loss: 0.009525  [44864/50000]
2023-11-28 14:28:58,842 | DEBUG : Train loop total time: 183.75s
2023-11-28 14:28:58,860 | DEBUG : For loop time percentage with respect to total time: 70.1%
2023-11-28 14:28:58,860 | DEBUG : Forward time percentage with respect to total time: 27.9%
2023-11-28 14:28:58,860 | DEBUG : Backward time percentage with respect to total time: 1.5%
2023-11-28 14:28:58,860 | DEBUG : Backward time percentage with respect to forward time: 5.3%

2023-11-28 14:29:21,561 | INFO : Test Error: 
 Accuracy: 76.3%, Avg loss: 1.488577 

2023-11-28 14:29:21,561 | INFO : Epoch 48
-------------------------------
2023-11-28 14:29:21,838 | INFO : loss: 0.001364  [   64/50000]
2023-11-28 14:29:37,079 | INFO : loss: 0.035726  [ 6464/50000]
2023-11-28 14:29:52,275 | INFO : loss: 0.000453  [12864/50000]
2023-11-28 14:30:07,476 | INFO : loss: 0.001178  [19264/50000]
2023-11-28 14:30:22,735 | INFO : loss: 0.002522  [25664/50000]
2023-11-28 14:30:37,917 | INFO : loss: 0.002813  [32064/50000]
2023-11-28 14:30:53,203 | INFO : loss: 0.000241  [38464/50000]
2023-11-28 14:31:08,408 | INFO : loss: 0.035669  [44864/50000]
2023-11-28 14:31:20,595 | DEBUG : Train loop total time: 119.03s
2023-11-28 14:31:20,611 | DEBUG : For loop time percentage with respect to total time: 56.7%
2023-11-28 14:31:20,611 | DEBUG : Forward time percentage with respect to total time: 40.4%
2023-11-28 14:31:20,611 | DEBUG : Backward time percentage with respect to total time: 2.2%
2023-11-28 14:31:20,611 | DEBUG : Backward time percentage with respect to forward time: 5.4%

2023-11-28 14:31:42,441 | INFO : Test Error: 
 Accuracy: 76.4%, Avg loss: 1.470154 

2023-11-28 14:31:42,471 | INFO : Epoch 49
-------------------------------
2023-11-28 14:31:42,734 | INFO : loss: 0.006084  [   64/50000]
2023-11-28 14:31:57,967 | INFO : loss: 0.004107  [ 6464/50000]
2023-11-28 14:32:13,359 | INFO : loss: 0.002709  [12864/50000]
2023-11-28 14:32:28,719 | INFO : loss: 0.002090  [19264/50000]
2023-11-28 14:32:44,176 | INFO : loss: 0.043633  [25664/50000]
2023-11-28 14:32:59,408 | INFO : loss: 0.003846  [32064/50000]
2023-11-28 14:33:14,553 | INFO : loss: 0.001566  [38464/50000]
2023-11-28 14:33:29,649 | INFO : loss: 0.019892  [44864/50000]
2023-11-28 14:33:41,809 | DEBUG : Train loop total time: 119.34s
2023-11-28 14:33:41,809 | DEBUG : For loop time percentage with respect to total time: 56.6%
2023-11-28 14:33:41,809 | DEBUG : Forward time percentage with respect to total time: 40.6%
2023-11-28 14:33:41,810 | DEBUG : Backward time percentage with respect to total time: 2.1%
2023-11-28 14:33:41,810 | DEBUG : Backward time percentage with respect to forward time: 5.2%

2023-11-28 14:34:03,282 | INFO : Test Error: 
 Accuracy: 76.2%, Avg loss: 1.463537 

2023-11-28 14:34:03,283 | INFO : Epoch 50
-------------------------------
2023-11-28 14:34:03,544 | INFO : loss: 0.000627  [   64/50000]
2023-11-28 14:34:18,820 | INFO : loss: 0.016995  [ 6464/50000]
2023-11-28 14:34:34,317 | INFO : loss: 0.001999  [12864/50000]
2023-11-28 14:34:49,593 | INFO : loss: 0.002431  [19264/50000]
2023-11-28 14:35:04,747 | INFO : loss: 0.007344  [25664/50000]
2023-11-28 14:35:19,936 | INFO : loss: 0.001693  [32064/50000]
2023-11-28 14:35:35,056 | INFO : loss: 0.001115  [38464/50000]
2023-11-28 14:35:50,225 | INFO : loss: 0.000319  [44864/50000]
2023-11-28 14:36:02,412 | DEBUG : Train loop total time: 119.13s
2023-11-28 14:36:02,412 | DEBUG : For loop time percentage with respect to total time: 56.2%
2023-11-28 14:36:02,412 | DEBUG : Forward time percentage with respect to total time: 41.0%
2023-11-28 14:36:02,412 | DEBUG : Backward time percentage with respect to total time: 2.1%
2023-11-28 14:36:02,412 | DEBUG : Backward time percentage with respect to forward time: 5.1%

2023-11-28 14:36:24,575 | INFO : Test Error: 
 Accuracy: 76.3%, Avg loss: 1.547975 

Done!
Total training time: 10547.665139436722
