Files already downloaded and verified
Files already downloaded and verified
Epoch 1
-------------------------------
loss: 2.303342  [   64/50000]
loss: 2.295234  [ 6464/50000]
loss: 2.212114  [12864/50000]
loss: 2.062562  [19264/50000]
loss: 2.101360  [25664/50000]
loss: 1.953429  [32064/50000]
loss: 1.712509  [38464/50000]
loss: 1.917733  [44864/50000]
Test Error: 
 Accuracy: 38.9%, Avg loss: 1.690660 

--------- FREEZING PROCEDURE ---------
Tensor before normalize:
 tensor([0.9342, 0.9310, 0.9327, 0.9394, 0.9443, 0.9481, 0.9510, 0.9516, 0.9483,
        0.9435, 0.9550, 0.9516])
Mean and Std before Normalize:
 tensor(0.9442) tensor(0.0082)
Tensor after Normalize:
 tensor([ 0.9342, -1.6187, -1.4044, -0.5952,  0.0102,  0.4753,  0.8311,  0.9033,
         0.5030, -0.0943,  1.3227,  0.9516])
Cumulative sum array:
tensor([ 0.9342, -0.6845, -2.0888, -2.6841, -2.6738, -2.1986, -1.3675, -0.4642,
         0.0388, -0.0555,  1.2673,  2.2188])
Calculated argmax:
tensor(11)
Epoch 2
-------------------------------
loss: 1.796591  [   64/50000]
loss: 1.734605  [ 6464/50000]
loss: 1.966425  [12864/50000]
loss: 1.695185  [19264/50000]
loss: 1.624867  [25664/50000]
loss: 1.637560  [32064/50000]
loss: 1.705970  [38464/50000]
loss: 1.593155  [44864/50000]
Test Error: 
 Accuracy: 48.2%, Avg loss: 1.415393 

--------- FREEZING PROCEDURE ---------
Tensor before normalize:
 tensor([0.9735, 0.9746, 0.9721, 0.9717, 0.9706, 0.9712, 0.9702, 0.9669, 0.9603,
        0.9549, 0.9662, 0.9671])
Mean and Std before Normalize:
 tensor(0.9683) tensor(0.0057)
Tensor after Normalize:
 tensor([ 0.9735,  1.0988,  0.6711,  0.5984,  0.4060,  0.5013,  0.3377, -0.2336,
        -1.3976, -2.3322, -0.3556,  0.9671])
Cumulative sum array:
tensor([0.9735, 2.0723, 2.7434, 3.3418, 3.7478, 4.2491, 4.5868, 4.3532, 2.9556,
        0.6234, 0.2678, 1.2349])
Calculated argmax:
tensor(6)
Epoch 3
-------------------------------
loss: 1.601804  [   64/50000]
loss: 1.370317  [ 6464/50000]
loss: 1.482130  [12864/50000]
loss: 1.440084  [19264/50000]
loss: 1.321146  [25664/50000]
loss: 1.470597  [32064/50000]
loss: 1.452977  [38464/50000]
loss: 1.310853  [44864/50000]
Test Error: 
 Accuracy: 51.8%, Avg loss: 1.323042 

--------- FREEZING PROCEDURE ---------
Tensor before normalize:
 tensor([0.9815, 0.9803, 0.9775, 0.9773, 0.9757, 0.9755, 0.9741, 0.9709, 0.9617,
        0.9562, 0.9682, 0.9713])
Mean and Std before Normalize:
 tensor(0.9725) tensor(0.0075)
Tensor after Normalize:
 tensor([ 0.9815,  1.0353,  0.6697,  0.6396,  0.4272,  0.3972,  0.2168, -0.2134,
        -1.4452, -2.1821, -0.5774,  0.9713])
Cumulative sum array:
tensor([ 0.9815,  2.0167,  2.6864,  3.3260,  3.7532,  4.1504,  4.3672,  4.1538,
         2.7086,  0.5265, -0.0509,  0.9204])
Calculated argmax:
tensor(6)
Epoch 4
-------------------------------
loss: 1.376695  [   64/50000]
loss: 1.346348  [ 6464/50000]
loss: 1.434950  [12864/50000]
loss: 1.320637  [19264/50000]
loss: 1.159247  [25664/50000]
loss: 1.348683  [32064/50000]
loss: 1.190460  [38464/50000]
loss: 1.220765  [44864/50000]
Test Error: 
 Accuracy: 56.0%, Avg loss: 1.235034 

--------- FREEZING PROCEDURE ---------
Tensor before normalize:
 tensor([0.9815, 0.9803, 0.9785, 0.9781, 0.9772, 0.9767, 0.9747, 0.9719, 0.9610,
        0.9557, 0.9687, 0.9712])
Mean and Std before Normalize:
 tensor(0.9730) tensor(0.0079)
Tensor after Normalize:
 tensor([ 0.9815,  0.9384,  0.7004,  0.6545,  0.5342,  0.4710,  0.2195, -0.1325,
        -1.5145, -2.1910, -0.5461,  0.9712])
Cumulative sum array:
tensor([0.9815, 1.9199, 2.6204, 3.2749, 3.8091, 4.2802, 4.4996, 4.3671, 2.8526,
        0.6616, 0.1155, 1.0868])
Calculated argmax:
tensor(6)
Epoch 5
-------------------------------
loss: 0.991775  [   64/50000]
loss: 1.109817  [ 6464/50000]
loss: 0.965122  [12864/50000]
loss: 0.869507  [19264/50000]
loss: 1.252786  [25664/50000]
loss: 1.116663  [32064/50000]
loss: 1.040339  [38464/50000]
loss: 1.214080  [44864/50000]
Test Error: 
 Accuracy: 60.0%, Avg loss: 1.106730 

--------- FREEZING PROCEDURE ---------
Tensor before normalize:
 tensor([0.9858, 0.9824, 0.9795, 0.9795, 0.9786, 0.9767, 0.9754, 0.9729, 0.9601,
        0.9547, 0.9689, 0.9722])
Mean and Std before Normalize:
 tensor(0.9739) tensor(0.0090)
Tensor after Normalize:
 tensor([ 0.9858,  0.9403,  0.6240,  0.6167,  0.5228,  0.3085,  0.1711, -0.1158,
        -1.5256, -2.1265, -0.5521,  0.9722])
Cumulative sum array:
tensor([ 0.9858,  1.9261,  2.5501,  3.1668,  3.6895,  3.9980,  4.1691,  4.0533,
         2.5277,  0.4012, -0.1508,  0.8214])
Calculated argmax:
tensor(6)
Epoch 6
-------------------------------
loss: 0.977220  [   64/50000]
loss: 1.058132  [ 6464/50000]
loss: 0.963365  [12864/50000]
loss: 1.014153  [19264/50000]
loss: 0.842825  [25664/50000]
loss: 0.803575  [32064/50000]
loss: 1.044838  [38464/50000]
loss: 1.165587  [44864/50000]
Test Error: 
 Accuracy: 63.3%, Avg loss: 1.030027 

--------- FREEZING PROCEDURE ---------
Tensor before normalize:
 tensor([0.9835, 0.9829, 0.9821, 0.9812, 0.9797, 0.9776, 0.9757, 0.9735, 0.9588,
        0.9536, 0.9691, 0.9724])
Mean and Std before Normalize:
 tensor(0.9742) tensor(0.0096)
Tensor after Normalize:
 tensor([ 0.9835,  0.9092,  0.8332,  0.7316,  0.5735,  0.3574,  0.1574, -0.0708,
        -1.6033, -2.1525, -0.5255,  0.9724])
Cumulative sum array:
tensor([0.9835, 1.8927, 2.7259, 3.4574, 4.0309, 4.3883, 4.5456, 4.4748, 2.8715,
        0.7190, 0.1935, 1.1659])
Calculated argmax:
tensor(6)
Epoch 7
-------------------------------
loss: 0.813702  [   64/50000]
loss: 0.806156  [ 6464/50000]
loss: 0.858693  [12864/50000]
loss: 1.046639  [19264/50000]
loss: 0.834775  [25664/50000]
loss: 0.895965  [32064/50000]
loss: 0.975431  [38464/50000]
loss: 0.718556  [44864/50000]
Test Error: 
 Accuracy: 66.6%, Avg loss: 0.948001 

--------- FREEZING PROCEDURE ---------
Tensor before normalize:
 tensor([0.9872, 0.9855, 0.9840, 0.9829, 0.9801, 0.9780, 0.9761, 0.9740, 0.9571,
        0.9521, 0.9692, 0.9731])
Mean and Std before Normalize:
 tensor(0.9749) tensor(0.0110)
Tensor after Normalize:
 tensor([ 0.9872,  0.9602,  0.8230,  0.7303,  0.4695,  0.2767,  0.1102, -0.0814,
        -1.6312, -2.0836, -0.5228,  0.9731])
Cumulative sum array:
tensor([0.9872, 1.9474, 2.7704, 3.5008, 3.9703, 4.2470, 4.3572, 4.2758, 2.6446,
        0.5610, 0.0382, 1.0113])
Calculated argmax:
tensor(6)
Epoch 8
-------------------------------
loss: 0.786206  [   64/50000]
loss: 0.775557  [ 6464/50000]
loss: 0.970866  [12864/50000]
loss: 0.819877  [19264/50000]
loss: 1.008876  [25664/50000]
loss: 0.785713  [32064/50000]
loss: 0.652607  [38464/50000]
loss: 0.799793  [44864/50000]
Test Error: 
 Accuracy: 68.4%, Avg loss: 0.906377 

--------- FREEZING PROCEDURE ---------
Tensor before normalize:
 tensor([0.9872, 0.9862, 0.9849, 0.9832, 0.9800, 0.9782, 0.9761, 0.9736, 0.9549,
        0.9501, 0.9691, 0.9729])
Mean and Std before Normalize:
 tensor(0.9747) tensor(0.0118)
Tensor after Normalize:
 tensor([ 0.9872,  0.9720,  0.8627,  0.7177,  0.4470,  0.2918,  0.1218, -0.0917,
        -1.6699, -2.0818, -0.4741,  0.9729])
Cumulative sum array:
tensor([0.9872, 1.9592, 2.8218, 3.5395, 3.9865, 4.2783, 4.4001, 4.3084, 2.6385,
        0.5567, 0.0826, 1.0555])
Calculated argmax:
tensor(6)
Epoch 9
-------------------------------
loss: 0.577258  [   64/50000]
loss: 0.806739  [ 6464/50000]
loss: 0.834619  [12864/50000]
loss: 0.689372  [19264/50000]
loss: 0.636631  [25664/50000]
loss: 0.772194  [32064/50000]
loss: 0.620400  [38464/50000]
loss: 0.743068  [44864/50000]
Test Error: 
 Accuracy: 69.9%, Avg loss: 0.871272 

--------- FREEZING PROCEDURE ---------
Tensor before normalize:
 tensor([0.9876, 0.9858, 0.9850, 0.9829, 0.9796, 0.9780, 0.9763, 0.9742, 0.9525,
        0.9474, 0.9689, 0.9728])
Mean and Std before Normalize:
 tensor(0.9743) tensor(0.0127)
Tensor after Normalize:
 tensor([ 0.9876,  0.9098,  0.8491,  0.6786,  0.4201,  0.2936,  0.1628, -0.0057,
        -1.7154, -2.1128, -0.4178,  0.9728])
Cumulative sum array:
tensor([0.9876, 1.8974, 2.7465, 3.4252, 3.8453, 4.1389, 4.3017, 4.2960, 2.5806,
        0.4679, 0.0500, 1.0228])
Calculated argmax:
tensor(6)
Epoch 10
-------------------------------
loss: 0.800231  [   64/50000]
loss: 0.478829  [ 6464/50000]
loss: 0.775534  [12864/50000]
loss: 0.652992  [19264/50000]
loss: 0.623878  [25664/50000]
loss: 0.475742  [32064/50000]
loss: 0.634008  [38464/50000]
loss: 0.715036  [44864/50000]
Test Error: 
 Accuracy: 70.6%, Avg loss: 0.860678 

--------- FREEZING PROCEDURE ---------
Tensor before normalize:
 tensor([0.9864, 0.9863, 0.9859, 0.9835, 0.9803, 0.9785, 0.9763, 0.9741, 0.9493,
        0.9443, 0.9687, 0.9726])
Mean and Std before Normalize:
 tensor(0.9739) tensor(0.0139)
Tensor after Normalize:
 tensor([ 0.9864,  0.8955,  0.8648,  0.6969,  0.4637,  0.3379,  0.1744,  0.0179,
        -1.7691, -2.1238, -0.3710,  0.9726])
Cumulative sum array:
tensor([0.9864, 1.8819, 2.7467, 3.4436, 3.9073, 4.2452, 4.4196, 4.4375, 2.6683,
        0.5445, 0.1735, 1.1461])
Calculated argmax:
tensor(7)
Done!
