Epoch 1
-------------------------------
PARAMETERS THAT REQUIRE GRADIENT:
conv1.weight
conv1.bias
conv2.weight
conv2.bias
conv3.weight
conv3.bias
conv4.weight
conv4.bias
conv5.weight
conv5.bias
fc1.weight
fc1.bias
fc2.weight
fc2.bias

loss: 2.316313  [   64/25000]
loss: 2.296745  [ 6464/25000]
loss: 2.299160  [12864/25000]
loss: 2.293778  [19264/25000]
Test Error: 
 Accuracy: 10.2%, Avg loss: 2.299792 

--------- Analysis ---------
FIRST TYPE NET TRAINING
Epoch 1
-------------------------------
loss: 2.272817  [   64/25000]
loss: 2.285208  [ 6464/25000]
loss: 2.276708  [12864/25000]
loss: 2.238133  [19264/25000]
Test Error: 
 Accuracy: 18.0%, Avg loss: 2.249096 

Epoch 1
-------------------------------
loss: 2.394691  [   64/25000]
loss: 2.286872  [ 6464/25000]
loss: 2.278782  [12864/25000]
loss: 2.256738  [19264/25000]
Test Error: 
 Accuracy: 19.0%, Avg loss: 2.256079 

Epoch 1
-------------------------------
loss: 2.391542  [   64/25000]
loss: 2.301919  [ 6464/25000]
loss: 2.254925  [12864/25000]
loss: 2.259036  [19264/25000]
Test Error: 
 Accuracy: 18.5%, Avg loss: 2.251633 

Epoch 1
-------------------------------
loss: 2.291373  [   64/25000]
loss: 2.278325  [ 6464/25000]
loss: 2.272180  [12864/25000]
loss: 2.264711  [19264/25000]
Test Error: 
 Accuracy: 17.3%, Avg loss: 2.259846 

Epoch 1
-------------------------------
loss: 2.413362  [   64/25000]
loss: 2.297540  [ 6464/25000]
loss: 2.259898  [12864/25000]
loss: 2.261937  [19264/25000]
Test Error: 
 Accuracy: 17.2%, Avg loss: 2.257714 

Epoch 1
-------------------------------
loss: 2.249240  [   64/25000]
loss: 2.297587  [ 6464/25000]
loss: 2.267199  [12864/25000]
loss: 2.279911  [19264/25000]
Test Error: 
 Accuracy: 15.7%, Avg loss: 2.259072 

Epoch 1
-------------------------------
loss: 2.338017  [   64/25000]
loss: 2.305327  [ 6464/25000]
loss: 2.261025  [12864/25000]
loss: 2.251871  [19264/25000]
Test Error: 
 Accuracy: 17.0%, Avg loss: 2.247093 

Epoch 1
-------------------------------
loss: 2.333185  [   64/25000]
loss: 2.270515  [ 6464/25000]
loss: 2.284940  [12864/25000]
loss: 2.260934  [19264/25000]
Test Error: 
 Accuracy: 16.9%, Avg loss: 2.252515 

Epoch 1
-------------------------------
loss: 2.365726  [   64/25000]
loss: 2.282167  [ 6464/25000]
loss: 2.262728  [12864/25000]
loss: 2.260745  [19264/25000]
Test Error: 
 Accuracy: 16.5%, Avg loss: 2.262301 

Epoch 1
-------------------------------
loss: 2.379774  [   64/25000]
loss: 2.306698  [ 6464/25000]
loss: 2.290754  [12864/25000]
loss: 2.260015  [19264/25000]
Test Error: 
 Accuracy: 17.4%, Avg loss: 2.260778 

SECOND TYPE NET TRAINING
Epoch 1
-------------------------------
loss: 2.279756  [   64/25000]
loss: 2.298965  [ 6464/25000]
loss: 2.294818  [12864/25000]
loss: 2.294082  [19264/25000]
Test Error: 
 Accuracy: 13.4%, Avg loss: 2.289051 

Epoch 1
-------------------------------
loss: 2.273211  [   64/25000]
loss: 2.310608  [ 6464/25000]
loss: 2.302902  [12864/25000]
loss: 2.304853  [19264/25000]
Test Error: 
 Accuracy: 10.6%, Avg loss: 2.296446 

Epoch 1
-------------------------------
loss: 2.359456  [   64/25000]
loss: 2.335755  [ 6464/25000]
loss: 2.310157  [12864/25000]
loss: 2.284017  [19264/25000]
Test Error: 
 Accuracy: 9.2%, Avg loss: 2.305690 

Epoch 1
-------------------------------
loss: 2.235293  [   64/25000]
loss: 2.311887  [ 6464/25000]
loss: 2.315195  [12864/25000]
loss: 2.325622  [19264/25000]
Test Error: 
 Accuracy: 10.2%, Avg loss: 2.299131 

Epoch 1
-------------------------------
loss: 2.325284  [   64/25000]
loss: 2.292801  [ 6464/25000]
loss: 2.315989  [12864/25000]
loss: 2.288062  [19264/25000]
Test Error: 
 Accuracy: 12.1%, Avg loss: 2.298838 

Epoch 1
-------------------------------
loss: 2.342076  [   64/25000]
loss: 2.320439  [ 6464/25000]
loss: 2.266899  [12864/25000]
loss: 2.315196  [19264/25000]
Test Error: 
 Accuracy: 11.4%, Avg loss: 2.291188 

Epoch 1
-------------------------------
loss: 2.284852  [   64/25000]
loss: 2.305683  [ 6464/25000]
loss: 2.312828  [12864/25000]
loss: 2.272936  [19264/25000]
Test Error: 
 Accuracy: 11.7%, Avg loss: 2.295452 

Epoch 1
-------------------------------
loss: 2.327963  [   64/25000]
loss: 2.292701  [ 6464/25000]
loss: 2.304399  [12864/25000]
loss: 2.303708  [19264/25000]
Test Error: 
 Accuracy: 10.5%, Avg loss: 2.300378 

Epoch 1
-------------------------------
loss: 2.327667  [   64/25000]
loss: 2.298172  [ 6464/25000]
loss: 2.285945  [12864/25000]
loss: 2.293205  [19264/25000]
Test Error: 
 Accuracy: 12.1%, Avg loss: 2.293577 

Epoch 1
-------------------------------
loss: 2.293759  [   64/25000]
loss: 2.329230  [ 6464/25000]
loss: 2.306601  [12864/25000]
loss: 2.323119  [19264/25000]
Test Error: 
 Accuracy: 10.9%, Avg loss: 2.303363 

THIRD TYPE NET TRAINING
Epoch 1
-------------------------------
loss: 2.317065  [   64/25000]
loss: 2.287566  [ 6464/25000]
loss: 2.308423  [12864/25000]
loss: 2.291777  [19264/25000]
Test Error: 
 Accuracy: 8.7%, Avg loss: 2.303049 

Epoch 1
-------------------------------
loss: 2.330359  [   64/25000]
loss: 2.316596  [ 6464/25000]
loss: 2.305677  [12864/25000]
loss: 2.298502  [19264/25000]
Test Error: 
 Accuracy: 10.8%, Avg loss: 2.299250 

Epoch 1
-------------------------------
loss: 2.307600  [   64/25000]
loss: 2.307870  [ 6464/25000]
loss: 2.292789  [12864/25000]
loss: 2.299869  [19264/25000]
Test Error: 
 Accuracy: 12.6%, Avg loss: 2.299739 

Epoch 1
-------------------------------
loss: 2.296937  [   64/25000]
loss: 2.293529  [ 6464/25000]
loss: 2.294924  [12864/25000]
loss: 2.313539  [19264/25000]
Test Error: 
 Accuracy: 11.4%, Avg loss: 2.299775 

Epoch 1
-------------------------------
loss: 2.310549  [   64/25000]
loss: 2.315175  [ 6464/25000]
loss: 2.311654  [12864/25000]
loss: 2.295424  [19264/25000]
Test Error: 
 Accuracy: 10.7%, Avg loss: 2.301652 

Epoch 1
-------------------------------
loss: 2.325696  [   64/25000]
loss: 2.290244  [ 6464/25000]
loss: 2.324612  [12864/25000]
loss: 2.270164  [19264/25000]
Test Error: 
 Accuracy: 12.7%, Avg loss: 2.299421 

Epoch 1
-------------------------------
loss: 2.340406  [   64/25000]
loss: 2.307236  [ 6464/25000]
loss: 2.299946  [12864/25000]
loss: 2.278730  [19264/25000]
Test Error: 
 Accuracy: 12.0%, Avg loss: 2.297815 

Epoch 1
-------------------------------
loss: 2.312660  [   64/25000]
loss: 2.307388  [ 6464/25000]
loss: 2.282977  [12864/25000]
loss: 2.323338  [19264/25000]
Test Error: 
 Accuracy: 10.4%, Avg loss: 2.301502 

Epoch 1
-------------------------------
loss: 2.295484  [   64/25000]
loss: 2.318205  [ 6464/25000]
loss: 2.305502  [12864/25000]
loss: 2.301677  [19264/25000]
Test Error: 
 Accuracy: 10.5%, Avg loss: 2.303457 

Epoch 1
-------------------------------
loss: 2.304340  [   64/25000]
loss: 2.324504  [ 6464/25000]
loss: 2.302433  [12864/25000]
loss: 2.328464  [19264/25000]
Test Error: 
 Accuracy: 12.6%, Avg loss: 2.301836 

FOURTH TYPE NET TRAINING
Epoch 1
-------------------------------
loss: 2.311198  [   64/25000]
loss: 2.297840  [ 6464/25000]
loss: 2.311710  [12864/25000]
loss: 2.287105  [19264/25000]
Test Error: 
 Accuracy: 10.0%, Avg loss: 2.304034 

Epoch 1
-------------------------------
loss: 2.326876  [   64/25000]
loss: 2.280122  [ 6464/25000]
loss: 2.323644  [12864/25000]
loss: 2.290259  [19264/25000]
Test Error: 
 Accuracy: 9.2%, Avg loss: 2.302533 

Epoch 1
-------------------------------
loss: 2.297934  [   64/25000]
loss: 2.318162  [ 6464/25000]
loss: 2.281653  [12864/25000]
loss: 2.332807  [19264/25000]
Test Error: 
 Accuracy: 10.0%, Avg loss: 2.303121 

Epoch 1
-------------------------------
loss: 2.302147  [   64/25000]
loss: 2.317444  [ 6464/25000]
loss: 2.295774  [12864/25000]
loss: 2.320392  [19264/25000]
Test Error: 
 Accuracy: 9.2%, Avg loss: 2.304900 

Epoch 1
-------------------------------
loss: 2.297263  [   64/25000]
loss: 2.313525  [ 6464/25000]
loss: 2.301598  [12864/25000]
loss: 2.337782  [19264/25000]
Test Error: 
 Accuracy: 9.7%, Avg loss: 2.307191 

Epoch 1
-------------------------------
loss: 2.302754  [   64/25000]
loss: 2.311420  [ 6464/25000]
loss: 2.299217  [12864/25000]
loss: 2.305388  [19264/25000]
Test Error: 
 Accuracy: 10.5%, Avg loss: 2.301818 

Epoch 1
-------------------------------
loss: 2.311250  [   64/25000]
loss: 2.293022  [ 6464/25000]
loss: 2.330568  [12864/25000]
loss: 2.298384  [19264/25000]
Test Error: 
 Accuracy: 10.0%, Avg loss: 2.306184 

Epoch 1
-------------------------------
loss: 2.301842  [   64/25000]
loss: 2.296431  [ 6464/25000]
loss: 2.311530  [12864/25000]
loss: 2.297701  [19264/25000]
Test Error: 
 Accuracy: 10.0%, Avg loss: 2.303757 

Epoch 1
-------------------------------
loss: 2.311484  [   64/25000]
loss: 2.303767  [ 6464/25000]
loss: 2.309767  [12864/25000]
loss: 2.302192  [19264/25000]
Test Error: 
 Accuracy: 10.6%, Avg loss: 2.305636 

Epoch 1
-------------------------------
loss: 2.318159  [   64/25000]
loss: 2.301292  [ 6464/25000]
loss: 2.310521  [12864/25000]
loss: 2.305507  [19264/25000]
Test Error: 
 Accuracy: 10.0%, Avg loss: 2.302321 

FIFTH TYPE NET TRAINING
Epoch 1
-------------------------------
loss: 2.293226  [   64/25000]
loss: 2.305954  [ 6464/25000]
loss: 2.308004  [12864/25000]
loss: 2.310951  [19264/25000]
Test Error: 
 Accuracy: 10.7%, Avg loss: 2.304494 

Epoch 1
-------------------------------
loss: 2.304759  [   64/25000]
loss: 2.306045  [ 6464/25000]
loss: 2.301703  [12864/25000]
loss: 2.306881  [19264/25000]
Test Error: 
 Accuracy: 6.4%, Avg loss: 2.305951 

Epoch 1
-------------------------------
loss: 2.271286  [   64/25000]
loss: 2.299260  [ 6464/25000]
loss: 2.316637  [12864/25000]
loss: 2.298934  [19264/25000]
Test Error: 
 Accuracy: 10.0%, Avg loss: 2.306297 

Epoch 1
-------------------------------
loss: 2.303056  [   64/25000]
loss: 2.307151  [ 6464/25000]
loss: 2.303665  [12864/25000]
loss: 2.302529  [19264/25000]
Test Error: 
 Accuracy: 10.2%, Avg loss: 2.303809 

Epoch 1
-------------------------------
loss: 2.290024  [   64/25000]
loss: 2.298912  [ 6464/25000]
loss: 2.308773  [12864/25000]
loss: 2.303085  [19264/25000]
Test Error: 
 Accuracy: 12.7%, Avg loss: 2.302583 

Epoch 1
-------------------------------
loss: 2.292774  [   64/25000]
loss: 2.309892  [ 6464/25000]
loss: 2.299470  [12864/25000]
loss: 2.306804  [19264/25000]
Test Error: 
 Accuracy: 12.1%, Avg loss: 2.302980 

Epoch 1
-------------------------------
loss: 2.282288  [   64/25000]
loss: 2.301606  [ 6464/25000]
loss: 2.308381  [12864/25000]
loss: 2.316997  [19264/25000]
Test Error: 
 Accuracy: 10.0%, Avg loss: 2.303873 

Epoch 1
-------------------------------
loss: 2.299782  [   64/25000]
loss: 2.305995  [ 6464/25000]
loss: 2.302299  [12864/25000]
loss: 2.306589  [19264/25000]
Test Error: 
 Accuracy: 10.0%, Avg loss: 2.304752 

Epoch 1
-------------------------------
loss: 2.292020  [   64/25000]
loss: 2.301722  [ 6464/25000]
loss: 2.290246  [12864/25000]
loss: 2.325943  [19264/25000]
Test Error: 
 Accuracy: 10.0%, Avg loss: 2.303059 

Epoch 1
-------------------------------
loss: 2.325306  [   64/25000]
loss: 2.299713  [ 6464/25000]
loss: 2.303327  [12864/25000]
loss: 2.283045  [19264/25000]
Test Error: 
 Accuracy: 10.4%, Avg loss: 2.303343 

SIXTH TYPE NET TRAINING
Epoch 1
-------------------------------
loss: 2.301493  [   64/25000]
loss: 2.319397  [ 6464/25000]
loss: 2.297981  [12864/25000]
loss: 2.300286  [19264/25000]
Test Error: 
 Accuracy: 10.1%, Avg loss: 2.303643 

Epoch 1
-------------------------------
loss: 2.327067  [   64/25000]
loss: 2.312400  [ 6464/25000]
loss: 2.297317  [12864/25000]
loss: 2.323433  [19264/25000]
Test Error: 
 Accuracy: 10.0%, Avg loss: 2.307138 

Epoch 1
-------------------------------
loss: 2.338433  [   64/25000]
loss: 2.315467  [ 6464/25000]
loss: 2.312434  [12864/25000]
loss: 2.272929  [19264/25000]
Test Error: 
 Accuracy: 10.0%, Avg loss: 2.307918 

Epoch 1
-------------------------------
loss: 2.290725  [   64/25000]
loss: 2.308025  [ 6464/25000]
loss: 2.312567  [12864/25000]
loss: 2.291727  [19264/25000]
Test Error: 
 Accuracy: 10.0%, Avg loss: 2.306235 

Epoch 1
-------------------------------
loss: 2.296133  [   64/25000]
loss: 2.304521  [ 6464/25000]
loss: 2.306121  [12864/25000]
loss: 2.313771  [19264/25000]
Test Error: 
 Accuracy: 10.0%, Avg loss: 2.306193 

Epoch 1
-------------------------------
loss: 2.316658  [   64/25000]
loss: 2.301681  [ 6464/25000]
loss: 2.302939  [12864/25000]
loss: 2.299798  [19264/25000]
Test Error: 
 Accuracy: 10.0%, Avg loss: 2.303024 

Epoch 1
-------------------------------
loss: 2.316076  [   64/25000]
loss: 2.296739  [ 6464/25000]
loss: 2.304450  [12864/25000]
loss: 2.310768  [19264/25000]
Test Error: 
 Accuracy: 13.0%, Avg loss: 2.304305 

Epoch 1
-------------------------------
loss: 2.328741  [   64/25000]
loss: 2.308220  [ 6464/25000]
loss: 2.306672  [12864/25000]
loss: 2.311260  [19264/25000]
Test Error: 
 Accuracy: 10.0%, Avg loss: 2.306393 

Epoch 1
-------------------------------
loss: 2.292071  [   64/25000]
loss: 2.302181  [ 6464/25000]
loss: 2.321260  [12864/25000]
loss: 2.306998  [19264/25000]
Test Error: 
 Accuracy: 8.9%, Avg loss: 2.308006 

Epoch 1
-------------------------------
loss: 2.317877  [   64/25000]
loss: 2.295041  [ 6464/25000]
loss: 2.322860  [12864/25000]
loss: 2.302267  [19264/25000]
Test Error: 
 Accuracy: 10.0%, Avg loss: 2.307629 

Epoch 2
-------------------------------
PARAMETERS THAT REQUIRE GRADIENT:
conv1.weight
conv1.bias
conv2.weight
conv2.bias
conv3.weight
conv3.bias
conv4.weight
conv4.bias
conv5.weight
conv5.bias
fc1.weight
fc1.bias
fc2.weight
fc2.bias

loss: 2.311759  [   64/25000]
loss: 2.295442  [ 6464/25000]
loss: 2.295088  [12864/25000]
loss: 2.293340  [19264/25000]
Test Error: 
 Accuracy: 13.0%, Avg loss: 2.297385 

--------- Analysis ---------
FIRST TYPE NET TRAINING
Epoch 1
-------------------------------
loss: 2.362326  [   64/25000]
loss: 2.313330  [ 6464/25000]
loss: 2.272862  [12864/25000]
loss: 2.258496  [19264/25000]
Test Error: 
 Accuracy: 16.8%, Avg loss: 2.262621 

Epoch 1
-------------------------------
loss: 2.249709  [   64/25000]
loss: 2.310103  [ 6464/25000]
loss: 2.292701  [12864/25000]
loss: 2.242127  [19264/25000]
Test Error: 
 Accuracy: 17.3%, Avg loss: 2.254380 

Epoch 1
-------------------------------
loss: 2.356557  [   64/25000]
loss: 2.285146  [ 6464/25000]
loss: 2.267208  [12864/25000]
loss: 2.227592  [19264/25000]
Test Error: 
 Accuracy: 19.1%, Avg loss: 2.245914 

Epoch 1
-------------------------------
loss: 2.339733  [   64/25000]
loss: 2.289595  [ 6464/25000]
loss: 2.262367  [12864/25000]
loss: 2.249301  [19264/25000]
Test Error: 
 Accuracy: 19.0%, Avg loss: 2.247186 

Epoch 1
-------------------------------
loss: 2.315537  [   64/25000]
loss: 2.292811  [ 6464/25000]
loss: 2.299078  [12864/25000]
loss: 2.243130  [19264/25000]
Test Error: 
 Accuracy: 16.3%, Avg loss: 2.261123 

Epoch 1
-------------------------------
loss: 2.454945  [   64/25000]
loss: 2.267674  [ 6464/25000]
loss: 2.253474  [12864/25000]
loss: 2.198462  [19264/25000]
Test Error: 
 Accuracy: 20.2%, Avg loss: 2.238603 

Epoch 1
-------------------------------
loss: 2.300695  [   64/25000]
loss: 2.260042  [ 6464/25000]
loss: 2.261599  [12864/25000]
loss: 2.258070  [19264/25000]
Test Error: 
 Accuracy: 18.6%, Avg loss: 2.247029 

Epoch 1
-------------------------------
loss: 2.231500  [   64/25000]
loss: 2.282663  [ 6464/25000]
loss: 2.259217  [12864/25000]
loss: 2.231702  [19264/25000]
Test Error: 
 Accuracy: 18.6%, Avg loss: 2.241675 

Epoch 1
-------------------------------
loss: 2.221696  [   64/25000]
loss: 2.283643  [ 6464/25000]
loss: 2.253203  [12864/25000]
loss: 2.261534  [19264/25000]
Test Error: 
 Accuracy: 20.0%, Avg loss: 2.243741 

Epoch 1
-------------------------------
loss: 2.387595  [   64/25000]
loss: 2.262431  [ 6464/25000]
loss: 2.273580  [12864/25000]
loss: 2.245311  [19264/25000]
Test Error: 
 Accuracy: 19.1%, Avg loss: 2.249083 

SECOND TYPE NET TRAINING
Epoch 1
-------------------------------
loss: 2.276862  [   64/25000]
loss: 2.282449  [ 6464/25000]
loss: 2.310655  [12864/25000]
loss: 2.297702  [19264/25000]
Test Error: 
 Accuracy: 12.0%, Avg loss: 2.297639 

Epoch 1
-------------------------------
loss: 2.271543  [   64/25000]
loss: 2.286643  [ 6464/25000]
loss: 2.296500  [12864/25000]
loss: 2.315522  [19264/25000]
Test Error: 
 Accuracy: 11.8%, Avg loss: 2.296011 

Epoch 1
-------------------------------
loss: 2.304946  [   64/25000]
loss: 2.299074  [ 6464/25000]
loss: 2.287376  [12864/25000]
loss: 2.278645  [19264/25000]
Test Error: 
 Accuracy: 11.2%, Avg loss: 2.291986 

Epoch 1
-------------------------------
loss: 2.319142  [   64/25000]
loss: 2.285471  [ 6464/25000]
loss: 2.310539  [12864/25000]
loss: 2.292180  [19264/25000]
Test Error: 
 Accuracy: 9.7%, Avg loss: 2.297452 

Epoch 1
-------------------------------
loss: 2.294579  [   64/25000]
loss: 2.306861  [ 6464/25000]
loss: 2.309603  [12864/25000]
loss: 2.296870  [19264/25000]
Test Error: 
 Accuracy: 11.0%, Avg loss: 2.293434 

Epoch 1
-------------------------------
loss: 2.269068  [   64/25000]
loss: 2.317847  [ 6464/25000]
loss: 2.297973  [12864/25000]
loss: 2.303643  [19264/25000]
Test Error: 
 Accuracy: 8.3%, Avg loss: 2.301656 

Epoch 1
-------------------------------
loss: 2.284283  [   64/25000]
loss: 2.296415  [ 6464/25000]
loss: 2.320598  [12864/25000]
loss: 2.295696  [19264/25000]
Test Error: 
 Accuracy: 11.8%, Avg loss: 2.289421 

Epoch 1
-------------------------------
loss: 2.332456  [   64/25000]
loss: 2.322561  [ 6464/25000]
loss: 2.302645  [12864/25000]
loss: 2.276215  [19264/25000]
Test Error: 
 Accuracy: 10.9%, Avg loss: 2.299147 

Epoch 1
-------------------------------
loss: 2.342958  [   64/25000]
loss: 2.271156  [ 6464/25000]
loss: 2.302816  [12864/25000]
loss: 2.291433  [19264/25000]
Test Error: 
 Accuracy: 11.4%, Avg loss: 2.294021 

Epoch 1
-------------------------------
loss: 2.266471  [   64/25000]
loss: 2.308361  [ 6464/25000]
loss: 2.297228  [12864/25000]
loss: 2.299790  [19264/25000]
Test Error: 
 Accuracy: 12.8%, Avg loss: 2.294715 

THIRD TYPE NET TRAINING
Epoch 1
-------------------------------
loss: 2.323899  [   64/25000]
loss: 2.307081  [ 6464/25000]
loss: 2.294774  [12864/25000]
loss: 2.299665  [19264/25000]
Test Error: 
 Accuracy: 11.6%, Avg loss: 2.300680 

Epoch 1
-------------------------------
loss: 2.369419  [   64/25000]
loss: 2.288704  [ 6464/25000]
loss: 2.309549  [12864/25000]
loss: 2.280794  [19264/25000]
Test Error: 
 Accuracy: 12.2%, Avg loss: 2.300581 

Epoch 1
-------------------------------
loss: 2.310636  [   64/25000]
loss: 2.300356  [ 6464/25000]
loss: 2.302231  [12864/25000]
loss: 2.315039  [19264/25000]
Test Error: 
 Accuracy: 8.8%, Avg loss: 2.304214 

Epoch 1
-------------------------------
loss: 2.314766  [   64/25000]
loss: 2.321533  [ 6464/25000]
loss: 2.288874  [12864/25000]
loss: 2.304916  [19264/25000]
Test Error: 
 Accuracy: 8.5%, Avg loss: 2.299097 

Epoch 1
-------------------------------
loss: 2.343803  [   64/25000]
loss: 2.296381  [ 6464/25000]
loss: 2.302438  [12864/25000]
loss: 2.301377  [19264/25000]
Test Error: 
 Accuracy: 10.1%, Avg loss: 2.296849 

Epoch 1
-------------------------------
loss: 2.288272  [   64/25000]
loss: 2.297579  [ 6464/25000]
loss: 2.315852  [12864/25000]
loss: 2.296805  [19264/25000]
Test Error: 
 Accuracy: 8.0%, Avg loss: 2.303446 

Epoch 1
-------------------------------
loss: 2.336801  [   64/25000]
loss: 2.302987  [ 6464/25000]
loss: 2.317261  [12864/25000]
loss: 2.287934  [19264/25000]
Test Error: 
 Accuracy: 10.2%, Avg loss: 2.299554 

Epoch 1
-------------------------------
loss: 2.296974  [   64/25000]
loss: 2.315655  [ 6464/25000]
loss: 2.299764  [12864/25000]
loss: 2.308623  [19264/25000]
Test Error: 
 Accuracy: 10.1%, Avg loss: 2.303367 

Epoch 1
-------------------------------
loss: 2.307852  [   64/25000]
loss: 2.309187  [ 6464/25000]
loss: 2.296636  [12864/25000]
loss: 2.321686  [19264/25000]
Test Error: 
 Accuracy: 10.1%, Avg loss: 2.305564 

Epoch 1
-------------------------------
loss: 2.303539  [   64/25000]
loss: 2.305813  [ 6464/25000]
loss: 2.300672  [12864/25000]
loss: 2.310719  [19264/25000]
Test Error: 
 Accuracy: 10.3%, Avg loss: 2.302724 

FOURTH TYPE NET TRAINING
Epoch 1
-------------------------------
loss: 2.313278  [   64/25000]
loss: 2.304308  [ 6464/25000]
loss: 2.312472  [12864/25000]
loss: 2.295779  [19264/25000]
Test Error: 
 Accuracy: 9.9%, Avg loss: 2.305543 

Epoch 1
-------------------------------
loss: 2.325595  [   64/25000]
loss: 2.294150  [ 6464/25000]
loss: 2.305008  [12864/25000]
loss: 2.297677  [19264/25000]
Test Error: 
 Accuracy: 7.9%, Avg loss: 2.302894 

Epoch 1
-------------------------------
loss: 2.328434  [   64/25000]
loss: 2.315402  [ 6464/25000]
loss: 2.294818  [12864/25000]
loss: 2.307298  [19264/25000]
Test Error: 
 Accuracy: 10.4%, Avg loss: 2.303631 

Epoch 1
-------------------------------
loss: 2.304197  [   64/25000]
loss: 2.306855  [ 6464/25000]
loss: 2.319764  [12864/25000]
loss: 2.292451  [19264/25000]
Test Error: 
 Accuracy: 10.0%, Avg loss: 2.303773 

Epoch 1
-------------------------------
loss: 2.309717  [   64/25000]
loss: 2.298506  [ 6464/25000]
loss: 2.306006  [12864/25000]
loss: 2.303636  [19264/25000]
Test Error: 
 Accuracy: 7.0%, Avg loss: 2.304003 

Epoch 1
-------------------------------
loss: 2.336238  [   64/25000]
loss: 2.323114  [ 6464/25000]
loss: 2.306734  [12864/25000]
loss: 2.282716  [19264/25000]
Test Error: 
 Accuracy: 10.5%, Avg loss: 2.304662 

Epoch 1
-------------------------------
loss: 2.283639  [   64/25000]
loss: 2.316593  [ 6464/25000]
loss: 2.320891  [12864/25000]
loss: 2.319329  [19264/25000]
Test Error: 
 Accuracy: 11.0%, Avg loss: 2.309682 

Epoch 1
-------------------------------
loss: 2.315772  [   64/25000]
loss: 2.293731  [ 6464/25000]
loss: 2.302781  [12864/25000]
loss: 2.306210  [19264/25000]
Test Error: 
 Accuracy: 11.0%, Avg loss: 2.300598 

Epoch 1
-------------------------------
loss: 2.309172  [   64/25000]
loss: 2.286535  [ 6464/25000]
loss: 2.318905  [12864/25000]
loss: 2.299758  [19264/25000]
Test Error: 
 Accuracy: 10.8%, Avg loss: 2.302053 

Epoch 1
-------------------------------
loss: 2.298890  [   64/25000]
loss: 2.312222  [ 6464/25000]
loss: 2.309650  [12864/25000]
loss: 2.298723  [19264/25000]
Test Error: 
 Accuracy: 10.0%, Avg loss: 2.304242 

FIFTH TYPE NET TRAINING
Epoch 1
-------------------------------
loss: 2.291360  [   64/25000]
loss: 2.295752  [ 6464/25000]
loss: 2.327089  [12864/25000]
loss: 2.295687  [19264/25000]
Test Error: 
 Accuracy: 10.0%, Avg loss: 2.309423 

Epoch 1
-------------------------------
loss: 2.280967  [   64/25000]
loss: 2.307765  [ 6464/25000]
loss: 2.317280  [12864/25000]
loss: 2.305215  [19264/25000]
Test Error: 
 Accuracy: 10.0%, Avg loss: 2.306487 

Epoch 1
-------------------------------
loss: 2.299870  [   64/25000]
loss: 2.298551  [ 6464/25000]
loss: 2.295558  [12864/25000]
loss: 2.322391  [19264/25000]
Test Error: 
 Accuracy: 11.1%, Avg loss: 2.302214 

Epoch 1
-------------------------------
loss: 2.279605  [   64/25000]
loss: 2.314754  [ 6464/25000]
loss: 2.298959  [12864/25000]
loss: 2.309076  [19264/25000]
Test Error: 
 Accuracy: 9.3%, Avg loss: 2.304283 

Epoch 1
-------------------------------
loss: 2.297421  [   64/25000]
loss: 2.292740  [ 6464/25000]
loss: 2.302995  [12864/25000]
loss: 2.301600  [19264/25000]
Test Error: 
 Accuracy: 10.0%, Avg loss: 2.301559 

Epoch 1
-------------------------------
loss: 2.310578  [   64/25000]
loss: 2.296674  [ 6464/25000]
loss: 2.310486  [12864/25000]
loss: 2.304029  [19264/25000]
Test Error: 
 Accuracy: 10.0%, Avg loss: 2.303069 

Epoch 1
-------------------------------
loss: 2.308926  [   64/25000]
loss: 2.296811  [ 6464/25000]
loss: 2.316273  [12864/25000]
loss: 2.305928  [19264/25000]
Test Error: 
 Accuracy: 10.4%, Avg loss: 2.303134 

Epoch 1
-------------------------------
loss: 2.300292  [   64/25000]
loss: 2.295093  [ 6464/25000]
loss: 2.290915  [12864/25000]
loss: 2.312214  [19264/25000]
Test Error: 
 Accuracy: 11.1%, Avg loss: 2.302478 

Epoch 1
-------------------------------
loss: 2.299050  [   64/25000]
loss: 2.294788  [ 6464/25000]
loss: 2.305517  [12864/25000]
loss: 2.311022  [19264/25000]
Test Error: 
 Accuracy: 10.0%, Avg loss: 2.303036 

Epoch 1
-------------------------------
loss: 2.293998  [   64/25000]
loss: 2.292589  [ 6464/25000]
loss: 2.311476  [12864/25000]
loss: 2.297865  [19264/25000]
Test Error: 
 Accuracy: 10.0%, Avg loss: 2.303731 

SIXTH TYPE NET TRAINING
Epoch 1
-------------------------------
loss: 2.291508  [   64/25000]
loss: 2.295478  [ 6464/25000]
loss: 2.310752  [12864/25000]
loss: 2.313414  [19264/25000]
Test Error: 
 Accuracy: 11.2%, Avg loss: 2.305563 

Epoch 1
-------------------------------
loss: 2.315682  [   64/25000]
loss: 2.294047  [ 6464/25000]
loss: 2.303587  [12864/25000]
loss: 2.317388  [19264/25000]
Test Error: 
 Accuracy: 10.0%, Avg loss: 2.304424 

Epoch 1
-------------------------------
loss: 2.294480  [   64/25000]
loss: 2.289285  [ 6464/25000]
loss: 2.306152  [12864/25000]
loss: 2.306795  [19264/25000]
Test Error: 
 Accuracy: 10.0%, Avg loss: 2.302086 

Epoch 1
-------------------------------
loss: 2.299802  [   64/25000]
loss: 2.298026  [ 6464/25000]
loss: 2.309158  [12864/25000]
loss: 2.317255  [19264/25000]
Test Error: 
 Accuracy: 9.8%, Avg loss: 2.305963 

Epoch 1
-------------------------------
loss: 2.329378  [   64/25000]
loss: 2.276174  [ 6464/25000]
loss: 2.326391  [12864/25000]
loss: 2.294297  [19264/25000]
Test Error: 
 Accuracy: 10.0%, Avg loss: 2.307246 

Epoch 1
-------------------------------
loss: 2.274381  [   64/25000]
loss: 2.315380  [ 6464/25000]
loss: 2.288764  [12864/25000]
loss: 2.323359  [19264/25000]
Test Error: 
 Accuracy: 10.5%, Avg loss: 2.304902 

Epoch 1
-------------------------------
loss: 2.320201  [   64/25000]
loss: 2.292235  [ 6464/25000]
loss: 2.299007  [12864/25000]
loss: 2.306446  [19264/25000]
Test Error: 
 Accuracy: 9.3%, Avg loss: 2.304542 

Epoch 1
-------------------------------
loss: 2.292918  [   64/25000]
loss: 2.329675  [ 6464/25000]
loss: 2.290217  [12864/25000]
loss: 2.328188  [19264/25000]
Test Error: 
 Accuracy: 9.6%, Avg loss: 2.309018 

Epoch 1
-------------------------------
loss: 2.336229  [   64/25000]
loss: 2.303907  [ 6464/25000]
loss: 2.307353  [12864/25000]
loss: 2.290954  [19264/25000]
Test Error: 
 Accuracy: 10.8%, Avg loss: 2.302596 

Epoch 1
-------------------------------
loss: 2.318925  [   64/25000]
loss: 2.303444  [ 6464/25000]
loss: 2.311890  [12864/25000]
loss: 2.285861  [19264/25000]
Test Error: 
 Accuracy: 10.0%, Avg loss: 2.304481 

Epoch 3
-------------------------------
PARAMETERS THAT REQUIRE GRADIENT:
conv1.weight
conv1.bias
conv2.weight
conv2.bias
conv3.weight
conv3.bias
conv4.weight
conv4.bias
conv5.weight
conv5.bias
fc1.weight
fc1.bias
fc2.weight
fc2.bias

loss: 2.308360  [   64/25000]
loss: 2.293869  [ 6464/25000]
loss: 2.291037  [12864/25000]
loss: 2.291929  [19264/25000]
Test Error: 
 Accuracy: 14.3%, Avg loss: 2.294566 

--------- Analysis ---------
FIRST TYPE NET TRAINING
Epoch 1
-------------------------------
loss: 2.470654  [   64/25000]
loss: 2.276662  [ 6464/25000]
loss: 2.254496  [12864/25000]
loss: 2.236927  [19264/25000]
Test Error: 
 Accuracy: 19.3%, Avg loss: 2.238342 

Epoch 1
-------------------------------
loss: 2.396865  [   64/25000]
loss: 2.274029  [ 6464/25000]
loss: 2.275008  [12864/25000]
loss: 2.263492  [19264/25000]
Test Error: 
 Accuracy: 18.3%, Avg loss: 2.249140 

Epoch 1
-------------------------------
loss: 2.370576  [   64/25000]
loss: 2.321703  [ 6464/25000]
loss: 2.298519  [12864/25000]
loss: 2.259670  [19264/25000]
Test Error: 
 Accuracy: 16.2%, Avg loss: 2.269146 

Epoch 1
-------------------------------
loss: 2.400166  [   64/25000]
loss: 2.290073  [ 6464/25000]
loss: 2.286108  [12864/25000]
loss: 2.251208  [19264/25000]
Test Error: 
 Accuracy: 17.4%, Avg loss: 2.264997 

Epoch 1
-------------------------------
loss: 2.386467  [   64/25000]
loss: 2.288072  [ 6464/25000]
loss: 2.274997  [12864/25000]
loss: 2.249598  [19264/25000]
Test Error: 
 Accuracy: 17.5%, Avg loss: 2.253029 

Epoch 1
-------------------------------
loss: 2.313898  [   64/25000]
loss: 2.318119  [ 6464/25000]
loss: 2.290625  [12864/25000]
loss: 2.268209  [19264/25000]
Test Error: 
 Accuracy: 15.9%, Avg loss: 2.260488 

Epoch 1
-------------------------------
loss: 2.398953  [   64/25000]
loss: 2.289331  [ 6464/25000]
loss: 2.255970  [12864/25000]
loss: 2.227853  [19264/25000]
Test Error: 
 Accuracy: 16.4%, Avg loss: 2.251067 

Epoch 1
-------------------------------
loss: 2.409927  [   64/25000]
loss: 2.292061  [ 6464/25000]
loss: 2.282768  [12864/25000]
loss: 2.282540  [19264/25000]
Test Error: 
 Accuracy: 17.6%, Avg loss: 2.256550 

Epoch 1
-------------------------------
loss: 2.396202  [   64/25000]
loss: 2.293723  [ 6464/25000]
loss: 2.275630  [12864/25000]
loss: 2.269201  [19264/25000]
Test Error: 
 Accuracy: 16.8%, Avg loss: 2.259505 

Epoch 1
-------------------------------
loss: 2.316354  [   64/25000]
loss: 2.276590  [ 6464/25000]
loss: 2.266141  [12864/25000]
loss: 2.246050  [19264/25000]
Test Error: 
 Accuracy: 18.3%, Avg loss: 2.245896 

SECOND TYPE NET TRAINING
Epoch 1
-------------------------------
loss: 2.331055  [   64/25000]
loss: 2.329070  [ 6464/25000]
loss: 2.285105  [12864/25000]
loss: 2.288630  [19264/25000]
Test Error: 
 Accuracy: 11.3%, Avg loss: 2.295222 

Epoch 1
-------------------------------
loss: 2.285949  [   64/25000]
loss: 2.325684  [ 6464/25000]
loss: 2.293303  [12864/25000]
loss: 2.300304  [19264/25000]
Test Error: 
 Accuracy: 12.3%, Avg loss: 2.293583 

Epoch 1
-------------------------------
loss: 2.313345  [   64/25000]
loss: 2.339709  [ 6464/25000]
loss: 2.289151  [12864/25000]
loss: 2.316581  [19264/25000]
Test Error: 
 Accuracy: 11.3%, Avg loss: 2.291548 

Epoch 1
-------------------------------
loss: 2.328166  [   64/25000]
loss: 2.303287  [ 6464/25000]
loss: 2.292091  [12864/25000]
loss: 2.290623  [19264/25000]
Test Error: 
 Accuracy: 12.9%, Avg loss: 2.289188 

Epoch 1
-------------------------------
loss: 2.296337  [   64/25000]
loss: 2.305393  [ 6464/25000]
loss: 2.316908  [12864/25000]
loss: 2.270330  [19264/25000]
Test Error: 
 Accuracy: 10.4%, Avg loss: 2.297077 

Epoch 1
-------------------------------
loss: 2.299535  [   64/25000]
loss: 2.297821  [ 6464/25000]
loss: 2.289758  [12864/25000]
loss: 2.301935  [19264/25000]
Test Error: 
 Accuracy: 11.5%, Avg loss: 2.297996 

Epoch 1
-------------------------------
loss: 2.308750  [   64/25000]
loss: 2.305175  [ 6464/25000]
loss: 2.300605  [12864/25000]
loss: 2.301020  [19264/25000]
Test Error: 
 Accuracy: 14.2%, Avg loss: 2.292526 

Epoch 1
-------------------------------
loss: 2.293706  [   64/25000]
loss: 2.300108  [ 6464/25000]
loss: 2.318789  [12864/25000]
loss: 2.278597  [19264/25000]
Test Error: 
 Accuracy: 12.4%, Avg loss: 2.293178 

Epoch 1
-------------------------------
loss: 2.291273  [   64/25000]
loss: 2.290003  [ 6464/25000]
loss: 2.310570  [12864/25000]
loss: 2.285135  [19264/25000]
Test Error: 
 Accuracy: 10.7%, Avg loss: 2.296612 

Epoch 1
-------------------------------
loss: 2.318090  [   64/25000]
loss: 2.325367  [ 6464/25000]
loss: 2.273078  [12864/25000]
loss: 2.299951  [19264/25000]
Test Error: 
 Accuracy: 11.6%, Avg loss: 2.294549 

THIRD TYPE NET TRAINING
Epoch 1
-------------------------------
loss: 2.318055  [   64/25000]
loss: 2.318449  [ 6464/25000]
loss: 2.308996  [12864/25000]
loss: 2.302926  [19264/25000]
Test Error: 
 Accuracy: 8.7%, Avg loss: 2.303456 

Epoch 1
-------------------------------
loss: 2.319313  [   64/25000]
loss: 2.287825  [ 6464/25000]
loss: 2.316950  [12864/25000]
loss: 2.281024  [19264/25000]
Test Error: 
 Accuracy: 11.4%, Avg loss: 2.299706 

Epoch 1
-------------------------------
loss: 2.298580  [   64/25000]
loss: 2.298105  [ 6464/25000]
loss: 2.314511  [12864/25000]
loss: 2.311806  [19264/25000]
Test Error: 
 Accuracy: 8.3%, Avg loss: 2.303371 

Epoch 1
-------------------------------
loss: 2.297788  [   64/25000]
loss: 2.314817  [ 6464/25000]
loss: 2.301811  [12864/25000]
loss: 2.293392  [19264/25000]
Test Error: 
 Accuracy: 10.2%, Avg loss: 2.297020 

Epoch 1
-------------------------------
loss: 2.339725  [   64/25000]
loss: 2.286093  [ 6464/25000]
loss: 2.338132  [12864/25000]
loss: 2.298431  [19264/25000]
Test Error: 
 Accuracy: 7.0%, Avg loss: 2.307261 

Epoch 1
-------------------------------
loss: 2.303849  [   64/25000]
loss: 2.348331  [ 6464/25000]
loss: 2.271820  [12864/25000]
loss: 2.320977  [19264/25000]
Test Error: 
 Accuracy: 11.4%, Avg loss: 2.300590 

Epoch 1
-------------------------------
loss: 2.322122  [   64/25000]
loss: 2.318769  [ 6464/25000]
loss: 2.293036  [12864/25000]
loss: 2.312160  [19264/25000]
Test Error: 
 Accuracy: 11.1%, Avg loss: 2.298862 

Epoch 1
-------------------------------
loss: 2.328779  [   64/25000]
loss: 2.317848  [ 6464/25000]
loss: 2.297903  [12864/25000]
loss: 2.290157  [19264/25000]
Test Error: 
 Accuracy: 10.6%, Avg loss: 2.302250 

Epoch 1
-------------------------------
loss: 2.282425  [   64/25000]
loss: 2.296488  [ 6464/25000]
loss: 2.307437  [12864/25000]
loss: 2.292462  [19264/25000]
Test Error: 
 Accuracy: 14.6%, Avg loss: 2.297919 

Epoch 1
-------------------------------
loss: 2.289943  [   64/25000]
loss: 2.327316  [ 6464/25000]
loss: 2.308447  [12864/25000]
loss: 2.314230  [19264/25000]
Test Error: 
 Accuracy: 10.6%, Avg loss: 2.303450 

FOURTH TYPE NET TRAINING
Epoch 1
-------------------------------
loss: 2.300995  [   64/25000]
loss: 2.286578  [ 6464/25000]
loss: 2.316123  [12864/25000]
loss: 2.302018  [19264/25000]
Test Error: 
 Accuracy: 9.0%, Avg loss: 2.305922 

Epoch 1
-------------------------------
loss: 2.318564  [   64/25000]
loss: 2.288279  [ 6464/25000]
loss: 2.321779  [12864/25000]
loss: 2.291473  [19264/25000]
Test Error: 
 Accuracy: 8.8%, Avg loss: 2.304770 

Epoch 1
-------------------------------
loss: 2.294139  [   64/25000]
loss: 2.294075  [ 6464/25000]
loss: 2.302008  [12864/25000]
loss: 2.308648  [19264/25000]
Test Error: 
 Accuracy: 10.1%, Avg loss: 2.300669 

Epoch 1
-------------------------------
loss: 2.330979  [   64/25000]
loss: 2.311484  [ 6464/25000]
loss: 2.318065  [12864/25000]
loss: 2.281501  [19264/25000]
Test Error: 
 Accuracy: 9.6%, Avg loss: 2.306938 

Epoch 1
-------------------------------
loss: 2.301767  [   64/25000]
loss: 2.327892  [ 6464/25000]
loss: 2.293578  [12864/25000]
loss: 2.303507  [19264/25000]
Test Error: 
 Accuracy: 8.6%, Avg loss: 2.308190 

Epoch 1
-------------------------------
loss: 2.293746  [   64/25000]
loss: 2.297672  [ 6464/25000]
loss: 2.326029  [12864/25000]
loss: 2.318837  [19264/25000]
Test Error: 
 Accuracy: 10.0%, Avg loss: 2.308496 

Epoch 1
-------------------------------
loss: 2.298329  [   64/25000]
loss: 2.317179  [ 6464/25000]
loss: 2.310095  [12864/25000]
loss: 2.301914  [19264/25000]
Test Error: 
 Accuracy: 10.1%, Avg loss: 2.304034 

Epoch 1
-------------------------------
loss: 2.307714  [   64/25000]
loss: 2.306768  [ 6464/25000]
loss: 2.292498  [12864/25000]
loss: 2.304740  [19264/25000]
Test Error: 
 Accuracy: 11.3%, Avg loss: 2.298666 

Epoch 1
-------------------------------
loss: 2.304181  [   64/25000]
loss: 2.284868  [ 6464/25000]
loss: 2.321605  [12864/25000]
loss: 2.308942  [19264/25000]
Test Error: 
 Accuracy: 10.3%, Avg loss: 2.305982 

Epoch 1
-------------------------------
loss: 2.312334  [   64/25000]
loss: 2.304521  [ 6464/25000]
loss: 2.305616  [12864/25000]
loss: 2.300069  [19264/25000]
Test Error: 
 Accuracy: 10.3%, Avg loss: 2.301777 

FIFTH TYPE NET TRAINING
Epoch 1
-------------------------------
loss: 2.321560  [   64/25000]
loss: 2.322233  [ 6464/25000]
loss: 2.291025  [12864/25000]
loss: 2.307162  [19264/25000]
Test Error: 
 Accuracy: 10.1%, Avg loss: 2.306327 

Epoch 1
-------------------------------
loss: 2.304812  [   64/25000]
loss: 2.313102  [ 6464/25000]
loss: 2.300295  [12864/25000]
loss: 2.306741  [19264/25000]
Test Error: 
 Accuracy: 10.0%, Avg loss: 2.305178 

Epoch 1
-------------------------------
loss: 2.325534  [   64/25000]
loss: 2.315551  [ 6464/25000]
loss: 2.303478  [12864/25000]
loss: 2.306069  [19264/25000]
Test Error: 
 Accuracy: 10.0%, Avg loss: 2.307196 

Epoch 1
-------------------------------
loss: 2.305314  [   64/25000]
loss: 2.308345  [ 6464/25000]
loss: 2.310480  [12864/25000]
loss: 2.311418  [19264/25000]
Test Error: 
 Accuracy: 9.7%, Avg loss: 2.306494 

Epoch 1
-------------------------------
loss: 2.303354  [   64/25000]
loss: 2.323166  [ 6464/25000]
loss: 2.294420  [12864/25000]
loss: 2.318425  [19264/25000]
Test Error: 
 Accuracy: 7.3%, Avg loss: 2.305238 

Epoch 1
-------------------------------
loss: 2.326496  [   64/25000]
loss: 2.301009  [ 6464/25000]
loss: 2.299771  [12864/25000]
loss: 2.305289  [19264/25000]
Test Error: 
 Accuracy: 11.9%, Avg loss: 2.302378 

Epoch 1
-------------------------------
loss: 2.311871  [   64/25000]
loss: 2.314263  [ 6464/25000]
loss: 2.292478  [12864/25000]
loss: 2.313381  [19264/25000]
Test Error: 
 Accuracy: 10.5%, Avg loss: 2.305434 

Epoch 1
-------------------------------
loss: 2.293533  [   64/25000]
loss: 2.300333  [ 6464/25000]
loss: 2.303753  [12864/25000]
loss: 2.308650  [19264/25000]
Test Error: 
 Accuracy: 8.8%, Avg loss: 2.303147 

Epoch 1
-------------------------------
loss: 2.294275  [   64/25000]
loss: 2.295094  [ 6464/25000]
loss: 2.299924  [12864/25000]
loss: 2.320064  [19264/25000]
Test Error: 
 Accuracy: 10.0%, Avg loss: 2.301393 

Epoch 1
-------------------------------
loss: 2.302538  [   64/25000]
loss: 2.292037  [ 6464/25000]
loss: 2.295517  [12864/25000]
loss: 2.293314  [19264/25000]
Test Error: 
 Accuracy: 10.1%, Avg loss: 2.301308 

SIXTH TYPE NET TRAINING
Epoch 1
-------------------------------
loss: 2.277294  [   64/25000]
loss: 2.299026  [ 6464/25000]
loss: 2.291229  [12864/25000]
loss: 2.307600  [19264/25000]
Test Error: 
 Accuracy: 10.1%, Avg loss: 2.299174 

Epoch 1
-------------------------------
loss: 2.320196  [   64/25000]
loss: 2.300436  [ 6464/25000]
loss: 2.305151  [12864/25000]
loss: 2.308483  [19264/25000]
Test Error: 
 Accuracy: 10.2%, Avg loss: 2.305332 

Epoch 1
-------------------------------
loss: 2.308159  [   64/25000]
loss: 2.306497  [ 6464/25000]
loss: 2.299793  [12864/25000]
loss: 2.312187  [19264/25000]
Test Error: 
 Accuracy: 9.5%, Avg loss: 2.305833 

Epoch 1
-------------------------------
loss: 2.318706  [   64/25000]
loss: 2.305425  [ 6464/25000]
loss: 2.303567  [12864/25000]
loss: 2.311548  [19264/25000]
Test Error: 
 Accuracy: 10.0%, Avg loss: 2.304112 

Epoch 1
-------------------------------
loss: 2.324806  [   64/25000]
loss: 2.309971  [ 6464/25000]
loss: 2.310552  [12864/25000]
loss: 2.298114  [19264/25000]
Test Error: 
 Accuracy: 10.0%, Avg loss: 2.307146 

Epoch 1
-------------------------------
loss: 2.323671  [   64/25000]
loss: 2.306123  [ 6464/25000]
loss: 2.311778  [12864/25000]
loss: 2.281895  [19264/25000]
Test Error: 
 Accuracy: 10.2%, Avg loss: 2.303946 

Epoch 1
-------------------------------
loss: 2.285924  [   64/25000]
loss: 2.295602  [ 6464/25000]
loss: 2.320620  [12864/25000]
loss: 2.309651  [19264/25000]
Test Error: 
 Accuracy: 10.0%, Avg loss: 2.308375 

Epoch 1
-------------------------------
loss: 2.312084  [   64/25000]
loss: 2.298691  [ 6464/25000]
loss: 2.306179  [12864/25000]
loss: 2.296979  [19264/25000]
Test Error: 
 Accuracy: 9.8%, Avg loss: 2.305646 

Epoch 1
-------------------------------
loss: 2.300208  [   64/25000]
loss: 2.309110  [ 6464/25000]
loss: 2.313160  [12864/25000]
loss: 2.298852  [19264/25000]
Test Error: 
 Accuracy: 10.0%, Avg loss: 2.307826 

Epoch 1
-------------------------------
loss: 2.296636  [   64/25000]
loss: 2.329549  [ 6464/25000]
loss: 2.294912  [12864/25000]
loss: 2.315053  [19264/25000]
Test Error: 
 Accuracy: 9.8%, Avg loss: 2.306386 

Epoch 4
-------------------------------
PARAMETERS THAT REQUIRE GRADIENT:
conv1.weight
conv1.bias
conv2.weight
conv2.bias
conv3.weight
conv3.bias
conv4.weight
conv4.bias
conv5.weight
conv5.bias
fc1.weight
fc1.bias
fc2.weight
fc2.bias

loss: 2.305799  [   64/25000]
loss: 2.291618  [ 6464/25000]
loss: 2.286425  [12864/25000]
loss: 2.289660  [19264/25000]
Test Error: 
 Accuracy: 13.5%, Avg loss: 2.291214 

--------- Analysis ---------
FIRST TYPE NET TRAINING
Epoch 1
-------------------------------
loss: 2.303830  [   64/25000]
loss: 2.264305  [ 6464/25000]
loss: 2.263424  [12864/25000]
loss: 2.220624  [19264/25000]
Test Error: 
 Accuracy: 17.8%, Avg loss: 2.247506 

Epoch 1
-------------------------------
loss: 2.336635  [   64/25000]
loss: 2.296394  [ 6464/25000]
loss: 2.290233  [12864/25000]
loss: 2.273530  [19264/25000]
Test Error: 
 Accuracy: 15.4%, Avg loss: 2.262490 

Epoch 1
-------------------------------
loss: 2.364003  [   64/25000]
loss: 2.261342  [ 6464/25000]
loss: 2.255629  [12864/25000]
loss: 2.253913  [19264/25000]
Test Error: 
 Accuracy: 18.8%, Avg loss: 2.249057 

Epoch 1
-------------------------------
loss: 2.361548  [   64/25000]
loss: 2.286187  [ 6464/25000]
loss: 2.238274  [12864/25000]
loss: 2.227370  [19264/25000]
Test Error: 
 Accuracy: 18.0%, Avg loss: 2.244548 

Epoch 1
-------------------------------
loss: 2.340492  [   64/25000]
loss: 2.284780  [ 6464/25000]
loss: 2.242712  [12864/25000]
loss: 2.209683  [19264/25000]
Test Error: 
 Accuracy: 19.6%, Avg loss: 2.244456 

Epoch 1
-------------------------------
loss: 2.369602  [   64/25000]
loss: 2.288891  [ 6464/25000]
loss: 2.254017  [12864/25000]
loss: 2.244068  [19264/25000]
Test Error: 
 Accuracy: 16.7%, Avg loss: 2.248765 

Epoch 1
-------------------------------
loss: 2.254460  [   64/25000]
loss: 2.281375  [ 6464/25000]
loss: 2.257405  [12864/25000]
loss: 2.262964  [19264/25000]
Test Error: 
 Accuracy: 17.8%, Avg loss: 2.259501 

Epoch 1
-------------------------------
loss: 2.463851  [   64/25000]
loss: 2.294853  [ 6464/25000]
loss: 2.274187  [12864/25000]
loss: 2.227249  [19264/25000]
Test Error: 
 Accuracy: 18.4%, Avg loss: 2.247662 

Epoch 1
-------------------------------
loss: 2.287864  [   64/25000]
loss: 2.278146  [ 6464/25000]
loss: 2.263105  [12864/25000]
loss: 2.247762  [19264/25000]
Test Error: 
 Accuracy: 18.1%, Avg loss: 2.250659 

Epoch 1
-------------------------------
loss: 2.361047  [   64/25000]
loss: 2.288419  [ 6464/25000]
loss: 2.264972  [12864/25000]
loss: 2.266839  [19264/25000]
Test Error: 
 Accuracy: 17.4%, Avg loss: 2.254527 

SECOND TYPE NET TRAINING
Epoch 1
-------------------------------
loss: 2.295630  [   64/25000]
loss: 2.337508  [ 6464/25000]
loss: 2.299506  [12864/25000]
loss: 2.304762  [19264/25000]
Test Error: 
 Accuracy: 12.9%, Avg loss: 2.298189 

Epoch 1
-------------------------------
loss: 2.267326  [   64/25000]
loss: 2.286736  [ 6464/25000]
loss: 2.295439  [12864/25000]
loss: 2.308796  [19264/25000]
Test Error: 
 Accuracy: 13.5%, Avg loss: 2.285746 

Epoch 1
-------------------------------
loss: 2.295551  [   64/25000]
loss: 2.296517  [ 6464/25000]
loss: 2.275455  [12864/25000]
loss: 2.293150  [19264/25000]
Test Error: 
 Accuracy: 12.2%, Avg loss: 2.286674 

Epoch 1
-------------------------------
loss: 2.266747  [   64/25000]
loss: 2.311007  [ 6464/25000]
loss: 2.279440  [12864/25000]
loss: 2.292877  [19264/25000]
Test Error: 
 Accuracy: 12.4%, Avg loss: 2.290379 

Epoch 1
-------------------------------
loss: 2.284229  [   64/25000]
loss: 2.303199  [ 6464/25000]
loss: 2.309102  [12864/25000]
loss: 2.301446  [19264/25000]
Test Error: 
 Accuracy: 10.4%, Avg loss: 2.292935 

Epoch 1
-------------------------------
loss: 2.289975  [   64/25000]
loss: 2.329887  [ 6464/25000]
loss: 2.288769  [12864/25000]
loss: 2.292200  [19264/25000]
Test Error: 
 Accuracy: 10.9%, Avg loss: 2.290462 

Epoch 1
-------------------------------
loss: 2.378118  [   64/25000]
loss: 2.329056  [ 6464/25000]
loss: 2.302528  [12864/25000]
loss: 2.314895  [19264/25000]
Test Error: 
 Accuracy: 12.2%, Avg loss: 2.295012 

Epoch 1
-------------------------------
loss: 2.297216  [   64/25000]
loss: 2.309775  [ 6464/25000]
loss: 2.287756  [12864/25000]
loss: 2.325089  [19264/25000]
Test Error: 
 Accuracy: 11.9%, Avg loss: 2.297076 

Epoch 1
-------------------------------
loss: 2.303315  [   64/25000]
loss: 2.292213  [ 6464/25000]
loss: 2.286412  [12864/25000]
loss: 2.286755  [19264/25000]
Test Error: 
 Accuracy: 11.2%, Avg loss: 2.288953 

Epoch 1
-------------------------------
loss: 2.309522  [   64/25000]
loss: 2.296624  [ 6464/25000]
loss: 2.305696  [12864/25000]
loss: 2.292387  [19264/25000]
Test Error: 
 Accuracy: 9.6%, Avg loss: 2.296663 

THIRD TYPE NET TRAINING
Epoch 1
-------------------------------
loss: 2.316637  [   64/25000]
loss: 2.304281  [ 6464/25000]
loss: 2.302809  [12864/25000]
loss: 2.287588  [19264/25000]
Test Error: 
 Accuracy: 9.8%, Avg loss: 2.297752 

Epoch 1
-------------------------------
loss: 2.304368  [   64/25000]
loss: 2.301234  [ 6464/25000]
loss: 2.306055  [12864/25000]
loss: 2.292971  [19264/25000]
Test Error: 
 Accuracy: 10.7%, Avg loss: 2.296819 

Epoch 1
-------------------------------
loss: 2.332784  [   64/25000]
loss: 2.302294  [ 6464/25000]
loss: 2.299698  [12864/25000]
loss: 2.270250  [19264/25000]
Test Error: 
 Accuracy: 13.9%, Avg loss: 2.289481 

Epoch 1
-------------------------------
loss: 2.278947  [   64/25000]
loss: 2.291770  [ 6464/25000]
loss: 2.308546  [12864/25000]
loss: 2.307691  [19264/25000]
Test Error: 
 Accuracy: 11.3%, Avg loss: 2.298276 

Epoch 1
-------------------------------
loss: 2.355282  [   64/25000]
loss: 2.334524  [ 6464/25000]
loss: 2.306032  [12864/25000]
loss: 2.295181  [19264/25000]
Test Error: 
 Accuracy: 10.3%, Avg loss: 2.304105 

Epoch 1
-------------------------------
loss: 2.294485  [   64/25000]
loss: 2.296664  [ 6464/25000]
loss: 2.306894  [12864/25000]
loss: 2.287688  [19264/25000]
Test Error: 
 Accuracy: 11.2%, Avg loss: 2.298387 

Epoch 1
-------------------------------
loss: 2.324901  [   64/25000]
loss: 2.304518  [ 6464/25000]
loss: 2.293965  [12864/25000]
loss: 2.293653  [19264/25000]
Test Error: 
 Accuracy: 11.2%, Avg loss: 2.297576 

Epoch 1
-------------------------------
loss: 2.301547  [   64/25000]
loss: 2.319963  [ 6464/25000]
loss: 2.300951  [12864/25000]
loss: 2.309567  [19264/25000]
Test Error: 
 Accuracy: 9.5%, Avg loss: 2.297705 

Epoch 1
-------------------------------
loss: 2.317482  [   64/25000]
loss: 2.331312  [ 6464/25000]
loss: 2.285334  [12864/25000]
loss: 2.315680  [19264/25000]
Test Error: 
 Accuracy: 10.3%, Avg loss: 2.303693 

Epoch 1
-------------------------------
loss: 2.255319  [   64/25000]
loss: 2.326318  [ 6464/25000]
loss: 2.287099  [12864/25000]
loss: 2.333834  [19264/25000]
Test Error: 
 Accuracy: 10.0%, Avg loss: 2.301763 

FOURTH TYPE NET TRAINING
Epoch 1
-------------------------------
loss: 2.300391  [   64/25000]
loss: 2.289737  [ 6464/25000]
loss: 2.302729  [12864/25000]
loss: 2.299536  [19264/25000]
Test Error: 
 Accuracy: 9.9%, Avg loss: 2.299203 

Epoch 1
-------------------------------
loss: 2.352538  [   64/25000]
loss: 2.293393  [ 6464/25000]
loss: 2.306304  [12864/25000]
loss: 2.284536  [19264/25000]
Test Error: 
 Accuracy: 7.6%, Avg loss: 2.304576 

Epoch 1
-------------------------------
loss: 2.319387  [   64/25000]
loss: 2.334054  [ 6464/25000]
loss: 2.312388  [12864/25000]
loss: 2.322093  [19264/25000]
Test Error: 
 Accuracy: 10.2%, Avg loss: 2.309806 

Epoch 1
-------------------------------
loss: 2.296844  [   64/25000]
loss: 2.309867  [ 6464/25000]
loss: 2.286972  [12864/25000]
loss: 2.305049  [19264/25000]
Test Error: 
 Accuracy: 10.4%, Avg loss: 2.298231 

Epoch 1
-------------------------------
loss: 2.323830  [   64/25000]
loss: 2.319017  [ 6464/25000]
loss: 2.301822  [12864/25000]
loss: 2.313666  [19264/25000]
Test Error: 
 Accuracy: 9.8%, Avg loss: 2.306348 

Epoch 1
-------------------------------
loss: 2.320580  [   64/25000]
loss: 2.319099  [ 6464/25000]
loss: 2.293907  [12864/25000]
loss: 2.319637  [19264/25000]
Test Error: 
 Accuracy: 9.0%, Avg loss: 2.306768 

Epoch 1
-------------------------------
loss: 2.274266  [   64/25000]
loss: 2.320918  [ 6464/25000]
loss: 2.291184  [12864/25000]
loss: 2.330376  [19264/25000]
Test Error: 
 Accuracy: 10.3%, Avg loss: 2.304341 

Epoch 1
-------------------------------
loss: 2.315144  [   64/25000]
loss: 2.301606  [ 6464/25000]
loss: 2.317978  [12864/25000]
loss: 2.289142  [19264/25000]
Test Error: 
 Accuracy: 8.8%, Avg loss: 2.306730 

Epoch 1
-------------------------------
loss: 2.319154  [   64/25000]
loss: 2.305418  [ 6464/25000]
loss: 2.293386  [12864/25000]
loss: 2.297898  [19264/25000]
Test Error: 
 Accuracy: 10.0%, Avg loss: 2.300719 

Epoch 1
-------------------------------
loss: 2.301789  [   64/25000]
loss: 2.308164  [ 6464/25000]
loss: 2.305575  [12864/25000]
loss: 2.309857  [19264/25000]
Test Error: 
 Accuracy: 9.4%, Avg loss: 2.304860 

FIFTH TYPE NET TRAINING
Epoch 1
-------------------------------
loss: 2.311595  [   64/25000]
loss: 2.303383  [ 6464/25000]
loss: 2.305704  [12864/25000]
loss: 2.294343  [19264/25000]
Test Error: 
 Accuracy: 10.2%, Avg loss: 2.303296 

Epoch 1
-------------------------------
loss: 2.296422  [   64/25000]
loss: 2.304970  [ 6464/25000]
loss: 2.312345  [12864/25000]
loss: 2.312480  [19264/25000]
Test Error: 
 Accuracy: 10.4%, Avg loss: 2.307560 

Epoch 1
-------------------------------
loss: 2.312413  [   64/25000]
loss: 2.300632  [ 6464/25000]
loss: 2.297225  [12864/25000]
loss: 2.303058  [19264/25000]
Test Error: 
 Accuracy: 10.3%, Avg loss: 2.301783 

Epoch 1
-------------------------------
loss: 2.295258  [   64/25000]
loss: 2.303797  [ 6464/25000]
loss: 2.312511  [12864/25000]
loss: 2.309962  [19264/25000]
Test Error: 
 Accuracy: 7.9%, Avg loss: 2.305229 

Epoch 1
-------------------------------
loss: 2.304875  [   64/25000]
loss: 2.292765  [ 6464/25000]
loss: 2.320625  [12864/25000]
loss: 2.299318  [19264/25000]
Test Error: 
 Accuracy: 10.0%, Avg loss: 2.305842 

Epoch 1
-------------------------------
loss: 2.318884  [   64/25000]
loss: 2.284580  [ 6464/25000]
loss: 2.321019  [12864/25000]
loss: 2.293621  [19264/25000]
Test Error: 
 Accuracy: 10.5%, Avg loss: 2.303328 

Epoch 1
-------------------------------
loss: 2.292096  [   64/25000]
loss: 2.304178  [ 6464/25000]
loss: 2.296082  [12864/25000]
loss: 2.321261  [19264/25000]
Test Error: 
 Accuracy: 11.7%, Avg loss: 2.303497 

Epoch 1
-------------------------------
loss: 2.305794  [   64/25000]
loss: 2.306480  [ 6464/25000]
loss: 2.302150  [12864/25000]
loss: 2.328359  [19264/25000]
Test Error: 
 Accuracy: 10.0%, Avg loss: 2.303334 

Epoch 1
-------------------------------
loss: 2.278546  [   64/25000]
loss: 2.306562  [ 6464/25000]
loss: 2.300029  [12864/25000]
loss: 2.323264  [19264/25000]
Test Error: 
 Accuracy: 11.7%, Avg loss: 2.304903 

Epoch 1
-------------------------------
loss: 2.298205  [   64/25000]
loss: 2.302239  [ 6464/25000]
loss: 2.293357  [12864/25000]
loss: 2.297220  [19264/25000]
Test Error: 
 Accuracy: 10.1%, Avg loss: 2.300082 

SIXTH TYPE NET TRAINING
Epoch 1
-------------------------------
loss: 2.310417  [   64/25000]
loss: 2.318946  [ 6464/25000]
loss: 2.313037  [12864/25000]
loss: 2.334499  [19264/25000]
Test Error: 
 Accuracy: 10.0%, Avg loss: 2.311107 

Epoch 1
-------------------------------
loss: 2.317419  [   64/25000]
loss: 2.306538  [ 6464/25000]
loss: 2.299497  [12864/25000]
loss: 2.286467  [19264/25000]
Test Error: 
 Accuracy: 9.7%, Avg loss: 2.305896 

Epoch 1
-------------------------------
loss: 2.310712  [   64/25000]
loss: 2.297143  [ 6464/25000]
loss: 2.309568  [12864/25000]
loss: 2.297741  [19264/25000]
Test Error: 
 Accuracy: 10.0%, Avg loss: 2.305487 

Epoch 1
-------------------------------
loss: 2.310516  [   64/25000]
loss: 2.304698  [ 6464/25000]
loss: 2.302001  [12864/25000]
loss: 2.311977  [19264/25000]
Test Error: 
 Accuracy: 9.8%, Avg loss: 2.304430 

Epoch 1
-------------------------------
loss: 2.314282  [   64/25000]
loss: 2.307420  [ 6464/25000]
loss: 2.281465  [12864/25000]
loss: 2.327079  [19264/25000]
Test Error: 
 Accuracy: 10.0%, Avg loss: 2.303077 

Epoch 1
-------------------------------
loss: 2.305204  [   64/25000]
loss: 2.316158  [ 6464/25000]
loss: 2.292115  [12864/25000]
loss: 2.332202  [19264/25000]
Test Error: 
 Accuracy: 10.5%, Avg loss: 2.306384 

Epoch 1
-------------------------------
loss: 2.309646  [   64/25000]
loss: 2.304659  [ 6464/25000]
loss: 2.320601  [12864/25000]
loss: 2.312231  [19264/25000]
Test Error: 
 Accuracy: 9.9%, Avg loss: 2.307442 

Epoch 1
-------------------------------
loss: 2.285360  [   64/25000]
loss: 2.339058  [ 6464/25000]
loss: 2.310197  [12864/25000]
loss: 2.317061  [19264/25000]
Test Error: 
 Accuracy: 10.0%, Avg loss: 2.313471 

Epoch 1
-------------------------------
loss: 2.311493  [   64/25000]
loss: 2.314200  [ 6464/25000]
loss: 2.292317  [12864/25000]
loss: 2.293294  [19264/25000]
Test Error: 
 Accuracy: 11.5%, Avg loss: 2.308950 

Epoch 1
-------------------------------
loss: 2.315242  [   64/25000]
loss: 2.294572  [ 6464/25000]
loss: 2.315152  [12864/25000]
loss: 2.306704  [19264/25000]
Test Error: 
 Accuracy: 8.5%, Avg loss: 2.308747 

Epoch 5
-------------------------------
PARAMETERS THAT REQUIRE GRADIENT:
conv1.weight
conv1.bias
conv2.weight
conv2.bias
conv3.weight
conv3.bias
conv4.weight
conv4.bias
conv5.weight
conv5.bias
fc1.weight
fc1.bias
fc2.weight
fc2.bias

loss: 2.303561  [   64/25000]
loss: 2.288865  [ 6464/25000]
loss: 2.280800  [12864/25000]
loss: 2.286607  [19264/25000]
Test Error: 
 Accuracy: 12.4%, Avg loss: 2.287026 

--------- Analysis ---------
FIRST TYPE NET TRAINING
Epoch 1
-------------------------------
loss: 2.490967  [   64/25000]
loss: 2.261860  [ 6464/25000]
loss: 2.270522  [12864/25000]
loss: 2.209471  [19264/25000]
Test Error: 
 Accuracy: 19.3%, Avg loss: 2.231048 

Epoch 1
-------------------------------
loss: 2.274256  [   64/25000]
loss: 2.282529  [ 6464/25000]
loss: 2.244522  [12864/25000]
loss: 2.232053  [19264/25000]
Test Error: 
 Accuracy: 20.1%, Avg loss: 2.237603 

Epoch 1
-------------------------------
loss: 2.360069  [   64/25000]
loss: 2.270436  [ 6464/25000]
loss: 2.273151  [12864/25000]
loss: 2.263778  [19264/25000]
Test Error: 
 Accuracy: 15.7%, Avg loss: 2.248873 

Epoch 1
-------------------------------
loss: 2.311186  [   64/25000]
loss: 2.293686  [ 6464/25000]
loss: 2.256388  [12864/25000]
loss: 2.239631  [19264/25000]
Test Error: 
 Accuracy: 17.3%, Avg loss: 2.249865 

Epoch 1
-------------------------------
loss: 2.300824  [   64/25000]
loss: 2.304140  [ 6464/25000]
loss: 2.276800  [12864/25000]
loss: 2.243189  [19264/25000]
Test Error: 
 Accuracy: 19.7%, Avg loss: 2.246523 

Epoch 1
-------------------------------
loss: 2.349983  [   64/25000]
loss: 2.279458  [ 6464/25000]
loss: 2.245537  [12864/25000]
loss: 2.218148  [19264/25000]
Test Error: 
 Accuracy: 21.2%, Avg loss: 2.233219 

Epoch 1
-------------------------------
loss: 2.392259  [   64/25000]
loss: 2.305115  [ 6464/25000]
loss: 2.275055  [12864/25000]
loss: 2.256454  [19264/25000]
Test Error: 
 Accuracy: 18.4%, Avg loss: 2.249688 

Epoch 1
-------------------------------
loss: 2.445619  [   64/25000]
loss: 2.293390  [ 6464/25000]
loss: 2.249546  [12864/25000]
loss: 2.227039  [19264/25000]
Test Error: 
 Accuracy: 19.0%, Avg loss: 2.243159 

Epoch 1
-------------------------------
loss: 2.352339  [   64/25000]
loss: 2.281867  [ 6464/25000]
loss: 2.252354  [12864/25000]
loss: 2.253093  [19264/25000]
Test Error: 
 Accuracy: 19.4%, Avg loss: 2.242917 

Epoch 1
-------------------------------
loss: 2.460502  [   64/25000]
loss: 2.284696  [ 6464/25000]
loss: 2.266048  [12864/25000]
loss: 2.247312  [19264/25000]
Test Error: 
 Accuracy: 21.0%, Avg loss: 2.236722 

SECOND TYPE NET TRAINING
Epoch 1
-------------------------------
loss: 2.371506  [   64/25000]
loss: 2.317921  [ 6464/25000]
loss: 2.283064  [12864/25000]
loss: 2.280198  [19264/25000]
Test Error: 
 Accuracy: 12.6%, Avg loss: 2.284730 

Epoch 1
-------------------------------
loss: 2.302736  [   64/25000]
loss: 2.350093  [ 6464/25000]
loss: 2.296390  [12864/25000]
loss: 2.318824  [19264/25000]
Test Error: 
 Accuracy: 10.2%, Avg loss: 2.295802 

Epoch 1
-------------------------------
loss: 2.273596  [   64/25000]
loss: 2.313260  [ 6464/25000]
loss: 2.330247  [12864/25000]
loss: 2.274230  [19264/25000]
Test Error: 
 Accuracy: 11.1%, Avg loss: 2.293798 

Epoch 1
-------------------------------
loss: 2.319927  [   64/25000]
loss: 2.307543  [ 6464/25000]
loss: 2.262874  [12864/25000]
loss: 2.283167  [19264/25000]
Test Error: 
 Accuracy: 12.3%, Avg loss: 2.280879 

Epoch 1
-------------------------------
loss: 2.279337  [   64/25000]
loss: 2.317443  [ 6464/25000]
loss: 2.294179  [12864/25000]
loss: 2.291356  [19264/25000]
Test Error: 
 Accuracy: 12.4%, Avg loss: 2.284590 

Epoch 1
-------------------------------
loss: 2.326758  [   64/25000]
loss: 2.328450  [ 6464/25000]
loss: 2.307006  [12864/25000]
loss: 2.299352  [19264/25000]
Test Error: 
 Accuracy: 13.1%, Avg loss: 2.296305 

Epoch 1
-------------------------------
loss: 2.376686  [   64/25000]
loss: 2.296334  [ 6464/25000]
loss: 2.294234  [12864/25000]
loss: 2.283577  [19264/25000]
Test Error: 
 Accuracy: 9.6%, Avg loss: 2.292917 

Epoch 1
-------------------------------
loss: 2.343328  [   64/25000]
loss: 2.318786  [ 6464/25000]
loss: 2.275774  [12864/25000]
loss: 2.307263  [19264/25000]
Test Error: 
 Accuracy: 11.6%, Avg loss: 2.292150 

Epoch 1
-------------------------------
loss: 2.303919  [   64/25000]
loss: 2.304756  [ 6464/25000]
loss: 2.300844  [12864/25000]
loss: 2.294721  [19264/25000]
Test Error: 
 Accuracy: 11.3%, Avg loss: 2.292890 

Epoch 1
-------------------------------
loss: 2.345378  [   64/25000]
loss: 2.302385  [ 6464/25000]
loss: 2.284619  [12864/25000]
loss: 2.299104  [19264/25000]
Test Error: 
 Accuracy: 11.1%, Avg loss: 2.297110 

THIRD TYPE NET TRAINING
Epoch 1
-------------------------------
loss: 2.347250  [   64/25000]
loss: 2.299271  [ 6464/25000]
loss: 2.298144  [12864/25000]
loss: 2.315261  [19264/25000]
Test Error: 
 Accuracy: 10.6%, Avg loss: 2.303915 

Epoch 1
-------------------------------
loss: 2.326218  [   64/25000]
loss: 2.303821  [ 6464/25000]
loss: 2.295539  [12864/25000]
loss: 2.304925  [19264/25000]
Test Error: 
 Accuracy: 12.1%, Avg loss: 2.296114 

Epoch 1
-------------------------------
loss: 2.314050  [   64/25000]
loss: 2.318787  [ 6464/25000]
loss: 2.294581  [12864/25000]
loss: 2.302667  [19264/25000]
Test Error: 
 Accuracy: 10.8%, Avg loss: 2.304324 

Epoch 1
-------------------------------
loss: 2.360406  [   64/25000]
loss: 2.345978  [ 6464/25000]
loss: 2.336220  [12864/25000]
loss: 2.286797  [19264/25000]
Test Error: 
 Accuracy: 11.7%, Avg loss: 2.304619 

Epoch 1
-------------------------------
loss: 2.295675  [   64/25000]
loss: 2.317409  [ 6464/25000]
loss: 2.307250  [12864/25000]
loss: 2.285286  [19264/25000]
Test Error: 
 Accuracy: 14.8%, Avg loss: 2.296347 

Epoch 1
-------------------------------
loss: 2.313793  [   64/25000]
loss: 2.339979  [ 6464/25000]
loss: 2.278910  [12864/25000]
loss: 2.324035  [19264/25000]
Test Error: 
 Accuracy: 12.5%, Avg loss: 2.295461 

Epoch 1
-------------------------------
loss: 2.331623  [   64/25000]
loss: 2.325280  [ 6464/25000]
loss: 2.314285  [12864/25000]
loss: 2.295863  [19264/25000]
Test Error: 
 Accuracy: 15.2%, Avg loss: 2.293622 

Epoch 1
-------------------------------
loss: 2.269930  [   64/25000]
loss: 2.320863  [ 6464/25000]
loss: 2.292159  [12864/25000]
loss: 2.306947  [19264/25000]
Test Error: 
 Accuracy: 11.1%, Avg loss: 2.296992 

Epoch 1
-------------------------------
loss: 2.316969  [   64/25000]
loss: 2.299930  [ 6464/25000]
loss: 2.290785  [12864/25000]
loss: 2.311663  [19264/25000]
Test Error: 
 Accuracy: 12.3%, Avg loss: 2.297722 

Epoch 1
-------------------------------
loss: 2.316762  [   64/25000]
loss: 2.323325  [ 6464/25000]
loss: 2.294095  [12864/25000]
loss: 2.313464  [19264/25000]
Test Error: 
 Accuracy: 11.7%, Avg loss: 2.294185 

FOURTH TYPE NET TRAINING
Epoch 1
-------------------------------
loss: 2.320351  [   64/25000]
loss: 2.307478  [ 6464/25000]
loss: 2.297827  [12864/25000]
loss: 2.272303  [19264/25000]
Test Error: 
 Accuracy: 10.0%, Avg loss: 2.298148 

Epoch 1
-------------------------------
loss: 2.326904  [   64/25000]
loss: 2.298441  [ 6464/25000]
loss: 2.315444  [12864/25000]
loss: 2.276869  [19264/25000]
Test Error: 
 Accuracy: 9.5%, Avg loss: 2.304028 

Epoch 1
-------------------------------
loss: 2.306683  [   64/25000]
loss: 2.303782  [ 6464/25000]
loss: 2.311321  [12864/25000]
loss: 2.313100  [19264/25000]
Test Error: 
 Accuracy: 7.1%, Avg loss: 2.306297 

Epoch 1
-------------------------------
loss: 2.304352  [   64/25000]
loss: 2.290480  [ 6464/25000]
loss: 2.300110  [12864/25000]
loss: 2.291409  [19264/25000]
Test Error: 
 Accuracy: 14.6%, Avg loss: 2.295268 

Epoch 1
-------------------------------
loss: 2.336005  [   64/25000]
loss: 2.309397  [ 6464/25000]
loss: 2.298820  [12864/25000]
loss: 2.292949  [19264/25000]
Test Error: 
 Accuracy: 7.1%, Avg loss: 2.305013 

Epoch 1
-------------------------------
loss: 2.280739  [   64/25000]
loss: 2.310894  [ 6464/25000]
loss: 2.295098  [12864/25000]
loss: 2.284556  [19264/25000]
Test Error: 
 Accuracy: 11.2%, Avg loss: 2.299716 

Epoch 1
-------------------------------
loss: 2.280870  [   64/25000]
loss: 2.313153  [ 6464/25000]
loss: 2.300011  [12864/25000]
loss: 2.343207  [19264/25000]
Test Error: 
 Accuracy: 9.0%, Avg loss: 2.307282 

Epoch 1
-------------------------------
loss: 2.292276  [   64/25000]
loss: 2.337199  [ 6464/25000]
loss: 2.282579  [12864/25000]
loss: 2.321045  [19264/25000]
Test Error: 
 Accuracy: 9.8%, Avg loss: 2.302557 

Epoch 1
-------------------------------
loss: 2.307397  [   64/25000]
loss: 2.302415  [ 6464/25000]
loss: 2.316004  [12864/25000]
loss: 2.294499  [19264/25000]
Test Error: 
 Accuracy: 12.3%, Avg loss: 2.301497 

Epoch 1
-------------------------------
loss: 2.299780  [   64/25000]
loss: 2.309821  [ 6464/25000]
loss: 2.294917  [12864/25000]
loss: 2.305978  [19264/25000]
Test Error: 
 Accuracy: 12.8%, Avg loss: 2.302236 

FIFTH TYPE NET TRAINING
Epoch 1
-------------------------------
loss: 2.293110  [   64/25000]
loss: 2.320812  [ 6464/25000]
loss: 2.292455  [12864/25000]
loss: 2.320567  [19264/25000]
Test Error: 
 Accuracy: 11.5%, Avg loss: 2.305486 

Epoch 1
-------------------------------
loss: 2.285074  [   64/25000]
loss: 2.298620  [ 6464/25000]
loss: 2.306538  [12864/25000]
loss: 2.307349  [19264/25000]
Test Error: 
 Accuracy: 10.0%, Avg loss: 2.305102 

Epoch 1
-------------------------------
loss: 2.308180  [   64/25000]
loss: 2.290288  [ 6464/25000]
loss: 2.303307  [12864/25000]
loss: 2.306398  [19264/25000]
Test Error: 
 Accuracy: 9.5%, Avg loss: 2.301021 

Epoch 1
-------------------------------
loss: 2.321358  [   64/25000]
loss: 2.323463  [ 6464/25000]
loss: 2.288975  [12864/25000]
loss: 2.313546  [19264/25000]
Test Error: 
 Accuracy: 11.6%, Avg loss: 2.305976 

Epoch 1
-------------------------------
loss: 2.299115  [   64/25000]
loss: 2.306797  [ 6464/25000]
loss: 2.306206  [12864/25000]
loss: 2.318203  [19264/25000]
Test Error: 
 Accuracy: 11.1%, Avg loss: 2.304122 

Epoch 1
-------------------------------
loss: 2.284184  [   64/25000]
loss: 2.302328  [ 6464/25000]
loss: 2.301184  [12864/25000]
loss: 2.319972  [19264/25000]
Test Error: 
 Accuracy: 10.2%, Avg loss: 2.305762 

Epoch 1
-------------------------------
loss: 2.322383  [   64/25000]
loss: 2.289697  [ 6464/25000]
loss: 2.327291  [12864/25000]
loss: 2.291992  [19264/25000]
Test Error: 
 Accuracy: 9.3%, Avg loss: 2.305700 

Epoch 1
-------------------------------
loss: 2.320434  [   64/25000]
loss: 2.306387  [ 6464/25000]
loss: 2.278365  [12864/25000]
loss: 2.295921  [19264/25000]
Test Error: 
 Accuracy: 9.9%, Avg loss: 2.296682 

Epoch 1
-------------------------------
loss: 2.314246  [   64/25000]
loss: 2.317878  [ 6464/25000]
loss: 2.284345  [12864/25000]
loss: 2.316970  [19264/25000]
Test Error: 
 Accuracy: 11.2%, Avg loss: 2.302156 

Epoch 1
-------------------------------
loss: 2.311745  [   64/25000]
loss: 2.292885  [ 6464/25000]
loss: 2.317595  [12864/25000]
loss: 2.301057  [19264/25000]
Test Error: 
 Accuracy: 10.0%, Avg loss: 2.306284 

SIXTH TYPE NET TRAINING
Epoch 1
-------------------------------
loss: 2.298867  [   64/25000]
loss: 2.300729  [ 6464/25000]
loss: 2.297156  [12864/25000]
loss: 2.303449  [19264/25000]
Test Error: 
 Accuracy: 7.2%, Avg loss: 2.301372 

Epoch 1
-------------------------------
loss: 2.300027  [   64/25000]
loss: 2.320744  [ 6464/25000]
loss: 2.314559  [12864/25000]
loss: 2.315489  [19264/25000]
Test Error: 
 Accuracy: 10.0%, Avg loss: 2.311097 

Epoch 1
-------------------------------
loss: 2.307302  [   64/25000]
loss: 2.309745  [ 6464/25000]
loss: 2.305808  [12864/25000]
loss: 2.305946  [19264/25000]
Test Error: 
 Accuracy: 10.0%, Avg loss: 2.302278 

Epoch 1
-------------------------------
loss: 2.281563  [   64/25000]
loss: 2.304036  [ 6464/25000]
loss: 2.326766  [12864/25000]
loss: 2.301678  [19264/25000]
Test Error: 
 Accuracy: 9.5%, Avg loss: 2.310565 

Epoch 1
-------------------------------
loss: 2.309217  [   64/25000]
loss: 2.312978  [ 6464/25000]
loss: 2.288969  [12864/25000]
loss: 2.306090  [19264/25000]
Test Error: 
 Accuracy: 9.6%, Avg loss: 2.306981 

Epoch 1
-------------------------------
loss: 2.298221  [   64/25000]
loss: 2.302312  [ 6464/25000]
loss: 2.296010  [12864/25000]
loss: 2.301364  [19264/25000]
Test Error: 
 Accuracy: 10.2%, Avg loss: 2.302670 

Epoch 1
-------------------------------
loss: 2.301198  [   64/25000]
loss: 2.303845  [ 6464/25000]
loss: 2.320821  [12864/25000]
loss: 2.274974  [19264/25000]
Test Error: 
 Accuracy: 10.2%, Avg loss: 2.307570 

Epoch 1
-------------------------------
loss: 2.323478  [   64/25000]
loss: 2.313225  [ 6464/25000]
loss: 2.315784  [12864/25000]
loss: 2.306936  [19264/25000]
Test Error: 
 Accuracy: 10.0%, Avg loss: 2.306957 

Epoch 1
-------------------------------
loss: 2.299240  [   64/25000]
loss: 2.310034  [ 6464/25000]
loss: 2.325286  [12864/25000]
loss: 2.284600  [19264/25000]
Test Error: 
 Accuracy: 9.9%, Avg loss: 2.309821 

Epoch 1
-------------------------------
loss: 2.293003  [   64/25000]
loss: 2.298338  [ 6464/25000]
loss: 2.288918  [12864/25000]
loss: 2.314796  [19264/25000]
Test Error: 
 Accuracy: 10.2%, Avg loss: 2.306296 

Done!
