Files already downloaded and verified
Files already downloaded and verified
Epoch 1
-------------------------------
loss: 2.309827  [   64/50000]
loss: 2.270034  [ 6464/50000]
loss: 2.080211  [12864/50000]
loss: 2.017719  [19264/50000]
loss: 2.076672  [25664/50000]
loss: 1.934756  [32064/50000]
loss: 1.823082  [38464/50000]
loss: 1.803468  [44864/50000]
Test Error: 
 Accuracy: 38.9%, Avg loss: 1.699736 

Epoch 2
-------------------------------
loss: 1.560452  [   64/50000]
loss: 1.688951  [ 6464/50000]
loss: 1.665038  [12864/50000]
loss: 1.635328  [19264/50000]
loss: 1.474875  [25664/50000]
loss: 1.497546  [32064/50000]
loss: 1.430286  [38464/50000]
loss: 1.386587  [44864/50000]
Test Error: 
 Accuracy: 48.6%, Avg loss: 1.413298 

Epoch 3
-------------------------------
loss: 1.421799  [   64/50000]
loss: 1.335219  [ 6464/50000]
loss: 1.227262  [12864/50000]
loss: 1.552808  [19264/50000]
loss: 1.029517  [25664/50000]
loss: 1.159778  [32064/50000]
loss: 1.482365  [38464/50000]
loss: 1.348858  [44864/50000]
Test Error: 
 Accuracy: 53.2%, Avg loss: 1.305490 

Epoch 4
-------------------------------
loss: 1.392984  [   64/50000]
loss: 1.385505  [ 6464/50000]
loss: 1.239183  [12864/50000]
loss: 1.364429  [19264/50000]
loss: 1.323205  [25664/50000]
loss: 1.429815  [32064/50000]
loss: 1.298976  [38464/50000]
loss: 1.135883  [44864/50000]
Test Error: 
 Accuracy: 57.3%, Avg loss: 1.188188 

Epoch 5
-------------------------------
loss: 0.913071  [   64/50000]
loss: 1.154821  [ 6464/50000]
loss: 1.230273  [12864/50000]
loss: 1.073136  [19264/50000]
loss: 1.145927  [25664/50000]
loss: 0.843538  [32064/50000]
loss: 1.144457  [38464/50000]
loss: 1.152920  [44864/50000]
Test Error: 
 Accuracy: 60.8%, Avg loss: 1.087813 

Done!
