A100 GPU 80gb
@compute-2-3.local (GPU): GPU-8281fbc2-ad66-3ec4-1727-f5c0d85e45ca
A100 GPU 80gb
2024-01-12 19:49:15,836 | INFO : ----------- VGG11 TRAINING -----------
2024-01-12 19:49:15,836 | INFO : Epoch 1
-------------------------------
2024-01-12 19:49:18,123 | INFO : loss: 2.307413  [   64/50000]
2024-01-12 19:49:32,510 | INFO : loss: 2.096951  [ 6464/50000]
2024-01-12 19:49:45,912 | INFO : loss: 2.120708  [12864/50000]
2024-01-12 19:49:59,373 | INFO : loss: 1.981555  [19264/50000]
2024-01-12 19:50:12,859 | INFO : loss: 2.077167  [25664/50000]
2024-01-12 19:50:26,219 | INFO : loss: 1.960016  [32064/50000]
2024-01-12 19:50:39,645 | INFO : loss: 2.118262  [38464/50000]
2024-01-12 19:50:53,035 | INFO : loss: 1.695130  [44864/50000]
2024-01-12 19:51:21,990 | INFO : Test Error: 
 Accuracy: 45.7%, Avg loss: 1.455072 

2024-01-12 19:51:21,991 | INFO : Epoch 2
-------------------------------
2024-01-12 19:51:22,179 | INFO : loss: 1.753884  [   64/50000]
2024-01-12 19:51:35,652 | INFO : loss: 1.694487  [ 6464/50000]
2024-01-12 19:51:49,086 | INFO : loss: 1.459371  [12864/50000]
2024-01-12 19:52:02,459 | INFO : loss: 1.573562  [19264/50000]
2024-01-12 19:52:15,846 | INFO : loss: 1.325827  [25664/50000]
2024-01-12 19:52:29,308 | INFO : loss: 1.550053  [32064/50000]
2024-01-12 19:52:42,683 | INFO : loss: 1.545861  [38464/50000]
2024-01-12 19:52:56,044 | INFO : loss: 1.499022  [44864/50000]
2024-01-12 19:53:23,775 | INFO : Test Error: 
 Accuracy: 57.8%, Avg loss: 1.186864 

2024-01-12 19:53:23,776 | INFO : Epoch 3
-------------------------------
2024-01-12 19:53:23,969 | INFO : loss: 1.553655  [   64/50000]
2024-01-12 19:53:37,465 | INFO : loss: 1.462035  [ 6464/50000]
2024-01-12 19:53:50,848 | INFO : loss: 1.153526  [12864/50000]
2024-01-12 19:54:04,193 | INFO : loss: 1.483803  [19264/50000]
2024-01-12 19:54:17,685 | INFO : loss: 1.196337  [25664/50000]
2024-01-12 19:54:31,180 | INFO : loss: 1.424730  [32064/50000]
2024-01-12 19:54:44,606 | INFO : loss: 1.254965  [38464/50000]
2024-01-12 19:54:57,968 | INFO : loss: 1.255326  [44864/50000]
2024-01-12 19:55:25,737 | INFO : Test Error: 
 Accuracy: 68.2%, Avg loss: 0.903377 

2024-01-12 19:55:25,738 | INFO : Epoch 4
-------------------------------
2024-01-12 19:55:25,939 | INFO : loss: 0.976954  [   64/50000]
2024-01-12 19:55:39,306 | INFO : loss: 1.207996  [ 6464/50000]
2024-01-12 19:55:52,714 | INFO : loss: 0.884070  [12864/50000]
2024-01-12 19:56:06,112 | INFO : loss: 1.304569  [19264/50000]
2024-01-12 19:56:19,514 | INFO : loss: 0.968743  [25664/50000]
2024-01-12 19:56:32,975 | INFO : loss: 1.200879  [32064/50000]
2024-01-12 19:56:46,289 | INFO : loss: 1.267412  [38464/50000]
2024-01-12 19:56:59,719 | INFO : loss: 1.201697  [44864/50000]
2024-01-12 19:57:27,508 | INFO : Test Error: 
 Accuracy: 71.8%, Avg loss: 0.804434 

2024-01-12 19:57:27,509 | INFO : Epoch 5
-------------------------------
2024-01-12 19:57:27,705 | INFO : loss: 1.060511  [   64/50000]
2024-01-12 19:57:41,179 | INFO : loss: 0.966393  [ 6464/50000]
2024-01-12 19:57:54,704 | INFO : loss: 0.774250  [12864/50000]
2024-01-12 19:58:08,165 | INFO : loss: 1.032660  [19264/50000]
2024-01-12 19:58:21,661 | INFO : loss: 1.035985  [25664/50000]
2024-01-12 19:58:35,138 | INFO : loss: 1.107715  [32064/50000]
2024-01-12 19:58:48,619 | INFO : loss: 0.914398  [38464/50000]
2024-01-12 19:59:02,064 | INFO : loss: 1.132673  [44864/50000]
2024-01-12 19:59:30,002 | INFO : Test Error: 
 Accuracy: 74.1%, Avg loss: 0.743187 

2024-01-12 19:59:30,003 | INFO : Epoch 6
-------------------------------
2024-01-12 19:59:30,207 | INFO : loss: 0.850750  [   64/50000]
