A100 GPU 80gb
@compute-2-3.local (GPU): GPU-8281fbc2-ad66-3ec4-1727-f5c0d85e45ca
Files already downloaded and verified
Files already downloaded and verified
2023-11-28 15:27:16,883 | INFO : ----------- VGG11 TRAINING -----------
2023-11-28 15:27:16,884 | INFO : Epoch 1
-------------------------------
2023-11-28 15:27:26,608 | INFO : loss: 2.308414  [   64/50000]
2023-11-28 15:27:42,906 | INFO : loss: 2.270576  [ 6464/50000]
2023-11-28 15:27:58,351 | INFO : loss: 2.255658  [12864/50000]
2023-11-28 15:28:13,789 | INFO : loss: 1.934559  [19264/50000]
2023-11-28 15:28:29,090 | INFO : loss: 1.953482  [25664/50000]
2023-11-28 15:28:44,495 | INFO : loss: 2.024783  [32064/50000]
2023-11-28 15:28:59,881 | INFO : loss: 1.869006  [38464/50000]
2023-11-28 15:29:15,492 | INFO : loss: 1.666756  [44864/50000]
2023-11-28 15:29:27,834 | DEBUG : Train loop total time: 130.95s
2023-11-28 15:29:27,835 | DEBUG : For loop time percentage with respect to total time: 56.3%
2023-11-28 15:29:27,835 | DEBUG : Forward time percentage with respect to total time: 39.8%
2023-11-28 15:29:27,835 | DEBUG : Backward time percentage with respect to total time: 3.3%
2023-11-28 15:29:27,835 | DEBUG : Backward time percentage with respect to forward time: 8.4%

2023-11-28 15:29:51,197 | INFO : Test Error: 
 Accuracy: 41.5%, Avg loss: 1.619775 

2023-11-28 15:29:51,198 | INFO : Epoch 2
-------------------------------
2023-11-28 15:29:51,443 | INFO : loss: 1.639009  [   64/50000]
2023-11-28 15:30:06,802 | INFO : loss: 1.517883  [ 6464/50000]
2023-11-28 15:30:22,158 | INFO : loss: 1.705004  [12864/50000]
2023-11-28 15:30:37,779 | INFO : loss: 1.641082  [19264/50000]
2023-11-28 15:30:53,099 | INFO : loss: 1.436361  [25664/50000]
2023-11-28 15:31:08,404 | INFO : loss: 1.504133  [32064/50000]
2023-11-28 15:31:23,749 | INFO : loss: 1.460658  [38464/50000]
2023-11-28 15:31:39,075 | INFO : loss: 1.392379  [44864/50000]
2023-11-28 15:31:51,385 | DEBUG : Train loop total time: 120.19s
2023-11-28 15:31:51,386 | DEBUG : For loop time percentage with respect to total time: 59.7%
2023-11-28 15:31:51,386 | DEBUG : Forward time percentage with respect to total time: 37.1%
2023-11-28 15:31:51,386 | DEBUG : Backward time percentage with respect to total time: 2.5%
2023-11-28 15:31:51,386 | DEBUG : Backward time percentage with respect to forward time: 6.7%

2023-11-28 15:32:14,354 | INFO : Test Error: 
 Accuracy: 48.6%, Avg loss: 1.414495 

2023-11-28 15:32:14,382 | INFO : Epoch 3
-------------------------------
2023-11-28 15:32:14,627 | INFO : loss: 1.230901  [   64/50000]
2023-11-28 15:32:29,941 | INFO : loss: 1.426310  [ 6464/50000]
2023-11-28 15:32:45,250 | INFO : loss: 1.271563  [12864/50000]
2023-11-28 15:33:00,589 | INFO : loss: 1.202422  [19264/50000]
2023-11-28 15:33:15,927 | INFO : loss: 1.476661  [25664/50000]
2023-11-28 15:33:31,219 | INFO : loss: 1.279142  [32064/50000]
2023-11-28 15:33:46,540 | INFO : loss: 1.398223  [38464/50000]
2023-11-28 15:34:01,836 | INFO : loss: 1.179466  [44864/50000]
2023-11-28 15:34:14,102 | DEBUG : Train loop total time: 119.72s
2023-11-28 15:34:14,103 | DEBUG : For loop time percentage with respect to total time: 59.6%
2023-11-28 15:34:14,103 | DEBUG : Forward time percentage with respect to total time: 37.2%
2023-11-28 15:34:14,103 | DEBUG : Backward time percentage with respect to total time: 2.5%
2023-11-28 15:34:14,103 | DEBUG : Backward time percentage with respect to forward time: 6.7%

2023-11-28 15:34:37,361 | INFO : Test Error: 
 Accuracy: 55.1%, Avg loss: 1.267259 

2023-11-28 15:34:37,362 | INFO : Epoch 4
-------------------------------
2023-11-28 15:34:37,609 | INFO : loss: 1.318126  [   64/50000]
2023-11-28 15:34:52,956 | INFO : loss: 1.409784  [ 6464/50000]
2023-11-28 15:35:08,281 | INFO : loss: 1.100010  [12864/50000]
2023-11-28 15:35:23,624 | INFO : loss: 1.082123  [19264/50000]
2023-11-28 15:35:39,054 | INFO : loss: 1.114517  [25664/50000]
2023-11-28 15:35:54,377 | INFO : loss: 1.229618  [32064/50000]
2023-11-28 15:36:09,730 | INFO : loss: 1.104419  [38464/50000]
2023-11-28 15:36:25,066 | INFO : loss: 1.101317  [44864/50000]
2023-11-28 15:36:37,376 | DEBUG : Train loop total time: 120.01s
2023-11-28 15:36:37,383 | DEBUG : For loop time percentage with respect to total time: 60.0%
2023-11-28 15:36:37,383 | DEBUG : Forward time percentage with respect to total time: 36.8%
2023-11-28 15:36:37,383 | DEBUG : Backward time percentage with respect to total time: 2.5%
2023-11-28 15:36:37,383 | DEBUG : Backward time percentage with respect to forward time: 6.7%

2023-11-28 15:37:00,786 | INFO : Test Error: 
 Accuracy: 59.0%, Avg loss: 1.145377 

2023-11-28 15:37:00,786 | INFO : Epoch 5
-------------------------------
2023-11-28 15:37:01,065 | INFO : loss: 0.933215  [   64/50000]
2023-11-28 15:37:16,339 | INFO : loss: 1.036802  [ 6464/50000]
2023-11-28 15:37:31,678 | INFO : loss: 1.227548  [12864/50000]
2023-11-28 15:37:47,009 | INFO : loss: 1.112000  [19264/50000]
2023-11-28 15:38:02,386 | INFO : loss: 1.205518  [25664/50000]
2023-11-28 15:38:17,713 | INFO : loss: 1.075865  [32064/50000]
2023-11-28 15:38:33,158 | INFO : loss: 0.829805  [38464/50000]
2023-11-28 15:38:48,481 | INFO : loss: 0.888263  [44864/50000]
2023-11-28 15:39:00,797 | DEBUG : Train loop total time: 120.01s
2023-11-28 15:39:00,798 | DEBUG : For loop time percentage with respect to total time: 59.6%
2023-11-28 15:39:00,798 | DEBUG : Forward time percentage with respect to total time: 37.2%
2023-11-28 15:39:00,798 | DEBUG : Backward time percentage with respect to total time: 2.5%
2023-11-28 15:39:00,798 | DEBUG : Backward time percentage with respect to forward time: 6.8%

2023-11-28 15:39:23,813 | INFO : Test Error: 
 Accuracy: 61.3%, Avg loss: 1.083202 

2023-11-28 15:39:23,814 | INFO : Epoch 6
-------------------------------
2023-11-28 15:39:24,104 | INFO : loss: 1.045324  [   64/50000]
2023-11-28 15:39:39,411 | INFO : loss: 0.917778  [ 6464/50000]
2023-11-28 15:39:54,715 | INFO : loss: 1.047681  [12864/50000]
2023-11-28 15:40:10,016 | INFO : loss: 0.756306  [19264/50000]
2023-11-28 15:40:25,397 | INFO : loss: 1.017766  [25664/50000]
2023-11-28 15:40:40,773 | INFO : loss: 0.937940  [32064/50000]
2023-11-28 15:40:56,136 | INFO : loss: 0.971891  [38464/50000]
2023-11-28 15:41:11,447 | INFO : loss: 1.051211  [44864/50000]
2023-11-28 15:41:23,718 | DEBUG : Train loop total time: 119.9s
2023-11-28 15:41:23,719 | DEBUG : For loop time percentage with respect to total time: 59.6%
2023-11-28 15:41:23,719 | DEBUG : Forward time percentage with respect to total time: 37.2%
2023-11-28 15:41:23,719 | DEBUG : Backward time percentage with respect to total time: 2.5%
2023-11-28 15:41:23,719 | DEBUG : Backward time percentage with respect to forward time: 6.7%

2023-11-28 15:41:47,849 | INFO : Test Error: 
 Accuracy: 65.9%, Avg loss: 0.966673 

2023-11-28 15:41:47,850 | INFO : Epoch 7
-------------------------------
2023-11-28 15:41:48,098 | INFO : loss: 0.807800  [   64/50000]
2023-11-28 15:42:03,481 | INFO : loss: 0.917803  [ 6464/50000]
2023-11-28 15:42:18,839 | INFO : loss: 0.793063  [12864/50000]
2023-11-28 15:42:34,123 | INFO : loss: 0.841236  [19264/50000]
2023-11-28 15:42:49,464 | INFO : loss: 0.884831  [25664/50000]
2023-11-28 15:43:05,214 | INFO : loss: 0.921171  [32064/50000]
2023-11-28 15:43:20,540 | INFO : loss: 0.800174  [38464/50000]
2023-11-28 15:43:36,121 | INFO : loss: 0.711601  [44864/50000]
2023-11-28 15:43:48,428 | DEBUG : Train loop total time: 120.58s
2023-11-28 15:43:48,429 | DEBUG : For loop time percentage with respect to total time: 59.8%
2023-11-28 15:43:48,429 | DEBUG : Forward time percentage with respect to total time: 37.0%
2023-11-28 15:43:48,429 | DEBUG : Backward time percentage with respect to total time: 2.5%
2023-11-28 15:43:48,429 | DEBUG : Backward time percentage with respect to forward time: 6.7%

2023-11-28 15:44:11,441 | INFO : Test Error: 
 Accuracy: 66.8%, Avg loss: 0.953013 

2023-11-28 15:44:11,442 | INFO : Epoch 8
-------------------------------
2023-11-28 15:44:11,690 | INFO : loss: 0.787189  [   64/50000]
2023-11-28 15:44:27,263 | INFO : loss: 0.750834  [ 6464/50000]
2023-11-28 15:44:42,528 | INFO : loss: 0.604163  [12864/50000]
2023-11-28 15:44:57,952 | INFO : loss: 0.693919  [19264/50000]
2023-11-28 15:45:13,294 | INFO : loss: 0.876371  [25664/50000]
2023-11-28 15:45:28,900 | INFO : loss: 0.738014  [32064/50000]
2023-11-28 15:45:44,304 | INFO : loss: 0.863559  [38464/50000]
2023-11-28 15:45:59,629 | INFO : loss: 0.844173  [44864/50000]
2023-11-28 15:46:11,915 | DEBUG : Train loop total time: 120.47s
2023-11-28 15:46:11,915 | DEBUG : For loop time percentage with respect to total time: 59.9%
2023-11-28 15:46:11,915 | DEBUG : Forward time percentage with respect to total time: 36.9%
2023-11-28 15:46:11,915 | DEBUG : Backward time percentage with respect to total time: 2.5%
2023-11-28 15:46:11,915 | DEBUG : Backward time percentage with respect to forward time: 6.8%

2023-11-28 15:46:34,833 | INFO : Test Error: 
 Accuracy: 69.2%, Avg loss: 0.886177 

2023-11-28 15:46:34,834 | INFO : Epoch 9
-------------------------------
2023-11-28 15:46:35,117 | INFO : loss: 0.820874  [   64/50000]
2023-11-28 15:46:50,430 | INFO : loss: 0.610625  [ 6464/50000]
2023-11-28 15:47:05,752 | INFO : loss: 0.493690  [12864/50000]
2023-11-28 15:47:21,057 | INFO : loss: 0.612983  [19264/50000]
2023-11-28 15:47:36,432 | INFO : loss: 0.628581  [25664/50000]
2023-11-28 15:47:51,774 | INFO : loss: 0.563560  [32064/50000]
2023-11-28 15:48:07,186 | INFO : loss: 0.817526  [38464/50000]
2023-11-28 15:48:22,584 | INFO : loss: 0.554897  [44864/50000]
2023-11-28 15:48:34,961 | DEBUG : Train loop total time: 120.13s
2023-11-28 15:48:34,962 | DEBUG : For loop time percentage with respect to total time: 60.1%
2023-11-28 15:48:34,962 | DEBUG : Forward time percentage with respect to total time: 36.7%
2023-11-28 15:48:34,962 | DEBUG : Backward time percentage with respect to total time: 2.5%
2023-11-28 15:48:34,962 | DEBUG : Backward time percentage with respect to forward time: 6.9%

2023-11-28 15:48:58,378 | INFO : Test Error: 
 Accuracy: 70.8%, Avg loss: 0.844141 

2023-11-28 15:48:58,388 | INFO : Epoch 10
-------------------------------
2023-11-28 15:48:58,639 | INFO : loss: 0.570154  [   64/50000]
2023-11-28 15:49:14,022 | INFO : loss: 0.385119  [ 6464/50000]
2023-11-28 15:49:29,323 | INFO : loss: 0.585394  [12864/50000]
2023-11-28 15:49:44,735 | INFO : loss: 0.544680  [19264/50000]
2023-11-28 15:50:00,214 | INFO : loss: 0.473654  [25664/50000]
2023-11-28 15:50:15,674 | INFO : loss: 0.629538  [32064/50000]
2023-11-28 15:50:30,962 | INFO : loss: 0.612594  [38464/50000]
2023-11-28 15:50:46,378 | INFO : loss: 0.622419  [44864/50000]
2023-11-28 15:50:58,644 | DEBUG : Train loop total time: 120.26s
2023-11-28 15:50:58,645 | DEBUG : For loop time percentage with respect to total time: 59.9%
2023-11-28 15:50:58,645 | DEBUG : Forward time percentage with respect to total time: 37.0%
2023-11-28 15:50:58,645 | DEBUG : Backward time percentage with respect to total time: 2.5%
2023-11-28 15:50:58,645 | DEBUG : Backward time percentage with respect to forward time: 6.7%

2023-11-28 15:51:21,775 | INFO : Test Error: 
 Accuracy: 71.9%, Avg loss: 0.846231 

2023-11-28 15:51:21,776 | INFO : Epoch 11
-------------------------------
2023-11-28 15:51:22,057 | INFO : loss: 0.509530  [   64/50000]
2023-11-28 15:51:37,697 | INFO : loss: 0.311338  [ 6464/50000]
2023-11-28 15:51:53,024 | INFO : loss: 0.602837  [12864/50000]
2023-11-28 15:52:08,428 | INFO : loss: 0.550277  [19264/50000]
2023-11-28 15:52:23,805 | INFO : loss: 0.543975  [25664/50000]
2023-11-28 15:52:39,158 | INFO : loss: 0.539975  [32064/50000]
2023-11-28 15:52:54,498 | INFO : loss: 0.430256  [38464/50000]
2023-11-28 15:53:10,000 | INFO : loss: 0.446788  [44864/50000]
2023-11-28 15:53:22,306 | DEBUG : Train loop total time: 120.53s
2023-11-28 15:53:22,307 | DEBUG : For loop time percentage with respect to total time: 59.7%
2023-11-28 15:53:22,307 | DEBUG : Forward time percentage with respect to total time: 37.2%
2023-11-28 15:53:22,307 | DEBUG : Backward time percentage with respect to total time: 2.5%
2023-11-28 15:53:22,307 | DEBUG : Backward time percentage with respect to forward time: 6.7%

2023-11-28 15:53:45,064 | INFO : Test Error: 
 Accuracy: 70.6%, Avg loss: 0.892665 

2023-11-28 15:53:45,093 | INFO : Epoch 12
-------------------------------
2023-11-28 15:53:45,340 | INFO : loss: 0.617666  [   64/50000]
2023-11-28 15:54:00,730 | INFO : loss: 0.399178  [ 6464/50000]
2023-11-28 15:54:16,028 | INFO : loss: 0.436811  [12864/50000]
2023-11-28 15:54:31,546 | INFO : loss: 0.305382  [19264/50000]
2023-11-28 15:54:46,888 | INFO : loss: 0.571961  [25664/50000]
2023-11-28 15:55:02,166 | INFO : loss: 0.631434  [32064/50000]
2023-11-28 15:55:17,577 | INFO : loss: 0.506761  [38464/50000]
2023-11-28 15:55:32,898 | INFO : loss: 0.395502  [44864/50000]
2023-11-28 15:55:45,159 | DEBUG : Train loop total time: 120.07s
2023-11-28 15:55:45,159 | DEBUG : For loop time percentage with respect to total time: 59.6%
2023-11-28 15:55:45,159 | DEBUG : Forward time percentage with respect to total time: 37.3%
2023-11-28 15:55:45,159 | DEBUG : Backward time percentage with respect to total time: 2.4%
2023-11-28 15:55:45,159 | DEBUG : Backward time percentage with respect to forward time: 6.5%

2023-11-28 15:56:08,844 | INFO : Test Error: 
 Accuracy: 72.4%, Avg loss: 0.895925 

2023-11-28 15:56:08,845 | INFO : Epoch 13
-------------------------------
2023-11-28 15:56:09,102 | INFO : loss: 0.312289  [   64/50000]
2023-11-28 15:56:24,399 | INFO : loss: 0.329182  [ 6464/50000]
2023-11-28 15:56:39,861 | INFO : loss: 0.304989  [12864/50000]
2023-11-28 15:56:55,315 | INFO : loss: 0.346899  [19264/50000]
2023-11-28 15:57:10,717 | INFO : loss: 0.281231  [25664/50000]
2023-11-28 15:57:26,039 | INFO : loss: 0.293480  [32064/50000]
2023-11-28 15:57:41,349 | INFO : loss: 0.174173  [38464/50000]
2023-11-28 15:57:56,652 | INFO : loss: 0.311703  [44864/50000]
2023-11-28 15:58:08,941 | DEBUG : Train loop total time: 120.1s
2023-11-28 15:58:08,941 | DEBUG : For loop time percentage with respect to total time: 59.7%
2023-11-28 15:58:08,941 | DEBUG : Forward time percentage with respect to total time: 37.3%
2023-11-28 15:58:08,941 | DEBUG : Backward time percentage with respect to total time: 2.4%
2023-11-28 15:58:08,941 | DEBUG : Backward time percentage with respect to forward time: 6.4%

2023-11-28 15:58:31,796 | INFO : Test Error: 
 Accuracy: 73.0%, Avg loss: 0.902856 

2023-11-28 15:58:31,797 | INFO : Epoch 14
-------------------------------
2023-11-28 15:58:32,075 | INFO : loss: 0.153766  [   64/50000]
2023-11-28 15:58:47,520 | INFO : loss: 0.385558  [ 6464/50000]
2023-11-28 15:59:02,877 | INFO : loss: 0.140721  [12864/50000]
2023-11-28 15:59:18,198 | INFO : loss: 0.339442  [19264/50000]
2023-11-28 15:59:33,483 | INFO : loss: 0.349299  [25664/50000]
2023-11-28 15:59:48,797 | INFO : loss: 0.475476  [32064/50000]
2023-11-28 16:00:04,210 | INFO : loss: 0.224609  [38464/50000]
2023-11-28 16:00:19,499 | INFO : loss: 0.408430  [44864/50000]
2023-11-28 16:00:31,747 | DEBUG : Train loop total time: 119.95s
2023-11-28 16:00:31,747 | DEBUG : For loop time percentage with respect to total time: 59.3%
2023-11-28 16:00:31,747 | DEBUG : Forward time percentage with respect to total time: 37.6%
2023-11-28 16:00:31,747 | DEBUG : Backward time percentage with respect to total time: 2.4%
2023-11-28 16:00:31,747 | DEBUG : Backward time percentage with respect to forward time: 6.4%

2023-11-28 16:00:55,132 | INFO : Test Error: 
 Accuracy: 73.0%, Avg loss: 0.929963 

2023-11-28 16:00:55,133 | INFO : Epoch 15
-------------------------------
2023-11-28 16:00:55,402 | INFO : loss: 0.177557  [   64/50000]
2023-11-28 16:01:10,741 | INFO : loss: 0.212416  [ 6464/50000]
2023-11-28 16:01:26,086 | INFO : loss: 0.120031  [12864/50000]
2023-11-28 16:01:41,583 | INFO : loss: 0.181014  [19264/50000]
2023-11-28 16:01:56,913 | INFO : loss: 0.167731  [25664/50000]
2023-11-28 16:02:12,213 | INFO : loss: 0.228612  [32064/50000]
2023-11-28 16:02:27,518 | INFO : loss: 0.414257  [38464/50000]
2023-11-28 16:02:42,832 | INFO : loss: 0.292659  [44864/50000]
2023-11-28 16:02:55,090 | DEBUG : Train loop total time: 119.96s
2023-11-28 16:02:55,090 | DEBUG : For loop time percentage with respect to total time: 59.5%
2023-11-28 16:02:55,090 | DEBUG : Forward time percentage with respect to total time: 37.4%
2023-11-28 16:02:55,090 | DEBUG : Backward time percentage with respect to total time: 2.4%
2023-11-28 16:02:55,091 | DEBUG : Backward time percentage with respect to forward time: 6.5%

2023-11-28 16:03:18,381 | INFO : Test Error: 
 Accuracy: 73.7%, Avg loss: 0.977200 

2023-11-28 16:03:18,409 | INFO : Epoch 16
-------------------------------
2023-11-28 16:03:18,670 | INFO : loss: 0.110160  [   64/50000]
2023-11-28 16:03:33,974 | INFO : loss: 0.111567  [ 6464/50000]
2023-11-28 16:03:49,291 | INFO : loss: 0.031914  [12864/50000]
2023-11-28 16:04:04,668 | INFO : loss: 0.134876  [19264/50000]
2023-11-28 16:04:19,940 | INFO : loss: 0.153915  [25664/50000]
2023-11-28 16:04:35,219 | INFO : loss: 0.159692  [32064/50000]
2023-11-28 16:04:50,649 | INFO : loss: 0.194214  [38464/50000]
2023-11-28 16:05:06,417 | INFO : loss: 0.212722  [44864/50000]
2023-11-28 16:05:19,920 | DEBUG : Train loop total time: 121.51s
2023-11-28 16:05:19,920 | DEBUG : For loop time percentage with respect to total time: 59.9%
2023-11-28 16:05:19,920 | DEBUG : Forward time percentage with respect to total time: 36.4%
2023-11-28 16:05:19,920 | DEBUG : Backward time percentage with respect to total time: 3.0%
2023-11-28 16:05:19,920 | DEBUG : Backward time percentage with respect to forward time: 8.3%

2023-11-28 16:05:45,641 | INFO : Test Error: 
 Accuracy: 73.2%, Avg loss: 1.032827 

2023-11-28 16:05:45,701 | INFO : Epoch 17
-------------------------------
2023-11-28 16:05:45,968 | INFO : loss: 0.190359  [   64/50000]
2023-11-28 16:06:01,775 | INFO : loss: 0.046340  [ 6464/50000]
2023-11-28 16:06:17,566 | INFO : loss: 0.182354  [12864/50000]
2023-11-28 16:06:32,534 | INFO : loss: 0.025009  [19264/50000]
2023-11-28 16:06:47,471 | INFO : loss: 0.063032  [25664/50000]
2023-11-28 16:07:02,555 | INFO : loss: 0.149779  [32064/50000]
2023-11-28 16:07:18,759 | INFO : loss: 0.095611  [38464/50000]
2023-11-28 16:07:35,235 | INFO : loss: 0.195829  [44864/50000]
2023-11-28 16:07:47,745 | DEBUG : Train loop total time: 122.04s
2023-11-28 16:07:47,822 | DEBUG : For loop time percentage with respect to total time: 73.3%
2023-11-28 16:07:47,822 | DEBUG : Forward time percentage with respect to total time: 22.1%
2023-11-28 16:07:47,822 | DEBUG : Backward time percentage with respect to total time: 3.9%
2023-11-28 16:07:47,822 | DEBUG : Backward time percentage with respect to forward time: 17.6%

2023-11-28 16:08:09,602 | INFO : Test Error: 
 Accuracy: 72.8%, Avg loss: 1.111622 

2023-11-28 16:08:09,668 | INFO : Epoch 18
-------------------------------
2023-11-28 16:08:10,019 | INFO : loss: 0.109240  [   64/50000]
2023-11-28 16:08:25,390 | INFO : loss: 0.143270  [ 6464/50000]
2023-11-28 16:08:43,559 | INFO : loss: 0.049878  [12864/50000]
2023-11-28 16:08:59,531 | INFO : loss: 0.083323  [19264/50000]
2023-11-28 16:09:13,372 | INFO : loss: 0.166481  [25664/50000]
2023-11-28 16:09:29,896 | INFO : loss: 0.132401  [32064/50000]
2023-11-28 16:09:46,565 | INFO : loss: 0.098166  [38464/50000]
2023-11-28 16:10:02,420 | INFO : loss: 0.092728  [44864/50000]
2023-11-28 16:10:14,463 | DEBUG : Train loop total time: 124.79s
2023-11-28 16:10:14,535 | DEBUG : For loop time percentage with respect to total time: 70.2%
2023-11-28 16:10:14,535 | DEBUG : Forward time percentage with respect to total time: 25.2%
2023-11-28 16:10:14,535 | DEBUG : Backward time percentage with respect to total time: 3.9%
2023-11-28 16:10:14,535 | DEBUG : Backward time percentage with respect to forward time: 15.3%

2023-11-28 16:10:39,012 | INFO : Test Error: 
 Accuracy: 73.6%, Avg loss: 1.082117 

2023-11-28 16:10:39,048 | INFO : Epoch 19
-------------------------------
2023-11-28 16:10:39,543 | INFO : loss: 0.140146  [   64/50000]
2023-11-28 16:10:55,751 | INFO : loss: 0.211422  [ 6464/50000]
2023-11-28 16:11:10,072 | INFO : loss: 0.161303  [12864/50000]
2023-11-28 16:11:27,058 | INFO : loss: 0.098765  [19264/50000]
2023-11-28 16:11:43,756 | INFO : loss: 0.177422  [25664/50000]
2023-11-28 16:12:01,496 | INFO : loss: 0.065256  [32064/50000]
2023-11-28 16:12:18,228 | INFO : loss: 0.076753  [38464/50000]
2023-11-28 16:12:33,841 | INFO : loss: 0.108195  [44864/50000]
2023-11-28 16:12:47,495 | DEBUG : Train loop total time: 128.45s
2023-11-28 16:12:47,513 | DEBUG : For loop time percentage with respect to total time: 67.9%
2023-11-28 16:12:47,513 | DEBUG : Forward time percentage with respect to total time: 28.0%
2023-11-28 16:12:47,513 | DEBUG : Backward time percentage with respect to total time: 3.4%
2023-11-28 16:12:47,513 | DEBUG : Backward time percentage with respect to forward time: 12.3%

2023-11-28 16:13:11,326 | INFO : Test Error: 
 Accuracy: 74.1%, Avg loss: 1.160233 

2023-11-28 16:13:11,327 | INFO : Epoch 20
-------------------------------
2023-11-28 16:13:11,510 | INFO : loss: 0.128760  [   64/50000]
2023-11-28 16:13:27,635 | INFO : loss: 0.060011  [ 6464/50000]
2023-11-28 16:13:43,737 | INFO : loss: 0.043775  [12864/50000]
2023-11-28 16:14:00,255 | INFO : loss: 0.179244  [19264/50000]
2023-11-28 16:14:17,109 | INFO : loss: 0.051306  [25664/50000]
2023-11-28 16:14:34,210 | INFO : loss: 0.138420  [32064/50000]
2023-11-28 16:14:51,140 | INFO : loss: 0.057056  [38464/50000]
2023-11-28 16:15:06,955 | INFO : loss: 0.138112  [44864/50000]
2023-11-28 16:15:19,669 | DEBUG : Train loop total time: 128.34s
2023-11-28 16:15:19,748 | DEBUG : For loop time percentage with respect to total time: 64.2%
2023-11-28 16:15:19,748 | DEBUG : Forward time percentage with respect to total time: 32.3%
2023-11-28 16:15:19,748 | DEBUG : Backward time percentage with respect to total time: 2.7%
2023-11-28 16:15:19,748 | DEBUG : Backward time percentage with respect to forward time: 8.4%

2023-11-28 16:15:43,609 | INFO : Test Error: 
 Accuracy: 75.1%, Avg loss: 1.130325 

2023-11-28 16:15:43,610 | INFO : Epoch 21
-------------------------------
2023-11-28 16:15:43,877 | INFO : loss: 0.123587  [   64/50000]
2023-11-28 16:15:59,604 | INFO : loss: 0.044948  [ 6464/50000]
2023-11-28 16:16:15,208 | INFO : loss: 0.099546  [12864/50000]
2023-11-28 16:16:30,584 | INFO : loss: 0.031332  [19264/50000]
2023-11-28 16:16:46,678 | INFO : loss: 0.207781  [25664/50000]
2023-11-28 16:17:02,127 | INFO : loss: 0.093456  [32064/50000]
2023-11-28 16:17:17,897 | INFO : loss: 0.029922  [38464/50000]
2023-11-28 16:17:33,507 | INFO : loss: 0.062452  [44864/50000]
2023-11-28 16:17:46,307 | DEBUG : Train loop total time: 122.7s
2023-11-28 16:17:46,308 | DEBUG : For loop time percentage with respect to total time: 61.0%
2023-11-28 16:17:46,308 | DEBUG : Forward time percentage with respect to total time: 36.0%
2023-11-28 16:17:46,308 | DEBUG : Backward time percentage with respect to total time: 2.4%
2023-11-28 16:17:46,308 | DEBUG : Backward time percentage with respect to forward time: 6.8%

2023-11-28 16:18:11,830 | INFO : Test Error: 
 Accuracy: 75.1%, Avg loss: 1.275013 

2023-11-28 16:18:11,836 | INFO : Epoch 22
-------------------------------
2023-11-28 16:18:12,088 | INFO : loss: 0.070044  [   64/50000]
2023-11-28 16:18:28,489 | INFO : loss: 0.114626  [ 6464/50000]
2023-11-28 16:18:43,810 | INFO : loss: 0.024487  [12864/50000]
2023-11-28 16:18:59,321 | INFO : loss: 0.090727  [19264/50000]
2023-11-28 16:19:15,270 | INFO : loss: 0.056701  [25664/50000]
2023-11-28 16:19:30,587 | INFO : loss: 0.033795  [32064/50000]
2023-11-28 16:19:46,009 | INFO : loss: 0.027908  [38464/50000]
2023-11-28 16:20:01,310 | INFO : loss: 0.125219  [44864/50000]
2023-11-28 16:20:13,661 | DEBUG : Train loop total time: 121.82s
2023-11-28 16:20:13,661 | DEBUG : For loop time percentage with respect to total time: 60.4%
2023-11-28 16:20:13,661 | DEBUG : Forward time percentage with respect to total time: 36.5%
2023-11-28 16:20:13,661 | DEBUG : Backward time percentage with respect to total time: 2.4%
2023-11-28 16:20:13,661 | DEBUG : Backward time percentage with respect to forward time: 6.7%

2023-11-28 16:20:36,950 | INFO : Test Error: 
 Accuracy: 74.5%, Avg loss: 1.223254 

2023-11-28 16:20:36,962 | INFO : Epoch 23
-------------------------------
2023-11-28 16:20:37,215 | INFO : loss: 0.101886  [   64/50000]
2023-11-28 16:20:52,922 | INFO : loss: 0.144796  [ 6464/50000]
2023-11-28 16:21:08,382 | INFO : loss: 0.023317  [12864/50000]
2023-11-28 16:21:23,881 | INFO : loss: 0.063071  [19264/50000]
2023-11-28 16:21:39,295 | INFO : loss: 0.067530  [25664/50000]
2023-11-28 16:21:54,835 | INFO : loss: 0.117313  [32064/50000]
2023-11-28 16:22:10,628 | INFO : loss: 0.031620  [38464/50000]
2023-11-28 16:22:26,438 | INFO : loss: 0.073628  [44864/50000]
2023-11-28 16:22:38,626 | DEBUG : Train loop total time: 121.66s
2023-11-28 16:22:38,627 | DEBUG : For loop time percentage with respect to total time: 60.4%
2023-11-28 16:22:38,627 | DEBUG : Forward time percentage with respect to total time: 36.5%
2023-11-28 16:22:38,627 | DEBUG : Backward time percentage with respect to total time: 2.4%
2023-11-28 16:22:38,627 | DEBUG : Backward time percentage with respect to forward time: 6.6%

2023-11-28 16:23:03,046 | INFO : Test Error: 
 Accuracy: 74.7%, Avg loss: 1.242680 

2023-11-28 16:23:03,047 | INFO : Epoch 24
-------------------------------
2023-11-28 16:23:03,315 | INFO : loss: 0.018265  [   64/50000]
2023-11-28 16:23:19,819 | INFO : loss: 0.028670  [ 6464/50000]
2023-11-28 16:23:35,726 | INFO : loss: 0.021182  [12864/50000]
2023-11-28 16:23:51,645 | INFO : loss: 0.079574  [19264/50000]
2023-11-28 16:24:07,560 | INFO : loss: 0.027112  [25664/50000]
2023-11-28 16:24:23,031 | INFO : loss: 0.079507  [32064/50000]
2023-11-28 16:24:38,895 | INFO : loss: 0.011980  [38464/50000]
2023-11-28 16:24:54,560 | INFO : loss: 0.117620  [44864/50000]
2023-11-28 16:25:07,154 | DEBUG : Train loop total time: 124.11s
2023-11-28 16:25:07,154 | DEBUG : For loop time percentage with respect to total time: 60.0%
2023-11-28 16:25:07,154 | DEBUG : Forward time percentage with respect to total time: 37.0%
2023-11-28 16:25:07,154 | DEBUG : Backward time percentage with respect to total time: 2.4%
2023-11-28 16:25:07,154 | DEBUG : Backward time percentage with respect to forward time: 6.6%

2023-11-28 16:25:31,902 | INFO : Test Error: 
 Accuracy: 75.1%, Avg loss: 1.301522 

2023-11-28 16:25:31,917 | INFO : Epoch 25
-------------------------------
2023-11-28 16:25:32,170 | INFO : loss: 0.095344  [   64/50000]
2023-11-28 16:25:47,763 | INFO : loss: 0.149427  [ 6464/50000]
2023-11-28 16:26:03,534 | INFO : loss: 0.029448  [12864/50000]
2023-11-28 16:26:19,198 | INFO : loss: 0.046969  [19264/50000]
2023-11-28 16:26:34,855 | INFO : loss: 0.133625  [25664/50000]
2023-11-28 16:26:50,299 | INFO : loss: 0.055014  [32064/50000]
2023-11-28 16:27:05,927 | INFO : loss: 0.123957  [38464/50000]
2023-11-28 16:27:21,616 | INFO : loss: 0.037801  [44864/50000]
2023-11-28 16:27:34,193 | DEBUG : Train loop total time: 122.28s
2023-11-28 16:27:34,194 | DEBUG : For loop time percentage with respect to total time: 58.8%
2023-11-28 16:27:34,194 | DEBUG : Forward time percentage with respect to total time: 38.1%
2023-11-28 16:27:34,194 | DEBUG : Backward time percentage with respect to total time: 2.4%
2023-11-28 16:27:34,194 | DEBUG : Backward time percentage with respect to forward time: 6.4%

2023-11-28 16:27:58,004 | INFO : Test Error: 
 Accuracy: 74.7%, Avg loss: 1.292513 

2023-11-28 16:27:58,004 | INFO : Epoch 26
-------------------------------
2023-11-28 16:27:58,249 | INFO : loss: 0.005346  [   64/50000]
2023-11-28 16:28:14,337 | INFO : loss: 0.005962  [ 6464/50000]
2023-11-28 16:28:30,198 | INFO : loss: 0.035733  [12864/50000]
2023-11-28 16:28:46,226 | INFO : loss: 0.010504  [19264/50000]
2023-11-28 16:29:01,787 | INFO : loss: 0.093171  [25664/50000]
2023-11-28 16:29:17,699 | INFO : loss: 0.030778  [32064/50000]
2023-11-28 16:29:33,862 | INFO : loss: 0.007055  [38464/50000]
2023-11-28 16:29:49,562 | INFO : loss: 0.304198  [44864/50000]
2023-11-28 16:30:02,069 | DEBUG : Train loop total time: 124.06s
2023-11-28 16:30:02,070 | DEBUG : For loop time percentage with respect to total time: 59.8%
2023-11-28 16:30:02,070 | DEBUG : Forward time percentage with respect to total time: 37.2%
2023-11-28 16:30:02,070 | DEBUG : Backward time percentage with respect to total time: 2.4%
2023-11-28 16:30:02,070 | DEBUG : Backward time percentage with respect to forward time: 6.3%

2023-11-28 16:30:25,808 | INFO : Test Error: 
 Accuracy: 74.9%, Avg loss: 1.263732 

2023-11-28 16:30:25,809 | INFO : Epoch 27
-------------------------------
2023-11-28 16:30:26,095 | INFO : loss: 0.082466  [   64/50000]
2023-11-28 16:30:42,449 | INFO : loss: 0.033298  [ 6464/50000]
2023-11-28 16:30:58,212 | INFO : loss: 0.075921  [12864/50000]
2023-11-28 16:31:13,811 | INFO : loss: 0.040292  [19264/50000]
2023-11-28 16:31:29,618 | INFO : loss: 0.069813  [25664/50000]
2023-11-28 16:31:45,326 | INFO : loss: 0.010307  [32064/50000]
2023-11-28 16:32:01,077 | INFO : loss: 0.008488  [38464/50000]
2023-11-28 16:32:16,935 | INFO : loss: 0.027388  [44864/50000]
2023-11-28 16:32:29,535 | DEBUG : Train loop total time: 123.73s
2023-11-28 16:32:29,535 | DEBUG : For loop time percentage with respect to total time: 59.5%
2023-11-28 16:32:29,536 | DEBUG : Forward time percentage with respect to total time: 37.5%
2023-11-28 16:32:29,536 | DEBUG : Backward time percentage with respect to total time: 2.4%
2023-11-28 16:32:29,536 | DEBUG : Backward time percentage with respect to forward time: 6.3%

2023-11-28 16:32:53,004 | INFO : Test Error: 
 Accuracy: 75.9%, Avg loss: 1.268904 

2023-11-28 16:32:53,005 | INFO : Epoch 28
-------------------------------
2023-11-28 16:32:53,222 | INFO : loss: 0.001560  [   64/50000]
2023-11-28 16:33:09,139 | INFO : loss: 0.138140  [ 6464/50000]
2023-11-28 16:33:24,778 | INFO : loss: 0.014205  [12864/50000]
2023-11-28 16:33:40,511 | INFO : loss: 0.062983  [19264/50000]
2023-11-28 16:33:56,037 | INFO : loss: 0.009937  [25664/50000]
2023-11-28 16:34:11,982 | INFO : loss: 0.019420  [32064/50000]
2023-11-28 16:34:27,636 | INFO : loss: 0.022191  [38464/50000]
2023-11-28 16:34:43,159 | INFO : loss: 0.022279  [44864/50000]
2023-11-28 16:34:55,786 | DEBUG : Train loop total time: 122.78s
2023-11-28 16:34:55,788 | DEBUG : For loop time percentage with respect to total time: 59.0%
2023-11-28 16:34:55,788 | DEBUG : Forward time percentage with respect to total time: 37.9%
2023-11-28 16:34:55,788 | DEBUG : Backward time percentage with respect to total time: 2.4%
2023-11-28 16:34:55,788 | DEBUG : Backward time percentage with respect to forward time: 6.3%

2023-11-28 16:35:19,169 | INFO : Test Error: 
 Accuracy: 75.5%, Avg loss: 1.327560 

2023-11-28 16:35:19,170 | INFO : Epoch 29
-------------------------------
2023-11-28 16:35:19,420 | INFO : loss: 0.046011  [   64/50000]
2023-11-28 16:35:35,346 | INFO : loss: 0.009053  [ 6464/50000]
2023-11-28 16:35:51,936 | INFO : loss: 0.035578  [12864/50000]
2023-11-28 16:36:08,953 | INFO : loss: 0.100136  [19264/50000]
2023-11-28 16:36:25,391 | INFO : loss: 0.036580  [25664/50000]
2023-11-28 16:36:41,692 | INFO : loss: 0.042845  [32064/50000]
2023-11-28 16:36:58,427 | INFO : loss: 0.004394  [38464/50000]
2023-11-28 16:37:14,044 | INFO : loss: 0.037247  [44864/50000]
2023-11-28 16:37:26,214 | DEBUG : Train loop total time: 127.04s
2023-11-28 16:37:26,214 | DEBUG : For loop time percentage with respect to total time: 63.1%
2023-11-28 16:37:26,214 | DEBUG : Forward time percentage with respect to total time: 33.7%
2023-11-28 16:37:26,215 | DEBUG : Backward time percentage with respect to total time: 2.6%
2023-11-28 16:37:26,215 | DEBUG : Backward time percentage with respect to forward time: 7.6%

2023-11-28 16:37:49,782 | INFO : Test Error: 
 Accuracy: 75.7%, Avg loss: 1.399803 

2023-11-28 16:37:49,783 | INFO : Epoch 30
-------------------------------
2023-11-28 16:37:50,048 | INFO : loss: 0.004582  [   64/50000]
2023-11-28 16:38:05,339 | INFO : loss: 0.027609  [ 6464/50000]
2023-11-28 16:38:20,591 | INFO : loss: 0.144008  [12864/50000]
2023-11-28 16:38:35,929 | INFO : loss: 0.052391  [19264/50000]
2023-11-28 16:38:51,018 | INFO : loss: 0.011914  [25664/50000]
2023-11-28 16:39:06,201 | INFO : loss: 0.001479  [32064/50000]
2023-11-28 16:39:21,609 | INFO : loss: 0.015708  [38464/50000]
2023-11-28 16:39:36,797 | INFO : loss: 0.041075  [44864/50000]
2023-11-28 16:39:48,974 | DEBUG : Train loop total time: 119.19s
2023-11-28 16:39:48,975 | DEBUG : For loop time percentage with respect to total time: 59.0%
2023-11-28 16:39:48,975 | DEBUG : Forward time percentage with respect to total time: 37.8%
2023-11-28 16:39:48,975 | DEBUG : Backward time percentage with respect to total time: 2.5%
2023-11-28 16:39:48,975 | DEBUG : Backward time percentage with respect to forward time: 6.6%

2023-11-28 16:40:11,578 | INFO : Test Error: 
 Accuracy: 76.2%, Avg loss: 1.368146 

2023-11-28 16:40:11,578 | INFO : Epoch 31
-------------------------------
2023-11-28 16:40:11,827 | INFO : loss: 0.025455  [   64/50000]
2023-11-28 16:40:26,993 | INFO : loss: 0.014323  [ 6464/50000]
2023-11-28 16:40:42,617 | INFO : loss: 0.024867  [12864/50000]
2023-11-28 16:40:58,266 | INFO : loss: 0.007104  [19264/50000]
2023-11-28 16:41:14,316 | INFO : loss: 0.018220  [25664/50000]
2023-11-28 16:41:29,958 | INFO : loss: 0.001401  [32064/50000]
2023-11-28 16:41:45,066 | INFO : loss: 0.010961  [38464/50000]
2023-11-28 16:42:00,517 | INFO : loss: 0.006040  [44864/50000]
2023-11-28 16:42:13,056 | DEBUG : Train loop total time: 121.48s
2023-11-28 16:42:13,057 | DEBUG : For loop time percentage with respect to total time: 60.4%
2023-11-28 16:42:13,057 | DEBUG : Forward time percentage with respect to total time: 36.5%
2023-11-28 16:42:13,057 | DEBUG : Backward time percentage with respect to total time: 2.4%
2023-11-28 16:42:13,057 | DEBUG : Backward time percentage with respect to forward time: 6.6%

2023-11-28 16:42:35,764 | INFO : Test Error: 
 Accuracy: 75.8%, Avg loss: 1.389637 

2023-11-28 16:42:35,826 | INFO : Epoch 32
-------------------------------
2023-11-28 16:42:36,096 | INFO : loss: 0.023950  [   64/50000]
2023-11-28 16:42:51,543 | INFO : loss: 0.011791  [ 6464/50000]
2023-11-28 16:43:07,109 | INFO : loss: 0.014393  [12864/50000]
2023-11-28 16:43:22,574 | INFO : loss: 0.027987  [19264/50000]
2023-11-28 16:43:37,678 | INFO : loss: 0.072782  [25664/50000]
2023-11-28 16:43:52,827 | INFO : loss: 0.121980  [32064/50000]
2023-11-28 16:44:08,310 | INFO : loss: 0.019692  [38464/50000]
2023-11-28 16:44:23,726 | INFO : loss: 0.003715  [44864/50000]
2023-11-28 16:44:35,836 | DEBUG : Train loop total time: 120.01s
2023-11-28 16:44:35,847 | DEBUG : For loop time percentage with respect to total time: 59.4%
2023-11-28 16:44:35,847 | DEBUG : Forward time percentage with respect to total time: 37.4%
2023-11-28 16:44:35,847 | DEBUG : Backward time percentage with respect to total time: 2.5%
2023-11-28 16:44:35,847 | DEBUG : Backward time percentage with respect to forward time: 6.7%

2023-11-28 16:44:57,634 | INFO : Test Error: 
 Accuracy: 75.7%, Avg loss: 1.410717 

2023-11-28 16:44:57,643 | INFO : Epoch 33
-------------------------------
2023-11-28 16:44:57,938 | INFO : loss: 0.039086  [   64/50000]
2023-11-28 16:45:10,646 | INFO : loss: 0.013095  [ 6464/50000]
2023-11-28 16:45:23,149 | INFO : loss: 0.004767  [12864/50000]
2023-11-28 16:45:37,424 | INFO : loss: 0.030520  [19264/50000]
2023-11-28 16:45:50,518 | INFO : loss: 0.085503  [25664/50000]
2023-11-28 16:46:04,927 | INFO : loss: 0.003328  [32064/50000]
2023-11-28 16:46:20,158 | INFO : loss: 0.023479  [38464/50000]
2023-11-28 16:46:33,616 | INFO : loss: 0.009340  [44864/50000]
2023-11-28 16:46:44,788 | DEBUG : Train loop total time: 107.14s
2023-11-28 16:46:44,789 | DEBUG : For loop time percentage with respect to total time: 73.8%
2023-11-28 16:46:44,789 | DEBUG : Forward time percentage with respect to total time: 21.8%
2023-11-28 16:46:44,789 | DEBUG : Backward time percentage with respect to total time: 3.8%
2023-11-28 16:46:44,789 | DEBUG : Backward time percentage with respect to forward time: 17.5%

2023-11-28 16:47:04,570 | INFO : Test Error: 
 Accuracy: 75.6%, Avg loss: 1.374819 

2023-11-28 16:47:04,571 | INFO : Epoch 34
-------------------------------
2023-11-28 16:47:04,843 | INFO : loss: 0.010807  [   64/50000]
2023-11-28 16:47:18,281 | INFO : loss: 0.010659  [ 6464/50000]
2023-11-28 16:47:30,968 | INFO : loss: 0.006970  [12864/50000]
2023-11-28 16:47:45,719 | INFO : loss: 0.002993  [19264/50000]
2023-11-28 16:47:59,756 | INFO : loss: 0.004591  [25664/50000]
2023-11-28 16:48:14,078 | INFO : loss: 0.003704  [32064/50000]
2023-11-28 16:48:27,689 | INFO : loss: 0.032105  [38464/50000]
2023-11-28 16:48:42,087 | INFO : loss: 0.008071  [44864/50000]
2023-11-28 16:48:52,695 | DEBUG : Train loop total time: 108.12s
2023-11-28 16:48:52,696 | DEBUG : For loop time percentage with respect to total time: 73.1%
2023-11-28 16:48:52,696 | DEBUG : Forward time percentage with respect to total time: 23.7%
2023-11-28 16:48:52,696 | DEBUG : Backward time percentage with respect to total time: 2.8%
2023-11-28 16:48:52,696 | DEBUG : Backward time percentage with respect to forward time: 11.7%

2023-11-28 16:49:12,864 | INFO : Test Error: 
 Accuracy: 75.8%, Avg loss: 1.435603 

2023-11-28 16:49:12,864 | INFO : Epoch 35
-------------------------------
2023-11-28 16:49:13,066 | INFO : loss: 0.001295  [   64/50000]
2023-11-28 16:49:25,757 | INFO : loss: 0.002998  [ 6464/50000]
2023-11-28 16:49:38,509 | INFO : loss: 0.000742  [12864/50000]
2023-11-28 16:49:52,732 | INFO : loss: 0.067161  [19264/50000]
2023-11-28 16:50:06,776 | INFO : loss: 0.001566  [25664/50000]
2023-11-28 16:50:20,819 | INFO : loss: 0.000767  [32064/50000]
2023-11-28 16:50:34,373 | INFO : loss: 0.056725  [38464/50000]
2023-11-28 16:50:47,560 | INFO : loss: 0.003587  [44864/50000]
2023-11-28 16:50:57,462 | DEBUG : Train loop total time: 104.6s
2023-11-28 16:50:57,463 | DEBUG : For loop time percentage with respect to total time: 72.0%
2023-11-28 16:50:57,463 | DEBUG : Forward time percentage with respect to total time: 25.0%
2023-11-28 16:50:57,463 | DEBUG : Backward time percentage with respect to total time: 2.7%
2023-11-28 16:50:57,463 | DEBUG : Backward time percentage with respect to forward time: 10.8%

2023-11-28 16:51:17,538 | INFO : Test Error: 
 Accuracy: 75.8%, Avg loss: 1.432891 

2023-11-28 16:51:17,539 | INFO : Epoch 36
-------------------------------
2023-11-28 16:51:17,705 | INFO : loss: 0.024894  [   64/50000]
2023-11-28 16:51:30,099 | INFO : loss: 0.005741  [ 6464/50000]
2023-11-28 16:51:42,895 | INFO : loss: 0.059077  [12864/50000]
2023-11-28 16:51:56,985 | INFO : loss: 0.009223  [19264/50000]
2023-11-28 16:52:10,423 | INFO : loss: 0.015986  [25664/50000]
2023-11-28 16:52:24,252 | INFO : loss: 0.013597  [32064/50000]
2023-11-28 16:52:36,826 | INFO : loss: 0.006175  [38464/50000]
2023-11-28 16:52:49,925 | INFO : loss: 0.014390  [44864/50000]
2023-11-28 16:53:00,706 | DEBUG : Train loop total time: 103.17s
2023-11-28 16:53:00,707 | DEBUG : For loop time percentage with respect to total time: 72.4%
2023-11-28 16:53:00,707 | DEBUG : Forward time percentage with respect to total time: 24.8%
2023-11-28 16:53:00,707 | DEBUG : Backward time percentage with respect to total time: 2.4%
2023-11-28 16:53:00,707 | DEBUG : Backward time percentage with respect to forward time: 9.5%

2023-11-28 16:53:20,214 | INFO : Test Error: 
 Accuracy: 76.0%, Avg loss: 1.452971 

2023-11-28 16:53:20,215 | INFO : Epoch 37
-------------------------------
2023-11-28 16:53:20,379 | INFO : loss: 0.059446  [   64/50000]
2023-11-28 16:53:33,452 | INFO : loss: 0.001376  [ 6464/50000]
2023-11-28 16:53:47,089 | INFO : loss: 0.001318  [12864/50000]
2023-11-28 16:54:00,142 | INFO : loss: 0.021295  [19264/50000]
2023-11-28 16:54:14,417 | INFO : loss: 0.006470  [25664/50000]
2023-11-28 16:54:27,511 | INFO : loss: 0.089661  [32064/50000]
2023-11-28 16:54:41,028 | INFO : loss: 0.038428  [38464/50000]
2023-11-28 16:54:56,201 | INFO : loss: 0.002054  [44864/50000]
2023-11-28 16:55:08,460 | DEBUG : Train loop total time: 108.24s
2023-11-28 16:55:08,460 | DEBUG : For loop time percentage with respect to total time: 70.2%
2023-11-28 16:55:08,460 | DEBUG : Forward time percentage with respect to total time: 27.1%
2023-11-28 16:55:08,460 | DEBUG : Backward time percentage with respect to total time: 2.2%
2023-11-28 16:55:08,461 | DEBUG : Backward time percentage with respect to forward time: 8.3%

2023-11-28 16:55:30,818 | INFO : Test Error: 
 Accuracy: 76.3%, Avg loss: 1.442177 

2023-11-28 16:55:30,819 | INFO : Epoch 38
-------------------------------
2023-11-28 16:55:31,097 | INFO : loss: 0.008441  [   64/50000]
2023-11-28 16:55:46,636 | INFO : loss: 0.013567  [ 6464/50000]
2023-11-28 16:56:01,844 | INFO : loss: 0.006003  [12864/50000]
2023-11-28 16:56:17,115 | INFO : loss: 0.002867  [19264/50000]
2023-11-28 16:56:32,318 | INFO : loss: 0.025605  [25664/50000]
2023-11-28 16:56:47,586 | INFO : loss: 0.001867  [32064/50000]
2023-11-28 16:57:02,800 | INFO : loss: 0.003781  [38464/50000]
2023-11-28 16:57:17,954 | INFO : loss: 0.070925  [44864/50000]
2023-11-28 16:57:30,213 | DEBUG : Train loop total time: 119.39s
2023-11-28 16:57:30,226 | DEBUG : For loop time percentage with respect to total time: 60.6%
2023-11-28 16:57:30,226 | DEBUG : Forward time percentage with respect to total time: 36.6%
2023-11-28 16:57:30,226 | DEBUG : Backward time percentage with respect to total time: 2.1%
2023-11-28 16:57:30,226 | DEBUG : Backward time percentage with respect to forward time: 5.6%

2023-11-28 16:57:53,473 | INFO : Test Error: 
 Accuracy: 76.1%, Avg loss: 1.372203 

2023-11-28 16:57:53,492 | INFO : Epoch 39
-------------------------------
2023-11-28 16:57:53,750 | INFO : loss: 0.002946  [   64/50000]
2023-11-28 16:58:09,302 | INFO : loss: 0.002310  [ 6464/50000]
2023-11-28 16:58:24,454 | INFO : loss: 0.001881  [12864/50000]
2023-11-28 16:58:39,790 | INFO : loss: 0.038731  [19264/50000]
2023-11-28 16:58:55,359 | INFO : loss: 0.001852  [25664/50000]
2023-11-28 16:59:10,884 | INFO : loss: 0.003451  [32064/50000]
2023-11-28 16:59:26,234 | INFO : loss: 0.016340  [38464/50000]
2023-11-28 16:59:41,437 | INFO : loss: 0.025086  [44864/50000]
2023-11-28 16:59:53,866 | DEBUG : Train loop total time: 120.37s
2023-11-28 16:59:53,867 | DEBUG : For loop time percentage with respect to total time: 61.5%
2023-11-28 16:59:53,867 | DEBUG : Forward time percentage with respect to total time: 35.9%
2023-11-28 16:59:53,867 | DEBUG : Backward time percentage with respect to total time: 2.0%
2023-11-28 16:59:53,867 | DEBUG : Backward time percentage with respect to forward time: 5.6%

2023-11-28 17:00:17,027 | INFO : Test Error: 
 Accuracy: 76.4%, Avg loss: 1.435204 

2023-11-28 17:00:17,040 | INFO : Epoch 40
-------------------------------
2023-11-28 17:00:17,275 | INFO : loss: 0.034440  [   64/50000]
2023-11-28 17:00:33,044 | INFO : loss: 0.003085  [ 6464/50000]
2023-11-28 17:00:48,541 | INFO : loss: 0.001886  [12864/50000]
2023-11-28 17:01:03,675 | INFO : loss: 0.042622  [19264/50000]
2023-11-28 17:01:18,793 | INFO : loss: 0.036064  [25664/50000]
2023-11-28 17:01:34,424 | INFO : loss: 0.007366  [32064/50000]
2023-11-28 17:01:49,665 | INFO : loss: 0.009910  [38464/50000]
2023-11-28 17:02:04,855 | INFO : loss: 0.003141  [44864/50000]
2023-11-28 17:02:16,978 | DEBUG : Train loop total time: 119.94s
2023-11-28 17:02:16,979 | DEBUG : For loop time percentage with respect to total time: 61.0%
2023-11-28 17:02:16,979 | DEBUG : Forward time percentage with respect to total time: 36.2%
2023-11-28 17:02:16,979 | DEBUG : Backward time percentage with respect to total time: 2.1%
2023-11-28 17:02:16,979 | DEBUG : Backward time percentage with respect to forward time: 5.8%

2023-11-28 17:02:39,654 | INFO : Test Error: 
 Accuracy: 76.6%, Avg loss: 1.413282 

2023-11-28 17:02:39,655 | INFO : Epoch 41
-------------------------------
2023-11-28 17:02:39,898 | INFO : loss: 0.028091  [   64/50000]
2023-11-28 17:02:55,080 | INFO : loss: 0.000879  [ 6464/50000]
2023-11-28 17:03:10,229 | INFO : loss: 0.004878  [12864/50000]
2023-11-28 17:03:25,628 | INFO : loss: 0.017552  [19264/50000]
2023-11-28 17:03:40,685 | INFO : loss: 0.025118  [25664/50000]
2023-11-28 17:03:55,901 | INFO : loss: 0.003552  [32064/50000]
2023-11-28 17:04:11,563 | INFO : loss: 0.009775  [38464/50000]
2023-11-28 17:04:27,249 | INFO : loss: 0.008295  [44864/50000]
2023-11-28 17:04:39,375 | DEBUG : Train loop total time: 119.72s
2023-11-28 17:04:39,376 | DEBUG : For loop time percentage with respect to total time: 61.1%
2023-11-28 17:04:39,376 | DEBUG : Forward time percentage with respect to total time: 36.2%
2023-11-28 17:04:39,376 | DEBUG : Backward time percentage with respect to total time: 2.1%
2023-11-28 17:04:39,376 | DEBUG : Backward time percentage with respect to forward time: 5.7%

2023-11-28 17:05:02,402 | INFO : Test Error: 
 Accuracy: 76.2%, Avg loss: 1.461780 

2023-11-28 17:05:02,417 | INFO : Epoch 42
-------------------------------
2023-11-28 17:05:02,658 | INFO : loss: 0.005853  [   64/50000]
2023-11-28 17:05:18,297 | INFO : loss: 0.010262  [ 6464/50000]
2023-11-28 17:05:33,686 | INFO : loss: 0.001311  [12864/50000]
2023-11-28 17:05:48,883 | INFO : loss: 0.006905  [19264/50000]
2023-11-28 17:06:04,194 | INFO : loss: 0.016783  [25664/50000]
2023-11-28 17:06:19,388 | INFO : loss: 0.002584  [32064/50000]
2023-11-28 17:06:35,315 | INFO : loss: 0.018523  [38464/50000]
2023-11-28 17:06:50,722 | INFO : loss: 0.019180  [44864/50000]
2023-11-28 17:07:03,126 | DEBUG : Train loop total time: 120.71s
2023-11-28 17:07:03,127 | DEBUG : For loop time percentage with respect to total time: 61.7%
2023-11-28 17:07:03,127 | DEBUG : Forward time percentage with respect to total time: 35.6%
2023-11-28 17:07:03,127 | DEBUG : Backward time percentage with respect to total time: 2.1%
2023-11-28 17:07:03,127 | DEBUG : Backward time percentage with respect to forward time: 5.9%

2023-11-28 17:07:26,399 | INFO : Test Error: 
 Accuracy: 76.6%, Avg loss: 1.428755 

2023-11-28 17:07:26,400 | INFO : Epoch 43
-------------------------------
2023-11-28 17:07:26,660 | INFO : loss: 0.006947  [   64/50000]
2023-11-28 17:07:42,399 | INFO : loss: 0.004185  [ 6464/50000]
2023-11-28 17:07:57,545 | INFO : loss: 0.002755  [12864/50000]
2023-11-28 17:08:12,799 | INFO : loss: 0.000843  [19264/50000]
2023-11-28 17:08:28,031 | INFO : loss: 0.002818  [25664/50000]
2023-11-28 17:08:43,364 | INFO : loss: 0.031848  [32064/50000]
2023-11-28 17:08:58,626 | INFO : loss: 0.003648  [38464/50000]
2023-11-28 17:09:13,723 | INFO : loss: 0.009356  [44864/50000]
2023-11-28 17:09:25,888 | DEBUG : Train loop total time: 119.49s
2023-11-28 17:09:25,919 | DEBUG : For loop time percentage with respect to total time: 61.6%
2023-11-28 17:09:25,919 | DEBUG : Forward time percentage with respect to total time: 35.7%
2023-11-28 17:09:25,919 | DEBUG : Backward time percentage with respect to total time: 2.1%
2023-11-28 17:09:25,919 | DEBUG : Backward time percentage with respect to forward time: 5.8%

2023-11-28 17:09:49,367 | INFO : Test Error: 
 Accuracy: 76.3%, Avg loss: 1.430951 

2023-11-28 17:09:49,388 | INFO : Epoch 44
-------------------------------
2023-11-28 17:09:49,630 | INFO : loss: 0.025115  [   64/50000]
2023-11-28 17:10:04,881 | INFO : loss: 0.012597  [ 6464/50000]
2023-11-28 17:10:20,291 | INFO : loss: 0.003481  [12864/50000]
2023-11-28 17:10:35,466 | INFO : loss: 0.033311  [19264/50000]
2023-11-28 17:10:51,058 | INFO : loss: 0.003783  [25664/50000]
2023-11-28 17:11:06,409 | INFO : loss: 0.014988  [32064/50000]
2023-11-28 17:11:21,693 | INFO : loss: 0.000237  [38464/50000]
2023-11-28 17:11:36,994 | INFO : loss: 0.010832  [44864/50000]
2023-11-28 17:11:49,657 | DEBUG : Train loop total time: 120.27s
2023-11-28 17:11:49,658 | DEBUG : For loop time percentage with respect to total time: 61.3%
2023-11-28 17:11:49,658 | DEBUG : Forward time percentage with respect to total time: 35.9%
2023-11-28 17:11:49,658 | DEBUG : Backward time percentage with respect to total time: 2.1%
2023-11-28 17:11:49,658 | DEBUG : Backward time percentage with respect to forward time: 5.8%

2023-11-28 17:12:12,788 | INFO : Test Error: 
 Accuracy: 76.4%, Avg loss: 1.394270 

2023-11-28 17:12:12,789 | INFO : Epoch 45
-------------------------------
2023-11-28 17:12:13,027 | INFO : loss: 0.203456  [   64/50000]
2023-11-28 17:12:28,269 | INFO : loss: 0.004993  [ 6464/50000]
2023-11-28 17:12:43,402 | INFO : loss: 0.000486  [12864/50000]
2023-11-28 17:12:58,574 | INFO : loss: 0.003263  [19264/50000]
2023-11-28 17:13:13,928 | INFO : loss: 0.006859  [25664/50000]
2023-11-28 17:13:29,235 | INFO : loss: 0.003903  [32064/50000]
2023-11-28 17:13:44,751 | INFO : loss: 0.027978  [38464/50000]
2023-11-28 17:13:59,924 | INFO : loss: 0.009626  [44864/50000]
2023-11-28 17:14:12,153 | DEBUG : Train loop total time: 119.36s
2023-11-28 17:14:12,153 | DEBUG : For loop time percentage with respect to total time: 61.4%
2023-11-28 17:14:12,154 | DEBUG : Forward time percentage with respect to total time: 35.8%
2023-11-28 17:14:12,154 | DEBUG : Backward time percentage with respect to total time: 2.1%
2023-11-28 17:14:12,154 | DEBUG : Backward time percentage with respect to forward time: 5.8%

2023-11-28 17:14:34,945 | INFO : Test Error: 
 Accuracy: 76.4%, Avg loss: 1.430306 

2023-11-28 17:14:34,945 | INFO : Epoch 46
-------------------------------
2023-11-28 17:14:35,195 | INFO : loss: 0.021336  [   64/50000]
2023-11-28 17:14:50,533 | INFO : loss: 0.006457  [ 6464/50000]
2023-11-28 17:15:05,998 | INFO : loss: 0.005281  [12864/50000]
2023-11-28 17:15:21,061 | INFO : loss: 0.001647  [19264/50000]
2023-11-28 17:15:36,149 | INFO : loss: 0.026481  [25664/50000]
2023-11-28 17:15:51,335 | INFO : loss: 0.000390  [32064/50000]
2023-11-28 17:16:06,505 | INFO : loss: 0.006841  [38464/50000]
2023-11-28 17:16:21,840 | INFO : loss: 0.003550  [44864/50000]
2023-11-28 17:16:33,972 | DEBUG : Train loop total time: 119.03s
2023-11-28 17:16:33,973 | DEBUG : For loop time percentage with respect to total time: 61.2%
2023-11-28 17:16:33,973 | DEBUG : Forward time percentage with respect to total time: 36.1%
2023-11-28 17:16:33,973 | DEBUG : Backward time percentage with respect to total time: 2.0%
2023-11-28 17:16:33,973 | DEBUG : Backward time percentage with respect to forward time: 5.5%

2023-11-28 17:16:57,016 | INFO : Test Error: 
 Accuracy: 76.6%, Avg loss: 1.477437 

2023-11-28 17:16:57,017 | INFO : Epoch 47
-------------------------------
2023-11-28 17:16:57,340 | INFO : loss: 0.002021  [   64/50000]
2023-11-28 17:17:13,261 | INFO : loss: 0.021340  [ 6464/50000]
2023-11-28 17:17:28,463 | INFO : loss: 0.006694  [12864/50000]
2023-11-28 17:17:43,526 | INFO : loss: 0.016553  [19264/50000]
2023-11-28 17:17:58,972 | INFO : loss: 0.003409  [25664/50000]
2023-11-28 17:18:14,325 | INFO : loss: 0.002549  [32064/50000]
2023-11-28 17:18:29,534 | INFO : loss: 0.002668  [38464/50000]
2023-11-28 17:18:45,255 | INFO : loss: 0.023643  [44864/50000]
2023-11-28 17:18:57,567 | DEBUG : Train loop total time: 120.55s
2023-11-28 17:18:57,568 | DEBUG : For loop time percentage with respect to total time: 61.6%
2023-11-28 17:18:57,568 | DEBUG : Forward time percentage with respect to total time: 35.6%
2023-11-28 17:18:57,568 | DEBUG : Backward time percentage with respect to total time: 2.1%
2023-11-28 17:18:57,568 | DEBUG : Backward time percentage with respect to forward time: 5.8%

2023-11-28 17:19:19,998 | INFO : Test Error: 
 Accuracy: 76.0%, Avg loss: 1.477859 

2023-11-28 17:19:20,000 | INFO : Epoch 48
-------------------------------
2023-11-28 17:19:20,238 | INFO : loss: 0.010454  [   64/50000]
2023-11-28 17:19:35,420 | INFO : loss: 0.003855  [ 6464/50000]
2023-11-28 17:19:50,495 | INFO : loss: 0.045188  [12864/50000]
2023-11-28 17:20:05,733 | INFO : loss: 0.000733  [19264/50000]
2023-11-28 17:20:21,319 | INFO : loss: 0.019104  [25664/50000]
2023-11-28 17:20:36,726 | INFO : loss: 0.004962  [32064/50000]
2023-11-28 17:20:52,207 | INFO : loss: 0.001238  [38464/50000]
2023-11-28 17:21:07,343 | INFO : loss: 0.000942  [44864/50000]
2023-11-28 17:21:19,786 | DEBUG : Train loop total time: 119.79s
2023-11-28 17:21:19,814 | DEBUG : For loop time percentage with respect to total time: 61.3%
2023-11-28 17:21:19,814 | DEBUG : Forward time percentage with respect to total time: 36.0%
2023-11-28 17:21:19,814 | DEBUG : Backward time percentage with respect to total time: 2.0%
2023-11-28 17:21:19,814 | DEBUG : Backward time percentage with respect to forward time: 5.6%

2023-11-28 17:21:42,690 | INFO : Test Error: 
 Accuracy: 76.2%, Avg loss: 1.410344 

2023-11-28 17:21:42,691 | INFO : Epoch 49
-------------------------------
2023-11-28 17:21:42,934 | INFO : loss: 0.013355  [   64/50000]
2023-11-28 17:21:58,423 | INFO : loss: 0.014889  [ 6464/50000]
2023-11-28 17:22:13,549 | INFO : loss: 0.024882  [12864/50000]
2023-11-28 17:22:29,263 | INFO : loss: 0.011640  [19264/50000]
2023-11-28 17:22:44,579 | INFO : loss: 0.000405  [25664/50000]
2023-11-28 17:22:59,704 | INFO : loss: 0.001746  [32064/50000]
2023-11-28 17:23:14,866 | INFO : loss: 0.002091  [38464/50000]
2023-11-28 17:23:30,159 | INFO : loss: 0.003321  [44864/50000]
2023-11-28 17:23:42,525 | DEBUG : Train loop total time: 119.83s
2023-11-28 17:23:42,525 | DEBUG : For loop time percentage with respect to total time: 60.7%
2023-11-28 17:23:42,525 | DEBUG : Forward time percentage with respect to total time: 36.5%
2023-11-28 17:23:42,525 | DEBUG : Backward time percentage with respect to total time: 2.1%
2023-11-28 17:23:42,525 | DEBUG : Backward time percentage with respect to forward time: 5.7%

2023-11-28 17:24:05,469 | INFO : Test Error: 
 Accuracy: 76.0%, Avg loss: 1.500221 

2023-11-28 17:24:05,471 | INFO : Epoch 50
-------------------------------
2023-11-28 17:24:05,713 | INFO : loss: 0.016794  [   64/50000]
2023-11-28 17:24:21,015 | INFO : loss: 0.001844  [ 6464/50000]
2023-11-28 17:24:36,565 | INFO : loss: 0.000337  [12864/50000]
2023-11-28 17:24:52,078 | INFO : loss: 0.000455  [19264/50000]
2023-11-28 17:25:08,129 | INFO : loss: 0.001088  [25664/50000]
2023-11-28 17:25:23,400 | INFO : loss: 0.004990  [32064/50000]
2023-11-28 17:25:38,565 | INFO : loss: 0.001457  [38464/50000]
2023-11-28 17:25:53,624 | INFO : loss: 0.001213  [44864/50000]
2023-11-28 17:26:05,803 | DEBUG : Train loop total time: 120.33s
2023-11-28 17:26:05,803 | DEBUG : For loop time percentage with respect to total time: 61.5%
2023-11-28 17:26:05,803 | DEBUG : Forward time percentage with respect to total time: 35.8%
2023-11-28 17:26:05,803 | DEBUG : Backward time percentage with respect to total time: 2.0%
2023-11-28 17:26:05,803 | DEBUG : Backward time percentage with respect to forward time: 5.7%

2023-11-28 17:26:28,735 | INFO : Test Error: 
 Accuracy: 76.2%, Avg loss: 1.432608 

Done!
Total training time: 7151.870348215103
