Epoch 1
-------------------------------
loss: 2.316313  [   64/25000]
loss: 2.296745  [ 6464/25000]
loss: 2.299160  [12864/25000]
loss: 2.293778  [19264/25000]
Test Error: 
 Accuracy: 10.2%, Avg loss: 2.299792 

Epoch 2
-------------------------------
loss: 2.311759  [   64/25000]
loss: 2.295442  [ 6464/25000]
loss: 2.295088  [12864/25000]
loss: 2.293340  [19264/25000]
Test Error: 
 Accuracy: 13.0%, Avg loss: 2.297385 

Epoch 3
-------------------------------
loss: 2.308360  [   64/25000]
loss: 2.293869  [ 6464/25000]
loss: 2.291037  [12864/25000]
loss: 2.291929  [19264/25000]
Test Error: 
 Accuracy: 14.3%, Avg loss: 2.294566 

Epoch 4
-------------------------------
loss: 2.305799  [   64/25000]
loss: 2.291618  [ 6464/25000]
loss: 2.286425  [12864/25000]
loss: 2.289660  [19264/25000]
Test Error: 
 Accuracy: 13.5%, Avg loss: 2.291214 

Epoch 5
-------------------------------
loss: 2.303561  [   64/25000]
loss: 2.288865  [ 6464/25000]
loss: 2.280800  [12864/25000]
loss: 2.286607  [19264/25000]
Test Error: 
 Accuracy: 12.4%, Avg loss: 2.287026 

Epoch 6
-------------------------------
loss: 2.301127  [   64/25000]
loss: 2.285111  [ 6464/25000]
loss: 2.274351  [12864/25000]
loss: 2.282289  [19264/25000]
Test Error: 
 Accuracy: 12.1%, Avg loss: 2.281542 

Epoch 7
-------------------------------
loss: 2.297419  [   64/25000]
loss: 2.280393  [ 6464/25000]
loss: 2.265960  [12864/25000]
loss: 2.276228  [19264/25000]
Test Error: 
 Accuracy: 12.5%, Avg loss: 2.273856 

Epoch 8
-------------------------------
loss: 2.291575  [   64/25000]
loss: 2.273750  [ 6464/25000]
loss: 2.253827  [12864/25000]
loss: 2.267479  [19264/25000]
Test Error: 
 Accuracy: 13.1%, Avg loss: 2.262357 

Epoch 9
-------------------------------
loss: 2.282701  [   64/25000]
loss: 2.263859  [ 6464/25000]
loss: 2.235930  [12864/25000]
loss: 2.254242  [19264/25000]
Test Error: 
 Accuracy: 14.2%, Avg loss: 2.245025 

Epoch 10
-------------------------------
loss: 2.267710  [   64/25000]
loss: 2.248860  [ 6464/25000]
loss: 2.208178  [12864/25000]
loss: 2.232979  [19264/25000]
Test Error: 
 Accuracy: 16.7%, Avg loss: 2.218751 

Epoch 11
-------------------------------
loss: 2.243291  [   64/25000]
loss: 2.225366  [ 6464/25000]
loss: 2.167745  [12864/25000]
loss: 2.198755  [19264/25000]
Test Error: 
 Accuracy: 19.2%, Avg loss: 2.180847 

Epoch 12
-------------------------------
loss: 2.203433  [   64/25000]
loss: 2.191347  [ 6464/25000]
loss: 2.113018  [12864/25000]
loss: 2.151004  [19264/25000]
Test Error: 
 Accuracy: 22.6%, Avg loss: 2.131221 

Epoch 13
-------------------------------
loss: 2.134191  [   64/25000]
loss: 2.145967  [ 6464/25000]
loss: 2.039618  [12864/25000]
loss: 2.088705  [19264/25000]
Test Error: 
 Accuracy: 25.6%, Avg loss: 2.075132 

Epoch 14
-------------------------------
loss: 2.029485  [   64/25000]
loss: 2.095280  [ 6464/25000]
loss: 1.959900  [12864/25000]
loss: 2.031047  [19264/25000]
Test Error: 
 Accuracy: 25.6%, Avg loss: 2.039419 

Epoch 15
-------------------------------
loss: 1.940270  [   64/25000]
loss: 2.055889  [ 6464/25000]
loss: 1.897436  [12864/25000]
loss: 1.997144  [19264/25000]
Test Error: 
 Accuracy: 26.1%, Avg loss: 2.026250 

Epoch 16
-------------------------------
loss: 1.894267  [   64/25000]
loss: 2.030576  [ 6464/25000]
loss: 1.858356  [12864/25000]
loss: 1.974428  [19264/25000]
Test Error: 
 Accuracy: 27.3%, Avg loss: 2.006210 

Epoch 17
-------------------------------
loss: 1.863971  [   64/25000]
loss: 2.010425  [ 6464/25000]
loss: 1.831236  [12864/25000]
loss: 1.958772  [19264/25000]
Test Error: 
 Accuracy: 27.6%, Avg loss: 1.992414 

Epoch 18
-------------------------------
loss: 1.842077  [   64/25000]
loss: 1.993931  [ 6464/25000]
loss: 1.809406  [12864/25000]
loss: 1.941523  [19264/25000]
Test Error: 
 Accuracy: 28.4%, Avg loss: 1.982956 

Epoch 19
-------------------------------
loss: 1.825752  [   64/25000]
loss: 1.975531  [ 6464/25000]
loss: 1.787200  [12864/25000]
loss: 1.922212  [19264/25000]
Test Error: 
 Accuracy: 29.0%, Avg loss: 1.973316 

Epoch 20
-------------------------------
loss: 1.809700  [   64/25000]
loss: 1.954963  [ 6464/25000]
loss: 1.764987  [12864/25000]
loss: 1.903330  [19264/25000]
Test Error: 
 Accuracy: 29.6%, Avg loss: 1.968229 

Done!
