Files already downloaded and verified
Files already downloaded and verified
Epoch 1
-------------------------------
loss: 2.302209  [   64/50000]
loss: 2.299350  [ 6464/50000]
loss: 2.295249  [12864/50000]
loss: 2.292828  [19264/50000]
loss: 2.302192  [25664/50000]
loss: 2.294836  [32064/50000]
loss: 2.293341  [38464/50000]
loss: 2.280719  [44864/50000]
Test Error: 
 Accuracy: 13.7%, Avg loss: 2.275265 

Epoch 2
-------------------------------
loss: 2.274101  [   64/50000]
loss: 2.290308  [ 6464/50000]
loss: 2.241913  [12864/50000]
loss: 2.259685  [19264/50000]
loss: 2.192447  [25664/50000]
loss: 2.211496  [32064/50000]
loss: 2.193235  [38464/50000]
loss: 2.192086  [44864/50000]
Test Error: 
 Accuracy: 21.1%, Avg loss: 2.167581 

Epoch 3
-------------------------------
loss: 2.184243  [   64/50000]
loss: 2.193039  [ 6464/50000]
loss: 2.129040  [12864/50000]
loss: 2.158368  [19264/50000]
loss: 2.145126  [25664/50000]
loss: 2.000139  [32064/50000]
loss: 2.075119  [38464/50000]
loss: 2.118111  [44864/50000]
Test Error: 
 Accuracy: 27.7%, Avg loss: 2.026504 

Epoch 4
-------------------------------
loss: 2.044321  [   64/50000]
loss: 1.972243  [ 6464/50000]
loss: 2.083700  [12864/50000]
loss: 2.022627  [19264/50000]
loss: 2.088203  [25664/50000]
loss: 1.895908  [32064/50000]
loss: 2.047685  [38464/50000]
loss: 1.915243  [44864/50000]
Test Error: 
 Accuracy: 30.5%, Avg loss: 1.938191 

Epoch 5
-------------------------------
loss: 1.831608  [   64/50000]
loss: 1.739741  [ 6464/50000]
loss: 1.876663  [12864/50000]
loss: 2.130378  [19264/50000]
loss: 1.985204  [25664/50000]
loss: 1.755295  [32064/50000]
loss: 1.912753  [38464/50000]
loss: 1.873187  [44864/50000]
Test Error: 
 Accuracy: 32.6%, Avg loss: 1.875812 

Done!
