Epoch 1
-------------------------------
PARAMETERS THAT REQUIRE GRADIENT:
conv1.weight
conv1.bias
conv2.weight
conv2.bias
conv3.weight
conv3.bias
conv4.weight
conv4.bias
conv5.weight
conv5.bias
fc1.weight
fc1.bias
fc2.weight
fc2.bias

loss: 2.316313  [   64/25000]
loss: 2.296745  [ 6464/25000]
loss: 2.299160  [12864/25000]
loss: 2.293778  [19264/25000]
Test Error: 
 Accuracy: 10.2%, Avg loss: 2.299792 

--------- FREEZING PROCEDURE ---------
Epoch 2
-------------------------------
PARAMETERS THAT REQUIRE GRADIENT:
conv1.weight
conv1.bias
conv2.weight
conv2.bias
conv3.weight
conv3.bias
conv4.weight
conv4.bias
conv5.weight
conv5.bias
fc1.weight
fc1.bias
fc2.weight
fc2.bias

loss: 2.311759  [   64/25000]
loss: 2.295442  [ 6464/25000]
loss: 2.295088  [12864/25000]
loss: 2.293340  [19264/25000]
Test Error: 
 Accuracy: 13.0%, Avg loss: 2.297385 

--------- FREEZING PROCEDURE ---------
Epoch 3
-------------------------------
PARAMETERS THAT REQUIRE GRADIENT:
conv1.weight
conv1.bias
conv2.weight
conv2.bias
conv3.weight
conv3.bias
conv4.weight
conv4.bias
conv5.weight
conv5.bias
fc1.weight
fc1.bias
fc2.weight
fc2.bias

loss: 2.308360  [   64/25000]
loss: 2.293869  [ 6464/25000]
loss: 2.291037  [12864/25000]
loss: 2.291929  [19264/25000]
Test Error: 
 Accuracy: 14.3%, Avg loss: 2.294566 

--------- FREEZING PROCEDURE ---------
Epoch 4
-------------------------------
PARAMETERS THAT REQUIRE GRADIENT:
conv1.weight
conv1.bias
conv2.weight
conv2.bias
conv3.weight
conv3.bias
conv4.weight
conv4.bias
conv5.weight
conv5.bias
fc1.weight
fc1.bias
fc2.weight
fc2.bias

loss: 2.305799  [   64/25000]
loss: 2.291618  [ 6464/25000]
loss: 2.286425  [12864/25000]
loss: 2.289660  [19264/25000]
Test Error: 
 Accuracy: 13.5%, Avg loss: 2.291214 

--------- FREEZING PROCEDURE ---------
Epoch 5
-------------------------------
PARAMETERS THAT REQUIRE GRADIENT:
conv1.weight
conv1.bias
conv2.weight
conv2.bias
conv3.weight
conv3.bias
conv4.weight
conv4.bias
conv5.weight
conv5.bias
fc1.weight
fc1.bias
fc2.weight
fc2.bias

loss: 2.303561  [   64/25000]
loss: 2.288865  [ 6464/25000]
loss: 2.280800  [12864/25000]
loss: 2.286607  [19264/25000]
Test Error: 
 Accuracy: 12.4%, Avg loss: 2.287026 

--------- FREEZING PROCEDURE ---------
Epoch 6
-------------------------------
PARAMETERS THAT REQUIRE GRADIENT:
conv1.weight
conv1.bias
conv2.weight
conv2.bias
conv3.weight
conv3.bias
conv4.weight
conv4.bias
conv5.weight
conv5.bias
fc1.weight
fc1.bias
fc2.weight
fc2.bias

loss: 2.301127  [   64/25000]
loss: 2.285111  [ 6464/25000]
loss: 2.274351  [12864/25000]
loss: 2.282289  [19264/25000]
Test Error: 
 Accuracy: 12.1%, Avg loss: 2.281542 

--------- FREEZING PROCEDURE ---------
Epoch 7
-------------------------------
PARAMETERS THAT REQUIRE GRADIENT:
conv1.weight
conv1.bias
conv2.weight
conv2.bias
conv3.weight
conv3.bias
conv4.weight
conv4.bias
conv5.weight
conv5.bias
fc1.weight
fc1.bias
fc2.weight
fc2.bias

loss: 2.297419  [   64/25000]
loss: 2.280393  [ 6464/25000]
loss: 2.265960  [12864/25000]
loss: 2.276228  [19264/25000]
Test Error: 
 Accuracy: 12.5%, Avg loss: 2.273856 

--------- FREEZING PROCEDURE ---------
Epoch 8
-------------------------------
PARAMETERS THAT REQUIRE GRADIENT:
conv1.weight
conv1.bias
conv2.weight
conv2.bias
conv3.weight
conv3.bias
conv4.weight
conv4.bias
conv5.weight
conv5.bias
fc1.weight
fc1.bias
fc2.weight
fc2.bias

loss: 2.291575  [   64/25000]
loss: 2.273750  [ 6464/25000]
loss: 2.253827  [12864/25000]
loss: 2.267479  [19264/25000]
Test Error: 
 Accuracy: 13.1%, Avg loss: 2.262357 

--------- FREEZING PROCEDURE ---------
Epoch 9
-------------------------------
PARAMETERS THAT REQUIRE GRADIENT:
conv1.weight
conv1.bias
conv2.weight
conv2.bias
conv3.weight
conv3.bias
conv4.weight
conv4.bias
conv5.weight
conv5.bias
fc1.weight
fc1.bias
fc2.weight
fc2.bias

loss: 2.282701  [   64/25000]
loss: 2.263859  [ 6464/25000]
loss: 2.235930  [12864/25000]
loss: 2.254242  [19264/25000]
Test Error: 
 Accuracy: 14.2%, Avg loss: 2.245025 

--------- FREEZING PROCEDURE ---------
Epoch 10
-------------------------------
PARAMETERS THAT REQUIRE GRADIENT:
conv1.weight
conv1.bias
conv2.weight
conv2.bias
conv3.weight
conv3.bias
conv4.weight
conv4.bias
conv5.weight
conv5.bias
fc1.weight
fc1.bias
fc2.weight
fc2.bias

loss: 2.267710  [   64/25000]
loss: 2.248860  [ 6464/25000]
loss: 2.208178  [12864/25000]
loss: 2.232979  [19264/25000]
Test Error: 
 Accuracy: 16.7%, Avg loss: 2.218751 

--------- FREEZING PROCEDURE ---------
Epoch 11
-------------------------------
PARAMETERS THAT REQUIRE GRADIENT:
conv1.weight
conv1.bias
conv2.weight
conv2.bias
conv3.weight
conv3.bias
conv4.weight
conv4.bias
conv5.weight
conv5.bias
fc1.weight
fc1.bias
fc2.weight
fc2.bias

loss: 2.243291  [   64/25000]
loss: 2.225366  [ 6464/25000]
loss: 2.167745  [12864/25000]
loss: 2.198755  [19264/25000]
Test Error: 
 Accuracy: 19.2%, Avg loss: 2.180847 

--------- FREEZING PROCEDURE ---------
Epoch 12
-------------------------------
PARAMETERS THAT REQUIRE GRADIENT:
conv1.weight
conv1.bias
conv2.weight
conv2.bias
conv3.weight
conv3.bias
conv4.weight
conv4.bias
conv5.weight
conv5.bias
fc1.weight
fc1.bias
fc2.weight
fc2.bias

loss: 2.203433  [   64/25000]
loss: 2.191347  [ 6464/25000]
loss: 2.113018  [12864/25000]
loss: 2.151004  [19264/25000]
Test Error: 
 Accuracy: 22.6%, Avg loss: 2.131221 

--------- FREEZING PROCEDURE ---------
Epoch 13
-------------------------------
PARAMETERS THAT REQUIRE GRADIENT:
conv1.weight
conv1.bias
conv2.weight
conv2.bias
conv3.weight
conv3.bias
conv4.weight
conv4.bias
conv5.weight
conv5.bias
fc1.weight
fc1.bias
fc2.weight
fc2.bias

loss: 2.134191  [   64/25000]
loss: 2.145967  [ 6464/25000]
loss: 2.039618  [12864/25000]
loss: 2.088705  [19264/25000]
Test Error: 
 Accuracy: 25.6%, Avg loss: 2.075132 

--------- FREEZING PROCEDURE ---------
Epoch 14
-------------------------------
PARAMETERS THAT REQUIRE GRADIENT:
conv1.weight
conv1.bias
conv2.weight
conv2.bias
conv3.weight
conv3.bias
conv4.weight
conv4.bias
conv5.weight
conv5.bias
fc1.weight
fc1.bias
fc2.weight
fc2.bias

loss: 2.029485  [   64/25000]
loss: 2.095280  [ 6464/25000]
loss: 1.959900  [12864/25000]
loss: 2.031047  [19264/25000]
Test Error: 
 Accuracy: 25.6%, Avg loss: 2.039419 

--------- FREEZING PROCEDURE ---------
Epoch 15
-------------------------------
PARAMETERS THAT REQUIRE GRADIENT:
conv1.weight
conv1.bias
conv2.weight
conv2.bias
conv3.weight
conv3.bias
conv4.weight
conv4.bias
conv5.weight
conv5.bias
fc1.weight
fc1.bias
fc2.weight
fc2.bias

loss: 1.940270  [   64/25000]
loss: 2.055889  [ 6464/25000]
loss: 1.897436  [12864/25000]
loss: 1.997144  [19264/25000]
Test Error: 
 Accuracy: 26.1%, Avg loss: 2.026250 

--------- FREEZING PROCEDURE ---------
Epoch 16
-------------------------------
PARAMETERS THAT REQUIRE GRADIENT:
conv1.weight
conv1.bias
conv2.weight
conv2.bias
conv3.weight
conv3.bias
conv4.weight
conv4.bias
conv5.weight
conv5.bias
fc1.weight
fc1.bias
fc2.weight
fc2.bias

loss: 1.894267  [   64/25000]
loss: 2.030576  [ 6464/25000]
loss: 1.858356  [12864/25000]
loss: 1.974428  [19264/25000]
Test Error: 
 Accuracy: 27.3%, Avg loss: 2.006210 

--------- FREEZING PROCEDURE ---------
Epoch 17
-------------------------------
PARAMETERS THAT REQUIRE GRADIENT:
conv1.weight
conv1.bias
conv2.weight
conv2.bias
conv3.weight
conv3.bias
conv4.weight
conv4.bias
conv5.weight
conv5.bias
fc1.weight
fc1.bias
fc2.weight
fc2.bias

loss: 1.863971  [   64/25000]
loss: 2.010425  [ 6464/25000]
loss: 1.831236  [12864/25000]
loss: 1.958772  [19264/25000]
Test Error: 
 Accuracy: 27.6%, Avg loss: 1.992414 

--------- FREEZING PROCEDURE ---------
Epoch 18
-------------------------------
PARAMETERS THAT REQUIRE GRADIENT:
conv1.weight
conv1.bias
conv2.weight
conv2.bias
conv3.weight
conv3.bias
conv4.weight
conv4.bias
conv5.weight
conv5.bias
fc1.weight
fc1.bias
fc2.weight
fc2.bias

loss: 1.842077  [   64/25000]
loss: 1.993931  [ 6464/25000]
loss: 1.809406  [12864/25000]
loss: 1.941523  [19264/25000]
Test Error: 
 Accuracy: 28.4%, Avg loss: 1.982956 

--------- FREEZING PROCEDURE ---------
Epoch 19
-------------------------------
PARAMETERS THAT REQUIRE GRADIENT:
conv1.weight
conv1.bias
conv2.weight
conv2.bias
conv3.weight
conv3.bias
conv4.weight
conv4.bias
conv5.weight
conv5.bias
fc1.weight
fc1.bias
fc2.weight
fc2.bias

loss: 1.825752  [   64/25000]
loss: 1.975531  [ 6464/25000]
loss: 1.787200  [12864/25000]
loss: 1.922212  [19264/25000]
Test Error: 
 Accuracy: 29.0%, Avg loss: 1.973316 

--------- FREEZING PROCEDURE ---------
Epoch 20
-------------------------------
PARAMETERS THAT REQUIRE GRADIENT:
conv1.weight
conv1.bias
conv2.weight
conv2.bias
conv3.weight
conv3.bias
conv4.weight
conv4.bias
conv5.weight
conv5.bias
fc1.weight
fc1.bias
fc2.weight
fc2.bias

loss: 1.809700  [   64/25000]
loss: 1.954963  [ 6464/25000]
loss: 1.764987  [12864/25000]
loss: 1.903330  [19264/25000]
Test Error: 
 Accuracy: 29.6%, Avg loss: 1.968229 

--------- FREEZING PROCEDURE ---------
Epoch 21
-------------------------------
PARAMETERS THAT REQUIRE GRADIENT:
conv1.weight
conv1.bias
conv2.weight
conv2.bias
conv3.weight
conv3.bias
conv4.weight
conv4.bias
conv5.weight
conv5.bias
fc1.weight
fc1.bias
fc2.weight
fc2.bias

loss: 1.791731  [   64/25000]
loss: 1.933782  [ 6464/25000]
loss: 1.749886  [12864/25000]
loss: 1.884961  [19264/25000]
Test Error: 
 Accuracy: 29.8%, Avg loss: 1.965578 

--------- FREEZING PROCEDURE ---------
Epoch 22
-------------------------------
PARAMETERS THAT REQUIRE GRADIENT:
conv1.weight
conv1.bias
conv2.weight
conv2.bias
conv3.weight
conv3.bias
conv4.weight
conv4.bias
conv5.weight
conv5.bias
fc1.weight
fc1.bias
fc2.weight
fc2.bias

loss: 1.778971  [   64/25000]
loss: 1.910248  [ 6464/25000]
loss: 1.732876  [12864/25000]
loss: 1.871604  [19264/25000]
Test Error: 
 Accuracy: 29.6%, Avg loss: 1.976028 

--------- FREEZING PROCEDURE ---------
Epoch 23
-------------------------------
PARAMETERS THAT REQUIRE GRADIENT:
conv1.weight
conv1.bias
conv2.weight
conv2.bias
conv3.weight
conv3.bias
conv4.weight
conv4.bias
conv5.weight
conv5.bias
fc1.weight
fc1.bias
fc2.weight
fc2.bias

loss: 1.773107  [   64/25000]
loss: 1.883633  [ 6464/25000]
loss: 1.717291  [12864/25000]
loss: 1.856115  [19264/25000]
Test Error: 
 Accuracy: 29.8%, Avg loss: 1.975291 

--------- FREEZING PROCEDURE ---------
Epoch 24
-------------------------------
PARAMETERS THAT REQUIRE GRADIENT:
conv1.weight
conv1.bias
conv2.weight
conv2.bias
conv3.weight
conv3.bias
conv4.weight
conv4.bias
conv5.weight
conv5.bias
fc1.weight
fc1.bias
fc2.weight
fc2.bias

loss: 1.757497  [   64/25000]
loss: 1.853185  [ 6464/25000]
loss: 1.698496  [12864/25000]
loss: 1.836834  [19264/25000]
Test Error: 
 Accuracy: 29.9%, Avg loss: 1.984098 

--------- FREEZING PROCEDURE ---------
Epoch 25
-------------------------------
PARAMETERS THAT REQUIRE GRADIENT:
conv1.weight
conv1.bias
conv2.weight
conv2.bias
conv3.weight
conv3.bias
conv4.weight
conv4.bias
conv5.weight
conv5.bias
fc1.weight
fc1.bias
fc2.weight
fc2.bias

loss: 1.748601  [   64/25000]
loss: 1.823241  [ 6464/25000]
loss: 1.682470  [12864/25000]
loss: 1.829280  [19264/25000]
Test Error: 
 Accuracy: 30.3%, Avg loss: 1.975541 

--------- FREEZING PROCEDURE ---------
Epoch 26
-------------------------------
PARAMETERS THAT REQUIRE GRADIENT:
conv1.weight
conv1.bias
conv2.weight
conv2.bias
conv3.weight
conv3.bias
conv4.weight
conv4.bias
conv5.weight
conv5.bias
fc1.weight
fc1.bias
fc2.weight
fc2.bias

loss: 1.733584  [   64/25000]
loss: 1.792194  [ 6464/25000]
loss: 1.664664  [12864/25000]
loss: 1.808830  [19264/25000]
Test Error: 
 Accuracy: 30.2%, Avg loss: 2.000864 

--------- FREEZING PROCEDURE ---------
Epoch 27
-------------------------------
PARAMETERS THAT REQUIRE GRADIENT:
conv1.weight
conv1.bias
conv2.weight
conv2.bias
conv3.weight
conv3.bias
conv4.weight
conv4.bias
conv5.weight
conv5.bias
fc1.weight
fc1.bias
fc2.weight
fc2.bias

loss: 1.744802  [   64/25000]
loss: 1.760373  [ 6464/25000]
loss: 1.649146  [12864/25000]
loss: 1.790935  [19264/25000]
Test Error: 
 Accuracy: 30.4%, Avg loss: 1.995632 

--------- FREEZING PROCEDURE ---------
Epoch 28
-------------------------------
PARAMETERS THAT REQUIRE GRADIENT:
conv1.weight
conv1.bias
conv2.weight
conv2.bias
conv3.weight
conv3.bias
conv4.weight
conv4.bias
conv5.weight
conv5.bias
fc1.weight
fc1.bias
fc2.weight
fc2.bias

loss: 1.731731  [   64/25000]
loss: 1.730075  [ 6464/25000]
loss: 1.632727  [12864/25000]
loss: 1.776290  [19264/25000]
Test Error: 
 Accuracy: 31.9%, Avg loss: 1.948376 

--------- FREEZING PROCEDURE ---------
Epoch 29
-------------------------------
PARAMETERS THAT REQUIRE GRADIENT:
conv1.weight
conv1.bias
conv2.weight
conv2.bias
conv3.weight
conv3.bias
conv4.weight
conv4.bias
conv5.weight
conv5.bias
fc1.weight
fc1.bias
fc2.weight
fc2.bias

loss: 1.689999  [   64/25000]
loss: 1.700866  [ 6464/25000]
loss: 1.612826  [12864/25000]
loss: 1.774110  [19264/25000]
Test Error: 
 Accuracy: 32.4%, Avg loss: 1.936254 

--------- FREEZING PROCEDURE ---------
Epoch 30
-------------------------------
PARAMETERS THAT REQUIRE GRADIENT:
conv1.weight
conv1.bias
conv2.weight
conv2.bias
conv3.weight
conv3.bias
conv4.weight
conv4.bias
conv5.weight
conv5.bias
fc1.weight
fc1.bias
fc2.weight
fc2.bias

loss: 1.672791  [   64/25000]
loss: 1.674997  [ 6464/25000]
loss: 1.591187  [12864/25000]
loss: 1.732601  [19264/25000]
Test Error: 
 Accuracy: 33.3%, Avg loss: 1.910533 

--------- FREEZING PROCEDURE ---------
Epoch 31
-------------------------------
PARAMETERS THAT REQUIRE GRADIENT:
conv1.weight
conv1.bias
conv2.weight
conv2.bias
conv3.weight
conv3.bias
conv4.weight
conv4.bias
conv5.weight
conv5.bias
fc1.weight
fc1.bias
fc2.weight
fc2.bias

loss: 1.640483  [   64/25000]
loss: 1.652424  [ 6464/25000]
loss: 1.577961  [12864/25000]
loss: 1.697832  [19264/25000]
Test Error: 
 Accuracy: 34.6%, Avg loss: 1.846691 

--------- FREEZING PROCEDURE ---------
Epoch 32
-------------------------------
PARAMETERS THAT REQUIRE GRADIENT:
conv1.weight
conv1.bias
conv2.weight
conv2.bias
conv3.weight
conv3.bias
conv4.weight
conv4.bias
conv5.weight
conv5.bias
fc1.weight
fc1.bias
fc2.weight
fc2.bias

loss: 1.581087  [   64/25000]
loss: 1.629469  [ 6464/25000]
loss: 1.562209  [12864/25000]
loss: 1.636094  [19264/25000]
Test Error: 
 Accuracy: 36.1%, Avg loss: 1.798137 

--------- FREEZING PROCEDURE ---------
Epoch 33
-------------------------------
PARAMETERS THAT REQUIRE GRADIENT:
conv1.weight
conv1.bias
conv2.weight
conv2.bias
conv3.weight
conv3.bias
conv4.weight
conv4.bias
conv5.weight
conv5.bias
fc1.weight
fc1.bias
fc2.weight
fc2.bias

loss: 1.535139  [   64/25000]
loss: 1.610414  [ 6464/25000]
loss: 1.547739  [12864/25000]
loss: 1.609300  [19264/25000]
Test Error: 
 Accuracy: 36.9%, Avg loss: 1.762407 

--------- FREEZING PROCEDURE ---------
Epoch 34
-------------------------------
PARAMETERS THAT REQUIRE GRADIENT:
conv1.weight
conv1.bias
conv2.weight
conv2.bias
conv3.weight
conv3.bias
conv4.weight
conv4.bias
conv5.weight
conv5.bias
fc1.weight
fc1.bias
fc2.weight
fc2.bias

loss: 1.503157  [   64/25000]
loss: 1.595063  [ 6464/25000]
loss: 1.532454  [12864/25000]
loss: 1.567287  [19264/25000]
Test Error: 
 Accuracy: 37.7%, Avg loss: 1.727162 

--------- FREEZING PROCEDURE ---------
Epoch 35
-------------------------------
PARAMETERS THAT REQUIRE GRADIENT:
conv1.weight
conv1.bias
conv2.weight
conv2.bias
conv3.weight
conv3.bias
conv4.weight
conv4.bias
conv5.weight
conv5.bias
fc1.weight
fc1.bias
fc2.weight
fc2.bias

loss: 1.480077  [   64/25000]
loss: 1.577476  [ 6464/25000]
loss: 1.518783  [12864/25000]
loss: 1.554920  [19264/25000]
Test Error: 
 Accuracy: 38.3%, Avg loss: 1.700218 

--------- FREEZING PROCEDURE ---------
Epoch 36
-------------------------------
PARAMETERS THAT REQUIRE GRADIENT:
conv1.weight
conv1.bias
conv2.weight
conv2.bias
conv3.weight
conv3.bias
conv4.weight
conv4.bias
conv5.weight
conv5.bias
fc1.weight
fc1.bias
fc2.weight
fc2.bias

loss: 1.469120  [   64/25000]
loss: 1.573587  [ 6464/25000]
loss: 1.507936  [12864/25000]
loss: 1.533888  [19264/25000]
Test Error: 
 Accuracy: 38.8%, Avg loss: 1.689804 

--------- FREEZING PROCEDURE ---------
Epoch 37
-------------------------------
PARAMETERS THAT REQUIRE GRADIENT:
conv1.weight
conv1.bias
conv2.weight
conv2.bias
conv3.weight
conv3.bias
conv4.weight
conv4.bias
conv5.weight
conv5.bias
fc1.weight
fc1.bias
fc2.weight
fc2.bias

loss: 1.467715  [   64/25000]
loss: 1.564646  [ 6464/25000]
loss: 1.500724  [12864/25000]
loss: 1.500988  [19264/25000]
Test Error: 
 Accuracy: 38.9%, Avg loss: 1.686981 

--------- FREEZING PROCEDURE ---------
Epoch 38
-------------------------------
PARAMETERS THAT REQUIRE GRADIENT:
conv1.weight
conv1.bias
conv2.weight
conv2.bias
conv3.weight
conv3.bias
conv4.weight
conv4.bias
conv5.weight
conv5.bias
fc1.weight
fc1.bias
fc2.weight
fc2.bias

loss: 1.463049  [   64/25000]
loss: 1.560973  [ 6464/25000]
loss: 1.487655  [12864/25000]
loss: 1.484413  [19264/25000]
Test Error: 
 Accuracy: 38.9%, Avg loss: 1.683920 

--------- FREEZING PROCEDURE ---------
Epoch 39
-------------------------------
PARAMETERS THAT REQUIRE GRADIENT:
conv1.weight
conv1.bias
conv2.weight
conv2.bias
conv3.weight
conv3.bias
conv4.weight
conv4.bias
conv5.weight
conv5.bias
fc1.weight
fc1.bias
fc2.weight
fc2.bias

loss: 1.463226  [   64/25000]
loss: 1.546925  [ 6464/25000]
loss: 1.479685  [12864/25000]
loss: 1.465066  [19264/25000]
Test Error: 
 Accuracy: 39.3%, Avg loss: 1.673347 

--------- FREEZING PROCEDURE ---------
Epoch 40
-------------------------------
PARAMETERS THAT REQUIRE GRADIENT:
conv1.weight
conv1.bias
conv2.weight
conv2.bias
conv3.weight
conv3.bias
conv4.weight
conv4.bias
conv5.weight
conv5.bias
fc1.weight
fc1.bias
fc2.weight
fc2.bias

loss: 1.448086  [   64/25000]
loss: 1.536701  [ 6464/25000]
loss: 1.469967  [12864/25000]
loss: 1.446519  [19264/25000]
Test Error: 
 Accuracy: 39.7%, Avg loss: 1.663247 

--------- FREEZING PROCEDURE ---------
Epoch 41
-------------------------------
PARAMETERS THAT REQUIRE GRADIENT:
conv1.weight
conv1.bias
conv2.weight
conv2.bias
conv3.weight
conv3.bias
conv4.weight
conv4.bias
conv5.weight
conv5.bias
fc1.weight
fc1.bias
fc2.weight
fc2.bias

loss: 1.438397  [   64/25000]
loss: 1.527639  [ 6464/25000]
loss: 1.459326  [12864/25000]
loss: 1.425993  [19264/25000]
Test Error: 
 Accuracy: 39.6%, Avg loss: 1.667047 

--------- FREEZING PROCEDURE ---------
Epoch 42
-------------------------------
PARAMETERS THAT REQUIRE GRADIENT:
conv1.weight
conv1.bias
conv2.weight
conv2.bias
conv3.weight
conv3.bias
conv4.weight
conv4.bias
conv5.weight
conv5.bias
fc1.weight
fc1.bias
fc2.weight
fc2.bias

loss: 1.446965  [   64/25000]
loss: 1.520149  [ 6464/25000]
loss: 1.452362  [12864/25000]
loss: 1.411429  [19264/25000]
Test Error: 
 Accuracy: 40.3%, Avg loss: 1.647088 

--------- FREEZING PROCEDURE ---------
Epoch 43
-------------------------------
PARAMETERS THAT REQUIRE GRADIENT:
conv1.weight
conv1.bias
conv2.weight
conv2.bias
conv3.weight
conv3.bias
conv4.weight
conv4.bias
conv5.weight
conv5.bias
fc1.weight
fc1.bias
fc2.weight
fc2.bias

loss: 1.425208  [   64/25000]
loss: 1.511442  [ 6464/25000]
loss: 1.444634  [12864/25000]
loss: 1.398746  [19264/25000]
Test Error: 
 Accuracy: 41.0%, Avg loss: 1.630765 

--------- FREEZING PROCEDURE ---------
Epoch 44
-------------------------------
PARAMETERS THAT REQUIRE GRADIENT:
conv1.weight
conv1.bias
conv2.weight
conv2.bias
conv3.weight
conv3.bias
conv4.weight
conv4.bias
conv5.weight
conv5.bias
fc1.weight
fc1.bias
fc2.weight
fc2.bias

loss: 1.411318  [   64/25000]
loss: 1.505091  [ 6464/25000]
loss: 1.433898  [12864/25000]
loss: 1.385962  [19264/25000]
Test Error: 
 Accuracy: 41.4%, Avg loss: 1.623579 

--------- FREEZING PROCEDURE ---------
Epoch 45
-------------------------------
PARAMETERS THAT REQUIRE GRADIENT:
conv1.weight
conv1.bias
conv2.weight
conv2.bias
conv3.weight
conv3.bias
conv4.weight
conv4.bias
conv5.weight
conv5.bias
fc1.weight
fc1.bias
fc2.weight
fc2.bias

loss: 1.404870  [   64/25000]
loss: 1.500066  [ 6464/25000]
loss: 1.426804  [12864/25000]
loss: 1.373105  [19264/25000]
Test Error: 
 Accuracy: 41.9%, Avg loss: 1.605767 

--------- FREEZING PROCEDURE ---------
Epoch 46
-------------------------------
PARAMETERS THAT REQUIRE GRADIENT:
conv1.weight
conv1.bias
conv2.weight
conv2.bias
conv3.weight
conv3.bias
conv4.weight
conv4.bias
conv5.weight
conv5.bias
fc1.weight
fc1.bias
fc2.weight
fc2.bias

loss: 1.383008  [   64/25000]
loss: 1.490232  [ 6464/25000]
loss: 1.420288  [12864/25000]
loss: 1.362179  [19264/25000]
Test Error: 
 Accuracy: 42.3%, Avg loss: 1.601710 

--------- FREEZING PROCEDURE ---------
Epoch 47
-------------------------------
PARAMETERS THAT REQUIRE GRADIENT:
conv1.weight
conv1.bias
conv2.weight
conv2.bias
conv3.weight
conv3.bias
conv4.weight
conv4.bias
conv5.weight
conv5.bias
fc1.weight
fc1.bias
fc2.weight
fc2.bias

loss: 1.377699  [   64/25000]
loss: 1.480089  [ 6464/25000]
loss: 1.410730  [12864/25000]
loss: 1.352540  [19264/25000]
Test Error: 
 Accuracy: 42.6%, Avg loss: 1.593312 

--------- FREEZING PROCEDURE ---------
Epoch 48
-------------------------------
PARAMETERS THAT REQUIRE GRADIENT:
conv1.weight
conv1.bias
conv2.weight
conv2.bias
conv3.weight
conv3.bias
conv4.weight
conv4.bias
conv5.weight
conv5.bias
fc1.weight
fc1.bias
fc2.weight
fc2.bias

loss: 1.372636  [   64/25000]
loss: 1.475304  [ 6464/25000]
loss: 1.403926  [12864/25000]
loss: 1.340921  [19264/25000]
Test Error: 
 Accuracy: 42.9%, Avg loss: 1.582429 

--------- FREEZING PROCEDURE ---------
Epoch 49
-------------------------------
PARAMETERS THAT REQUIRE GRADIENT:
conv1.weight
conv1.bias
conv2.weight
conv2.bias
conv3.weight
conv3.bias
conv4.weight
conv4.bias
conv5.weight
conv5.bias
fc1.weight
fc1.bias
fc2.weight
fc2.bias

loss: 1.360405  [   64/25000]
loss: 1.460735  [ 6464/25000]
loss: 1.400575  [12864/25000]
loss: 1.325369  [19264/25000]
Test Error: 
 Accuracy: 43.1%, Avg loss: 1.582359 

--------- FREEZING PROCEDURE ---------
Epoch 50
-------------------------------
PARAMETERS THAT REQUIRE GRADIENT:
conv1.weight
conv1.bias
conv2.weight
conv2.bias
conv3.weight
conv3.bias
conv4.weight
conv4.bias
conv5.weight
conv5.bias
fc1.weight
fc1.bias
fc2.weight
fc2.bias

loss: 1.355427  [   64/25000]
loss: 1.453959  [ 6464/25000]
loss: 1.388819  [12864/25000]
loss: 1.315159  [19264/25000]
Test Error: 
 Accuracy: 43.5%, Avg loss: 1.571727 

--------- FREEZING PROCEDURE ---------
Epoch 51
-------------------------------
PARAMETERS THAT REQUIRE GRADIENT:
conv1.weight
conv1.bias
conv2.weight
conv2.bias
conv3.weight
conv3.bias
conv4.weight
conv4.bias
conv5.weight
conv5.bias
fc1.weight
fc1.bias
fc2.weight
fc2.bias

loss: 1.346820  [   64/25000]
loss: 1.443296  [ 6464/25000]
loss: 1.383693  [12864/25000]
loss: 1.303952  [19264/25000]
Test Error: 
 Accuracy: 43.8%, Avg loss: 1.561735 

--------- FREEZING PROCEDURE ---------
Epoch 52
-------------------------------
PARAMETERS THAT REQUIRE GRADIENT:
conv1.weight
conv1.bias
conv2.weight
conv2.bias
conv3.weight
conv3.bias
conv4.weight
conv4.bias
conv5.weight
conv5.bias
fc1.weight
fc1.bias
fc2.weight
fc2.bias

loss: 1.343976  [   64/25000]
loss: 1.436294  [ 6464/25000]
loss: 1.377868  [12864/25000]
loss: 1.294928  [19264/25000]
Test Error: 
 Accuracy: 44.1%, Avg loss: 1.560977 

--------- FREEZING PROCEDURE ---------
Epoch 53
-------------------------------
PARAMETERS THAT REQUIRE GRADIENT:
conv1.weight
conv1.bias
conv2.weight
conv2.bias
conv3.weight
conv3.bias
conv4.weight
conv4.bias
conv5.weight
conv5.bias
fc1.weight
fc1.bias
fc2.weight
fc2.bias

loss: 1.344927  [   64/25000]
loss: 1.427474  [ 6464/25000]
loss: 1.369913  [12864/25000]
loss: 1.287117  [19264/25000]
Test Error: 
 Accuracy: 44.5%, Avg loss: 1.555705 

--------- FREEZING PROCEDURE ---------
Epoch 54
-------------------------------
PARAMETERS THAT REQUIRE GRADIENT:
conv1.weight
conv1.bias
conv2.weight
conv2.bias
conv3.weight
conv3.bias
conv4.weight
conv4.bias
conv5.weight
conv5.bias
fc1.weight
fc1.bias
fc2.weight
fc2.bias

loss: 1.338124  [   64/25000]
loss: 1.419569  [ 6464/25000]
loss: 1.361848  [12864/25000]
loss: 1.276193  [19264/25000]
Test Error: 
 Accuracy: 45.0%, Avg loss: 1.542492 

--------- FREEZING PROCEDURE ---------
Epoch 55
-------------------------------
PARAMETERS THAT REQUIRE GRADIENT:
conv1.weight
conv1.bias
conv2.weight
conv2.bias
conv3.weight
conv3.bias
conv4.weight
conv4.bias
conv5.weight
conv5.bias
fc1.weight
fc1.bias
fc2.weight
fc2.bias

loss: 1.327865  [   64/25000]
loss: 1.408835  [ 6464/25000]
loss: 1.353214  [12864/25000]
loss: 1.270386  [19264/25000]
Test Error: 
 Accuracy: 45.1%, Avg loss: 1.532286 

--------- FREEZING PROCEDURE ---------
Epoch 56
-------------------------------
PARAMETERS THAT REQUIRE GRADIENT:
conv1.weight
conv1.bias
conv2.weight
conv2.bias
conv3.weight
conv3.bias
conv4.weight
conv4.bias
conv5.weight
conv5.bias
fc1.weight
fc1.bias
fc2.weight
fc2.bias

loss: 1.318539  [   64/25000]
loss: 1.394964  [ 6464/25000]
loss: 1.341583  [12864/25000]
loss: 1.262094  [19264/25000]
Test Error: 
 Accuracy: 45.5%, Avg loss: 1.519950 

--------- FREEZING PROCEDURE ---------
Epoch 57
-------------------------------
PARAMETERS THAT REQUIRE GRADIENT:
conv1.weight
conv1.bias
conv2.weight
conv2.bias
conv3.weight
conv3.bias
conv4.weight
conv4.bias
conv5.weight
conv5.bias
fc1.weight
fc1.bias
fc2.weight
fc2.bias

loss: 1.302687  [   64/25000]
loss: 1.384346  [ 6464/25000]
loss: 1.335751  [12864/25000]
loss: 1.253981  [19264/25000]
Test Error: 
 Accuracy: 45.6%, Avg loss: 1.514242 

--------- FREEZING PROCEDURE ---------
Epoch 58
-------------------------------
PARAMETERS THAT REQUIRE GRADIENT:
conv1.weight
conv1.bias
conv2.weight
conv2.bias
conv3.weight
conv3.bias
conv4.weight
conv4.bias
conv5.weight
conv5.bias
fc1.weight
fc1.bias
fc2.weight
fc2.bias

loss: 1.298532  [   64/25000]
loss: 1.375074  [ 6464/25000]
loss: 1.328001  [12864/25000]
loss: 1.247337  [19264/25000]
Test Error: 
 Accuracy: 45.6%, Avg loss: 1.514052 

--------- FREEZING PROCEDURE ---------
Epoch 59
-------------------------------
PARAMETERS THAT REQUIRE GRADIENT:
conv1.weight
conv1.bias
conv2.weight
conv2.bias
conv3.weight
conv3.bias
conv4.weight
conv4.bias
conv5.weight
conv5.bias
fc1.weight
fc1.bias
fc2.weight
fc2.bias

loss: 1.298332  [   64/25000]
loss: 1.367032  [ 6464/25000]
loss: 1.323466  [12864/25000]
loss: 1.240959  [19264/25000]
Test Error: 
 Accuracy: 45.8%, Avg loss: 1.509383 

--------- FREEZING PROCEDURE ---------
Epoch 60
-------------------------------
PARAMETERS THAT REQUIRE GRADIENT:
conv1.weight
conv1.bias
conv2.weight
conv2.bias
conv3.weight
conv3.bias
conv4.weight
conv4.bias
conv5.weight
conv5.bias
fc1.weight
fc1.bias
fc2.weight
fc2.bias

loss: 1.295946  [   64/25000]
loss: 1.357854  [ 6464/25000]
loss: 1.315303  [12864/25000]
loss: 1.235900  [19264/25000]
Test Error: 
 Accuracy: 46.1%, Avg loss: 1.495715 

--------- FREEZING PROCEDURE ---------
Epoch 61
-------------------------------
PARAMETERS THAT REQUIRE GRADIENT:
conv1.weight
conv1.bias
conv2.weight
conv2.bias
conv3.weight
conv3.bias
conv4.weight
conv4.bias
conv5.weight
conv5.bias
fc1.weight
fc1.bias
fc2.weight
fc2.bias

loss: 1.280743  [   64/25000]
loss: 1.345979  [ 6464/25000]
loss: 1.309039  [12864/25000]
loss: 1.230925  [19264/25000]
Test Error: 
 Accuracy: 46.2%, Avg loss: 1.497303 

--------- FREEZING PROCEDURE ---------
Epoch 62
-------------------------------
PARAMETERS THAT REQUIRE GRADIENT:
conv1.weight
conv1.bias
conv2.weight
conv2.bias
conv3.weight
conv3.bias
conv4.weight
conv4.bias
conv5.weight
conv5.bias
fc1.weight
fc1.bias
fc2.weight
fc2.bias

loss: 1.282032  [   64/25000]
loss: 1.339673  [ 6464/25000]
loss: 1.301405  [12864/25000]
loss: 1.228738  [19264/25000]
Test Error: 
 Accuracy: 46.1%, Avg loss: 1.494401 

--------- FREEZING PROCEDURE ---------
Epoch 63
-------------------------------
PARAMETERS THAT REQUIRE GRADIENT:
conv1.weight
conv1.bias
conv2.weight
conv2.bias
conv3.weight
conv3.bias
conv4.weight
conv4.bias
conv5.weight
conv5.bias
fc1.weight
fc1.bias
fc2.weight
fc2.bias

loss: 1.279511  [   64/25000]
loss: 1.330027  [ 6464/25000]
loss: 1.296024  [12864/25000]
loss: 1.226662  [19264/25000]
Test Error: 
 Accuracy: 46.3%, Avg loss: 1.485811 

--------- FREEZING PROCEDURE ---------
Epoch 64
-------------------------------
PARAMETERS THAT REQUIRE GRADIENT:
conv1.weight
conv1.bias
conv2.weight
conv2.bias
conv3.weight
conv3.bias
conv4.weight
conv4.bias
conv5.weight
conv5.bias
fc1.weight
fc1.bias
fc2.weight
fc2.bias

loss: 1.268802  [   64/25000]
loss: 1.319256  [ 6464/25000]
loss: 1.284986  [12864/25000]
loss: 1.220208  [19264/25000]
Test Error: 
 Accuracy: 46.8%, Avg loss: 1.476859 

--------- FREEZING PROCEDURE ---------
Epoch 65
-------------------------------
PARAMETERS THAT REQUIRE GRADIENT:
conv1.weight
conv1.bias
conv2.weight
conv2.bias
conv3.weight
conv3.bias
conv4.weight
conv4.bias
conv5.weight
conv5.bias
fc1.weight
fc1.bias
fc2.weight
fc2.bias

loss: 1.259699  [   64/25000]
loss: 1.307075  [ 6464/25000]
loss: 1.276309  [12864/25000]
loss: 1.218734  [19264/25000]
Test Error: 
 Accuracy: 46.8%, Avg loss: 1.473278 

--------- FREEZING PROCEDURE ---------
Epoch 66
-------------------------------
PARAMETERS THAT REQUIRE GRADIENT:
conv1.weight
conv1.bias
conv2.weight
conv2.bias
conv3.weight
conv3.bias
conv4.weight
conv4.bias
conv5.weight
conv5.bias
fc1.weight
fc1.bias
fc2.weight
fc2.bias

loss: 1.261920  [   64/25000]
loss: 1.298332  [ 6464/25000]
loss: 1.268330  [12864/25000]
loss: 1.212765  [19264/25000]
Test Error: 
 Accuracy: 47.0%, Avg loss: 1.468038 

--------- FREEZING PROCEDURE ---------
Epoch 67
-------------------------------
PARAMETERS THAT REQUIRE GRADIENT:
conv1.weight
conv1.bias
conv2.weight
conv2.bias
conv3.weight
conv3.bias
conv4.weight
conv4.bias
conv5.weight
conv5.bias
fc1.weight
fc1.bias
fc2.weight
fc2.bias

loss: 1.254588  [   64/25000]
loss: 1.292805  [ 6464/25000]
loss: 1.262909  [12864/25000]
loss: 1.211765  [19264/25000]
Test Error: 
 Accuracy: 47.4%, Avg loss: 1.458772 

--------- FREEZING PROCEDURE ---------
Epoch 68
-------------------------------
PARAMETERS THAT REQUIRE GRADIENT:
conv1.weight
conv1.bias
conv2.weight
conv2.bias
conv3.weight
conv3.bias
conv4.weight
conv4.bias
conv5.weight
conv5.bias
fc1.weight
fc1.bias
fc2.weight
fc2.bias

loss: 1.247983  [   64/25000]
loss: 1.287246  [ 6464/25000]
loss: 1.257323  [12864/25000]
loss: 1.212387  [19264/25000]
Test Error: 
 Accuracy: 47.4%, Avg loss: 1.454027 

--------- FREEZING PROCEDURE ---------
Epoch 69
-------------------------------
PARAMETERS THAT REQUIRE GRADIENT:
conv1.weight
conv1.bias
conv2.weight
conv2.bias
conv3.weight
conv3.bias
conv4.weight
conv4.bias
conv5.weight
conv5.bias
fc1.weight
fc1.bias
fc2.weight
fc2.bias

loss: 1.242222  [   64/25000]
loss: 1.276158  [ 6464/25000]
loss: 1.245689  [12864/25000]
loss: 1.208255  [19264/25000]
Test Error: 
 Accuracy: 47.9%, Avg loss: 1.446485 

--------- FREEZING PROCEDURE ---------
Epoch 70
-------------------------------
PARAMETERS THAT REQUIRE GRADIENT:
conv1.weight
conv1.bias
conv2.weight
conv2.bias
conv3.weight
conv3.bias
conv4.weight
conv4.bias
conv5.weight
conv5.bias
fc1.weight
fc1.bias
fc2.weight
fc2.bias

loss: 1.239977  [   64/25000]
loss: 1.266908  [ 6464/25000]
loss: 1.239610  [12864/25000]
loss: 1.206804  [19264/25000]
Test Error: 
 Accuracy: 47.9%, Avg loss: 1.444542 

--------- FREEZING PROCEDURE ---------
Epoch 71
-------------------------------
PARAMETERS THAT REQUIRE GRADIENT:
conv1.weight
conv1.bias
conv2.weight
conv2.bias
conv3.weight
conv3.bias
conv4.weight
conv4.bias
conv5.weight
conv5.bias
fc1.weight
fc1.bias
fc2.weight
fc2.bias

loss: 1.233980  [   64/25000]
loss: 1.258019  [ 6464/25000]
loss: 1.231802  [12864/25000]
loss: 1.197988  [19264/25000]
Test Error: 
 Accuracy: 48.2%, Avg loss: 1.441890 

--------- FREEZING PROCEDURE ---------
Epoch 72
-------------------------------
PARAMETERS THAT REQUIRE GRADIENT:
conv1.weight
conv1.bias
conv2.weight
conv2.bias
conv3.weight
conv3.bias
conv4.weight
conv4.bias
conv5.weight
conv5.bias
fc1.weight
fc1.bias
fc2.weight
fc2.bias

loss: 1.234162  [   64/25000]
loss: 1.254690  [ 6464/25000]
loss: 1.224173  [12864/25000]
loss: 1.196817  [19264/25000]
Test Error: 
 Accuracy: 48.6%, Avg loss: 1.433666 

--------- FREEZING PROCEDURE ---------
Epoch 73
-------------------------------
PARAMETERS THAT REQUIRE GRADIENT:
conv1.weight
conv1.bias
conv2.weight
conv2.bias
conv3.weight
conv3.bias
conv4.weight
conv4.bias
conv5.weight
conv5.bias
fc1.weight
fc1.bias
fc2.weight
fc2.bias

loss: 1.225525  [   64/25000]
loss: 1.245474  [ 6464/25000]
loss: 1.219090  [12864/25000]
loss: 1.188566  [19264/25000]
Test Error: 
 Accuracy: 48.8%, Avg loss: 1.425878 

--------- FREEZING PROCEDURE ---------
Epoch 74
-------------------------------
PARAMETERS THAT REQUIRE GRADIENT:
conv1.weight
conv1.bias
conv2.weight
conv2.bias
conv3.weight
conv3.bias
conv4.weight
conv4.bias
conv5.weight
conv5.bias
fc1.weight
fc1.bias
fc2.weight
fc2.bias

loss: 1.218414  [   64/25000]
loss: 1.235701  [ 6464/25000]
loss: 1.210058  [12864/25000]
loss: 1.179812  [19264/25000]
Test Error: 
 Accuracy: 49.0%, Avg loss: 1.419569 

--------- FREEZING PROCEDURE ---------
Epoch 75
-------------------------------
PARAMETERS THAT REQUIRE GRADIENT:
conv1.weight
conv1.bias
conv2.weight
conv2.bias
conv3.weight
conv3.bias
conv4.weight
conv4.bias
conv5.weight
conv5.bias
fc1.weight
fc1.bias
fc2.weight
fc2.bias

loss: 1.211368  [   64/25000]
loss: 1.234932  [ 6464/25000]
loss: 1.203057  [12864/25000]
loss: 1.171232  [19264/25000]
Test Error: 
 Accuracy: 48.9%, Avg loss: 1.413966 

--------- FREEZING PROCEDURE ---------
Epoch 76
-------------------------------
PARAMETERS THAT REQUIRE GRADIENT:
conv1.weight
conv1.bias
conv2.weight
conv2.bias
conv3.weight
conv3.bias
conv4.weight
conv4.bias
conv5.weight
conv5.bias
fc1.weight
fc1.bias
fc2.weight
fc2.bias

loss: 1.203976  [   64/25000]
loss: 1.226876  [ 6464/25000]
loss: 1.195710  [12864/25000]
loss: 1.162715  [19264/25000]
Test Error: 
 Accuracy: 49.2%, Avg loss: 1.410997 

--------- FREEZING PROCEDURE ---------
Epoch 77
-------------------------------
PARAMETERS THAT REQUIRE GRADIENT:
conv1.weight
conv1.bias
conv2.weight
conv2.bias
conv3.weight
conv3.bias
conv4.weight
conv4.bias
conv5.weight
conv5.bias
fc1.weight
fc1.bias
fc2.weight
fc2.bias

loss: 1.201021  [   64/25000]
loss: 1.216383  [ 6464/25000]
loss: 1.188043  [12864/25000]
loss: 1.157305  [19264/25000]
Test Error: 
 Accuracy: 49.4%, Avg loss: 1.405569 

--------- FREEZING PROCEDURE ---------
Epoch 78
-------------------------------
PARAMETERS THAT REQUIRE GRADIENT:
conv1.weight
conv1.bias
conv2.weight
conv2.bias
conv3.weight
conv3.bias
conv4.weight
conv4.bias
conv5.weight
conv5.bias
fc1.weight
fc1.bias
fc2.weight
fc2.bias

loss: 1.196142  [   64/25000]
loss: 1.208979  [ 6464/25000]
loss: 1.181699  [12864/25000]
loss: 1.150945  [19264/25000]
Test Error: 
 Accuracy: 49.3%, Avg loss: 1.402027 

--------- FREEZING PROCEDURE ---------
Epoch 79
-------------------------------
PARAMETERS THAT REQUIRE GRADIENT:
conv1.weight
conv1.bias
conv2.weight
conv2.bias
conv3.weight
conv3.bias
conv4.weight
conv4.bias
conv5.weight
conv5.bias
fc1.weight
fc1.bias
fc2.weight
fc2.bias

loss: 1.194223  [   64/25000]
loss: 1.205726  [ 6464/25000]
loss: 1.174322  [12864/25000]
loss: 1.147896  [19264/25000]
Test Error: 
 Accuracy: 49.7%, Avg loss: 1.394491 

--------- FREEZING PROCEDURE ---------
Epoch 80
-------------------------------
PARAMETERS THAT REQUIRE GRADIENT:
conv1.weight
conv1.bias
conv2.weight
conv2.bias
conv3.weight
conv3.bias
conv4.weight
conv4.bias
conv5.weight
conv5.bias
fc1.weight
fc1.bias
fc2.weight
fc2.bias

loss: 1.184922  [   64/25000]
loss: 1.194394  [ 6464/25000]
loss: 1.166830  [12864/25000]
loss: 1.143827  [19264/25000]
Test Error: 
 Accuracy: 49.9%, Avg loss: 1.389714 

--------- FREEZING PROCEDURE ---------
Epoch 81
-------------------------------
PARAMETERS THAT REQUIRE GRADIENT:
conv1.weight
conv1.bias
conv2.weight
conv2.bias
conv3.weight
conv3.bias
conv4.weight
conv4.bias
conv5.weight
conv5.bias
fc1.weight
fc1.bias
fc2.weight
fc2.bias

loss: 1.177135  [   64/25000]
loss: 1.189919  [ 6464/25000]
loss: 1.163192  [12864/25000]
loss: 1.143037  [19264/25000]
Test Error: 
 Accuracy: 50.0%, Avg loss: 1.386011 

--------- FREEZING PROCEDURE ---------
Epoch 82
-------------------------------
PARAMETERS THAT REQUIRE GRADIENT:
conv1.weight
conv1.bias
conv2.weight
conv2.bias
conv3.weight
conv3.bias
conv4.weight
conv4.bias
conv5.weight
conv5.bias
fc1.weight
fc1.bias
fc2.weight
fc2.bias

loss: 1.174654  [   64/25000]
loss: 1.181686  [ 6464/25000]
loss: 1.157013  [12864/25000]
loss: 1.133982  [19264/25000]
Test Error: 
 Accuracy: 50.2%, Avg loss: 1.380766 

--------- FREEZING PROCEDURE ---------
Epoch 83
-------------------------------
PARAMETERS THAT REQUIRE GRADIENT:
conv1.weight
conv1.bias
conv2.weight
conv2.bias
conv3.weight
conv3.bias
conv4.weight
conv4.bias
conv5.weight
conv5.bias
fc1.weight
fc1.bias
fc2.weight
fc2.bias

loss: 1.166521  [   64/25000]
loss: 1.176540  [ 6464/25000]
loss: 1.150441  [12864/25000]
loss: 1.136250  [19264/25000]
Test Error: 
 Accuracy: 50.2%, Avg loss: 1.375924 

--------- FREEZING PROCEDURE ---------
Epoch 84
-------------------------------
PARAMETERS THAT REQUIRE GRADIENT:
conv1.weight
conv1.bias
conv2.weight
conv2.bias
conv3.weight
conv3.bias
conv4.weight
conv4.bias
conv5.weight
conv5.bias
fc1.weight
fc1.bias
fc2.weight
fc2.bias

loss: 1.162863  [   64/25000]
loss: 1.171813  [ 6464/25000]
loss: 1.139350  [12864/25000]
loss: 1.132446  [19264/25000]
Test Error: 
 Accuracy: 50.6%, Avg loss: 1.370299 

--------- FREEZING PROCEDURE ---------
Epoch 85
-------------------------------
PARAMETERS THAT REQUIRE GRADIENT:
conv1.weight
conv1.bias
conv2.weight
conv2.bias
conv3.weight
conv3.bias
conv4.weight
conv4.bias
conv5.weight
conv5.bias
fc1.weight
fc1.bias
fc2.weight
fc2.bias

loss: 1.159844  [   64/25000]
loss: 1.169235  [ 6464/25000]
loss: 1.132801  [12864/25000]
loss: 1.124259  [19264/25000]
Test Error: 
 Accuracy: 50.7%, Avg loss: 1.365391 

--------- FREEZING PROCEDURE ---------
Epoch 86
-------------------------------
PARAMETERS THAT REQUIRE GRADIENT:
conv1.weight
conv1.bias
conv2.weight
conv2.bias
conv3.weight
conv3.bias
conv4.weight
conv4.bias
conv5.weight
conv5.bias
fc1.weight
fc1.bias
fc2.weight
fc2.bias

loss: 1.154899  [   64/25000]
loss: 1.166485  [ 6464/25000]
loss: 1.123853  [12864/25000]
loss: 1.114599  [19264/25000]
Test Error: 
 Accuracy: 51.0%, Avg loss: 1.359943 

--------- FREEZING PROCEDURE ---------
Epoch 87
-------------------------------
PARAMETERS THAT REQUIRE GRADIENT:
conv1.weight
conv1.bias
conv2.weight
conv2.bias
conv3.weight
conv3.bias
conv4.weight
conv4.bias
conv5.weight
conv5.bias
fc1.weight
fc1.bias
fc2.weight
fc2.bias

loss: 1.152087  [   64/25000]
loss: 1.162145  [ 6464/25000]
loss: 1.117703  [12864/25000]
loss: 1.114611  [19264/25000]
Test Error: 
 Accuracy: 51.1%, Avg loss: 1.355579 

--------- FREEZING PROCEDURE ---------
Epoch 88
-------------------------------
PARAMETERS THAT REQUIRE GRADIENT:
conv1.weight
conv1.bias
conv2.weight
conv2.bias
conv3.weight
conv3.bias
conv4.weight
conv4.bias
conv5.weight
conv5.bias
fc1.weight
fc1.bias
fc2.weight
fc2.bias

loss: 1.148953  [   64/25000]
loss: 1.158166  [ 6464/25000]
loss: 1.110097  [12864/25000]
loss: 1.107410  [19264/25000]
Test Error: 
 Accuracy: 51.4%, Avg loss: 1.348936 

--------- FREEZING PROCEDURE ---------
Epoch 89
-------------------------------
PARAMETERS THAT REQUIRE GRADIENT:
conv1.weight
conv1.bias
conv2.weight
conv2.bias
conv3.weight
conv3.bias
conv4.weight
conv4.bias
conv5.weight
conv5.bias
fc1.weight
fc1.bias
fc2.weight
fc2.bias

loss: 1.141281  [   64/25000]
loss: 1.154615  [ 6464/25000]
loss: 1.100840  [12864/25000]
loss: 1.104876  [19264/25000]
Test Error: 
 Accuracy: 51.6%, Avg loss: 1.344714 

--------- FREEZING PROCEDURE ---------
Epoch 90
-------------------------------
PARAMETERS THAT REQUIRE GRADIENT:
conv1.weight
conv1.bias
conv2.weight
conv2.bias
conv3.weight
conv3.bias
conv4.weight
conv4.bias
conv5.weight
conv5.bias
fc1.weight
fc1.bias
fc2.weight
fc2.bias

loss: 1.138971  [   64/25000]
loss: 1.149550  [ 6464/25000]
loss: 1.095677  [12864/25000]
loss: 1.098676  [19264/25000]
Test Error: 
 Accuracy: 51.7%, Avg loss: 1.341596 

--------- FREEZING PROCEDURE ---------
Epoch 91
-------------------------------
PARAMETERS THAT REQUIRE GRADIENT:
conv1.weight
conv1.bias
conv2.weight
conv2.bias
conv3.weight
conv3.bias
conv4.weight
conv4.bias
conv5.weight
conv5.bias
fc1.weight
fc1.bias
fc2.weight
fc2.bias

loss: 1.138150  [   64/25000]
loss: 1.143330  [ 6464/25000]
loss: 1.087261  [12864/25000]
loss: 1.091749  [19264/25000]
Test Error: 
 Accuracy: 51.9%, Avg loss: 1.337407 

--------- FREEZING PROCEDURE ---------
Epoch 92
-------------------------------
PARAMETERS THAT REQUIRE GRADIENT:
conv1.weight
conv1.bias
conv2.weight
conv2.bias
conv3.weight
conv3.bias
conv4.weight
conv4.bias
conv5.weight
conv5.bias
fc1.weight
fc1.bias
fc2.weight
fc2.bias

loss: 1.133582  [   64/25000]
loss: 1.143158  [ 6464/25000]
loss: 1.084060  [12864/25000]
loss: 1.087246  [19264/25000]
Test Error: 
 Accuracy: 52.0%, Avg loss: 1.331660 

--------- FREEZING PROCEDURE ---------
Epoch 93
-------------------------------
PARAMETERS THAT REQUIRE GRADIENT:
conv1.weight
conv1.bias
conv2.weight
conv2.bias
conv3.weight
conv3.bias
conv4.weight
conv4.bias
conv5.weight
conv5.bias
fc1.weight
fc1.bias
fc2.weight
fc2.bias

loss: 1.127565  [   64/25000]
loss: 1.137905  [ 6464/25000]
loss: 1.077305  [12864/25000]
loss: 1.079859  [19264/25000]
Test Error: 
 Accuracy: 52.3%, Avg loss: 1.327287 

--------- FREEZING PROCEDURE ---------
Epoch 94
-------------------------------
PARAMETERS THAT REQUIRE GRADIENT:
conv1.weight
conv1.bias
conv2.weight
conv2.bias
conv3.weight
conv3.bias
conv4.weight
conv4.bias
conv5.weight
conv5.bias
fc1.weight
fc1.bias
fc2.weight
fc2.bias

loss: 1.123077  [   64/25000]
loss: 1.140872  [ 6464/25000]
loss: 1.073979  [12864/25000]
loss: 1.076526  [19264/25000]
Test Error: 
 Accuracy: 52.4%, Avg loss: 1.323579 

--------- FREEZING PROCEDURE ---------
Epoch 95
-------------------------------
PARAMETERS THAT REQUIRE GRADIENT:
conv1.weight
conv1.bias
conv2.weight
conv2.bias
conv3.weight
conv3.bias
conv4.weight
conv4.bias
conv5.weight
conv5.bias
fc1.weight
fc1.bias
fc2.weight
fc2.bias

loss: 1.116882  [   64/25000]
loss: 1.132535  [ 6464/25000]
loss: 1.065454  [12864/25000]
loss: 1.072493  [19264/25000]
Test Error: 
 Accuracy: 52.7%, Avg loss: 1.318902 

--------- FREEZING PROCEDURE ---------
Epoch 96
-------------------------------
PARAMETERS THAT REQUIRE GRADIENT:
conv1.weight
conv1.bias
conv2.weight
conv2.bias
conv3.weight
conv3.bias
conv4.weight
conv4.bias
conv5.weight
conv5.bias
fc1.weight
fc1.bias
fc2.weight
fc2.bias

loss: 1.107888  [   64/25000]
loss: 1.123965  [ 6464/25000]
loss: 1.060369  [12864/25000]
loss: 1.063710  [19264/25000]
Test Error: 
 Accuracy: 52.9%, Avg loss: 1.315152 

--------- FREEZING PROCEDURE ---------
Epoch 97
-------------------------------
PARAMETERS THAT REQUIRE GRADIENT:
conv1.weight
conv1.bias
conv2.weight
conv2.bias
conv3.weight
conv3.bias
conv4.weight
conv4.bias
conv5.weight
conv5.bias
fc1.weight
fc1.bias
fc2.weight
fc2.bias

loss: 1.102344  [   64/25000]
loss: 1.126675  [ 6464/25000]
loss: 1.055616  [12864/25000]
loss: 1.056982  [19264/25000]
Test Error: 
 Accuracy: 52.9%, Avg loss: 1.313122 

--------- FREEZING PROCEDURE ---------
Epoch 98
-------------------------------
PARAMETERS THAT REQUIRE GRADIENT:
conv1.weight
conv1.bias
conv2.weight
conv2.bias
conv3.weight
conv3.bias
conv4.weight
conv4.bias
conv5.weight
conv5.bias
fc1.weight
fc1.bias
fc2.weight
fc2.bias

loss: 1.101627  [   64/25000]
loss: 1.118395  [ 6464/25000]
loss: 1.049507  [12864/25000]
loss: 1.053775  [19264/25000]
Test Error: 
 Accuracy: 53.1%, Avg loss: 1.309900 

--------- FREEZING PROCEDURE ---------
Epoch 99
-------------------------------
PARAMETERS THAT REQUIRE GRADIENT:
conv1.weight
conv1.bias
conv2.weight
conv2.bias
conv3.weight
conv3.bias
conv4.weight
conv4.bias
conv5.weight
conv5.bias
fc1.weight
fc1.bias
fc2.weight
fc2.bias

loss: 1.094946  [   64/25000]
loss: 1.113947  [ 6464/25000]
loss: 1.042114  [12864/25000]
loss: 1.047281  [19264/25000]
Test Error: 
 Accuracy: 53.4%, Avg loss: 1.306965 

--------- FREEZING PROCEDURE ---------
Epoch 100
-------------------------------
PARAMETERS THAT REQUIRE GRADIENT:
conv1.weight
conv1.bias
conv2.weight
conv2.bias
conv3.weight
conv3.bias
conv4.weight
conv4.bias
conv5.weight
conv5.bias
fc1.weight
fc1.bias
fc2.weight
fc2.bias

loss: 1.087959  [   64/25000]
loss: 1.107813  [ 6464/25000]
loss: 1.040140  [12864/25000]
loss: 1.044219  [19264/25000]
Test Error: 
 Accuracy: 53.4%, Avg loss: 1.304751 

--------- FREEZING PROCEDURE ---------
Done!
