Files already downloaded and verified
Files already downloaded and verified
Epoch 1
-------------------------------
loss: 2.299479  [   64/50000]
loss: 2.299290  [ 6464/50000]
loss: 2.210362  [12864/50000]
loss: 2.056109  [19264/50000]
loss: 1.862368  [25664/50000]
loss: 1.791356  [32064/50000]
loss: 1.741969  [38464/50000]
loss: 1.664186  [44864/50000]
Test Error: 
 Accuracy: 40.2%, Avg loss: 1.668639 

Epoch 2
-------------------------------
loss: 1.618820  [   64/50000]
loss: 1.512233  [ 6464/50000]
loss: 1.455432  [12864/50000]
loss: 1.585179  [19264/50000]
loss: 1.237882  [25664/50000]
loss: 1.660935  [32064/50000]
loss: 1.501349  [38464/50000]
loss: 1.464785  [44864/50000]
Test Error: 
 Accuracy: 49.0%, Avg loss: 1.419557 

Epoch 3
-------------------------------
loss: 1.482276  [   64/50000]
loss: 1.257041  [ 6464/50000]
loss: 1.268114  [12864/50000]
loss: 1.388587  [19264/50000]
loss: 1.120407  [25664/50000]
loss: 1.258581  [32064/50000]
loss: 1.335640  [38464/50000]
loss: 1.260509  [44864/50000]
Test Error: 
 Accuracy: 54.6%, Avg loss: 1.254745 

Epoch 4
-------------------------------
loss: 1.034390  [   64/50000]
loss: 1.220200  [ 6464/50000]
loss: 1.321309  [12864/50000]
loss: 0.936618  [19264/50000]
loss: 1.503939  [25664/50000]
loss: 1.372628  [32064/50000]
loss: 1.161795  [38464/50000]
loss: 1.081575  [44864/50000]
Test Error: 
 Accuracy: 57.5%, Avg loss: 1.187019 

Epoch 5
-------------------------------
loss: 1.075496  [   64/50000]
loss: 1.065179  [ 6464/50000]
loss: 1.026727  [12864/50000]
loss: 1.192375  [19264/50000]
loss: 1.132627  [25664/50000]
loss: 0.860523  [32064/50000]
loss: 0.938510  [38464/50000]
loss: 0.859504  [44864/50000]
Test Error: 
 Accuracy: 61.1%, Avg loss: 1.093954 

Epoch 6
-------------------------------
loss: 1.034037  [   64/50000]
loss: 1.285437  [ 6464/50000]
loss: 0.698661  [12864/50000]
loss: 1.066075  [19264/50000]
loss: 0.759184  [25664/50000]
loss: 0.840728  [32064/50000]
loss: 0.967402  [38464/50000]
loss: 0.803135  [44864/50000]
Test Error: 
 Accuracy: 64.7%, Avg loss: 0.999760 

Epoch 7
-------------------------------
loss: 1.102313  [   64/50000]
loss: 0.802279  [ 6464/50000]
loss: 0.841222  [12864/50000]
loss: 0.860963  [19264/50000]
loss: 1.101600  [25664/50000]
loss: 0.833536  [32064/50000]
loss: 0.883132  [38464/50000]
loss: 0.901197  [44864/50000]
Test Error: 
 Accuracy: 65.4%, Avg loss: 0.965486 

Epoch 8
-------------------------------
loss: 0.845208  [   64/50000]
loss: 0.730299  [ 6464/50000]
loss: 0.655149  [12864/50000]
loss: 0.584424  [19264/50000]
loss: 1.140915  [25664/50000]
loss: 0.712400  [32064/50000]
loss: 0.661856  [38464/50000]
loss: 0.547851  [44864/50000]
Test Error: 
 Accuracy: 69.1%, Avg loss: 0.891455 

Epoch 9
-------------------------------
loss: 0.564029  [   64/50000]
loss: 0.721905  [ 6464/50000]
loss: 0.536608  [12864/50000]
loss: 0.488402  [19264/50000]
loss: 0.813405  [25664/50000]
loss: 0.607782  [32064/50000]
loss: 0.568596  [38464/50000]
loss: 0.536365  [44864/50000]
Test Error: 
 Accuracy: 68.9%, Avg loss: 0.927906 

Epoch 10
-------------------------------
loss: 0.368136  [   64/50000]
loss: 0.568127  [ 6464/50000]
loss: 0.689562  [12864/50000]
loss: 0.579818  [19264/50000]
loss: 0.622968  [25664/50000]
loss: 0.525822  [32064/50000]
loss: 0.485647  [38464/50000]
loss: 0.952911  [44864/50000]
Test Error: 
 Accuracy: 72.2%, Avg loss: 0.843106 

Epoch 11
-------------------------------
loss: 0.541670  [   64/50000]
loss: 0.558048  [ 6464/50000]
loss: 0.754528  [12864/50000]
loss: 0.234518  [19264/50000]
loss: 0.741483  [25664/50000]
loss: 0.390625  [32064/50000]
loss: 0.638682  [38464/50000]
loss: 0.513816  [44864/50000]
Test Error: 
 Accuracy: 71.6%, Avg loss: 0.853285 

Epoch 12
-------------------------------
loss: 0.391467  [   64/50000]
loss: 0.413381  [ 6464/50000]
loss: 0.312449  [12864/50000]
loss: 0.437344  [19264/50000]
loss: 0.324655  [25664/50000]
loss: 0.463761  [32064/50000]
loss: 0.437818  [38464/50000]
loss: 0.409857  [44864/50000]
Test Error: 
 Accuracy: 72.9%, Avg loss: 0.860616 

Epoch 13
-------------------------------
loss: 0.244052  [   64/50000]
loss: 0.474629  [ 6464/50000]
loss: 0.259161  [12864/50000]
loss: 0.307818  [19264/50000]
loss: 0.537054  [25664/50000]
loss: 0.331090  [32064/50000]
loss: 0.479789  [38464/50000]
loss: 0.403192  [44864/50000]
Test Error: 
 Accuracy: 72.3%, Avg loss: 0.957800 

Epoch 14
-------------------------------
loss: 0.209356  [   64/50000]
loss: 0.206339  [ 6464/50000]
loss: 0.151548  [12864/50000]
loss: 0.268806  [19264/50000]
loss: 0.132319  [25664/50000]
loss: 0.317840  [32064/50000]
loss: 0.312410  [38464/50000]
loss: 0.238457  [44864/50000]
Test Error: 
 Accuracy: 72.7%, Avg loss: 0.940871 

Epoch 15
-------------------------------
loss: 0.308370  [   64/50000]
loss: 0.113265  [ 6464/50000]
loss: 0.327484  [12864/50000]
loss: 0.156893  [19264/50000]
loss: 0.240881  [25664/50000]
loss: 0.261769  [32064/50000]
loss: 0.267856  [38464/50000]
loss: 0.320538  [44864/50000]
Test Error: 
 Accuracy: 73.9%, Avg loss: 0.977283 

Epoch 16
-------------------------------
loss: 0.137811  [   64/50000]
loss: 0.221543  [ 6464/50000]
loss: 0.288678  [12864/50000]
loss: 0.127740  [19264/50000]
loss: 0.218417  [25664/50000]
loss: 0.150985  [32064/50000]
loss: 0.111889  [38464/50000]
loss: 0.218710  [44864/50000]
Test Error: 
 Accuracy: 72.6%, Avg loss: 1.132527 

Epoch 17
-------------------------------
loss: 0.175526  [   64/50000]
loss: 0.191260  [ 6464/50000]
loss: 0.261641  [12864/50000]
loss: 0.072493  [19264/50000]
loss: 0.111158  [25664/50000]
loss: 0.180779  [32064/50000]
loss: 0.062682  [38464/50000]
loss: 0.072980  [44864/50000]
Test Error: 
 Accuracy: 73.9%, Avg loss: 1.052809 

Epoch 18
-------------------------------
loss: 0.062283  [   64/50000]
loss: 0.174494  [ 6464/50000]
loss: 0.093987  [12864/50000]
loss: 0.291693  [19264/50000]
loss: 0.087390  [25664/50000]
loss: 0.091352  [32064/50000]
loss: 0.123508  [38464/50000]
loss: 0.086930  [44864/50000]
Test Error: 
 Accuracy: 74.0%, Avg loss: 1.111840 

Epoch 19
-------------------------------
loss: 0.037706  [   64/50000]
loss: 0.148685  [ 6464/50000]
loss: 0.065296  [12864/50000]
loss: 0.063753  [19264/50000]
loss: 0.069016  [25664/50000]
loss: 0.118265  [32064/50000]
loss: 0.091556  [38464/50000]
loss: 0.063781  [44864/50000]
Test Error: 
 Accuracy: 74.1%, Avg loss: 1.168739 

Epoch 20
-------------------------------
loss: 0.073291  [   64/50000]
loss: 0.030750  [ 6464/50000]
loss: 0.084356  [12864/50000]
loss: 0.068810  [19264/50000]
loss: 0.160855  [25664/50000]
loss: 0.174106  [32064/50000]
loss: 0.071070  [38464/50000]
loss: 0.092842  [44864/50000]
Test Error: 
 Accuracy: 74.2%, Avg loss: 1.181439 

Epoch 21
-------------------------------
loss: 0.132588  [   64/50000]
loss: 0.098529  [ 6464/50000]
loss: 0.052311  [12864/50000]
loss: 0.196568  [19264/50000]
loss: 0.064013  [25664/50000]
loss: 0.064563  [32064/50000]
loss: 0.078797  [38464/50000]
loss: 0.107509  [44864/50000]
Test Error: 
 Accuracy: 74.2%, Avg loss: 1.199486 

Epoch 22
-------------------------------
loss: 0.050946  [   64/50000]
loss: 0.029040  [ 6464/50000]
loss: 0.125648  [12864/50000]
loss: 0.056568  [19264/50000]
loss: 0.090408  [25664/50000]
loss: 0.053466  [32064/50000]
loss: 0.023815  [38464/50000]
loss: 0.043830  [44864/50000]
Test Error: 
 Accuracy: 74.6%, Avg loss: 1.215272 

Epoch 23
-------------------------------
loss: 0.018968  [   64/50000]
loss: 0.093750  [ 6464/50000]
loss: 0.076308  [12864/50000]
loss: 0.101044  [19264/50000]
loss: 0.024678  [25664/50000]
loss: 0.034497  [32064/50000]
loss: 0.147059  [38464/50000]
loss: 0.040399  [44864/50000]
Test Error: 
 Accuracy: 74.8%, Avg loss: 1.278929 

Epoch 24
-------------------------------
loss: 0.008761  [   64/50000]
loss: 0.135997  [ 6464/50000]
loss: 0.033709  [12864/50000]
loss: 0.013278  [19264/50000]
loss: 0.062139  [25664/50000]
loss: 0.034418  [32064/50000]
loss: 0.003965  [38464/50000]
loss: 0.098329  [44864/50000]
Test Error: 
 Accuracy: 75.6%, Avg loss: 1.223629 

Epoch 25
-------------------------------
loss: 0.031692  [   64/50000]
loss: 0.140619  [ 6464/50000]
loss: 0.079026  [12864/50000]
loss: 0.056252  [19264/50000]
loss: 0.026071  [25664/50000]
loss: 0.010189  [32064/50000]
loss: 0.010563  [38464/50000]
loss: 0.024467  [44864/50000]
Test Error: 
 Accuracy: 75.1%, Avg loss: 1.258443 

Epoch 26
-------------------------------
loss: 0.014162  [   64/50000]
loss: 0.025435  [ 6464/50000]
loss: 0.067998  [12864/50000]
loss: 0.107070  [19264/50000]
loss: 0.106604  [25664/50000]
loss: 0.019843  [32064/50000]
loss: 0.024949  [38464/50000]
loss: 0.014359  [44864/50000]
Test Error: 
 Accuracy: 75.2%, Avg loss: 1.273983 

Epoch 27
-------------------------------
loss: 0.016535  [   64/50000]
loss: 0.088458  [ 6464/50000]
loss: 0.017798  [12864/50000]
loss: 0.018146  [19264/50000]
loss: 0.017394  [25664/50000]
loss: 0.009796  [32064/50000]
loss: 0.021977  [38464/50000]
loss: 0.033326  [44864/50000]
Test Error: 
 Accuracy: 76.1%, Avg loss: 1.305221 

Epoch 28
-------------------------------
loss: 0.015615  [   64/50000]
loss: 0.052795  [ 6464/50000]
loss: 0.074029  [12864/50000]
loss: 0.010371  [19264/50000]
loss: 0.102507  [25664/50000]
loss: 0.010990  [32064/50000]
loss: 0.010390  [38464/50000]
loss: 0.012154  [44864/50000]
Test Error: 
 Accuracy: 75.4%, Avg loss: 1.351096 

Epoch 29
-------------------------------
loss: 0.058282  [   64/50000]
loss: 0.000748  [ 6464/50000]
loss: 0.050730  [12864/50000]
loss: 0.004758  [19264/50000]
loss: 0.021639  [25664/50000]
loss: 0.020992  [32064/50000]
loss: 0.004172  [38464/50000]
loss: 0.003128  [44864/50000]
Test Error: 
 Accuracy: 75.6%, Avg loss: 1.347351 

Epoch 30
-------------------------------
loss: 0.014184  [   64/50000]
loss: 0.005663  [ 6464/50000]
loss: 0.010788  [12864/50000]
loss: 0.005536  [19264/50000]
loss: 0.090939  [25664/50000]
loss: 0.058037  [32064/50000]
loss: 0.027378  [38464/50000]
loss: 0.008227  [44864/50000]
Test Error: 
 Accuracy: 76.1%, Avg loss: 1.332959 

Epoch 31
-------------------------------
loss: 0.031941  [   64/50000]
loss: 0.000540  [ 6464/50000]
loss: 0.019129  [12864/50000]
loss: 0.037453  [19264/50000]
loss: 0.066920  [25664/50000]
loss: 0.016403  [32064/50000]
loss: 0.022899  [38464/50000]
loss: 0.004802  [44864/50000]
Test Error: 
 Accuracy: 75.6%, Avg loss: 1.389755 

Epoch 32
-------------------------------
loss: 0.005240  [   64/50000]
loss: 0.064698  [ 6464/50000]
loss: 0.034218  [12864/50000]
loss: 0.003127  [19264/50000]
loss: 0.032963  [25664/50000]
loss: 0.023245  [32064/50000]
loss: 0.041187  [38464/50000]
loss: 0.025297  [44864/50000]
Test Error: 
 Accuracy: 75.2%, Avg loss: 1.440470 

Epoch 33
-------------------------------
loss: 0.009093  [   64/50000]
loss: 0.011782  [ 6464/50000]
loss: 0.044175  [12864/50000]
loss: 0.004420  [19264/50000]
loss: 0.022016  [25664/50000]
loss: 0.026082  [32064/50000]
loss: 0.060415  [38464/50000]
loss: 0.013720  [44864/50000]
Test Error: 
 Accuracy: 75.3%, Avg loss: 1.426407 

Epoch 34
-------------------------------
loss: 0.018297  [   64/50000]
loss: 0.003188  [ 6464/50000]
loss: 0.007169  [12864/50000]
loss: 0.006352  [19264/50000]
loss: 0.032896  [25664/50000]
loss: 0.007308  [32064/50000]
loss: 0.018687  [38464/50000]
loss: 0.002656  [44864/50000]
Test Error: 
 Accuracy: 76.8%, Avg loss: 1.338831 

Epoch 35
-------------------------------
loss: 0.004969  [   64/50000]
loss: 0.012814  [ 6464/50000]
loss: 0.040719  [12864/50000]
loss: 0.040594  [19264/50000]
loss: 0.068488  [25664/50000]
loss: 0.048873  [32064/50000]
loss: 0.006029  [38464/50000]
loss: 0.099366  [44864/50000]
Test Error: 
 Accuracy: 75.7%, Avg loss: 1.389390 

Epoch 36
-------------------------------
loss: 0.005305  [   64/50000]
loss: 0.000244  [ 6464/50000]
loss: 0.009492  [12864/50000]
loss: 0.006610  [19264/50000]
loss: 0.018684  [25664/50000]
loss: 0.020172  [32064/50000]
loss: 0.036417  [38464/50000]
loss: 0.005778  [44864/50000]
Test Error: 
 Accuracy: 75.5%, Avg loss: 1.462008 

Epoch 37
-------------------------------
loss: 0.010920  [   64/50000]
loss: 0.002438  [ 6464/50000]
loss: 0.020641  [12864/50000]
loss: 0.010363  [19264/50000]
loss: 0.027210  [25664/50000]
loss: 0.000464  [32064/50000]
loss: 0.041302  [38464/50000]
loss: 0.038532  [44864/50000]
Test Error: 
 Accuracy: 76.1%, Avg loss: 1.394354 

Epoch 38
-------------------------------
loss: 0.004212  [   64/50000]
loss: 0.003180  [ 6464/50000]
loss: 0.050435  [12864/50000]
loss: 0.036174  [19264/50000]
loss: 0.004070  [25664/50000]
loss: 0.010927  [32064/50000]
loss: 0.003749  [38464/50000]
loss: 0.003125  [44864/50000]
Test Error: 
 Accuracy: 75.1%, Avg loss: 1.432726 

Epoch 39
-------------------------------
loss: 0.005527  [   64/50000]
loss: 0.058086  [ 6464/50000]
loss: 0.036240  [12864/50000]
loss: 0.038680  [19264/50000]
loss: 0.002849  [25664/50000]
loss: 0.011802  [32064/50000]
loss: 0.002487  [38464/50000]
loss: 0.001035  [44864/50000]
Test Error: 
 Accuracy: 76.4%, Avg loss: 1.376558 

Epoch 40
-------------------------------
loss: 0.086486  [   64/50000]
loss: 0.005153  [ 6464/50000]
loss: 0.006040  [12864/50000]
loss: 0.009278  [19264/50000]
loss: 0.000444  [25664/50000]
loss: 0.038225  [32064/50000]
loss: 0.006806  [38464/50000]
loss: 0.002536  [44864/50000]
Test Error: 
 Accuracy: 75.7%, Avg loss: 1.407712 

Epoch 41
-------------------------------
loss: 0.016513  [   64/50000]
loss: 0.012856  [ 6464/50000]
loss: 0.002995  [12864/50000]
loss: 0.003634  [19264/50000]
loss: 0.014678  [25664/50000]
loss: 0.006682  [32064/50000]
loss: 0.003121  [38464/50000]
loss: 0.004904  [44864/50000]
Test Error: 
 Accuracy: 76.4%, Avg loss: 1.394735 

Epoch 42
-------------------------------
loss: 0.004588  [   64/50000]
loss: 0.011738  [ 6464/50000]
loss: 0.001262  [12864/50000]
loss: 0.037599  [19264/50000]
loss: 0.006478  [25664/50000]
loss: 0.001468  [32064/50000]
loss: 0.003930  [38464/50000]
loss: 0.048568  [44864/50000]
Test Error: 
 Accuracy: 76.2%, Avg loss: 1.322680 

Epoch 43
-------------------------------
loss: 0.006856  [   64/50000]
loss: 0.001746  [ 6464/50000]
loss: 0.003174  [12864/50000]
loss: 0.002157  [19264/50000]
loss: 0.035635  [25664/50000]
loss: 0.048428  [32064/50000]
loss: 0.010061  [38464/50000]
loss: 0.022579  [44864/50000]
Test Error: 
 Accuracy: 76.2%, Avg loss: 1.465338 

Epoch 44
-------------------------------
loss: 0.002109  [   64/50000]
loss: 0.000794  [ 6464/50000]
loss: 0.000646  [12864/50000]
loss: 0.008116  [19264/50000]
loss: 0.003161  [25664/50000]
loss: 0.004476  [32064/50000]
loss: 0.026481  [38464/50000]
loss: 0.001461  [44864/50000]
Test Error: 
 Accuracy: 76.7%, Avg loss: 1.410929 

Epoch 45
-------------------------------
loss: 0.003315  [   64/50000]
loss: 0.002040  [ 6464/50000]
loss: 0.000803  [12864/50000]
loss: 0.004938  [19264/50000]
loss: 0.001035  [25664/50000]
loss: 0.005651  [32064/50000]
loss: 0.009825  [38464/50000]
loss: 0.030204  [44864/50000]
Test Error: 
 Accuracy: 76.5%, Avg loss: 1.419140 

Epoch 46
-------------------------------
loss: 0.003153  [   64/50000]
loss: 0.006869  [ 6464/50000]
loss: 0.002028  [12864/50000]
loss: 0.003320  [19264/50000]
loss: 0.004837  [25664/50000]
loss: 0.011676  [32064/50000]
loss: 0.001643  [38464/50000]
loss: 0.000285  [44864/50000]
Test Error: 
 Accuracy: 77.1%, Avg loss: 1.421946 

Epoch 47
-------------------------------
loss: 0.004936  [   64/50000]
loss: 0.002770  [ 6464/50000]
loss: 0.002079  [12864/50000]
loss: 0.007453  [19264/50000]
loss: 0.000862  [25664/50000]
loss: 0.005517  [32064/50000]
loss: 0.000316  [38464/50000]
loss: 0.001405  [44864/50000]
Test Error: 
 Accuracy: 75.8%, Avg loss: 1.503227 

Epoch 48
-------------------------------
loss: 0.005555  [   64/50000]
loss: 0.020796  [ 6464/50000]
loss: 0.000766  [12864/50000]
loss: 0.002451  [19264/50000]
loss: 0.020971  [25664/50000]
loss: 0.006198  [32064/50000]
loss: 0.001859  [38464/50000]
loss: 0.015064  [44864/50000]
Test Error: 
 Accuracy: 76.3%, Avg loss: 1.482816 

Epoch 49
-------------------------------
loss: 0.014284  [   64/50000]
loss: 0.002325  [ 6464/50000]
loss: 0.005478  [12864/50000]
loss: 0.049120  [19264/50000]
loss: 0.001573  [25664/50000]
loss: 0.002497  [32064/50000]
loss: 0.006023  [38464/50000]
loss: 0.001860  [44864/50000]
Test Error: 
 Accuracy: 76.1%, Avg loss: 1.456540 

Epoch 50
-------------------------------
loss: 0.002602  [   64/50000]
loss: 0.030390  [ 6464/50000]
loss: 0.009099  [12864/50000]
loss: 0.001525  [19264/50000]
loss: 0.047035  [25664/50000]
loss: 0.104491  [32064/50000]
loss: 0.001850  [38464/50000]
loss: 0.007332  [44864/50000]
Test Error: 
 Accuracy: 76.2%, Avg loss: 1.438899 

Done!
