Epoch 1
-------------------------------
loss: 2.316313  [   64/25000]
loss: 2.296744  [ 6464/25000]
loss: 2.299161  [12864/25000]
loss: 2.293775  [19264/25000]
Test Error: 
 Accuracy: 10.2%, Avg loss: 2.299794 

Epoch 2
-------------------------------
loss: 2.311782  [   64/25000]
loss: 2.295423  [ 6464/25000]
loss: 2.295086  [12864/25000]
loss: 2.293336  [19264/25000]
Test Error: 
 Accuracy: 13.0%, Avg loss: 2.297385 

Epoch 3
-------------------------------
loss: 2.308362  [   64/25000]
loss: 2.293866  [ 6464/25000]
loss: 2.291035  [12864/25000]
loss: 2.291926  [19264/25000]
Test Error: 
 Accuracy: 14.3%, Avg loss: 2.294566 

Epoch 4
-------------------------------
loss: 2.305802  [   64/25000]
loss: 2.291607  [ 6464/25000]
loss: 2.286398  [12864/25000]
loss: 2.289643  [19264/25000]
Test Error: 
 Accuracy: 13.5%, Avg loss: 2.291205 

Epoch 5
-------------------------------
loss: 2.303558  [   64/25000]
loss: 2.288852  [ 6464/25000]
loss: 2.280783  [12864/25000]
loss: 2.286574  [19264/25000]
Test Error: 
 Accuracy: 12.4%, Avg loss: 2.287020 

Mean, Std and Var before Normalize:
 tensor(0.7301) tensor(0.0306) tensor(0.0009)
Mean, std and Var after normalize:
 tensor(-5.7050e-07) tensor(1.) tensor(1.)
Tensor after Normalize:
 tensor([ 0.7146, -0.0030, -1.4690, -0.3010, -0.3193,  1.2107,  0.7726])
Cumulative sum array:
tensor([ 0.7146,  0.7116, -0.7573, -1.0584, -1.3776, -0.1669,  0.6056])
Calculated argmax:
tensor(0)
conv2.weight tensor([[[[-8.1406e-03,  4.1377e-02, -6.5913e-04,  4.5977e-02,  2.1783e-02],
          [ 6.3597e-02,  6.2292e-02, -1.6980e-02,  3.0446e-02, -5.5601e-02],
          [-4.3751e-02,  4.4251e-02, -9.0598e-03, -6.3971e-03,  3.9720e-02],
          [-1.4885e-03,  3.0662e-02, -3.1875e-02,  3.6048e-02, -2.6530e-02],
          [ 5.1670e-02, -2.0783e-02,  4.1383e-02, -6.1625e-02, -1.9736e-02]],

         [[ 7.3509e-03, -6.3598e-02, -4.2883e-03, -6.1457e-02,  6.3303e-02],
          [-2.7920e-02,  4.5363e-02,  6.5967e-02, -1.1236e-02,  5.1387e-02],
          [ 4.5749e-02, -6.2727e-02,  3.1572e-02, -3.6232e-02, -2.7664e-02],
          [ 2.8741e-02,  2.4765e-02,  3.7376e-02,  3.9679e-02, -4.0593e-02],
          [-4.7932e-02, -2.2354e-02, -1.5601e-02, -4.6033e-02,  2.0812e-02]],

         [[ 5.0792e-02,  2.5776e-02, -1.3097e-02, -5.3065e-02, -4.8263e-02],
          [-4.2443e-02,  4.3603e-02,  2.5851e-02,  3.3556e-04,  2.0790e-02],
          [ 5.4402e-02, -6.9836e-03, -6.9550e-02, -3.6005e-02, -6.8192e-02],
          [-5.7833e-02,  2.3561e-02, -1.3676e-02,  3.6184e-03,  6.9660e-02],
          [-5.6321e-02,  1.1381e-02, -5.8522e-02,  6.5514e-02, -3.7619e-03]],

         ...,

         [[-3.7462e-02,  1.6874e-02, -6.8008e-02, -2.7110e-02,  2.4514e-02],
          [-3.3665e-02, -6.1575e-02,  2.6431e-02, -5.0726e-02,  1.2299e-03],
          [ 3.4171e-02, -4.3249e-02, -3.4760e-02, -1.0936e-02,  5.6852e-02],
          [-2.6977e-02,  6.0173e-02,  4.3418e-02,  5.8393e-02,  6.2645e-03],
          [-2.8597e-02,  3.0918e-02,  1.4081e-02, -4.5650e-02,  6.4681e-02]],

         [[ 1.5851e-02, -6.6031e-02, -7.0957e-03,  3.7376e-02, -5.3972e-02],
          [-2.7386e-02, -4.1293e-02, -1.7931e-02,  4.2466e-02,  1.2718e-02],
          [-5.6499e-02, -7.3575e-03,  1.3971e-02,  5.7705e-02, -2.8019e-02],
          [ 3.7627e-02,  2.1343e-02, -5.8424e-02, -2.2547e-02, -6.2323e-02],
          [ 2.8804e-02,  5.3798e-02, -2.1332e-02, -2.5041e-02,  3.9464e-02]],

         [[ 5.8322e-02, -5.4951e-02,  5.5368e-02,  5.3649e-03,  6.8061e-02],
          [-1.3508e-02, -3.3042e-02, -2.8326e-02, -3.4353e-02,  6.4407e-02],
          [-4.8011e-02,  2.2203e-02, -3.0138e-02,  3.4089e-02,  5.0134e-02],
          [-6.0638e-02,  5.1489e-02,  4.8534e-02, -5.6184e-02,  3.9496e-02],
          [-5.6090e-02, -6.7699e-02,  3.7558e-02,  5.2261e-02, -4.6459e-03]]],


        [[[-6.9743e-02,  4.5835e-02,  1.3478e-02, -4.4695e-02, -5.4419e-02],
          [ 6.2509e-02, -5.4337e-03, -2.5390e-02,  7.7530e-03,  9.2761e-03],
          [-3.0504e-02, -6.0061e-02,  6.3504e-02,  2.0636e-02,  3.3472e-02],
          [ 2.2277e-02, -4.8829e-02, -6.9510e-02,  3.2503e-02, -6.0862e-02],
          [ 2.4894e-02, -4.1183e-02, -2.0729e-02, -3.6682e-02,  2.0429e-02]],

         [[ 4.1809e-02, -2.9639e-02, -1.4277e-02, -2.0474e-02, -2.4411e-02],
          [-5.3843e-02,  6.9118e-02, -2.1084e-02, -5.6568e-02, -1.7139e-02],
          [ 2.1679e-02, -5.1924e-02, -2.8350e-02,  3.4149e-02,  4.2976e-02],
          [-5.1235e-02,  6.4931e-02, -4.4223e-02,  4.5137e-02, -2.9311e-02],
          [-1.5040e-03, -1.9272e-02,  5.2045e-02, -1.1983e-03,  9.3031e-03]],

         [[ 5.9397e-02, -4.0398e-02, -1.1808e-02, -1.1959e-03,  4.2085e-02],
          [ 5.4291e-02,  9.7889e-03, -6.9822e-02, -4.9723e-02,  2.8052e-02],
          [-2.7179e-02, -2.4085e-03,  2.5471e-02,  4.0104e-02,  5.8608e-02],
          [ 6.0580e-02, -6.2030e-02, -6.0945e-03,  6.3469e-02, -5.0607e-02],
          [ 1.7572e-02, -6.4304e-02,  4.8520e-02, -6.4233e-02, -4.4108e-02]],

         ...,

         [[ 1.5261e-02, -1.5560e-02,  5.0362e-02,  6.4846e-02, -1.8084e-02],
          [ 6.6445e-02,  2.2681e-02, -2.5267e-03,  6.0372e-02, -6.8227e-02],
          [ 2.5788e-02,  1.9716e-03,  4.5292e-02,  5.7413e-02,  6.6184e-04],
          [-2.0530e-03, -6.2428e-02, -3.3457e-02,  3.5001e-02,  5.1669e-02],
          [-3.8109e-02, -2.7615e-02, -4.4085e-02,  6.3912e-02, -4.7235e-02]],

         [[-3.1360e-02, -1.4689e-02, -5.6639e-02,  4.0236e-02, -1.7016e-02],
          [ 5.8211e-02,  5.3678e-02,  4.4398e-02, -1.8405e-02, -5.5340e-02],
          [-3.6752e-04,  6.8093e-02,  5.9314e-02, -2.3870e-02,  4.6993e-02],
          [-4.3021e-02,  2.4618e-02, -2.5140e-02,  2.9703e-02,  5.2701e-03],
          [-3.1201e-02, -4.1840e-02,  5.8482e-02,  3.4140e-02, -5.8052e-03]],

         [[-4.3171e-03,  2.8480e-02, -4.4238e-02, -2.9096e-02,  1.0132e-02],
          [-3.3076e-02, -6.5352e-02, -6.7840e-02, -3.6987e-02,  6.3340e-02],
          [-4.7721e-02,  1.7178e-02,  4.2157e-02,  4.9156e-02, -6.3823e-02],
          [ 1.2808e-02, -3.6981e-02,  1.8547e-03, -2.1294e-02, -3.2134e-03],
          [ 1.6761e-02, -1.0746e-02,  3.7938e-02,  2.1384e-02, -6.0008e-02]]],


        [[[-5.3879e-03,  3.1056e-02, -1.6368e-03,  4.2920e-02,  4.9511e-02],
          [-7.0298e-02, -1.3782e-02,  3.1435e-02,  4.8210e-02, -7.6915e-03],
          [-2.5754e-02, -3.6551e-02, -9.1172e-03, -2.8929e-02, -9.3314e-05],
          [ 4.9787e-02,  3.4053e-02, -4.2406e-03, -6.5632e-02,  2.9771e-02],
          [-3.6332e-02,  3.2934e-02,  1.0704e-02,  1.3670e-04,  4.6031e-02]],

         [[ 4.4919e-02,  4.3466e-02,  4.3412e-02, -4.5075e-02,  8.4868e-04],
          [-5.6476e-02, -5.2037e-02,  9.6624e-03, -7.0664e-03, -3.3435e-03],
          [ 2.0016e-02,  4.5840e-02,  4.3387e-02,  1.2600e-02, -3.0189e-02],
          [-5.8050e-02,  8.2472e-03, -5.3717e-03, -2.8262e-02, -6.4650e-02],
          [-5.2706e-02, -1.4720e-02, -5.5428e-03, -6.5198e-03, -4.5608e-02]],

         [[-6.6077e-02,  7.1792e-03, -4.1818e-02,  4.9404e-02,  3.6180e-02],
          [ 3.0663e-02,  5.8714e-02,  7.3784e-02,  5.0203e-02,  4.9062e-02],
          [-5.4656e-02,  4.7673e-02,  6.1542e-02,  1.5311e-02,  2.4878e-02],
          [-5.1573e-02,  3.6000e-02,  7.0465e-02,  1.4704e-02,  5.4769e-02],
          [ 5.2967e-03,  2.7234e-02, -4.6944e-02, -7.3591e-03,  4.1994e-02]],

         ...,

         [[-6.2103e-03,  2.9898e-02, -6.5299e-02, -3.7465e-02,  2.1240e-02],
          [ 4.9856e-02, -4.8933e-02,  6.0048e-02,  2.1006e-02, -1.2968e-02],
          [-4.7943e-02, -6.0548e-02,  2.2574e-02,  5.6872e-02, -3.5648e-02],
          [ 4.9638e-02,  1.5954e-02, -8.7880e-03,  6.8134e-02,  6.7114e-02],
          [ 6.0013e-02, -2.6156e-02,  4.6955e-02, -5.0780e-02,  6.2614e-02]],

         [[-8.3695e-03, -5.6790e-02,  5.4799e-02, -3.6293e-02, -4.0313e-02],
          [-3.5209e-02,  3.6405e-02,  6.3802e-02, -6.6665e-02, -1.4682e-02],
          [-5.2929e-02, -3.1743e-02,  1.9784e-02,  2.4095e-02,  3.3210e-02],
          [ 1.7089e-02, -6.4763e-02, -2.2028e-05, -5.0807e-02,  6.2950e-02],
          [ 6.7308e-02, -6.3750e-02,  1.3974e-02, -4.7907e-02, -6.5161e-02]],

         [[ 4.0634e-02, -4.4384e-02, -2.1693e-02, -4.0060e-02,  5.3941e-02],
          [-1.2178e-02,  5.9477e-02,  6.8557e-02, -2.0064e-02, -1.4510e-02],
          [ 6.8415e-02, -4.7329e-03, -2.5924e-02, -4.0008e-02,  1.9734e-03],
          [-3.4458e-02, -6.5098e-02,  3.5780e-02, -1.2349e-02, -1.7363e-02],
          [-1.2468e-02,  4.8240e-02,  1.8791e-02, -3.3803e-02, -5.3331e-02]]],


        ...,


        [[[ 1.0403e-02,  3.1837e-02,  5.1625e-02, -1.7911e-02, -2.6961e-02],
          [ 2.3637e-02, -2.6089e-02,  4.3205e-02, -1.3636e-02, -6.3613e-03],
          [ 6.6922e-02, -6.4131e-02, -4.9199e-02, -6.4974e-02, -3.6149e-03],
          [-5.5401e-02, -6.2691e-02, -4.9967e-02, -5.9468e-02,  6.7615e-02],
          [-3.4317e-02,  2.1592e-02, -4.1884e-02, -6.8004e-02,  1.5927e-02]],

         [[ 1.2897e-02, -4.0870e-02, -3.9971e-02,  2.7709e-02,  4.1809e-02],
          [-4.2687e-02,  6.2963e-02, -5.6162e-02,  6.9150e-02,  6.8433e-02],
          [-2.5703e-02, -1.0192e-02, -5.6353e-02, -3.4936e-02,  5.9061e-02],
          [-3.6494e-04,  2.7831e-02,  6.8441e-02, -1.0659e-02,  3.2814e-02],
          [ 2.1354e-02, -6.7036e-02, -5.0111e-02, -2.7128e-03, -4.5785e-02]],

         [[-5.7296e-02,  2.2606e-03, -2.6575e-02, -6.0166e-02, -6.2786e-02],
          [-2.2328e-02,  2.7470e-02, -6.4246e-02, -9.8025e-03,  6.8968e-02],
          [ 1.5869e-03,  3.5259e-02,  4.3731e-02, -5.8221e-02, -5.8332e-02],
          [-3.9107e-02,  2.1095e-02,  5.2393e-02, -3.5519e-02,  6.1550e-02],
          [ 1.5804e-02,  5.9704e-02, -5.3798e-02, -2.0981e-02, -2.8477e-02]],

         ...,

         [[ 3.5471e-02, -2.6228e-03,  4.5304e-02,  5.9406e-02, -1.0134e-03],
          [-1.9789e-02,  2.6701e-02,  4.8671e-02, -4.2911e-02, -5.4892e-02],
          [ 1.6750e-02, -3.0203e-02, -4.9248e-02, -5.3052e-02,  1.2227e-02],
          [-4.8210e-02, -5.9203e-02,  5.6923e-02, -1.2318e-02, -2.6064e-02],
          [ 3.9085e-02,  4.7410e-02,  6.8251e-02, -3.1953e-02,  3.6108e-02]],

         [[ 3.5179e-02,  3.1053e-02, -5.4204e-02,  3.0866e-02, -5.7321e-03],
          [ 5.2498e-02, -1.5829e-02,  9.5241e-03, -5.4167e-02,  3.6555e-02],
          [-3.8507e-02, -2.4933e-03,  3.4034e-02, -4.3227e-02,  5.4356e-02],
          [ 5.2094e-02,  1.2763e-02, -4.4846e-02, -9.4694e-03, -1.3366e-02],
          [-1.4535e-02, -4.2350e-02,  4.2628e-02, -1.2920e-02, -2.1288e-02]],

         [[ 3.4794e-02,  3.2750e-02,  6.2716e-02,  2.7710e-02, -4.4563e-02],
          [ 4.1638e-03,  4.8911e-03,  6.4608e-02,  6.6041e-02,  5.2726e-02],
          [ 6.7928e-02,  1.2491e-02, -6.7882e-02,  4.3870e-02, -6.0022e-02],
          [ 6.3398e-02, -4.9019e-02, -5.6654e-02, -4.4396e-02,  3.5108e-02],
          [-5.6364e-02,  2.4729e-02,  2.9703e-02,  5.4661e-02, -2.5232e-02]]],


        [[[ 6.2600e-02,  6.1283e-02,  5.5433e-02,  1.2551e-02, -3.2839e-03],
          [-2.0266e-02,  6.1901e-02, -2.9879e-02, -2.3681e-02,  4.0556e-02],
          [-6.1719e-02, -4.4049e-02,  5.3488e-02,  1.1346e-02,  6.7375e-02],
          [ 1.9222e-03,  1.6547e-02, -5.5287e-02,  2.9504e-02, -6.0451e-02],
          [ 2.2722e-02, -4.9240e-03, -4.2894e-02, -5.3068e-02, -6.6981e-02]],

         [[ 6.8765e-03,  5.4040e-02, -5.1457e-02,  1.1569e-02,  4.7838e-02],
          [-8.4414e-03,  1.2825e-02,  2.6355e-02, -3.4029e-02,  4.4746e-02],
          [-3.8465e-02,  4.0897e-03,  9.3027e-03,  3.0329e-02,  6.9625e-02],
          [ 5.7586e-02,  4.4709e-02,  5.9092e-02, -6.1784e-02,  2.1223e-02],
          [ 4.5214e-02, -2.9292e-02, -3.5345e-02, -3.5432e-02,  3.1884e-02]],

         [[-3.2138e-02,  4.4575e-02,  5.9584e-02,  5.3757e-02,  4.7815e-02],
          [ 5.8902e-02, -1.6064e-02, -3.5256e-02, -3.6172e-02,  5.9991e-02],
          [ 3.3447e-03, -6.3596e-02,  2.9215e-02,  1.6355e-02,  3.3113e-02],
          [-1.8800e-02, -4.2359e-02,  3.9092e-02, -1.2388e-02, -1.3123e-02],
          [ 6.3348e-02, -2.2329e-02,  5.5108e-02, -8.1100e-03,  5.9820e-02]],

         ...,

         [[-4.3550e-02,  4.9409e-02,  2.0644e-02, -2.4129e-02, -1.4970e-02],
          [ 2.1292e-02, -9.3616e-03, -1.3103e-02, -5.1877e-02,  7.5443e-05],
          [ 2.1057e-02, -2.5095e-02, -1.7675e-02, -6.6932e-02, -5.5208e-02],
          [ 4.0378e-03, -5.1813e-02,  3.4190e-02,  8.8071e-03,  6.5372e-02],
          [ 6.6718e-02, -6.3279e-02,  2.8218e-02, -5.9025e-02,  4.7868e-02]],

         [[ 4.8912e-02,  2.7815e-03, -2.4221e-02, -1.3299e-02,  6.9694e-02],
          [-6.3283e-02,  2.5523e-02, -5.4761e-02, -1.6655e-02,  1.4211e-02],
          [-2.6087e-02, -2.2793e-02, -2.5827e-02, -6.2286e-02, -3.0652e-02],
          [-6.8410e-03, -3.4898e-02, -4.7536e-02, -3.7511e-02,  2.6412e-02],
          [ 3.9246e-02, -6.6332e-02,  2.7051e-02,  4.7580e-02, -3.1578e-02]],

         [[-8.6665e-03, -5.3890e-02, -3.8618e-02,  5.4353e-02,  2.7515e-02],
          [ 1.8153e-02,  6.7449e-02,  9.1333e-03, -1.0167e-02, -4.1873e-02],
          [ 1.7755e-03,  1.1395e-02, -4.4794e-02, -1.3718e-02, -3.3106e-02],
          [ 3.8102e-02,  1.3783e-02,  2.3852e-02,  2.2040e-03,  6.8323e-02],
          [ 5.6181e-02, -5.9528e-03, -2.2269e-02, -4.3724e-02, -2.0404e-02]]],


        [[[ 1.0124e-02, -5.2402e-02, -4.9051e-02,  6.3822e-02, -2.0686e-02],
          [-4.0931e-02,  1.3482e-03, -3.5176e-02,  1.8457e-02, -1.4647e-02],
          [ 5.7736e-02,  5.2051e-02,  6.2137e-02,  3.0608e-02, -4.3551e-02],
          [-4.6002e-02, -6.3888e-02, -6.8123e-02,  1.9407e-02, -3.2618e-02],
          [-1.1243e-02,  3.6500e-02, -8.9666e-03, -1.6329e-02, -5.6732e-02]],

         [[ 6.4722e-02, -6.9716e-02, -2.9620e-02, -3.9899e-04,  6.1401e-02],
          [-5.9176e-02, -5.9591e-03, -4.5939e-02,  6.3916e-02,  3.8612e-02],
          [-2.9973e-02, -5.0956e-02,  3.2954e-02, -3.4096e-02,  5.9617e-02],
          [-1.2429e-03, -6.2788e-03, -4.6763e-02, -6.6578e-02, -3.5784e-02],
          [-1.7879e-02,  1.4380e-02,  1.6681e-02,  9.6493e-03,  5.3607e-02]],

         [[-6.2991e-02,  6.7020e-02, -2.4191e-02,  4.0084e-02, -6.1680e-02],
          [ 5.5096e-02, -6.9299e-02,  6.8304e-02, -4.3834e-02, -6.7080e-02],
          [-5.2697e-02, -6.8414e-02,  1.7948e-02,  4.1443e-02, -1.1999e-02],
          [-2.7045e-02,  6.1270e-02,  5.6941e-02, -7.4604e-03,  5.0806e-02],
          [ 2.7440e-03,  2.8268e-02,  9.0979e-03,  1.5020e-02, -3.5729e-02]],

         ...,

         [[-1.9438e-02, -7.0328e-02, -4.4142e-02, -5.1449e-03,  1.0589e-02],
          [-8.2778e-03, -1.6059e-02,  2.5465e-02,  8.1326e-04,  4.2093e-02],
          [-4.2004e-02,  3.0448e-02,  3.4903e-02, -1.1613e-02, -5.6348e-02],
          [ 3.9183e-02,  1.3020e-02,  5.7240e-02,  3.1765e-02,  4.2750e-02],
          [-2.2547e-02, -2.0638e-02, -5.0762e-02, -2.4476e-02,  8.9024e-03]],

         [[ 6.6420e-02, -2.2373e-02,  2.5201e-03,  4.8434e-02,  3.2078e-02],
          [-6.2787e-02,  6.8966e-02, -5.7229e-02,  5.0129e-02, -5.5421e-02],
          [-1.7166e-02, -4.8706e-02,  1.9984e-02,  1.3603e-02, -4.1840e-02],
          [-1.4899e-02, -2.0130e-02, -1.5368e-03, -2.0494e-02,  4.9663e-02],
          [ 1.6369e-02, -6.4135e-02,  6.3158e-02,  1.5922e-02,  5.5489e-03]],

         [[ 4.2197e-02,  1.2940e-02, -1.4902e-03, -4.2073e-02, -2.9750e-02],
          [ 5.6525e-02,  3.8273e-02, -4.8569e-02,  3.7166e-02, -4.4311e-03],
          [ 1.3600e-02, -4.2619e-02, -3.8650e-02,  4.0327e-02,  4.1891e-02],
          [-1.6379e-02, -2.2783e-02, -6.5629e-02, -5.7113e-02,  6.0356e-02],
          [ 3.4097e-02, -6.4684e-02,  6.0145e-02, -2.3218e-02,  2.9699e-02]]]])
conv2.bias tensor([ 0.0004, -0.0494,  0.0176,  0.0506,  0.0160,  0.0539, -0.0304,  0.0097,
        -0.0074, -0.0219, -0.0056,  0.0376,  0.0428, -0.0031, -0.0103, -0.0278,
         0.0228, -0.0497, -0.0208, -0.0482,  0.0222,  0.0276, -0.0181, -0.0128,
        -0.0321,  0.0115, -0.0129,  0.0393,  0.0031, -0.0487,  0.0435, -0.0435])
conv3.weight tensor([[[[ 0.0036, -0.0762, -0.0547],
          [-0.0021,  0.0757,  0.0178],
          [-0.0449,  0.0511,  0.0041]],

         [[ 0.1008,  0.0078,  0.0863],
          [ 0.0533,  0.0584,  0.0626],
          [ 0.0260, -0.0424,  0.0318]],

         [[ 0.0030,  0.0748,  0.0952],
          [-0.0145,  0.0715,  0.0260],
          [-0.0336, -0.0291, -0.0482]],

         ...,

         [[-0.0053,  0.0368,  0.0885],
          [-0.0500, -0.0831, -0.0539],
          [-0.0727, -0.0109, -0.0476]],

         [[ 0.0256,  0.0821, -0.0257],
          [-0.0391, -0.0010, -0.0757],
          [-0.0956,  0.0943,  0.0759]],

         [[-0.1011,  0.0047, -0.0226],
          [ 0.0629, -0.0916, -0.0198],
          [ 0.0523,  0.0862, -0.0536]]],


        [[[ 0.0930, -0.0628,  0.0078],
          [ 0.0975, -0.0312,  0.0558],
          [ 0.0589, -0.0053, -0.0748]],

         [[-0.0011, -0.0557,  0.0161],
          [ 0.0362, -0.0697, -0.0059],
          [-0.0801,  0.0200, -0.0239]],

         [[-0.0633,  0.0005, -0.1002],
          [-0.0190,  0.0120,  0.0263],
          [-0.0986,  0.0262,  0.0417]],

         ...,

         [[-0.0528,  0.0657, -0.0300],
          [-0.0101, -0.0698, -0.0291],
          [ 0.0715,  0.0629, -0.0665]],

         [[-0.0547,  0.0915, -0.0577],
          [ 0.0215, -0.0775, -0.0438],
          [ 0.0859,  0.0385,  0.0522]],

         [[ 0.0764,  0.0373, -0.0561],
          [-0.0151,  0.0835,  0.0750],
          [-0.0069, -0.0445, -0.0534]]],


        [[[ 0.0548,  0.0715,  0.0484],
          [ 0.0932, -0.0313,  0.0635],
          [-0.0949,  0.0369,  0.0248]],

         [[-0.0286, -0.0109, -0.0906],
          [-0.0533,  0.0824, -0.0601],
          [ 0.0320, -0.0793, -0.0280]],

         [[-0.0363, -0.0071,  0.0185],
          [-0.0192,  0.0423, -0.0988],
          [-0.0096,  0.0944,  0.0181]],

         ...,

         [[ 0.0509,  0.0270,  0.0533],
          [ 0.0582,  0.0881,  0.0919],
          [ 0.0831,  0.0951, -0.0079]],

         [[ 0.0783, -0.0105, -0.0325],
          [-0.0597,  0.0783,  0.0539],
          [ 0.0062,  0.0950,  0.0607]],

         [[ 0.0630,  0.0651, -0.0042],
          [ 0.0898, -0.0412, -0.0110],
          [-0.0408, -0.0720, -0.0318]]],


        ...,


        [[[-0.0184, -0.0843, -0.0796],
          [ 0.0667,  0.0602,  0.0644],
          [-0.0492, -0.0292,  0.0822]],

         [[-0.0280,  0.0870,  0.0140],
          [-0.0682,  0.0627,  0.0515],
          [ 0.0449,  0.0991,  0.0487]],

         [[-0.0900,  0.0791,  0.0123],
          [ 0.0553, -0.0473,  0.0787],
          [-0.0359, -0.0608, -0.0022]],

         ...,

         [[-0.0012, -0.0348,  0.0147],
          [-0.0957, -0.0050,  0.0749],
          [ 0.0411,  0.0005,  0.0878]],

         [[-0.0211,  0.0087,  0.0725],
          [ 0.0710,  0.0211,  0.0727],
          [-0.0342, -0.0450, -0.0701]],

         [[-0.0423, -0.0997,  0.0525],
          [ 0.0014, -0.0492,  0.0993],
          [-0.0659,  0.0920, -0.0192]]],


        [[[-0.0826, -0.0171,  0.0991],
          [ 0.0494,  0.0093, -0.0403],
          [-0.0292, -0.0606, -0.0582]],

         [[-0.0455,  0.0418, -0.0273],
          [ 0.0914, -0.0373, -0.0753],
          [ 0.0632,  0.0238, -0.0175]],

         [[-0.0748, -0.0721, -0.0272],
          [ 0.0309,  0.0094,  0.0044],
          [-0.0817,  0.0467, -0.0820]],

         ...,

         [[ 0.0808, -0.0141, -0.0315],
          [ 0.0099,  0.0544,  0.0666],
          [-0.0482,  0.0854,  0.0972]],

         [[ 0.0704, -0.0671, -0.0253],
          [-0.0160,  0.0341, -0.0962],
          [-0.0698, -0.0624, -0.0303]],

         [[ 0.0601, -0.0003, -0.0912],
          [-0.0115, -0.0497, -0.0600],
          [-0.0806,  0.0091,  0.0410]]],


        [[[-0.0278,  0.0002,  0.0018],
          [ 0.0037,  0.0656, -0.0798],
          [ 0.0695,  0.0612, -0.0271]],

         [[ 0.0379, -0.0453,  0.0567],
          [ 0.0242, -0.0950,  0.0777],
          [-0.0352, -0.0073,  0.0056]],

         [[ 0.0239,  0.0708, -0.1001],
          [ 0.0646, -0.0438, -0.0736],
          [ 0.0322, -0.0870, -0.0971]],

         ...,

         [[-0.0598, -0.0744, -0.0902],
          [-0.0766,  0.0689, -0.0601],
          [-0.0342, -0.0735,  0.0937]],

         [[ 0.0664, -0.0860,  0.0654],
          [-0.0606,  0.0535, -0.0722],
          [ 0.0737, -0.0385, -0.0589]],

         [[-0.0114,  0.0125,  0.0753],
          [ 0.0342, -0.0312, -0.0980],
          [-0.0348, -0.0170,  0.0195]]]])
conv3.bias tensor([-0.0441,  0.0162,  0.0239,  0.0065, -0.0004,  0.0091, -0.0519,  0.0001,
         0.0366, -0.0465,  0.0360, -0.0187,  0.0654,  0.0003,  0.0255, -0.0037,
         0.0461,  0.0009,  0.0464, -0.0475,  0.0530, -0.0067, -0.0470,  0.0505,
        -0.0187,  0.0555,  0.0269,  0.0087, -0.0125,  0.0200, -0.0336, -0.0043])
conv4.weight tensor([[[[-0.0810, -0.0515,  0.0469],
          [ 0.0670, -0.0309,  0.0657],
          [-0.0472, -0.0738, -0.0059]],

         [[-0.0657, -0.0110, -0.0736],
          [-0.0226, -0.0429, -0.0053],
          [ 0.0609,  0.0207, -0.0135]],

         [[ 0.0014, -0.0423,  0.0037],
          [ 0.0500, -0.0612, -0.0729],
          [-0.0682, -0.0214,  0.0308]],

         ...,

         [[ 0.0028,  0.0581, -0.0427],
          [ 0.0793, -0.0056,  0.0672],
          [-0.0170,  0.0372, -0.0819]],

         [[-0.0347, -0.0710, -0.0434],
          [-0.0426, -0.0315, -0.0346],
          [-0.0192, -0.0001, -0.0064]],

         [[-0.0488, -0.0129,  0.0006],
          [ 0.0092, -0.0364, -0.0016],
          [ 0.0331, -0.0127, -0.0548]]],


        [[[ 0.0821, -0.0196, -0.0778],
          [-0.0781, -0.0573,  0.0141],
          [ 0.0410, -0.0529,  0.0658]],

         [[ 0.0716, -0.0206, -0.0645],
          [ 0.0142, -0.0378,  0.0782],
          [-0.0252,  0.0562, -0.0714]],

         [[ 0.0332,  0.0106,  0.0816],
          [-0.0655, -0.0790, -0.0465],
          [-0.0590, -0.0272, -0.0573]],

         ...,

         [[ 0.0469, -0.0602, -0.0452],
          [-0.0231,  0.0754, -0.0181],
          [ 0.0018,  0.0134, -0.0192]],

         [[ 0.0157,  0.0562, -0.0310],
          [ 0.0235, -0.0127, -0.0687],
          [ 0.0417, -0.0623, -0.0347]],

         [[-0.0782,  0.0361,  0.0831],
          [-0.0534, -0.0533,  0.0704],
          [-0.0154, -0.0520, -0.0778]]],


        [[[ 0.0148,  0.0321, -0.0107],
          [ 0.0094, -0.0278, -0.0694],
          [ 0.0641, -0.0534,  0.0240]],

         [[-0.0095,  0.0746,  0.0349],
          [ 0.0230, -0.0700, -0.0043],
          [-0.0548, -0.0628,  0.0673]],

         [[ 0.0268, -0.0273,  0.0545],
          [ 0.0635, -0.0806,  0.0229],
          [-0.0425, -0.0039, -0.0664]],

         ...,

         [[-0.0320, -0.0081,  0.0410],
          [ 0.0405, -0.0717, -0.0125],
          [-0.0721,  0.0213, -0.0056]],

         [[-0.0037, -0.0610,  0.0064],
          [-0.0764, -0.0005, -0.0492],
          [-0.0086, -0.0162, -0.0219]],

         [[ 0.0355, -0.0412, -0.0167],
          [-0.0715,  0.0617,  0.0088],
          [ 0.0401,  0.0323, -0.0205]]],


        ...,


        [[[-0.0417,  0.0072, -0.0391],
          [-0.0516,  0.0079,  0.0674],
          [ 0.0743, -0.0029,  0.0318]],

         [[-0.0063,  0.0343,  0.0197],
          [-0.0331, -0.0707, -0.0686],
          [-0.0553, -0.0127, -0.0453]],

         [[-0.0274,  0.0730,  0.0347],
          [-0.0824,  0.0247, -0.0313],
          [-0.0217, -0.0144,  0.0097]],

         ...,

         [[-0.0713, -0.0172, -0.0542],
          [-0.0203, -0.0798,  0.0537],
          [-0.0251,  0.0249,  0.0351]],

         [[ 0.0579,  0.0573, -0.0257],
          [-0.0494, -0.0062,  0.0217],
          [-0.0719,  0.0819, -0.0362]],

         [[-0.0447, -0.0501, -0.0106],
          [-0.0433,  0.0445, -0.0459],
          [ 0.0544, -0.0615,  0.0087]]],


        [[[-0.0612,  0.0478, -0.0146],
          [ 0.0116,  0.0651,  0.0336],
          [-0.0192,  0.0597, -0.0259]],

         [[ 0.0073, -0.0069,  0.0177],
          [-0.0526, -0.0101,  0.0407],
          [-0.0206, -0.0027,  0.0669]],

         [[-0.0083, -0.0357, -0.0599],
          [-0.0402,  0.0093, -0.0397],
          [-0.0576, -0.0186, -0.0272]],

         ...,

         [[ 0.0468,  0.0548,  0.0072],
          [-0.0507, -0.0368,  0.0066],
          [-0.0531, -0.0736,  0.0703]],

         [[-0.0103, -0.0579, -0.0479],
          [-0.0452, -0.0391,  0.0080],
          [ 0.0076,  0.0355, -0.0785]],

         [[ 0.0157,  0.0513,  0.0729],
          [ 0.0244,  0.0461,  0.0698],
          [-0.0747, -0.0130, -0.0452]]],


        [[[-0.0146,  0.0390, -0.0176],
          [ 0.0548,  0.0511,  0.0167],
          [-0.0228, -0.0651, -0.0381]],

         [[ 0.0773, -0.0526,  0.0804],
          [-0.0663, -0.0718, -0.0604],
          [-0.0103,  0.0601,  0.0510]],

         [[ 0.0336,  0.0101, -0.0295],
          [ 0.0274, -0.0583,  0.0706],
          [-0.0021, -0.0458,  0.0383]],

         ...,

         [[ 0.0293, -0.0275, -0.0009],
          [-0.0647,  0.0690,  0.0117],
          [-0.0546, -0.0570, -0.0209]],

         [[-0.0632,  0.0315,  0.0432],
          [-0.0391,  0.0214,  0.0614],
          [ 0.0648, -0.0268,  0.0465]],

         [[ 0.0775, -0.0314, -0.0509],
          [-0.0602,  0.0004, -0.0619],
          [ 0.0320, -0.0657, -0.0539]]]])
conv4.bias tensor([-0.0044,  0.0175,  0.0345, -0.0063,  0.0317, -0.0553,  0.0450, -0.0129,
        -0.0430, -0.0242,  0.0097, -0.0098, -0.0084, -0.0569, -0.0231,  0.0187,
         0.0364,  0.0050,  0.0203, -0.0316, -0.0129, -0.0482, -0.0127,  0.0148,
         0.0261,  0.0002,  0.0286, -0.0367, -0.0336, -0.0024, -0.0069, -0.0232,
        -0.0093, -0.0240, -0.0529,  0.0575,  0.0590, -0.0179,  0.0013,  0.0058,
         0.0383, -0.0128, -0.0326, -0.0111,  0.0460, -0.0496, -0.0399,  0.0103,
        -0.0063, -0.0121,  0.0563, -0.0552, -0.0218, -0.0444,  0.0444,  0.0373,
        -0.0358, -0.0014,  0.0176, -0.0448,  0.0349, -0.0042, -0.0466,  0.0488])
conv5.weight tensor([[[[ 3.6039e-02,  5.0864e-02, -5.7463e-02],
          [-1.1218e-02,  4.7584e-02, -6.4444e-03],
          [ 4.2639e-02,  3.5867e-02, -1.5633e-02]],

         [[ 3.5883e-02,  4.7303e-02, -5.6339e-02],
          [-2.3037e-02, -5.3443e-02,  4.7927e-02],
          [ 5.6887e-02,  4.0281e-02, -1.4408e-02]],

         [[-4.3050e-02, -3.7848e-02,  1.7345e-02],
          [ 3.0027e-02, -1.1317e-02, -3.0086e-02],
          [-1.9632e-02, -6.4027e-03,  3.3983e-02]],

         ...,

         [[ 2.4200e-02, -4.5779e-02,  2.9577e-03],
          [ 3.0656e-02,  5.8125e-02,  4.5153e-02],
          [-1.5820e-02, -1.3264e-02,  3.4626e-02]],

         [[ 2.6590e-02,  1.1341e-02,  1.2019e-03],
          [-4.6526e-02, -4.7453e-02,  5.1245e-02],
          [-2.8616e-02,  4.4947e-02, -3.1386e-02]],

         [[ 3.2520e-02, -2.3569e-02, -8.6880e-03],
          [-6.6272e-03,  3.1495e-03, -5.4638e-02],
          [-2.0621e-02, -5.7573e-02,  1.7796e-02]]],


        [[[-8.9432e-03,  4.6056e-04,  4.6491e-02],
          [ 5.0462e-02, -2.5214e-02,  9.0800e-03],
          [ 6.0389e-03,  2.2280e-02, -3.2343e-02]],

         [[-5.2860e-02,  2.1730e-02, -2.9545e-02],
          [-2.2184e-02, -4.5039e-02,  1.8185e-02],
          [-3.2999e-02, -2.8163e-02,  3.9034e-02]],

         [[-2.2318e-02,  5.7834e-02, -2.5228e-02],
          [ 1.1116e-02,  4.6221e-02,  2.7824e-02],
          [-4.6568e-03, -2.0663e-02, -4.6190e-02]],

         ...,

         [[ 3.2322e-03, -3.0753e-02,  1.5361e-02],
          [ 1.2983e-02,  4.0038e-02, -5.5949e-02],
          [-2.7929e-02,  4.8003e-02,  3.6958e-02]],

         [[ 2.8242e-02, -4.5220e-02, -5.8641e-02],
          [-4.6739e-04,  5.6417e-02, -4.9357e-02],
          [-1.5364e-02, -5.2287e-02,  2.1835e-02]],

         [[-7.5054e-03,  1.0553e-02,  5.6432e-02],
          [ 4.8072e-03, -4.1205e-02, -5.7975e-02],
          [ 4.6138e-02, -3.2175e-02,  5.6899e-02]]],


        [[[ 4.8479e-02,  1.0660e-02, -3.4518e-02],
          [-2.5408e-02,  1.6953e-02, -5.1534e-02],
          [ 5.3490e-02,  1.0384e-02, -4.7964e-02]],

         [[-3.4747e-02, -2.0491e-03, -2.1933e-02],
          [ 1.3057e-02, -3.2651e-02, -4.9241e-02],
          [ 3.8797e-02, -2.9210e-02,  3.5820e-02]],

         [[-4.6492e-02, -3.2847e-02, -3.2167e-02],
          [ 1.1700e-02, -4.0304e-02, -3.5237e-02],
          [ 1.3058e-03,  4.8827e-02,  1.7920e-02]],

         ...,

         [[ 3.7687e-02,  5.3231e-02, -4.0002e-02],
          [-3.6316e-02,  3.8788e-02, -1.4061e-02],
          [-4.9238e-02, -2.7376e-02, -4.4571e-02]],

         [[ 2.2018e-02,  1.9393e-04, -1.3701e-02],
          [-6.8389e-03,  2.0371e-02,  4.1071e-02],
          [ 3.6016e-02, -4.0534e-02,  3.5062e-02]],

         [[-5.6983e-02,  5.2547e-02,  1.3194e-02],
          [-2.0233e-02,  2.3737e-02,  5.7067e-02],
          [-3.9874e-03, -5.2605e-02,  1.4707e-02]]],


        ...,


        [[[-2.1341e-02, -4.0642e-02,  2.0019e-02],
          [ 3.7179e-02,  3.6928e-02,  7.5730e-03],
          [ 7.8373e-03, -2.3384e-02, -7.0761e-03]],

         [[-3.9258e-02, -1.7939e-02,  4.6823e-02],
          [-1.3518e-02,  1.6878e-02,  3.2321e-02],
          [ 3.9708e-02,  3.3384e-02, -5.4689e-02]],

         [[ 5.8508e-03, -1.7793e-02,  4.5288e-02],
          [ 4.8340e-03,  2.0383e-02, -9.9052e-04],
          [ 4.6519e-02,  2.1355e-02, -2.3843e-02]],

         ...,

         [[-5.0026e-02, -1.6764e-02, -4.1398e-02],
          [ 4.4372e-02, -5.1886e-02, -4.9910e-02],
          [ 2.7709e-02, -3.3561e-02, -5.2515e-02]],

         [[ 1.7820e-02, -4.9433e-02,  3.8803e-02],
          [ 6.6533e-04,  1.7229e-03,  2.9054e-02],
          [-2.1601e-02,  4.2624e-03,  1.5525e-03]],

         [[ 4.7546e-02,  3.1562e-02,  2.0204e-02],
          [-2.3327e-02, -4.6439e-02, -2.8187e-02],
          [-5.9620e-04, -2.3433e-02,  4.1966e-02]]],


        [[[ 5.1905e-02,  5.1559e-02, -5.6335e-02],
          [ 4.8505e-02, -5.4651e-02, -5.2922e-02],
          [ 2.5087e-02,  4.1031e-02, -1.4057e-02]],

         [[-7.9173e-03, -5.0923e-02,  5.8873e-02],
          [ 2.5529e-02, -4.6476e-02, -4.6181e-02],
          [-2.9956e-02,  1.3884e-02, -2.1031e-02]],

         [[ 4.9739e-02,  3.2743e-03, -3.1975e-02],
          [ 2.8493e-02, -1.7556e-02, -5.8386e-02],
          [ 3.6575e-02, -3.5255e-02,  4.7513e-02]],

         ...,

         [[ 3.7136e-02, -2.9891e-02, -4.1739e-02],
          [-5.8011e-03, -4.2960e-03,  2.8214e-02],
          [ 5.5325e-02, -4.2954e-02,  1.3146e-03]],

         [[ 3.4902e-02, -5.4353e-02, -6.2602e-03],
          [ 4.0648e-02,  5.8498e-02,  4.7195e-02],
          [ 2.1290e-02, -1.3752e-02, -2.7257e-02]],

         [[ 6.6767e-03, -1.1293e-02,  2.2587e-02],
          [-5.3883e-02, -4.4342e-02,  1.7599e-02],
          [ 8.4889e-03, -1.5086e-02,  3.0634e-02]]],


        [[[-5.5558e-02, -5.7188e-02,  2.6442e-02],
          [-4.3362e-02,  3.0551e-02,  1.7670e-02],
          [-5.7160e-02, -1.7888e-02,  4.3176e-02]],

         [[ 5.0481e-02,  2.1683e-02,  2.9851e-02],
          [-1.3574e-02,  4.1390e-02, -4.6194e-02],
          [ 7.0252e-05, -1.3404e-02, -3.6967e-02]],

         [[ 7.9219e-03, -3.0055e-02, -1.4214e-02],
          [ 4.7543e-02,  3.3687e-02,  1.2387e-02],
          [-2.6760e-04,  5.6925e-02, -7.6538e-03]],

         ...,

         [[ 3.4012e-02, -1.7234e-02,  8.9543e-03],
          [-3.7667e-02, -3.9657e-02,  3.2375e-02],
          [ 2.5965e-02,  1.5409e-02,  3.7432e-02]],

         [[ 3.4586e-03,  4.0107e-02,  2.7534e-02],
          [ 4.4203e-02, -2.9208e-03,  2.4138e-02],
          [ 3.2813e-02,  1.3888e-02, -4.7814e-02]],

         [[ 5.3589e-02,  6.0159e-04, -4.2195e-02],
          [ 3.9150e-02,  1.3756e-02, -5.4868e-03],
          [ 5.0067e-02, -1.1907e-02, -4.0111e-02]]]])
conv5.bias tensor([-0.0214,  0.0094,  0.0346, -0.0304, -0.0238,  0.0291,  0.0411,  0.0148,
        -0.0076, -0.0181, -0.0168,  0.0238, -0.0216,  0.0368,  0.0172, -0.0155,
        -0.0103, -0.0338, -0.0247, -0.0269, -0.0167,  0.0216, -0.0158,  0.0170,
         0.0246, -0.0369, -0.0248,  0.0021, -0.0236,  0.0300, -0.0228,  0.0297,
        -0.0177, -0.0194,  0.0333, -0.0094,  0.0172,  0.0324, -0.0197, -0.0281,
        -0.0262, -0.0055, -0.0044,  0.0330, -0.0249,  0.0369,  0.0448,  0.0409,
        -0.0256,  0.0301,  0.0092,  0.0177,  0.0072, -0.0022,  0.0116,  0.0051,
         0.0006,  0.0303,  0.0410, -0.0027, -0.0091, -0.0231,  0.0237,  0.0301,
        -0.0348, -0.0098, -0.0368, -0.0304,  0.0325,  0.0327,  0.0273,  0.0184,
        -0.0218, -0.0148, -0.0079, -0.0327,  0.0296, -0.0022, -0.0085, -0.0073,
        -0.0274,  0.0278,  0.0020, -0.0190,  0.0475,  0.0093,  0.0381, -0.0361,
         0.0093, -0.0075, -0.0220, -0.0282, -0.0073, -0.0358,  0.0191, -0.0352,
        -0.0077, -0.0307, -0.0197, -0.0142, -0.0197,  0.0074,  0.0209,  0.0258,
        -0.0232, -0.0248,  0.0332, -0.0271, -0.0262,  0.0041, -0.0347,  0.0064,
         0.0199, -0.0359, -0.0070,  0.0109,  0.0058, -0.0025, -0.0167, -0.0177,
        -0.0385,  0.0139,  0.0345, -0.0279, -0.0137,  0.0019,  0.0067,  0.0261])
fc1.weight tensor([[ 0.0973, -0.0534,  0.0755,  ...,  0.0794,  0.0095, -0.0914],
        [ 0.0302,  0.0580,  0.0495,  ...,  0.0819, -0.0852, -0.0382],
        [ 0.0216, -0.0621, -0.0111,  ..., -0.0954, -0.0816,  0.0402],
        ...,
        [-0.0605, -0.0868, -0.0907,  ..., -0.0402, -0.0834, -0.0542],
        [ 0.0836, -0.0145,  0.0092,  ..., -0.0568, -0.0596,  0.0065],
        [-0.0620,  0.0827, -0.0283,  ...,  0.0184, -0.0350, -0.0289]])
fc1.bias tensor([ 0.0040, -0.0150,  0.0370,  0.0213,  0.0343,  0.0318,  0.0180,  0.0260,
        -0.0066,  0.0266, -0.0083, -0.0004,  0.0318, -0.0089, -0.0153,  0.0307,
         0.0155, -0.0120, -0.0245, -0.0375,  0.0193, -0.0020,  0.0299, -0.0193,
         0.0071, -0.0008,  0.0154, -0.0364, -0.0224, -0.0053, -0.0256,  0.0381,
         0.0416, -0.0247,  0.0269,  0.0255,  0.0327, -0.0383,  0.0297, -0.0195,
        -0.0230,  0.0182,  0.0295, -0.0153, -0.0376, -0.0024, -0.0417,  0.0062,
         0.0512, -0.0220,  0.0074, -0.0098,  0.0161, -0.0126,  0.0050, -0.0095,
         0.0243,  0.0090,  0.0050,  0.0033,  0.0181,  0.0272, -0.0091,  0.0199,
        -0.0305, -0.0045, -0.0403, -0.0372,  0.0413,  0.0184,  0.0264, -0.0069,
         0.0219, -0.0189, -0.0319,  0.0299,  0.0306,  0.0426, -0.0274,  0.0152,
        -0.0152,  0.0248,  0.0209, -0.0162,  0.0216, -0.0310, -0.0051,  0.0299,
         0.0249, -0.0173, -0.0096, -0.0089,  0.0330, -0.0144, -0.0044, -0.0005,
         0.0310,  0.0337, -0.0465, -0.0131])
fc2.weight tensor([[ 0.1831,  0.1467, -0.0783, -0.0074, -0.1881, -0.1517, -0.0863,  0.0107,
          0.2241,  0.1040, -0.0884,  0.0917,  0.1286,  0.2068, -0.2063, -0.0449,
          0.1805,  0.1179,  0.1368,  0.1822, -0.2156,  0.1068,  0.0431, -0.0975,
          0.1288, -0.0830, -0.1061,  0.1128,  0.1315, -0.1523, -0.0300, -0.1592,
         -0.1446,  0.0829,  0.0590,  0.2186, -0.1605,  0.1154, -0.1158,  0.0431,
          0.1632, -0.2188,  0.0611, -0.1177,  0.1372, -0.1902,  0.0342,  0.0654,
         -0.1182, -0.1331, -0.0624,  0.1403,  0.2114,  0.1029,  0.1251,  0.0274,
         -0.1420, -0.0650,  0.2231, -0.1799, -0.0026, -0.0611,  0.1068,  0.0098,
          0.1830,  0.1872, -0.0464,  0.0751,  0.1372,  0.0877, -0.2256, -0.2199,
         -0.0266, -0.0277, -0.1749, -0.0973,  0.1555,  0.0676,  0.1640,  0.1651,
         -0.2079, -0.0961,  0.1511,  0.0555, -0.0466,  0.0725, -0.0778, -0.1947,
         -0.1629, -0.1345,  0.1974,  0.1406, -0.0157, -0.1441,  0.0758,  0.1236,
         -0.1269,  0.2267, -0.1810,  0.1863],
        [-0.2216, -0.1757, -0.1136,  0.1667,  0.0999,  0.0868, -0.0569,  0.1881,
          0.0174, -0.0045, -0.1348,  0.1296,  0.0038,  0.0931,  0.2280, -0.1946,
          0.0620,  0.0742,  0.0924,  0.1031,  0.0555,  0.1457,  0.1090, -0.1498,
          0.0050, -0.2221, -0.1110, -0.0127, -0.1094,  0.1121,  0.0387,  0.1324,
         -0.0634, -0.1847, -0.0685,  0.1594,  0.0361, -0.1706, -0.0996, -0.1888,
         -0.1788, -0.2231, -0.1183, -0.0212, -0.0433, -0.1208, -0.0782, -0.1238,
         -0.0285, -0.0041, -0.1447,  0.1758,  0.0288, -0.1837,  0.1898,  0.0647,
          0.0231,  0.1472,  0.2090,  0.2113, -0.2233, -0.0120,  0.1500,  0.1119,
          0.2011, -0.1384,  0.0338,  0.1856, -0.1595, -0.2126,  0.0321,  0.0800,
          0.0178, -0.0030, -0.1880,  0.0528, -0.0767, -0.0082, -0.0355, -0.2152,
         -0.0264,  0.0398, -0.0763, -0.1286,  0.1359,  0.1266,  0.0360, -0.0856,
         -0.2189,  0.0754,  0.0710,  0.0009,  0.1377,  0.2103,  0.2179,  0.1332,
         -0.2071, -0.0294, -0.0375,  0.0845],
        [-0.1982,  0.0690,  0.0549, -0.1548,  0.2277,  0.0456,  0.0419,  0.0994,
         -0.2182, -0.1338, -0.1532,  0.1384,  0.1407, -0.0522,  0.0563,  0.2065,
         -0.1438,  0.0924, -0.0518, -0.1420, -0.0664,  0.2162, -0.0289,  0.0579,
          0.1749, -0.1482,  0.1360, -0.0542, -0.2325, -0.0907, -0.0569,  0.0944,
         -0.0721,  0.1446, -0.2258, -0.2177,  0.1637,  0.1327,  0.2038,  0.1396,
         -0.1338,  0.1248,  0.1229,  0.0007,  0.0689,  0.1569, -0.0217,  0.1474,
          0.2151, -0.0238, -0.2136, -0.0352, -0.0855, -0.0872,  0.1941,  0.0893,
         -0.0676,  0.1046,  0.0282, -0.0845, -0.1952, -0.1635,  0.1442,  0.2077,
          0.0263, -0.1563, -0.2098,  0.1164,  0.2191, -0.0396,  0.2259, -0.1708,
          0.1819,  0.0830,  0.1425,  0.0338, -0.0592,  0.0940,  0.2091,  0.1802,
         -0.1451, -0.1311,  0.1854, -0.0253,  0.0413, -0.1946,  0.1732, -0.0128,
          0.0532,  0.0616, -0.0830,  0.1664, -0.0316,  0.1436,  0.1711,  0.0622,
          0.1923,  0.0337, -0.1951,  0.1146],
        [-0.0485, -0.0910,  0.1916, -0.0784,  0.1681, -0.0626,  0.2337,  0.2234,
          0.0474,  0.1459,  0.0490, -0.0596,  0.1266, -0.0113,  0.0136,  0.1194,
         -0.1691, -0.1416, -0.0873,  0.0843, -0.0649, -0.0166,  0.1999, -0.0028,
          0.2210, -0.0402, -0.0940, -0.1496, -0.0619, -0.1325, -0.1256,  0.1220,
         -0.0726,  0.0383, -0.1859, -0.0007, -0.2055,  0.2330, -0.1456, -0.1129,
          0.2139,  0.0429,  0.2233, -0.0787, -0.0512,  0.0727, -0.2305,  0.1471,
         -0.1030, -0.0863,  0.0998, -0.1495,  0.1817, -0.1853, -0.2178,  0.0131,
         -0.1532,  0.0642, -0.1673,  0.1311, -0.0095, -0.2143, -0.0979,  0.2306,
          0.1963, -0.0318,  0.0724,  0.1527, -0.0785,  0.0427,  0.1492, -0.2127,
          0.0246,  0.1165,  0.1830,  0.0221,  0.2102, -0.1938, -0.1574, -0.1741,
         -0.0059,  0.0691, -0.0370,  0.1472,  0.1465,  0.2276, -0.0589, -0.1032,
          0.1606, -0.1440, -0.1568, -0.0515,  0.1501,  0.1474,  0.2157,  0.1904,
         -0.0916,  0.1811,  0.2323, -0.0720],
        [-0.2014, -0.0758,  0.1612, -0.1952, -0.2316, -0.0399,  0.1660,  0.2015,
          0.1562, -0.0762,  0.0131,  0.1392,  0.0182,  0.2105, -0.0502,  0.0156,
          0.1215, -0.0284,  0.0887,  0.0831, -0.0015, -0.2129,  0.0592, -0.0623,
          0.0942,  0.0486,  0.0563, -0.1054, -0.0037, -0.1422,  0.1762, -0.0955,
          0.1986,  0.1458, -0.1342, -0.0587, -0.1974,  0.1221,  0.1567, -0.1894,
          0.2216,  0.1822,  0.1975,  0.2211,  0.0893, -0.1079,  0.0241,  0.0342,
          0.0558,  0.0982,  0.0548,  0.0135,  0.0816, -0.0439,  0.0403, -0.0070,
          0.0821,  0.0751,  0.1587,  0.1896,  0.0641, -0.1537, -0.1138, -0.1485,
         -0.0430,  0.0849, -0.0407, -0.1396, -0.1407,  0.0054,  0.0965, -0.1531,
         -0.0638, -0.1766, -0.0152, -0.1746, -0.2024,  0.2319,  0.2238, -0.1640,
          0.0882,  0.0975,  0.0602, -0.1733,  0.0121, -0.0595, -0.0757, -0.0483,
          0.0285,  0.0466,  0.1106,  0.0382, -0.1317,  0.0206, -0.0198, -0.0443,
         -0.2190, -0.0722, -0.1167, -0.1301],
        [ 0.1368, -0.1119, -0.0112,  0.1860, -0.0827, -0.1358,  0.0821,  0.1145,
          0.1100, -0.0681,  0.2187, -0.2108, -0.2151,  0.0783, -0.1934, -0.2205,
          0.1996,  0.0299, -0.0232,  0.1896, -0.2008, -0.0288,  0.0185,  0.0563,
          0.1916, -0.0772, -0.0171,  0.0096, -0.1189,  0.1989, -0.2038,  0.2060,
          0.2140, -0.1920,  0.0699,  0.1594, -0.1864,  0.0248, -0.0643,  0.0819,
          0.1665, -0.0272,  0.2092,  0.1891,  0.2259, -0.2096,  0.0667, -0.0412,
         -0.0087, -0.2205,  0.0719,  0.0811, -0.0955,  0.2131, -0.1056,  0.1192,
         -0.0012,  0.1110, -0.1247,  0.0182, -0.1481, -0.1447, -0.2316,  0.1041,
         -0.1405,  0.2113, -0.0751, -0.1196, -0.0387, -0.1174, -0.2304, -0.1771,
         -0.1253,  0.1987,  0.1967,  0.2164,  0.0763,  0.0177,  0.0060,  0.1915,
         -0.1772,  0.1384,  0.0423,  0.0561,  0.0341, -0.0930,  0.0719, -0.0652,
          0.2255,  0.1411, -0.1002,  0.0429, -0.1337,  0.0153,  0.0164, -0.0668,
         -0.2187,  0.0941, -0.0702,  0.2041],
        [-0.1755,  0.0861, -0.1395, -0.0689,  0.0922,  0.0478,  0.2322, -0.0379,
          0.0748,  0.1777, -0.1739, -0.1542, -0.0980, -0.2300,  0.2089,  0.1321,
         -0.0032,  0.0531, -0.0806, -0.0886,  0.2277, -0.0883,  0.1658,  0.0348,
         -0.1163, -0.0481,  0.2187, -0.1528, -0.0649, -0.0451,  0.0350,  0.1341,
         -0.1914, -0.0236, -0.0057, -0.0251,  0.2206,  0.0201,  0.1897, -0.1248,
         -0.2233,  0.0034, -0.1485,  0.1345,  0.1423,  0.1822,  0.1151,  0.0378,
         -0.0831,  0.0606, -0.2042, -0.2278, -0.2146, -0.1395,  0.1015,  0.2007,
         -0.0413, -0.1909, -0.1963, -0.1026,  0.1587,  0.0763,  0.1286,  0.2057,
         -0.0987,  0.0701,  0.1444,  0.1784,  0.0298, -0.1697, -0.0681, -0.1458,
         -0.1891,  0.0219,  0.1350, -0.0992, -0.1446,  0.1883, -0.0843, -0.0693,
         -0.1880, -0.2056, -0.1685, -0.0253, -0.0132, -0.0777, -0.1455,  0.0457,
         -0.0491,  0.1981,  0.1578,  0.1022, -0.1970,  0.1540,  0.2262, -0.2047,
          0.0540,  0.0852, -0.2182,  0.1441],
        [ 0.0443,  0.0047, -0.1059, -0.1475, -0.2244, -0.2090, -0.0101, -0.1176,
         -0.0880, -0.1745,  0.0910, -0.0013, -0.1757,  0.1407,  0.1650,  0.0759,
         -0.0626,  0.0744, -0.0070, -0.1414,  0.2098, -0.0979,  0.2260, -0.1734,
          0.0329, -0.0779, -0.1325,  0.0748,  0.2217, -0.0138,  0.0207, -0.1273,
         -0.1504,  0.1672, -0.2251,  0.0990, -0.1520, -0.1849,  0.1082,  0.0282,
          0.0919, -0.1518,  0.0791, -0.1975, -0.1640, -0.0046, -0.1986, -0.0508,
         -0.0536, -0.1076, -0.0464,  0.1892, -0.0572, -0.2188, -0.0681,  0.1338,
         -0.0278,  0.0824,  0.2290, -0.0890, -0.2265,  0.1911,  0.0405,  0.0699,
         -0.0312,  0.2145, -0.1719, -0.0134,  0.1772, -0.2186,  0.0995,  0.1431,
         -0.0470, -0.0383,  0.2152,  0.1612, -0.0839,  0.1160, -0.2023, -0.1192,
          0.0719,  0.1278,  0.0973, -0.0781,  0.1820,  0.1581,  0.0910,  0.2025,
          0.1234, -0.1449, -0.1599,  0.0061, -0.0134,  0.1969, -0.0123,  0.2027,
         -0.0511, -0.1024,  0.0013,  0.1130],
        [ 0.0412,  0.0634, -0.0453, -0.2328, -0.1530,  0.1446, -0.0714, -0.1483,
         -0.0058, -0.0951, -0.1347, -0.0430,  0.1034,  0.0966,  0.1325, -0.1113,
          0.0892, -0.0545,  0.0618, -0.0061,  0.0152, -0.1304,  0.0351,  0.1010,
          0.2318, -0.1875, -0.0319, -0.1551,  0.1717,  0.1057, -0.0645,  0.0039,
          0.2002,  0.2318,  0.1841,  0.1345,  0.1235,  0.1217, -0.1077, -0.1225,
         -0.1444,  0.1973, -0.1863,  0.0742, -0.0528,  0.1094, -0.0507, -0.2153,
         -0.1642,  0.0508,  0.1666, -0.0815, -0.0370,  0.0788, -0.0173, -0.1039,
          0.0182, -0.2075,  0.0403,  0.0886, -0.0706,  0.0151, -0.0817, -0.0340,
          0.0912, -0.1671,  0.0237,  0.0748,  0.1686,  0.0033,  0.1595,  0.0465,
          0.0363, -0.0213, -0.0915,  0.1939,  0.0322, -0.0541, -0.0175, -0.1491,
          0.0488, -0.0596, -0.1112,  0.0834,  0.2073,  0.1948,  0.1771, -0.0198,
          0.2001,  0.1691, -0.0650,  0.1478,  0.1556,  0.1790, -0.0664, -0.2007,
          0.0613, -0.0205, -0.1395, -0.1035],
        [-0.0410,  0.1709, -0.0822, -0.0825,  0.0942,  0.0681, -0.0453, -0.0769,
         -0.1019, -0.1728,  0.2326, -0.0742,  0.0027, -0.1169,  0.0078, -0.2095,
         -0.0018,  0.0812, -0.0430, -0.0764, -0.1315,  0.0784, -0.1125, -0.0988,
         -0.2014,  0.1404,  0.1505, -0.1072,  0.0935, -0.1015, -0.1047, -0.2134,
         -0.2209, -0.0762, -0.0294,  0.0781, -0.0258, -0.1216, -0.0813, -0.0540,
          0.0428,  0.1089,  0.2215,  0.1279,  0.0972,  0.1483, -0.1653, -0.1155,
          0.0454,  0.2168, -0.1518, -0.0460, -0.0073, -0.1011, -0.1773, -0.2299,
          0.0178, -0.1096,  0.0331, -0.2198, -0.0783,  0.0254, -0.0895,  0.0739,
         -0.1862,  0.0679, -0.1031,  0.1716, -0.0654,  0.0793, -0.1719, -0.0120,
          0.0559, -0.2044,  0.0483,  0.2290, -0.2116,  0.1660, -0.1444, -0.1338,
          0.2177,  0.1310,  0.2236, -0.0490,  0.2227,  0.1818,  0.0578, -0.0727,
         -0.1582,  0.1181,  0.0349,  0.0401,  0.1526, -0.1292, -0.1044,  0.1347,
          0.1003,  0.1063,  0.2025,  0.1737]])
fc2.bias tensor([-0.0594,  0.0895,  0.0373,  0.0661,  0.0151,  0.0685,  0.0118,  0.0749,
        -0.0033, -0.0567])
Epoch 6
-------------------------------
loss: 2.301120  [   64/25000]
loss: 2.285265  [ 6464/25000]
loss: 2.274859  [12864/25000]
loss: 2.282832  [19264/25000]
Test Error: 
 Accuracy: 12.0%, Avg loss: 2.282428 

Mean, Std and Var before Normalize:
 tensor(0.6234) tensor(0.2761) tensor(0.0762)
Mean, std and Var after normalize:
 tensor(-1.2772e-08) tensor(1.) tensor(1.0000)
Tensor after Normalize:
 tensor([0.0000, 0.3940, 0.2091, 0.3418, 0.3592, 0.4944, 0.7503])
Cumulative sum array:
tensor([0.0000, 0.3940, 0.6030, 0.9449, 1.3041, 1.7984, 2.5488])
Calculated argmax:
tensor(6)
Epoch 7
-------------------------------
