Files already downloaded and verified
Files already downloaded and verified
Epoch 1
-------------------------------
loss: 2.294446  [   64/50000]
loss: 2.294241  [ 6464/50000]
loss: 2.166853  [12864/50000]
loss: 1.999640  [19264/50000]
loss: 2.120387  [25664/50000]
loss: 1.879794  [32064/50000]
loss: 1.826582  [38464/50000]
loss: 1.607122  [44864/50000]
Test Error: 
 Accuracy: 39.1%, Avg loss: 1.664975 

--------- FREEZING PROCEDURE ---------
Tensor before normalize:
 tensor([0.9468, 0.9441, 0.9461, 0.9515, 0.9518, 0.9543, 0.9539, 0.9522, 0.9495,
        0.9439, 0.9555, 0.9514])
Mean and Std before Normalize:
 tensor(0.9501) tensor(0.0040)
Tensor after Normalize:
 tensor([ 0.9468, -1.5029, -1.0176,  0.3664,  0.4245,  1.0633,  0.9540,  0.5373,
        -0.1377, -1.5518,  1.3598,  0.9514])
Cumulative sum array:
tensor([ 0.9468, -0.5561, -1.5737, -1.2073, -0.7828,  0.2805,  1.2345,  1.7718,
         1.6341,  0.0823,  1.4421,  2.3935])
Calculated argmax:
tensor(11)
Epoch 2
-------------------------------
loss: 1.551967  [   64/50000]
loss: 1.645972  [ 6464/50000]
loss: 1.321599  [12864/50000]
loss: 1.565216  [19264/50000]
loss: 1.489226  [25664/50000]
loss: 1.455818  [32064/50000]
loss: 1.456542  [38464/50000]
loss: 1.381519  [44864/50000]
Test Error: 
 Accuracy: 49.0%, Avg loss: 1.390826 

--------- FREEZING PROCEDURE ---------
Tensor before normalize:
 tensor([0.9813, 0.9774, 0.9760, 0.9753, 0.9735, 0.9727, 0.9714, 0.9673, 0.9611,
        0.9552, 0.9667, 0.9679])
Mean and Std before Normalize:
 tensor(0.9705) tensor(0.0073)
Tensor after Normalize:
 tensor([ 0.9813,  0.9419,  0.7552,  0.6643,  0.4091,  0.3056,  0.1275, -0.4302,
        -1.2808, -2.1014, -0.5154,  0.9679])
Cumulative sum array:
tensor([ 0.9813,  1.9232,  2.6784,  3.3427,  3.7519,  4.0575,  4.1849,  3.7547,
         2.4739,  0.3725, -0.1428,  0.8250])
Calculated argmax:
tensor(6)
Epoch 3
-------------------------------
loss: 1.281496  [   64/50000]
loss: 1.578497  [ 6464/50000]
loss: 1.329130  [12864/50000]
loss: 1.362033  [19264/50000]
loss: 1.189792  [25664/50000]
loss: 1.338953  [32064/50000]
loss: 1.278155  [38464/50000]
loss: 1.209078  [44864/50000]
Test Error: 
 Accuracy: 52.6%, Avg loss: 1.295443 

--------- FREEZING PROCEDURE ---------
Tensor before normalize:
 tensor([0.9844, 0.9810, 0.9783, 0.9778, 0.9767, 0.9756, 0.9742, 0.9709, 0.9618,
        0.9557, 0.9683, 0.9707])
Mean and Std before Normalize:
 tensor(0.9729) tensor(0.0081)
Tensor after Normalize:
 tensor([ 0.9844,  0.9917,  0.6601,  0.5967,  0.4657,  0.3298,  0.1567, -0.2557,
        -1.3732, -2.1285, -0.5760,  0.9707])
Cumulative sum array:
tensor([ 0.9844,  1.9761,  2.6362,  3.2329,  3.6986,  4.0284,  4.1852,  3.9294,
         2.5563,  0.4278, -0.1483,  0.8224])
Calculated argmax:
tensor(6)
Epoch 4
-------------------------------
loss: 1.531883  [   64/50000]
loss: 1.085132  [ 6464/50000]
loss: 1.039597  [12864/50000]
loss: 1.219115  [19264/50000]
loss: 1.306883  [25664/50000]
loss: 1.370409  [32064/50000]
loss: 1.177003  [38464/50000]
loss: 1.291436  [44864/50000]
Test Error: 
 Accuracy: 58.9%, Avg loss: 1.142403 

--------- FREEZING PROCEDURE ---------
Tensor before normalize:
 tensor([0.9826, 0.9797, 0.9785, 0.9789, 0.9776, 0.9761, 0.9744, 0.9719, 0.9609,
        0.9547, 0.9686, 0.9711])
Mean and Std before Normalize:
 tensor(0.9729) tensor(0.0082)
Tensor after Normalize:
 tensor([ 0.9826,  0.8313,  0.6785,  0.7257,  0.5704,  0.3940,  0.1786, -0.1255,
        -1.4630, -2.2186, -0.5309,  0.9711])
Cumulative sum array:
tensor([0.9826, 1.8140, 2.4924, 3.2181, 3.7885, 4.1825, 4.3611, 4.2356, 2.7726,
        0.5540, 0.0231, 0.9942])
Calculated argmax:
tensor(6)
Epoch 5
-------------------------------
loss: 1.059118  [   64/50000]
loss: 0.942773  [ 6464/50000]
loss: 1.099206  [12864/50000]
loss: 0.977895  [19264/50000]
loss: 0.965077  [25664/50000]
loss: 0.924892  [32064/50000]
loss: 1.026394  [38464/50000]
loss: 1.020027  [44864/50000]
Test Error: 
 Accuracy: 61.9%, Avg loss: 1.068482 

--------- FREEZING PROCEDURE ---------
Tensor before normalize:
 tensor([0.9857, 0.9819, 0.9804, 0.9804, 0.9788, 0.9770, 0.9755, 0.9730, 0.9599,
        0.9542, 0.9692, 0.9726])
Mean and Std before Normalize:
 tensor(0.9741) tensor(0.0092)
Tensor after Normalize:
 tensor([ 0.9857,  0.8568,  0.6899,  0.6844,  0.5162,  0.3233,  0.1599, -0.1200,
        -1.5352, -2.1592, -0.5238,  0.9726])
Cumulative sum array:
tensor([ 0.9857,  1.8425,  2.5324,  3.2167,  3.7329,  4.0562,  4.2161,  4.0961,
         2.5609,  0.4017, -0.1220,  0.8506])
Calculated argmax:
tensor(6)
Epoch 6
-------------------------------
loss: 1.079224  [   64/50000]
loss: 1.037670  [ 6464/50000]
loss: 0.958177  [12864/50000]
loss: 1.134367  [19264/50000]
loss: 0.830376  [25664/50000]
loss: 0.885282  [32064/50000]
loss: 1.077541  [38464/50000]
loss: 0.995754  [44864/50000]
Test Error: 
 Accuracy: 65.1%, Avg loss: 1.010400 

--------- FREEZING PROCEDURE ---------
Tensor before normalize:
 tensor([0.9860, 0.9830, 0.9817, 0.9812, 0.9789, 0.9772, 0.9755, 0.9733, 0.9582,
        0.9526, 0.9694, 0.9728])
Mean and Std before Normalize:
 tensor(0.9741) tensor(0.0100)
Tensor after Normalize:
 tensor([ 0.9860,  0.8855,  0.7527,  0.7003,  0.4792,  0.3031,  0.1385, -0.0874,
        -1.5867, -2.1552, -0.4776,  0.9728])
Cumulative sum array:
tensor([ 0.9860,  1.8715,  2.6242,  3.3245,  3.8037,  4.1068,  4.2453,  4.1579,
         2.5712,  0.4161, -0.0615,  0.9113])
Calculated argmax:
tensor(6)
Epoch 7
-------------------------------
loss: 0.816015  [   64/50000]
loss: 0.959299  [ 6464/50000]
loss: 0.856997  [12864/50000]
loss: 0.853378  [19264/50000]
loss: 0.944478  [25664/50000]
loss: 0.727633  [32064/50000]
loss: 0.862284  [38464/50000]
loss: 0.870411  [44864/50000]
Test Error: 
 Accuracy: 66.5%, Avg loss: 0.958253 

--------- FREEZING PROCEDURE ---------
Tensor before normalize:
 tensor([0.9855, 0.9837, 0.9834, 0.9815, 0.9791, 0.9777, 0.9760, 0.9736, 0.9564,
        0.9509, 0.9692, 0.9727])
Mean and Std before Normalize:
 tensor(0.9741) tensor(0.0108)
Tensor after Normalize:
 tensor([ 0.9855,  0.8818,  0.8575,  0.6772,  0.4607,  0.3306,  0.1708, -0.0488,
        -1.6414, -2.1550, -0.4562,  0.9727])
Cumulative sum array:
tensor([0.9855, 1.8674, 2.7249, 3.4021, 3.8628, 4.1934, 4.3642, 4.3154, 2.6740,
        0.5190, 0.0628, 1.0355])
Calculated argmax:
tensor(6)
Epoch 8
-------------------------------
loss: 0.834519  [   64/50000]
loss: 0.852156  [ 6464/50000]
loss: 0.656313  [12864/50000]
loss: 0.778559  [19264/50000]
loss: 0.812623  [25664/50000]
loss: 0.747563  [32064/50000]
loss: 0.478138  [38464/50000]
loss: 0.885572  [44864/50000]
Test Error: 
 Accuracy: 67.2%, Avg loss: 0.941559 

--------- FREEZING PROCEDURE ---------
Tensor before normalize:
 tensor([0.9857, 0.9846, 0.9849, 0.9827, 0.9802, 0.9786, 0.9764, 0.9741, 0.9539,
        0.9486, 0.9692, 0.9728])
Mean and Std before Normalize:
 tensor(0.9743) tensor(0.0120)
Tensor after Normalize:
 tensor([ 0.9857,  0.8566,  0.8854,  0.7000,  0.4879,  0.3563,  0.1747, -0.0143,
        -1.6996, -2.1449, -0.4301,  0.9728])
Cumulative sum array:
tensor([0.9857, 1.8423, 2.7277, 3.4277, 3.9156, 4.2719, 4.4466, 4.4324, 2.7327,
        0.5878, 0.1578, 1.1306])
Calculated argmax:
tensor(6)
Epoch 9
-------------------------------
loss: 0.564494  [   64/50000]
loss: 0.603062  [ 6464/50000]
loss: 0.615281  [12864/50000]
loss: 0.683988  [19264/50000]
loss: 0.583159  [25664/50000]
loss: 0.564201  [32064/50000]
loss: 0.639291  [38464/50000]
loss: 0.556129  [44864/50000]
Test Error: 
 Accuracy: 69.9%, Avg loss: 0.864211 

--------- FREEZING PROCEDURE ---------
Tensor before normalize:
 tensor([0.9871, 0.9858, 0.9860, 0.9833, 0.9803, 0.9786, 0.9761, 0.9739, 0.9512,
        0.9459, 0.9688, 0.9731])
Mean and Std before Normalize:
 tensor(0.9742) tensor(0.0133)
Tensor after Normalize:
 tensor([ 0.9871,  0.8734,  0.8885,  0.6874,  0.4606,  0.3311,  0.1483, -0.0233,
        -1.7285, -2.1266, -0.4037,  0.9731])
Cumulative sum array:
tensor([0.9871, 1.8605, 2.7490, 3.4364, 3.8971, 4.2282, 4.3764, 4.3531, 2.6246,
        0.4979, 0.0942, 1.0673])
Calculated argmax:
tensor(6)
Epoch 10
-------------------------------
loss: 0.550135  [   64/50000]
loss: 0.666020  [ 6464/50000]
loss: 0.647573  [12864/50000]
loss: 0.689212  [19264/50000]
loss: 0.495477  [25664/50000]
loss: 0.557846  [32064/50000]
loss: 0.409687  [38464/50000]
loss: 0.490765  [44864/50000]
Test Error: 
 Accuracy: 70.2%, Avg loss: 0.903157 

--------- FREEZING PROCEDURE ---------
Tensor before normalize:
 tensor([0.9857, 0.9842, 0.9850, 0.9826, 0.9800, 0.9781, 0.9758, 0.9738, 0.9480,
        0.9426, 0.9686, 0.9726])
Mean and Std before Normalize:
 tensor(0.9731) tensor(0.0140)
Tensor after Normalize:
 tensor([ 0.9857,  0.7890,  0.8489,  0.6747,  0.4905,  0.3598,  0.1934,  0.0514,
        -1.7870, -2.1656, -0.3190,  0.9726])
Cumulative sum array:
tensor([0.9857, 1.7747, 2.6237, 3.2983, 3.7888, 4.1486, 4.3420, 4.3934, 2.6064,
        0.4408, 0.1218, 1.0944])
Calculated argmax:
tensor(7)
Epoch 11
-------------------------------
loss: 0.575588  [   64/50000]
loss: 0.441484  [ 6464/50000]
loss: 0.697077  [12864/50000]
loss: 0.648764  [19264/50000]
loss: 0.447879  [25664/50000]
loss: 0.610004  [32064/50000]
loss: 0.649914  [38464/50000]
loss: 0.507558  [44864/50000]
Test Error: 
 Accuracy: 71.9%, Avg loss: 0.849019 

--------- FREEZING PROCEDURE ---------
Tensor before normalize:
 tensor([0.9872, 0.9855, 0.9857, 0.9827, 0.9798, 0.9784, 0.9756, 0.9733, 0.9437,
        0.9389, 0.9682, 0.9724])
Mean and Std before Normalize:
 tensor(0.9726) tensor(0.0158)
Tensor after Normalize:
 tensor([ 0.9872,  0.8165,  0.8280,  0.6409,  0.4582,  0.3636,  0.1870,  0.0465,
        -1.8340, -2.1350, -0.2815,  0.9724])
Cumulative sum array:
tensor([0.9872, 1.8038, 2.6317, 3.2726, 3.7307, 4.0943, 4.2813, 4.3278, 2.4938,
        0.3588, 0.0773, 1.0496])
Calculated argmax:
tensor(7)
Epoch 12
-------------------------------
loss: 0.421175  [   64/50000]
loss: 0.442616  [ 6464/50000]
loss: 0.454495  [12864/50000]
loss: 0.613975  [19264/50000]
loss: 0.527023  [25664/50000]
loss: 0.330247  [32064/50000]
loss: 0.364353  [38464/50000]
loss: 0.610275  [44864/50000]
Test Error: 
 Accuracy: 72.4%, Avg loss: 0.859035 

--------- FREEZING PROCEDURE ---------
Tensor before normalize:
 tensor([0.9845, 0.9845, 0.9854, 0.9835, 0.9798, 0.9780, 0.9752, 0.9733, 0.9385,
        0.9341, 0.9680, 0.9725])
Mean and Std before Normalize:
 tensor(0.9714) tensor(0.0173)
Tensor after Normalize:
 tensor([ 0.9845,  0.7532,  0.8060,  0.6946,  0.4825,  0.3794,  0.2194,  0.1060,
        -1.8989, -2.1566, -0.1966,  0.9725])
Cumulative sum array:
tensor([0.9845, 1.7377, 2.5437, 3.2383, 3.7207, 4.1001, 4.3196, 4.4255, 2.5266,
        0.3700, 0.1733, 1.1458])
Calculated argmax:
tensor(7)
Epoch 13
-------------------------------
loss: 0.290220  [   64/50000]
loss: 0.313879  [ 6464/50000]
loss: 0.314841  [12864/50000]
loss: 0.466521  [19264/50000]
loss: 0.345536  [25664/50000]
loss: 0.403724  [32064/50000]
loss: 0.538039  [38464/50000]
loss: 0.368751  [44864/50000]
Test Error: 
 Accuracy: 72.5%, Avg loss: 0.901726 

--------- FREEZING PROCEDURE ---------
Tensor before normalize:
 tensor([0.9876, 0.9852, 0.9861, 0.9837, 0.9796, 0.9776, 0.9750, 0.9730, 0.9323,
        0.9285, 0.9673, 0.9728])
Mean and Std before Normalize:
 tensor(0.9707) tensor(0.0198)
Tensor after Normalize:
 tensor([ 0.9876,  0.7294,  0.7736,  0.6537,  0.4485,  0.3488,  0.2164,  0.1139,
        -1.9372, -2.1318, -0.1714,  0.9728])
Cumulative sum array:
tensor([0.9876, 1.7170, 2.4906, 3.1443, 3.5927, 3.9415, 4.1580, 4.2719, 2.3348,
        0.2030, 0.0316, 1.0044])
Calculated argmax:
tensor(7)
Epoch 14
-------------------------------
loss: 0.286182  [   64/50000]
loss: 0.364293  [ 6464/50000]
loss: 0.412237  [12864/50000]
loss: 0.414174  [19264/50000]
loss: 0.251267  [25664/50000]
loss: 0.284859  [32064/50000]
loss: 0.256084  [38464/50000]
loss: 0.254081  [44864/50000]
Test Error: 
 Accuracy: 72.4%, Avg loss: 0.947205 

--------- FREEZING PROCEDURE ---------
Tensor before normalize:
 tensor([0.9868, 0.9848, 0.9855, 0.9829, 0.9793, 0.9774, 0.9746, 0.9722, 0.9256,
        0.9223, 0.9661, 0.9707])
Mean and Std before Normalize:
 tensor(0.9690) tensor(0.0220)
Tensor after Normalize:
 tensor([ 0.9868,  0.7152,  0.7480,  0.6308,  0.4680,  0.3817,  0.2561,  0.1468,
        -1.9721, -2.1248, -0.1319,  0.9707])
Cumulative sum array:
tensor([0.9868, 1.7020, 2.4500, 3.0808, 3.5488, 3.9305, 4.1865, 4.3333, 2.3612,
        0.2364, 0.1045, 1.0752])
Calculated argmax:
tensor(7)
Epoch 15
-------------------------------
loss: 0.227050  [   64/50000]
loss: 0.239732  [ 6464/50000]
loss: 0.211446  [12864/50000]
loss: 0.169887  [19264/50000]
loss: 0.175176  [25664/50000]
loss: 0.309812  [32064/50000]
loss: 0.232443  [38464/50000]
loss: 0.192038  [44864/50000]
Test Error: 
 Accuracy: 72.4%, Avg loss: 1.020169 

--------- FREEZING PROCEDURE ---------
Tensor before normalize:
 tensor([0.9895, 0.9856, 0.9852, 0.9828, 0.9785, 0.9763, 0.9739, 0.9716, 0.9172,
        0.9153, 0.9651, 0.9705])
Mean and Std before Normalize:
 tensor(0.9676) tensor(0.0250)
Tensor after Normalize:
 tensor([ 0.9895,  0.7175,  0.7025,  0.6072,  0.4354,  0.3473,  0.2516,  0.1571,
        -2.0140, -2.0931, -0.1021,  0.9705])
Cumulative sum array:
tensor([ 9.8948e-01,  1.7070e+00,  2.4095e+00,  3.0167e+00,  3.4521e+00,
         3.7994e+00,  4.0510e+00,  4.2080e+00,  2.1940e+00,  1.0094e-01,
        -1.1106e-03,  9.6943e-01])
Calculated argmax:
tensor(7)
Epoch 16
-------------------------------
loss: 0.175257  [   64/50000]
loss: 0.109703  [ 6464/50000]
loss: 0.113720  [12864/50000]
loss: 0.081716  [19264/50000]
loss: 0.170246  [25664/50000]
loss: 0.256726  [32064/50000]
loss: 0.185513  [38464/50000]
loss: 0.251595  [44864/50000]
Test Error: 
 Accuracy: 73.2%, Avg loss: 1.044761 

--------- FREEZING PROCEDURE ---------
Tensor before normalize:
 tensor([0.9877, 0.9854, 0.9856, 0.9828, 0.9783, 0.9760, 0.9732, 0.9710, 0.9076,
        0.9071, 0.9637, 0.9700])
Mean and Std before Normalize:
 tensor(0.9657) tensor(0.0282)
Tensor after Normalize:
 tensor([ 0.9877,  0.7005,  0.7062,  0.6064,  0.4454,  0.3650,  0.2645,  0.1864,
        -2.0614, -2.0778, -0.0704,  0.9700])
Cumulative sum array:
tensor([0.9877, 1.6882, 2.3945, 3.0008, 3.4462, 3.8113, 4.0758, 4.2621, 2.2008,
        0.1229, 0.0526, 1.0226])
Calculated argmax:
tensor(7)
Epoch 17
-------------------------------
loss: 0.115221  [   64/50000]
loss: 0.094251  [ 6464/50000]
loss: 0.118907  [12864/50000]
loss: 0.112990  [19264/50000]
loss: 0.246512  [25664/50000]
loss: 0.146196  [32064/50000]
loss: 0.226538  [38464/50000]
loss: 0.120793  [44864/50000]
Test Error: 
 Accuracy: 73.0%, Avg loss: 1.100669 

--------- FREEZING PROCEDURE ---------
Tensor before normalize:
 tensor([0.9875, 0.9858, 0.9855, 0.9823, 0.9777, 0.9758, 0.9725, 0.9703, 0.8967,
        0.8982, 0.9622, 0.9690])
Mean and Std before Normalize:
 tensor(0.9636) tensor(0.0318)
Tensor after Normalize:
 tensor([ 0.9875,  0.6955,  0.6865,  0.5864,  0.4429,  0.3809,  0.2789,  0.2102,
        -2.1022, -2.0553, -0.0446,  0.9690])
Cumulative sum array:
tensor([0.9875, 1.6830, 2.3695, 2.9559, 3.3987, 3.7796, 4.0586, 4.2688, 2.1666,
        0.1113, 0.0668, 1.0358])
Calculated argmax:
tensor(7)
Epoch 18
-------------------------------
loss: 0.074007  [   64/50000]
loss: 0.252169  [ 6464/50000]
loss: 0.293314  [12864/50000]
loss: 0.102769  [19264/50000]
loss: 0.035538  [25664/50000]
loss: 0.149334  [32064/50000]
loss: 0.126879  [38464/50000]
loss: 0.166745  [44864/50000]
Test Error: 
 Accuracy: 73.6%, Avg loss: 1.101723 

--------- FREEZING PROCEDURE ---------
Tensor before normalize:
 tensor([0.9866, 0.9858, 0.9855, 0.9823, 0.9773, 0.9747, 0.9717, 0.9691, 0.8857,
        0.8891, 0.9607, 0.9682])
Mean and Std before Normalize:
 tensor(0.9614) tensor(0.0355)
Tensor after Normalize:
 tensor([ 0.9866,  0.6878,  0.6782,  0.5906,  0.4492,  0.3760,  0.2895,  0.2181,
        -2.1330, -2.0377, -0.0206,  0.9682])
Cumulative sum array:
tensor([0.9866, 1.6744, 2.3526, 2.9432, 3.3923, 3.7684, 4.0579, 4.2759, 2.1430,
        0.1052, 0.0847, 1.0528])
Calculated argmax:
tensor(7)
Epoch 19
-------------------------------
loss: 0.146602  [   64/50000]
loss: 0.033267  [ 6464/50000]
loss: 0.057850  [12864/50000]
loss: 0.114191  [19264/50000]
loss: 0.093524  [25664/50000]
loss: 0.073219  [32064/50000]
loss: 0.119847  [38464/50000]
loss: 0.092148  [44864/50000]
Test Error: 
 Accuracy: 73.8%, Avg loss: 1.151616 

--------- FREEZING PROCEDURE ---------
Tensor before normalize:
 tensor([0.9888, 0.9860, 0.9850, 0.9813, 0.9765, 0.9739, 0.9712, 0.9681, 0.8759,
        0.8802, 0.9591, 0.9668])
Mean and Std before Normalize:
 tensor(0.9594) tensor(0.0390)
Tensor after Normalize:
 tensor([ 0.9888,  0.6811,  0.6566,  0.5621,  0.4390,  0.3707,  0.3033,  0.2239,
        -2.1416, -2.0310, -0.0082,  0.9668])
Cumulative sum array:
tensor([0.9888, 1.6700, 2.3265, 2.8886, 3.3276, 3.6982, 4.0016, 4.2254, 2.0839,
        0.0528, 0.0446, 1.0114])
Calculated argmax:
tensor(7)
Epoch 20
-------------------------------
loss: 0.056327  [   64/50000]
loss: 0.155776  [ 6464/50000]
loss: 0.080789  [12864/50000]
loss: 0.139371  [19264/50000]
loss: 0.060170  [25664/50000]
loss: 0.119730  [32064/50000]
loss: 0.068346  [38464/50000]
loss: 0.092454  [44864/50000]
Test Error: 
 Accuracy: 73.0%, Avg loss: 1.261381 

--------- FREEZING PROCEDURE ---------
Tensor before normalize:
 tensor([0.9870, 0.9852, 0.9844, 0.9815, 0.9760, 0.9737, 0.9704, 0.9677, 0.8641,
        0.8712, 0.9575, 0.9664])
Mean and Std before Normalize:
 tensor(0.9571) tensor(0.0427)
Tensor after Normalize:
 tensor([ 0.9870,  0.6571,  0.6397,  0.5724,  0.4429,  0.3880,  0.3126,  0.2486,
        -2.1765, -2.0125,  0.0089,  0.9664])
Cumulative sum array:
tensor([0.9870, 1.6441, 2.2838, 2.8562, 3.2991, 3.6871, 3.9997, 4.2484, 2.0718,
        0.0594, 0.0683, 1.0347])
Calculated argmax:
tensor(7)
Epoch 21
-------------------------------
loss: 0.058770  [   64/50000]
loss: 0.057343  [ 6464/50000]
loss: 0.045801  [12864/50000]
loss: 0.020300  [19264/50000]
loss: 0.030169  [25664/50000]
loss: 0.155459  [32064/50000]
loss: 0.149733  [38464/50000]
loss: 0.060028  [44864/50000]
Test Error: 
 Accuracy: 73.7%, Avg loss: 1.175105 

--------- FREEZING PROCEDURE ---------
Tensor before normalize:
 tensor([0.9887, 0.9847, 0.9843, 0.9813, 0.9760, 0.9734, 0.9699, 0.9668, 0.8522,
        0.8602, 0.9554, 0.9653])
Mean and Std before Normalize:
 tensor(0.9549) tensor(0.0471)
Tensor after Normalize:
 tensor([ 0.9887,  0.6347,  0.6249,  0.5617,  0.4495,  0.3944,  0.3203,  0.2530,
        -2.1807, -2.0110,  0.0125,  0.9653])
Cumulative sum array:
tensor([0.9887, 1.6234, 2.2483, 2.8100, 3.2595, 3.6539, 3.9742, 4.2271, 2.0464,
        0.0354, 0.0479, 1.0131])
Calculated argmax:
tensor(7)
Epoch 22
-------------------------------
loss: 0.121558  [   64/50000]
loss: 0.096033  [ 6464/50000]
loss: 0.111034  [12864/50000]
loss: 0.047801  [19264/50000]
loss: 0.052650  [25664/50000]
loss: 0.013005  [32064/50000]
loss: 0.032218  [38464/50000]
loss: 0.086633  [44864/50000]
Test Error: 
 Accuracy: 75.0%, Avg loss: 1.244658 

--------- FREEZING PROCEDURE ---------
Tensor before normalize:
 tensor([0.9856, 0.9842, 0.9824, 0.9790, 0.9739, 0.9717, 0.9693, 0.9655, 0.8429,
        0.8518, 0.9530, 0.9636])
Mean and Std before Normalize:
 tensor(0.9519) tensor(0.0498)
Tensor after Normalize:
 tensor([ 0.9856,  0.6482,  0.6126,  0.5452,  0.4415,  0.3987,  0.3493,  0.2723,
        -2.1903, -2.0116,  0.0219,  0.9636])
Cumulative sum array:
tensor([0.9856, 1.6337, 2.2463, 2.7915, 3.2331, 3.6318, 3.9811, 4.2534, 2.0631,
        0.0515, 0.0734, 1.0370])
Calculated argmax:
tensor(7)
Epoch 23
-------------------------------
loss: 0.017465  [   64/50000]
loss: 0.031678  [ 6464/50000]
loss: 0.044182  [12864/50000]
loss: 0.091190  [19264/50000]
loss: 0.164374  [25664/50000]
loss: 0.024578  [32064/50000]
loss: 0.028910  [38464/50000]
loss: 0.054839  [44864/50000]
Test Error: 
 Accuracy: 74.6%, Avg loss: 1.281461 

--------- FREEZING PROCEDURE ---------
Tensor before normalize:
 tensor([0.9836, 0.9818, 0.9810, 0.9774, 0.9730, 0.9707, 0.9677, 0.9644, 0.8335,
        0.8452, 0.9513, 0.9629])
Mean and Std before Normalize:
 tensor(0.9494) tensor(0.0523)
Tensor after Normalize:
 tensor([ 0.9836,  0.6199,  0.6043,  0.5358,  0.4520,  0.4078,  0.3512,  0.2878,
        -2.2172, -1.9933,  0.0375,  0.9629])
Cumulative sum array:
tensor([0.9836, 1.6035, 2.2078, 2.7436, 3.1955, 3.6034, 3.9546, 4.2424, 2.0252,
        0.0318, 0.0694, 1.0323])
Calculated argmax:
tensor(7)
Epoch 24
-------------------------------
loss: 0.025200  [   64/50000]
loss: 0.093124  [ 6464/50000]
loss: 0.025925  [12864/50000]
loss: 0.005368  [19264/50000]
loss: 0.016014  [25664/50000]
loss: 0.067739  [32064/50000]
loss: 0.029872  [38464/50000]
loss: 0.023805  [44864/50000]
Test Error: 
 Accuracy: 74.3%, Avg loss: 1.297906 

--------- FREEZING PROCEDURE ---------
Tensor before normalize:
 tensor([0.9863, 0.9831, 0.9808, 0.9784, 0.9735, 0.9708, 0.9678, 0.9639, 0.8271,
        0.8388, 0.9506, 0.9612])
Mean and Std before Normalize:
 tensor(0.9485) tensor(0.0550)
Tensor after Normalize:
 tensor([ 0.9863,  0.6282,  0.5871,  0.5438,  0.4548,  0.4055,  0.3514,  0.2794,
        -2.2096, -1.9956,  0.0368,  0.9612])
Cumulative sum array:
tensor([0.9863, 1.6145, 2.2016, 2.7454, 3.2002, 3.6056, 3.9571, 4.2365, 2.0268,
        0.0312, 0.0681, 1.0293])
Calculated argmax:
tensor(7)
Epoch 25
-------------------------------
loss: 0.035169  [   64/50000]
loss: 0.016754  [ 6464/50000]
loss: 0.026376  [12864/50000]
loss: 0.140651  [19264/50000]
loss: 0.008484  [25664/50000]
loss: 0.028562  [32064/50000]
loss: 0.034166  [38464/50000]
loss: 0.108734  [44864/50000]
Test Error: 
 Accuracy: 74.8%, Avg loss: 1.309887 

--------- FREEZING PROCEDURE ---------
Tensor before normalize:
 tensor([0.9877, 0.9832, 0.9832, 0.9800, 0.9738, 0.9706, 0.9672, 0.9627, 0.8128,
        0.8271, 0.9486, 0.9595])
Mean and Std before Normalize:
 tensor(0.9464) tensor(0.0602)
Tensor after Normalize:
 tensor([ 0.9877,  0.6117,  0.6120,  0.5589,  0.4565,  0.4025,  0.3454,  0.2718,
        -2.2198, -1.9816,  0.0373,  0.9595])
Cumulative sum array:
tensor([0.9877, 1.5994, 2.2114, 2.7702, 3.2267, 3.6292, 3.9746, 4.2463, 2.0265,
        0.0449, 0.0822, 1.0417])
Calculated argmax:
tensor(7)
Epoch 26
-------------------------------
loss: 0.006927  [   64/50000]
loss: 0.035749  [ 6464/50000]
loss: 0.013832  [12864/50000]
loss: 0.008143  [19264/50000]
loss: 0.011563  [25664/50000]
loss: 0.179456  [32064/50000]
loss: 0.024896  [38464/50000]
loss: 0.069769  [44864/50000]
Test Error: 
 Accuracy: 75.7%, Avg loss: 1.247762 

--------- FREEZING PROCEDURE ---------
Tensor before normalize:
 tensor([0.9868, 0.9835, 0.9824, 0.9795, 0.9740, 0.9701, 0.9669, 0.9621, 0.8055,
        0.8207, 0.9469, 0.9585])
Mean and Std before Normalize:
 tensor(0.9447) tensor(0.0626)
Tensor after Normalize:
 tensor([ 0.9868,  0.6186,  0.6006,  0.5551,  0.4677,  0.4051,  0.3532,  0.2766,
        -2.2233, -1.9800,  0.0349,  0.9585])
Cumulative sum array:
tensor([0.9868, 1.6054, 2.2061, 2.7611, 3.2288, 3.6339, 3.9871, 4.2637, 2.0404,
        0.0604, 0.0952, 1.0537])
Calculated argmax:
tensor(7)
Epoch 27
-------------------------------
loss: 0.054498  [   64/50000]
loss: 0.079585  [ 6464/50000]
loss: 0.066970  [12864/50000]
loss: 0.017832  [19264/50000]
loss: 0.042549  [25664/50000]
loss: 0.014189  [32064/50000]
loss: 0.056192  [38464/50000]
loss: 0.047613  [44864/50000]
Test Error: 
 Accuracy: 74.8%, Avg loss: 1.441925 

--------- FREEZING PROCEDURE ---------
Tensor before normalize:
 tensor([0.9829, 0.9817, 0.9822, 0.9779, 0.9728, 0.9683, 0.9653, 0.9602, 0.7839,
        0.8026, 0.9430, 0.9550])
Mean and Std before Normalize:
 tensor(0.9397) tensor(0.0695)
Tensor after Normalize:
 tensor([ 0.9829,  0.6042,  0.6125,  0.5504,  0.4759,  0.4126,  0.3685,  0.2956,
        -2.2397, -1.9705,  0.0486,  0.9550])
Cumulative sum array:
tensor([0.9829, 1.5871, 2.1996, 2.7500, 3.2259, 3.6385, 4.0070, 4.3025, 2.0628,
        0.0923, 0.1409, 1.0958])
Calculated argmax:
tensor(7)
Epoch 28
-------------------------------
loss: 0.101538  [   64/50000]
loss: 0.038862  [ 6464/50000]
loss: 0.023730  [12864/50000]
loss: 0.043008  [19264/50000]
loss: 0.045447  [25664/50000]
loss: 0.134362  [32064/50000]
loss: 0.050057  [38464/50000]
loss: 0.037328  [44864/50000]
Test Error: 
 Accuracy: 75.2%, Avg loss: 1.369933 

--------- FREEZING PROCEDURE ---------
Tensor before normalize:
 tensor([0.9835, 0.9813, 0.9819, 0.9775, 0.9715, 0.9673, 0.9638, 0.9590, 0.7769,
        0.7973, 0.9418, 0.9544])
Mean and Std before Normalize:
 tensor(0.9380) tensor(0.0717)
Tensor after Normalize:
 tensor([ 0.9835,  0.6033,  0.6124,  0.5507,  0.4673,  0.4080,  0.3596,  0.2923,
        -2.2471, -1.9624,  0.0525,  0.9544])
Cumulative sum array:
tensor([0.9835, 1.5869, 2.1992, 2.7499, 3.2172, 3.6252, 3.9848, 4.2771, 2.0300,
        0.0676, 0.1201, 1.0745])
Calculated argmax:
tensor(7)
Epoch 29
-------------------------------
loss: 0.025217  [   64/50000]
loss: 0.049498  [ 6464/50000]
loss: 0.045385  [12864/50000]
loss: 0.074992  [19264/50000]
loss: 0.034568  [25664/50000]
loss: 0.044831  [32064/50000]
loss: 0.079809  [38464/50000]
loss: 0.127942  [44864/50000]
Test Error: 
 Accuracy: 75.0%, Avg loss: 1.359340 

--------- FREEZING PROCEDURE ---------
Tensor before normalize:
 tensor([0.9843, 0.9818, 0.9817, 0.9778, 0.9715, 0.9672, 0.9640, 0.9592, 0.7753,
        0.7968, 0.9413, 0.9556])
Mean and Std before Normalize:
 tensor(0.9380) tensor(0.0722)
Tensor after Normalize:
 tensor([ 0.9843,  0.6058,  0.6046,  0.5508,  0.4625,  0.4038,  0.3588,  0.2927,
        -2.2535, -1.9551,  0.0453,  0.9556])
Cumulative sum array:
tensor([0.9843, 1.5901, 2.1948, 2.7456, 3.2081, 3.6119, 3.9707, 4.2635, 2.0100,
        0.0549, 0.1002, 1.0558])
Calculated argmax:
tensor(7)
Epoch 30
-------------------------------
loss: 0.026836  [   64/50000]
loss: 0.016526  [ 6464/50000]
loss: 0.009019  [12864/50000]
loss: 0.043640  [19264/50000]
loss: 0.016207  [25664/50000]
loss: 0.019749  [32064/50000]
loss: 0.015368  [38464/50000]
loss: 0.020491  [44864/50000]
Test Error: 
 Accuracy: 74.9%, Avg loss: 1.392569 

--------- FREEZING PROCEDURE ---------
Tensor before normalize:
 tensor([0.9863, 0.9820, 0.9808, 0.9773, 0.9704, 0.9660, 0.9626, 0.9570, 0.7579,
        0.7824, 0.9380, 0.9533])
Mean and Std before Normalize:
 tensor(0.9345) tensor(0.0782)
Tensor after Normalize:
 tensor([ 0.9863,  0.6075,  0.5923,  0.5480,  0.4593,  0.4032,  0.3592,  0.2882,
        -2.2596, -1.9465,  0.0447,  0.9533])
Cumulative sum array:
tensor([0.9863, 1.5938, 2.1861, 2.7341, 3.1934, 3.5966, 3.9558, 4.2440, 1.9844,
        0.0379, 0.0826, 1.0359])
Calculated argmax:
tensor(7)
Epoch 31
-------------------------------
loss: 0.043651  [   64/50000]
loss: 0.008763  [ 6464/50000]
loss: 0.094447  [12864/50000]
loss: 0.007605  [19264/50000]
loss: 0.045714  [25664/50000]
loss: 0.045942  [32064/50000]
loss: 0.040140  [38464/50000]
loss: 0.012602  [44864/50000]
Test Error: 
 Accuracy: 75.7%, Avg loss: 1.396597 

--------- FREEZING PROCEDURE ---------
Tensor before normalize:
 tensor([0.9792, 0.9792, 0.9803, 0.9759, 0.9687, 0.9655, 0.9623, 0.9563, 0.7503,
        0.7744, 0.9360, 0.9507])
Mean and Std before Normalize:
 tensor(0.9316) tensor(0.0803)
Tensor after Normalize:
 tensor([ 0.9792,  0.5936,  0.6076,  0.5521,  0.4625,  0.4220,  0.3829,  0.3080,
        -2.2577, -1.9572,  0.0546,  0.9507])
Cumulative sum array:
tensor([0.9792, 1.5728, 2.1804, 2.7325, 3.1950, 3.6170, 3.9999, 4.3078, 2.0501,
        0.0928, 0.1475, 1.0982])
Calculated argmax:
tensor(7)
Epoch 32
-------------------------------
loss: 0.011798  [   64/50000]
loss: 0.014597  [ 6464/50000]
loss: 0.041839  [12864/50000]
loss: 0.004007  [19264/50000]
loss: 0.044929  [25664/50000]
loss: 0.019168  [32064/50000]
loss: 0.004021  [38464/50000]
loss: 0.036150  [44864/50000]
Test Error: 
 Accuracy: 74.9%, Avg loss: 1.416944 

--------- FREEZING PROCEDURE ---------
Tensor before normalize:
 tensor([0.9844, 0.9820, 0.9799, 0.9759, 0.9700, 0.9660, 0.9626, 0.9565, 0.7427,
        0.7697, 0.9354, 0.9473])
Mean and Std before Normalize:
 tensor(0.9310) tensor(0.0831)
Tensor after Normalize:
 tensor([ 0.9844,  0.6130,  0.5878,  0.5396,  0.4692,  0.4206,  0.3801,  0.3068,
        -2.2656, -1.9407,  0.0524,  0.9473])
Cumulative sum array:
tensor([0.9844, 1.5973, 2.1852, 2.7248, 3.1939, 3.6145, 3.9946, 4.3013, 2.0357,
        0.0950, 0.1474, 1.0947])
Calculated argmax:
tensor(7)
Epoch 33
-------------------------------
loss: 0.000644  [   64/50000]
loss: 0.137334  [ 6464/50000]
loss: 0.029078  [12864/50000]
loss: 0.002963  [19264/50000]
loss: 0.038216  [25664/50000]
loss: 0.052600  [32064/50000]
loss: 0.019711  [38464/50000]
loss: 0.060425  [44864/50000]
Test Error: 
 Accuracy: 75.7%, Avg loss: 1.386020 

--------- FREEZING PROCEDURE ---------
Tensor before normalize:
 tensor([0.9855, 0.9786, 0.9779, 0.9751, 0.9686, 0.9658, 0.9612, 0.9550, 0.7369,
        0.7645, 0.9346, 0.9506])
Mean and Std before Normalize:
 tensor(0.9295) tensor(0.0849)
Tensor after Normalize:
 tensor([ 0.9855,  0.5778,  0.5700,  0.5363,  0.4602,  0.4268,  0.3736,  0.3001,
        -2.2693, -1.9441,  0.0602,  0.9506])
Cumulative sum array:
tensor([0.9855, 1.5634, 2.1334, 2.6697, 3.1299, 3.5567, 3.9303, 4.2304, 1.9611,
        0.0169, 0.0771, 1.0278])
Calculated argmax:
tensor(7)
Epoch 34
-------------------------------
loss: 0.040319  [   64/50000]
loss: 0.017522  [ 6464/50000]
loss: 0.036457  [12864/50000]
loss: 0.004855  [19264/50000]
loss: 0.012236  [25664/50000]
loss: 0.007998  [32064/50000]
loss: 0.003111  [38464/50000]
loss: 0.009907  [44864/50000]
Test Error: 
 Accuracy: 75.4%, Avg loss: 1.427340 

--------- FREEZING PROCEDURE ---------
Tensor before normalize:
 tensor([0.9806, 0.9759, 0.9782, 0.9736, 0.9683, 0.9647, 0.9601, 0.9534, 0.7279,
        0.7546, 0.9313, 0.9441])
Mean and Std before Normalize:
 tensor(0.9261) tensor(0.0877)
Tensor after Normalize:
 tensor([ 0.9806,  0.5681,  0.5943,  0.5422,  0.4812,  0.4402,  0.3882,  0.3119,
        -2.2587, -1.9551,  0.0600,  0.9441])
Cumulative sum array:
tensor([0.9806, 1.5487, 2.1430, 2.6851, 3.1664, 3.6065, 3.9947, 4.3066, 2.0479,
        0.0928, 0.1528, 1.0969])
Calculated argmax:
tensor(7)
Epoch 35
-------------------------------
loss: 0.003329  [   64/50000]
loss: 0.075994  [ 6464/50000]
loss: 0.010162  [12864/50000]
loss: 0.007538  [19264/50000]
loss: 0.012379  [25664/50000]
loss: 0.011842  [32064/50000]
loss: 0.001489  [38464/50000]
loss: 0.012131  [44864/50000]
Test Error: 
 Accuracy: 75.2%, Avg loss: 1.361634 

--------- FREEZING PROCEDURE ---------
Tensor before normalize:
 tensor([0.9866, 0.9808, 0.9794, 0.9762, 0.9674, 0.9635, 0.9599, 0.9530, 0.7189,
        0.7482, 0.9291, 0.9451])
Mean and Std before Normalize:
 tensor(0.9257) tensor(0.0914)
Tensor after Normalize:
 tensor([ 0.9866,  0.6029,  0.5879,  0.5522,  0.4562,  0.4140,  0.3739,  0.2993,
        -2.2623, -1.9412,  0.0379,  0.9451])
Cumulative sum array:
tensor([0.9866, 1.5894, 2.1774, 2.7296, 3.1857, 3.5998, 3.9737, 4.2730, 2.0107,
        0.0695, 0.1074, 1.0525])
Calculated argmax:
tensor(7)
Epoch 36
-------------------------------
loss: 0.055624  [   64/50000]
loss: 0.032197  [ 6464/50000]
loss: 0.020118  [12864/50000]
loss: 0.039653  [19264/50000]
loss: 0.068187  [25664/50000]
loss: 0.004492  [32064/50000]
loss: 0.010531  [38464/50000]
loss: 0.026232  [44864/50000]
Test Error: 
 Accuracy: 75.8%, Avg loss: 1.413523 

--------- FREEZING PROCEDURE ---------
Tensor before normalize:
 tensor([0.9823, 0.9801, 0.9797, 0.9744, 0.9673, 0.9633, 0.9585, 0.9524, 0.7138,
        0.7417, 0.9292, 0.9459])
Mean and Std before Normalize:
 tensor(0.9240) tensor(0.0932)
Tensor after Normalize:
 tensor([ 0.9823,  0.6015,  0.5970,  0.5399,  0.4641,  0.4215,  0.3700,  0.3039,
        -2.2561, -1.9567,  0.0550,  0.9459])
Cumulative sum array:
tensor([0.9823, 1.5838, 2.1809, 2.7208, 3.1849, 3.6064, 3.9764, 4.2803, 2.0242,
        0.0675, 0.1225, 1.0684])
Calculated argmax:
tensor(7)
Epoch 37
-------------------------------
loss: 0.030278  [   64/50000]
loss: 0.013105  [ 6464/50000]
loss: 0.005514  [12864/50000]
loss: 0.013671  [19264/50000]
loss: 0.016554  [25664/50000]
loss: 0.001459  [32064/50000]
loss: 0.004543  [38464/50000]
loss: 0.000744  [44864/50000]
Test Error: 
 Accuracy: 76.1%, Avg loss: 1.475463 

--------- FREEZING PROCEDURE ---------
Tensor before normalize:
 tensor([0.9774, 0.9754, 0.9772, 0.9723, 0.9667, 0.9623, 0.9574, 0.9510, 0.7066,
        0.7359, 0.9272, 0.9429])
Mean and Std before Normalize:
 tensor(0.9210) tensor(0.0947)
Tensor after Normalize:
 tensor([ 0.9774,  0.5742,  0.5926,  0.5410,  0.4819,  0.4355,  0.3843,  0.3167,
        -2.2639, -1.9542,  0.0649,  0.9429])
Cumulative sum array:
tensor([0.9774, 1.5516, 2.1442, 2.6852, 3.1672, 3.6027, 3.9870, 4.3037, 2.0399,
        0.0856, 0.1506, 1.0935])
Calculated argmax:
tensor(7)
Epoch 38
-------------------------------
loss: 0.044125  [   64/50000]
loss: 0.039614  [ 6464/50000]
loss: 0.031942  [12864/50000]
loss: 0.035039  [19264/50000]
loss: 0.056824  [25664/50000]
loss: 0.008524  [32064/50000]
loss: 0.006792  [38464/50000]
loss: 0.021734  [44864/50000]
Test Error: 
 Accuracy: 76.2%, Avg loss: 1.388096 

--------- FREEZING PROCEDURE ---------
Tensor before normalize:
 tensor([0.9796, 0.9774, 0.9773, 0.9747, 0.9672, 0.9633, 0.9591, 0.9519, 0.7035,
        0.7318, 0.9272, 0.9449])
Mean and Std before Normalize:
 tensor(0.9215) tensor(0.0966)
Tensor after Normalize:
 tensor([ 0.9796,  0.5788,  0.5773,  0.5507,  0.4730,  0.4325,  0.3892,  0.3148,
        -2.2560, -1.9630,  0.0589,  0.9449])
Cumulative sum array:
tensor([0.9796, 1.5584, 2.1357, 2.6864, 3.1594, 3.5920, 3.9812, 4.2959, 2.0399,
        0.0769, 0.1359, 1.0807])
Calculated argmax:
tensor(7)
Epoch 39
-------------------------------
loss: 0.012456  [   64/50000]
loss: 0.000223  [ 6464/50000]
loss: 0.018953  [12864/50000]
loss: 0.015052  [19264/50000]
loss: 0.008947  [25664/50000]
loss: 0.002720  [32064/50000]
loss: 0.004025  [38464/50000]
loss: 0.052761  [44864/50000]
Test Error: 
 Accuracy: 75.8%, Avg loss: 1.470826 

--------- FREEZING PROCEDURE ---------
Tensor before normalize:
 tensor([0.9752, 0.9752, 0.9764, 0.9736, 0.9655, 0.9618, 0.9573, 0.9499, 0.7005,
        0.7359, 0.9265, 0.9427])
Mean and Std before Normalize:
 tensor(0.9200) tensor(0.0958)
Tensor after Normalize:
 tensor([ 0.9752,  0.5760,  0.5885,  0.5591,  0.4750,  0.4365,  0.3888,  0.3115,
        -2.2925, -1.9228,  0.0673,  0.9427])
Cumulative sum array:
tensor([0.9752, 1.5512, 2.1397, 2.6988, 3.1738, 3.6103, 3.9990, 4.3105, 2.0180,
        0.0952, 0.1625, 1.1052])
Calculated argmax:
tensor(7)
Epoch 40
-------------------------------
loss: 0.000265  [   64/50000]
loss: 0.002317  [ 6464/50000]
loss: 0.002157  [12864/50000]
loss: 0.005794  [19264/50000]
loss: 0.007391  [25664/50000]
loss: 0.020612  [32064/50000]
loss: 0.002625  [38464/50000]
loss: 0.010766  [44864/50000]
Test Error: 
 Accuracy: 76.0%, Avg loss: 1.374390 

--------- FREEZING PROCEDURE ---------
Tensor before normalize:
 tensor([0.9822, 0.9799, 0.9782, 0.9732, 0.9662, 0.9616, 0.9575, 0.9504, 0.6981,
        0.7322, 0.9262, 0.9422])
Mean and Std before Normalize:
 tensor(0.9207) tensor(0.0977)
Tensor after Normalize:
 tensor([ 0.9822,  0.6068,  0.5890,  0.5378,  0.4665,  0.4196,  0.3777,  0.3049,
        -2.2787, -1.9302,  0.0562,  0.9422])
Cumulative sum array:
tensor([0.9822, 1.5890, 2.1780, 2.7158, 3.1823, 3.6018, 3.9795, 4.2844, 2.0058,
        0.0756, 0.1319, 1.0740])
Calculated argmax:
tensor(7)
Epoch 41
-------------------------------
loss: 0.002773  [   64/50000]
loss: 0.004897  [ 6464/50000]
loss: 0.031296  [12864/50000]
loss: 0.040096  [19264/50000]
loss: 0.009160  [25664/50000]
loss: 0.000786  [32064/50000]
loss: 0.001531  [38464/50000]
loss: 0.043497  [44864/50000]
Test Error: 
 Accuracy: 76.4%, Avg loss: 1.412848 

--------- FREEZING PROCEDURE ---------
Tensor before normalize:
 tensor([0.9790, 0.9768, 0.9761, 0.9700, 0.9638, 0.9595, 0.9551, 0.9459, 0.6751,
        0.7034, 0.9174, 0.9351])
Mean and Std before Normalize:
 tensor(0.9131) tensor(0.1063)
Tensor after Normalize:
 tensor([ 0.9790,  0.5990,  0.5924,  0.5354,  0.4773,  0.4361,  0.3956,  0.3089,
        -2.2391, -1.9727,  0.0402,  0.9351])
Cumulative sum array:
tensor([0.9790, 1.5780, 2.1704, 2.7058, 3.1831, 3.6193, 4.0148, 4.3237, 2.0846,
        0.1119, 0.1521, 1.0872])
Calculated argmax:
tensor(7)
Epoch 42
-------------------------------
loss: 0.019006  [   64/50000]
loss: 0.004589  [ 6464/50000]
loss: 0.006408  [12864/50000]
loss: 0.006889  [19264/50000]
loss: 0.002730  [25664/50000]
loss: 0.004567  [32064/50000]
loss: 0.001359  [38464/50000]
loss: 0.106161  [44864/50000]
Test Error: 
 Accuracy: 75.7%, Avg loss: 1.422784 

--------- FREEZING PROCEDURE ---------
Tensor before normalize:
 tensor([0.9815, 0.9775, 0.9770, 0.9728, 0.9653, 0.9606, 0.9554, 0.9475, 0.6783,
        0.7104, 0.9205, 0.9372])
Mean and Std before Normalize:
 tensor(0.9153) tensor(0.1050)
Tensor after Normalize:
 tensor([ 0.9815,  0.5922,  0.5872,  0.5476,  0.4759,  0.4317,  0.3818,  0.3061,
        -2.2578, -1.9524,  0.0496,  0.9372])
Cumulative sum array:
tensor([0.9815, 1.5737, 2.1608, 2.7085, 3.1844, 3.6160, 3.9978, 4.3039, 2.0461,
        0.0937, 0.1433, 1.0805])
Calculated argmax:
tensor(7)
Epoch 43
-------------------------------
loss: 0.010346  [   64/50000]
loss: 0.006250  [ 6464/50000]
loss: 0.003058  [12864/50000]
loss: 0.014220  [19264/50000]
loss: 0.008199  [25664/50000]
loss: 0.007101  [32064/50000]
loss: 0.004040  [38464/50000]
loss: 0.054509  [44864/50000]
Test Error: 
 Accuracy: 76.0%, Avg loss: 1.422500 

--------- FREEZING PROCEDURE ---------
Tensor before normalize:
 tensor([0.9801, 0.9749, 0.9748, 0.9712, 0.9631, 0.9579, 0.9525, 0.9444, 0.6612,
        0.6930, 0.9162, 0.9340])
Mean and Std before Normalize:
 tensor(0.9103) tensor(0.1107)
Tensor after Normalize:
 tensor([ 0.9801,  0.5835,  0.5828,  0.5505,  0.4769,  0.4306,  0.3814,  0.3085,
        -2.2503, -1.9627,  0.0536,  0.9340])
Cumulative sum array:
tensor([0.9801, 1.5636, 2.1465, 2.6969, 3.1739, 3.6045, 3.9859, 4.2943, 2.0440,
        0.0813, 0.1349, 1.0689])
Calculated argmax:
tensor(7)
Epoch 44
-------------------------------
loss: 0.006076  [   64/50000]
loss: 0.001145  [ 6464/50000]
loss: 0.018008  [12864/50000]
loss: 0.003058  [19264/50000]
loss: 0.002266  [25664/50000]
loss: 0.007087  [32064/50000]
loss: 0.012818  [38464/50000]
loss: 0.020281  [44864/50000]
Test Error: 
 Accuracy: 75.9%, Avg loss: 1.436565 

--------- FREEZING PROCEDURE ---------
Tensor before normalize:
 tensor([0.9791, 0.9747, 0.9749, 0.9708, 0.9634, 0.9593, 0.9528, 0.9439, 0.6584,
        0.6947, 0.9168, 0.9353])
Mean and Std before Normalize:
 tensor(0.9103) tensor(0.1110)
Tensor after Normalize:
 tensor([ 0.9791,  0.5801,  0.5815,  0.5449,  0.4783,  0.4413,  0.3823,  0.3022,
        -2.2700, -1.9434,  0.0584,  0.9353])
Cumulative sum array:
tensor([0.9791, 1.5592, 2.1407, 2.6855, 3.1639, 3.6052, 3.9875, 4.2897, 2.0198,
        0.0764, 0.1347, 1.0700])
Calculated argmax:
tensor(7)
Epoch 45
-------------------------------
loss: 0.004001  [   64/50000]
loss: 0.003428  [ 6464/50000]
loss: 0.001682  [12864/50000]
loss: 0.012899  [19264/50000]
loss: 0.015479  [25664/50000]
loss: 0.000881  [32064/50000]
loss: 0.001359  [38464/50000]
loss: 0.002376  [44864/50000]
Test Error: 
 Accuracy: 76.5%, Avg loss: 1.436983 

--------- FREEZING PROCEDURE ---------
Tensor before normalize:
 tensor([0.9833, 0.9744, 0.9733, 0.9712, 0.9632, 0.9572, 0.9517, 0.9432, 0.6511,
        0.6834, 0.9125, 0.9281])
Mean and Std before Normalize:
 tensor(0.9077) tensor(0.1143)
Tensor after Normalize:
 tensor([ 0.9833,  0.5827,  0.5739,  0.5550,  0.4856,  0.4330,  0.3849,  0.3104,
        -2.2445, -1.9615,  0.0417,  0.9281])
Cumulative sum array:
tensor([0.9833, 1.5660, 2.1399, 2.6949, 3.1804, 3.6134, 3.9983, 4.3087, 2.0642,
        0.1027, 0.1444, 1.0725])
Calculated argmax:
tensor(7)
Epoch 46
-------------------------------
loss: 0.003433  [   64/50000]
loss: 0.016746  [ 6464/50000]
loss: 0.002293  [12864/50000]
loss: 0.007407  [19264/50000]
loss: 0.012522  [25664/50000]
loss: 0.008137  [32064/50000]
loss: 0.003026  [38464/50000]
loss: 0.042669  [44864/50000]
Test Error: 
 Accuracy: 76.1%, Avg loss: 1.523045 

--------- FREEZING PROCEDURE ---------
Tensor before normalize:
 tensor([0.9775, 0.9729, 0.9720, 0.9701, 0.9612, 0.9553, 0.9493, 0.9406, 0.6341,
        0.6728, 0.9084, 0.9278])
Mean and Std before Normalize:
 tensor(0.9035) tensor(0.1188)
Tensor after Normalize:
 tensor([ 0.9775,  0.5842,  0.5762,  0.5601,  0.4854,  0.4361,  0.3856,  0.3121,
        -2.2674, -1.9413,  0.0413,  0.9278])
Cumulative sum array:
tensor([0.9775, 1.5618, 2.1380, 2.6981, 3.1835, 3.6196, 4.0052, 4.3173, 2.0500,
        0.1087, 0.1500, 1.0779])
Calculated argmax:
tensor(7)
Epoch 47
-------------------------------
loss: 0.001013  [   64/50000]
loss: 0.008073  [ 6464/50000]
loss: 0.029560  [12864/50000]
loss: 0.012217  [19264/50000]
loss: 0.002368  [25664/50000]
loss: 0.006029  [32064/50000]
loss: 0.004724  [38464/50000]
loss: 0.000804  [44864/50000]
Test Error: 
 Accuracy: 75.8%, Avg loss: 1.471494 

--------- FREEZING PROCEDURE ---------
Tensor before normalize:
 tensor([0.9798, 0.9752, 0.9762, 0.9704, 0.9619, 0.9574, 0.9516, 0.9414, 0.6379,
        0.6788, 0.9104, 0.9294])
Mean and Std before Normalize:
 tensor(0.9059) tensor(0.1177)
Tensor after Normalize:
 tensor([ 0.9798,  0.5885,  0.5978,  0.5481,  0.4763,  0.4378,  0.3882,  0.3014,
        -2.2758, -1.9290,  0.0388,  0.9294])
Cumulative sum array:
tensor([0.9798, 1.5683, 2.1661, 2.7142, 3.1905, 3.6283, 4.0165, 4.3180, 2.0422,
        0.1132, 0.1520, 1.0814])
Calculated argmax:
tensor(7)
Epoch 48
-------------------------------
loss: 0.003034  [   64/50000]
loss: 0.001948  [ 6464/50000]
loss: 0.001923  [12864/50000]
loss: 0.021638  [19264/50000]
loss: 0.011613  [25664/50000]
loss: 0.024482  [32064/50000]
loss: 0.001101  [38464/50000]
loss: 0.001075  [44864/50000]
Test Error: 
 Accuracy: 77.0%, Avg loss: 1.466472 

--------- FREEZING PROCEDURE ---------
Tensor before normalize:
 tensor([0.9782, 0.9735, 0.9730, 0.9690, 0.9633, 0.9584, 0.9530, 0.9447, 0.6578,
        0.6941, 0.9154, 0.9342])
Mean and Std before Normalize:
 tensor(0.9096) tensor(0.1109)
Tensor after Normalize:
 tensor([ 0.9782,  0.5768,  0.5720,  0.5361,  0.4848,  0.4406,  0.3922,  0.3168,
        -2.2706, -1.9436,  0.0528,  0.9342])
Cumulative sum array:
tensor([0.9782, 1.5551, 2.1271, 2.6632, 3.1480, 3.5886, 3.9808, 4.2976, 2.0270,
        0.0834, 0.1362, 1.0704])
Calculated argmax:
tensor(7)
Epoch 49
-------------------------------
loss: 0.008236  [   64/50000]
loss: 0.004770  [ 6464/50000]
loss: 0.021411  [12864/50000]
loss: 0.001124  [19264/50000]
loss: 0.000187  [25664/50000]
loss: 0.014386  [32064/50000]
loss: 0.021870  [38464/50000]
loss: 0.005672  [44864/50000]
Test Error: 
 Accuracy: 76.1%, Avg loss: 1.522226 

--------- FREEZING PROCEDURE ---------
Tensor before normalize:
 tensor([0.9740, 0.9688, 0.9690, 0.9667, 0.9598, 0.9558, 0.9500, 0.9405, 0.6233,
        0.6628, 0.9080, 0.9292])
Mean and Std before Normalize:
 tensor(0.9007) tensor(0.1221)
Tensor after Normalize:
 tensor([ 0.9740,  0.5580,  0.5598,  0.5408,  0.4846,  0.4519,  0.4038,  0.3264,
        -2.2712, -1.9485,  0.0599,  0.9292])
Cumulative sum array:
tensor([0.9740, 1.5320, 2.0918, 2.6326, 3.1172, 3.5691, 3.9729, 4.2993, 2.0281,
        0.0796, 0.1395, 1.0687])
Calculated argmax:
tensor(7)
Epoch 50
-------------------------------
loss: 0.007942  [   64/50000]
loss: 0.002263  [ 6464/50000]
loss: 0.006825  [12864/50000]
loss: 0.006547  [19264/50000]
loss: 0.001402  [25664/50000]
loss: 0.003088  [32064/50000]
loss: 0.010637  [38464/50000]
loss: 0.001302  [44864/50000]
Test Error: 
 Accuracy: 75.8%, Avg loss: 1.507070 

--------- FREEZING PROCEDURE ---------
Tensor before normalize:
 tensor([0.9714, 0.9705, 0.9702, 0.9642, 0.9567, 0.9531, 0.9469, 0.9375, 0.6120,
        0.6513, 0.9026, 0.9237])
Mean and Std before Normalize:
 tensor(0.8967) tensor(0.1258)
Tensor after Normalize:
 tensor([ 0.9714,  0.5869,  0.5843,  0.5372,  0.4776,  0.4483,  0.3993,  0.3244,
        -2.2635, -1.9510,  0.0474,  0.9237])
Cumulative sum array:
tensor([0.9714, 1.5583, 2.1426, 2.6798, 3.1574, 3.6057, 4.0050, 4.3294, 2.0658,
        0.1148, 0.1622, 1.0859])
Calculated argmax:
tensor(7)
Done!
