Epoch 1
-------------------------------
0.001
[0.001]
loss: 2.316313  [   64/25000]
loss: 2.296744  [ 6464/25000]
loss: 2.299161  [12864/25000]
loss: 2.293775  [19264/25000]
Test Error: 
 Accuracy: 10.2%, Avg loss: 2.299794 

--------- FREEZING PROCEDURE ---------
Epoch 2
-------------------------------
0.001
[0.001]
loss: 2.311782  [   64/25000]
loss: 2.295423  [ 6464/25000]
loss: 2.295086  [12864/25000]
loss: 2.293336  [19264/25000]
Test Error: 
 Accuracy: 13.0%, Avg loss: 2.297385 

--------- FREEZING PROCEDURE ---------
Epoch 3
-------------------------------
0.001
[0.001]
loss: 2.308362  [   64/25000]
loss: 2.293866  [ 6464/25000]
loss: 2.291035  [12864/25000]
loss: 2.291926  [19264/25000]
Test Error: 
 Accuracy: 14.3%, Avg loss: 2.294566 

--------- FREEZING PROCEDURE ---------
Epoch 4
-------------------------------
0.001
[0.001]
loss: 2.305802  [   64/25000]
loss: 2.291607  [ 6464/25000]
loss: 2.286398  [12864/25000]
loss: 2.289643  [19264/25000]
Test Error: 
 Accuracy: 13.5%, Avg loss: 2.291205 

--------- FREEZING PROCEDURE ---------
Epoch 5
-------------------------------
0.001
[0.001]
loss: 2.303558  [   64/25000]
loss: 2.288852  [ 6464/25000]
loss: 2.280783  [12864/25000]
loss: 2.286574  [19264/25000]
Test Error: 
 Accuracy: 12.4%, Avg loss: 2.287020 

--------- FREEZING PROCEDURE ---------
Epoch 6
-------------------------------
0.001
[0.001]
loss: 2.301120  [   64/25000]
loss: 2.285113  [ 6464/25000]
loss: 2.274314  [12864/25000]
loss: 2.282254  [19264/25000]
Test Error: 
 Accuracy: 12.0%, Avg loss: 2.281533 

--------- FREEZING PROCEDURE ---------
Epoch 7
-------------------------------
0.001
[0.001]
loss: 2.297421  [   64/25000]
loss: 2.280387  [ 6464/25000]
loss: 2.265914  [12864/25000]
loss: 2.276208  [19264/25000]
Test Error: 
 Accuracy: 12.5%, Avg loss: 2.273843 

--------- FREEZING PROCEDURE ---------
Epoch 8
-------------------------------
0.001
[0.001]
loss: 2.291578  [   64/25000]
loss: 2.273758  [ 6464/25000]
loss: 2.253784  [12864/25000]
loss: 2.267476  [19264/25000]
Test Error: 
 Accuracy: 13.1%, Avg loss: 2.262341 

--------- FREEZING PROCEDURE ---------
Epoch 9
-------------------------------
0.001
[0.001]
loss: 2.282671  [   64/25000]
loss: 2.263838  [ 6464/25000]
loss: 2.235904  [12864/25000]
loss: 2.254238  [19264/25000]
Test Error: 
 Accuracy: 14.3%, Avg loss: 2.245008 

--------- FREEZING PROCEDURE ---------
Epoch 10
-------------------------------
0.001
[0.001]
loss: 2.267712  [   64/25000]
loss: 2.248852  [ 6464/25000]
loss: 2.208140  [12864/25000]
loss: 2.232975  [19264/25000]
Test Error: 
 Accuracy: 16.6%, Avg loss: 2.218728 

--------- FREEZING PROCEDURE ---------
Epoch 11
-------------------------------
0.0001
[0.0001]
loss: 2.243356  [   64/25000]
loss: 2.230580  [ 6464/25000]
loss: 2.189896  [12864/25000]
loss: 2.224199  [19264/25000]
Test Error: 
 Accuracy: 16.2%, Avg loss: 2.215200 

--------- FREEZING PROCEDURE ---------
Epoch 12
-------------------------------
0.0001
[0.0001]
loss: 2.242865  [   64/25000]
loss: 2.227895  [ 6464/25000]
loss: 2.185521  [12864/25000]
loss: 2.221057  [19264/25000]
Test Error: 
 Accuracy: 16.6%, Avg loss: 2.211783 

--------- FREEZING PROCEDURE ---------
Epoch 13
-------------------------------
0.0001
[0.0001]
loss: 2.239714  [   64/25000]
loss: 2.225211  [ 6464/25000]
loss: 2.181206  [12864/25000]
loss: 2.217689  [19264/25000]
Test Error: 
 Accuracy: 16.9%, Avg loss: 2.208242 

--------- FREEZING PROCEDURE ---------
Epoch 14
-------------------------------
0.0001
[0.0001]
loss: 2.236323  [   64/25000]
loss: 2.222364  [ 6464/25000]
loss: 2.176814  [12864/25000]
loss: 2.214150  [19264/25000]
Test Error: 
 Accuracy: 17.1%, Avg loss: 2.204582 

--------- FREEZING PROCEDURE ---------
Epoch 15
-------------------------------
0.0001
[0.0001]
loss: 2.232775  [   64/25000]
loss: 2.219415  [ 6464/25000]
loss: 2.172284  [12864/25000]
loss: 2.210507  [19264/25000]
Test Error: 
 Accuracy: 17.3%, Avg loss: 2.200802 

--------- FREEZING PROCEDURE ---------
Epoch 16
-------------------------------
0.0001
[0.0001]
loss: 2.229023  [   64/25000]
loss: 2.216378  [ 6464/25000]
loss: 2.167605  [12864/25000]
loss: 2.206671  [19264/25000]
Test Error: 
 Accuracy: 17.4%, Avg loss: 2.196899 

--------- FREEZING PROCEDURE ---------
Epoch 17
-------------------------------
0.0001
[0.0001]
loss: 2.225090  [   64/25000]
loss: 2.213199  [ 6464/25000]
loss: 2.162768  [12864/25000]
loss: 2.202738  [19264/25000]
Test Error: 
 Accuracy: 17.6%, Avg loss: 2.192868 

--------- FREEZING PROCEDURE ---------
Epoch 18
-------------------------------
0.0001
[0.0001]
loss: 2.220923  [   64/25000]
loss: 2.209933  [ 6464/25000]
loss: 2.157781  [12864/25000]
loss: 2.198702  [19264/25000]
Test Error: 
 Accuracy: 17.9%, Avg loss: 2.188709 

--------- FREEZING PROCEDURE ---------
Epoch 19
-------------------------------
0.0001
[0.0001]
loss: 2.216598  [   64/25000]
loss: 2.206502  [ 6464/25000]
loss: 2.152628  [12864/25000]
loss: 2.194516  [19264/25000]
Test Error: 
 Accuracy: 18.2%, Avg loss: 2.184419 

--------- FREEZING PROCEDURE ---------
Epoch 20
-------------------------------
0.0001
[0.0001]
loss: 2.211931  [   64/25000]
loss: 2.202930  [ 6464/25000]
loss: 2.147326  [12864/25000]
loss: 2.190132  [19264/25000]
Test Error: 
 Accuracy: 18.4%, Avg loss: 2.179998 

--------- FREEZING PROCEDURE ---------
Epoch 21
-------------------------------
1e-05
[1e-05]
loss: 2.207116  [   64/25000]
loss: 2.199967  [ 6464/25000]
loss: 2.144940  [12864/25000]
loss: 2.188646  [19264/25000]
Test Error: 
 Accuracy: 18.4%, Avg loss: 2.179549 

--------- FREEZING PROCEDURE ---------
Epoch 22
-------------------------------
1e-05
[1e-05]
loss: 2.206679  [   64/25000]
loss: 2.199592  [ 6464/25000]
loss: 2.144381  [12864/25000]
loss: 2.188221  [19264/25000]
Test Error: 
 Accuracy: 18.4%, Avg loss: 2.179099 

--------- FREEZING PROCEDURE ---------
Epoch 23
-------------------------------
1e-05
[1e-05]
loss: 2.206211  [   64/25000]
loss: 2.199215  [ 6464/25000]
loss: 2.143826  [12864/25000]
loss: 2.187792  [19264/25000]
Test Error: 
 Accuracy: 18.4%, Avg loss: 2.178647 

--------- FREEZING PROCEDURE ---------
Epoch 24
-------------------------------
1e-05
[1e-05]
loss: 2.205728  [   64/25000]
loss: 2.198838  [ 6464/25000]
loss: 2.143273  [12864/25000]
loss: 2.187360  [19264/25000]
Test Error: 
 Accuracy: 18.4%, Avg loss: 2.178194 

--------- FREEZING PROCEDURE ---------
Epoch 25
-------------------------------
1e-05
[1e-05]
loss: 2.205235  [   64/25000]
loss: 2.198460  [ 6464/25000]
loss: 2.142720  [12864/25000]
loss: 2.186922  [19264/25000]
Test Error: 
 Accuracy: 18.4%, Avg loss: 2.177740 

--------- FREEZING PROCEDURE ---------
Epoch 26
-------------------------------
1e-05
[1e-05]
loss: 2.204739  [   64/25000]
loss: 2.198080  [ 6464/25000]
loss: 2.142167  [12864/25000]
loss: 2.186483  [19264/25000]
Test Error: 
 Accuracy: 18.4%, Avg loss: 2.177284 

--------- FREEZING PROCEDURE ---------
Epoch 27
-------------------------------
1e-05
[1e-05]
loss: 2.204239  [   64/25000]
loss: 2.197701  [ 6464/25000]
loss: 2.141615  [12864/25000]
loss: 2.186037  [19264/25000]
Test Error: 
 Accuracy: 18.5%, Avg loss: 2.176827 

--------- FREEZING PROCEDURE ---------
Epoch 28
-------------------------------
1e-05
[1e-05]
loss: 2.203727  [   64/25000]
loss: 2.197321  [ 6464/25000]
loss: 2.141064  [12864/25000]
loss: 2.185587  [19264/25000]
Test Error: 
 Accuracy: 18.5%, Avg loss: 2.176369 

--------- FREEZING PROCEDURE ---------
Epoch 29
-------------------------------
1e-05
[1e-05]
loss: 2.203210  [   64/25000]
loss: 2.196936  [ 6464/25000]
loss: 2.140508  [12864/25000]
loss: 2.185136  [19264/25000]
Test Error: 
 Accuracy: 18.6%, Avg loss: 2.175908 

--------- FREEZING PROCEDURE ---------
Epoch 30
-------------------------------
1e-05
[1e-05]
loss: 2.202692  [   64/25000]
loss: 2.196550  [ 6464/25000]
loss: 2.139952  [12864/25000]
loss: 2.184684  [19264/25000]
Test Error: 
 Accuracy: 18.6%, Avg loss: 2.175447 

--------- FREEZING PROCEDURE ---------
Epoch 31
-------------------------------
1.0000000000000002e-06
[1.0000000000000002e-06]
loss: 2.202172  [   64/25000]
loss: 2.196267  [ 6464/25000]
loss: 2.139666  [12864/25000]
loss: 2.184544  [19264/25000]
Test Error: 
 Accuracy: 18.6%, Avg loss: 2.175402 

--------- FREEZING PROCEDURE ---------
Epoch 32
-------------------------------
1.0000000000000002e-06
[1.0000000000000002e-06]
loss: 2.202115  [   64/25000]
loss: 2.196229  [ 6464/25000]
loss: 2.139613  [12864/25000]
loss: 2.184497  [19264/25000]
Test Error: 
 Accuracy: 18.6%, Avg loss: 2.175357 

--------- FREEZING PROCEDURE ---------
Epoch 33
-------------------------------
1.0000000000000002e-06
[1.0000000000000002e-06]
loss: 2.202059  [   64/25000]
loss: 2.196190  [ 6464/25000]
loss: 2.139560  [12864/25000]
loss: 2.184450  [19264/25000]
Test Error: 
 Accuracy: 18.6%, Avg loss: 2.175311 

--------- FREEZING PROCEDURE ---------
Epoch 34
-------------------------------
1.0000000000000002e-06
[1.0000000000000002e-06]
loss: 2.202003  [   64/25000]
loss: 2.196152  [ 6464/25000]
loss: 2.139507  [12864/25000]
loss: 2.184402  [19264/25000]
Test Error: 
 Accuracy: 18.6%, Avg loss: 2.175266 

--------- FREEZING PROCEDURE ---------
Epoch 35
-------------------------------
1.0000000000000002e-06
[1.0000000000000002e-06]
loss: 2.201948  [   64/25000]
loss: 2.196114  [ 6464/25000]
loss: 2.139453  [12864/25000]
loss: 2.184355  [19264/25000]
Test Error: 
 Accuracy: 18.6%, Avg loss: 2.175221 

--------- FREEZING PROCEDURE ---------
Epoch 36
-------------------------------
1.0000000000000002e-06
[1.0000000000000002e-06]
loss: 2.201893  [   64/25000]
loss: 2.196076  [ 6464/25000]
loss: 2.139400  [12864/25000]
loss: 2.184309  [19264/25000]
Test Error: 
 Accuracy: 18.6%, Avg loss: 2.175176 

--------- FREEZING PROCEDURE ---------
Epoch 37
-------------------------------
1.0000000000000002e-06
[1.0000000000000002e-06]
loss: 2.201838  [   64/25000]
loss: 2.196038  [ 6464/25000]
loss: 2.139346  [12864/25000]
loss: 2.184262  [19264/25000]
Test Error: 
 Accuracy: 18.6%, Avg loss: 2.175131 

--------- FREEZING PROCEDURE ---------
Epoch 38
-------------------------------
1.0000000000000002e-06
[1.0000000000000002e-06]
loss: 2.201782  [   64/25000]
loss: 2.195999  [ 6464/25000]
loss: 2.139293  [12864/25000]
loss: 2.184215  [19264/25000]
Test Error: 
 Accuracy: 18.6%, Avg loss: 2.175085 

--------- FREEZING PROCEDURE ---------
Epoch 39
-------------------------------
1.0000000000000002e-06
[1.0000000000000002e-06]
loss: 2.201728  [   64/25000]
loss: 2.195961  [ 6464/25000]
loss: 2.139239  [12864/25000]
loss: 2.184168  [19264/25000]
Test Error: 
 Accuracy: 18.6%, Avg loss: 2.175040 

--------- FREEZING PROCEDURE ---------
Epoch 40
-------------------------------
1.0000000000000002e-06
[1.0000000000000002e-06]
loss: 2.201673  [   64/25000]
loss: 2.195923  [ 6464/25000]
loss: 2.139185  [12864/25000]
loss: 2.184122  [19264/25000]
Test Error: 
 Accuracy: 18.6%, Avg loss: 2.174995 

--------- FREEZING PROCEDURE ---------
Epoch 41
-------------------------------
1.0000000000000002e-07
[1.0000000000000002e-07]
loss: 2.201619  [   64/25000]
loss: 2.195895  [ 6464/25000]
loss: 2.139158  [12864/25000]
loss: 2.184111  [19264/25000]
Test Error: 
 Accuracy: 18.6%, Avg loss: 2.174993 

--------- FREEZING PROCEDURE ---------
Epoch 42
-------------------------------
1.0000000000000002e-07
[1.0000000000000002e-07]
loss: 2.201617  [   64/25000]
loss: 2.195894  [ 6464/25000]
loss: 2.139156  [12864/25000]
loss: 2.184109  [19264/25000]
Test Error: 
 Accuracy: 18.6%, Avg loss: 2.174990 

--------- FREEZING PROCEDURE ---------
Epoch 43
-------------------------------
1.0000000000000002e-07
[1.0000000000000002e-07]
loss: 2.201615  [   64/25000]
loss: 2.195892  [ 6464/25000]
loss: 2.139153  [12864/25000]
loss: 2.184107  [19264/25000]
Test Error: 
 Accuracy: 18.6%, Avg loss: 2.174988 

--------- FREEZING PROCEDURE ---------
Epoch 44
-------------------------------
1.0000000000000002e-07
[1.0000000000000002e-07]
loss: 2.201614  [   64/25000]
loss: 2.195890  [ 6464/25000]
loss: 2.139149  [12864/25000]
loss: 2.184105  [19264/25000]
Test Error: 
 Accuracy: 18.6%, Avg loss: 2.174986 

--------- FREEZING PROCEDURE ---------
Epoch 45
-------------------------------
1.0000000000000002e-07
[1.0000000000000002e-07]
loss: 2.201612  [   64/25000]
loss: 2.195888  [ 6464/25000]
loss: 2.139147  [12864/25000]
loss: 2.184103  [19264/25000]
Test Error: 
 Accuracy: 18.6%, Avg loss: 2.174984 

--------- FREEZING PROCEDURE ---------
Epoch 46
-------------------------------
1.0000000000000002e-07
[1.0000000000000002e-07]
loss: 2.201611  [   64/25000]
loss: 2.195887  [ 6464/25000]
loss: 2.139143  [12864/25000]
loss: 2.184101  [19264/25000]
Test Error: 
 Accuracy: 18.6%, Avg loss: 2.174981 

--------- FREEZING PROCEDURE ---------
Epoch 47
-------------------------------
1.0000000000000002e-07
[1.0000000000000002e-07]
loss: 2.201609  [   64/25000]
loss: 2.195885  [ 6464/25000]
loss: 2.139141  [12864/25000]
loss: 2.184099  [19264/25000]
Test Error: 
 Accuracy: 18.6%, Avg loss: 2.174979 

--------- FREEZING PROCEDURE ---------
Epoch 48
-------------------------------
1.0000000000000002e-07
[1.0000000000000002e-07]
loss: 2.201607  [   64/25000]
loss: 2.195883  [ 6464/25000]
loss: 2.139137  [12864/25000]
loss: 2.184098  [19264/25000]
Test Error: 
 Accuracy: 18.6%, Avg loss: 2.174977 

--------- FREEZING PROCEDURE ---------
Epoch 49
-------------------------------
1.0000000000000002e-07
[1.0000000000000002e-07]
loss: 2.201606  [   64/25000]
loss: 2.195881  [ 6464/25000]
loss: 2.139134  [12864/25000]
loss: 2.184095  [19264/25000]
Test Error: 
 Accuracy: 18.6%, Avg loss: 2.174975 

--------- FREEZING PROCEDURE ---------
Epoch 50
-------------------------------
1.0000000000000002e-07
[1.0000000000000002e-07]
loss: 2.201604  [   64/25000]
loss: 2.195879  [ 6464/25000]
loss: 2.139131  [12864/25000]
loss: 2.184093  [19264/25000]
Test Error: 
 Accuracy: 18.6%, Avg loss: 2.174973 

--------- FREEZING PROCEDURE ---------
Done!
