A100 GPU 80gb
@compute-2-3.local (GPU): GPU-8281fbc2-ad66-3ec4-1727-f5c0d85e45ca
A100 GPU 80gb
2024-01-02 11:42:59,700 | INFO : ----------- VGG11 TRAINING -----------
2024-01-02 11:42:59,700 | INFO : Epoch 1
-------------------------------
2024-01-02 11:43:01,942 | INFO : loss: 2.299556  [   64/50000]
2024-01-02 11:43:16,283 | INFO : loss: 2.095646  [ 6464/50000]
2024-01-02 11:43:29,823 | INFO : loss: 1.897875  [12864/50000]
2024-01-02 11:43:43,298 | INFO : loss: 1.937600  [19264/50000]
2024-01-02 11:43:56,824 | INFO : loss: 1.984210  [25664/50000]
2024-01-02 11:44:10,203 | INFO : loss: 1.767902  [32064/50000]
2024-01-02 11:44:23,549 | INFO : loss: 1.900577  [38464/50000]
2024-01-02 11:44:36,929 | INFO : loss: 1.787294  [44864/50000]
2024-01-02 11:45:05,551 | INFO : Test Error: 
 Accuracy: 41.0%, Avg loss: 1.592570 

2024-01-02 11:45:05,552 | INFO : Epoch 2
-------------------------------
2024-01-02 11:45:05,744 | INFO : loss: 1.769830  [   64/50000]
2024-01-02 11:45:19,294 | INFO : loss: 1.614852  [ 6464/50000]
2024-01-02 11:45:32,790 | INFO : loss: 1.566319  [12864/50000]
2024-01-02 11:45:46,296 | INFO : loss: 1.638101  [19264/50000]
2024-01-02 11:45:59,685 | INFO : loss: 1.503495  [25664/50000]
2024-01-02 11:46:13,196 | INFO : loss: 1.730078  [32064/50000]
2024-01-02 11:46:26,668 | INFO : loss: 1.502535  [38464/50000]
2024-01-02 11:46:40,073 | INFO : loss: 1.474733  [44864/50000]
2024-01-02 11:47:07,825 | INFO : Test Error: 
 Accuracy: 57.0%, Avg loss: 1.179318 

2024-01-02 11:47:07,826 | INFO : Epoch 3
-------------------------------
2024-01-02 11:47:08,035 | INFO : loss: 1.453241  [   64/50000]
2024-01-02 11:47:21,601 | INFO : loss: 1.609480  [ 6464/50000]
2024-01-02 11:47:35,081 | INFO : loss: 1.242166  [12864/50000]
2024-01-02 11:47:48,578 | INFO : loss: 1.367572  [19264/50000]
2024-01-02 11:48:02,022 | INFO : loss: 1.147331  [25664/50000]
2024-01-02 11:48:15,504 | INFO : loss: 1.334463  [32064/50000]
2024-01-02 11:48:28,868 | INFO : loss: 1.204652  [38464/50000]
2024-01-02 11:48:42,346 | INFO : loss: 1.220865  [44864/50000]
2024-01-02 11:49:10,189 | INFO : Test Error: 
 Accuracy: 67.6%, Avg loss: 0.930695 

2024-01-02 11:49:10,190 | INFO : Epoch 4
-------------------------------
2024-01-02 11:49:10,379 | INFO : loss: 1.098094  [   64/50000]
2024-01-02 11:49:23,886 | INFO : loss: 1.074457  [ 6464/50000]
2024-01-02 11:49:37,500 | INFO : loss: 0.820770  [12864/50000]
2024-01-02 11:49:51,039 | INFO : loss: 0.989251  [19264/50000]
2024-01-02 11:50:04,590 | INFO : loss: 1.101980  [25664/50000]
2024-01-02 11:50:18,072 | INFO : loss: 1.217582  [32064/50000]
2024-01-02 11:50:31,516 | INFO : loss: 1.162694  [38464/50000]
2024-01-02 11:50:45,012 | INFO : loss: 1.140291  [44864/50000]
2024-01-02 11:51:12,727 | INFO : Test Error: 
 Accuracy: 72.2%, Avg loss: 0.799666 

2024-01-02 11:51:12,728 | INFO : Epoch 5
-------------------------------
2024-01-02 11:51:12,917 | INFO : loss: 1.102275  [   64/50000]
2024-01-02 11:51:26,362 | INFO : loss: 1.051975  [ 6464/50000]
2024-01-02 11:51:39,793 | INFO : loss: 1.012341  [12864/50000]
2024-01-02 11:51:53,330 | INFO : loss: 1.025359  [19264/50000]
2024-01-02 11:52:06,798 | INFO : loss: 0.960735  [25664/50000]
2024-01-02 11:52:20,319 | INFO : loss: 1.129539  [32064/50000]
2024-01-02 11:52:33,778 | INFO : loss: 0.847147  [38464/50000]
2024-01-02 11:52:47,321 | INFO : loss: 0.872021  [44864/50000]
2024-01-02 11:53:15,160 | INFO : Test Error: 
 Accuracy: 75.1%, Avg loss: 0.713712 

2024-01-02 11:53:15,161 | INFO : Epoch 6
-------------------------------
2024-01-02 11:53:15,363 | INFO : loss: 0.999614  [   64/50000]
2024-01-02 11:53:28,920 | INFO : loss: 1.042842  [ 6464/50000]
2024-01-02 11:53:42,309 | INFO : loss: 0.599587  [12864/50000]
2024-01-02 11:53:55,768 | INFO : loss: 1.009200  [19264/50000]
2024-01-02 11:54:09,178 | INFO : loss: 0.860475  [25664/50000]
2024-01-02 11:54:22,607 | INFO : loss: 0.863502  [32064/50000]
2024-01-02 11:54:36,044 | INFO : loss: 0.953873  [38464/50000]
2024-01-02 11:54:49,592 | INFO : loss: 0.844953  [44864/50000]
2024-01-02 11:55:17,234 | INFO : Test Error: 
 Accuracy: 75.4%, Avg loss: 0.714067 

2024-01-02 11:55:17,234 | INFO : Epoch 7
-------------------------------
2024-01-02 11:55:17,422 | INFO : loss: 0.814106  [   64/50000]
2024-01-02 11:55:30,831 | INFO : loss: 1.092530  [ 6464/50000]
2024-01-02 11:55:44,163 | INFO : loss: 0.545977  [12864/50000]
2024-01-02 11:55:57,646 | INFO : loss: 0.971699  [19264/50000]
2024-01-02 11:56:11,109 | INFO : loss: 0.738180  [25664/50000]
2024-01-02 11:56:24,531 | INFO : loss: 0.670890  [32064/50000]
2024-01-02 11:56:37,973 | INFO : loss: 0.822134  [38464/50000]
2024-01-02 11:56:51,387 | INFO : loss: 0.889707  [44864/50000]
2024-01-02 11:57:19,060 | INFO : Test Error: 
 Accuracy: 76.9%, Avg loss: 0.682894 

2024-01-02 11:57:19,060 | INFO : Epoch 8
-------------------------------
2024-01-02 11:57:19,254 | INFO : loss: 0.652988  [   64/50000]
2024-01-02 11:57:32,781 | INFO : loss: 0.859343  [ 6464/50000]
2024-01-02 11:57:46,222 | INFO : loss: 0.528026  [12864/50000]
2024-01-02 11:57:59,642 | INFO : loss: 0.755221  [19264/50000]
2024-01-02 11:58:12,996 | INFO : loss: 0.747047  [25664/50000]
2024-01-02 11:58:26,430 | INFO : loss: 0.747736  [32064/50000]
2024-01-02 11:58:39,844 | INFO : loss: 0.595301  [38464/50000]
2024-01-02 11:58:53,264 | INFO : loss: 0.535839  [44864/50000]
2024-01-02 11:59:20,954 | INFO : Test Error: 
 Accuracy: 78.6%, Avg loss: 0.635605 

2024-01-02 11:59:20,955 | INFO : Epoch 9
-------------------------------
2024-01-02 11:59:21,161 | INFO : loss: 0.579154  [   64/50000]
2024-01-02 11:59:34,632 | INFO : loss: 0.630821  [ 6464/50000]
2024-01-02 11:59:48,089 | INFO : loss: 0.526530  [12864/50000]
2024-01-02 12:00:01,541 | INFO : loss: 0.683485  [19264/50000]
2024-01-02 12:00:14,976 | INFO : loss: 0.582574  [25664/50000]
2024-01-02 12:00:28,509 | INFO : loss: 0.789865  [32064/50000]
2024-01-02 12:00:41,931 | INFO : loss: 0.517983  [38464/50000]
2024-01-02 12:00:55,433 | INFO : loss: 0.797134  [44864/50000]
2024-01-02 12:01:23,063 | INFO : Test Error: 
 Accuracy: 78.0%, Avg loss: 0.645184 

2024-01-02 12:01:23,064 | INFO : Epoch 10
-------------------------------
2024-01-02 12:01:23,255 | INFO : loss: 0.622552  [   64/50000]
2024-01-02 12:01:36,653 | INFO : loss: 0.688785  [ 6464/50000]
2024-01-02 12:01:50,090 | INFO : loss: 0.395315  [12864/50000]
2024-01-02 12:02:03,469 | INFO : loss: 0.636890  [19264/50000]
2024-01-02 12:02:16,891 | INFO : loss: 0.520725  [25664/50000]
2024-01-02 12:02:30,370 | INFO : loss: 0.701738  [32064/50000]
2024-01-02 12:02:43,816 | INFO : loss: 0.494538  [38464/50000]
2024-01-02 12:02:57,268 | INFO : loss: 0.611461  [44864/50000]
2024-01-02 12:03:24,906 | INFO : Test Error: 
 Accuracy: 80.0%, Avg loss: 0.600974 

2024-01-02 12:03:24,907 | INFO : Epoch 11
-------------------------------
2024-01-02 12:03:25,096 | INFO : loss: 0.642471  [   64/50000]
2024-01-02 12:03:38,518 | INFO : loss: 0.616067  [ 6464/50000]
2024-01-02 12:03:51,969 | INFO : loss: 0.620754  [12864/50000]
2024-01-02 12:04:05,487 | INFO : loss: 0.490711  [19264/50000]
2024-01-02 12:04:18,915 | INFO : loss: 0.523930  [25664/50000]
2024-01-02 12:04:32,387 | INFO : loss: 0.666468  [32064/50000]
2024-01-02 12:04:45,897 | INFO : loss: 0.400251  [38464/50000]
2024-01-02 12:04:59,388 | INFO : loss: 0.511561  [44864/50000]
2024-01-02 12:05:27,083 | INFO : Test Error: 
 Accuracy: 79.7%, Avg loss: 0.617709 

2024-01-02 12:05:27,084 | INFO : Epoch 12
-------------------------------
2024-01-02 12:05:27,273 | INFO : loss: 0.442048  [   64/50000]
2024-01-02 12:05:40,754 | INFO : loss: 0.702961  [ 6464/50000]
2024-01-02 12:05:54,287 | INFO : loss: 0.293490  [12864/50000]
2024-01-02 12:06:07,786 | INFO : loss: 0.641487  [19264/50000]
2024-01-02 12:06:21,176 | INFO : loss: 0.517503  [25664/50000]
2024-01-02 12:06:34,550 | INFO : loss: 0.501491  [32064/50000]
2024-01-02 12:06:48,055 | INFO : loss: 0.360517  [38464/50000]
2024-01-02 12:07:01,423 | INFO : loss: 0.605322  [44864/50000]
2024-01-02 12:07:29,007 | INFO : Test Error: 
 Accuracy: 81.5%, Avg loss: 0.563021 

2024-01-02 12:07:29,007 | INFO : Epoch 13
-------------------------------
2024-01-02 12:07:29,209 | INFO : loss: 0.484516  [   64/50000]
2024-01-02 12:07:42,555 | INFO : loss: 0.284907  [ 6464/50000]
2024-01-02 12:07:55,934 | INFO : loss: 0.508631  [12864/50000]
2024-01-02 12:08:09,346 | INFO : loss: 0.791405  [19264/50000]
2024-01-02 12:08:22,783 | INFO : loss: 0.444030  [25664/50000]
2024-01-02 12:08:36,161 | INFO : loss: 0.405855  [32064/50000]
2024-01-02 12:08:49,579 | INFO : loss: 0.444186  [38464/50000]
2024-01-02 12:09:02,970 | INFO : loss: 0.594601  [44864/50000]
2024-01-02 12:09:30,568 | INFO : Test Error: 
 Accuracy: 79.9%, Avg loss: 0.663132 

2024-01-02 12:09:30,569 | INFO : Epoch 14
-------------------------------
2024-01-02 12:09:30,786 | INFO : loss: 0.430608  [   64/50000]
2024-01-02 12:09:44,170 | INFO : loss: 0.307417  [ 6464/50000]
2024-01-02 12:09:57,479 | INFO : loss: 0.453708  [12864/50000]
2024-01-02 12:10:10,976 | INFO : loss: 0.644286  [19264/50000]
2024-01-02 12:10:24,395 | INFO : loss: 0.495019  [25664/50000]
2024-01-02 12:10:37,771 | INFO : loss: 0.860857  [32064/50000]
2024-01-02 12:10:51,122 | INFO : loss: 0.491244  [38464/50000]
2024-01-02 12:11:04,492 | INFO : loss: 0.568819  [44864/50000]
2024-01-02 12:11:32,071 | INFO : Test Error: 
 Accuracy: 81.5%, Avg loss: 0.586736 

2024-01-02 12:11:32,072 | INFO : Epoch 15
-------------------------------
2024-01-02 12:11:32,262 | INFO : loss: 0.316045  [   64/50000]
2024-01-02 12:11:45,653 | INFO : loss: 0.388107  [ 6464/50000]
2024-01-02 12:11:59,005 | INFO : loss: 0.355070  [12864/50000]
2024-01-02 12:12:12,427 | INFO : loss: 0.481626  [19264/50000]
2024-01-02 12:12:25,742 | INFO : loss: 0.338778  [25664/50000]
2024-01-02 12:12:39,037 | INFO : loss: 0.440879  [32064/50000]
2024-01-02 12:12:52,339 | INFO : loss: 0.433676  [38464/50000]
2024-01-02 12:13:05,700 | INFO : loss: 0.275391  [44864/50000]
2024-01-02 12:13:33,050 | INFO : Test Error: 
 Accuracy: 81.5%, Avg loss: 0.668478 

2024-01-02 12:13:33,051 | INFO : Epoch 16
-------------------------------
2024-01-02 12:13:33,240 | INFO : loss: 0.396257  [   64/50000]
2024-01-02 12:13:46,487 | INFO : loss: 0.259387  [ 6464/50000]
2024-01-02 12:13:59,752 | INFO : loss: 0.258749  [12864/50000]
2024-01-02 12:14:12,993 | INFO : loss: 0.393414  [19264/50000]
2024-01-02 12:14:26,141 | INFO : loss: 0.447853  [25664/50000]
2024-01-02 12:14:39,349 | INFO : loss: 0.495859  [32064/50000]
2024-01-02 12:14:52,431 | INFO : loss: 0.413857  [38464/50000]
2024-01-02 12:15:05,552 | INFO : loss: 0.284743  [44864/50000]
2024-01-02 12:15:32,120 | INFO : Test Error: 
 Accuracy: 82.1%, Avg loss: 0.618231 

2024-01-02 12:15:32,121 | INFO : Epoch 17
-------------------------------
2024-01-02 12:15:32,309 | INFO : loss: 0.295263  [   64/50000]
2024-01-02 12:15:45,235 | INFO : loss: 0.306872  [ 6464/50000]
2024-01-02 12:15:58,193 | INFO : loss: 0.431508  [12864/50000]
2024-01-02 12:16:11,329 | INFO : loss: 0.516178  [19264/50000]
2024-01-02 12:16:24,416 | INFO : loss: 0.516099  [25664/50000]
2024-01-02 12:16:37,657 | INFO : loss: 0.756705  [32064/50000]
2024-01-02 12:16:50,704 | INFO : loss: 0.268827  [38464/50000]
2024-01-02 12:17:03,864 | INFO : loss: 0.577488  [44864/50000]
2024-01-02 12:17:30,748 | INFO : Test Error: 
 Accuracy: 82.5%, Avg loss: 0.548866 

2024-01-02 12:17:30,749 | INFO : Epoch 18
-------------------------------
2024-01-02 12:17:30,933 | INFO : loss: 0.430960  [   64/50000]
2024-01-02 12:17:43,985 | INFO : loss: 0.409501  [ 6464/50000]
2024-01-02 12:17:57,147 | INFO : loss: 0.278541  [12864/50000]
2024-01-02 12:18:10,317 | INFO : loss: 0.321155  [19264/50000]
2024-01-02 12:18:23,456 | INFO : loss: 0.353018  [25664/50000]
2024-01-02 12:18:36,637 | INFO : loss: 0.373673  [32064/50000]
2024-01-02 12:18:49,781 | INFO : loss: 0.339569  [38464/50000]
2024-01-02 12:19:02,881 | INFO : loss: 0.558459  [44864/50000]
2024-01-02 12:19:29,972 | INFO : Test Error: 
 Accuracy: 83.2%, Avg loss: 0.518316 

2024-01-02 12:19:29,973 | INFO : Epoch 19
-------------------------------
2024-01-02 12:19:30,165 | INFO : loss: 0.438624  [   64/50000]
2024-01-02 12:19:43,234 | INFO : loss: 0.404369  [ 6464/50000]
2024-01-02 12:19:56,144 | INFO : loss: 0.325299  [12864/50000]
2024-01-02 12:20:09,080 | INFO : loss: 0.514822  [19264/50000]
2024-01-02 12:20:21,979 | INFO : loss: 0.450327  [25664/50000]
2024-01-02 12:20:34,831 | INFO : loss: 0.554594  [32064/50000]
2024-01-02 12:20:47,885 | INFO : loss: 0.690387  [38464/50000]
2024-01-02 12:21:00,821 | INFO : loss: 0.343231  [44864/50000]
2024-01-02 12:21:27,386 | INFO : Test Error: 
 Accuracy: 83.5%, Avg loss: 0.564669 

2024-01-02 12:21:27,387 | INFO : Epoch 20
-------------------------------
2024-01-02 12:21:27,570 | INFO : loss: 0.182108  [   64/50000]
2024-01-02 12:21:40,569 | INFO : loss: 0.359706  [ 6464/50000]
2024-01-02 12:21:53,757 | INFO : loss: 0.283537  [12864/50000]
2024-01-02 12:22:06,613 | INFO : loss: 0.570743  [19264/50000]
2024-01-02 12:22:19,577 | INFO : loss: 0.471582  [25664/50000]
2024-01-02 12:22:32,550 | INFO : loss: 0.415127  [32064/50000]
2024-01-02 12:22:45,547 | INFO : loss: 0.346741  [38464/50000]
2024-01-02 12:22:58,657 | INFO : loss: 0.596181  [44864/50000]
2024-01-02 12:23:25,465 | INFO : Test Error: 
 Accuracy: 82.8%, Avg loss: 0.533047 

2024-01-02 12:23:25,466 | INFO : Epoch 21
-------------------------------
2024-01-02 12:23:25,648 | INFO : loss: 0.402750  [   64/50000]
2024-01-02 12:23:38,774 | INFO : loss: 0.444679  [ 6464/50000]
2024-01-02 12:23:51,785 | INFO : loss: 0.447107  [12864/50000]
2024-01-02 12:24:04,792 | INFO : loss: 0.437346  [19264/50000]
2024-01-02 12:24:17,844 | INFO : loss: 0.214256  [25664/50000]
2024-01-02 12:24:30,920 | INFO : loss: 0.269042  [32064/50000]
2024-01-02 12:24:44,025 | INFO : loss: 0.426904  [38464/50000]
2024-01-02 12:24:57,108 | INFO : loss: 0.336383  [44864/50000]
2024-01-02 12:25:23,978 | INFO : Test Error: 
 Accuracy: 82.1%, Avg loss: 0.553967 

2024-01-02 12:25:23,979 | INFO : Epoch 22
-------------------------------
2024-01-02 12:25:24,167 | INFO : loss: 0.437206  [   64/50000]
2024-01-02 12:25:37,235 | INFO : loss: 0.163514  [ 6464/50000]
2024-01-02 12:25:50,213 | INFO : loss: 0.259927  [12864/50000]
2024-01-02 12:26:03,234 | INFO : loss: 0.420859  [19264/50000]
2024-01-02 12:26:16,328 | INFO : loss: 0.224010  [25664/50000]
2024-01-02 12:26:29,304 | INFO : loss: 0.361137  [32064/50000]
2024-01-02 12:26:42,443 | INFO : loss: 0.210373  [38464/50000]
2024-01-02 12:26:55,447 | INFO : loss: 0.327218  [44864/50000]
2024-01-02 12:27:22,396 | INFO : Test Error: 
 Accuracy: 82.5%, Avg loss: 0.608669 

2024-01-02 12:27:22,397 | INFO : Epoch 23
-------------------------------
2024-01-02 12:27:22,591 | INFO : loss: 0.350369  [   64/50000]
2024-01-02 12:27:35,665 | INFO : loss: 0.325133  [ 6464/50000]
2024-01-02 12:27:48,652 | INFO : loss: 0.232606  [12864/50000]
2024-01-02 12:28:01,745 | INFO : loss: 0.446956  [19264/50000]
2024-01-02 12:28:14,780 | INFO : loss: 0.602966  [25664/50000]
2024-01-02 12:28:27,832 | INFO : loss: 0.208066  [32064/50000]
2024-01-02 12:28:40,961 | INFO : loss: 0.383255  [38464/50000]
2024-01-02 12:28:53,985 | INFO : loss: 0.464431  [44864/50000]
2024-01-02 12:29:20,829 | INFO : Test Error: 
 Accuracy: 84.7%, Avg loss: 0.508954 

2024-01-02 12:29:20,829 | INFO : Epoch 24
-------------------------------
2024-01-02 12:29:21,020 | INFO : loss: 0.283845  [   64/50000]
2024-01-02 12:29:34,081 | INFO : loss: 0.262953  [ 6464/50000]
2024-01-02 12:29:47,183 | INFO : loss: 0.250417  [12864/50000]
2024-01-02 12:30:00,186 | INFO : loss: 0.255127  [19264/50000]
2024-01-02 12:30:13,200 | INFO : loss: 0.239574  [25664/50000]
2024-01-02 12:30:26,264 | INFO : loss: 0.242305  [32064/50000]
2024-01-02 12:30:39,349 | INFO : loss: 0.332592  [38464/50000]
2024-01-02 12:30:52,351 | INFO : loss: 0.234083  [44864/50000]
2024-01-02 12:31:19,141 | INFO : Test Error: 
 Accuracy: 83.0%, Avg loss: 0.547952 

2024-01-02 12:31:19,142 | INFO : Epoch 25
-------------------------------
2024-01-02 12:31:19,326 | INFO : loss: 0.339181  [   64/50000]
2024-01-02 12:31:32,307 | INFO : loss: 0.358593  [ 6464/50000]
2024-01-02 12:31:45,339 | INFO : loss: 0.183503  [12864/50000]
2024-01-02 12:31:58,398 | INFO : loss: 0.270509  [19264/50000]
2024-01-02 12:32:11,431 | INFO : loss: 0.376894  [25664/50000]
2024-01-02 12:32:24,378 | INFO : loss: 0.382719  [32064/50000]
2024-01-02 12:32:37,421 | INFO : loss: 0.329546  [38464/50000]
2024-01-02 12:32:50,453 | INFO : loss: 0.324395  [44864/50000]
2024-01-02 12:33:17,374 | INFO : Test Error: 
 Accuracy: 84.4%, Avg loss: 0.516867 

2024-01-02 12:33:17,375 | INFO : Epoch 26
-------------------------------
2024-01-02 12:33:17,565 | INFO : loss: 0.436054  [   64/50000]
2024-01-02 12:33:30,561 | INFO : loss: 0.327847  [ 6464/50000]
2024-01-02 12:33:43,632 | INFO : loss: 0.180279  [12864/50000]
2024-01-02 12:33:56,588 | INFO : loss: 0.324347  [19264/50000]
2024-01-02 12:34:09,691 | INFO : loss: 0.295880  [25664/50000]
2024-01-02 12:34:22,720 | INFO : loss: 0.438322  [32064/50000]
2024-01-02 12:34:35,833 | INFO : loss: 0.375056  [38464/50000]
2024-01-02 12:34:48,907 | INFO : loss: 0.574240  [44864/50000]
2024-01-02 12:35:15,699 | INFO : Test Error: 
 Accuracy: 83.3%, Avg loss: 0.570431 

2024-01-02 12:35:15,699 | INFO : Epoch 27
-------------------------------
2024-01-02 12:35:15,885 | INFO : loss: 0.381086  [   64/50000]
2024-01-02 12:35:28,929 | INFO : loss: 0.331326  [ 6464/50000]
2024-01-02 12:35:41,998 | INFO : loss: 0.228162  [12864/50000]
2024-01-02 12:35:55,048 | INFO : loss: 0.279518  [19264/50000]
2024-01-02 12:36:08,049 | INFO : loss: 0.311182  [25664/50000]
2024-01-02 12:36:21,112 | INFO : loss: 0.353770  [32064/50000]
2024-01-02 12:36:34,101 | INFO : loss: 0.132580  [38464/50000]
2024-01-02 12:36:47,142 | INFO : loss: 0.365092  [44864/50000]
2024-01-02 12:37:13,964 | INFO : Test Error: 
 Accuracy: 82.9%, Avg loss: 0.596761 

2024-01-02 12:37:13,965 | INFO : Epoch 28
-------------------------------
2024-01-02 12:37:14,155 | INFO : loss: 0.234734  [   64/50000]
2024-01-02 12:37:27,176 | INFO : loss: 0.504357  [ 6464/50000]
2024-01-02 12:37:40,322 | INFO : loss: 0.280234  [12864/50000]
2024-01-02 12:37:53,498 | INFO : loss: 0.278231  [19264/50000]
2024-01-02 12:38:06,573 | INFO : loss: 0.331346  [25664/50000]
2024-01-02 12:38:19,627 | INFO : loss: 0.512154  [32064/50000]
2024-01-02 12:38:32,654 | INFO : loss: 0.551035  [38464/50000]
2024-01-02 12:38:45,733 | INFO : loss: 0.274920  [44864/50000]
2024-01-02 12:39:12,641 | INFO : Test Error: 
 Accuracy: 84.1%, Avg loss: 0.547925 

2024-01-02 12:39:12,641 | INFO : Epoch 29
-------------------------------
2024-01-02 12:39:12,823 | INFO : loss: 0.340588  [   64/50000]
2024-01-02 12:39:25,934 | INFO : loss: 0.397472  [ 6464/50000]
2024-01-02 12:39:39,112 | INFO : loss: 0.227621  [12864/50000]
2024-01-02 12:39:52,084 | INFO : loss: 0.496926  [19264/50000]
2024-01-02 12:40:05,073 | INFO : loss: 0.349862  [25664/50000]
2024-01-02 12:40:18,101 | INFO : loss: 0.229040  [32064/50000]
2024-01-02 12:40:31,178 | INFO : loss: 0.213445  [38464/50000]
2024-01-02 12:40:44,251 | INFO : loss: 0.452057  [44864/50000]
2024-01-02 12:41:11,070 | INFO : Test Error: 
 Accuracy: 83.5%, Avg loss: 0.553838 

2024-01-02 12:41:11,071 | INFO : Epoch 30
-------------------------------
2024-01-02 12:41:11,259 | INFO : loss: 0.314316  [   64/50000]
2024-01-02 12:41:24,307 | INFO : loss: 0.162309  [ 6464/50000]
2024-01-02 12:41:37,228 | INFO : loss: 0.387468  [12864/50000]
2024-01-02 12:41:50,086 | INFO : loss: 0.253236  [19264/50000]
2024-01-02 12:42:03,170 | INFO : loss: 0.436885  [25664/50000]
2024-01-02 12:42:16,108 | INFO : loss: 0.248849  [32064/50000]
2024-01-02 12:42:29,105 | INFO : loss: 0.439168  [38464/50000]
2024-01-02 12:42:42,154 | INFO : loss: 0.536266  [44864/50000]
2024-01-02 12:43:08,957 | INFO : Test Error: 
 Accuracy: 83.9%, Avg loss: 0.551439 

2024-01-02 12:43:08,958 | INFO : Epoch 31
-------------------------------
2024-01-02 12:43:09,136 | INFO : loss: 0.570990  [   64/50000]
2024-01-02 12:43:22,182 | INFO : loss: 0.244640  [ 6464/50000]
2024-01-02 12:43:35,234 | INFO : loss: 0.115567  [12864/50000]
2024-01-02 12:43:48,277 | INFO : loss: 0.217603  [19264/50000]
2024-01-02 12:44:01,278 | INFO : loss: 0.247100  [25664/50000]
2024-01-02 12:44:14,306 | INFO : loss: 0.204875  [32064/50000]
2024-01-02 12:44:27,390 | INFO : loss: 0.324573  [38464/50000]
2024-01-02 12:44:40,438 | INFO : loss: 0.177744  [44864/50000]
2024-01-02 12:45:07,475 | INFO : Test Error: 
 Accuracy: 86.7%, Avg loss: 0.446487 

2024-01-02 12:45:07,476 | INFO : Epoch 32
-------------------------------
2024-01-02 12:45:07,661 | INFO : loss: 0.238295  [   64/50000]
2024-01-02 12:45:20,733 | INFO : loss: 0.247548  [ 6464/50000]
2024-01-02 12:45:33,752 | INFO : loss: 0.103209  [12864/50000]
2024-01-02 12:45:46,953 | INFO : loss: 0.141325  [19264/50000]
2024-01-02 12:46:00,048 | INFO : loss: 0.170986  [25664/50000]
2024-01-02 12:46:13,131 | INFO : loss: 0.205087  [32064/50000]
2024-01-02 12:46:26,180 | INFO : loss: 0.155204  [38464/50000]
2024-01-02 12:46:39,168 | INFO : loss: 0.235413  [44864/50000]
2024-01-02 12:47:05,583 | INFO : Test Error: 
 Accuracy: 87.0%, Avg loss: 0.450110 

2024-01-02 12:47:05,583 | INFO : Epoch 33
-------------------------------
2024-01-02 12:47:05,770 | INFO : loss: 0.202821  [   64/50000]
2024-01-02 12:47:18,577 | INFO : loss: 0.088247  [ 6464/50000]
2024-01-02 12:47:31,392 | INFO : loss: 0.311799  [12864/50000]
2024-01-02 12:47:44,197 | INFO : loss: 0.070573  [19264/50000]
2024-01-02 12:47:56,992 | INFO : loss: 0.130902  [25664/50000]
2024-01-02 12:48:09,824 | INFO : loss: 0.361139  [32064/50000]
2024-01-02 12:48:22,765 | INFO : loss: 0.236969  [38464/50000]
2024-01-02 12:48:35,830 | INFO : loss: 0.131887  [44864/50000]
2024-01-02 12:49:02,791 | INFO : Test Error: 
 Accuracy: 87.0%, Avg loss: 0.447042 

2024-01-02 12:49:02,792 | INFO : Epoch 34
-------------------------------
2024-01-02 12:49:02,978 | INFO : loss: 0.133512  [   64/50000]
2024-01-02 12:49:16,063 | INFO : loss: 0.220360  [ 6464/50000]
2024-01-02 12:49:29,128 | INFO : loss: 0.222174  [12864/50000]
2024-01-02 12:49:42,224 | INFO : loss: 0.302248  [19264/50000]
2024-01-02 12:49:55,239 | INFO : loss: 0.231612  [25664/50000]
2024-01-02 12:50:08,306 | INFO : loss: 0.157497  [32064/50000]
2024-01-02 12:50:21,348 | INFO : loss: 0.128157  [38464/50000]
2024-01-02 12:50:34,388 | INFO : loss: 0.213572  [44864/50000]
2024-01-02 12:51:01,300 | INFO : Test Error: 
 Accuracy: 87.5%, Avg loss: 0.424916 

2024-01-02 12:51:01,301 | INFO : Epoch 35
-------------------------------
2024-01-02 12:51:01,492 | INFO : loss: 0.077899  [   64/50000]
2024-01-02 12:51:14,501 | INFO : loss: 0.204691  [ 6464/50000]
2024-01-02 12:51:27,542 | INFO : loss: 0.226394  [12864/50000]
2024-01-02 12:51:40,550 | INFO : loss: 0.090876  [19264/50000]
2024-01-02 12:51:53,691 | INFO : loss: 0.369539  [25664/50000]
2024-01-02 12:52:06,839 | INFO : loss: 0.155469  [32064/50000]
2024-01-02 12:52:19,950 | INFO : loss: 0.215046  [38464/50000]
2024-01-02 12:52:33,018 | INFO : loss: 0.163781  [44864/50000]
2024-01-02 12:52:59,951 | INFO : Test Error: 
 Accuracy: 88.1%, Avg loss: 0.424744 

2024-01-02 12:52:59,951 | INFO : Epoch 36
-------------------------------
2024-01-02 12:53:00,140 | INFO : loss: 0.284774  [   64/50000]
2024-01-02 12:53:13,200 | INFO : loss: 0.268529  [ 6464/50000]
2024-01-02 12:53:26,246 | INFO : loss: 0.141259  [12864/50000]
2024-01-02 12:53:39,319 | INFO : loss: 0.147161  [19264/50000]
2024-01-02 12:53:52,342 | INFO : loss: 0.294880  [25664/50000]
2024-01-02 12:54:05,428 | INFO : loss: 0.094649  [32064/50000]
2024-01-02 12:54:18,444 | INFO : loss: 0.118358  [38464/50000]
2024-01-02 12:54:31,512 | INFO : loss: 0.104471  [44864/50000]
2024-01-02 12:54:58,421 | INFO : Test Error: 
 Accuracy: 87.6%, Avg loss: 0.424006 

2024-01-02 12:54:58,421 | INFO : Epoch 37
-------------------------------
2024-01-02 12:54:58,614 | INFO : loss: 0.254002  [   64/50000]
2024-01-02 12:55:11,697 | INFO : loss: 0.193285  [ 6464/50000]
2024-01-02 12:55:24,754 | INFO : loss: 0.151752  [12864/50000]
2024-01-02 12:55:37,838 | INFO : loss: 0.218506  [19264/50000]
2024-01-02 12:55:50,936 | INFO : loss: 0.113738  [25664/50000]
2024-01-02 12:56:04,047 | INFO : loss: 0.265187  [32064/50000]
2024-01-02 12:56:16,975 | INFO : loss: 0.115540  [38464/50000]
2024-01-02 12:56:29,875 | INFO : loss: 0.262342  [44864/50000]
2024-01-02 12:56:56,846 | INFO : Test Error: 
 Accuracy: 87.9%, Avg loss: 0.423046 

2024-01-02 12:56:56,847 | INFO : Epoch 38
-------------------------------
2024-01-02 12:56:57,023 | INFO : loss: 0.336989  [   64/50000]
2024-01-02 12:57:09,831 | INFO : loss: 0.078455  [ 6464/50000]
2024-01-02 12:57:22,726 | INFO : loss: 0.078369  [12864/50000]
2024-01-02 12:57:35,524 | INFO : loss: 0.148245  [19264/50000]
2024-01-02 12:57:48,547 | INFO : loss: 0.192907  [25664/50000]
2024-01-02 12:58:01,532 | INFO : loss: 0.439934  [32064/50000]
2024-01-02 12:58:14,371 | INFO : loss: 0.035983  [38464/50000]
2024-01-02 12:58:27,225 | INFO : loss: 0.227339  [44864/50000]
2024-01-02 12:58:53,700 | INFO : Test Error: 
 Accuracy: 87.5%, Avg loss: 0.408138 

2024-01-02 12:58:53,701 | INFO : Epoch 39
-------------------------------
2024-01-02 12:58:53,881 | INFO : loss: 0.112848  [   64/50000]
2024-01-02 12:59:06,689 | INFO : loss: 0.171530  [ 6464/50000]
2024-01-02 12:59:19,755 | INFO : loss: 0.147922  [12864/50000]
2024-01-02 12:59:32,829 | INFO : loss: 0.218364  [19264/50000]
2024-01-02 12:59:45,610 | INFO : loss: 0.196222  [25664/50000]
2024-01-02 12:59:58,448 | INFO : loss: 0.126740  [32064/50000]
2024-01-02 13:00:11,390 | INFO : loss: 0.061677  [38464/50000]
2024-01-02 13:00:24,218 | INFO : loss: 0.195703  [44864/50000]
2024-01-02 13:00:50,399 | INFO : Test Error: 
 Accuracy: 87.7%, Avg loss: 0.434601 

2024-01-02 13:00:50,400 | INFO : Epoch 40
-------------------------------
2024-01-02 13:00:50,594 | INFO : loss: 0.341396  [   64/50000]
2024-01-02 13:01:03,354 | INFO : loss: 0.198026  [ 6464/50000]
2024-01-02 13:01:16,136 | INFO : loss: 0.145755  [12864/50000]
2024-01-02 13:01:28,939 | INFO : loss: 0.246102  [19264/50000]
2024-01-02 13:01:41,723 | INFO : loss: 0.113615  [25664/50000]
2024-01-02 13:01:54,484 | INFO : loss: 0.173283  [32064/50000]
2024-01-02 13:02:07,215 | INFO : loss: 0.188779  [38464/50000]
2024-01-02 13:02:19,992 | INFO : loss: 0.176281  [44864/50000]
2024-01-02 13:02:46,142 | INFO : Test Error: 
 Accuracy: 88.0%, Avg loss: 0.414083 

2024-01-02 13:02:46,143 | INFO : Epoch 41
-------------------------------
2024-01-02 13:02:46,329 | INFO : loss: 0.233102  [   64/50000]
2024-01-02 13:02:59,047 | INFO : loss: 0.280595  [ 6464/50000]
2024-01-02 13:03:11,968 | INFO : loss: 0.075106  [12864/50000]
2024-01-02 13:03:24,714 | INFO : loss: 0.356349  [19264/50000]
2024-01-02 13:03:37,410 | INFO : loss: 0.247467  [25664/50000]
2024-01-02 13:03:50,241 | INFO : loss: 0.258304  [32064/50000]
2024-01-02 13:04:03,132 | INFO : loss: 0.189640  [38464/50000]
2024-01-02 13:04:16,038 | INFO : loss: 0.161787  [44864/50000]
2024-01-02 13:04:42,255 | INFO : Test Error: 
 Accuracy: 87.9%, Avg loss: 0.430689 

2024-01-02 13:04:42,256 | INFO : Epoch 42
-------------------------------
2024-01-02 13:04:42,447 | INFO : loss: 0.190812  [   64/50000]
2024-01-02 13:04:55,399 | INFO : loss: 0.097536  [ 6464/50000]
2024-01-02 13:05:08,197 | INFO : loss: 0.035797  [12864/50000]
2024-01-02 13:05:20,953 | INFO : loss: 0.165367  [19264/50000]
2024-01-02 13:05:33,688 | INFO : loss: 0.227830  [25664/50000]
2024-01-02 13:05:46,356 | INFO : loss: 0.125451  [32064/50000]
2024-01-02 13:05:59,119 | INFO : loss: 0.234223  [38464/50000]
2024-01-02 13:06:11,902 | INFO : loss: 0.151259  [44864/50000]
2024-01-02 13:06:37,999 | INFO : Test Error: 
 Accuracy: 87.9%, Avg loss: 0.425354 

2024-01-02 13:06:38,000 | INFO : Epoch 43
-------------------------------
2024-01-02 13:06:38,190 | INFO : loss: 0.065721  [   64/50000]
2024-01-02 13:06:50,887 | INFO : loss: 0.142400  [ 6464/50000]
2024-01-02 13:07:03,631 | INFO : loss: 0.112903  [12864/50000]
2024-01-02 13:07:16,360 | INFO : loss: 0.174717  [19264/50000]
2024-01-02 13:07:29,166 | INFO : loss: 0.206756  [25664/50000]
2024-01-02 13:07:41,928 | INFO : loss: 0.199346  [32064/50000]
2024-01-02 13:07:54,770 | INFO : loss: 0.053578  [38464/50000]
2024-01-02 13:08:07,566 | INFO : loss: 0.181536  [44864/50000]
2024-01-02 13:08:33,692 | INFO : Test Error: 
 Accuracy: 88.2%, Avg loss: 0.415585 

2024-01-02 13:08:33,693 | INFO : Epoch 44
-------------------------------
2024-01-02 13:08:33,877 | INFO : loss: 0.148226  [   64/50000]
2024-01-02 13:08:46,652 | INFO : loss: 0.235102  [ 6464/50000]
2024-01-02 13:08:59,515 | INFO : loss: 0.194536  [12864/50000]
2024-01-02 13:09:12,346 | INFO : loss: 0.053187  [19264/50000]
2024-01-02 13:09:25,394 | INFO : loss: 0.068697  [25664/50000]
2024-01-02 13:09:38,342 | INFO : loss: 0.159704  [32064/50000]
2024-01-02 13:09:51,065 | INFO : loss: 0.192698  [38464/50000]
2024-01-02 13:10:03,908 | INFO : loss: 0.093477  [44864/50000]
2024-01-02 13:10:30,123 | INFO : Test Error: 
 Accuracy: 88.1%, Avg loss: 0.413432 

2024-01-02 13:10:30,124 | INFO : Epoch 45
-------------------------------
2024-01-02 13:10:30,303 | INFO : loss: 0.116854  [   64/50000]
2024-01-02 13:10:43,033 | INFO : loss: 0.238982  [ 6464/50000]
2024-01-02 13:10:55,867 | INFO : loss: 0.094078  [12864/50000]
2024-01-02 13:11:08,692 | INFO : loss: 0.161368  [19264/50000]
2024-01-02 13:11:21,607 | INFO : loss: 0.164001  [25664/50000]
2024-01-02 13:11:34,365 | INFO : loss: 0.141973  [32064/50000]
2024-01-02 13:11:47,150 | INFO : loss: 0.114434  [38464/50000]
2024-01-02 13:11:59,947 | INFO : loss: 0.147838  [44864/50000]
2024-01-02 13:12:26,220 | INFO : Test Error: 
 Accuracy: 88.3%, Avg loss: 0.407769 

2024-01-02 13:12:26,221 | INFO : Epoch 46
-------------------------------
2024-01-02 13:12:26,403 | INFO : loss: 0.174660  [   64/50000]
2024-01-02 13:12:39,257 | INFO : loss: 0.233582  [ 6464/50000]
2024-01-02 13:12:52,062 | INFO : loss: 0.219946  [12864/50000]
2024-01-02 13:13:04,822 | INFO : loss: 0.187273  [19264/50000]
2024-01-02 13:13:17,652 | INFO : loss: 0.196077  [25664/50000]
2024-01-02 13:13:30,514 | INFO : loss: 0.235038  [32064/50000]
2024-01-02 13:13:43,344 | INFO : loss: 0.080868  [38464/50000]
2024-01-02 13:13:56,150 | INFO : loss: 0.056389  [44864/50000]
2024-01-02 13:14:22,361 | INFO : Test Error: 
 Accuracy: 88.0%, Avg loss: 0.418216 

2024-01-02 13:14:22,362 | INFO : Epoch 47
-------------------------------
2024-01-02 13:14:22,553 | INFO : loss: 0.024893  [   64/50000]
2024-01-02 13:14:35,370 | INFO : loss: 0.205208  [ 6464/50000]
2024-01-02 13:14:48,240 | INFO : loss: 0.054496  [12864/50000]
2024-01-02 13:15:01,064 | INFO : loss: 0.118639  [19264/50000]
2024-01-02 13:15:13,826 | INFO : loss: 0.373898  [25664/50000]
2024-01-02 13:15:26,663 | INFO : loss: 0.338201  [32064/50000]
2024-01-02 13:15:39,449 | INFO : loss: 0.109793  [38464/50000]
2024-01-02 13:15:52,263 | INFO : loss: 0.208240  [44864/50000]
2024-01-02 13:16:18,567 | INFO : Test Error: 
 Accuracy: 88.3%, Avg loss: 0.420461 

2024-01-02 13:16:18,568 | INFO : Epoch 48
-------------------------------
2024-01-02 13:16:18,762 | INFO : loss: 0.075665  [   64/50000]
2024-01-02 13:16:31,509 | INFO : loss: 0.168416  [ 6464/50000]
2024-01-02 13:16:44,323 | INFO : loss: 0.117231  [12864/50000]
2024-01-02 13:16:57,200 | INFO : loss: 0.216774  [19264/50000]
2024-01-02 13:17:10,011 | INFO : loss: 0.100494  [25664/50000]
2024-01-02 13:17:22,802 | INFO : loss: 0.128475  [32064/50000]
2024-01-02 13:17:35,685 | INFO : loss: 0.227448  [38464/50000]
2024-01-02 13:17:48,509 | INFO : loss: 0.104708  [44864/50000]
2024-01-02 13:18:14,879 | INFO : Test Error: 
 Accuracy: 88.4%, Avg loss: 0.411518 

2024-01-02 13:18:14,880 | INFO : Epoch 49
-------------------------------
2024-01-02 13:18:15,060 | INFO : loss: 0.145200  [   64/50000]
2024-01-02 13:18:27,887 | INFO : loss: 0.153922  [ 6464/50000]
2024-01-02 13:18:40,755 | INFO : loss: 0.098699  [12864/50000]
2024-01-02 13:18:53,612 | INFO : loss: 0.040981  [19264/50000]
2024-01-02 13:19:06,389 | INFO : loss: 0.171018  [25664/50000]
2024-01-02 13:19:19,212 | INFO : loss: 0.109287  [32064/50000]
2024-01-02 13:19:32,013 | INFO : loss: 0.280340  [38464/50000]
2024-01-02 13:19:44,775 | INFO : loss: 0.120075  [44864/50000]
2024-01-02 13:20:11,508 | INFO : Test Error: 
 Accuracy: 88.1%, Avg loss: 0.428944 

2024-01-02 13:20:11,509 | INFO : Epoch 50
-------------------------------
2024-01-02 13:20:11,696 | INFO : loss: 0.105579  [   64/50000]
2024-01-02 13:20:24,853 | INFO : loss: 0.107195  [ 6464/50000]
2024-01-02 13:20:37,810 | INFO : loss: 0.078631  [12864/50000]
2024-01-02 13:20:50,586 | INFO : loss: 0.122969  [19264/50000]
2024-01-02 13:21:03,570 | INFO : loss: 0.141025  [25664/50000]
2024-01-02 13:21:16,697 | INFO : loss: 0.159781  [32064/50000]
2024-01-02 13:21:29,742 | INFO : loss: 0.074034  [38464/50000]
2024-01-02 13:21:42,796 | INFO : loss: 0.105974  [44864/50000]
2024-01-02 13:22:09,727 | INFO : Test Error: 
 Accuracy: 88.1%, Avg loss: 0.420512 

2024-01-02 13:22:09,727 | INFO : Epoch 51
-------------------------------
2024-01-02 13:22:09,932 | INFO : loss: 0.267889  [   64/50000]
2024-01-02 13:22:23,029 | INFO : loss: 0.155496  [ 6464/50000]
2024-01-02 13:22:36,107 | INFO : loss: 0.135100  [12864/50000]
2024-01-02 13:22:49,125 | INFO : loss: 0.138167  [19264/50000]
2024-01-02 13:23:02,001 | INFO : loss: 0.095313  [25664/50000]
2024-01-02 13:23:15,083 | INFO : loss: 0.149599  [32064/50000]
2024-01-02 13:23:27,986 | INFO : loss: 0.057470  [38464/50000]
2024-01-02 13:23:41,148 | INFO : loss: 0.167317  [44864/50000]
2024-01-02 13:24:07,926 | INFO : Test Error: 
 Accuracy: 88.3%, Avg loss: 0.426530 

2024-01-02 13:24:07,927 | INFO : Epoch 52
-------------------------------
2024-01-02 13:24:08,122 | INFO : loss: 0.134997  [   64/50000]
2024-01-02 13:24:21,176 | INFO : loss: 0.123358  [ 6464/50000]
2024-01-02 13:24:34,319 | INFO : loss: 0.124970  [12864/50000]
2024-01-02 13:24:47,377 | INFO : loss: 0.171083  [19264/50000]
2024-01-02 13:25:00,358 | INFO : loss: 0.243718  [25664/50000]
2024-01-02 13:25:13,436 | INFO : loss: 0.197164  [32064/50000]
2024-01-02 13:25:26,434 | INFO : loss: 0.138981  [38464/50000]
2024-01-02 13:25:39,441 | INFO : loss: 0.212133  [44864/50000]
2024-01-02 13:26:06,350 | INFO : Test Error: 
 Accuracy: 88.1%, Avg loss: 0.430587 

2024-01-02 13:26:06,351 | INFO : Epoch 53
-------------------------------
2024-01-02 13:26:06,541 | INFO : loss: 0.086648  [   64/50000]
2024-01-02 13:26:19,619 | INFO : loss: 0.075413  [ 6464/50000]
2024-01-02 13:26:32,711 | INFO : loss: 0.075075  [12864/50000]
2024-01-02 13:26:45,813 | INFO : loss: 0.219405  [19264/50000]
2024-01-02 13:26:58,900 | INFO : loss: 0.156910  [25664/50000]
2024-01-02 13:27:11,975 | INFO : loss: 0.315050  [32064/50000]
2024-01-02 13:27:24,982 | INFO : loss: 0.171789  [38464/50000]
2024-01-02 13:27:37,975 | INFO : loss: 0.092494  [44864/50000]
2024-01-02 13:28:04,850 | INFO : Test Error: 
 Accuracy: 88.3%, Avg loss: 0.417025 

2024-01-02 13:28:04,851 | INFO : Epoch 54
-------------------------------
2024-01-02 13:28:05,034 | INFO : loss: 0.180510  [   64/50000]
2024-01-02 13:28:18,089 | INFO : loss: 0.151735  [ 6464/50000]
2024-01-02 13:28:31,155 | INFO : loss: 0.080484  [12864/50000]
2024-01-02 13:28:44,330 | INFO : loss: 0.062639  [19264/50000]
2024-01-02 13:28:57,430 | INFO : loss: 0.051347  [25664/50000]
2024-01-02 13:29:10,542 | INFO : loss: 0.226696  [32064/50000]
2024-01-02 13:29:23,668 | INFO : loss: 0.051707  [38464/50000]
2024-01-02 13:29:36,783 | INFO : loss: 0.145664  [44864/50000]
2024-01-02 13:30:03,780 | INFO : Test Error: 
 Accuracy: 88.7%, Avg loss: 0.399186 

2024-01-02 13:30:03,781 | INFO : Epoch 55
-------------------------------
2024-01-02 13:30:03,974 | INFO : loss: 0.112118  [   64/50000]
2024-01-02 13:30:17,052 | INFO : loss: 0.270269  [ 6464/50000]
2024-01-02 13:30:30,083 | INFO : loss: 0.093766  [12864/50000]
2024-01-02 13:30:43,204 | INFO : loss: 0.200965  [19264/50000]
2024-01-02 13:30:56,300 | INFO : loss: 0.181603  [25664/50000]
2024-01-02 13:31:09,462 | INFO : loss: 0.153477  [32064/50000]
2024-01-02 13:31:22,577 | INFO : loss: 0.031951  [38464/50000]
2024-01-02 13:31:35,674 | INFO : loss: 0.028590  [44864/50000]
2024-01-02 13:32:02,670 | INFO : Test Error: 
 Accuracy: 88.6%, Avg loss: 0.427525 

2024-01-02 13:32:02,671 | INFO : Epoch 56
-------------------------------
2024-01-02 13:32:02,858 | INFO : loss: 0.182899  [   64/50000]
2024-01-02 13:32:16,002 | INFO : loss: 0.187550  [ 6464/50000]
2024-01-02 13:32:29,108 | INFO : loss: 0.200087  [12864/50000]
2024-01-02 13:32:42,297 | INFO : loss: 0.132803  [19264/50000]
2024-01-02 13:32:55,331 | INFO : loss: 0.195760  [25664/50000]
2024-01-02 13:33:08,455 | INFO : loss: 0.086220  [32064/50000]
2024-01-02 13:33:21,481 | INFO : loss: 0.126072  [38464/50000]
2024-01-02 13:33:34,578 | INFO : loss: 0.182673  [44864/50000]
2024-01-02 13:34:01,514 | INFO : Test Error: 
 Accuracy: 88.4%, Avg loss: 0.412102 

2024-01-02 13:34:01,514 | INFO : Epoch 57
-------------------------------
2024-01-02 13:34:01,702 | INFO : loss: 0.100315  [   64/50000]
2024-01-02 13:34:14,780 | INFO : loss: 0.104286  [ 6464/50000]
2024-01-02 13:34:27,844 | INFO : loss: 0.045892  [12864/50000]
2024-01-02 13:34:40,890 | INFO : loss: 0.330639  [19264/50000]
2024-01-02 13:34:53,999 | INFO : loss: 0.252725  [25664/50000]
2024-01-02 13:35:07,084 | INFO : loss: 0.106746  [32064/50000]
2024-01-02 13:35:20,199 | INFO : loss: 0.113902  [38464/50000]
2024-01-02 13:35:33,204 | INFO : loss: 0.276944  [44864/50000]
2024-01-02 13:36:00,202 | INFO : Test Error: 
 Accuracy: 88.6%, Avg loss: 0.413955 

2024-01-02 13:36:00,203 | INFO : Epoch 58
-------------------------------
2024-01-02 13:36:00,390 | INFO : loss: 0.196070  [   64/50000]
2024-01-02 13:36:13,473 | INFO : loss: 0.121963  [ 6464/50000]
2024-01-02 13:36:26,554 | INFO : loss: 0.271733  [12864/50000]
2024-01-02 13:36:39,623 | INFO : loss: 0.242713  [19264/50000]
2024-01-02 13:36:52,417 | INFO : loss: 0.122227  [25664/50000]
2024-01-02 13:37:05,464 | INFO : loss: 0.057313  [32064/50000]
2024-01-02 13:37:18,631 | INFO : loss: 0.072625  [38464/50000]
2024-01-02 13:37:31,914 | INFO : loss: 0.079579  [44864/50000]
2024-01-02 13:37:58,968 | INFO : Test Error: 
 Accuracy: 88.4%, Avg loss: 0.413208 

2024-01-02 13:37:58,969 | INFO : Epoch 59
-------------------------------
2024-01-02 13:37:59,161 | INFO : loss: 0.216691  [   64/50000]
2024-01-02 13:38:12,325 | INFO : loss: 0.101869  [ 6464/50000]
2024-01-02 13:38:25,413 | INFO : loss: 0.167614  [12864/50000]
2024-01-02 13:38:38,490 | INFO : loss: 0.311872  [19264/50000]
2024-01-02 13:38:51,604 | INFO : loss: 0.216338  [25664/50000]
2024-01-02 13:39:04,809 | INFO : loss: 0.090154  [32064/50000]
2024-01-02 13:39:17,929 | INFO : loss: 0.046829  [38464/50000]
2024-01-02 13:39:31,012 | INFO : loss: 0.161174  [44864/50000]
2024-01-02 13:39:58,023 | INFO : Test Error: 
 Accuracy: 88.8%, Avg loss: 0.410220 

2024-01-02 13:39:58,024 | INFO : Epoch 60
-------------------------------
2024-01-02 13:39:58,208 | INFO : loss: 0.034691  [   64/50000]
2024-01-02 13:40:11,297 | INFO : loss: 0.061344  [ 6464/50000]
2024-01-02 13:40:24,384 | INFO : loss: 0.084303  [12864/50000]
2024-01-02 13:40:37,427 | INFO : loss: 0.207825  [19264/50000]
2024-01-02 13:40:50,478 | INFO : loss: 0.073651  [25664/50000]
2024-01-02 13:41:03,595 | INFO : loss: 0.299063  [32064/50000]
2024-01-02 13:41:16,738 | INFO : loss: 0.059248  [38464/50000]
2024-01-02 13:41:29,824 | INFO : loss: 0.214014  [44864/50000]
2024-01-02 13:41:56,827 | INFO : Test Error: 
 Accuracy: 88.5%, Avg loss: 0.424289 

2024-01-02 13:41:56,828 | INFO : Epoch 61
-------------------------------
2024-01-02 13:41:57,015 | INFO : loss: 0.102756  [   64/50000]
2024-01-02 13:42:10,133 | INFO : loss: 0.052417  [ 6464/50000]
2024-01-02 13:42:23,264 | INFO : loss: 0.146048  [12864/50000]
2024-01-02 13:42:36,423 | INFO : loss: 0.123515  [19264/50000]
2024-01-02 13:42:49,613 | INFO : loss: 0.171702  [25664/50000]
2024-01-02 13:43:02,766 | INFO : loss: 0.170875  [32064/50000]
2024-01-02 13:43:15,706 | INFO : loss: 0.071086  [38464/50000]
2024-01-02 13:43:28,734 | INFO : loss: 0.141115  [44864/50000]
2024-01-02 13:43:55,928 | INFO : Test Error: 
 Accuracy: 89.0%, Avg loss: 0.406005 

2024-01-02 13:43:55,929 | INFO : Epoch 62
-------------------------------
2024-01-02 13:43:56,118 | INFO : loss: 0.205391  [   64/50000]
2024-01-02 13:44:09,397 | INFO : loss: 0.230042  [ 6464/50000]
2024-01-02 13:44:22,697 | INFO : loss: 0.103872  [12864/50000]
2024-01-02 13:44:35,839 | INFO : loss: 0.197330  [19264/50000]
2024-01-02 13:44:49,025 | INFO : loss: 0.147790  [25664/50000]
2024-01-02 13:45:02,246 | INFO : loss: 0.198293  [32064/50000]
2024-01-02 13:45:15,478 | INFO : loss: 0.121272  [38464/50000]
2024-01-02 13:45:28,606 | INFO : loss: 0.114494  [44864/50000]
2024-01-02 13:45:55,808 | INFO : Test Error: 
 Accuracy: 88.6%, Avg loss: 0.405837 

2024-01-02 13:45:55,809 | INFO : Epoch 63
-------------------------------
2024-01-02 13:45:55,992 | INFO : loss: 0.212042  [   64/50000]
2024-01-02 13:46:09,078 | INFO : loss: 0.122111  [ 6464/50000]
2024-01-02 13:46:22,237 | INFO : loss: 0.197482  [12864/50000]
2024-01-02 13:46:35,540 | INFO : loss: 0.152137  [19264/50000]
2024-01-02 13:46:48,737 | INFO : loss: 0.229342  [25664/50000]
2024-01-02 13:47:01,911 | INFO : loss: 0.267484  [32064/50000]
2024-01-02 13:47:15,041 | INFO : loss: 0.156079  [38464/50000]
2024-01-02 13:47:28,217 | INFO : loss: 0.079997  [44864/50000]
2024-01-02 13:47:55,287 | INFO : Test Error: 
 Accuracy: 88.5%, Avg loss: 0.406345 

2024-01-02 13:47:55,288 | INFO : Epoch 64
-------------------------------
2024-01-02 13:47:55,482 | INFO : loss: 0.204371  [   64/50000]
2024-01-02 13:48:08,661 | INFO : loss: 0.087423  [ 6464/50000]
2024-01-02 13:48:21,918 | INFO : loss: 0.167943  [12864/50000]
2024-01-02 13:48:35,168 | INFO : loss: 0.054809  [19264/50000]
2024-01-02 13:48:48,324 | INFO : loss: 0.244840  [25664/50000]
2024-01-02 13:49:01,401 | INFO : loss: 0.183916  [32064/50000]
2024-01-02 13:49:14,444 | INFO : loss: 0.366138  [38464/50000]
2024-01-02 13:49:27,598 | INFO : loss: 0.217486  [44864/50000]
2024-01-02 13:49:54,786 | INFO : Test Error: 
 Accuracy: 88.9%, Avg loss: 0.401731 

2024-01-02 13:49:54,787 | INFO : Epoch 65
-------------------------------
2024-01-02 13:49:54,977 | INFO : loss: 0.170585  [   64/50000]
2024-01-02 13:50:08,130 | INFO : loss: 0.110966  [ 6464/50000]
2024-01-02 13:50:21,284 | INFO : loss: 0.057596  [12864/50000]
2024-01-02 13:50:34,537 | INFO : loss: 0.031946  [19264/50000]
2024-01-02 13:50:47,714 | INFO : loss: 0.097964  [25664/50000]
2024-01-02 13:51:00,928 | INFO : loss: 0.151865  [32064/50000]
2024-01-02 13:51:14,103 | INFO : loss: 0.188695  [38464/50000]
2024-01-02 13:51:27,323 | INFO : loss: 0.169536  [44864/50000]
2024-01-02 13:51:54,242 | INFO : Test Error: 
 Accuracy: 89.1%, Avg loss: 0.396946 

2024-01-02 13:51:54,243 | INFO : Epoch 66
-------------------------------
2024-01-02 13:51:54,427 | INFO : loss: 0.081513  [   64/50000]
2024-01-02 13:52:07,526 | INFO : loss: 0.102305  [ 6464/50000]
2024-01-02 13:52:20,560 | INFO : loss: 0.130637  [12864/50000]
2024-01-02 13:52:33,579 | INFO : loss: 0.057455  [19264/50000]
2024-01-02 13:52:46,619 | INFO : loss: 0.145915  [25664/50000]
2024-01-02 13:52:59,624 | INFO : loss: 0.176820  [32064/50000]
2024-01-02 13:53:12,674 | INFO : loss: 0.114431  [38464/50000]
2024-01-02 13:53:25,765 | INFO : loss: 0.165924  [44864/50000]
2024-01-02 13:53:52,583 | INFO : Test Error: 
 Accuracy: 89.1%, Avg loss: 0.387859 

2024-01-02 13:53:52,584 | INFO : Epoch 67
-------------------------------
2024-01-02 13:53:52,770 | INFO : loss: 0.073354  [   64/50000]
2024-01-02 13:54:05,846 | INFO : loss: 0.127057  [ 6464/50000]
2024-01-02 13:54:18,852 | INFO : loss: 0.161015  [12864/50000]
2024-01-02 13:54:31,881 | INFO : loss: 0.051165  [19264/50000]
2024-01-02 13:54:44,883 | INFO : loss: 0.094703  [25664/50000]
2024-01-02 13:54:57,890 | INFO : loss: 0.166926  [32064/50000]
2024-01-02 13:55:10,972 | INFO : loss: 0.050753  [38464/50000]
2024-01-02 13:55:24,033 | INFO : loss: 0.194594  [44864/50000]
2024-01-02 13:55:50,967 | INFO : Test Error: 
 Accuracy: 89.0%, Avg loss: 0.386765 

2024-01-02 13:55:50,968 | INFO : Epoch 68
-------------------------------
2024-01-02 13:55:51,155 | INFO : loss: 0.253826  [   64/50000]
2024-01-02 13:56:04,136 | INFO : loss: 0.271351  [ 6464/50000]
2024-01-02 13:56:17,122 | INFO : loss: 0.204919  [12864/50000]
2024-01-02 13:56:30,146 | INFO : loss: 0.171337  [19264/50000]
2024-01-02 13:56:43,150 | INFO : loss: 0.173469  [25664/50000]
2024-01-02 13:56:56,227 | INFO : loss: 0.229397  [32064/50000]
2024-01-02 13:57:09,255 | INFO : loss: 0.109602  [38464/50000]
2024-01-02 13:57:22,258 | INFO : loss: 0.069072  [44864/50000]
2024-01-02 13:57:49,191 | INFO : Test Error: 
 Accuracy: 89.3%, Avg loss: 0.389388 

2024-01-02 13:57:49,192 | INFO : Epoch 69
-------------------------------
2024-01-02 13:57:49,373 | INFO : loss: 0.073157  [   64/50000]
2024-01-02 13:58:02,426 | INFO : loss: 0.138184  [ 6464/50000]
2024-01-02 13:58:15,461 | INFO : loss: 0.123415  [12864/50000]
2024-01-02 13:58:28,502 | INFO : loss: 0.181877  [19264/50000]
2024-01-02 13:58:41,537 | INFO : loss: 0.155307  [25664/50000]
2024-01-02 13:58:54,581 | INFO : loss: 0.131728  [32064/50000]
2024-01-02 13:59:07,655 | INFO : loss: 0.157117  [38464/50000]
2024-01-02 13:59:20,710 | INFO : loss: 0.184867  [44864/50000]
2024-01-02 13:59:47,416 | INFO : Test Error: 
 Accuracy: 88.9%, Avg loss: 0.396678 

2024-01-02 13:59:47,417 | INFO : Epoch 70
-------------------------------
2024-01-02 13:59:47,600 | INFO : loss: 0.109250  [   64/50000]
2024-01-02 14:00:00,395 | INFO : loss: 0.037604  [ 6464/50000]
2024-01-02 14:00:13,279 | INFO : loss: 0.213030  [12864/50000]
2024-01-02 14:00:26,143 | INFO : loss: 0.182444  [19264/50000]
2024-01-02 14:00:39,148 | INFO : loss: 0.203035  [25664/50000]
2024-01-02 14:00:52,116 | INFO : loss: 0.226163  [32064/50000]
2024-01-02 14:01:05,133 | INFO : loss: 0.125875  [38464/50000]
2024-01-02 14:01:18,187 | INFO : loss: 0.083837  [44864/50000]
2024-01-02 14:01:44,974 | INFO : Test Error: 
 Accuracy: 88.6%, Avg loss: 0.400023 

2024-01-02 14:01:44,974 | INFO : Epoch 71
-------------------------------
2024-01-02 14:01:45,169 | INFO : loss: 0.213414  [   64/50000]
2024-01-02 14:01:58,206 | INFO : loss: 0.026787  [ 6464/50000]
2024-01-02 14:02:11,197 | INFO : loss: 0.085622  [12864/50000]
2024-01-02 14:02:24,224 | INFO : loss: 0.134554  [19264/50000]
2024-01-02 14:02:37,174 | INFO : loss: 0.207854  [25664/50000]
2024-01-02 14:02:50,179 | INFO : loss: 0.159400  [32064/50000]
2024-01-02 14:03:03,159 | INFO : loss: 0.153257  [38464/50000]
2024-01-02 14:03:16,145 | INFO : loss: 0.150664  [44864/50000]
2024-01-02 14:03:42,894 | INFO : Test Error: 
 Accuracy: 89.2%, Avg loss: 0.397494 

2024-01-02 14:03:42,895 | INFO : Epoch 72
-------------------------------
2024-01-02 14:03:43,083 | INFO : loss: 0.127900  [   64/50000]
2024-01-02 14:03:56,135 | INFO : loss: 0.309001  [ 6464/50000]
2024-01-02 14:04:09,085 | INFO : loss: 0.077234  [12864/50000]
2024-01-02 14:04:22,132 | INFO : loss: 0.051643  [19264/50000]
2024-01-02 14:04:35,086 | INFO : loss: 0.088834  [25664/50000]
2024-01-02 14:04:47,991 | INFO : loss: 0.086503  [32064/50000]
2024-01-02 14:05:00,913 | INFO : loss: 0.113887  [38464/50000]
2024-01-02 14:05:13,842 | INFO : loss: 0.068974  [44864/50000]
2024-01-02 14:05:40,613 | INFO : Test Error: 
 Accuracy: 89.1%, Avg loss: 0.399129 

2024-01-02 14:05:40,614 | INFO : Epoch 73
-------------------------------
2024-01-02 14:05:40,799 | INFO : loss: 0.099331  [   64/50000]
2024-01-02 14:05:53,709 | INFO : loss: 0.071776  [ 6464/50000]
2024-01-02 14:06:06,570 | INFO : loss: 0.180092  [12864/50000]
2024-01-02 14:06:19,470 | INFO : loss: 0.234291  [19264/50000]
2024-01-02 14:06:32,313 | INFO : loss: 0.069435  [25664/50000]
2024-01-02 14:06:45,312 | INFO : loss: 0.227980  [32064/50000]
2024-01-02 14:06:58,411 | INFO : loss: 0.131940  [38464/50000]
2024-01-02 14:07:11,416 | INFO : loss: 0.100782  [44864/50000]
2024-01-02 14:07:38,207 | INFO : Test Error: 
 Accuracy: 89.0%, Avg loss: 0.395338 

2024-01-02 14:07:38,208 | INFO : Epoch 74
-------------------------------
2024-01-02 14:07:38,401 | INFO : loss: 0.104271  [   64/50000]
2024-01-02 14:07:51,455 | INFO : loss: 0.090760  [ 6464/50000]
2024-01-02 14:08:04,543 | INFO : loss: 0.194896  [12864/50000]
2024-01-02 14:08:17,604 | INFO : loss: 0.114781  [19264/50000]
2024-01-02 14:08:30,671 | INFO : loss: 0.075444  [25664/50000]
2024-01-02 14:08:43,740 | INFO : loss: 0.171123  [32064/50000]
2024-01-02 14:08:56,864 | INFO : loss: 0.201169  [38464/50000]
2024-01-02 14:09:10,002 | INFO : loss: 0.289131  [44864/50000]
2024-01-02 14:09:36,966 | INFO : Test Error: 
 Accuracy: 89.1%, Avg loss: 0.391162 

2024-01-02 14:09:36,967 | INFO : Epoch 75
-------------------------------
2024-01-02 14:09:37,156 | INFO : loss: 0.220677  [   64/50000]
2024-01-02 14:09:50,089 | INFO : loss: 0.054485  [ 6464/50000]
2024-01-02 14:10:03,066 | INFO : loss: 0.077188  [12864/50000]
2024-01-02 14:10:16,076 | INFO : loss: 0.124501  [19264/50000]
2024-01-02 14:10:29,231 | INFO : loss: 0.255224  [25664/50000]
2024-01-02 14:10:42,266 | INFO : loss: 0.190990  [32064/50000]
2024-01-02 14:10:55,341 | INFO : loss: 0.147625  [38464/50000]
2024-01-02 14:11:08,346 | INFO : loss: 0.238176  [44864/50000]
2024-01-02 14:11:35,254 | INFO : Test Error: 
 Accuracy: 89.2%, Avg loss: 0.395437 

2024-01-02 14:11:35,255 | INFO : Epoch 76
-------------------------------
2024-01-02 14:11:35,446 | INFO : loss: 0.182798  [   64/50000]
2024-01-02 14:11:48,479 | INFO : loss: 0.112447  [ 6464/50000]
2024-01-02 14:12:01,573 | INFO : loss: 0.133860  [12864/50000]
2024-01-02 14:12:14,618 | INFO : loss: 0.166974  [19264/50000]
2024-01-02 14:12:27,640 | INFO : loss: 0.100620  [25664/50000]
2024-01-02 14:12:40,756 | INFO : loss: 0.100543  [32064/50000]
2024-01-02 14:12:53,787 | INFO : loss: 0.049638  [38464/50000]
2024-01-02 14:13:06,861 | INFO : loss: 0.273621  [44864/50000]
2024-01-02 14:13:33,832 | INFO : Test Error: 
 Accuracy: 88.9%, Avg loss: 0.394970 

2024-01-02 14:13:33,833 | INFO : Epoch 77
-------------------------------
2024-01-02 14:13:34,018 | INFO : loss: 0.122703  [   64/50000]
2024-01-02 14:13:47,073 | INFO : loss: 0.178391  [ 6464/50000]
2024-01-02 14:13:59,919 | INFO : loss: 0.198779  [12864/50000]
2024-01-02 14:14:12,815 | INFO : loss: 0.173148  [19264/50000]
2024-01-02 14:14:25,656 | INFO : loss: 0.245562  [25664/50000]
2024-01-02 14:14:38,529 | INFO : loss: 0.121613  [32064/50000]
2024-01-02 14:14:51,520 | INFO : loss: 0.386262  [38464/50000]
2024-01-02 14:15:04,631 | INFO : loss: 0.284951  [44864/50000]
2024-01-02 14:15:31,640 | INFO : Test Error: 
 Accuracy: 88.9%, Avg loss: 0.402686 

2024-01-02 14:15:31,641 | INFO : Epoch 78
-------------------------------
2024-01-02 14:15:31,846 | INFO : loss: 0.272613  [   64/50000]
2024-01-02 14:15:44,974 | INFO : loss: 0.088270  [ 6464/50000]
2024-01-02 14:15:57,809 | INFO : loss: 0.122633  [12864/50000]
2024-01-02 14:16:10,829 | INFO : loss: 0.026913  [19264/50000]
2024-01-02 14:16:23,924 | INFO : loss: 0.186442  [25664/50000]
2024-01-02 14:16:37,035 | INFO : loss: 0.229009  [32064/50000]
2024-01-02 14:16:50,156 | INFO : loss: 0.141083  [38464/50000]
2024-01-02 14:17:03,228 | INFO : loss: 0.239405  [44864/50000]
2024-01-02 14:17:29,923 | INFO : Test Error: 
 Accuracy: 89.0%, Avg loss: 0.392663 

2024-01-02 14:17:29,924 | INFO : Epoch 79
-------------------------------
2024-01-02 14:17:30,115 | INFO : loss: 0.064937  [   64/50000]
2024-01-02 14:17:43,127 | INFO : loss: 0.151836  [ 6464/50000]
2024-01-02 14:17:55,940 | INFO : loss: 0.090739  [12864/50000]
2024-01-02 14:18:09,022 | INFO : loss: 0.203922  [19264/50000]
2024-01-02 14:18:22,090 | INFO : loss: 0.068698  [25664/50000]
2024-01-02 14:18:35,149 | INFO : loss: 0.123106  [32064/50000]
2024-01-02 14:18:48,171 | INFO : loss: 0.211065  [38464/50000]
2024-01-02 14:19:01,272 | INFO : loss: 0.086378  [44864/50000]
2024-01-02 14:19:28,168 | INFO : Test Error: 
 Accuracy: 89.2%, Avg loss: 0.393906 

2024-01-02 14:19:28,169 | INFO : Epoch 80
-------------------------------
2024-01-02 14:19:28,355 | INFO : loss: 0.041376  [   64/50000]
2024-01-02 14:19:41,449 | INFO : loss: 0.176293  [ 6464/50000]
2024-01-02 14:19:54,532 | INFO : loss: 0.070520  [12864/50000]
2024-01-02 14:20:07,660 | INFO : loss: 0.088515  [19264/50000]
2024-01-02 14:20:20,698 | INFO : loss: 0.119754  [25664/50000]
2024-01-02 14:20:33,662 | INFO : loss: 0.153796  [32064/50000]
2024-01-02 14:20:46,559 | INFO : loss: 0.158734  [38464/50000]
2024-01-02 14:20:59,518 | INFO : loss: 0.175030  [44864/50000]
2024-01-02 14:21:26,528 | INFO : Test Error: 
 Accuracy: 88.9%, Avg loss: 0.401514 

2024-01-02 14:21:26,529 | INFO : Epoch 81
-------------------------------
2024-01-02 14:21:26,718 | INFO : loss: 0.180588  [   64/50000]
2024-01-02 14:21:39,840 | INFO : loss: 0.196025  [ 6464/50000]
2024-01-02 14:21:52,862 | INFO : loss: 0.105996  [12864/50000]
2024-01-02 14:22:05,955 | INFO : loss: 0.131031  [19264/50000]
2024-01-02 14:22:19,007 | INFO : loss: 0.240984  [25664/50000]
2024-01-02 14:22:32,105 | INFO : loss: 0.036239  [32064/50000]
2024-01-02 14:22:45,238 | INFO : loss: 0.143210  [38464/50000]
2024-01-02 14:22:58,352 | INFO : loss: 0.134222  [44864/50000]
2024-01-02 14:23:25,306 | INFO : Test Error: 
 Accuracy: 89.3%, Avg loss: 0.389328 

2024-01-02 14:23:25,307 | INFO : Epoch 82
-------------------------------
2024-01-02 14:23:25,497 | INFO : loss: 0.066503  [   64/50000]
2024-01-02 14:23:38,540 | INFO : loss: 0.161542  [ 6464/50000]
2024-01-02 14:23:51,649 | INFO : loss: 0.162884  [12864/50000]
2024-01-02 14:24:04,682 | INFO : loss: 0.167962  [19264/50000]
2024-01-02 14:24:17,761 | INFO : loss: 0.139161  [25664/50000]
2024-01-02 14:24:30,876 | INFO : loss: 0.097298  [32064/50000]
2024-01-02 14:24:44,012 | INFO : loss: 0.054710  [38464/50000]
2024-01-02 14:24:57,095 | INFO : loss: 0.218355  [44864/50000]
2024-01-02 14:25:23,997 | INFO : Test Error: 
 Accuracy: 89.2%, Avg loss: 0.398747 

2024-01-02 14:25:23,998 | INFO : Epoch 83
-------------------------------
2024-01-02 14:25:24,180 | INFO : loss: 0.137886  [   64/50000]
2024-01-02 14:25:37,323 | INFO : loss: 0.153718  [ 6464/50000]
2024-01-02 14:25:50,453 | INFO : loss: 0.065870  [12864/50000]
2024-01-02 14:26:03,488 | INFO : loss: 0.229081  [19264/50000]
2024-01-02 14:26:16,573 | INFO : loss: 0.220669  [25664/50000]
2024-01-02 14:26:29,655 | INFO : loss: 0.078105  [32064/50000]
2024-01-02 14:26:42,765 | INFO : loss: 0.100219  [38464/50000]
2024-01-02 14:26:55,874 | INFO : loss: 0.108381  [44864/50000]
2024-01-02 14:27:22,533 | INFO : Test Error: 
 Accuracy: 89.2%, Avg loss: 0.393913 

2024-01-02 14:27:22,533 | INFO : Epoch 84
-------------------------------
2024-01-02 14:27:22,715 | INFO : loss: 0.186550  [   64/50000]
2024-01-02 14:27:35,708 | INFO : loss: 0.116291  [ 6464/50000]
2024-01-02 14:27:48,750 | INFO : loss: 0.162059  [12864/50000]
2024-01-02 14:28:01,837 | INFO : loss: 0.179362  [19264/50000]
2024-01-02 14:28:14,952 | INFO : loss: 0.184555  [25664/50000]
2024-01-02 14:28:28,033 | INFO : loss: 0.164658  [32064/50000]
2024-01-02 14:28:41,159 | INFO : loss: 0.109644  [38464/50000]
2024-01-02 14:28:54,286 | INFO : loss: 0.119874  [44864/50000]
2024-01-02 14:29:21,295 | INFO : Test Error: 
 Accuracy: 89.1%, Avg loss: 0.392672 

2024-01-02 14:29:21,296 | INFO : Epoch 85
-------------------------------
2024-01-02 14:29:21,485 | INFO : loss: 0.030599  [   64/50000]
2024-01-02 14:29:34,585 | INFO : loss: 0.151167  [ 6464/50000]
2024-01-02 14:29:47,709 | INFO : loss: 0.070929  [12864/50000]
2024-01-02 14:30:00,775 | INFO : loss: 0.137655  [19264/50000]
2024-01-02 14:30:13,899 | INFO : loss: 0.129753  [25664/50000]
2024-01-02 14:30:26,757 | INFO : loss: 0.083564  [32064/50000]
2024-01-02 14:30:39,830 | INFO : loss: 0.214478  [38464/50000]
2024-01-02 14:30:52,939 | INFO : loss: 0.140799  [44864/50000]
2024-01-02 14:31:19,897 | INFO : Test Error: 
 Accuracy: 89.2%, Avg loss: 0.391605 

2024-01-02 14:31:19,898 | INFO : Epoch 86
-------------------------------
2024-01-02 14:31:20,080 | INFO : loss: 0.153446  [   64/50000]
2024-01-02 14:31:33,139 | INFO : loss: 0.082476  [ 6464/50000]
2024-01-02 14:31:46,186 | INFO : loss: 0.068076  [12864/50000]
2024-01-02 14:31:59,229 | INFO : loss: 0.121486  [19264/50000]
2024-01-02 14:32:12,351 | INFO : loss: 0.063031  [25664/50000]
2024-01-02 14:32:25,431 | INFO : loss: 0.127626  [32064/50000]
2024-01-02 14:32:38,486 | INFO : loss: 0.103617  [38464/50000]
2024-01-02 14:32:51,597 | INFO : loss: 0.140571  [44864/50000]
2024-01-02 14:33:18,544 | INFO : Test Error: 
 Accuracy: 89.1%, Avg loss: 0.388874 

2024-01-02 14:33:18,545 | INFO : Epoch 87
-------------------------------
2024-01-02 14:33:18,734 | INFO : loss: 0.201314  [   64/50000]
2024-01-02 14:33:31,827 | INFO : loss: 0.153649  [ 6464/50000]
2024-01-02 14:33:44,894 | INFO : loss: 0.075094  [12864/50000]
2024-01-02 14:33:57,972 | INFO : loss: 0.125385  [19264/50000]
2024-01-02 14:34:11,109 | INFO : loss: 0.100427  [25664/50000]
2024-01-02 14:34:24,222 | INFO : loss: 0.125511  [32064/50000]
2024-01-02 14:34:37,270 | INFO : loss: 0.091107  [38464/50000]
2024-01-02 14:34:50,319 | INFO : loss: 0.036271  [44864/50000]
2024-01-02 14:35:16,639 | INFO : Test Error: 
 Accuracy: 89.2%, Avg loss: 0.396812 

2024-01-02 14:35:16,641 | INFO : Epoch 88
-------------------------------
2024-01-02 14:35:16,821 | INFO : loss: 0.215527  [   64/50000]
2024-01-02 14:35:29,709 | INFO : loss: 0.119163  [ 6464/50000]
2024-01-02 14:35:42,887 | INFO : loss: 0.123743  [12864/50000]
2024-01-02 14:35:55,978 | INFO : loss: 0.270020  [19264/50000]
2024-01-02 14:36:09,094 | INFO : loss: 0.159882  [25664/50000]
2024-01-02 14:36:22,180 | INFO : loss: 0.186640  [32064/50000]
2024-01-02 14:36:35,280 | INFO : loss: 0.141881  [38464/50000]
2024-01-02 14:36:48,435 | INFO : loss: 0.184333  [44864/50000]
2024-01-02 14:37:15,422 | INFO : Test Error: 
 Accuracy: 88.8%, Avg loss: 0.399309 

2024-01-02 14:37:15,423 | INFO : Epoch 89
-------------------------------
2024-01-02 14:37:15,609 | INFO : loss: 0.127901  [   64/50000]
2024-01-02 14:37:28,749 | INFO : loss: 0.207868  [ 6464/50000]
2024-01-02 14:37:41,778 | INFO : loss: 0.102983  [12864/50000]
2024-01-02 14:37:54,830 | INFO : loss: 0.297929  [19264/50000]
2024-01-02 14:38:07,881 | INFO : loss: 0.140060  [25664/50000]
2024-01-02 14:38:20,982 | INFO : loss: 0.335152  [32064/50000]
2024-01-02 14:38:34,082 | INFO : loss: 0.109621  [38464/50000]
2024-01-02 14:38:47,225 | INFO : loss: 0.159584  [44864/50000]
2024-01-02 14:39:14,170 | INFO : Test Error: 
 Accuracy: 88.9%, Avg loss: 0.397877 

2024-01-02 14:39:14,171 | INFO : Epoch 90
-------------------------------
2024-01-02 14:39:14,358 | INFO : loss: 0.126791  [   64/50000]
2024-01-02 14:39:27,454 | INFO : loss: 0.050284  [ 6464/50000]
2024-01-02 14:39:40,593 | INFO : loss: 0.121118  [12864/50000]
2024-01-02 14:39:53,692 | INFO : loss: 0.252154  [19264/50000]
2024-01-02 14:40:06,806 | INFO : loss: 0.119370  [25664/50000]
2024-01-02 14:40:19,933 | INFO : loss: 0.157892  [32064/50000]
2024-01-02 14:40:32,948 | INFO : loss: 0.219766  [38464/50000]
2024-01-02 14:40:46,056 | INFO : loss: 0.120090  [44864/50000]
2024-01-02 14:41:12,989 | INFO : Test Error: 
 Accuracy: 89.3%, Avg loss: 0.397654 

2024-01-02 14:41:12,989 | INFO : Done!
2024-01-02 14:41:12,989 | INFO : Total training time: 10693.289446353912
