A100 GPU 80gb
@compute-2-3.local (GPU): GPU-8281fbc2-ad66-3ec4-1727-f5c0d85e45ca
A100 GPU 80gb
2024-01-10 21:49:59,694 | INFO : ----------- VGG11 TRAINING -----------
2024-01-10 21:49:59,694 | INFO : Epoch 1
-------------------------------
2024-01-10 21:50:04,633 | INFO : loss: 2.294822  [   64/50000]
2024-01-10 21:50:18,834 | INFO : loss: 2.218552  [ 6464/50000]
2024-01-10 21:50:32,413 | INFO : loss: 2.071619  [12864/50000]
2024-01-10 21:50:45,961 | INFO : loss: 2.045445  [19264/50000]
2024-01-10 21:50:59,438 | INFO : loss: 1.988168  [25664/50000]
2024-01-10 21:51:12,846 | INFO : loss: 1.688737  [32064/50000]
2024-01-10 21:51:26,245 | INFO : loss: 1.903960  [38464/50000]
2024-01-10 21:51:39,714 | INFO : loss: 1.641000  [44864/50000]
2024-01-10 21:52:08,739 | INFO : Test Error: 
 Accuracy: 42.3%, Avg loss: 1.585552 

2024-01-10 21:52:08,740 | INFO : Epoch 2
-------------------------------
2024-01-10 21:52:08,940 | INFO : loss: 1.657649  [   64/50000]
2024-01-10 21:52:22,454 | INFO : loss: 1.639307  [ 6464/50000]
2024-01-10 21:52:35,875 | INFO : loss: 1.406387  [12864/50000]
2024-01-10 21:52:49,318 | INFO : loss: 1.632281  [19264/50000]
2024-01-10 21:53:02,831 | INFO : loss: 1.554390  [25664/50000]
2024-01-10 21:53:16,338 | INFO : loss: 1.531884  [32064/50000]
2024-01-10 21:53:29,836 | INFO : loss: 1.656459  [38464/50000]
2024-01-10 21:53:43,382 | INFO : loss: 1.472222  [44864/50000]
2024-01-10 21:54:11,360 | INFO : Test Error: 
 Accuracy: 57.6%, Avg loss: 1.183123 

2024-01-10 21:54:11,361 | INFO : Epoch 3
-------------------------------
2024-01-10 21:54:11,547 | INFO : loss: 1.399214  [   64/50000]
2024-01-10 21:54:25,030 | INFO : loss: 1.395838  [ 6464/50000]
2024-01-10 21:54:38,462 | INFO : loss: 1.150252  [12864/50000]
2024-01-10 21:54:51,872 | INFO : loss: 1.341488  [19264/50000]
2024-01-10 21:55:05,326 | INFO : loss: 1.223668  [25664/50000]
2024-01-10 21:55:18,803 | INFO : loss: 1.530612  [32064/50000]
2024-01-10 21:55:32,189 | INFO : loss: 1.219157  [38464/50000]
2024-01-10 21:55:45,708 | INFO : loss: 1.217490  [44864/50000]
2024-01-10 21:56:13,713 | INFO : Test Error: 
 Accuracy: 67.1%, Avg loss: 0.925546 

2024-01-10 21:56:13,714 | INFO : Epoch 4
-------------------------------
2024-01-10 21:56:13,910 | INFO : loss: 1.229133  [   64/50000]
2024-01-10 21:56:27,331 | INFO : loss: 1.119063  [ 6464/50000]
2024-01-10 21:56:40,789 | INFO : loss: 1.137299  [12864/50000]
2024-01-10 21:56:54,302 | INFO : loss: 1.074656  [19264/50000]
2024-01-10 21:57:07,734 | INFO : loss: 1.050018  [25664/50000]
2024-01-10 21:57:21,251 | INFO : loss: 1.383609  [32064/50000]
2024-01-10 21:57:34,672 | INFO : loss: 1.052703  [38464/50000]
2024-01-10 21:57:48,091 | INFO : loss: 1.266126  [44864/50000]
2024-01-10 21:58:16,122 | INFO : Test Error: 
 Accuracy: 72.3%, Avg loss: 0.789657 

2024-01-10 21:58:16,123 | INFO : Epoch 5
-------------------------------
2024-01-10 21:58:16,314 | INFO : loss: 1.085371  [   64/50000]
2024-01-10 21:58:29,740 | INFO : loss: 1.031573  [ 6464/50000]
2024-01-10 21:58:43,187 | INFO : loss: 1.031551  [12864/50000]
2024-01-10 21:58:56,674 | INFO : loss: 1.062046  [19264/50000]
2024-01-10 21:59:10,120 | INFO : loss: 1.007083  [25664/50000]
2024-01-10 21:59:23,633 | INFO : loss: 1.055924  [32064/50000]
2024-01-10 21:59:37,179 | INFO : loss: 0.956617  [38464/50000]
2024-01-10 21:59:50,635 | INFO : loss: 0.947511  [44864/50000]
2024-01-10 22:00:18,715 | INFO : Test Error: 
 Accuracy: 74.4%, Avg loss: 0.755350 

2024-01-10 22:00:18,716 | INFO : Epoch 6
-------------------------------
2024-01-10 22:00:18,906 | INFO : loss: 0.885761  [   64/50000]
2024-01-10 22:00:32,357 | INFO : loss: 1.198085  [ 6464/50000]
2024-01-10 22:00:45,821 | INFO : loss: 0.781845  [12864/50000]
2024-01-10 22:00:59,247 | INFO : loss: 1.200388  [19264/50000]
2024-01-10 22:01:12,675 | INFO : loss: 0.830850  [25664/50000]
2024-01-10 22:01:26,224 | INFO : loss: 1.264357  [32064/50000]
2024-01-10 22:01:39,690 | INFO : loss: 0.818923  [38464/50000]
2024-01-10 22:01:53,179 | INFO : loss: 1.055334  [44864/50000]
2024-01-10 22:02:21,147 | INFO : Test Error: 
 Accuracy: 72.9%, Avg loss: 0.789613 

2024-01-10 22:02:21,147 | INFO : Epoch 7
-------------------------------
2024-01-10 22:02:21,337 | INFO : loss: 1.051868  [   64/50000]
2024-01-10 22:02:34,755 | INFO : loss: 0.828222  [ 6464/50000]
2024-01-10 22:02:48,136 | INFO : loss: 0.724652  [12864/50000]
2024-01-10 22:03:01,649 | INFO : loss: 0.890010  [19264/50000]
2024-01-10 22:03:15,065 | INFO : loss: 0.993337  [25664/50000]
2024-01-10 22:03:28,441 | INFO : loss: 0.947417  [32064/50000]
2024-01-10 22:03:41,848 | INFO : loss: 0.759250  [38464/50000]
2024-01-10 22:03:55,291 | INFO : loss: 0.879041  [44864/50000]
2024-01-10 22:04:23,342 | INFO : Test Error: 
 Accuracy: 76.5%, Avg loss: 0.700520 

2024-01-10 22:04:23,343 | INFO : Epoch 8
-------------------------------
2024-01-10 22:04:23,531 | INFO : loss: 0.944509  [   64/50000]
2024-01-10 22:04:36,935 | INFO : loss: 0.730383  [ 6464/50000]
2024-01-10 22:04:50,289 | INFO : loss: 0.539074  [12864/50000]
2024-01-10 22:05:03,708 | INFO : loss: 0.681036  [19264/50000]
2024-01-10 22:05:17,144 | INFO : loss: 0.566769  [25664/50000]
2024-01-10 22:05:30,567 | INFO : loss: 0.843729  [32064/50000]
2024-01-10 22:05:44,017 | INFO : loss: 0.556301  [38464/50000]
2024-01-10 22:05:57,471 | INFO : loss: 0.754172  [44864/50000]
2024-01-10 22:06:25,357 | INFO : Test Error: 
 Accuracy: 77.1%, Avg loss: 0.708522 

2024-01-10 22:06:25,358 | INFO : Epoch 9
-------------------------------
2024-01-10 22:06:25,553 | INFO : loss: 0.842035  [   64/50000]
2024-01-10 22:06:39,053 | INFO : loss: 0.733695  [ 6464/50000]
2024-01-10 22:06:52,480 | INFO : loss: 0.607111  [12864/50000]
2024-01-10 22:07:05,927 | INFO : loss: 0.573212  [19264/50000]
2024-01-10 22:07:19,302 | INFO : loss: 0.750255  [25664/50000]
2024-01-10 22:07:32,762 | INFO : loss: 0.639763  [32064/50000]
2024-01-10 22:07:46,192 | INFO : loss: 0.699054  [38464/50000]
2024-01-10 22:07:59,595 | INFO : loss: 0.972583  [44864/50000]
2024-01-10 22:08:27,539 | INFO : Test Error: 
 Accuracy: 78.8%, Avg loss: 0.643275 

2024-01-10 22:08:27,540 | INFO : Epoch 10
-------------------------------
2024-01-10 22:08:27,741 | INFO : loss: 0.641683  [   64/50000]
2024-01-10 22:08:41,207 | INFO : loss: 0.594066  [ 6464/50000]
2024-01-10 22:08:54,645 | INFO : loss: 0.406003  [12864/50000]
2024-01-10 22:09:08,143 | INFO : loss: 0.534146  [19264/50000]
2024-01-10 22:09:21,609 | INFO : loss: 0.608050  [25664/50000]
2024-01-10 22:09:35,195 | INFO : loss: 0.735953  [32064/50000]
2024-01-10 22:09:48,633 | INFO : loss: 0.582693  [38464/50000]
2024-01-10 22:10:02,097 | INFO : loss: 0.442819  [44864/50000]
2024-01-10 22:10:30,144 | INFO : Test Error: 
 Accuracy: 79.2%, Avg loss: 0.637663 

2024-01-10 22:10:30,145 | INFO : Epoch 11
-------------------------------
2024-01-10 22:10:30,340 | INFO : loss: 0.322798  [   64/50000]
2024-01-10 22:10:43,736 | INFO : loss: 0.543471  [ 6464/50000]
2024-01-10 22:10:57,220 | INFO : loss: 0.403302  [12864/50000]
2024-01-10 22:11:10,630 | INFO : loss: 0.681185  [19264/50000]
2024-01-10 22:11:24,124 | INFO : loss: 0.416443  [25664/50000]
2024-01-10 22:11:37,638 | INFO : loss: 0.684094  [32064/50000]
2024-01-10 22:11:51,121 | INFO : loss: 0.497752  [38464/50000]
2024-01-10 22:12:04,665 | INFO : loss: 0.706293  [44864/50000]
2024-01-10 22:12:32,725 | INFO : Test Error: 
 Accuracy: 80.5%, Avg loss: 0.598791 

2024-01-10 22:12:32,725 | INFO : Epoch 12
-------------------------------
2024-01-10 22:12:32,923 | INFO : loss: 0.517017  [   64/50000]
2024-01-10 22:12:46,503 | INFO : loss: 0.651535  [ 6464/50000]
2024-01-10 22:12:59,953 | INFO : loss: 0.626678  [12864/50000]
2024-01-10 22:13:13,391 | INFO : loss: 0.292371  [19264/50000]
2024-01-10 22:13:26,903 | INFO : loss: 0.391462  [25664/50000]
2024-01-10 22:13:40,309 | INFO : loss: 0.753039  [32064/50000]
2024-01-10 22:13:53,701 | INFO : loss: 0.452183  [38464/50000]
2024-01-10 22:14:07,121 | INFO : loss: 0.491588  [44864/50000]
2024-01-10 22:14:34,954 | INFO : Test Error: 
 Accuracy: 79.8%, Avg loss: 0.666379 

2024-01-10 22:14:34,955 | INFO : Epoch 13
-------------------------------
2024-01-10 22:14:35,143 | INFO : loss: 0.328328  [   64/50000]
2024-01-10 22:14:48,491 | INFO : loss: 0.429421  [ 6464/50000]
2024-01-10 22:15:01,889 | INFO : loss: 0.433686  [12864/50000]
2024-01-10 22:15:15,349 | INFO : loss: 0.573792  [19264/50000]
2024-01-10 22:15:28,740 | INFO : loss: 0.462662  [25664/50000]
2024-01-10 22:15:42,189 | INFO : loss: 0.694174  [32064/50000]
2024-01-10 22:15:55,628 | INFO : loss: 0.306688  [38464/50000]
2024-01-10 22:16:09,022 | INFO : loss: 0.569491  [44864/50000]
2024-01-10 22:16:36,896 | INFO : Test Error: 
 Accuracy: 81.2%, Avg loss: 0.609519 

2024-01-10 22:16:36,897 | INFO : Epoch 14
-------------------------------
2024-01-10 22:16:37,106 | INFO : loss: 0.356672  [   64/50000]
2024-01-10 22:16:50,524 | INFO : loss: 0.403537  [ 6464/50000]
2024-01-10 22:17:03,999 | INFO : loss: 0.210532  [12864/50000]
2024-01-10 22:17:17,438 | INFO : loss: 0.565855  [19264/50000]
2024-01-10 22:17:30,862 | INFO : loss: 0.259432  [25664/50000]
2024-01-10 22:17:44,245 | INFO : loss: 0.449243  [32064/50000]
2024-01-10 22:17:57,702 | INFO : loss: 0.321089  [38464/50000]
2024-01-10 22:18:11,140 | INFO : loss: 0.656286  [44864/50000]
2024-01-10 22:18:39,034 | INFO : Test Error: 
 Accuracy: 82.2%, Avg loss: 0.552166 

2024-01-10 22:18:39,035 | INFO : Epoch 15
-------------------------------
2024-01-10 22:18:39,231 | INFO : loss: 0.472624  [   64/50000]
2024-01-10 22:18:52,693 | INFO : loss: 0.408661  [ 6464/50000]
2024-01-10 22:19:06,044 | INFO : loss: 0.550855  [12864/50000]
2024-01-10 22:19:19,372 | INFO : loss: 0.523006  [19264/50000]
2024-01-10 22:19:32,701 | INFO : loss: 0.391500  [25664/50000]
2024-01-10 22:19:46,105 | INFO : loss: 0.480141  [32064/50000]
2024-01-10 22:19:59,409 | INFO : loss: 0.395102  [38464/50000]
2024-01-10 22:20:12,752 | INFO : loss: 0.678745  [44864/50000]
2024-01-10 22:20:40,530 | INFO : Test Error: 
 Accuracy: 82.1%, Avg loss: 0.603178 

2024-01-10 22:20:40,530 | INFO : Epoch 16
-------------------------------
2024-01-10 22:20:40,710 | INFO : loss: 0.573095  [   64/50000]
2024-01-10 22:20:53,975 | INFO : loss: 0.336058  [ 6464/50000]
2024-01-10 22:21:07,280 | INFO : loss: 0.399340  [12864/50000]
2024-01-10 22:21:20,604 | INFO : loss: 0.462179  [19264/50000]
2024-01-10 22:21:34,006 | INFO : loss: 0.456406  [25664/50000]
2024-01-10 22:21:47,277 | INFO : loss: 0.437413  [32064/50000]
2024-01-10 22:22:00,526 | INFO : loss: 0.339727  [38464/50000]
2024-01-10 22:22:13,776 | INFO : loss: 0.558015  [44864/50000]
2024-01-10 22:22:41,198 | INFO : Test Error: 
 Accuracy: 82.6%, Avg loss: 0.565354 

2024-01-10 22:22:41,198 | INFO : Epoch 17
-------------------------------
2024-01-10 22:22:41,388 | INFO : loss: 0.551957  [   64/50000]
2024-01-10 22:22:54,617 | INFO : loss: 0.538037  [ 6464/50000]
2024-01-10 22:23:07,722 | INFO : loss: 0.462544  [12864/50000]
2024-01-10 22:23:20,784 | INFO : loss: 0.601957  [19264/50000]
2024-01-10 22:23:33,827 | INFO : loss: 0.472407  [25664/50000]
2024-01-10 22:23:46,912 | INFO : loss: 0.313382  [32064/50000]
2024-01-10 22:24:00,055 | INFO : loss: 0.425501  [38464/50000]
2024-01-10 22:24:13,104 | INFO : loss: 0.297023  [44864/50000]
2024-01-10 22:24:40,176 | INFO : Test Error: 
 Accuracy: 82.4%, Avg loss: 0.573139 

2024-01-10 22:24:40,177 | INFO : Epoch 18
-------------------------------
2024-01-10 22:24:40,358 | INFO : loss: 0.513286  [   64/50000]
2024-01-10 22:24:53,475 | INFO : loss: 0.272124  [ 6464/50000]
2024-01-10 22:25:06,617 | INFO : loss: 0.260171  [12864/50000]
2024-01-10 22:25:19,675 | INFO : loss: 0.314308  [19264/50000]
2024-01-10 22:25:32,757 | INFO : loss: 0.282511  [25664/50000]
2024-01-10 22:25:45,838 | INFO : loss: 0.538628  [32064/50000]
2024-01-10 22:25:58,956 | INFO : loss: 0.393548  [38464/50000]
2024-01-10 22:26:12,104 | INFO : loss: 0.435620  [44864/50000]
2024-01-10 22:26:39,266 | INFO : Test Error: 
 Accuracy: 82.6%, Avg loss: 0.584236 

2024-01-10 22:26:39,267 | INFO : Epoch 19
-------------------------------
2024-01-10 22:26:39,451 | INFO : loss: 0.288038  [   64/50000]
2024-01-10 22:26:52,715 | INFO : loss: 0.319252  [ 6464/50000]
2024-01-10 22:27:05,910 | INFO : loss: 0.438377  [12864/50000]
2024-01-10 22:27:19,061 | INFO : loss: 0.359363  [19264/50000]
2024-01-10 22:27:32,270 | INFO : loss: 0.445940  [25664/50000]
2024-01-10 22:27:45,507 | INFO : loss: 0.517881  [32064/50000]
2024-01-10 22:27:58,677 | INFO : loss: 0.335602  [38464/50000]
2024-01-10 22:28:11,881 | INFO : loss: 0.298633  [44864/50000]
2024-01-10 22:28:39,183 | INFO : Test Error: 
 Accuracy: 83.2%, Avg loss: 0.551340 

2024-01-10 22:28:39,184 | INFO : Epoch 20
-------------------------------
2024-01-10 22:28:39,376 | INFO : loss: 0.334869  [   64/50000]
2024-01-10 22:28:52,617 | INFO : loss: 0.249689  [ 6464/50000]
2024-01-10 22:29:05,782 | INFO : loss: 0.305370  [12864/50000]
2024-01-10 22:29:19,043 | INFO : loss: 0.374398  [19264/50000]
2024-01-10 22:29:32,276 | INFO : loss: 0.415159  [25664/50000]
2024-01-10 22:29:45,457 | INFO : loss: 0.472728  [32064/50000]
2024-01-10 22:29:58,781 | INFO : loss: 0.318519  [38464/50000]
2024-01-10 22:30:12,061 | INFO : loss: 0.432362  [44864/50000]
2024-01-10 22:30:39,089 | INFO : Test Error: 
 Accuracy: 82.6%, Avg loss: 0.636086 

2024-01-10 22:30:39,090 | INFO : Epoch 21
-------------------------------
2024-01-10 22:30:39,280 | INFO : loss: 0.461853  [   64/50000]
2024-01-10 22:30:52,360 | INFO : loss: 0.366903  [ 6464/50000]
2024-01-10 22:31:05,501 | INFO : loss: 0.412644  [12864/50000]
2024-01-10 22:31:18,614 | INFO : loss: 0.196199  [19264/50000]
2024-01-10 22:31:31,667 | INFO : loss: 0.225284  [25664/50000]
2024-01-10 22:31:44,751 | INFO : loss: 0.390207  [32064/50000]
2024-01-10 22:31:57,792 | INFO : loss: 0.316122  [38464/50000]
2024-01-10 22:32:10,854 | INFO : loss: 0.574326  [44864/50000]
2024-01-10 22:32:37,901 | INFO : Test Error: 
 Accuracy: 83.0%, Avg loss: 0.560183 

2024-01-10 22:32:37,902 | INFO : Epoch 22
-------------------------------
2024-01-10 22:32:38,088 | INFO : loss: 0.402650  [   64/50000]
2024-01-10 22:32:51,179 | INFO : loss: 0.312079  [ 6464/50000]
2024-01-10 22:33:04,274 | INFO : loss: 0.282912  [12864/50000]
2024-01-10 22:33:17,401 | INFO : loss: 0.451668  [19264/50000]
2024-01-10 22:33:30,448 | INFO : loss: 0.400923  [25664/50000]
2024-01-10 22:33:43,496 | INFO : loss: 0.417329  [32064/50000]
2024-01-10 22:33:56,557 | INFO : loss: 0.278158  [38464/50000]
2024-01-10 22:34:09,635 | INFO : loss: 0.528440  [44864/50000]
2024-01-10 22:34:36,657 | INFO : Test Error: 
 Accuracy: 83.1%, Avg loss: 0.577075 

2024-01-10 22:34:36,658 | INFO : Epoch 23
-------------------------------
2024-01-10 22:34:36,844 | INFO : loss: 0.342086  [   64/50000]
2024-01-10 22:34:49,905 | INFO : loss: 0.287769  [ 6464/50000]
2024-01-10 22:35:02,982 | INFO : loss: 0.211678  [12864/50000]
2024-01-10 22:35:16,071 | INFO : loss: 0.353234  [19264/50000]
2024-01-10 22:35:29,143 | INFO : loss: 0.471189  [25664/50000]
2024-01-10 22:35:42,223 | INFO : loss: 0.459472  [32064/50000]
2024-01-10 22:35:55,392 | INFO : loss: 0.393689  [38464/50000]
2024-01-10 22:36:08,441 | INFO : loss: 0.459052  [44864/50000]
2024-01-10 22:36:35,501 | INFO : Test Error: 
 Accuracy: 84.4%, Avg loss: 0.501523 

2024-01-10 22:36:35,502 | INFO : Epoch 24
-------------------------------
2024-01-10 22:36:35,682 | INFO : loss: 0.371309  [   64/50000]
2024-01-10 22:36:48,737 | INFO : loss: 0.202397  [ 6464/50000]
2024-01-10 22:37:01,697 | INFO : loss: 0.292352  [12864/50000]
2024-01-10 22:37:14,774 | INFO : loss: 0.196302  [19264/50000]
2024-01-10 22:37:27,848 | INFO : loss: 0.335836  [25664/50000]
2024-01-10 22:37:40,886 | INFO : loss: 0.446329  [32064/50000]
2024-01-10 22:37:54,030 | INFO : loss: 0.213179  [38464/50000]
2024-01-10 22:38:07,116 | INFO : loss: 0.304938  [44864/50000]
2024-01-10 22:38:34,110 | INFO : Test Error: 
 Accuracy: 84.4%, Avg loss: 0.504119 

2024-01-10 22:38:34,111 | INFO : Epoch 25
-------------------------------
2024-01-10 22:38:34,300 | INFO : loss: 0.417918  [   64/50000]
2024-01-10 22:38:47,408 | INFO : loss: 0.402136  [ 6464/50000]
2024-01-10 22:39:00,410 | INFO : loss: 0.207833  [12864/50000]
2024-01-10 22:39:13,428 | INFO : loss: 0.464032  [19264/50000]
2024-01-10 22:39:26,444 | INFO : loss: 0.367125  [25664/50000]
2024-01-10 22:39:39,423 | INFO : loss: 0.399149  [32064/50000]
2024-01-10 22:39:52,659 | INFO : loss: 0.274455  [38464/50000]
2024-01-10 22:40:05,647 | INFO : loss: 0.324847  [44864/50000]
2024-01-10 22:40:32,122 | INFO : Test Error: 
 Accuracy: 82.4%, Avg loss: 0.633883 

2024-01-10 22:40:32,123 | INFO : Epoch 26
-------------------------------
2024-01-10 22:40:32,306 | INFO : loss: 0.295164  [   64/50000]
2024-01-10 22:40:45,235 | INFO : loss: 0.242434  [ 6464/50000]
2024-01-10 22:40:58,089 | INFO : loss: 0.133759  [12864/50000]
2024-01-10 22:41:11,106 | INFO : loss: 0.334636  [19264/50000]
2024-01-10 22:41:24,032 | INFO : loss: 0.316195  [25664/50000]
2024-01-10 22:41:37,071 | INFO : loss: 0.366334  [32064/50000]
2024-01-10 22:41:50,161 | INFO : loss: 0.437860  [38464/50000]
2024-01-10 22:42:03,121 | INFO : loss: 0.324620  [44864/50000]
2024-01-10 22:42:30,046 | INFO : Test Error: 
 Accuracy: 82.5%, Avg loss: 0.601531 

2024-01-10 22:42:30,046 | INFO : Epoch 27
-------------------------------
2024-01-10 22:42:30,235 | INFO : loss: 0.180357  [   64/50000]
2024-01-10 22:42:43,315 | INFO : loss: 0.306937  [ 6464/50000]
2024-01-10 22:42:56,330 | INFO : loss: 0.380939  [12864/50000]
2024-01-10 22:43:09,434 | INFO : loss: 0.251231  [19264/50000]
2024-01-10 22:43:22,481 | INFO : loss: 0.279417  [25664/50000]
2024-01-10 22:43:35,515 | INFO : loss: 0.300431  [32064/50000]
2024-01-10 22:43:48,538 | INFO : loss: 0.331614  [38464/50000]
2024-01-10 22:44:01,536 | INFO : loss: 0.675646  [44864/50000]
2024-01-10 22:44:28,474 | INFO : Test Error: 
 Accuracy: 83.1%, Avg loss: 0.589369 

2024-01-10 22:44:28,475 | INFO : Epoch 28
-------------------------------
2024-01-10 22:44:28,654 | INFO : loss: 0.237300  [   64/50000]
2024-01-10 22:44:41,709 | INFO : loss: 0.289118  [ 6464/50000]
2024-01-10 22:44:54,793 | INFO : loss: 0.153715  [12864/50000]
2024-01-10 22:45:07,896 | INFO : loss: 0.312963  [19264/50000]
2024-01-10 22:45:20,939 | INFO : loss: 0.319580  [25664/50000]
2024-01-10 22:45:33,994 | INFO : loss: 0.282687  [32064/50000]
2024-01-10 22:45:46,986 | INFO : loss: 0.216273  [38464/50000]
2024-01-10 22:45:59,939 | INFO : loss: 0.205616  [44864/50000]
2024-01-10 22:46:26,940 | INFO : Test Error: 
 Accuracy: 84.7%, Avg loss: 0.551144 

2024-01-10 22:46:26,941 | INFO : Epoch 29
-------------------------------
2024-01-10 22:46:27,127 | INFO : loss: 0.360914  [   64/50000]
2024-01-10 22:46:40,168 | INFO : loss: 0.317984  [ 6464/50000]
2024-01-10 22:46:53,255 | INFO : loss: 0.319369  [12864/50000]
2024-01-10 22:47:06,249 | INFO : loss: 0.279262  [19264/50000]
2024-01-10 22:47:19,293 | INFO : loss: 0.263889  [25664/50000]
2024-01-10 22:47:32,358 | INFO : loss: 0.296953  [32064/50000]
2024-01-10 22:47:45,376 | INFO : loss: 0.451825  [38464/50000]
2024-01-10 22:47:58,347 | INFO : loss: 0.297445  [44864/50000]
2024-01-10 22:48:25,309 | INFO : Test Error: 
 Accuracy: 84.4%, Avg loss: 0.521602 

2024-01-10 22:48:25,310 | INFO : Epoch 30
-------------------------------
2024-01-10 22:48:25,498 | INFO : loss: 0.376261  [   64/50000]
2024-01-10 22:48:38,538 | INFO : loss: 0.212882  [ 6464/50000]
2024-01-10 22:48:51,550 | INFO : loss: 0.563282  [12864/50000]
2024-01-10 22:49:04,382 | INFO : loss: 0.357401  [19264/50000]
2024-01-10 22:49:17,242 | INFO : loss: 0.272774  [25664/50000]
2024-01-10 22:49:30,258 | INFO : loss: 0.149240  [32064/50000]
2024-01-10 22:49:43,267 | INFO : loss: 0.373845  [38464/50000]
2024-01-10 22:49:56,406 | INFO : loss: 0.471051  [44864/50000]
2024-01-10 22:50:22,869 | INFO : Test Error: 
 Accuracy: 84.0%, Avg loss: 0.586457 

2024-01-10 22:50:22,870 | INFO : Epoch 31
-------------------------------
2024-01-10 22:50:23,063 | INFO : loss: 0.477430  [   64/50000]
2024-01-10 22:50:36,072 | INFO : loss: 0.356000  [ 6464/50000]
2024-01-10 22:50:49,047 | INFO : loss: 0.101129  [12864/50000]
2024-01-10 22:51:02,036 | INFO : loss: 0.321550  [19264/50000]
2024-01-10 22:51:15,078 | INFO : loss: 0.169982  [25664/50000]
2024-01-10 22:51:28,083 | INFO : loss: 0.324168  [32064/50000]
2024-01-10 22:51:41,092 | INFO : loss: 0.170398  [38464/50000]
2024-01-10 22:51:54,101 | INFO : loss: 0.506453  [44864/50000]
2024-01-10 22:52:20,983 | INFO : Test Error: 
 Accuracy: 86.8%, Avg loss: 0.471073 

2024-01-10 22:52:20,984 | INFO : Epoch 32
-------------------------------
2024-01-10 22:52:21,170 | INFO : loss: 0.196109  [   64/50000]
2024-01-10 22:52:34,176 | INFO : loss: 0.212622  [ 6464/50000]
2024-01-10 22:52:47,179 | INFO : loss: 0.123902  [12864/50000]
2024-01-10 22:53:00,222 | INFO : loss: 0.290161  [19264/50000]
2024-01-10 22:53:13,255 | INFO : loss: 0.200964  [25664/50000]
2024-01-10 22:53:26,245 | INFO : loss: 0.087549  [32064/50000]
2024-01-10 22:53:39,361 | INFO : loss: 0.133746  [38464/50000]
2024-01-10 22:53:52,383 | INFO : loss: 0.180938  [44864/50000]
2024-01-10 22:54:19,346 | INFO : Test Error: 
 Accuracy: 86.6%, Avg loss: 0.461500 

2024-01-10 22:54:19,347 | INFO : Epoch 33
-------------------------------
2024-01-10 22:54:19,529 | INFO : loss: 0.184768  [   64/50000]
2024-01-10 22:54:32,606 | INFO : loss: 0.186477  [ 6464/50000]
2024-01-10 22:54:45,676 | INFO : loss: 0.117725  [12864/50000]
2024-01-10 22:54:58,693 | INFO : loss: 0.348988  [19264/50000]
2024-01-10 22:55:11,733 | INFO : loss: 0.223989  [25664/50000]
2024-01-10 22:55:24,732 | INFO : loss: 0.154133  [32064/50000]
2024-01-10 22:55:37,788 | INFO : loss: 0.216954  [38464/50000]
2024-01-10 22:55:50,860 | INFO : loss: 0.097551  [44864/50000]
2024-01-10 22:56:17,638 | INFO : Test Error: 
 Accuracy: 87.3%, Avg loss: 0.450901 

2024-01-10 22:56:17,639 | INFO : Epoch 34
-------------------------------
2024-01-10 22:56:17,834 | INFO : loss: 0.304468  [   64/50000]
2024-01-10 22:56:30,817 | INFO : loss: 0.216516  [ 6464/50000]
2024-01-10 22:56:43,991 | INFO : loss: 0.093696  [12864/50000]
2024-01-10 22:56:57,133 | INFO : loss: 0.118478  [19264/50000]
2024-01-10 22:57:10,198 | INFO : loss: 0.353552  [25664/50000]
2024-01-10 22:57:23,245 | INFO : loss: 0.222146  [32064/50000]
2024-01-10 22:57:36,321 | INFO : loss: 0.188241  [38464/50000]
2024-01-10 22:57:49,374 | INFO : loss: 0.150877  [44864/50000]
2024-01-10 22:58:16,079 | INFO : Test Error: 
 Accuracy: 87.3%, Avg loss: 0.439837 

2024-01-10 22:58:16,080 | INFO : Epoch 35
-------------------------------
2024-01-10 22:58:16,266 | INFO : loss: 0.133654  [   64/50000]
2024-01-10 22:58:29,246 | INFO : loss: 0.227333  [ 6464/50000]
2024-01-10 22:58:42,259 | INFO : loss: 0.348015  [12864/50000]
2024-01-10 22:58:55,325 | INFO : loss: 0.240119  [19264/50000]
2024-01-10 22:59:08,412 | INFO : loss: 0.155580  [25664/50000]
2024-01-10 22:59:21,447 | INFO : loss: 0.219972  [32064/50000]
2024-01-10 22:59:34,475 | INFO : loss: 0.295375  [38464/50000]
2024-01-10 22:59:47,433 | INFO : loss: 0.139021  [44864/50000]
2024-01-10 23:00:14,318 | INFO : Test Error: 
 Accuracy: 87.4%, Avg loss: 0.439003 

2024-01-10 23:00:14,319 | INFO : Epoch 36
-------------------------------
2024-01-10 23:00:14,507 | INFO : loss: 0.099439  [   64/50000]
2024-01-10 23:00:27,582 | INFO : loss: 0.246585  [ 6464/50000]
2024-01-10 23:00:40,585 | INFO : loss: 0.126593  [12864/50000]
2024-01-10 23:00:53,668 | INFO : loss: 0.160622  [19264/50000]
2024-01-10 23:01:06,711 | INFO : loss: 0.143915  [25664/50000]
2024-01-10 23:01:19,820 | INFO : loss: 0.159352  [32064/50000]
2024-01-10 23:01:32,960 | INFO : loss: 0.183111  [38464/50000]
2024-01-10 23:01:45,928 | INFO : loss: 0.195095  [44864/50000]
2024-01-10 23:02:12,788 | INFO : Test Error: 
 Accuracy: 87.7%, Avg loss: 0.439300 

2024-01-10 23:02:12,789 | INFO : Epoch 37
-------------------------------
2024-01-10 23:02:12,968 | INFO : loss: 0.226502  [   64/50000]
2024-01-10 23:02:25,889 | INFO : loss: 0.358506  [ 6464/50000]
2024-01-10 23:02:38,804 | INFO : loss: 0.325774  [12864/50000]
2024-01-10 23:02:51,663 | INFO : loss: 0.208023  [19264/50000]
2024-01-10 23:03:04,628 | INFO : loss: 0.190413  [25664/50000]
2024-01-10 23:03:17,586 | INFO : loss: 0.098348  [32064/50000]
2024-01-10 23:03:30,741 | INFO : loss: 0.154626  [38464/50000]
2024-01-10 23:03:43,719 | INFO : loss: 0.230560  [44864/50000]
2024-01-10 23:04:10,632 | INFO : Test Error: 
 Accuracy: 87.7%, Avg loss: 0.434676 

2024-01-10 23:04:10,633 | INFO : Epoch 38
-------------------------------
2024-01-10 23:04:10,818 | INFO : loss: 0.096885  [   64/50000]
2024-01-10 23:04:23,821 | INFO : loss: 0.203112  [ 6464/50000]
2024-01-10 23:04:36,828 | INFO : loss: 0.211560  [12864/50000]
2024-01-10 23:04:49,938 | INFO : loss: 0.080749  [19264/50000]
2024-01-10 23:05:02,940 | INFO : loss: 0.113529  [25664/50000]
2024-01-10 23:05:15,907 | INFO : loss: 0.191489  [32064/50000]
2024-01-10 23:05:28,950 | INFO : loss: 0.198765  [38464/50000]
2024-01-10 23:05:41,997 | INFO : loss: 0.211093  [44864/50000]
2024-01-10 23:06:09,028 | INFO : Test Error: 
 Accuracy: 87.5%, Avg loss: 0.442977 

2024-01-10 23:06:09,029 | INFO : Epoch 39
-------------------------------
2024-01-10 23:06:09,218 | INFO : loss: 0.258888  [   64/50000]
2024-01-10 23:06:22,289 | INFO : loss: 0.242667  [ 6464/50000]
2024-01-10 23:06:35,325 | INFO : loss: 0.182311  [12864/50000]
2024-01-10 23:06:48,273 | INFO : loss: 0.096581  [19264/50000]
2024-01-10 23:07:01,362 | INFO : loss: 0.110018  [25664/50000]
2024-01-10 23:07:14,323 | INFO : loss: 0.134024  [32064/50000]
2024-01-10 23:07:27,291 | INFO : loss: 0.143206  [38464/50000]
2024-01-10 23:07:40,325 | INFO : loss: 0.173570  [44864/50000]
2024-01-10 23:08:06,712 | INFO : Test Error: 
 Accuracy: 87.5%, Avg loss: 0.457494 

2024-01-10 23:08:06,712 | INFO : Epoch 40
-------------------------------
2024-01-10 23:08:06,892 | INFO : loss: 0.194506  [   64/50000]
2024-01-10 23:08:19,743 | INFO : loss: 0.149436  [ 6464/50000]
2024-01-10 23:08:32,719 | INFO : loss: 0.190339  [12864/50000]
2024-01-10 23:08:45,779 | INFO : loss: 0.177263  [19264/50000]
2024-01-10 23:08:58,719 | INFO : loss: 0.100456  [25664/50000]
2024-01-10 23:09:11,698 | INFO : loss: 0.438121  [32064/50000]
2024-01-10 23:09:24,689 | INFO : loss: 0.176750  [38464/50000]
2024-01-10 23:09:37,739 | INFO : loss: 0.138663  [44864/50000]
2024-01-10 23:10:04,516 | INFO : Test Error: 
 Accuracy: 87.7%, Avg loss: 0.446506 

2024-01-10 23:10:04,517 | INFO : Epoch 41
-------------------------------
2024-01-10 23:10:04,713 | INFO : loss: 0.365570  [   64/50000]
2024-01-10 23:10:17,721 | INFO : loss: 0.205149  [ 6464/50000]
2024-01-10 23:10:30,716 | INFO : loss: 0.106943  [12864/50000]
2024-01-10 23:10:43,703 | INFO : loss: 0.149372  [19264/50000]
2024-01-10 23:10:56,725 | INFO : loss: 0.300501  [25664/50000]
2024-01-10 23:11:09,715 | INFO : loss: 0.209917  [32064/50000]
2024-01-10 23:11:22,687 | INFO : loss: 0.226124  [38464/50000]
2024-01-10 23:11:35,687 | INFO : loss: 0.262823  [44864/50000]
2024-01-10 23:12:02,875 | INFO : Test Error: 
 Accuracy: 87.6%, Avg loss: 0.450803 

2024-01-10 23:12:02,876 | INFO : Epoch 42
-------------------------------
2024-01-10 23:12:03,060 | INFO : loss: 0.263434  [   64/50000]
2024-01-10 23:12:16,291 | INFO : loss: 0.159874  [ 6464/50000]
2024-01-10 23:12:29,374 | INFO : loss: 0.153375  [12864/50000]
2024-01-10 23:12:42,395 | INFO : loss: 0.171246  [19264/50000]
2024-01-10 23:12:55,358 | INFO : loss: 0.299093  [25664/50000]
2024-01-10 23:13:08,434 | INFO : loss: 0.103185  [32064/50000]
2024-01-10 23:13:21,459 | INFO : loss: 0.228146  [38464/50000]
2024-01-10 23:13:34,447 | INFO : loss: 0.167759  [44864/50000]
2024-01-10 23:14:01,396 | INFO : Test Error: 
 Accuracy: 88.0%, Avg loss: 0.433497 

2024-01-10 23:14:01,397 | INFO : Epoch 43
-------------------------------
2024-01-10 23:14:01,591 | INFO : loss: 0.346988  [   64/50000]
2024-01-10 23:14:14,599 | INFO : loss: 0.153489  [ 6464/50000]
2024-01-10 23:14:27,576 | INFO : loss: 0.123405  [12864/50000]
2024-01-10 23:14:40,663 | INFO : loss: 0.292644  [19264/50000]
2024-01-10 23:14:53,678 | INFO : loss: 0.133861  [25664/50000]
2024-01-10 23:15:06,722 | INFO : loss: 0.303819  [32064/50000]
2024-01-10 23:15:19,696 | INFO : loss: 0.163779  [38464/50000]
2024-01-10 23:15:32,717 | INFO : loss: 0.212880  [44864/50000]
2024-01-10 23:15:59,621 | INFO : Test Error: 
 Accuracy: 87.8%, Avg loss: 0.434729 

2024-01-10 23:15:59,622 | INFO : Epoch 44
-------------------------------
2024-01-10 23:15:59,805 | INFO : loss: 0.303422  [   64/50000]
2024-01-10 23:16:12,826 | INFO : loss: 0.179854  [ 6464/50000]
2024-01-10 23:16:25,783 | INFO : loss: 0.148759  [12864/50000]
2024-01-10 23:16:38,841 | INFO : loss: 0.148101  [19264/50000]
2024-01-10 23:16:51,838 | INFO : loss: 0.192128  [25664/50000]
2024-01-10 23:17:04,829 | INFO : loss: 0.108442  [32064/50000]
2024-01-10 23:17:17,816 | INFO : loss: 0.213641  [38464/50000]
2024-01-10 23:17:30,815 | INFO : loss: 0.230023  [44864/50000]
2024-01-10 23:17:57,740 | INFO : Test Error: 
 Accuracy: 88.2%, Avg loss: 0.432234 

2024-01-10 23:17:57,741 | INFO : Epoch 45
-------------------------------
2024-01-10 23:17:57,928 | INFO : loss: 0.308715  [   64/50000]
2024-01-10 23:18:10,949 | INFO : loss: 0.157402  [ 6464/50000]
2024-01-10 23:18:23,987 | INFO : loss: 0.188982  [12864/50000]
2024-01-10 23:18:36,918 | INFO : loss: 0.126481  [19264/50000]
2024-01-10 23:18:49,980 | INFO : loss: 0.258825  [25664/50000]
2024-01-10 23:19:03,062 | INFO : loss: 0.155511  [32064/50000]
2024-01-10 23:19:16,076 | INFO : loss: 0.210350  [38464/50000]
2024-01-10 23:19:29,065 | INFO : loss: 0.302049  [44864/50000]
2024-01-10 23:19:56,015 | INFO : Test Error: 
 Accuracy: 88.2%, Avg loss: 0.412053 

2024-01-10 23:19:56,016 | INFO : Epoch 46
-------------------------------
2024-01-10 23:19:56,210 | INFO : loss: 0.120965  [   64/50000]
2024-01-10 23:20:09,126 | INFO : loss: 0.243512  [ 6464/50000]
2024-01-10 23:20:22,146 | INFO : loss: 0.231036  [12864/50000]
2024-01-10 23:20:35,160 | INFO : loss: 0.113393  [19264/50000]
2024-01-10 23:20:48,225 | INFO : loss: 0.237810  [25664/50000]
2024-01-10 23:21:01,313 | INFO : loss: 0.081121  [32064/50000]
2024-01-10 23:21:14,363 | INFO : loss: 0.135195  [38464/50000]
2024-01-10 23:21:27,373 | INFO : loss: 0.095413  [44864/50000]
2024-01-10 23:21:54,360 | INFO : Test Error: 
 Accuracy: 88.0%, Avg loss: 0.429982 

2024-01-10 23:21:54,361 | INFO : Epoch 47
-------------------------------
2024-01-10 23:21:54,543 | INFO : loss: 0.118283  [   64/50000]
2024-01-10 23:22:07,635 | INFO : loss: 0.110265  [ 6464/50000]
2024-01-10 23:22:20,637 | INFO : loss: 0.066639  [12864/50000]
2024-01-10 23:22:33,676 | INFO : loss: 0.203557  [19264/50000]
2024-01-10 23:22:46,806 | INFO : loss: 0.156482  [25664/50000]
2024-01-10 23:22:59,824 | INFO : loss: 0.183385  [32064/50000]
2024-01-10 23:23:12,855 | INFO : loss: 0.124984  [38464/50000]
2024-01-10 23:23:25,848 | INFO : loss: 0.107837  [44864/50000]
2024-01-10 23:23:52,691 | INFO : Test Error: 
 Accuracy: 88.0%, Avg loss: 0.416565 

2024-01-10 23:23:52,692 | INFO : Epoch 48
-------------------------------
2024-01-10 23:23:52,881 | INFO : loss: 0.190570  [   64/50000]
2024-01-10 23:24:05,960 | INFO : loss: 0.204912  [ 6464/50000]
2024-01-10 23:24:18,988 | INFO : loss: 0.066618  [12864/50000]
2024-01-10 23:24:32,149 | INFO : loss: 0.275022  [19264/50000]
2024-01-10 23:24:45,197 | INFO : loss: 0.189924  [25664/50000]
2024-01-10 23:24:58,304 | INFO : loss: 0.122491  [32064/50000]
2024-01-10 23:25:11,428 | INFO : loss: 0.079885  [38464/50000]
2024-01-10 23:25:24,494 | INFO : loss: 0.138973  [44864/50000]
2024-01-10 23:25:51,380 | INFO : Test Error: 
 Accuracy: 88.4%, Avg loss: 0.435598 

2024-01-10 23:25:51,381 | INFO : Epoch 49
-------------------------------
2024-01-10 23:25:51,564 | INFO : loss: 0.270631  [   64/50000]
2024-01-10 23:26:04,619 | INFO : loss: 0.242256  [ 6464/50000]
2024-01-10 23:26:17,569 | INFO : loss: 0.135342  [12864/50000]
2024-01-10 23:26:30,574 | INFO : loss: 0.078930  [19264/50000]
2024-01-10 23:26:43,547 | INFO : loss: 0.123441  [25664/50000]
2024-01-10 23:26:56,585 | INFO : loss: 0.149119  [32064/50000]
2024-01-10 23:27:09,553 | INFO : loss: 0.231055  [38464/50000]
2024-01-10 23:27:22,551 | INFO : loss: 0.214926  [44864/50000]
2024-01-10 23:27:49,366 | INFO : Test Error: 
 Accuracy: 88.3%, Avg loss: 0.406858 

2024-01-10 23:27:49,367 | INFO : Epoch 50
-------------------------------
2024-01-10 23:27:49,556 | INFO : loss: 0.163351  [   64/50000]
2024-01-10 23:28:02,539 | INFO : loss: 0.245097  [ 6464/50000]
2024-01-10 23:28:15,522 | INFO : loss: 0.175570  [12864/50000]
2024-01-10 23:28:28,531 | INFO : loss: 0.132448  [19264/50000]
2024-01-10 23:28:41,481 | INFO : loss: 0.208477  [25664/50000]
2024-01-10 23:28:54,494 | INFO : loss: 0.274633  [32064/50000]
2024-01-10 23:29:07,522 | INFO : loss: 0.145515  [38464/50000]
2024-01-10 23:29:20,474 | INFO : loss: 0.178026  [44864/50000]
2024-01-10 23:29:47,341 | INFO : Test Error: 
 Accuracy: 88.5%, Avg loss: 0.413525 

2024-01-10 23:29:47,342 | INFO : Epoch 51
-------------------------------
2024-01-10 23:29:47,527 | INFO : loss: 0.206706  [   64/50000]
2024-01-10 23:30:00,475 | INFO : loss: 0.228068  [ 6464/50000]
2024-01-10 23:30:13,481 | INFO : loss: 0.181276  [12864/50000]
2024-01-10 23:30:26,443 | INFO : loss: 0.126175  [19264/50000]
2024-01-10 23:30:39,462 | INFO : loss: 0.136512  [25664/50000]
2024-01-10 23:30:52,467 | INFO : loss: 0.158882  [32064/50000]
2024-01-10 23:31:05,538 | INFO : loss: 0.147632  [38464/50000]
2024-01-10 23:31:18,531 | INFO : loss: 0.069231  [44864/50000]
2024-01-10 23:31:45,409 | INFO : Test Error: 
 Accuracy: 88.1%, Avg loss: 0.417491 

2024-01-10 23:31:45,410 | INFO : Epoch 52
-------------------------------
2024-01-10 23:31:45,598 | INFO : loss: 0.187960  [   64/50000]
2024-01-10 23:31:58,592 | INFO : loss: 0.128428  [ 6464/50000]
2024-01-10 23:32:11,555 | INFO : loss: 0.208206  [12864/50000]
2024-01-10 23:32:24,574 | INFO : loss: 0.139303  [19264/50000]
2024-01-10 23:32:37,526 | INFO : loss: 0.152908  [25664/50000]
2024-01-10 23:32:50,466 | INFO : loss: 0.138276  [32064/50000]
2024-01-10 23:33:03,433 | INFO : loss: 0.228872  [38464/50000]
2024-01-10 23:33:16,411 | INFO : loss: 0.194428  [44864/50000]
2024-01-10 23:33:43,301 | INFO : Test Error: 
 Accuracy: 88.8%, Avg loss: 0.416191 

2024-01-10 23:33:43,302 | INFO : Epoch 53
-------------------------------
2024-01-10 23:33:43,492 | INFO : loss: 0.133459  [   64/50000]
2024-01-10 23:33:56,451 | INFO : loss: 0.136702  [ 6464/50000]
2024-01-10 23:34:09,337 | INFO : loss: 0.185778  [12864/50000]
2024-01-10 23:34:22,244 | INFO : loss: 0.122687  [19264/50000]
2024-01-10 23:34:35,262 | INFO : loss: 0.112820  [25664/50000]
2024-01-10 23:34:48,185 | INFO : loss: 0.194169  [32064/50000]
2024-01-10 23:35:01,077 | INFO : loss: 0.236428  [38464/50000]
2024-01-10 23:35:13,999 | INFO : loss: 0.167438  [44864/50000]
2024-01-10 23:35:40,680 | INFO : Test Error: 
 Accuracy: 88.3%, Avg loss: 0.423936 

2024-01-10 23:35:40,681 | INFO : Epoch 54
-------------------------------
2024-01-10 23:35:40,864 | INFO : loss: 0.310872  [   64/50000]
2024-01-10 23:35:53,686 | INFO : loss: 0.057724  [ 6464/50000]
2024-01-10 23:36:06,804 | INFO : loss: 0.037923  [12864/50000]
2024-01-10 23:36:19,813 | INFO : loss: 0.123343  [19264/50000]
2024-01-10 23:36:32,833 | INFO : loss: 0.108453  [25664/50000]
2024-01-10 23:36:45,851 | INFO : loss: 0.235642  [32064/50000]
2024-01-10 23:36:58,882 | INFO : loss: 0.061331  [38464/50000]
2024-01-10 23:37:11,822 | INFO : loss: 0.261449  [44864/50000]
2024-01-10 23:37:38,911 | INFO : Test Error: 
 Accuracy: 88.6%, Avg loss: 0.405782 

2024-01-10 23:37:38,911 | INFO : Epoch 55
-------------------------------
2024-01-10 23:37:39,113 | INFO : loss: 0.104572  [   64/50000]
2024-01-10 23:37:52,151 | INFO : loss: 0.137300  [ 6464/50000]
2024-01-10 23:38:05,240 | INFO : loss: 0.275663  [12864/50000]
2024-01-10 23:38:18,206 | INFO : loss: 0.075523  [19264/50000]
2024-01-10 23:38:31,197 | INFO : loss: 0.143957  [25664/50000]
2024-01-10 23:38:44,244 | INFO : loss: 0.193312  [32064/50000]
2024-01-10 23:38:57,259 | INFO : loss: 0.192942  [38464/50000]
2024-01-10 23:39:10,312 | INFO : loss: 0.258555  [44864/50000]
2024-01-10 23:39:37,263 | INFO : Test Error: 
 Accuracy: 88.6%, Avg loss: 0.413837 

2024-01-10 23:39:37,264 | INFO : Epoch 56
-------------------------------
2024-01-10 23:39:37,452 | INFO : loss: 0.228527  [   64/50000]
2024-01-10 23:39:50,450 | INFO : loss: 0.106647  [ 6464/50000]
2024-01-10 23:40:03,425 | INFO : loss: 0.172583  [12864/50000]
2024-01-10 23:40:16,480 | INFO : loss: 0.123527  [19264/50000]
2024-01-10 23:40:29,519 | INFO : loss: 0.063354  [25664/50000]
2024-01-10 23:40:42,680 | INFO : loss: 0.251704  [32064/50000]
2024-01-10 23:40:55,707 | INFO : loss: 0.215160  [38464/50000]
2024-01-10 23:41:08,735 | INFO : loss: 0.172513  [44864/50000]
2024-01-10 23:41:35,582 | INFO : Test Error: 
 Accuracy: 88.5%, Avg loss: 0.420854 

2024-01-10 23:41:35,583 | INFO : Epoch 57
-------------------------------
2024-01-10 23:41:35,777 | INFO : loss: 0.120926  [   64/50000]
2024-01-10 23:41:48,771 | INFO : loss: 0.273197  [ 6464/50000]
2024-01-10 23:42:01,829 | INFO : loss: 0.132916  [12864/50000]
2024-01-10 23:42:14,943 | INFO : loss: 0.177116  [19264/50000]
2024-01-10 23:42:27,978 | INFO : loss: 0.114460  [25664/50000]
2024-01-10 23:42:41,026 | INFO : loss: 0.140069  [32064/50000]
2024-01-10 23:42:54,012 | INFO : loss: 0.207318  [38464/50000]
2024-01-10 23:43:06,979 | INFO : loss: 0.203103  [44864/50000]
2024-01-10 23:43:33,786 | INFO : Test Error: 
 Accuracy: 88.4%, Avg loss: 0.429266 

2024-01-10 23:43:33,787 | INFO : Epoch 58
-------------------------------
2024-01-10 23:43:33,968 | INFO : loss: 0.174028  [   64/50000]
2024-01-10 23:43:46,953 | INFO : loss: 0.166165  [ 6464/50000]
2024-01-10 23:43:59,915 | INFO : loss: 0.114273  [12864/50000]
2024-01-10 23:44:12,921 | INFO : loss: 0.209803  [19264/50000]
2024-01-10 23:44:26,031 | INFO : loss: 0.099127  [25664/50000]
2024-01-10 23:44:38,808 | INFO : loss: 0.080947  [32064/50000]
2024-01-10 23:44:51,637 | INFO : loss: 0.203666  [38464/50000]
2024-01-10 23:45:04,447 | INFO : loss: 0.152377  [44864/50000]
2024-01-10 23:45:30,740 | INFO : Test Error: 
 Accuracy: 88.8%, Avg loss: 0.403213 

2024-01-10 23:45:30,741 | INFO : Epoch 59
-------------------------------
2024-01-10 23:45:30,927 | INFO : loss: 0.053633  [   64/50000]
2024-01-10 23:45:43,769 | INFO : loss: 0.238281  [ 6464/50000]
2024-01-10 23:45:56,611 | INFO : loss: 0.148746  [12864/50000]
2024-01-10 23:46:09,373 | INFO : loss: 0.166102  [19264/50000]
2024-01-10 23:46:22,173 | INFO : loss: 0.060103  [25664/50000]
2024-01-10 23:46:34,939 | INFO : loss: 0.161248  [32064/50000]
2024-01-10 23:46:47,801 | INFO : loss: 0.158154  [38464/50000]
2024-01-10 23:47:00,934 | INFO : loss: 0.154328  [44864/50000]
2024-01-10 23:47:28,000 | INFO : Test Error: 
 Accuracy: 88.6%, Avg loss: 0.420713 

2024-01-10 23:47:28,001 | INFO : Epoch 60
-------------------------------
2024-01-10 23:47:28,184 | INFO : loss: 0.154711  [   64/50000]
2024-01-10 23:47:41,264 | INFO : loss: 0.104435  [ 6464/50000]
2024-01-10 23:47:54,298 | INFO : loss: 0.167883  [12864/50000]
2024-01-10 23:48:07,338 | INFO : loss: 0.133864  [19264/50000]
2024-01-10 23:48:20,415 | INFO : loss: 0.124678  [25664/50000]
2024-01-10 23:48:33,339 | INFO : loss: 0.050648  [32064/50000]
2024-01-10 23:48:46,235 | INFO : loss: 0.179347  [38464/50000]
2024-01-10 23:48:59,304 | INFO : loss: 0.169973  [44864/50000]
2024-01-10 23:49:26,281 | INFO : Test Error: 
 Accuracy: 88.4%, Avg loss: 0.427361 

2024-01-10 23:49:26,282 | INFO : Epoch 61
-------------------------------
2024-01-10 23:49:26,463 | INFO : loss: 0.119263  [   64/50000]
2024-01-10 23:49:39,481 | INFO : loss: 0.104341  [ 6464/50000]
2024-01-10 23:49:52,627 | INFO : loss: 0.110451  [12864/50000]
2024-01-10 23:50:05,714 | INFO : loss: 0.089615  [19264/50000]
2024-01-10 23:50:18,730 | INFO : loss: 0.137759  [25664/50000]
2024-01-10 23:50:31,859 | INFO : loss: 0.241781  [32064/50000]
2024-01-10 23:50:44,868 | INFO : loss: 0.144008  [38464/50000]
2024-01-10 23:50:57,941 | INFO : loss: 0.130395  [44864/50000]
2024-01-10 23:51:24,963 | INFO : Test Error: 
 Accuracy: 88.7%, Avg loss: 0.409023 

2024-01-10 23:51:24,964 | INFO : Epoch 62
-------------------------------
2024-01-10 23:51:25,154 | INFO : loss: 0.203858  [   64/50000]
2024-01-10 23:51:38,246 | INFO : loss: 0.135269  [ 6464/50000]
2024-01-10 23:51:51,243 | INFO : loss: 0.102790  [12864/50000]
2024-01-10 23:52:04,359 | INFO : loss: 0.090402  [19264/50000]
2024-01-10 23:52:17,384 | INFO : loss: 0.194989  [25664/50000]
2024-01-10 23:52:30,342 | INFO : loss: 0.162357  [32064/50000]
2024-01-10 23:52:43,290 | INFO : loss: 0.189362  [38464/50000]
2024-01-10 23:52:56,115 | INFO : loss: 0.108874  [44864/50000]
2024-01-10 23:53:23,049 | INFO : Test Error: 
 Accuracy: 88.8%, Avg loss: 0.415252 

2024-01-10 23:53:23,049 | INFO : Epoch 63
-------------------------------
2024-01-10 23:53:23,242 | INFO : loss: 0.125902  [   64/50000]
2024-01-10 23:53:36,495 | INFO : loss: 0.118927  [ 6464/50000]
2024-01-10 23:53:49,540 | INFO : loss: 0.142494  [12864/50000]
2024-01-10 23:54:02,501 | INFO : loss: 0.202766  [19264/50000]
2024-01-10 23:54:15,474 | INFO : loss: 0.078195  [25664/50000]
2024-01-10 23:54:28,515 | INFO : loss: 0.087009  [32064/50000]
2024-01-10 23:54:41,435 | INFO : loss: 0.284525  [38464/50000]
2024-01-10 23:54:54,438 | INFO : loss: 0.263663  [44864/50000]
2024-01-10 23:55:21,348 | INFO : Test Error: 
 Accuracy: 88.9%, Avg loss: 0.402121 

2024-01-10 23:55:21,349 | INFO : Epoch 64
-------------------------------
2024-01-10 23:55:21,540 | INFO : loss: 0.186391  [   64/50000]
2024-01-10 23:55:34,589 | INFO : loss: 0.092496  [ 6464/50000]
2024-01-10 23:55:47,611 | INFO : loss: 0.151650  [12864/50000]
2024-01-10 23:56:00,571 | INFO : loss: 0.168042  [19264/50000]
2024-01-10 23:56:13,341 | INFO : loss: 0.198910  [25664/50000]
2024-01-10 23:56:26,176 | INFO : loss: 0.097834  [32064/50000]
2024-01-10 23:56:39,016 | INFO : loss: 0.120968  [38464/50000]
2024-01-10 23:56:51,866 | INFO : loss: 0.096360  [44864/50000]
2024-01-10 23:57:18,444 | INFO : Test Error: 
 Accuracy: 88.9%, Avg loss: 0.413325 

2024-01-10 23:57:18,445 | INFO : Epoch 65
-------------------------------
2024-01-10 23:57:18,630 | INFO : loss: 0.160741  [   64/50000]
2024-01-10 23:57:31,482 | INFO : loss: 0.128751  [ 6464/50000]
2024-01-10 23:57:44,392 | INFO : loss: 0.048695  [12864/50000]
2024-01-10 23:57:57,132 | INFO : loss: 0.058815  [19264/50000]
2024-01-10 23:58:09,940 | INFO : loss: 0.092674  [25664/50000]
2024-01-10 23:58:22,685 | INFO : loss: 0.099526  [32064/50000]
2024-01-10 23:58:35,499 | INFO : loss: 0.042020  [38464/50000]
2024-01-10 23:58:48,259 | INFO : loss: 0.116526  [44864/50000]
2024-01-10 23:59:14,522 | INFO : Test Error: 
 Accuracy: 88.9%, Avg loss: 0.412753 

2024-01-10 23:59:14,523 | INFO : Epoch 66
-------------------------------
2024-01-10 23:59:14,705 | INFO : loss: 0.064387  [   64/50000]
2024-01-10 23:59:27,532 | INFO : loss: 0.117563  [ 6464/50000]
2024-01-10 23:59:40,351 | INFO : loss: 0.207191  [12864/50000]
2024-01-10 23:59:53,147 | INFO : loss: 0.209016  [19264/50000]
2024-01-11 00:00:05,949 | INFO : loss: 0.205160  [25664/50000]
2024-01-11 00:00:18,697 | INFO : loss: 0.177787  [32064/50000]
2024-01-11 00:00:31,444 | INFO : loss: 0.083946  [38464/50000]
2024-01-11 00:00:44,185 | INFO : loss: 0.125659  [44864/50000]
2024-01-11 00:01:10,416 | INFO : Test Error: 
 Accuracy: 88.7%, Avg loss: 0.412847 

2024-01-11 00:01:10,416 | INFO : Epoch 67
-------------------------------
2024-01-11 00:01:10,599 | INFO : loss: 0.230671  [   64/50000]
2024-01-11 00:01:23,459 | INFO : loss: 0.154079  [ 6464/50000]
2024-01-11 00:01:36,314 | INFO : loss: 0.052395  [12864/50000]
2024-01-11 00:01:49,144 | INFO : loss: 0.192985  [19264/50000]
2024-01-11 00:02:01,960 | INFO : loss: 0.276351  [25664/50000]
2024-01-11 00:02:14,820 | INFO : loss: 0.099359  [32064/50000]
2024-01-11 00:02:27,674 | INFO : loss: 0.069243  [38464/50000]
2024-01-11 00:02:40,502 | INFO : loss: 0.254369  [44864/50000]
2024-01-11 00:03:06,838 | INFO : Test Error: 
 Accuracy: 88.8%, Avg loss: 0.405494 

2024-01-11 00:03:06,839 | INFO : Epoch 68
-------------------------------
2024-01-11 00:03:07,019 | INFO : loss: 0.227805  [   64/50000]
2024-01-11 00:03:19,865 | INFO : loss: 0.155651  [ 6464/50000]
2024-01-11 00:03:32,532 | INFO : loss: 0.142144  [12864/50000]
2024-01-11 00:03:45,412 | INFO : loss: 0.146746  [19264/50000]
2024-01-11 00:03:58,179 | INFO : loss: 0.252545  [25664/50000]
2024-01-11 00:04:10,996 | INFO : loss: 0.092031  [32064/50000]
2024-01-11 00:04:23,820 | INFO : loss: 0.096924  [38464/50000]
2024-01-11 00:04:36,600 | INFO : loss: 0.260183  [44864/50000]
2024-01-11 00:05:02,963 | INFO : Test Error: 
 Accuracy: 88.9%, Avg loss: 0.408134 

2024-01-11 00:05:02,964 | INFO : Epoch 69
-------------------------------
2024-01-11 00:05:03,147 | INFO : loss: 0.180899  [   64/50000]
2024-01-11 00:05:15,934 | INFO : loss: 0.027600  [ 6464/50000]
2024-01-11 00:05:28,590 | INFO : loss: 0.139154  [12864/50000]
2024-01-11 00:05:41,397 | INFO : loss: 0.109091  [19264/50000]
2024-01-11 00:05:54,283 | INFO : loss: 0.232183  [25664/50000]
2024-01-11 00:06:07,101 | INFO : loss: 0.227074  [32064/50000]
2024-01-11 00:06:19,859 | INFO : loss: 0.123356  [38464/50000]
2024-01-11 00:06:32,708 | INFO : loss: 0.164691  [44864/50000]
2024-01-11 00:06:59,076 | INFO : Test Error: 
 Accuracy: 88.6%, Avg loss: 0.405105 

2024-01-11 00:06:59,077 | INFO : Epoch 70
-------------------------------
2024-01-11 00:06:59,262 | INFO : loss: 0.119008  [   64/50000]
2024-01-11 00:07:12,035 | INFO : loss: 0.082154  [ 6464/50000]
2024-01-11 00:07:24,859 | INFO : loss: 0.075706  [12864/50000]
2024-01-11 00:07:37,689 | INFO : loss: 0.253723  [19264/50000]
2024-01-11 00:07:50,622 | INFO : loss: 0.086279  [25664/50000]
2024-01-11 00:08:03,511 | INFO : loss: 0.287204  [32064/50000]
2024-01-11 00:08:16,369 | INFO : loss: 0.055316  [38464/50000]
2024-01-11 00:08:29,209 | INFO : loss: 0.140466  [44864/50000]
2024-01-11 00:08:55,556 | INFO : Test Error: 
 Accuracy: 88.9%, Avg loss: 0.405945 

2024-01-11 00:08:55,558 | INFO : Epoch 71
-------------------------------
2024-01-11 00:08:55,747 | INFO : loss: 0.163953  [   64/50000]
2024-01-11 00:09:08,533 | INFO : loss: 0.320244  [ 6464/50000]
2024-01-11 00:09:21,289 | INFO : loss: 0.160811  [12864/50000]
2024-01-11 00:09:34,044 | INFO : loss: 0.212805  [19264/50000]
2024-01-11 00:09:46,904 | INFO : loss: 0.213815  [25664/50000]
2024-01-11 00:09:59,715 | INFO : loss: 0.155589  [32064/50000]
2024-01-11 00:10:12,431 | INFO : loss: 0.083594  [38464/50000]
2024-01-11 00:10:25,235 | INFO : loss: 0.204372  [44864/50000]
2024-01-11 00:10:51,514 | INFO : Test Error: 
 Accuracy: 89.0%, Avg loss: 0.396717 

2024-01-11 00:10:51,515 | INFO : Epoch 72
-------------------------------
2024-01-11 00:10:51,700 | INFO : loss: 0.151849  [   64/50000]
2024-01-11 00:11:04,503 | INFO : loss: 0.055386  [ 6464/50000]
2024-01-11 00:11:17,382 | INFO : loss: 0.294766  [12864/50000]
2024-01-11 00:11:30,209 | INFO : loss: 0.143818  [19264/50000]
2024-01-11 00:11:42,973 | INFO : loss: 0.087061  [25664/50000]
2024-01-11 00:11:55,705 | INFO : loss: 0.255142  [32064/50000]
2024-01-11 00:12:08,425 | INFO : loss: 0.165815  [38464/50000]
2024-01-11 00:12:21,162 | INFO : loss: 0.116814  [44864/50000]
2024-01-11 00:12:47,354 | INFO : Test Error: 
 Accuracy: 89.2%, Avg loss: 0.409456 

2024-01-11 00:12:47,354 | INFO : Epoch 73
-------------------------------
2024-01-11 00:12:47,536 | INFO : loss: 0.110689  [   64/50000]
2024-01-11 00:13:00,325 | INFO : loss: 0.247968  [ 6464/50000]
2024-01-11 00:13:13,067 | INFO : loss: 0.109563  [12864/50000]
2024-01-11 00:13:25,785 | INFO : loss: 0.104241  [19264/50000]
2024-01-11 00:13:38,658 | INFO : loss: 0.077364  [25664/50000]
2024-01-11 00:13:51,444 | INFO : loss: 0.211953  [32064/50000]
2024-01-11 00:14:04,232 | INFO : loss: 0.106425  [38464/50000]
2024-01-11 00:14:16,909 | INFO : loss: 0.192349  [44864/50000]
2024-01-11 00:14:43,192 | INFO : Test Error: 
 Accuracy: 89.0%, Avg loss: 0.401377 

2024-01-11 00:14:43,193 | INFO : Epoch 74
-------------------------------
2024-01-11 00:14:43,376 | INFO : loss: 0.066511  [   64/50000]
2024-01-11 00:14:56,078 | INFO : loss: 0.135508  [ 6464/50000]
2024-01-11 00:15:08,830 | INFO : loss: 0.088223  [12864/50000]
2024-01-11 00:15:21,503 | INFO : loss: 0.122103  [19264/50000]
2024-01-11 00:15:34,317 | INFO : loss: 0.223056  [25664/50000]
2024-01-11 00:15:47,065 | INFO : loss: 0.237711  [32064/50000]
2024-01-11 00:15:59,865 | INFO : loss: 0.121305  [38464/50000]
2024-01-11 00:16:12,561 | INFO : loss: 0.255116  [44864/50000]
2024-01-11 00:16:38,897 | INFO : Test Error: 
 Accuracy: 89.2%, Avg loss: 0.397308 

2024-01-11 00:16:38,898 | INFO : Epoch 75
-------------------------------
2024-01-11 00:16:39,093 | INFO : loss: 0.033654  [   64/50000]
2024-01-11 00:16:51,798 | INFO : loss: 0.073605  [ 6464/50000]
2024-01-11 00:17:04,424 | INFO : loss: 0.083002  [12864/50000]
2024-01-11 00:17:16,906 | INFO : loss: 0.124774  [19264/50000]
2024-01-11 00:17:29,494 | INFO : loss: 0.151095  [25664/50000]
2024-01-11 00:17:42,166 | INFO : loss: 0.151150  [32064/50000]
2024-01-11 00:17:54,856 | INFO : loss: 0.083555  [38464/50000]
2024-01-11 00:18:07,590 | INFO : loss: 0.216004  [44864/50000]
2024-01-11 00:18:33,903 | INFO : Test Error: 
 Accuracy: 88.7%, Avg loss: 0.405246 

2024-01-11 00:18:33,904 | INFO : Epoch 76
-------------------------------
2024-01-11 00:18:34,094 | INFO : loss: 0.213907  [   64/50000]
2024-01-11 00:18:46,766 | INFO : loss: 0.076676  [ 6464/50000]
2024-01-11 00:18:59,169 | INFO : loss: 0.039558  [12864/50000]
2024-01-11 00:19:11,546 | INFO : loss: 0.098763  [19264/50000]
2024-01-11 00:19:24,203 | INFO : loss: 0.181306  [25664/50000]
2024-01-11 00:19:36,791 | INFO : loss: 0.281652  [32064/50000]
2024-01-11 00:19:49,561 | INFO : loss: 0.097274  [38464/50000]
2024-01-11 00:20:02,269 | INFO : loss: 0.103717  [44864/50000]
2024-01-11 00:20:28,357 | INFO : Test Error: 
 Accuracy: 88.5%, Avg loss: 0.411159 

2024-01-11 00:20:28,358 | INFO : Epoch 77
-------------------------------
2024-01-11 00:20:28,547 | INFO : loss: 0.155389  [   64/50000]
2024-01-11 00:20:41,253 | INFO : loss: 0.119616  [ 6464/50000]
2024-01-11 00:20:53,916 | INFO : loss: 0.094315  [12864/50000]
2024-01-11 00:21:06,586 | INFO : loss: 0.078682  [19264/50000]
2024-01-11 00:21:19,248 | INFO : loss: 0.101035  [25664/50000]
2024-01-11 00:21:31,914 | INFO : loss: 0.222139  [32064/50000]
2024-01-11 00:21:44,548 | INFO : loss: 0.149320  [38464/50000]
2024-01-11 00:21:57,210 | INFO : loss: 0.161174  [44864/50000]
2024-01-11 00:22:23,394 | INFO : Test Error: 
 Accuracy: 89.0%, Avg loss: 0.398177 

2024-01-11 00:22:23,394 | INFO : Epoch 78
-------------------------------
2024-01-11 00:22:23,595 | INFO : loss: 0.414874  [   64/50000]
2024-01-11 00:22:36,305 | INFO : loss: 0.145665  [ 6464/50000]
2024-01-11 00:22:48,990 | INFO : loss: 0.143934  [12864/50000]
2024-01-11 00:23:01,715 | INFO : loss: 0.215774  [19264/50000]
2024-01-11 00:23:14,392 | INFO : loss: 0.174611  [25664/50000]
2024-01-11 00:23:27,124 | INFO : loss: 0.140608  [32064/50000]
2024-01-11 00:23:39,861 | INFO : loss: 0.072031  [38464/50000]
2024-01-11 00:23:52,553 | INFO : loss: 0.105921  [44864/50000]
2024-01-11 00:24:18,712 | INFO : Test Error: 
 Accuracy: 89.0%, Avg loss: 0.402036 

2024-01-11 00:24:18,713 | INFO : Epoch 79
-------------------------------
2024-01-11 00:24:18,895 | INFO : loss: 0.104422  [   64/50000]
2024-01-11 00:24:31,581 | INFO : loss: 0.062614  [ 6464/50000]
2024-01-11 00:24:44,241 | INFO : loss: 0.098045  [12864/50000]
2024-01-11 00:24:56,852 | INFO : loss: 0.320577  [19264/50000]
2024-01-11 00:25:09,233 | INFO : loss: 0.081342  [25664/50000]
2024-01-11 00:25:21,637 | INFO : loss: 0.133862  [32064/50000]
2024-01-11 00:25:34,257 | INFO : loss: 0.140371  [38464/50000]
2024-01-11 00:25:46,910 | INFO : loss: 0.172232  [44864/50000]
2024-01-11 00:26:12,929 | INFO : Test Error: 
 Accuracy: 89.1%, Avg loss: 0.404272 

2024-01-11 00:26:12,930 | INFO : Epoch 80
-------------------------------
2024-01-11 00:26:13,111 | INFO : loss: 0.202867  [   64/50000]
2024-01-11 00:26:25,688 | INFO : loss: 0.221566  [ 6464/50000]
2024-01-11 00:26:38,288 | INFO : loss: 0.094879  [12864/50000]
2024-01-11 00:26:51,026 | INFO : loss: 0.195308  [19264/50000]
2024-01-11 00:27:03,922 | INFO : loss: 0.221903  [25664/50000]
2024-01-11 00:27:16,667 | INFO : loss: 0.127974  [32064/50000]
2024-01-11 00:27:29,292 | INFO : loss: 0.157917  [38464/50000]
2024-01-11 00:27:42,074 | INFO : loss: 0.147505  [44864/50000]
2024-01-11 00:28:08,044 | INFO : Test Error: 
 Accuracy: 88.9%, Avg loss: 0.398636 

2024-01-11 00:28:08,045 | INFO : Epoch 81
-------------------------------
2024-01-11 00:28:08,227 | INFO : loss: 0.105318  [   64/50000]
2024-01-11 00:28:20,815 | INFO : loss: 0.111722  [ 6464/50000]
2024-01-11 00:28:33,384 | INFO : loss: 0.064004  [12864/50000]
2024-01-11 00:28:45,866 | INFO : loss: 0.154817  [19264/50000]
2024-01-11 00:28:58,318 | INFO : loss: 0.208788  [25664/50000]
2024-01-11 00:29:10,780 | INFO : loss: 0.183156  [32064/50000]
2024-01-11 00:29:23,425 | INFO : loss: 0.098881  [38464/50000]
2024-01-11 00:29:36,111 | INFO : loss: 0.244056  [44864/50000]
2024-01-11 00:30:02,252 | INFO : Test Error: 
 Accuracy: 88.6%, Avg loss: 0.408277 

2024-01-11 00:30:02,253 | INFO : Epoch 82
-------------------------------
2024-01-11 00:30:02,436 | INFO : loss: 0.157547  [   64/50000]
2024-01-11 00:30:14,862 | INFO : loss: 0.105354  [ 6464/50000]
2024-01-11 00:30:27,381 | INFO : loss: 0.046378  [12864/50000]
2024-01-11 00:30:39,819 | INFO : loss: 0.350063  [19264/50000]
2024-01-11 00:30:52,369 | INFO : loss: 0.111242  [25664/50000]
2024-01-11 00:31:04,878 | INFO : loss: 0.385257  [32064/50000]
2024-01-11 00:31:17,148 | INFO : loss: 0.048293  [38464/50000]
2024-01-11 00:31:29,653 | INFO : loss: 0.119692  [44864/50000]
2024-01-11 00:31:55,020 | INFO : Test Error: 
 Accuracy: 88.8%, Avg loss: 0.402778 

2024-01-11 00:31:55,020 | INFO : Epoch 83
-------------------------------
2024-01-11 00:31:55,202 | INFO : loss: 0.088626  [   64/50000]
2024-01-11 00:32:07,558 | INFO : loss: 0.033910  [ 6464/50000]
2024-01-11 00:32:19,936 | INFO : loss: 0.069946  [12864/50000]
2024-01-11 00:32:32,394 | INFO : loss: 0.050771  [19264/50000]
2024-01-11 00:32:45,121 | INFO : loss: 0.168313  [25664/50000]
2024-01-11 00:32:57,847 | INFO : loss: 0.108503  [32064/50000]
2024-01-11 00:33:10,382 | INFO : loss: 0.270921  [38464/50000]
2024-01-11 00:33:22,873 | INFO : loss: 0.178594  [44864/50000]
2024-01-11 00:33:48,943 | INFO : Test Error: 
 Accuracy: 89.1%, Avg loss: 0.408453 

2024-01-11 00:33:48,944 | INFO : Epoch 84
-------------------------------
2024-01-11 00:33:49,122 | INFO : loss: 0.102942  [   64/50000]
2024-01-11 00:34:01,974 | INFO : loss: 0.131220  [ 6464/50000]
2024-01-11 00:34:14,591 | INFO : loss: 0.192852  [12864/50000]
2024-01-11 00:34:27,099 | INFO : loss: 0.182605  [19264/50000]
2024-01-11 00:34:39,528 | INFO : loss: 0.244342  [25664/50000]
2024-01-11 00:34:51,988 | INFO : loss: 0.201985  [32064/50000]
2024-01-11 00:35:04,590 | INFO : loss: 0.168044  [38464/50000]
2024-01-11 00:35:17,272 | INFO : loss: 0.121918  [44864/50000]
2024-01-11 00:35:43,361 | INFO : Test Error: 
 Accuracy: 89.2%, Avg loss: 0.408990 

2024-01-11 00:35:43,362 | INFO : Epoch 85
-------------------------------
2024-01-11 00:35:43,545 | INFO : loss: 0.141077  [   64/50000]
2024-01-11 00:35:56,411 | INFO : loss: 0.057898  [ 6464/50000]
2024-01-11 00:36:09,189 | INFO : loss: 0.083319  [12864/50000]
2024-01-11 00:36:21,739 | INFO : loss: 0.201776  [19264/50000]
2024-01-11 00:36:34,273 | INFO : loss: 0.318770  [25664/50000]
2024-01-11 00:36:47,036 | INFO : loss: 0.062265  [32064/50000]
2024-01-11 00:36:59,705 | INFO : loss: 0.171242  [38464/50000]
2024-01-11 00:37:12,128 | INFO : loss: 0.268813  [44864/50000]
2024-01-11 00:37:37,613 | INFO : Test Error: 
 Accuracy: 88.9%, Avg loss: 0.406417 

2024-01-11 00:37:37,613 | INFO : Epoch 86
-------------------------------
2024-01-11 00:37:37,796 | INFO : loss: 0.123420  [   64/50000]
2024-01-11 00:37:50,539 | INFO : loss: 0.027032  [ 6464/50000]
2024-01-11 00:38:03,245 | INFO : loss: 0.136209  [12864/50000]
2024-01-11 00:38:15,943 | INFO : loss: 0.295472  [19264/50000]
2024-01-11 00:38:28,694 | INFO : loss: 0.218098  [25664/50000]
2024-01-11 00:38:41,499 | INFO : loss: 0.137981  [32064/50000]
2024-01-11 00:38:54,227 | INFO : loss: 0.070965  [38464/50000]
2024-01-11 00:39:06,874 | INFO : loss: 0.088533  [44864/50000]
2024-01-11 00:39:33,030 | INFO : Test Error: 
 Accuracy: 89.2%, Avg loss: 0.394747 

2024-01-11 00:39:33,031 | INFO : Epoch 87
-------------------------------
2024-01-11 00:39:33,213 | INFO : loss: 0.188765  [   64/50000]
2024-01-11 00:39:45,898 | INFO : loss: 0.186624  [ 6464/50000]
2024-01-11 00:39:58,567 | INFO : loss: 0.102640  [12864/50000]
2024-01-11 00:40:11,273 | INFO : loss: 0.124419  [19264/50000]
2024-01-11 00:40:23,894 | INFO : loss: 0.215522  [25664/50000]
2024-01-11 00:40:36,600 | INFO : loss: 0.082189  [32064/50000]
2024-01-11 00:40:49,277 | INFO : loss: 0.101194  [38464/50000]
2024-01-11 00:41:01,972 | INFO : loss: 0.130965  [44864/50000]
2024-01-11 00:41:27,321 | INFO : Test Error: 
 Accuracy: 89.2%, Avg loss: 0.403822 

2024-01-11 00:41:27,322 | INFO : Epoch 88
-------------------------------
2024-01-11 00:41:27,502 | INFO : loss: 0.166022  [   64/50000]
2024-01-11 00:41:39,921 | INFO : loss: 0.016106  [ 6464/50000]
2024-01-11 00:41:52,382 | INFO : loss: 0.249144  [12864/50000]
2024-01-11 00:42:04,829 | INFO : loss: 0.247726  [19264/50000]
2024-01-11 00:42:17,337 | INFO : loss: 0.094140  [25664/50000]
2024-01-11 00:42:29,791 | INFO : loss: 0.078438  [32064/50000]
2024-01-11 00:42:42,385 | INFO : loss: 0.102611  [38464/50000]
2024-01-11 00:42:54,937 | INFO : loss: 0.238042  [44864/50000]
2024-01-11 00:43:20,283 | INFO : Test Error: 
 Accuracy: 88.9%, Avg loss: 0.404713 

2024-01-11 00:43:20,284 | INFO : Epoch 89
-------------------------------
2024-01-11 00:43:20,467 | INFO : loss: 0.114725  [   64/50000]
2024-01-11 00:43:33,114 | INFO : loss: 0.227342  [ 6464/50000]
2024-01-11 00:43:45,748 | INFO : loss: 0.121337  [12864/50000]
2024-01-11 00:43:58,405 | INFO : loss: 0.087850  [19264/50000]
2024-01-11 00:44:11,050 | INFO : loss: 0.231788  [25664/50000]
2024-01-11 00:44:23,735 | INFO : loss: 0.119146  [32064/50000]
2024-01-11 00:44:36,352 | INFO : loss: 0.128737  [38464/50000]
2024-01-11 00:44:48,961 | INFO : loss: 0.202666  [44864/50000]
2024-01-11 00:45:14,865 | INFO : Test Error: 
 Accuracy: 88.8%, Avg loss: 0.409517 

2024-01-11 00:45:14,866 | INFO : Epoch 90
-------------------------------
2024-01-11 00:45:15,059 | INFO : loss: 0.048438  [   64/50000]
2024-01-11 00:45:27,707 | INFO : loss: 0.121406  [ 6464/50000]
2024-01-11 00:45:40,275 | INFO : loss: 0.212151  [12864/50000]
2024-01-11 00:45:52,730 | INFO : loss: 0.204045  [19264/50000]
2024-01-11 00:46:05,118 | INFO : loss: 0.339783  [25664/50000]
2024-01-11 00:46:17,484 | INFO : loss: 0.080480  [32064/50000]
2024-01-11 00:46:29,909 | INFO : loss: 0.104094  [38464/50000]
2024-01-11 00:46:42,333 | INFO : loss: 0.171028  [44864/50000]
2024-01-11 00:47:07,665 | INFO : Test Error: 
 Accuracy: 89.0%, Avg loss: 0.404021 

2024-01-11 00:47:07,666 | INFO : Done!
2024-01-11 00:47:07,666 | INFO : Total training time: 10627.97199678421
