A100 GPU 80gb
@compute-2-3.local (GPU): GPU-8281fbc2-ad66-3ec4-1727-f5c0d85e45ca
Files already downloaded and verified
Files already downloaded and verified
2023-11-30 11:07:16,368 | INFO : ----------- VGG11 TRAINING -----------
2023-11-30 11:07:16,369 | INFO : Epoch 1
-------------------------------
2023-11-30 11:07:21,320 | INFO : loss: 2.300864  [   64/50000]
2023-11-30 11:07:43,402 | INFO : loss: 2.115715  [ 6464/50000]
2023-11-30 11:08:06,480 | INFO : loss: 1.821408  [12864/50000]
2023-11-30 11:08:27,872 | INFO : loss: 1.508952  [19264/50000]
2023-11-30 11:08:49,481 | INFO : loss: 1.629055  [25664/50000]
2023-11-30 11:09:09,487 | INFO : loss: 1.456600  [32064/50000]
2023-11-30 11:09:26,323 | INFO : loss: 1.462265  [38464/50000]
2023-11-30 11:09:44,059 | INFO : loss: 1.814173  [44864/50000]
2023-11-30 11:10:26,127 | INFO : Test Error: 
 Accuracy: 50.4%, Avg loss: 1.372991 

2023-11-30 11:10:26,128 | INFO : Epoch 2
-------------------------------
2023-11-30 11:10:26,317 | INFO : loss: 1.324558  [   64/50000]
2023-11-30 11:10:44,931 | INFO : loss: 1.356843  [ 6464/50000]
2023-11-30 11:11:02,190 | INFO : loss: 1.517049  [12864/50000]
2023-11-30 11:11:19,070 | INFO : loss: 1.399528  [19264/50000]
2023-11-30 11:11:35,360 | INFO : loss: 0.961609  [25664/50000]
2023-11-30 11:11:52,878 | INFO : loss: 1.066377  [32064/50000]
2023-11-30 11:12:10,561 | INFO : loss: 1.020627  [38464/50000]
2023-11-30 11:12:28,198 | INFO : loss: 0.994761  [44864/50000]
2023-11-30 11:13:09,008 | INFO : Test Error: 
 Accuracy: 62.5%, Avg loss: 1.053532 

2023-11-30 11:13:09,009 | INFO : Epoch 3
-------------------------------
2023-11-30 11:13:09,213 | INFO : loss: 1.166812  [   64/50000]
2023-11-30 11:13:27,723 | INFO : loss: 0.891031  [ 6464/50000]
2023-11-30 11:13:46,033 | INFO : loss: 0.912195  [12864/50000]
2023-11-30 11:14:04,282 | INFO : loss: 0.832509  [19264/50000]
2023-11-30 11:14:23,569 | INFO : loss: 0.846996  [25664/50000]
2023-11-30 11:14:41,601 | INFO : loss: 0.727332  [32064/50000]
2023-11-30 11:14:58,870 | INFO : loss: 1.025308  [38464/50000]
2023-11-30 11:15:16,498 | INFO : loss: 0.912807  [44864/50000]
2023-11-30 11:15:56,630 | INFO : Test Error: 
 Accuracy: 70.9%, Avg loss: 0.834104 

2023-11-30 11:15:56,631 | INFO : Epoch 4
-------------------------------
2023-11-30 11:15:56,880 | INFO : loss: 0.804875  [   64/50000]
2023-11-30 11:16:17,013 | INFO : loss: 0.551006  [ 6464/50000]
2023-11-30 11:16:38,988 | INFO : loss: 0.774026  [12864/50000]
2023-11-30 11:16:57,477 | INFO : loss: 0.632297  [19264/50000]
2023-11-30 11:17:15,223 | INFO : loss: 0.790571  [25664/50000]
2023-11-30 11:17:36,272 | INFO : loss: 0.641016  [32064/50000]
2023-11-30 11:17:58,508 | INFO : loss: 0.562814  [38464/50000]
2023-11-30 11:18:19,292 | INFO : loss: 0.616561  [44864/50000]
2023-11-30 11:19:04,794 | INFO : Test Error: 
 Accuracy: 73.8%, Avg loss: 0.773273 

2023-11-30 11:19:04,795 | INFO : Epoch 5
-------------------------------
2023-11-30 11:19:05,137 | INFO : loss: 0.503834  [   64/50000]
2023-11-30 11:19:23,907 | INFO : loss: 0.340306  [ 6464/50000]
2023-11-30 11:19:43,996 | INFO : loss: 0.436017  [12864/50000]
2023-11-30 11:20:04,206 | INFO : loss: 0.428549  [19264/50000]
2023-11-30 11:20:21,693 | INFO : loss: 0.244544  [25664/50000]
2023-11-30 11:20:39,689 | INFO : loss: 0.523757  [32064/50000]
2023-11-30 11:20:56,418 | INFO : loss: 0.607472  [38464/50000]
2023-11-30 11:21:15,989 | INFO : loss: 0.477506  [44864/50000]
2023-11-30 11:22:03,661 | INFO : Test Error: 
 Accuracy: 75.2%, Avg loss: 0.718998 

2023-11-30 11:22:03,662 | INFO : Epoch 6
-------------------------------
2023-11-30 11:22:03,886 | INFO : loss: 0.568253  [   64/50000]
2023-11-30 11:22:21,743 | INFO : loss: 0.274575  [ 6464/50000]
2023-11-30 11:22:43,645 | INFO : loss: 0.300717  [12864/50000]
2023-11-30 11:23:04,681 | INFO : loss: 0.255529  [19264/50000]
2023-11-30 11:23:21,818 | INFO : loss: 0.646818  [25664/50000]
2023-11-30 11:23:41,511 | INFO : loss: 0.474686  [32064/50000]
2023-11-30 11:23:59,476 | INFO : loss: 0.377412  [38464/50000]
2023-11-30 11:24:16,826 | INFO : loss: 0.372631  [44864/50000]
2023-11-30 11:24:59,857 | INFO : Test Error: 
 Accuracy: 77.3%, Avg loss: 0.702123 

2023-11-30 11:24:59,858 | INFO : Epoch 7
-------------------------------
2023-11-30 11:25:00,111 | INFO : loss: 0.168531  [   64/50000]
2023-11-30 11:25:18,360 | INFO : loss: 0.183216  [ 6464/50000]
2023-11-30 11:25:35,990 | INFO : loss: 0.353811  [12864/50000]
2023-11-30 11:25:53,708 | INFO : loss: 0.463578  [19264/50000]
2023-11-30 11:26:11,546 | INFO : loss: 0.217697  [25664/50000]
2023-11-30 11:26:29,115 | INFO : loss: 0.410998  [32064/50000]
2023-11-30 11:27:03,694 | INFO : loss: 0.307162  [38464/50000]
2023-11-30 11:28:00,171 | INFO : loss: 0.274958  [44864/50000]
2023-11-30 11:30:13,098 | INFO : Test Error: 
 Accuracy: 78.1%, Avg loss: 0.797857 

2023-11-30 11:30:13,099 | INFO : Epoch 8
-------------------------------
2023-11-30 11:30:13,922 | INFO : loss: 0.122014  [   64/50000]
2023-11-30 11:31:07,693 | INFO : loss: 0.091485  [ 6464/50000]
2023-11-30 11:32:04,604 | INFO : loss: 0.237653  [12864/50000]
2023-11-30 11:32:42,689 | INFO : loss: 0.183086  [19264/50000]
2023-11-30 11:33:02,044 | INFO : loss: 0.300970  [25664/50000]
2023-11-30 11:33:37,687 | INFO : loss: 0.270897  [32064/50000]
2023-11-30 11:34:32,554 | INFO : loss: 0.167365  [38464/50000]
2023-11-30 11:35:31,218 | INFO : loss: 0.255899  [44864/50000]
2023-11-30 11:37:45,406 | INFO : Test Error: 
 Accuracy: 76.9%, Avg loss: 0.790963 

2023-11-30 11:37:45,407 | INFO : Epoch 9
-------------------------------
2023-11-30 11:37:46,032 | INFO : loss: 0.105331  [   64/50000]
2023-11-30 11:38:45,016 | INFO : loss: 0.266871  [ 6464/50000]
2023-11-30 11:39:19,637 | INFO : loss: 0.074220  [12864/50000]
2023-11-30 11:39:38,639 | INFO : loss: 0.162514  [19264/50000]
2023-11-30 11:39:56,146 | INFO : loss: 0.182815  [25664/50000]
2023-11-30 11:40:13,401 | INFO : loss: 0.177065  [32064/50000]
2023-11-30 11:40:30,531 | INFO : loss: 0.071269  [38464/50000]
2023-11-30 11:40:51,605 | INFO : loss: 0.118301  [44864/50000]
2023-11-30 11:41:41,524 | INFO : Test Error: 
 Accuracy: 76.9%, Avg loss: 1.000896 

2023-11-30 11:41:41,525 | INFO : Epoch 10
-------------------------------
2023-11-30 11:41:41,796 | INFO : loss: 0.164201  [   64/50000]
2023-11-30 11:42:00,051 | INFO : loss: 0.015293  [ 6464/50000]
2023-11-30 11:42:18,041 | INFO : loss: 0.229182  [12864/50000]
2023-11-30 11:42:35,395 | INFO : loss: 0.232138  [19264/50000]
2023-11-30 11:42:53,531 | INFO : loss: 0.134003  [25664/50000]
2023-11-30 11:43:10,021 | INFO : loss: 0.102288  [32064/50000]
2023-11-30 11:43:28,026 | INFO : loss: 0.075438  [38464/50000]
2023-11-30 11:43:45,488 | INFO : loss: 0.108532  [44864/50000]
2023-11-30 11:44:25,470 | INFO : Test Error: 
 Accuracy: 77.9%, Avg loss: 0.897719 

2023-11-30 11:44:25,471 | INFO : Epoch 11
-------------------------------
2023-11-30 11:44:25,713 | INFO : loss: 0.070922  [   64/50000]
2023-11-30 11:44:43,690 | INFO : loss: 0.027875  [ 6464/50000]
2023-11-30 11:45:02,473 | INFO : loss: 0.055482  [12864/50000]
2023-11-30 11:45:19,594 | INFO : loss: 0.024704  [19264/50000]
2023-11-30 11:45:37,272 | INFO : loss: 0.129504  [25664/50000]
2023-11-30 11:45:53,705 | INFO : loss: 0.160932  [32064/50000]
2023-11-30 11:46:10,749 | INFO : loss: 0.248478  [38464/50000]
2023-11-30 11:46:28,344 | INFO : loss: 0.161849  [44864/50000]
2023-11-30 11:47:41,337 | INFO : Test Error: 
 Accuracy: 75.8%, Avg loss: 1.105242 

2023-11-30 11:47:41,338 | INFO : Epoch 12
-------------------------------
2023-11-30 11:47:41,670 | INFO : loss: 0.048388  [   64/50000]
2023-11-30 11:48:39,032 | INFO : loss: 0.188737  [ 6464/50000]
2023-11-30 11:49:35,162 | INFO : loss: 0.144260  [12864/50000]
2023-11-30 11:50:22,406 | INFO : loss: 0.080097  [19264/50000]
2023-11-30 11:51:16,864 | INFO : loss: 0.129162  [25664/50000]
2023-11-30 11:52:19,241 | INFO : loss: 0.166807  [32064/50000]
2023-11-30 11:53:00,366 | INFO : loss: 0.181550  [38464/50000]
2023-11-30 11:53:17,449 | INFO : loss: 0.024923  [44864/50000]
2023-11-30 11:54:04,134 | INFO : Test Error: 
 Accuracy: 78.1%, Avg loss: 0.954950 

2023-11-30 11:54:04,135 | INFO : Epoch 13
-------------------------------
2023-11-30 11:54:04,475 | INFO : loss: 0.053997  [   64/50000]
2023-11-30 11:54:23,361 | INFO : loss: 0.013750  [ 6464/50000]
2023-11-30 11:54:39,919 | INFO : loss: 0.010269  [12864/50000]
2023-11-30 11:54:59,281 | INFO : loss: 0.038032  [19264/50000]
2023-11-30 11:55:19,785 | INFO : loss: 0.046769  [25664/50000]
2023-11-30 11:55:36,502 | INFO : loss: 0.036414  [32064/50000]
2023-11-30 11:55:53,433 | INFO : loss: 0.083754  [38464/50000]
2023-11-30 11:56:13,649 | INFO : loss: 0.128603  [44864/50000]
2023-11-30 11:56:59,669 | INFO : Test Error: 
 Accuracy: 78.1%, Avg loss: 0.910684 

2023-11-30 11:56:59,670 | INFO : Epoch 14
-------------------------------
2023-11-30 11:56:59,873 | INFO : loss: 0.040653  [   64/50000]
2023-11-30 11:57:17,063 | INFO : loss: 0.033316  [ 6464/50000]
2023-11-30 11:57:37,982 | INFO : loss: 0.082539  [12864/50000]
2023-11-30 11:57:56,474 | INFO : loss: 0.135963  [19264/50000]
2023-11-30 11:58:16,846 | INFO : loss: 0.026193  [25664/50000]
2023-11-30 11:58:35,725 | INFO : loss: 0.256030  [32064/50000]
2023-11-30 11:58:54,739 | INFO : loss: 0.263038  [38464/50000]
2023-11-30 11:59:13,154 | INFO : loss: 0.051825  [44864/50000]
2023-11-30 12:00:03,425 | INFO : Test Error: 
 Accuracy: 78.3%, Avg loss: 0.940865 

2023-11-30 12:00:03,427 | INFO : Epoch 15
-------------------------------
2023-11-30 12:00:03,623 | INFO : loss: 0.021551  [   64/50000]
2023-11-30 12:00:21,452 | INFO : loss: 0.086074  [ 6464/50000]
2023-11-30 12:00:40,051 | INFO : loss: 0.077686  [12864/50000]
2023-11-30 12:01:00,078 | INFO : loss: 0.064688  [19264/50000]
2023-11-30 12:01:25,487 | INFO : loss: 0.022277  [25664/50000]
2023-11-30 12:01:44,915 | INFO : loss: 0.167138  [32064/50000]
2023-11-30 12:02:30,392 | INFO : loss: 0.058319  [38464/50000]
2023-11-30 12:03:30,190 | INFO : loss: 0.146831  [44864/50000]
2023-11-30 12:05:30,952 | INFO : Test Error: 
 Accuracy: 78.7%, Avg loss: 0.973732 

2023-11-30 12:05:30,953 | INFO : Epoch 16
-------------------------------
2023-11-30 12:05:32,246 | INFO : loss: 0.070505  [   64/50000]
2023-11-30 12:05:57,091 | INFO : loss: 0.014329  [ 6464/50000]
2023-11-30 12:06:18,088 | INFO : loss: 0.054465  [12864/50000]
2023-11-30 12:06:35,138 | INFO : loss: 0.019252  [19264/50000]
2023-11-30 12:06:52,304 | INFO : loss: 0.027984  [25664/50000]
2023-11-30 12:07:10,218 | INFO : loss: 0.019869  [32064/50000]
2023-11-30 12:07:38,472 | INFO : loss: 0.057080  [38464/50000]
2023-11-30 12:08:30,800 | INFO : loss: 0.087702  [44864/50000]
2023-11-30 12:10:29,938 | INFO : Test Error: 
 Accuracy: 76.7%, Avg loss: 1.159259 

2023-11-30 12:10:29,940 | INFO : Epoch 17
-------------------------------
2023-11-30 12:10:31,114 | INFO : loss: 0.104922  [   64/50000]
2023-11-30 12:11:04,922 | INFO : loss: 0.033530  [ 6464/50000]
2023-11-30 12:11:21,736 | INFO : loss: 0.026001  [12864/50000]
2023-11-30 12:11:40,864 | INFO : loss: 0.057888  [19264/50000]
2023-11-30 12:11:57,963 | INFO : loss: 0.019711  [25664/50000]
2023-11-30 12:12:16,232 | INFO : loss: 0.023952  [32064/50000]
2023-11-30 12:12:35,604 | INFO : loss: 0.014303  [38464/50000]
2023-11-30 12:12:54,270 | INFO : loss: 0.015369  [44864/50000]
2023-11-30 12:13:37,073 | INFO : Test Error: 
 Accuracy: 77.5%, Avg loss: 1.091978 

2023-11-30 12:13:37,074 | INFO : Epoch 18
-------------------------------
2023-11-30 12:13:37,311 | INFO : loss: 0.106746  [   64/50000]
2023-11-30 12:13:56,166 | INFO : loss: 0.010557  [ 6464/50000]
2023-11-30 12:14:13,341 | INFO : loss: 0.054274  [12864/50000]
2023-11-30 12:14:32,649 | INFO : loss: 0.084936  [19264/50000]
2023-11-30 12:14:51,088 | INFO : loss: 0.127883  [25664/50000]
2023-11-30 12:15:10,199 | INFO : loss: 0.011836  [32064/50000]
2023-11-30 12:15:28,266 | INFO : loss: 0.065260  [38464/50000]
2023-11-30 12:15:47,562 | INFO : loss: 0.026508  [44864/50000]
2023-11-30 12:16:32,241 | INFO : Test Error: 
 Accuracy: 78.6%, Avg loss: 0.939347 

2023-11-30 12:16:32,242 | INFO : Epoch 19
-------------------------------
2023-11-30 12:16:32,457 | INFO : loss: 0.003733  [   64/50000]
2023-11-30 12:16:53,922 | INFO : loss: 0.012198  [ 6464/50000]
2023-11-30 12:17:11,467 | INFO : loss: 0.016443  [12864/50000]
2023-11-30 12:17:29,293 | INFO : loss: 0.072540  [19264/50000]
2023-11-30 12:17:47,397 | INFO : loss: 0.023794  [25664/50000]
2023-11-30 12:18:05,989 | INFO : loss: 0.127440  [32064/50000]
2023-11-30 12:18:25,018 | INFO : loss: 0.009808  [38464/50000]
2023-11-30 12:18:41,991 | INFO : loss: 0.059235  [44864/50000]
2023-11-30 12:19:28,729 | INFO : Test Error: 
 Accuracy: 78.1%, Avg loss: 0.999651 

2023-11-30 12:19:28,730 | INFO : Epoch 20
-------------------------------
2023-11-30 12:19:29,015 | INFO : loss: 0.012144  [   64/50000]
2023-11-30 12:19:46,845 | INFO : loss: 0.038048  [ 6464/50000]
2023-11-30 12:20:04,987 | INFO : loss: 0.123974  [12864/50000]
2023-11-30 12:20:22,841 | INFO : loss: 0.029942  [19264/50000]
2023-11-30 12:20:41,680 | INFO : loss: 0.003582  [25664/50000]
2023-11-30 12:21:00,630 | INFO : loss: 0.090861  [32064/50000]
2023-11-30 12:21:18,760 | INFO : loss: 0.064845  [38464/50000]
2023-11-30 12:21:40,412 | INFO : loss: 0.166669  [44864/50000]
2023-11-30 12:22:26,353 | INFO : Test Error: 
 Accuracy: 76.9%, Avg loss: 1.013042 

2023-11-30 12:22:26,354 | INFO : Epoch 21
-------------------------------
2023-11-30 12:22:26,695 | INFO : loss: 0.022327  [   64/50000]
2023-11-30 12:22:43,761 | INFO : loss: 0.013801  [ 6464/50000]
2023-11-30 12:23:01,359 | INFO : loss: 0.008265  [12864/50000]
2023-11-30 12:23:19,356 | INFO : loss: 0.050301  [19264/50000]
2023-11-30 12:23:39,111 | INFO : loss: 0.079603  [25664/50000]
2023-11-30 12:23:57,744 | INFO : loss: 0.046812  [32064/50000]
2023-11-30 12:24:15,061 | INFO : loss: 0.072731  [38464/50000]
2023-11-30 12:24:33,806 | INFO : loss: 0.010473  [44864/50000]
2023-11-30 12:25:19,313 | INFO : Test Error: 
 Accuracy: 77.8%, Avg loss: 0.949762 

2023-11-30 12:25:19,314 | INFO : Epoch 22
-------------------------------
2023-11-30 12:25:19,557 | INFO : loss: 0.067231  [   64/50000]
2023-11-30 12:25:43,682 | INFO : loss: 0.098561  [ 6464/50000]
2023-11-30 12:26:02,876 | INFO : loss: 0.048144  [12864/50000]
2023-11-30 12:26:20,651 | INFO : loss: 0.040033  [19264/50000]
2023-11-30 12:26:38,339 | INFO : loss: 0.066412  [25664/50000]
2023-11-30 12:26:55,839 | INFO : loss: 0.029093  [32064/50000]
2023-11-30 12:27:13,030 | INFO : loss: 0.030603  [38464/50000]
2023-11-30 12:27:29,488 | INFO : loss: 0.052373  [44864/50000]
2023-11-30 12:28:16,222 | INFO : Test Error: 
 Accuracy: 78.1%, Avg loss: 0.971912 

2023-11-30 12:28:16,223 | INFO : Epoch 23
-------------------------------
2023-11-30 12:28:16,460 | INFO : loss: 0.010073  [   64/50000]
2023-11-30 12:28:36,709 | INFO : loss: 0.068690  [ 6464/50000]
2023-11-30 12:28:59,720 | INFO : loss: 0.006231  [12864/50000]
2023-11-30 12:29:18,431 | INFO : loss: 0.034476  [19264/50000]
2023-11-30 12:29:37,639 | INFO : loss: 0.058699  [25664/50000]
2023-11-30 12:29:54,445 | INFO : loss: 0.099263  [32064/50000]
2023-11-30 12:30:10,225 | INFO : loss: 0.068992  [38464/50000]
2023-11-30 12:30:29,710 | INFO : loss: 0.081404  [44864/50000]
2023-11-30 12:31:13,263 | INFO : Test Error: 
 Accuracy: 77.8%, Avg loss: 1.021702 

2023-11-30 12:31:13,264 | INFO : Epoch 24
-------------------------------
2023-11-30 12:31:13,466 | INFO : loss: 0.030480  [   64/50000]
2023-11-30 12:31:32,076 | INFO : loss: 0.034784  [ 6464/50000]
2023-11-30 12:31:53,094 | INFO : loss: 0.022229  [12864/50000]
2023-11-30 12:32:11,795 | INFO : loss: 0.002060  [19264/50000]
2023-11-30 12:32:32,298 | INFO : loss: 0.016144  [25664/50000]
2023-11-30 12:32:51,884 | INFO : loss: 0.033648  [32064/50000]
2023-11-30 12:33:08,983 | INFO : loss: 0.033986  [38464/50000]
2023-11-30 12:33:26,301 | INFO : loss: 0.114227  [44864/50000]
2023-11-30 12:34:08,650 | INFO : Test Error: 
 Accuracy: 79.3%, Avg loss: 0.929217 

2023-11-30 12:34:08,651 | INFO : Epoch 25
-------------------------------
2023-11-30 12:34:08,907 | INFO : loss: 0.002447  [   64/50000]
2023-11-30 12:34:27,862 | INFO : loss: 0.103313  [ 6464/50000]
2023-11-30 12:34:46,090 | INFO : loss: 0.121309  [12864/50000]
2023-11-30 12:35:05,025 | INFO : loss: 0.012386  [19264/50000]
2023-11-30 12:35:23,775 | INFO : loss: 0.077564  [25664/50000]
2023-11-30 12:35:40,660 | INFO : loss: 0.016873  [32064/50000]
2023-11-30 12:35:58,134 | INFO : loss: 0.010944  [38464/50000]
2023-11-30 12:36:18,440 | INFO : loss: 0.012959  [44864/50000]
2023-11-30 12:37:01,669 | INFO : Test Error: 
 Accuracy: 79.0%, Avg loss: 0.946307 

2023-11-30 12:37:01,670 | INFO : Epoch 26
-------------------------------
2023-11-30 12:37:01,873 | INFO : loss: 0.051955  [   64/50000]
2023-11-30 12:37:20,137 | INFO : loss: 0.042329  [ 6464/50000]
2023-11-30 12:37:37,370 | INFO : loss: 0.013725  [12864/50000]
2023-11-30 12:37:53,969 | INFO : loss: 0.068336  [19264/50000]
2023-11-30 12:38:11,654 | INFO : loss: 0.027556  [25664/50000]
2023-11-30 12:38:29,756 | INFO : loss: 0.045212  [32064/50000]
2023-11-30 12:38:54,116 | INFO : loss: 0.076597  [38464/50000]
2023-11-30 12:39:12,304 | INFO : loss: 0.022408  [44864/50000]
2023-11-30 12:39:57,361 | INFO : Test Error: 
 Accuracy: 78.3%, Avg loss: 1.009865 

2023-11-30 12:39:57,362 | INFO : Epoch 27
-------------------------------
2023-11-30 12:39:57,599 | INFO : loss: 0.400773  [   64/50000]
2023-11-30 12:40:15,026 | INFO : loss: 0.036300  [ 6464/50000]
2023-11-30 12:40:34,474 | INFO : loss: 0.056524  [12864/50000]
2023-11-30 12:40:51,035 | INFO : loss: 0.133514  [19264/50000]
2023-11-30 12:41:08,488 | INFO : loss: 0.052890  [25664/50000]
2023-11-30 12:41:27,232 | INFO : loss: 0.048289  [32064/50000]
2023-11-30 12:41:47,762 | INFO : loss: 0.004110  [38464/50000]
2023-11-30 12:42:09,981 | INFO : loss: 0.058252  [44864/50000]
2023-11-30 12:43:00,482 | INFO : Test Error: 
 Accuracy: 78.8%, Avg loss: 1.149691 

2023-11-30 12:43:00,483 | INFO : Epoch 28
-------------------------------
2023-11-30 12:43:00,727 | INFO : loss: 0.007042  [   64/50000]
2023-11-30 12:43:20,168 | INFO : loss: 0.075708  [ 6464/50000]
2023-11-30 12:43:37,497 | INFO : loss: 0.004024  [12864/50000]
2023-11-30 12:43:53,828 | INFO : loss: 0.121172  [19264/50000]
2023-11-30 12:44:10,636 | INFO : loss: 0.026378  [25664/50000]
2023-11-30 12:44:27,427 | INFO : loss: 0.025346  [32064/50000]
2023-11-30 12:44:44,373 | INFO : loss: 0.070202  [38464/50000]
2023-11-30 12:45:03,313 | INFO : loss: 0.067128  [44864/50000]
2023-11-30 12:45:49,224 | INFO : Test Error: 
 Accuracy: 79.0%, Avg loss: 0.921458 

2023-11-30 12:45:49,225 | INFO : Epoch 29
-------------------------------
2023-11-30 12:45:49,412 | INFO : loss: 0.010218  [   64/50000]
2023-11-30 12:46:06,284 | INFO : loss: 0.019456  [ 6464/50000]
2023-11-30 12:46:24,324 | INFO : loss: 0.019633  [12864/50000]
2023-11-30 12:46:41,659 | INFO : loss: 0.091598  [19264/50000]
2023-11-30 12:46:58,920 | INFO : loss: 0.014393  [25664/50000]
2023-11-30 12:47:15,610 | INFO : loss: 0.068284  [32064/50000]
2023-11-30 12:47:33,769 | INFO : loss: 0.005070  [38464/50000]
2023-11-30 12:47:52,233 | INFO : loss: 0.049219  [44864/50000]
2023-11-30 12:48:35,474 | INFO : Test Error: 
 Accuracy: 78.5%, Avg loss: 1.003705 

2023-11-30 12:48:35,475 | INFO : Epoch 30
-------------------------------
2023-11-30 12:48:35,754 | INFO : loss: 0.015023  [   64/50000]
2023-11-30 12:48:57,173 | INFO : loss: 0.102504  [ 6464/50000]
2023-11-30 12:49:14,092 | INFO : loss: 0.006329  [12864/50000]
2023-11-30 12:49:31,704 | INFO : loss: 0.023262  [19264/50000]
2023-11-30 12:49:48,749 | INFO : loss: 0.033107  [25664/50000]
2023-11-30 12:50:06,517 | INFO : loss: 0.041726  [32064/50000]
2023-11-30 12:50:23,719 | INFO : loss: 0.071170  [38464/50000]
2023-11-30 12:50:40,918 | INFO : loss: 0.030846  [44864/50000]
2023-11-30 12:51:27,564 | INFO : Test Error: 
 Accuracy: 78.3%, Avg loss: 1.005634 

2023-11-30 12:51:27,565 | INFO : Epoch 31
-------------------------------
2023-11-30 12:51:27,912 | INFO : loss: 0.008138  [   64/50000]
2023-11-30 12:51:49,346 | INFO : loss: 0.082831  [ 6464/50000]
2023-11-30 12:52:11,577 | INFO : loss: 0.045289  [12864/50000]
2023-11-30 12:52:28,928 | INFO : loss: 0.020200  [19264/50000]
2023-11-30 12:52:47,339 | INFO : loss: 0.040342  [25664/50000]
2023-11-30 12:53:07,871 | INFO : loss: 0.011459  [32064/50000]
2023-11-30 12:53:24,322 | INFO : loss: 0.027860  [38464/50000]
2023-11-30 12:53:44,983 | INFO : loss: 0.035056  [44864/50000]
2023-11-30 12:54:35,077 | INFO : Test Error: 
 Accuracy: 78.3%, Avg loss: 0.964208 

2023-11-30 12:54:35,078 | INFO : Epoch 32
-------------------------------
2023-11-30 12:54:35,357 | INFO : loss: 0.031462  [   64/50000]
2023-11-30 12:54:53,632 | INFO : loss: 0.020603  [ 6464/50000]
2023-11-30 12:55:12,446 | INFO : loss: 0.043773  [12864/50000]
2023-11-30 12:55:31,128 | INFO : loss: 0.176232  [19264/50000]
2023-11-30 12:55:49,378 | INFO : loss: 0.081137  [25664/50000]
2023-11-30 12:56:12,581 | INFO : loss: 0.011992  [32064/50000]
2023-11-30 12:56:32,367 | INFO : loss: 0.058651  [38464/50000]
2023-11-30 12:56:54,121 | INFO : loss: 0.003787  [44864/50000]
2023-11-30 12:57:40,685 | INFO : Test Error: 
 Accuracy: 76.0%, Avg loss: 0.995944 

2023-11-30 12:57:40,686 | INFO : Epoch 33
-------------------------------
2023-11-30 12:57:40,944 | INFO : loss: 0.059794  [   64/50000]
2023-11-30 12:57:58,669 | INFO : loss: 0.020971  [ 6464/50000]
2023-11-30 12:58:17,101 | INFO : loss: 0.007511  [12864/50000]
2023-11-30 12:58:35,166 | INFO : loss: 0.054297  [19264/50000]
2023-11-30 12:58:53,297 | INFO : loss: 0.055813  [25664/50000]
2023-11-30 12:59:13,495 | INFO : loss: 0.049785  [32064/50000]
2023-11-30 12:59:30,750 | INFO : loss: 0.063207  [38464/50000]
2023-11-30 12:59:47,168 | INFO : loss: 0.024084  [44864/50000]
2023-11-30 13:00:30,153 | INFO : Test Error: 
 Accuracy: 77.4%, Avg loss: 1.061800 

2023-11-30 13:00:30,154 | INFO : Epoch 34
-------------------------------
2023-11-30 13:00:30,381 | INFO : loss: 0.019578  [   64/50000]
2023-11-30 13:00:48,673 | INFO : loss: 0.142134  [ 6464/50000]
2023-11-30 13:01:06,771 | INFO : loss: 0.020010  [12864/50000]
2023-11-30 13:01:25,399 | INFO : loss: 0.012969  [19264/50000]
2023-11-30 13:01:43,494 | INFO : loss: 0.049560  [25664/50000]
2023-11-30 13:02:00,398 | INFO : loss: 0.018369  [32064/50000]
2023-11-30 13:02:18,539 | INFO : loss: 0.061084  [38464/50000]
2023-11-30 13:02:36,951 | INFO : loss: 0.015867  [44864/50000]
2023-11-30 13:03:22,701 | INFO : Test Error: 
 Accuracy: 76.9%, Avg loss: 1.082947 

2023-11-30 13:03:22,702 | INFO : Epoch 35
-------------------------------
2023-11-30 13:03:22,967 | INFO : loss: 0.198171  [   64/50000]
2023-11-30 13:03:45,305 | INFO : loss: 0.027613  [ 6464/50000]
2023-11-30 13:04:08,052 | INFO : loss: 0.002654  [12864/50000]
2023-11-30 13:04:27,443 | INFO : loss: 0.002573  [19264/50000]
2023-11-30 13:04:45,786 | INFO : loss: 0.015146  [25664/50000]
2023-11-30 13:05:05,450 | INFO : loss: 0.027743  [32064/50000]
2023-11-30 13:05:23,715 | INFO : loss: 0.031501  [38464/50000]
2023-11-30 13:05:43,178 | INFO : loss: 0.084941  [44864/50000]
2023-11-30 13:06:23,407 | INFO : Test Error: 
 Accuracy: 78.1%, Avg loss: 1.047495 

2023-11-30 13:06:23,408 | INFO : Epoch 36
-------------------------------
2023-11-30 13:06:23,691 | INFO : loss: 0.022015  [   64/50000]
2023-11-30 13:06:40,612 | INFO : loss: 0.006917  [ 6464/50000]
2023-11-30 13:07:00,069 | INFO : loss: 0.013203  [12864/50000]
2023-11-30 13:07:21,812 | INFO : loss: 0.007538  [19264/50000]
2023-11-30 13:07:39,158 | INFO : loss: 0.013904  [25664/50000]
2023-11-30 13:08:00,228 | INFO : loss: 0.025522  [32064/50000]
2023-11-30 13:08:20,893 | INFO : loss: 0.030563  [38464/50000]
2023-11-30 13:08:41,616 | INFO : loss: 0.026220  [44864/50000]
2023-11-30 13:09:28,814 | INFO : Test Error: 
 Accuracy: 77.8%, Avg loss: 1.076119 

2023-11-30 13:09:28,815 | INFO : Epoch 37
-------------------------------
2023-11-30 13:09:29,098 | INFO : loss: 0.085239  [   64/50000]
2023-11-30 13:09:46,214 | INFO : loss: 0.008434  [ 6464/50000]
2023-11-30 13:10:09,624 | INFO : loss: 0.004408  [12864/50000]
2023-11-30 13:10:30,711 | INFO : loss: 0.116215  [19264/50000]
2023-11-30 13:10:51,658 | INFO : loss: 0.026819  [25664/50000]
2023-11-30 13:11:22,976 | INFO : loss: 0.099938  [32064/50000]
2023-11-30 13:11:50,148 | INFO : loss: 0.082136  [38464/50000]
2023-11-30 13:12:09,199 | INFO : loss: 0.070367  [44864/50000]
2023-11-30 13:13:04,170 | INFO : Test Error: 
 Accuracy: 78.5%, Avg loss: 1.084625 

2023-11-30 13:13:04,171 | INFO : Epoch 38
-------------------------------
2023-11-30 13:13:04,556 | INFO : loss: 0.004116  [   64/50000]
2023-11-30 13:13:40,591 | INFO : loss: 0.024725  [ 6464/50000]
2023-11-30 13:14:58,022 | INFO : loss: 0.011775  [12864/50000]
2023-11-30 13:16:12,994 | INFO : loss: 0.021793  [19264/50000]
2023-11-30 13:16:56,210 | INFO : loss: 0.011630  [25664/50000]
2023-11-30 13:17:16,360 | INFO : loss: 0.062270  [32064/50000]
2023-11-30 13:17:34,253 | INFO : loss: 0.018706  [38464/50000]
2023-11-30 13:17:51,878 | INFO : loss: 0.081584  [44864/50000]
2023-11-30 13:18:38,455 | INFO : Test Error: 
 Accuracy: 78.4%, Avg loss: 0.995677 

2023-11-30 13:18:38,456 | INFO : Epoch 39
-------------------------------
2023-11-30 13:18:38,782 | INFO : loss: 0.027676  [   64/50000]
2023-11-30 13:18:57,610 | INFO : loss: 0.027590  [ 6464/50000]
2023-11-30 13:19:15,779 | INFO : loss: 0.050239  [12864/50000]
2023-11-30 13:19:33,887 | INFO : loss: 0.041156  [19264/50000]
2023-11-30 13:19:50,808 | INFO : loss: 0.009470  [25664/50000]
2023-11-30 13:20:09,343 | INFO : loss: 0.030950  [32064/50000]
2023-11-30 13:20:26,531 | INFO : loss: 0.073395  [38464/50000]
2023-11-30 13:20:43,175 | INFO : loss: 0.005976  [44864/50000]
2023-11-30 13:21:26,016 | INFO : Test Error: 
 Accuracy: 77.3%, Avg loss: 1.098538 

2023-11-30 13:21:26,017 | INFO : Epoch 40
-------------------------------
2023-11-30 13:21:26,469 | INFO : loss: 0.089224  [   64/50000]
2023-11-30 13:21:45,949 | INFO : loss: 0.058117  [ 6464/50000]
2023-11-30 13:22:03,505 | INFO : loss: 0.008322  [12864/50000]
2023-11-30 13:22:22,367 | INFO : loss: 0.059655  [19264/50000]
2023-11-30 13:22:40,122 | INFO : loss: 0.003669  [25664/50000]
2023-11-30 13:22:57,089 | INFO : loss: 0.010914  [32064/50000]
2023-11-30 13:23:14,709 | INFO : loss: 0.023465  [38464/50000]
2023-11-30 13:23:32,526 | INFO : loss: 0.005260  [44864/50000]
2023-11-30 13:24:17,248 | INFO : Test Error: 
 Accuracy: 78.3%, Avg loss: 0.963552 

2023-11-30 13:24:17,249 | INFO : Epoch 41
-------------------------------
2023-11-30 13:24:17,532 | INFO : loss: 0.005844  [   64/50000]
2023-11-30 13:24:36,523 | INFO : loss: 0.103319  [ 6464/50000]
2023-11-30 13:24:53,391 | INFO : loss: 0.024961  [12864/50000]
2023-11-30 13:25:11,340 | INFO : loss: 0.011623  [19264/50000]
2023-11-30 13:25:29,351 | INFO : loss: 0.035320  [25664/50000]
2023-11-30 13:25:49,745 | INFO : loss: 0.022818  [32064/50000]
2023-11-30 13:26:06,575 | INFO : loss: 0.025511  [38464/50000]
2023-11-30 13:26:24,052 | INFO : loss: 0.030234  [44864/50000]
2023-11-30 13:27:11,547 | INFO : Test Error: 
 Accuracy: 78.0%, Avg loss: 1.023828 

2023-11-30 13:27:11,548 | INFO : Epoch 42
-------------------------------
2023-11-30 13:27:11,843 | INFO : loss: 0.030197  [   64/50000]
2023-11-30 13:27:29,382 | INFO : loss: 0.012759  [ 6464/50000]
2023-11-30 13:27:47,822 | INFO : loss: 0.057493  [12864/50000]
2023-11-30 13:28:04,443 | INFO : loss: 0.004184  [19264/50000]
2023-11-30 13:28:22,296 | INFO : loss: 0.071404  [25664/50000]
2023-11-30 13:28:39,934 | INFO : loss: 0.039347  [32064/50000]
2023-11-30 13:28:57,799 | INFO : loss: 0.054557  [38464/50000]
2023-11-30 13:29:16,331 | INFO : loss: 0.038873  [44864/50000]
2023-11-30 13:29:59,870 | INFO : Test Error: 
 Accuracy: 76.4%, Avg loss: 0.897694 

2023-11-30 13:29:59,872 | INFO : Epoch 43
-------------------------------
2023-11-30 13:30:00,115 | INFO : loss: 0.031491  [   64/50000]
2023-11-30 13:30:18,441 | INFO : loss: 0.013506  [ 6464/50000]
2023-11-30 13:30:34,723 | INFO : loss: 0.029349  [12864/50000]
2023-11-30 13:30:53,024 | INFO : loss: 0.058478  [19264/50000]
2023-11-30 13:31:11,255 | INFO : loss: 0.014722  [25664/50000]
2023-11-30 13:31:30,423 | INFO : loss: 0.060981  [32064/50000]
2023-11-30 13:31:48,467 | INFO : loss: 0.003696  [38464/50000]
2023-11-30 13:32:10,691 | INFO : loss: 0.058792  [44864/50000]
2023-11-30 13:32:54,113 | INFO : Test Error: 
 Accuracy: 77.1%, Avg loss: 1.024623 

2023-11-30 13:32:54,114 | INFO : Epoch 44
-------------------------------
2023-11-30 13:32:54,355 | INFO : loss: 0.007071  [   64/50000]
2023-11-30 13:33:12,798 | INFO : loss: 0.080871  [ 6464/50000]
2023-11-30 13:33:29,940 | INFO : loss: 0.034607  [12864/50000]
2023-11-30 13:33:46,597 | INFO : loss: 0.029619  [19264/50000]
2023-11-30 13:34:02,974 | INFO : loss: 0.011137  [25664/50000]
2023-11-30 13:34:21,574 | INFO : loss: 0.016783  [32064/50000]
2023-11-30 13:34:39,885 | INFO : loss: 0.052435  [38464/50000]
2023-11-30 13:34:57,838 | INFO : loss: 0.093818  [44864/50000]
2023-11-30 13:35:39,822 | INFO : Test Error: 
 Accuracy: 77.5%, Avg loss: 0.920839 

2023-11-30 13:35:39,823 | INFO : Epoch 45
-------------------------------
2023-11-30 13:35:40,092 | INFO : loss: 0.077333  [   64/50000]
2023-11-30 13:35:59,114 | INFO : loss: 0.019101  [ 6464/50000]
2023-11-30 13:36:16,945 | INFO : loss: 0.036891  [12864/50000]
2023-11-30 13:36:35,097 | INFO : loss: 0.008456  [19264/50000]
2023-11-30 13:36:51,752 | INFO : loss: 0.053087  [25664/50000]
2023-11-30 13:37:10,758 | INFO : loss: 0.036507  [32064/50000]
2023-11-30 13:37:28,670 | INFO : loss: 0.068869  [38464/50000]
2023-11-30 13:37:47,193 | INFO : loss: 0.027493  [44864/50000]
2023-11-30 13:38:35,860 | INFO : Test Error: 
 Accuracy: 78.1%, Avg loss: 0.942961 

2023-11-30 13:38:35,861 | INFO : Epoch 46
-------------------------------
2023-11-30 13:38:36,108 | INFO : loss: 0.032594  [   64/50000]
2023-11-30 13:38:55,046 | INFO : loss: 0.007714  [ 6464/50000]
2023-11-30 13:39:13,371 | INFO : loss: 0.007923  [12864/50000]
2023-11-30 13:39:30,291 | INFO : loss: 0.003103  [19264/50000]
2023-11-30 13:39:47,742 | INFO : loss: 0.058446  [25664/50000]
2023-11-30 13:40:06,418 | INFO : loss: 0.014503  [32064/50000]
2023-11-30 13:40:23,966 | INFO : loss: 0.008724  [38464/50000]
2023-11-30 13:40:41,559 | INFO : loss: 0.045716  [44864/50000]
2023-11-30 13:41:26,175 | INFO : Test Error: 
 Accuracy: 77.8%, Avg loss: 0.980202 

2023-11-30 13:41:26,176 | INFO : Epoch 47
-------------------------------
2023-11-30 13:41:26,449 | INFO : loss: 0.006888  [   64/50000]
2023-11-30 13:41:42,625 | INFO : loss: 0.025075  [ 6464/50000]
2023-11-30 13:41:59,379 | INFO : loss: 0.017832  [12864/50000]
2023-11-30 13:42:15,952 | INFO : loss: 0.004429  [19264/50000]
2023-11-30 13:42:34,960 | INFO : loss: 0.024158  [25664/50000]
2023-11-30 13:42:52,734 | INFO : loss: 0.009046  [32064/50000]
2023-11-30 13:43:10,608 | INFO : loss: 0.086037  [38464/50000]
2023-11-30 13:43:30,755 | INFO : loss: 0.050358  [44864/50000]
2023-11-30 13:44:12,966 | INFO : Test Error: 
 Accuracy: 77.7%, Avg loss: 1.070878 

2023-11-30 13:44:12,967 | INFO : Epoch 48
-------------------------------
2023-11-30 13:44:13,222 | INFO : loss: 0.005623  [   64/50000]
2023-11-30 13:44:32,313 | INFO : loss: 0.006697  [ 6464/50000]
2023-11-30 13:44:49,325 | INFO : loss: 0.049058  [12864/50000]
2023-11-30 13:45:06,768 | INFO : loss: 0.032083  [19264/50000]
2023-11-30 13:45:25,571 | INFO : loss: 0.025084  [25664/50000]
2023-11-30 13:45:43,151 | INFO : loss: 0.027856  [32064/50000]
2023-11-30 13:46:00,892 | INFO : loss: 0.017946  [38464/50000]
2023-11-30 13:46:20,813 | INFO : loss: 0.026699  [44864/50000]
2023-11-30 13:47:04,783 | INFO : Test Error: 
 Accuracy: 78.0%, Avg loss: 0.914605 

2023-11-30 13:47:04,784 | INFO : Epoch 49
-------------------------------
2023-11-30 13:47:04,973 | INFO : loss: 0.017850  [   64/50000]
2023-11-30 13:47:24,313 | INFO : loss: 0.061118  [ 6464/50000]
2023-11-30 13:47:41,831 | INFO : loss: 0.121586  [12864/50000]
2023-11-30 13:47:58,356 | INFO : loss: 0.033933  [19264/50000]
2023-11-30 13:48:15,732 | INFO : loss: 0.013410  [25664/50000]
2023-11-30 13:48:34,282 | INFO : loss: 0.030414  [32064/50000]
2023-11-30 13:48:56,038 | INFO : loss: 0.009207  [38464/50000]
2023-11-30 13:49:15,347 | INFO : loss: 0.074318  [44864/50000]
2023-11-30 13:50:00,139 | INFO : Test Error: 
 Accuracy: 78.5%, Avg loss: 0.868102 

2023-11-30 13:50:00,140 | INFO : Epoch 50
-------------------------------
2023-11-30 13:50:00,520 | INFO : loss: 0.016788  [   64/50000]
2023-11-30 13:50:18,417 | INFO : loss: 0.033726  [ 6464/50000]
2023-11-30 13:50:36,995 | INFO : loss: 0.018485  [12864/50000]
2023-11-30 13:50:56,083 | INFO : loss: 0.047832  [19264/50000]
2023-11-30 13:51:17,671 | INFO : loss: 0.017396  [25664/50000]
2023-11-30 13:51:33,765 | INFO : loss: 0.058340  [32064/50000]
2023-11-30 13:51:51,025 | INFO : loss: 0.004917  [38464/50000]
2023-11-30 13:52:07,894 | INFO : loss: 0.011075  [44864/50000]
2023-11-30 13:52:51,941 | INFO : Test Error: 
 Accuracy: 78.8%, Avg loss: 0.959236 

2023-11-30 13:52:51,942 | INFO : Epoch 51
-------------------------------
2023-11-30 13:52:52,227 | INFO : loss: 0.055071  [   64/50000]
2023-11-30 13:53:13,857 | INFO : loss: 0.006428  [ 6464/50000]
2023-11-30 13:53:34,184 | INFO : loss: 0.039257  [12864/50000]
2023-11-30 13:53:53,091 | INFO : loss: 0.002245  [19264/50000]
2023-11-30 13:54:09,521 | INFO : loss: 0.033572  [25664/50000]
2023-11-30 13:54:26,066 | INFO : loss: 0.091774  [32064/50000]
2023-11-30 13:54:43,041 | INFO : loss: 0.005902  [38464/50000]
2023-11-30 13:55:01,251 | INFO : loss: 0.080577  [44864/50000]
2023-11-30 13:55:44,851 | INFO : Test Error: 
 Accuracy: 78.9%, Avg loss: 0.932604 

2023-11-30 13:55:44,852 | INFO : Epoch 52
-------------------------------
2023-11-30 13:55:45,115 | INFO : loss: 0.114141  [   64/50000]
2023-11-30 13:56:02,184 | INFO : loss: 0.005007  [ 6464/50000]
2023-11-30 13:56:19,013 | INFO : loss: 0.005590  [12864/50000]
2023-11-30 13:56:34,868 | INFO : loss: 0.029862  [19264/50000]
2023-11-30 13:56:50,601 | INFO : loss: 0.044529  [25664/50000]
2023-11-30 13:57:08,701 | INFO : loss: 0.004711  [32064/50000]
2023-11-30 13:57:24,729 | INFO : loss: 0.020463  [38464/50000]
2023-11-30 13:57:41,476 | INFO : loss: 0.020277  [44864/50000]
2023-11-30 13:58:24,345 | INFO : Test Error: 
 Accuracy: 77.8%, Avg loss: 0.963248 

2023-11-30 13:58:24,346 | INFO : Epoch 53
-------------------------------
2023-11-30 13:58:24,563 | INFO : loss: 0.002166  [   64/50000]
2023-11-30 13:58:46,627 | INFO : loss: 0.031429  [ 6464/50000]
2023-11-30 13:59:05,071 | INFO : loss: 0.007437  [12864/50000]
2023-11-30 13:59:25,649 | INFO : loss: 0.038977  [19264/50000]
2023-11-30 13:59:43,699 | INFO : loss: 0.004679  [25664/50000]
2023-11-30 14:00:05,568 | INFO : loss: 0.137658  [32064/50000]
2023-11-30 14:00:22,677 | INFO : loss: 0.013050  [38464/50000]
2023-11-30 14:00:42,520 | INFO : loss: 0.023360  [44864/50000]
2023-11-30 14:01:26,923 | INFO : Test Error: 
 Accuracy: 77.8%, Avg loss: 1.062134 

2023-11-30 14:01:26,924 | INFO : Epoch 54
-------------------------------
2023-11-30 14:01:27,166 | INFO : loss: 0.026754  [   64/50000]
2023-11-30 14:01:46,297 | INFO : loss: 0.029320  [ 6464/50000]
2023-11-30 14:02:03,637 | INFO : loss: 0.007237  [12864/50000]
2023-11-30 14:02:20,009 | INFO : loss: 0.022291  [19264/50000]
2023-11-30 14:02:37,493 | INFO : loss: 0.014331  [25664/50000]
2023-11-30 14:02:55,005 | INFO : loss: 0.051813  [32064/50000]
2023-11-30 14:03:12,163 | INFO : loss: 0.176765  [38464/50000]
2023-11-30 14:03:29,459 | INFO : loss: 0.031913  [44864/50000]
2023-11-30 14:04:09,070 | INFO : Test Error: 
 Accuracy: 78.9%, Avg loss: 0.984991 

2023-11-30 14:04:09,071 | INFO : Epoch 55
-------------------------------
2023-11-30 14:04:09,391 | INFO : loss: 0.005543  [   64/50000]
2023-11-30 14:04:28,612 | INFO : loss: 0.055991  [ 6464/50000]
2023-11-30 14:04:45,372 | INFO : loss: 0.026319  [12864/50000]
2023-11-30 14:05:02,547 | INFO : loss: 0.115959  [19264/50000]
2023-11-30 14:05:21,894 | INFO : loss: 0.009903  [25664/50000]
2023-11-30 14:05:41,094 | INFO : loss: 0.104458  [32064/50000]
2023-11-30 14:05:59,255 | INFO : loss: 0.045557  [38464/50000]
2023-11-30 14:06:19,082 | INFO : loss: 0.023671  [44864/50000]
2023-11-30 14:07:00,090 | INFO : Test Error: 
 Accuracy: 78.6%, Avg loss: 0.928323 

2023-11-30 14:07:00,092 | INFO : Epoch 56
-------------------------------
2023-11-30 14:07:00,314 | INFO : loss: 0.014503  [   64/50000]
2023-11-30 14:07:17,311 | INFO : loss: 0.085271  [ 6464/50000]
2023-11-30 14:07:35,800 | INFO : loss: 0.011100  [12864/50000]
2023-11-30 14:07:52,839 | INFO : loss: 0.090566  [19264/50000]
2023-11-30 14:08:11,668 | INFO : loss: 0.027951  [25664/50000]
2023-11-30 14:08:30,286 | INFO : loss: 0.001630  [32064/50000]
2023-11-30 14:08:48,546 | INFO : loss: 0.019388  [38464/50000]
2023-11-30 14:09:09,330 | INFO : loss: 0.011156  [44864/50000]
2023-11-30 14:09:54,273 | INFO : Test Error: 
 Accuracy: 78.1%, Avg loss: 1.007337 

2023-11-30 14:09:54,274 | INFO : Epoch 57
-------------------------------
2023-11-30 14:09:54,542 | INFO : loss: 0.091076  [   64/50000]
2023-11-30 14:10:12,814 | INFO : loss: 0.011826  [ 6464/50000]
2023-11-30 14:10:29,178 | INFO : loss: 0.019632  [12864/50000]
2023-11-30 14:10:46,545 | INFO : loss: 0.066368  [19264/50000]
2023-11-30 14:11:05,427 | INFO : loss: 0.061597  [25664/50000]
2023-11-30 14:11:23,195 | INFO : loss: 0.179257  [32064/50000]
2023-11-30 14:11:40,877 | INFO : loss: 0.025544  [38464/50000]
2023-11-30 14:11:58,106 | INFO : loss: 0.040176  [44864/50000]
2023-11-30 14:12:41,241 | INFO : Test Error: 
 Accuracy: 77.7%, Avg loss: 1.010379 

2023-11-30 14:12:41,242 | INFO : Epoch 58
-------------------------------
2023-11-30 14:12:41,491 | INFO : loss: 0.002887  [   64/50000]
2023-11-30 14:12:58,987 | INFO : loss: 0.203580  [ 6464/50000]
2023-11-30 14:13:15,592 | INFO : loss: 0.075446  [12864/50000]
2023-11-30 14:13:32,962 | INFO : loss: 0.138941  [19264/50000]
2023-11-30 14:13:49,456 | INFO : loss: 0.118915  [25664/50000]
2023-11-30 14:14:07,888 | INFO : loss: 0.058741  [32064/50000]
2023-11-30 14:14:24,527 | INFO : loss: 0.038016  [38464/50000]
2023-11-30 14:14:41,076 | INFO : loss: 0.018299  [44864/50000]
2023-11-30 14:15:22,043 | INFO : Test Error: 
 Accuracy: 77.3%, Avg loss: 1.034267 

2023-11-30 14:15:22,043 | INFO : Epoch 59
-------------------------------
2023-11-30 14:15:22,431 | INFO : loss: 0.048719  [   64/50000]
2023-11-30 14:15:38,816 | INFO : loss: 0.003365  [ 6464/50000]
2023-11-30 14:15:56,768 | INFO : loss: 0.107223  [12864/50000]
2023-11-30 14:16:14,743 | INFO : loss: 0.008262  [19264/50000]
2023-11-30 14:16:31,544 | INFO : loss: 0.110865  [25664/50000]
2023-11-30 14:16:47,760 | INFO : loss: 0.028107  [32064/50000]
2023-11-30 14:17:06,063 | INFO : loss: 0.040685  [38464/50000]
2023-11-30 14:17:22,725 | INFO : loss: 0.047968  [44864/50000]
2023-11-30 14:18:05,575 | INFO : Test Error: 
 Accuracy: 78.6%, Avg loss: 0.972837 

2023-11-30 14:18:05,576 | INFO : Epoch 60
-------------------------------
2023-11-30 14:18:05,847 | INFO : loss: 0.003297  [   64/50000]
2023-11-30 14:18:24,179 | INFO : loss: 0.026953  [ 6464/50000]
2023-11-30 14:18:42,536 | INFO : loss: 0.015142  [12864/50000]
2023-11-30 14:19:00,895 | INFO : loss: 0.007261  [19264/50000]
2023-11-30 14:19:17,013 | INFO : loss: 0.018138  [25664/50000]
2023-11-30 14:19:33,909 | INFO : loss: 0.028113  [32064/50000]
2023-11-30 14:19:50,104 | INFO : loss: 0.017359  [38464/50000]
2023-11-30 14:20:07,068 | INFO : loss: 0.027956  [44864/50000]
2023-11-30 14:20:48,456 | INFO : Test Error: 
 Accuracy: 78.2%, Avg loss: 1.005850 

2023-11-30 14:20:48,457 | INFO : Epoch 61
-------------------------------
2023-11-30 14:20:48,658 | INFO : loss: 0.008098  [   64/50000]
2023-11-30 14:21:08,883 | INFO : loss: 0.030738  [ 6464/50000]
2023-11-30 14:21:27,946 | INFO : loss: 0.172356  [12864/50000]
2023-11-30 14:21:45,864 | INFO : loss: 0.033997  [19264/50000]
2023-11-30 14:22:04,238 | INFO : loss: 0.183879  [25664/50000]
2023-11-30 14:22:24,732 | INFO : loss: 0.064973  [32064/50000]
2023-11-30 14:22:42,049 | INFO : loss: 0.027612  [38464/50000]
2023-11-30 14:23:00,049 | INFO : loss: 0.012794  [44864/50000]
2023-11-30 14:23:42,492 | INFO : Test Error: 
 Accuracy: 77.6%, Avg loss: 0.937696 

2023-11-30 14:23:42,493 | INFO : Epoch 62
-------------------------------
2023-11-30 14:23:42,769 | INFO : loss: 0.112670  [   64/50000]
2023-11-30 14:23:59,266 | INFO : loss: 0.008521  [ 6464/50000]
2023-11-30 14:24:17,015 | INFO : loss: 0.211043  [12864/50000]
2023-11-30 14:24:36,323 | INFO : loss: 0.028332  [19264/50000]
2023-11-30 14:24:54,772 | INFO : loss: 0.013371  [25664/50000]
2023-11-30 14:25:13,619 | INFO : loss: 0.005060  [32064/50000]
2023-11-30 14:25:31,349 | INFO : loss: 0.016709  [38464/50000]
2023-11-30 14:25:49,115 | INFO : loss: 0.024057  [44864/50000]
2023-11-30 14:26:31,658 | INFO : Test Error: 
 Accuracy: 78.4%, Avg loss: 0.998647 

2023-11-30 14:26:31,659 | INFO : Epoch 63
-------------------------------
2023-11-30 14:26:31,903 | INFO : loss: 0.010272  [   64/50000]
2023-11-30 14:26:48,803 | INFO : loss: 0.005541  [ 6464/50000]
2023-11-30 14:27:09,355 | INFO : loss: 0.076650  [12864/50000]
2023-11-30 14:27:29,228 | INFO : loss: 0.003031  [19264/50000]
2023-11-30 14:27:47,456 | INFO : loss: 0.004869  [25664/50000]
2023-11-30 14:28:03,827 | INFO : loss: 0.117430  [32064/50000]
2023-11-30 14:28:21,739 | INFO : loss: 0.017815  [38464/50000]
2023-11-30 14:28:40,349 | INFO : loss: 0.049552  [44864/50000]
2023-11-30 14:29:23,122 | INFO : Test Error: 
 Accuracy: 76.3%, Avg loss: 1.137212 

2023-11-30 14:29:23,124 | INFO : Epoch 64
-------------------------------
2023-11-30 14:29:23,342 | INFO : loss: 0.107309  [   64/50000]
2023-11-30 14:29:39,696 | INFO : loss: 0.024641  [ 6464/50000]
2023-11-30 14:29:57,868 | INFO : loss: 0.001424  [12864/50000]
2023-11-30 14:30:15,844 | INFO : loss: 0.008536  [19264/50000]
2023-11-30 14:30:33,494 | INFO : loss: 0.028923  [25664/50000]
2023-11-30 14:30:50,709 | INFO : loss: 0.016223  [32064/50000]
2023-11-30 14:31:07,963 | INFO : loss: 0.029452  [38464/50000]
2023-11-30 14:31:24,417 | INFO : loss: 0.007335  [44864/50000]
2023-11-30 14:32:05,699 | INFO : Test Error: 
 Accuracy: 77.9%, Avg loss: 0.974600 

2023-11-30 14:32:05,700 | INFO : Epoch 65
-------------------------------
2023-11-30 14:32:05,942 | INFO : loss: 0.050235  [   64/50000]
2023-11-30 14:32:22,939 | INFO : loss: 0.025084  [ 6464/50000]
2023-11-30 14:32:40,586 | INFO : loss: 0.018740  [12864/50000]
2023-11-30 14:32:57,843 | INFO : loss: 0.059309  [19264/50000]
2023-11-30 14:33:16,515 | INFO : loss: 0.078965  [25664/50000]
2023-11-30 14:33:34,314 | INFO : loss: 0.100760  [32064/50000]
2023-11-30 14:33:52,824 | INFO : loss: 0.063398  [38464/50000]
2023-11-30 14:34:10,689 | INFO : loss: 0.228280  [44864/50000]
2023-11-30 14:34:54,349 | INFO : Test Error: 
 Accuracy: 77.6%, Avg loss: 0.957856 

2023-11-30 14:34:54,350 | INFO : Epoch 66
-------------------------------
2023-11-30 14:34:55,056 | INFO : loss: 0.007872  [   64/50000]
2023-11-30 14:35:13,503 | INFO : loss: 0.021939  [ 6464/50000]
2023-11-30 14:35:35,898 | INFO : loss: 0.001593  [12864/50000]
2023-11-30 14:35:53,749 | INFO : loss: 0.002894  [19264/50000]
2023-11-30 14:36:14,483 | INFO : loss: 0.120815  [25664/50000]
2023-11-30 14:36:32,620 | INFO : loss: 0.020964  [32064/50000]
2023-11-30 14:36:49,825 | INFO : loss: 0.014029  [38464/50000]
2023-11-30 14:37:07,598 | INFO : loss: 0.010232  [44864/50000]
2023-11-30 14:37:50,547 | INFO : Test Error: 
 Accuracy: 78.2%, Avg loss: 1.057463 

2023-11-30 14:37:50,548 | INFO : Epoch 67
-------------------------------
2023-11-30 14:37:50,780 | INFO : loss: 0.048332  [   64/50000]
2023-11-30 14:38:08,604 | INFO : loss: 0.015606  [ 6464/50000]
2023-11-30 14:38:30,568 | INFO : loss: 0.042358  [12864/50000]
2023-11-30 14:38:49,627 | INFO : loss: 0.050143  [19264/50000]
2023-11-30 14:39:08,524 | INFO : loss: 0.016513  [25664/50000]
2023-11-30 14:39:25,798 | INFO : loss: 0.002424  [32064/50000]
2023-11-30 14:39:44,373 | INFO : loss: 0.058763  [38464/50000]
2023-11-30 14:40:02,787 | INFO : loss: 0.001445  [44864/50000]
2023-11-30 14:40:45,166 | INFO : Test Error: 
 Accuracy: 76.6%, Avg loss: 1.111344 

2023-11-30 14:40:45,167 | INFO : Epoch 68
-------------------------------
2023-11-30 14:40:45,374 | INFO : loss: 0.016580  [   64/50000]
2023-11-30 14:41:02,537 | INFO : loss: 0.039087  [ 6464/50000]
2023-11-30 14:41:18,975 | INFO : loss: 0.012419  [12864/50000]
2023-11-30 14:41:35,870 | INFO : loss: 0.046085  [19264/50000]
2023-11-30 14:41:53,202 | INFO : loss: 0.020259  [25664/50000]
2023-11-30 14:42:12,690 | INFO : loss: 0.031011  [32064/50000]
2023-11-30 14:42:30,856 | INFO : loss: 0.011772  [38464/50000]
2023-11-30 14:42:48,880 | INFO : loss: 0.012286  [44864/50000]
2023-11-30 14:43:30,668 | INFO : Test Error: 
 Accuracy: 77.6%, Avg loss: 0.979554 

2023-11-30 14:43:30,669 | INFO : Epoch 69
-------------------------------
2023-11-30 14:43:30,946 | INFO : loss: 0.005593  [   64/50000]
2023-11-30 14:43:49,552 | INFO : loss: 0.008554  [ 6464/50000]
2023-11-30 14:44:10,720 | INFO : loss: 0.018361  [12864/50000]
2023-11-30 14:44:26,971 | INFO : loss: 0.055364  [19264/50000]
2023-11-30 14:44:44,641 | INFO : loss: 0.099410  [25664/50000]
2023-11-30 14:45:01,774 | INFO : loss: 0.010904  [32064/50000]
2023-11-30 14:45:19,503 | INFO : loss: 0.066773  [38464/50000]
2023-11-30 14:45:37,057 | INFO : loss: 0.007855  [44864/50000]
2023-11-30 14:46:23,977 | INFO : Test Error: 
 Accuracy: 78.1%, Avg loss: 1.115352 

2023-11-30 14:46:23,978 | INFO : Epoch 70
-------------------------------
2023-11-30 14:46:24,241 | INFO : loss: 0.041213  [   64/50000]
2023-11-30 14:46:40,621 | INFO : loss: 0.014283  [ 6464/50000]
2023-11-30 14:46:58,479 | INFO : loss: 0.082949  [12864/50000]
2023-11-30 14:47:16,353 | INFO : loss: 0.027217  [19264/50000]
2023-11-30 14:47:33,415 | INFO : loss: 0.016433  [25664/50000]
2023-11-30 14:47:50,532 | INFO : loss: 0.047355  [32064/50000]
2023-11-30 14:48:08,971 | INFO : loss: 0.029815  [38464/50000]
2023-11-30 14:48:25,527 | INFO : loss: 0.041165  [44864/50000]
2023-11-30 14:49:08,566 | INFO : Test Error: 
 Accuracy: 75.8%, Avg loss: 1.197907 

2023-11-30 14:49:08,568 | INFO : Epoch 71
-------------------------------
2023-11-30 14:49:08,794 | INFO : loss: 0.023052  [   64/50000]
2023-11-30 14:49:26,449 | INFO : loss: 0.023014  [ 6464/50000]
2023-11-30 14:49:46,303 | INFO : loss: 0.046679  [12864/50000]
2023-11-30 14:50:02,728 | INFO : loss: 0.002965  [19264/50000]
2023-11-30 14:50:21,050 | INFO : loss: 0.011245  [25664/50000]
2023-11-30 14:50:38,350 | INFO : loss: 0.007318  [32064/50000]
2023-11-30 14:50:54,642 | INFO : loss: 0.007505  [38464/50000]
2023-11-30 14:51:10,925 | INFO : loss: 0.110102  [44864/50000]
2023-11-30 14:51:52,382 | INFO : Test Error: 
 Accuracy: 77.7%, Avg loss: 0.960772 

2023-11-30 14:51:52,383 | INFO : Epoch 72
-------------------------------
2023-11-30 14:51:52,602 | INFO : loss: 0.048685  [   64/50000]
2023-11-30 14:52:10,037 | INFO : loss: 0.008203  [ 6464/50000]
2023-11-30 14:52:27,689 | INFO : loss: 0.009698  [12864/50000]
2023-11-30 14:52:45,727 | INFO : loss: 0.029266  [19264/50000]
2023-11-30 14:53:02,858 | INFO : loss: 0.141048  [25664/50000]
2023-11-30 14:53:23,909 | INFO : loss: 0.006104  [32064/50000]
2023-11-30 14:53:41,304 | INFO : loss: 0.009248  [38464/50000]
2023-11-30 14:53:57,709 | INFO : loss: 0.169772  [44864/50000]
2023-11-30 14:54:38,179 | INFO : Test Error: 
 Accuracy: 77.0%, Avg loss: 1.013969 

2023-11-30 14:54:38,186 | INFO : Epoch 73
-------------------------------
2023-11-30 14:54:38,455 | INFO : loss: 0.004957  [   64/50000]
2023-11-30 14:54:56,554 | INFO : loss: 0.006359  [ 6464/50000]
2023-11-30 14:55:16,946 | INFO : loss: 0.034818  [12864/50000]
2023-11-30 14:55:34,596 | INFO : loss: 0.008807  [19264/50000]
2023-11-30 14:55:51,890 | INFO : loss: 0.177773  [25664/50000]
2023-11-30 14:56:10,259 | INFO : loss: 0.003968  [32064/50000]
2023-11-30 14:56:27,288 | INFO : loss: 0.004986  [38464/50000]
2023-11-30 14:56:45,665 | INFO : loss: 0.014040  [44864/50000]
2023-11-30 14:57:26,891 | INFO : Test Error: 
 Accuracy: 78.1%, Avg loss: 0.965717 

2023-11-30 14:57:26,892 | INFO : Epoch 74
-------------------------------
2023-11-30 14:57:27,174 | INFO : loss: 0.003242  [   64/50000]
2023-11-30 14:57:44,683 | INFO : loss: 0.002017  [ 6464/50000]
2023-11-30 14:58:02,678 | INFO : loss: 0.037571  [12864/50000]
2023-11-30 14:58:20,527 | INFO : loss: 0.021783  [19264/50000]
2023-11-30 14:58:37,447 | INFO : loss: 0.080108  [25664/50000]
2023-11-30 14:58:54,878 | INFO : loss: 0.029972  [32064/50000]
2023-11-30 14:59:12,431 | INFO : loss: 0.015845  [38464/50000]
2023-11-30 14:59:32,271 | INFO : loss: 0.052725  [44864/50000]
2023-11-30 15:00:15,389 | INFO : Test Error: 
 Accuracy: 77.0%, Avg loss: 1.103900 

2023-11-30 15:00:15,390 | INFO : Epoch 75
-------------------------------
2023-11-30 15:00:16,043 | INFO : loss: 0.002804  [   64/50000]
2023-11-30 15:00:34,944 | INFO : loss: 0.002966  [ 6464/50000]
2023-11-30 15:00:51,352 | INFO : loss: 0.160246  [12864/50000]
2023-11-30 15:01:09,297 | INFO : loss: 0.011798  [19264/50000]
2023-11-30 15:01:26,675 | INFO : loss: 0.033390  [25664/50000]
2023-11-30 15:01:43,899 | INFO : loss: 0.025345  [32064/50000]
2023-11-30 15:02:01,046 | INFO : loss: 0.023049  [38464/50000]
2023-11-30 15:02:20,198 | INFO : loss: 0.021918  [44864/50000]
2023-11-30 15:03:04,178 | INFO : Test Error: 
 Accuracy: 78.2%, Avg loss: 0.897873 

2023-11-30 15:03:04,179 | INFO : Epoch 76
-------------------------------
2023-11-30 15:03:04,403 | INFO : loss: 0.027542  [   64/50000]
2023-11-30 15:03:20,926 | INFO : loss: 0.001432  [ 6464/50000]
2023-11-30 15:03:38,179 | INFO : loss: 0.011878  [12864/50000]
2023-11-30 15:03:55,385 | INFO : loss: 0.004461  [19264/50000]
2023-11-30 15:04:13,060 | INFO : loss: 0.002360  [25664/50000]
2023-11-30 15:04:29,438 | INFO : loss: 0.029029  [32064/50000]
2023-11-30 15:04:46,537 | INFO : loss: 0.059973  [38464/50000]
2023-11-30 15:05:03,403 | INFO : loss: 0.031995  [44864/50000]
2023-11-30 15:05:44,408 | INFO : Test Error: 
 Accuracy: 78.0%, Avg loss: 0.991377 

2023-11-30 15:05:44,409 | INFO : Epoch 77
-------------------------------
2023-11-30 15:05:44,773 | INFO : loss: 0.001063  [   64/50000]
2023-11-30 15:06:00,571 | INFO : loss: 0.008140  [ 6464/50000]
2023-11-30 15:06:17,011 | INFO : loss: 0.058529  [12864/50000]
2023-11-30 15:06:33,580 | INFO : loss: 0.005366  [19264/50000]
2023-11-30 15:06:52,778 | INFO : loss: 0.046590  [25664/50000]
2023-11-30 15:07:11,201 | INFO : loss: 0.041037  [32064/50000]
2023-11-30 15:07:28,418 | INFO : loss: 0.095287  [38464/50000]
2023-11-30 15:07:46,549 | INFO : loss: 0.037755  [44864/50000]
2023-11-30 15:08:30,111 | INFO : Test Error: 
 Accuracy: 76.4%, Avg loss: 1.021281 

2023-11-30 15:08:30,112 | INFO : Epoch 78
-------------------------------
2023-11-30 15:08:30,708 | INFO : loss: 0.016982  [   64/50000]
2023-11-30 15:08:48,544 | INFO : loss: 0.116237  [ 6464/50000]
2023-11-30 15:09:07,950 | INFO : loss: 0.038567  [12864/50000]
2023-11-30 15:09:27,653 | INFO : loss: 0.053516  [19264/50000]
2023-11-30 15:09:46,309 | INFO : loss: 0.035336  [25664/50000]
2023-11-30 15:10:03,639 | INFO : loss: 0.001365  [32064/50000]
2023-11-30 15:10:21,130 | INFO : loss: 0.008354  [38464/50000]
2023-11-30 15:10:40,531 | INFO : loss: 0.040675  [44864/50000]
2023-11-30 15:11:22,118 | INFO : Test Error: 
 Accuracy: 77.3%, Avg loss: 0.999355 

2023-11-30 15:11:22,119 | INFO : Epoch 79
-------------------------------
2023-11-30 15:11:22,348 | INFO : loss: 0.003413  [   64/50000]
2023-11-30 15:11:41,913 | INFO : loss: 0.021724  [ 6464/50000]
2023-11-30 15:11:59,150 | INFO : loss: 0.032627  [12864/50000]
2023-11-30 15:12:15,174 | INFO : loss: 0.007427  [19264/50000]
2023-11-30 15:12:32,456 | INFO : loss: 0.037822  [25664/50000]
2023-11-30 15:12:51,368 | INFO : loss: 0.038955  [32064/50000]
2023-11-30 15:13:09,627 | INFO : loss: 0.017057  [38464/50000]
2023-11-30 15:13:26,910 | INFO : loss: 0.033561  [44864/50000]
2023-11-30 15:14:09,427 | INFO : Test Error: 
 Accuracy: 77.1%, Avg loss: 0.988720 

2023-11-30 15:14:09,428 | INFO : Epoch 80
-------------------------------
2023-11-30 15:14:09,616 | INFO : loss: 0.060571  [   64/50000]
2023-11-30 15:14:25,873 | INFO : loss: 0.046115  [ 6464/50000]
2023-11-30 15:14:42,490 | INFO : loss: 0.035347  [12864/50000]
2023-11-30 15:14:59,679 | INFO : loss: 0.044658  [19264/50000]
2023-11-30 15:15:16,993 | INFO : loss: 0.103709  [25664/50000]
2023-11-30 15:15:34,049 | INFO : loss: 0.007816  [32064/50000]
2023-11-30 15:15:52,609 | INFO : loss: 0.105334  [38464/50000]
2023-11-30 15:16:09,822 | INFO : loss: 0.053868  [44864/50000]
2023-11-30 15:16:51,091 | INFO : Test Error: 
 Accuracy: 77.6%, Avg loss: 1.002860 

2023-11-30 15:16:51,092 | INFO : Epoch 81
-------------------------------
2023-11-30 15:16:51,314 | INFO : loss: 0.006610  [   64/50000]
2023-11-30 15:17:09,555 | INFO : loss: 0.017017  [ 6464/50000]
2023-11-30 15:17:28,249 | INFO : loss: 0.004582  [12864/50000]
2023-11-30 15:17:46,277 | INFO : loss: 0.025048  [19264/50000]
2023-11-30 15:18:02,814 | INFO : loss: 0.025053  [25664/50000]
2023-11-30 15:18:20,384 | INFO : loss: 0.002014  [32064/50000]
2023-11-30 15:18:38,042 | INFO : loss: 0.015106  [38464/50000]
2023-11-30 15:18:57,187 | INFO : loss: 0.036691  [44864/50000]
2023-11-30 15:19:38,784 | INFO : Test Error: 
 Accuracy: 77.3%, Avg loss: 0.950661 

2023-11-30 15:19:38,785 | INFO : Epoch 82
-------------------------------
2023-11-30 15:19:39,030 | INFO : loss: 0.015270  [   64/50000]
2023-11-30 15:19:57,531 | INFO : loss: 0.046895  [ 6464/50000]
2023-11-30 15:20:14,146 | INFO : loss: 0.012969  [12864/50000]
2023-11-30 15:20:30,042 | INFO : loss: 0.000766  [19264/50000]
2023-11-30 15:20:46,910 | INFO : loss: 0.010968  [25664/50000]
2023-11-30 15:21:04,112 | INFO : loss: 0.091454  [32064/50000]
2023-11-30 15:21:20,636 | INFO : loss: 0.025271  [38464/50000]
2023-11-30 15:21:37,907 | INFO : loss: 0.021208  [44864/50000]
2023-11-30 15:22:19,039 | INFO : Test Error: 
 Accuracy: 78.4%, Avg loss: 0.931993 

2023-11-30 15:22:19,040 | INFO : Epoch 83
-------------------------------
2023-11-30 15:22:19,315 | INFO : loss: 0.047996  [   64/50000]
2023-11-30 15:22:39,519 | INFO : loss: 0.029736  [ 6464/50000]
2023-11-30 15:22:58,426 | INFO : loss: 0.017289  [12864/50000]
2023-11-30 15:23:15,780 | INFO : loss: 0.016022  [19264/50000]
2023-11-30 15:23:33,103 | INFO : loss: 0.079557  [25664/50000]
2023-11-30 15:23:49,853 | INFO : loss: 0.087398  [32064/50000]
2023-11-30 15:24:07,737 | INFO : loss: 0.225719  [38464/50000]
2023-11-30 15:24:25,635 | INFO : loss: 0.105178  [44864/50000]
2023-11-30 15:25:09,491 | INFO : Test Error: 
 Accuracy: 77.4%, Avg loss: 1.056310 

2023-11-30 15:25:09,492 | INFO : Epoch 84
-------------------------------
2023-11-30 15:25:09,737 | INFO : loss: 0.015593  [   64/50000]
2023-11-30 15:25:28,639 | INFO : loss: 0.022441  [ 6464/50000]
2023-11-30 15:25:46,332 | INFO : loss: 0.008878  [12864/50000]
2023-11-30 15:26:03,900 | INFO : loss: 0.070415  [19264/50000]
2023-11-30 15:26:21,342 | INFO : loss: 0.005361  [25664/50000]
2023-11-30 15:26:37,218 | INFO : loss: 0.008903  [32064/50000]
2023-11-30 15:26:54,445 | INFO : loss: 0.030186  [38464/50000]
2023-11-30 15:27:12,253 | INFO : loss: 0.018810  [44864/50000]
2023-11-30 15:27:53,106 | INFO : Test Error: 
 Accuracy: 77.0%, Avg loss: 1.063205 

2023-11-30 15:27:53,106 | INFO : Epoch 85
-------------------------------
2023-11-30 15:27:53,372 | INFO : loss: 0.007362  [   64/50000]
2023-11-30 15:28:10,424 | INFO : loss: 0.011297  [ 6464/50000]
2023-11-30 15:28:27,388 | INFO : loss: 0.005798  [12864/50000]
2023-11-30 15:28:43,832 | INFO : loss: 0.004057  [19264/50000]
2023-11-30 15:29:00,937 | INFO : loss: 0.019620  [25664/50000]
2023-11-30 15:29:17,620 | INFO : loss: 0.041051  [32064/50000]
2023-11-30 15:29:34,856 | INFO : loss: 0.048280  [38464/50000]
2023-11-30 15:29:52,050 | INFO : loss: 0.034263  [44864/50000]
2023-11-30 15:30:34,060 | INFO : Test Error: 
 Accuracy: 78.0%, Avg loss: 1.080566 

2023-11-30 15:30:34,061 | INFO : Epoch 86
-------------------------------
2023-11-30 15:30:34,321 | INFO : loss: 0.004730  [   64/50000]
2023-11-30 15:30:54,026 | INFO : loss: 0.020001  [ 6464/50000]
2023-11-30 15:31:11,225 | INFO : loss: 0.064411  [12864/50000]
2023-11-30 15:31:28,122 | INFO : loss: 0.004313  [19264/50000]
2023-11-30 15:31:46,284 | INFO : loss: 0.013243  [25664/50000]
2023-11-30 15:32:04,493 | INFO : loss: 0.002470  [32064/50000]
2023-11-30 15:32:22,444 | INFO : loss: 0.015918  [38464/50000]
2023-11-30 15:32:38,754 | INFO : loss: 0.014109  [44864/50000]
2023-11-30 15:33:21,971 | INFO : Test Error: 
 Accuracy: 77.5%, Avg loss: 0.969163 

2023-11-30 15:33:21,972 | INFO : Epoch 87
-------------------------------
2023-11-30 15:33:22,246 | INFO : loss: 0.009709  [   64/50000]
2023-11-30 15:33:39,465 | INFO : loss: 0.003507  [ 6464/50000]
2023-11-30 15:33:56,165 | INFO : loss: 0.029114  [12864/50000]
2023-11-30 15:34:12,988 | INFO : loss: 0.011165  [19264/50000]
2023-11-30 15:34:29,106 | INFO : loss: 0.125689  [25664/50000]
2023-11-30 15:34:45,413 | INFO : loss: 0.043904  [32064/50000]
2023-11-30 15:35:02,826 | INFO : loss: 0.148953  [38464/50000]
2023-11-30 15:35:20,418 | INFO : loss: 0.207534  [44864/50000]
2023-11-30 15:36:03,369 | INFO : Test Error: 
 Accuracy: 77.6%, Avg loss: 0.966635 

2023-11-30 15:36:03,370 | INFO : Epoch 88
-------------------------------
2023-11-30 15:36:03,575 | INFO : loss: 0.003870  [   64/50000]
2023-11-30 15:36:20,674 | INFO : loss: 0.050859  [ 6464/50000]
2023-11-30 15:36:37,400 | INFO : loss: 0.002477  [12864/50000]
2023-11-30 15:36:55,466 | INFO : loss: 0.132793  [19264/50000]
2023-11-30 15:37:12,596 | INFO : loss: 0.075520  [25664/50000]
2023-11-30 15:37:30,916 | INFO : loss: 0.133314  [32064/50000]
2023-11-30 15:37:48,368 | INFO : loss: 0.006720  [38464/50000]
2023-11-30 15:38:04,467 | INFO : loss: 0.032895  [44864/50000]
2023-11-30 15:38:43,790 | INFO : Test Error: 
 Accuracy: 77.5%, Avg loss: 1.000224 

2023-11-30 15:38:43,791 | INFO : Epoch 89
-------------------------------
2023-11-30 15:38:44,012 | INFO : loss: 0.044460  [   64/50000]
2023-11-30 15:39:01,551 | INFO : loss: 0.002511  [ 6464/50000]
2023-11-30 15:39:18,890 | INFO : loss: 0.012808  [12864/50000]
2023-11-30 15:39:35,810 | INFO : loss: 0.005553  [19264/50000]
2023-11-30 15:39:53,026 | INFO : loss: 0.033133  [25664/50000]
2023-11-30 15:40:10,808 | INFO : loss: 0.021792  [32064/50000]
2023-11-30 15:40:28,601 | INFO : loss: 0.035493  [38464/50000]
2023-11-30 15:40:46,830 | INFO : loss: 0.012356  [44864/50000]
2023-11-30 15:41:26,686 | INFO : Test Error: 
 Accuracy: 77.4%, Avg loss: 1.020806 

2023-11-30 15:41:26,687 | INFO : Epoch 90
-------------------------------
2023-11-30 15:41:26,915 | INFO : loss: 0.001857  [   64/50000]
2023-11-30 15:41:43,685 | INFO : loss: 0.017407  [ 6464/50000]
2023-11-30 15:42:02,319 | INFO : loss: 0.003551  [12864/50000]
2023-11-30 15:42:17,772 | INFO : loss: 0.055751  [19264/50000]
2023-11-30 15:42:34,774 | INFO : loss: 0.021536  [25664/50000]
2023-11-30 15:42:51,694 | INFO : loss: 0.005285  [32064/50000]
2023-11-30 15:43:09,131 | INFO : loss: 0.000925  [38464/50000]
2023-11-30 15:43:25,811 | INFO : loss: 0.030960  [44864/50000]
2023-11-30 15:44:06,458 | INFO : Test Error: 
 Accuracy: 77.4%, Avg loss: 0.959385 

2023-11-30 15:44:06,459 | INFO : Epoch 91
-------------------------------
2023-11-30 15:44:06,653 | INFO : loss: 0.032752  [   64/50000]
2023-11-30 15:44:24,578 | INFO : loss: 0.048751  [ 6464/50000]
2023-11-30 15:44:42,317 | INFO : loss: 0.006716  [12864/50000]
2023-11-30 15:45:00,130 | INFO : loss: 0.010113  [19264/50000]
2023-11-30 15:45:17,027 | INFO : loss: 0.019285  [25664/50000]
2023-11-30 15:45:36,518 | INFO : loss: 0.027903  [32064/50000]
2023-11-30 15:45:54,381 | INFO : loss: 0.075426  [38464/50000]
2023-11-30 15:46:10,377 | INFO : loss: 0.028328  [44864/50000]
2023-11-30 15:46:50,904 | INFO : Test Error: 
 Accuracy: 77.8%, Avg loss: 1.070762 

2023-11-30 15:46:50,905 | INFO : Epoch 92
-------------------------------
2023-11-30 15:46:51,168 | INFO : loss: 0.005042  [   64/50000]
2023-11-30 15:47:08,855 | INFO : loss: 0.009121  [ 6464/50000]
2023-11-30 15:47:28,021 | INFO : loss: 0.038081  [12864/50000]
2023-11-30 15:47:45,767 | INFO : loss: 0.008911  [19264/50000]
2023-11-30 15:48:02,182 | INFO : loss: 0.001760  [25664/50000]
2023-11-30 15:48:20,027 | INFO : loss: 0.005994  [32064/50000]
2023-11-30 15:48:36,960 | INFO : loss: 0.159779  [38464/50000]
2023-11-30 15:48:53,921 | INFO : loss: 0.029920  [44864/50000]
2023-11-30 15:49:33,872 | INFO : Test Error: 
 Accuracy: 78.2%, Avg loss: 1.076477 

2023-11-30 15:49:33,873 | INFO : Epoch 93
-------------------------------
2023-11-30 15:49:34,132 | INFO : loss: 0.019690  [   64/50000]
2023-11-30 15:49:52,899 | INFO : loss: 0.035463  [ 6464/50000]
2023-11-30 15:50:09,767 | INFO : loss: 0.009407  [12864/50000]
2023-11-30 15:50:26,768 | INFO : loss: 0.007405  [19264/50000]
2023-11-30 15:50:43,932 | INFO : loss: 0.083436  [25664/50000]
2023-11-30 15:51:01,006 | INFO : loss: 0.070149  [32064/50000]
2023-11-30 15:51:18,816 | INFO : loss: 0.076342  [38464/50000]
2023-11-30 15:51:36,525 | INFO : loss: 0.019949  [44864/50000]
2023-11-30 15:52:15,441 | INFO : Test Error: 
 Accuracy: 78.3%, Avg loss: 0.908325 

2023-11-30 15:52:15,442 | INFO : Epoch 94
-------------------------------
2023-11-30 15:52:15,653 | INFO : loss: 0.003693  [   64/50000]
2023-11-30 15:52:33,139 | INFO : loss: 0.024691  [ 6464/50000]
2023-11-30 15:52:50,933 | INFO : loss: 0.016280  [12864/50000]
2023-11-30 15:53:09,712 | INFO : loss: 0.004457  [19264/50000]
2023-11-30 15:53:28,653 | INFO : loss: 0.019710  [25664/50000]
2023-11-30 15:53:44,984 | INFO : loss: 0.023336  [32064/50000]
2023-11-30 15:54:03,521 | INFO : loss: 0.011908  [38464/50000]
2023-11-30 15:54:21,350 | INFO : loss: 0.027577  [44864/50000]
2023-11-30 15:55:01,740 | INFO : Test Error: 
 Accuracy: 78.0%, Avg loss: 1.033700 

2023-11-30 15:55:01,741 | INFO : Epoch 95
-------------------------------
2023-11-30 15:55:01,973 | INFO : loss: 0.016484  [   64/50000]
2023-11-30 15:55:21,460 | INFO : loss: 0.014775  [ 6464/50000]
2023-11-30 15:55:38,145 | INFO : loss: 0.067669  [12864/50000]
2023-11-30 15:55:54,998 | INFO : loss: 0.007788  [19264/50000]
2023-11-30 15:56:13,269 | INFO : loss: 0.003834  [25664/50000]
2023-11-30 15:56:31,355 | INFO : loss: 0.002711  [32064/50000]
2023-11-30 15:56:48,111 | INFO : loss: 0.021183  [38464/50000]
2023-11-30 15:57:05,616 | INFO : loss: 0.051503  [44864/50000]
2023-11-30 15:57:45,968 | INFO : Test Error: 
 Accuracy: 77.1%, Avg loss: 0.935300 

2023-11-30 15:57:45,969 | INFO : Epoch 96
-------------------------------
2023-11-30 15:57:46,233 | INFO : loss: 0.015471  [   64/50000]
2023-11-30 15:58:04,153 | INFO : loss: 0.030174  [ 6464/50000]
2023-11-30 15:58:22,646 | INFO : loss: 0.111210  [12864/50000]
2023-11-30 15:58:41,016 | INFO : loss: 0.078110  [19264/50000]
2023-11-30 15:59:00,047 | INFO : loss: 0.038140  [25664/50000]
2023-11-30 15:59:18,111 | INFO : loss: 0.016183  [32064/50000]
2023-11-30 15:59:37,104 | INFO : loss: 0.003843  [38464/50000]
2023-11-30 15:59:56,520 | INFO : loss: 0.009443  [44864/50000]
2023-11-30 16:00:40,788 | INFO : Test Error: 
 Accuracy: 78.1%, Avg loss: 0.946246 

2023-11-30 16:00:40,789 | INFO : Epoch 97
-------------------------------
2023-11-30 16:00:40,997 | INFO : loss: 0.093012  [   64/50000]
2023-11-30 16:00:58,369 | INFO : loss: 0.154755  [ 6464/50000]
2023-11-30 16:01:18,826 | INFO : loss: 0.017726  [12864/50000]
2023-11-30 16:01:37,011 | INFO : loss: 0.085027  [19264/50000]
2023-11-30 16:01:54,089 | INFO : loss: 0.028048  [25664/50000]
2023-11-30 16:02:13,776 | INFO : loss: 0.023908  [32064/50000]
2023-11-30 16:02:30,716 | INFO : loss: 0.040063  [38464/50000]
2023-11-30 16:02:47,604 | INFO : loss: 0.008010  [44864/50000]
2023-11-30 16:03:28,592 | INFO : Test Error: 
 Accuracy: 78.0%, Avg loss: 0.938122 

2023-11-30 16:03:28,593 | INFO : Epoch 98
-------------------------------
2023-11-30 16:03:28,856 | INFO : loss: 0.004256  [   64/50000]
2023-11-30 16:03:46,058 | INFO : loss: 0.106061  [ 6464/50000]
2023-11-30 16:04:03,878 | INFO : loss: 0.021674  [12864/50000]
2023-11-30 16:04:21,535 | INFO : loss: 0.009857  [19264/50000]
2023-11-30 16:04:39,637 | INFO : loss: 0.043414  [25664/50000]
2023-11-30 16:04:57,562 | INFO : loss: 0.023606  [32064/50000]
2023-11-30 16:05:13,867 | INFO : loss: 0.058310  [38464/50000]
2023-11-30 16:05:31,604 | INFO : loss: 0.016687  [44864/50000]
2023-11-30 16:06:14,076 | INFO : Test Error: 
 Accuracy: 78.1%, Avg loss: 0.951138 

2023-11-30 16:06:14,077 | INFO : Epoch 99
-------------------------------
2023-11-30 16:06:14,381 | INFO : loss: 0.008458  [   64/50000]
2023-11-30 16:06:32,546 | INFO : loss: 0.018752  [ 6464/50000]
2023-11-30 16:06:51,379 | INFO : loss: 0.035646  [12864/50000]
2023-11-30 16:07:10,812 | INFO : loss: 0.022775  [19264/50000]
2023-11-30 16:07:31,163 | INFO : loss: 0.012148  [25664/50000]
2023-11-30 16:07:49,850 | INFO : loss: 0.096017  [32064/50000]
2023-11-30 16:08:07,146 | INFO : loss: 0.020892  [38464/50000]
2023-11-30 16:08:25,417 | INFO : loss: 0.003131  [44864/50000]
2023-11-30 16:09:08,878 | INFO : Test Error: 
 Accuracy: 75.5%, Avg loss: 1.054759 

2023-11-30 16:09:08,879 | INFO : Epoch 100
-------------------------------
2023-11-30 16:09:09,369 | INFO : loss: 0.003506  [   64/50000]
2023-11-30 16:09:28,105 | INFO : loss: 0.015100  [ 6464/50000]
2023-11-30 16:09:46,637 | INFO : loss: 0.069116  [12864/50000]
2023-11-30 16:10:05,052 | INFO : loss: 0.087131  [19264/50000]
2023-11-30 16:10:23,168 | INFO : loss: 0.054723  [25664/50000]
2023-11-30 16:10:40,871 | INFO : loss: 0.004706  [32064/50000]
2023-11-30 16:11:01,877 | INFO : loss: 0.001505  [38464/50000]
2023-11-30 16:11:19,874 | INFO : loss: 0.097428  [44864/50000]
2023-11-30 16:12:05,109 | INFO : Test Error: 
 Accuracy: 77.2%, Avg loss: 1.042662 

2023-11-30 16:12:05,110 | INFO : Epoch 101
-------------------------------
2023-11-30 16:12:05,382 | INFO : loss: 0.125367  [   64/50000]
2023-11-30 16:12:24,237 | INFO : loss: 0.002128  [ 6464/50000]
2023-11-30 16:12:42,810 | INFO : loss: 0.007928  [12864/50000]
2023-11-30 16:13:02,985 | INFO : loss: 0.001879  [19264/50000]
2023-11-30 16:13:21,212 | INFO : loss: 0.012558  [25664/50000]
2023-11-30 16:13:40,996 | INFO : loss: 0.003186  [32064/50000]
2023-11-30 16:13:59,050 | INFO : loss: 0.001942  [38464/50000]
2023-11-30 16:14:16,167 | INFO : loss: 0.001133  [44864/50000]
2023-11-30 16:14:59,960 | INFO : Test Error: 
 Accuracy: 79.8%, Avg loss: 0.930901 

2023-11-30 16:14:59,961 | INFO : Epoch 102
-------------------------------
2023-11-30 16:15:00,219 | INFO : loss: 0.000146  [   64/50000]
2023-11-30 16:15:18,294 | INFO : loss: 0.000268  [ 6464/50000]
2023-11-30 16:15:37,474 | INFO : loss: 0.015825  [12864/50000]
2023-11-30 16:15:59,100 | INFO : loss: 0.000799  [19264/50000]
2023-11-30 16:16:20,188 | INFO : loss: 0.000294  [25664/50000]
2023-11-30 16:16:42,485 | INFO : loss: 0.007685  [32064/50000]
2023-11-30 16:17:00,542 | INFO : loss: 0.001928  [38464/50000]
2023-11-30 16:17:17,363 | INFO : loss: 0.007032  [44864/50000]
2023-11-30 16:18:04,644 | INFO : Test Error: 
 Accuracy: 80.3%, Avg loss: 0.956706 

2023-11-30 16:18:04,645 | INFO : Epoch 103
-------------------------------
2023-11-30 16:18:04,868 | INFO : loss: 0.020624  [   64/50000]
2023-11-30 16:18:23,161 | INFO : loss: 0.002480  [ 6464/50000]
2023-11-30 16:18:40,099 | INFO : loss: 0.000955  [12864/50000]
2023-11-30 16:18:56,794 | INFO : loss: 0.002517  [19264/50000]
2023-11-30 16:19:15,814 | INFO : loss: 0.000287  [25664/50000]
2023-11-30 16:19:32,774 | INFO : loss: 0.001179  [32064/50000]
2023-11-30 16:19:50,980 | INFO : loss: 0.000086  [38464/50000]
2023-11-30 16:20:08,926 | INFO : loss: 0.003756  [44864/50000]
2023-11-30 16:20:55,639 | INFO : Test Error: 
 Accuracy: 80.3%, Avg loss: 0.945139 

2023-11-30 16:20:55,640 | INFO : Epoch 104
-------------------------------
2023-11-30 16:20:55,891 | INFO : loss: 0.000223  [   64/50000]
2023-11-30 16:21:13,778 | INFO : loss: 0.000360  [ 6464/50000]
2023-11-30 16:21:30,943 | INFO : loss: 0.000324  [12864/50000]
2023-11-30 16:21:49,935 | INFO : loss: 0.000196  [19264/50000]
2023-11-30 16:22:06,881 | INFO : loss: 0.001180  [25664/50000]
2023-11-30 16:22:25,333 | INFO : loss: 0.009705  [32064/50000]
2023-11-30 16:22:43,373 | INFO : loss: 0.009465  [38464/50000]
2023-11-30 16:23:01,451 | INFO : loss: 0.080886  [44864/50000]
2023-11-30 16:23:45,919 | INFO : Test Error: 
 Accuracy: 80.6%, Avg loss: 0.952275 

2023-11-30 16:23:45,920 | INFO : Epoch 105
-------------------------------
2023-11-30 16:23:46,193 | INFO : loss: 0.001170  [   64/50000]
2023-11-30 16:24:04,087 | INFO : loss: 0.000121  [ 6464/50000]
2023-11-30 16:24:24,368 | INFO : loss: 0.000519  [12864/50000]
2023-11-30 16:24:41,409 | INFO : loss: 0.000097  [19264/50000]
2023-11-30 16:24:58,089 | INFO : loss: 0.000152  [25664/50000]
2023-11-30 16:25:14,997 | INFO : loss: 0.000705  [32064/50000]
2023-11-30 16:25:32,282 | INFO : loss: 0.000158  [38464/50000]
2023-11-30 16:25:49,382 | INFO : loss: 0.000790  [44864/50000]
2023-11-30 16:26:32,902 | INFO : Test Error: 
 Accuracy: 80.5%, Avg loss: 0.952480 

2023-11-30 16:26:32,903 | INFO : Epoch 106
-------------------------------
2023-11-30 16:26:33,180 | INFO : loss: 0.000866  [   64/50000]
2023-11-30 16:26:53,029 | INFO : loss: 0.004452  [ 6464/50000]
2023-11-30 16:27:12,400 | INFO : loss: 0.000440  [12864/50000]
2023-11-30 16:27:30,213 | INFO : loss: 0.000366  [19264/50000]
2023-11-30 16:27:47,396 | INFO : loss: 0.004784  [25664/50000]
2023-11-30 16:28:04,322 | INFO : loss: 0.000554  [32064/50000]
2023-11-30 16:28:21,946 | INFO : loss: 0.000026  [38464/50000]
2023-11-30 16:28:40,380 | INFO : loss: 0.000740  [44864/50000]
2023-11-30 16:29:23,192 | INFO : Test Error: 
 Accuracy: 80.8%, Avg loss: 0.947678 

2023-11-30 16:29:23,193 | INFO : Epoch 107
-------------------------------
2023-11-30 16:29:23,641 | INFO : loss: 0.000458  [   64/50000]
2023-11-30 16:29:40,428 | INFO : loss: 0.000932  [ 6464/50000]
2023-11-30 16:29:58,248 | INFO : loss: 0.000398  [12864/50000]
2023-11-30 16:30:17,336 | INFO : loss: 0.000181  [19264/50000]
2023-11-30 16:30:34,725 | INFO : loss: 0.000324  [25664/50000]
2023-11-30 16:30:52,107 | INFO : loss: 0.000058  [32064/50000]
2023-11-30 16:31:08,611 | INFO : loss: 0.003598  [38464/50000]
2023-11-30 16:31:24,914 | INFO : loss: 0.000315  [44864/50000]
2023-11-30 16:32:05,289 | INFO : Test Error: 
 Accuracy: 80.5%, Avg loss: 0.954786 

2023-11-30 16:32:05,290 | INFO : Epoch 108
-------------------------------
2023-11-30 16:32:05,552 | INFO : loss: 0.000228  [   64/50000]
2023-11-30 16:32:24,765 | INFO : loss: 0.000044  [ 6464/50000]
2023-11-30 16:32:40,834 | INFO : loss: 0.001532  [12864/50000]
2023-11-30 16:32:56,723 | INFO : loss: 0.000242  [19264/50000]
2023-11-30 16:33:12,869 | INFO : loss: 0.000114  [25664/50000]
2023-11-30 16:33:30,784 | INFO : loss: 0.003132  [32064/50000]
2023-11-30 16:33:48,958 | INFO : loss: 0.000967  [38464/50000]
2023-11-30 16:34:05,424 | INFO : loss: 0.000246  [44864/50000]
2023-11-30 16:34:49,652 | INFO : Test Error: 
 Accuracy: 80.5%, Avg loss: 0.934687 

2023-11-30 16:34:49,653 | INFO : Epoch 109
-------------------------------
2023-11-30 16:34:49,915 | INFO : loss: 0.000511  [   64/50000]
2023-11-30 16:35:09,103 | INFO : loss: 0.000410  [ 6464/50000]
2023-11-30 16:35:27,021 | INFO : loss: 0.000397  [12864/50000]
2023-11-30 16:35:44,382 | INFO : loss: 0.000233  [19264/50000]
2023-11-30 16:36:02,752 | INFO : loss: 0.001170  [25664/50000]
2023-11-30 16:36:21,668 | INFO : loss: 0.000466  [32064/50000]
2023-11-30 16:36:40,175 | INFO : loss: 0.002589  [38464/50000]
2023-11-30 16:36:55,871 | INFO : loss: 0.000482  [44864/50000]
2023-11-30 16:37:34,620 | INFO : Test Error: 
 Accuracy: 80.5%, Avg loss: 0.936480 

2023-11-30 16:37:34,621 | INFO : Epoch 110
-------------------------------
2023-11-30 16:37:34,815 | INFO : loss: 0.000182  [   64/50000]
2023-11-30 16:37:52,973 | INFO : loss: 0.001039  [ 6464/50000]
2023-11-30 16:38:10,276 | INFO : loss: 0.000984  [12864/50000]
2023-11-30 16:38:26,843 | INFO : loss: 0.001441  [19264/50000]
2023-11-30 16:38:43,182 | INFO : loss: 0.000128  [25664/50000]
2023-11-30 16:39:01,034 | INFO : loss: 0.000501  [32064/50000]
2023-11-30 16:39:20,782 | INFO : loss: 0.000409  [38464/50000]
2023-11-30 16:39:37,565 | INFO : loss: 0.008712  [44864/50000]
2023-11-30 16:40:23,192 | INFO : Test Error: 
 Accuracy: 81.0%, Avg loss: 0.927428 

2023-11-30 16:40:23,193 | INFO : Epoch 111
-------------------------------
2023-11-30 16:40:23,399 | INFO : loss: 0.000911  [   64/50000]
2023-11-30 16:40:42,629 | INFO : loss: 0.000046  [ 6464/50000]
2023-11-30 16:41:01,754 | INFO : loss: 0.000510  [12864/50000]
2023-11-30 16:41:19,148 | INFO : loss: 0.001094  [19264/50000]
2023-11-30 16:41:39,732 | INFO : loss: 0.000136  [25664/50000]
2023-11-30 16:41:57,834 | INFO : loss: 0.001269  [32064/50000]
2023-11-30 16:42:16,348 | INFO : loss: 0.001331  [38464/50000]
2023-11-30 16:42:33,208 | INFO : loss: 0.000114  [44864/50000]
2023-11-30 16:43:15,431 | INFO : Test Error: 
 Accuracy: 80.6%, Avg loss: 0.928238 

2023-11-30 16:43:15,432 | INFO : Epoch 112
-------------------------------
2023-11-30 16:43:15,700 | INFO : loss: 0.000274  [   64/50000]
2023-11-30 16:43:34,376 | INFO : loss: 0.002480  [ 6464/50000]
2023-11-30 16:43:51,693 | INFO : loss: 0.000300  [12864/50000]
2023-11-30 16:44:09,493 | INFO : loss: 0.000149  [19264/50000]
2023-11-30 16:44:28,268 | INFO : loss: 0.000152  [25664/50000]
2023-11-30 16:44:48,672 | INFO : loss: 0.000221  [32064/50000]
2023-11-30 16:45:06,304 | INFO : loss: 0.000762  [38464/50000]
2023-11-30 16:45:24,904 | INFO : loss: 0.002056  [44864/50000]
2023-11-30 16:46:09,002 | INFO : Test Error: 
 Accuracy: 80.7%, Avg loss: 0.926057 

2023-11-30 16:46:09,003 | INFO : Epoch 113
-------------------------------
2023-11-30 16:46:09,378 | INFO : loss: 0.015403  [   64/50000]
2023-11-30 16:46:27,584 | INFO : loss: 0.000145  [ 6464/50000]
2023-11-30 16:46:44,564 | INFO : loss: 0.000274  [12864/50000]
2023-11-30 16:47:01,836 | INFO : loss: 0.000488  [19264/50000]
2023-11-30 16:47:20,118 | INFO : loss: 0.000046  [25664/50000]
2023-11-30 16:47:38,245 | INFO : loss: 0.000262  [32064/50000]
2023-11-30 16:47:55,638 | INFO : loss: 0.000247  [38464/50000]
2023-11-30 16:48:13,560 | INFO : loss: 0.000145  [44864/50000]
2023-11-30 16:48:55,850 | INFO : Test Error: 
 Accuracy: 80.5%, Avg loss: 0.917386 

2023-11-30 16:48:55,851 | INFO : Epoch 114
-------------------------------
2023-11-30 16:48:56,119 | INFO : loss: 0.000114  [   64/50000]
2023-11-30 16:49:15,106 | INFO : loss: 0.000199  [ 6464/50000]
2023-11-30 16:49:33,451 | INFO : loss: 0.000162  [12864/50000]
2023-11-30 16:49:50,271 | INFO : loss: 0.000140  [19264/50000]
2023-11-30 16:50:07,321 | INFO : loss: 0.000405  [25664/50000]
2023-11-30 16:50:28,649 | INFO : loss: 0.000819  [32064/50000]
2023-11-30 16:50:45,826 | INFO : loss: 0.000271  [38464/50000]
2023-11-30 16:51:04,408 | INFO : loss: 0.000260  [44864/50000]
2023-11-30 16:51:48,158 | INFO : Test Error: 
 Accuracy: 80.7%, Avg loss: 0.912489 

2023-11-30 16:51:48,159 | INFO : Epoch 115
-------------------------------
2023-11-30 16:51:48,384 | INFO : loss: 0.000395  [   64/50000]
2023-11-30 16:52:05,736 | INFO : loss: 0.000224  [ 6464/50000]
2023-11-30 16:52:23,629 | INFO : loss: 0.000290  [12864/50000]
2023-11-30 16:52:40,974 | INFO : loss: 0.000253  [19264/50000]
2023-11-30 16:52:59,128 | INFO : loss: 0.000130  [25664/50000]
2023-11-30 16:53:15,790 | INFO : loss: 0.000726  [32064/50000]
2023-11-30 16:53:32,423 | INFO : loss: 0.000116  [38464/50000]
2023-11-30 16:53:50,700 | INFO : loss: 0.000044  [44864/50000]
2023-11-30 16:54:34,650 | INFO : Test Error: 
 Accuracy: 80.7%, Avg loss: 0.907860 

2023-11-30 16:54:34,652 | INFO : Epoch 116
-------------------------------
2023-11-30 16:54:34,944 | INFO : loss: 0.000145  [   64/50000]
2023-11-30 16:54:53,376 | INFO : loss: 0.000547  [ 6464/50000]
2023-11-30 16:55:10,997 | INFO : loss: 0.000371  [12864/50000]
2023-11-30 16:55:28,195 | INFO : loss: 0.000573  [19264/50000]
2023-11-30 16:55:45,179 | INFO : loss: 0.000671  [25664/50000]
2023-11-30 16:56:00,844 | INFO : loss: 0.000122  [32064/50000]
2023-11-30 16:56:18,262 | INFO : loss: 0.000079  [38464/50000]
2023-11-30 16:56:36,155 | INFO : loss: 0.000083  [44864/50000]
2023-11-30 16:57:18,101 | INFO : Test Error: 
 Accuracy: 80.6%, Avg loss: 0.926271 

2023-11-30 16:57:18,105 | INFO : Epoch 117
-------------------------------
2023-11-30 16:57:18,512 | INFO : loss: 0.000259  [   64/50000]
2023-11-30 16:57:35,892 | INFO : loss: 0.000123  [ 6464/50000]
2023-11-30 16:57:52,958 | INFO : loss: 0.000113  [12864/50000]
2023-11-30 16:58:12,641 | INFO : loss: 0.001955  [19264/50000]
2023-11-30 16:58:32,041 | INFO : loss: 0.000020  [25664/50000]
2023-11-30 16:58:51,018 | INFO : loss: 0.000110  [32064/50000]
2023-11-30 16:59:11,996 | INFO : loss: 0.000666  [38464/50000]
2023-11-30 16:59:32,346 | INFO : loss: 0.024704  [44864/50000]
2023-11-30 17:00:14,652 | INFO : Test Error: 
 Accuracy: 80.8%, Avg loss: 0.913965 

2023-11-30 17:00:14,653 | INFO : Epoch 118
-------------------------------
2023-11-30 17:00:14,877 | INFO : loss: 0.000385  [   64/50000]
2023-11-30 17:00:34,823 | INFO : loss: 0.000160  [ 6464/50000]
2023-11-30 17:00:51,307 | INFO : loss: 0.000101  [12864/50000]
2023-11-30 17:01:09,015 | INFO : loss: 0.000277  [19264/50000]
2023-11-30 17:01:28,460 | INFO : loss: 0.000670  [25664/50000]
2023-11-30 17:01:46,560 | INFO : loss: 0.000125  [32064/50000]
2023-11-30 17:02:06,131 | INFO : loss: 0.000248  [38464/50000]
2023-11-30 17:02:26,234 | INFO : loss: 0.000319  [44864/50000]
2023-11-30 17:03:07,504 | INFO : Test Error: 
 Accuracy: 80.8%, Avg loss: 0.920201 

2023-11-30 17:03:07,505 | INFO : Epoch 119
-------------------------------
2023-11-30 17:03:07,739 | INFO : loss: 0.000111  [   64/50000]
2023-11-30 17:03:26,334 | INFO : loss: 0.000244  [ 6464/50000]
2023-11-30 17:03:44,567 | INFO : loss: 0.000246  [12864/50000]
2023-11-30 17:04:03,833 | INFO : loss: 0.000613  [19264/50000]
2023-11-30 17:04:22,706 | INFO : loss: 0.000150  [25664/50000]
2023-11-30 17:04:39,283 | INFO : loss: 0.001475  [32064/50000]
2023-11-30 17:04:57,138 | INFO : loss: 0.000074  [38464/50000]
2023-11-30 17:05:16,911 | INFO : loss: 0.000058  [44864/50000]
2023-11-30 17:05:58,868 | INFO : Test Error: 
 Accuracy: 81.0%, Avg loss: 0.893990 

2023-11-30 17:05:58,870 | INFO : Epoch 120
-------------------------------
2023-11-30 17:05:59,108 | INFO : loss: 0.000146  [   64/50000]
2023-11-30 17:06:17,982 | INFO : loss: 0.000656  [ 6464/50000]
2023-11-30 17:06:35,797 | INFO : loss: 0.000055  [12864/50000]
2023-11-30 17:06:56,171 | INFO : loss: 0.000115  [19264/50000]
2023-11-30 17:07:16,318 | INFO : loss: 0.000086  [25664/50000]
2023-11-30 17:07:34,934 | INFO : loss: 0.000055  [32064/50000]
2023-11-30 17:07:51,339 | INFO : loss: 0.000186  [38464/50000]
2023-11-30 17:08:08,179 | INFO : loss: 0.000184  [44864/50000]
2023-11-30 17:08:51,803 | INFO : Test Error: 
 Accuracy: 80.7%, Avg loss: 0.915847 

2023-11-30 17:08:51,804 | INFO : Epoch 121
-------------------------------
2023-11-30 17:08:52,017 | INFO : loss: 0.000105  [   64/50000]
2023-11-30 17:09:10,192 | INFO : loss: 0.002141  [ 6464/50000]
2023-11-30 17:09:30,361 | INFO : loss: 0.000194  [12864/50000]
2023-11-30 17:09:47,176 | INFO : loss: 0.000052  [19264/50000]
2023-11-30 17:10:05,158 | INFO : loss: 0.000192  [25664/50000]
2023-11-30 17:10:22,062 | INFO : loss: 0.000059  [32064/50000]
2023-11-30 17:10:41,522 | INFO : loss: 0.000037  [38464/50000]
2023-11-30 17:10:59,797 | INFO : loss: 0.000876  [44864/50000]
2023-11-30 17:11:45,027 | INFO : Test Error: 
 Accuracy: 80.8%, Avg loss: 0.897858 

2023-11-30 17:11:45,027 | INFO : Epoch 122
-------------------------------
2023-11-30 17:11:45,233 | INFO : loss: 0.000130  [   64/50000]
2023-11-30 17:12:04,469 | INFO : loss: 0.000137  [ 6464/50000]
2023-11-30 17:12:22,957 | INFO : loss: 0.000114  [12864/50000]
2023-11-30 17:12:39,903 | INFO : loss: 0.000287  [19264/50000]
2023-11-30 17:12:59,045 | INFO : loss: 0.000158  [25664/50000]
2023-11-30 17:13:16,877 | INFO : loss: 0.003421  [32064/50000]
2023-11-30 17:13:32,980 | INFO : loss: 0.000015  [38464/50000]
2023-11-30 17:13:50,517 | INFO : loss: 0.000622  [44864/50000]
2023-11-30 17:14:31,136 | INFO : Test Error: 
 Accuracy: 80.8%, Avg loss: 0.898967 

2023-11-30 17:14:31,137 | INFO : Epoch 123
-------------------------------
2023-11-30 17:14:31,353 | INFO : loss: 0.000380  [   64/50000]
2023-11-30 17:14:48,663 | INFO : loss: 0.000266  [ 6464/50000]
2023-11-30 17:15:05,703 | INFO : loss: 0.000302  [12864/50000]
2023-11-30 17:15:22,656 | INFO : loss: 0.000199  [19264/50000]
2023-11-30 17:15:40,331 | INFO : loss: 0.000056  [25664/50000]
2023-11-30 17:15:58,282 | INFO : loss: 0.000790  [32064/50000]
2023-11-30 17:16:17,617 | INFO : loss: 0.000356  [38464/50000]
2023-11-30 17:16:35,517 | INFO : loss: 0.000190  [44864/50000]
2023-11-30 17:17:16,944 | INFO : Test Error: 
 Accuracy: 80.2%, Avg loss: 0.898972 

2023-11-30 17:17:16,945 | INFO : Epoch 124
-------------------------------
2023-11-30 17:17:17,158 | INFO : loss: 0.010475  [   64/50000]
2023-11-30 17:17:36,085 | INFO : loss: 0.000391  [ 6464/50000]
2023-11-30 17:17:55,307 | INFO : loss: 0.000075  [12864/50000]
2023-11-30 17:18:12,923 | INFO : loss: 0.000074  [19264/50000]
2023-11-30 17:18:30,991 | INFO : loss: 0.000039  [25664/50000]
2023-11-30 17:18:49,447 | INFO : loss: 0.006716  [32064/50000]
2023-11-30 17:19:06,039 | INFO : loss: 0.000605  [38464/50000]
2023-11-30 17:19:25,850 | INFO : loss: 0.000064  [44864/50000]
2023-11-30 17:20:28,013 | INFO : Test Error: 
 Accuracy: 80.5%, Avg loss: 0.889736 

2023-11-30 17:20:28,015 | INFO : Epoch 125
-------------------------------
2023-11-30 17:20:28,452 | INFO : loss: 0.002015  [   64/50000]
2023-11-30 17:21:14,079 | INFO : loss: 0.000209  [ 6464/50000]
2023-11-30 17:21:56,388 | INFO : loss: 0.000130  [12864/50000]
2023-11-30 17:22:39,097 | INFO : loss: 0.000392  [19264/50000]
2023-11-30 17:23:20,520 | INFO : loss: 0.000218  [25664/50000]
2023-11-30 17:24:05,701 | INFO : loss: 0.001090  [32064/50000]
2023-11-30 17:24:26,542 | INFO : loss: 0.001790  [38464/50000]
2023-11-30 17:24:44,125 | INFO : loss: 0.000061  [44864/50000]
2023-11-30 17:25:27,047 | INFO : Test Error: 
 Accuracy: 80.6%, Avg loss: 0.896541 

2023-11-30 17:25:27,048 | INFO : Epoch 126
-------------------------------
2023-11-30 17:25:27,297 | INFO : loss: 0.000241  [   64/50000]
2023-11-30 17:25:44,130 | INFO : loss: 0.000827  [ 6464/50000]
2023-11-30 17:26:01,977 | INFO : loss: 0.001619  [12864/50000]
2023-11-30 17:26:18,948 | INFO : loss: 0.001020  [19264/50000]
2023-11-30 17:26:34,953 | INFO : loss: 0.000075  [25664/50000]
2023-11-30 17:26:54,865 | INFO : loss: 0.000160  [32064/50000]
2023-11-30 17:27:12,080 | INFO : loss: 0.000082  [38464/50000]
2023-11-30 17:27:32,193 | INFO : loss: 0.000220  [44864/50000]
2023-11-30 17:28:14,632 | INFO : Test Error: 
 Accuracy: 80.9%, Avg loss: 0.871257 

2023-11-30 17:28:14,633 | INFO : Epoch 127
-------------------------------
2023-11-30 17:28:14,924 | INFO : loss: 0.000813  [   64/50000]
2023-11-30 17:28:33,495 | INFO : loss: 0.000058  [ 6464/50000]
2023-11-30 17:28:53,220 | INFO : loss: 0.000306  [12864/50000]
2023-11-30 17:29:13,809 | INFO : loss: 0.000197  [19264/50000]
2023-11-30 17:29:33,359 | INFO : loss: 0.000111  [25664/50000]
2023-11-30 17:29:51,566 | INFO : loss: 0.000661  [32064/50000]
2023-11-30 17:30:13,072 | INFO : loss: 0.001385  [38464/50000]
2023-11-30 17:30:34,251 | INFO : loss: 0.001015  [44864/50000]
2023-11-30 17:31:17,611 | INFO : Test Error: 
 Accuracy: 80.3%, Avg loss: 0.905415 

2023-11-30 17:31:17,612 | INFO : Epoch 128
-------------------------------
2023-11-30 17:31:17,862 | INFO : loss: 0.000437  [   64/50000]
2023-11-30 17:31:37,335 | INFO : loss: 0.000215  [ 6464/50000]
2023-11-30 17:31:56,615 | INFO : loss: 0.000085  [12864/50000]
2023-11-30 17:32:17,535 | INFO : loss: 0.000043  [19264/50000]
2023-11-30 17:32:35,868 | INFO : loss: 0.000164  [25664/50000]
2023-11-30 17:32:56,496 | INFO : loss: 0.007345  [32064/50000]
2023-11-30 17:33:16,847 | INFO : loss: 0.000162  [38464/50000]
2023-11-30 17:33:37,841 | INFO : loss: 0.000273  [44864/50000]
2023-11-30 17:34:24,346 | INFO : Test Error: 
 Accuracy: 80.9%, Avg loss: 0.886246 

2023-11-30 17:34:24,347 | INFO : Epoch 129
-------------------------------
2023-11-30 17:34:24,543 | INFO : loss: 0.000503  [   64/50000]
2023-11-30 17:34:47,141 | INFO : loss: 0.000158  [ 6464/50000]
2023-11-30 17:35:04,968 | INFO : loss: 0.001431  [12864/50000]
2023-11-30 17:35:22,297 | INFO : loss: 0.000390  [19264/50000]
2023-11-30 17:35:42,408 | INFO : loss: 0.000172  [25664/50000]
2023-11-30 17:36:01,007 | INFO : loss: 0.000228  [32064/50000]
2023-11-30 17:36:19,361 | INFO : loss: 0.000316  [38464/50000]
2023-11-30 17:36:38,072 | INFO : loss: 0.000390  [44864/50000]
2023-11-30 17:37:22,932 | INFO : Test Error: 
 Accuracy: 80.6%, Avg loss: 0.899831 

2023-11-30 17:37:22,934 | INFO : Epoch 130
-------------------------------
2023-11-30 17:37:23,393 | INFO : loss: 0.000259  [   64/50000]
2023-11-30 17:37:46,812 | INFO : loss: 0.000240  [ 6464/50000]
2023-11-30 17:38:05,768 | INFO : loss: 0.000433  [12864/50000]
2023-11-30 17:38:28,088 | INFO : loss: 0.000420  [19264/50000]
2023-11-30 17:38:49,697 | INFO : loss: 0.000219  [25664/50000]
2023-11-30 17:39:11,284 | INFO : loss: 0.000414  [32064/50000]
2023-11-30 17:39:46,507 | INFO : loss: 0.000410  [38464/50000]
2023-11-30 17:40:28,814 | INFO : loss: 0.000548  [44864/50000]
2023-11-30 17:41:56,234 | INFO : Test Error: 
 Accuracy: 80.5%, Avg loss: 0.907454 

2023-11-30 17:41:56,237 | INFO : Epoch 131
-------------------------------
2023-11-30 17:41:56,925 | INFO : loss: 0.000828  [   64/50000]
2023-11-30 17:42:43,701 | INFO : loss: 0.000450  [ 6464/50000]
2023-11-30 17:43:27,350 | INFO : loss: 0.000426  [12864/50000]
2023-11-30 17:44:12,816 | INFO : loss: 0.000322  [19264/50000]
2023-11-30 17:44:59,693 | INFO : loss: 0.000797  [25664/50000]
2023-11-30 17:45:41,835 | INFO : loss: 0.001429  [32064/50000]
2023-11-30 17:46:23,996 | INFO : loss: 0.000159  [38464/50000]
2023-11-30 17:47:06,335 | INFO : loss: 0.001042  [44864/50000]
2023-11-30 17:48:16,593 | INFO : Test Error: 
 Accuracy: 80.7%, Avg loss: 0.886610 

2023-11-30 17:48:16,594 | INFO : Epoch 132
-------------------------------
2023-11-30 17:48:16,792 | INFO : loss: 0.000783  [   64/50000]
2023-11-30 17:48:33,686 | INFO : loss: 0.000088  [ 6464/50000]
2023-11-30 17:48:51,426 | INFO : loss: 0.000649  [12864/50000]
2023-11-30 17:49:12,992 | INFO : loss: 0.000082  [19264/50000]
2023-11-30 17:49:33,724 | INFO : loss: 0.000887  [25664/50000]
2023-11-30 17:49:53,388 | INFO : loss: 0.000276  [32064/50000]
2023-11-30 17:50:11,312 | INFO : loss: 0.001130  [38464/50000]
2023-11-30 17:50:31,227 | INFO : loss: 0.001018  [44864/50000]
2023-11-30 17:51:14,106 | INFO : Test Error: 
 Accuracy: 80.5%, Avg loss: 0.892503 

2023-11-30 17:51:14,107 | INFO : Epoch 133
-------------------------------
2023-11-30 17:51:14,371 | INFO : loss: 0.001053  [   64/50000]
2023-11-30 17:51:33,978 | INFO : loss: 0.001372  [ 6464/50000]
2023-11-30 17:51:52,641 | INFO : loss: 0.000627  [12864/50000]
2023-11-30 17:52:11,569 | INFO : loss: 0.000068  [19264/50000]
2023-11-30 17:52:28,848 | INFO : loss: 0.000270  [25664/50000]
2023-11-30 17:52:47,144 | INFO : loss: 0.000086  [32064/50000]
2023-11-30 17:53:04,898 | INFO : loss: 0.000800  [38464/50000]
2023-11-30 17:53:24,862 | INFO : loss: 0.000270  [44864/50000]
2023-11-30 17:54:24,902 | INFO : Test Error: 
 Accuracy: 80.6%, Avg loss: 0.889252 

2023-11-30 17:54:24,903 | INFO : Epoch 134
-------------------------------
2023-11-30 17:54:25,449 | INFO : loss: 0.000219  [   64/50000]
2023-11-30 17:55:07,726 | INFO : loss: 0.000134  [ 6464/50000]
2023-11-30 17:55:47,330 | INFO : loss: 0.000319  [12864/50000]
2023-11-30 17:56:26,124 | INFO : loss: 0.000624  [19264/50000]
2023-11-30 17:57:06,060 | INFO : loss: 0.000205  [25664/50000]
2023-11-30 17:57:46,727 | INFO : loss: 0.000305  [32064/50000]
2023-11-30 17:58:30,036 | INFO : loss: 0.000204  [38464/50000]
2023-11-30 17:59:14,539 | INFO : loss: 0.001125  [44864/50000]
2023-11-30 18:00:31,608 | INFO : Test Error: 
 Accuracy: 81.0%, Avg loss: 0.874667 

2023-11-30 18:00:31,609 | INFO : Epoch 135
-------------------------------
2023-11-30 18:00:32,206 | INFO : loss: 0.000078  [   64/50000]
2023-11-30 18:01:11,196 | INFO : loss: 0.000772  [ 6464/50000]
2023-11-30 18:01:52,269 | INFO : loss: 0.000166  [12864/50000]
2023-11-30 18:02:31,364 | INFO : loss: 0.000235  [19264/50000]
2023-11-30 18:03:12,752 | INFO : loss: 0.000392  [25664/50000]
2023-11-30 18:03:55,352 | INFO : loss: 0.000305  [32064/50000]
2023-11-30 18:04:37,987 | INFO : loss: 0.000800  [38464/50000]
2023-11-30 18:05:13,062 | INFO : loss: 0.000040  [44864/50000]
2023-11-30 18:06:36,310 | INFO : Test Error: 
 Accuracy: 80.8%, Avg loss: 0.887527 

2023-11-30 18:06:36,311 | INFO : Epoch 136
-------------------------------
2023-11-30 18:06:36,824 | INFO : loss: 0.000566  [   64/50000]
2023-11-30 18:07:17,314 | INFO : loss: 0.000395  [ 6464/50000]
2023-11-30 18:07:56,987 | INFO : loss: 0.000575  [12864/50000]
2023-11-30 18:08:33,822 | INFO : loss: 0.000259  [19264/50000]
2023-11-30 18:09:16,533 | INFO : loss: 0.000394  [25664/50000]
2023-11-30 18:09:54,559 | INFO : loss: 0.000095  [32064/50000]
2023-11-30 18:10:36,065 | INFO : loss: 0.000437  [38464/50000]
2023-11-30 18:11:20,873 | INFO : loss: 0.000193  [44864/50000]
2023-11-30 18:12:44,635 | INFO : Test Error: 
 Accuracy: 80.8%, Avg loss: 0.874468 

2023-11-30 18:12:44,636 | INFO : Epoch 137
-------------------------------
2023-11-30 18:12:44,964 | INFO : loss: 0.000818  [   64/50000]
2023-11-30 18:13:23,558 | INFO : loss: 0.000638  [ 6464/50000]
2023-11-30 18:14:02,723 | INFO : loss: 0.001475  [12864/50000]
2023-11-30 18:14:43,644 | INFO : loss: 0.000465  [19264/50000]
2023-11-30 18:15:28,295 | INFO : loss: 0.000490  [25664/50000]
2023-11-30 18:16:09,739 | INFO : loss: 0.000245  [32064/50000]
2023-11-30 18:16:47,948 | INFO : loss: 0.000176  [38464/50000]
2023-11-30 18:17:25,206 | INFO : loss: 0.000406  [44864/50000]
2023-11-30 18:18:43,765 | INFO : Test Error: 
 Accuracy: 81.0%, Avg loss: 0.882519 

2023-11-30 18:18:43,766 | INFO : Epoch 138
-------------------------------
2023-11-30 18:18:44,545 | INFO : loss: 0.000097  [   64/50000]
2023-11-30 18:19:27,580 | INFO : loss: 0.000071  [ 6464/50000]
2023-11-30 18:20:13,069 | INFO : loss: 0.001026  [12864/50000]
2023-11-30 18:21:00,495 | INFO : loss: 0.000316  [19264/50000]
2023-11-30 18:21:39,197 | INFO : loss: 0.000376  [25664/50000]
2023-11-30 18:22:21,270 | INFO : loss: 0.000324  [32064/50000]
2023-11-30 18:23:01,646 | INFO : loss: 0.000295  [38464/50000]
2023-11-30 18:23:41,735 | INFO : loss: 0.001740  [44864/50000]
2023-11-30 18:25:06,691 | INFO : Test Error: 
 Accuracy: 80.7%, Avg loss: 0.886815 

2023-11-30 18:25:06,698 | INFO : Epoch 139
-------------------------------
2023-11-30 18:25:07,632 | INFO : loss: 0.002889  [   64/50000]
2023-11-30 18:25:45,618 | INFO : loss: 0.000258  [ 6464/50000]
2023-11-30 18:26:24,235 | INFO : loss: 0.000104  [12864/50000]
2023-11-30 18:27:02,097 | INFO : loss: 0.000290  [19264/50000]
2023-11-30 18:27:42,622 | INFO : loss: 0.006248  [25664/50000]
2023-11-30 18:28:25,272 | INFO : loss: 0.000373  [32064/50000]
2023-11-30 18:29:03,889 | INFO : loss: 0.000366  [38464/50000]
2023-11-30 18:29:42,271 | INFO : loss: 0.000426  [44864/50000]
2023-11-30 18:31:06,128 | INFO : Test Error: 
 Accuracy: 80.7%, Avg loss: 0.873808 

2023-11-30 18:31:06,129 | INFO : Epoch 140
-------------------------------
2023-11-30 18:31:06,658 | INFO : loss: 0.000251  [   64/50000]
2023-11-30 18:31:46,448 | INFO : loss: 0.000629  [ 6464/50000]
2023-11-30 18:32:27,837 | INFO : loss: 0.000721  [12864/50000]
2023-11-30 18:33:09,951 | INFO : loss: 0.000129  [19264/50000]
2023-11-30 18:33:56,546 | INFO : loss: 0.000208  [25664/50000]
2023-11-30 18:34:39,030 | INFO : loss: 0.000114  [32064/50000]
2023-11-30 18:35:17,261 | INFO : loss: 0.000565  [38464/50000]
2023-11-30 18:35:55,663 | INFO : loss: 0.000387  [44864/50000]
2023-11-30 18:37:21,690 | INFO : Test Error: 
 Accuracy: 80.7%, Avg loss: 0.878701 

2023-11-30 18:37:21,691 | INFO : Epoch 141
-------------------------------
2023-11-30 18:37:21,906 | INFO : loss: 0.000999  [   64/50000]
2023-11-30 18:38:08,654 | INFO : loss: 0.000477  [ 6464/50000]
2023-11-30 18:38:47,795 | INFO : loss: 0.000483  [12864/50000]
2023-11-30 18:39:29,360 | INFO : loss: 0.000612  [19264/50000]
2023-11-30 18:40:08,467 | INFO : loss: 0.000349  [25664/50000]
2023-11-30 18:40:55,405 | INFO : loss: 0.000279  [32064/50000]
2023-11-30 18:41:33,536 | INFO : loss: 0.000099  [38464/50000]
2023-11-30 18:42:10,278 | INFO : loss: 0.000456  [44864/50000]
2023-11-30 18:43:40,520 | INFO : Test Error: 
 Accuracy: 81.3%, Avg loss: 0.861788 

2023-11-30 18:43:40,522 | INFO : Epoch 142
-------------------------------
2023-11-30 18:43:41,253 | INFO : loss: 0.000237  [   64/50000]
2023-11-30 18:44:18,570 | INFO : loss: 0.003343  [ 6464/50000]
2023-11-30 18:44:55,452 | INFO : loss: 0.018689  [12864/50000]
2023-11-30 18:45:39,362 | INFO : loss: 0.000162  [19264/50000]
2023-11-30 18:46:23,717 | INFO : loss: 0.024790  [25664/50000]
2023-11-30 18:47:08,951 | INFO : loss: 0.000337  [32064/50000]
2023-11-30 18:47:28,414 | INFO : loss: 0.000335  [38464/50000]
2023-11-30 18:47:46,677 | INFO : loss: 0.000242  [44864/50000]
2023-11-30 18:48:28,762 | INFO : Test Error: 
 Accuracy: 80.7%, Avg loss: 0.881570 

2023-11-30 18:48:28,763 | INFO : Epoch 143
-------------------------------
2023-11-30 18:48:28,958 | INFO : loss: 0.000173  [   64/50000]
2023-11-30 18:48:56,650 | INFO : loss: 0.000360  [ 6464/50000]
2023-11-30 18:49:33,902 | INFO : loss: 0.000128  [12864/50000]
2023-11-30 18:50:12,618 | INFO : loss: 0.000594  [19264/50000]
2023-11-30 18:50:51,411 | INFO : loss: 0.000428  [25664/50000]
2023-11-30 18:51:32,044 | INFO : loss: 0.000196  [32064/50000]
2023-11-30 18:52:07,866 | INFO : loss: 0.001241  [38464/50000]
2023-11-30 18:52:51,580 | INFO : loss: 0.000568  [44864/50000]
2023-11-30 18:54:20,414 | INFO : Test Error: 
 Accuracy: 80.8%, Avg loss: 0.874062 

2023-11-30 18:54:20,416 | INFO : Epoch 144
-------------------------------
2023-11-30 18:54:21,007 | INFO : loss: 0.000161  [   64/50000]
2023-11-30 18:55:01,638 | INFO : loss: 0.000430  [ 6464/50000]
2023-11-30 18:55:45,297 | INFO : loss: 0.000221  [12864/50000]
2023-11-30 18:56:03,949 | INFO : loss: 0.000118  [19264/50000]
2023-11-30 18:56:21,223 | INFO : loss: 0.000231  [25664/50000]
2023-11-30 18:56:39,056 | INFO : loss: 0.000307  [32064/50000]
2023-11-30 18:56:54,462 | INFO : loss: 0.000210  [38464/50000]
2023-11-30 18:57:10,252 | INFO : loss: 0.004246  [44864/50000]
2023-11-30 18:57:50,611 | INFO : Test Error: 
 Accuracy: 80.9%, Avg loss: 0.880142 

2023-11-30 18:57:50,612 | INFO : Epoch 145
-------------------------------
2023-11-30 18:57:50,874 | INFO : loss: 0.000042  [   64/50000]
2023-11-30 18:58:08,927 | INFO : loss: 0.000958  [ 6464/50000]
2023-11-30 18:58:29,564 | INFO : loss: 0.027158  [12864/50000]
2023-11-30 18:58:47,526 | INFO : loss: 0.000535  [19264/50000]
2023-11-30 18:59:06,954 | INFO : loss: 0.000174  [25664/50000]
2023-11-30 18:59:26,680 | INFO : loss: 0.000127  [32064/50000]
2023-11-30 18:59:43,807 | INFO : loss: 0.000738  [38464/50000]
2023-11-30 19:00:01,294 | INFO : loss: 0.000442  [44864/50000]
2023-11-30 19:00:40,661 | INFO : Test Error: 
 Accuracy: 81.0%, Avg loss: 0.861392 

2023-11-30 19:00:40,662 | INFO : Epoch 146
-------------------------------
2023-11-30 19:00:40,910 | INFO : loss: 0.000418  [   64/50000]
2023-11-30 19:00:57,381 | INFO : loss: 0.000443  [ 6464/50000]
2023-11-30 19:01:14,479 | INFO : loss: 0.000345  [12864/50000]
2023-11-30 19:01:32,031 | INFO : loss: 0.000403  [19264/50000]
2023-11-30 19:01:48,218 | INFO : loss: 0.002247  [25664/50000]
2023-11-30 19:02:05,008 | INFO : loss: 0.000286  [32064/50000]
2023-11-30 19:02:21,049 | INFO : loss: 0.000226  [38464/50000]
2023-11-30 19:02:37,954 | INFO : loss: 0.000215  [44864/50000]
2023-11-30 19:03:17,737 | INFO : Test Error: 
 Accuracy: 80.7%, Avg loss: 0.882177 

2023-11-30 19:03:17,738 | INFO : Epoch 147
-------------------------------
2023-11-30 19:03:17,982 | INFO : loss: 0.000666  [   64/50000]
2023-11-30 19:03:34,672 | INFO : loss: 0.000390  [ 6464/50000]
2023-11-30 19:03:52,998 | INFO : loss: 0.000781  [12864/50000]
2023-11-30 19:04:09,977 | INFO : loss: 0.000328  [19264/50000]
2023-11-30 19:04:27,242 | INFO : loss: 0.001193  [25664/50000]
2023-11-30 19:04:44,188 | INFO : loss: 0.000127  [32064/50000]
2023-11-30 19:05:00,162 | INFO : loss: 0.000082  [38464/50000]
2023-11-30 19:05:16,107 | INFO : loss: 0.000494  [44864/50000]
2023-11-30 19:05:54,684 | INFO : Test Error: 
 Accuracy: 80.7%, Avg loss: 0.872345 

2023-11-30 19:05:54,685 | INFO : Epoch 148
-------------------------------
2023-11-30 19:05:54,946 | INFO : loss: 0.001405  [   64/50000]
2023-11-30 19:06:12,792 | INFO : loss: 0.000141  [ 6464/50000]
2023-11-30 19:06:30,285 | INFO : loss: 0.001017  [12864/50000]
2023-11-30 19:06:47,810 | INFO : loss: 0.001008  [19264/50000]
2023-11-30 19:07:05,832 | INFO : loss: 0.003132  [25664/50000]
2023-11-30 19:07:22,918 | INFO : loss: 0.000478  [32064/50000]
2023-11-30 19:07:39,862 | INFO : loss: 0.000206  [38464/50000]
2023-11-30 19:07:56,945 | INFO : loss: 0.000599  [44864/50000]
2023-11-30 19:08:36,863 | INFO : Test Error: 
 Accuracy: 80.7%, Avg loss: 0.876895 

2023-11-30 19:08:36,864 | INFO : Epoch 149
-------------------------------
2023-11-30 19:08:37,110 | INFO : loss: 0.000885  [   64/50000]
2023-11-30 19:08:53,674 | INFO : loss: 0.000195  [ 6464/50000]
2023-11-30 19:09:12,217 | INFO : loss: 0.009187  [12864/50000]
2023-11-30 19:09:29,009 | INFO : loss: 0.000179  [19264/50000]
2023-11-30 19:09:45,128 | INFO : loss: 0.001294  [25664/50000]
2023-11-30 19:10:04,032 | INFO : loss: 0.000864  [32064/50000]
2023-11-30 19:10:22,412 | INFO : loss: 0.000176  [38464/50000]
2023-11-30 19:10:39,293 | INFO : loss: 0.000201  [44864/50000]
2023-11-30 19:11:18,234 | INFO : Test Error: 
 Accuracy: 80.6%, Avg loss: 0.871005 

2023-11-30 19:11:18,235 | INFO : Epoch 150
-------------------------------
2023-11-30 19:11:18,457 | INFO : loss: 0.000511  [   64/50000]
2023-11-30 19:11:34,582 | INFO : loss: 0.000460  [ 6464/50000]
2023-11-30 19:11:52,396 | INFO : loss: 0.000591  [12864/50000]
2023-11-30 19:12:08,977 | INFO : loss: 0.000568  [19264/50000]
2023-11-30 19:12:27,304 | INFO : loss: 0.000121  [25664/50000]
2023-11-30 19:12:44,864 | INFO : loss: 0.000323  [32064/50000]
2023-11-30 19:13:01,739 | INFO : loss: 0.000150  [38464/50000]
2023-11-30 19:13:19,665 | INFO : loss: 0.000358  [44864/50000]
2023-11-30 19:14:00,095 | INFO : Test Error: 
 Accuracy: 80.4%, Avg loss: 0.881209 

2023-11-30 19:14:00,096 | INFO : Done!
2023-11-30 19:14:00,096 | INFO : Total training time: 29203.727623939514
