A100 GPU 80gb
@compute-2-3.local (GPU): GPU-8281fbc2-ad66-3ec4-1727-f5c0d85e45ca
Files already downloaded and verified
Files already downloaded and verified
2023-12-14 16:37:34,328 | INFO : ----------- VGG11 TRAINING -----------
2023-12-14 16:37:34,329 | INFO : Epoch 1
-------------------------------
2023-12-14 16:37:36,615 | INFO : loss: 2.299455  [   64/50000]
2023-12-14 16:37:49,988 | INFO : loss: 1.891680  [ 6464/50000]
2023-12-14 16:38:01,733 | INFO : loss: 1.637528  [12864/50000]
2023-12-14 16:38:13,231 | INFO : loss: 1.588194  [19264/50000]
2023-12-14 16:38:25,135 | INFO : loss: 1.503683  [25664/50000]
2023-12-14 16:38:36,511 | INFO : loss: 1.593989  [32064/50000]
2023-12-14 16:38:47,931 | INFO : loss: 1.362006  [38464/50000]
2023-12-14 16:38:59,333 | INFO : loss: 1.497342  [44864/50000]
2023-12-14 16:39:27,255 | INFO : Test Error: 
 Accuracy: 52.7%, Avg loss: 1.334694 

2023-12-14 16:39:27,256 | INFO : Epoch 2
-------------------------------
2023-12-14 16:39:27,415 | INFO : loss: 1.212200  [   64/50000]
2023-12-14 16:39:38,901 | INFO : loss: 1.252510  [ 6464/50000]
2023-12-14 16:39:50,339 | INFO : loss: 1.064936  [12864/50000]
2023-12-14 16:40:01,731 | INFO : loss: 1.308497  [19264/50000]
2023-12-14 16:40:13,132 | INFO : loss: 1.038128  [25664/50000]
2023-12-14 16:40:24,592 | INFO : loss: 1.123099  [32064/50000]
2023-12-14 16:40:36,034 | INFO : loss: 0.945865  [38464/50000]
2023-12-14 16:40:47,437 | INFO : loss: 0.998966  [44864/50000]
2023-12-14 16:41:13,881 | INFO : Test Error: 
 Accuracy: 68.4%, Avg loss: 0.887770 

2023-12-14 16:41:13,883 | INFO : Epoch 3
-------------------------------
2023-12-14 16:41:14,039 | INFO : loss: 0.793637  [   64/50000]
2023-12-14 16:41:25,389 | INFO : loss: 0.791460  [ 6464/50000]
2023-12-14 16:41:36,813 | INFO : loss: 0.715052  [12864/50000]
2023-12-14 16:41:48,242 | INFO : loss: 0.954825  [19264/50000]
2023-12-14 16:41:59,657 | INFO : loss: 0.824560  [25664/50000]
2023-12-14 16:42:11,030 | INFO : loss: 0.913867  [32064/50000]
2023-12-14 16:42:22,444 | INFO : loss: 0.695457  [38464/50000]
2023-12-14 16:42:34,089 | INFO : loss: 0.882258  [44864/50000]
2023-12-14 16:43:01,691 | INFO : Test Error: 
 Accuracy: 72.6%, Avg loss: 0.789142 

2023-12-14 16:43:01,692 | INFO : Epoch 4
-------------------------------
2023-12-14 16:43:01,852 | INFO : loss: 0.614326  [   64/50000]
2023-12-14 16:43:13,236 | INFO : loss: 0.667073  [ 6464/50000]
2023-12-14 16:43:24,669 | INFO : loss: 0.609695  [12864/50000]
2023-12-14 16:43:36,167 | INFO : loss: 0.761620  [19264/50000]
2023-12-14 16:43:47,585 | INFO : loss: 0.616222  [25664/50000]
2023-12-14 16:43:59,047 | INFO : loss: 0.773081  [32064/50000]
2023-12-14 16:44:10,858 | INFO : loss: 0.465350  [38464/50000]
2023-12-14 16:44:22,692 | INFO : loss: 0.550134  [44864/50000]
2023-12-14 16:44:49,287 | INFO : Test Error: 
 Accuracy: 72.7%, Avg loss: 0.857768 

2023-12-14 16:44:49,288 | INFO : Epoch 5
-------------------------------
2023-12-14 16:44:49,442 | INFO : loss: 0.535184  [   64/50000]
2023-12-14 16:45:00,840 | INFO : loss: 0.405616  [ 6464/50000]
2023-12-14 16:45:12,926 | INFO : loss: 0.297724  [12864/50000]
2023-12-14 16:45:28,754 | INFO : loss: 0.663107  [19264/50000]
2023-12-14 16:45:49,936 | INFO : loss: 0.673597  [25664/50000]
2023-12-14 16:46:10,372 | INFO : loss: 0.684182  [32064/50000]
2023-12-14 16:46:29,741 | INFO : loss: 0.317662  [38464/50000]
2023-12-14 16:46:47,763 | INFO : loss: 0.585208  [44864/50000]
2023-12-14 16:47:32,499 | INFO : Test Error: 
 Accuracy: 68.4%, Avg loss: 1.104915 

2023-12-14 16:47:32,500 | INFO : Epoch 6
-------------------------------
2023-12-14 16:47:32,754 | INFO : loss: 0.474739  [   64/50000]
2023-12-14 16:47:51,677 | INFO : loss: 0.479598  [ 6464/50000]
2023-12-14 16:48:10,205 | INFO : loss: 0.258101  [12864/50000]
2023-12-14 16:48:27,338 | INFO : loss: 0.525871  [19264/50000]
2023-12-14 16:48:46,130 | INFO : loss: 0.490538  [25664/50000]
2023-12-14 16:49:04,404 | INFO : loss: 0.500999  [32064/50000]
2023-12-14 16:49:22,616 | INFO : loss: 0.242728  [38464/50000]
2023-12-14 16:49:40,959 | INFO : loss: 0.314217  [44864/50000]
2023-12-14 16:50:24,985 | INFO : Test Error: 
 Accuracy: 74.2%, Avg loss: 0.910205 

2023-12-14 16:50:24,987 | INFO : Epoch 7
-------------------------------
2023-12-14 16:50:25,358 | INFO : loss: 0.365422  [   64/50000]
2023-12-14 16:50:44,267 | INFO : loss: 0.201406  [ 6464/50000]
2023-12-14 16:51:03,808 | INFO : loss: 0.284925  [12864/50000]
2023-12-14 16:51:23,384 | INFO : loss: 0.347772  [19264/50000]
2023-12-14 16:51:41,795 | INFO : loss: 0.324030  [25664/50000]
2023-12-14 16:52:01,408 | INFO : loss: 0.472478  [32064/50000]
2023-12-14 16:52:19,558 | INFO : loss: 0.399772  [38464/50000]
2023-12-14 16:52:38,628 | INFO : loss: 0.398812  [44864/50000]
2023-12-14 16:53:21,968 | INFO : Test Error: 
 Accuracy: 75.7%, Avg loss: 0.896250 

2023-12-14 16:53:21,969 | INFO : Epoch 8
-------------------------------
2023-12-14 16:53:22,215 | INFO : loss: 0.163431  [   64/50000]
2023-12-14 16:53:40,302 | INFO : loss: 0.075087  [ 6464/50000]
2023-12-14 16:53:59,245 | INFO : loss: 0.174654  [12864/50000]
2023-12-14 16:54:18,326 | INFO : loss: 0.187642  [19264/50000]
2023-12-14 16:54:36,001 | INFO : loss: 0.266823  [25664/50000]
2023-12-14 16:54:55,121 | INFO : loss: 0.312232  [32064/50000]
2023-12-14 16:55:12,669 | INFO : loss: 0.144695  [38464/50000]
2023-12-14 16:55:29,241 | INFO : loss: 0.240550  [44864/50000]
2023-12-14 16:56:15,122 | INFO : Test Error: 
 Accuracy: 74.9%, Avg loss: 0.905337 

2023-12-14 16:56:15,123 | INFO : Epoch 9
-------------------------------
2023-12-14 16:56:15,367 | INFO : loss: 0.095677  [   64/50000]
2023-12-14 16:56:36,623 | INFO : loss: 0.461300  [ 6464/50000]
2023-12-14 16:56:55,135 | INFO : loss: 0.121642  [12864/50000]
2023-12-14 16:57:12,957 | INFO : loss: 0.090791  [19264/50000]
2023-12-14 16:57:31,096 | INFO : loss: 0.170934  [25664/50000]
2023-12-14 16:57:48,171 | INFO : loss: 0.139774  [32064/50000]
2023-12-14 16:58:06,171 | INFO : loss: 0.139452  [38464/50000]
2023-12-14 16:58:23,541 | INFO : loss: 0.219783  [44864/50000]
2023-12-14 16:59:05,087 | INFO : Test Error: 
 Accuracy: 75.7%, Avg loss: 0.891919 

2023-12-14 16:59:05,088 | INFO : Epoch 10
-------------------------------
2023-12-14 16:59:05,280 | INFO : loss: 0.113451  [   64/50000]
2023-12-14 16:59:23,697 | INFO : loss: 0.069590  [ 6464/50000]
2023-12-14 16:59:42,276 | INFO : loss: 0.075169  [12864/50000]
2023-12-14 17:00:01,426 | INFO : loss: 0.236338  [19264/50000]
2023-12-14 17:00:20,498 | INFO : loss: 0.122484  [25664/50000]
2023-12-14 17:00:37,786 | INFO : loss: 0.125806  [32064/50000]
2023-12-14 17:00:56,746 | INFO : loss: 0.121117  [38464/50000]
2023-12-14 17:01:16,665 | INFO : loss: 0.064435  [44864/50000]
2023-12-14 17:01:57,821 | INFO : Test Error: 
 Accuracy: 74.5%, Avg loss: 0.965500 

2023-12-14 17:01:57,822 | INFO : Epoch 11
-------------------------------
2023-12-14 17:01:58,075 | INFO : loss: 0.357381  [   64/50000]
2023-12-14 17:02:14,856 | INFO : loss: 0.065854  [ 6464/50000]
2023-12-14 17:02:33,595 | INFO : loss: 0.056145  [12864/50000]
2023-12-14 17:02:50,609 | INFO : loss: 0.069784  [19264/50000]
2023-12-14 17:03:12,757 | INFO : loss: 0.041808  [25664/50000]
2023-12-14 17:03:30,391 | INFO : loss: 0.141186  [32064/50000]
2023-12-14 17:03:47,767 | INFO : loss: 0.106657  [38464/50000]
2023-12-14 17:04:06,227 | INFO : loss: 0.200341  [44864/50000]
2023-12-14 17:04:50,032 | INFO : Test Error: 
 Accuracy: 77.6%, Avg loss: 0.917670 

2023-12-14 17:04:50,033 | INFO : Epoch 12
-------------------------------
2023-12-14 17:04:50,267 | INFO : loss: 0.140359  [   64/50000]
2023-12-14 17:05:07,471 | INFO : loss: 0.152841  [ 6464/50000]
2023-12-14 17:05:24,471 | INFO : loss: 0.111776  [12864/50000]
2023-12-14 17:05:43,393 | INFO : loss: 0.100153  [19264/50000]
2023-12-14 17:06:00,042 | INFO : loss: 0.022788  [25664/50000]
2023-12-14 17:06:16,927 | INFO : loss: 0.042867  [32064/50000]
2023-12-14 17:06:34,240 | INFO : loss: 0.120870  [38464/50000]
2023-12-14 17:06:51,369 | INFO : loss: 0.171526  [44864/50000]
2023-12-14 17:07:34,513 | INFO : Test Error: 
 Accuracy: 77.4%, Avg loss: 0.945908 

2023-12-14 17:07:34,514 | INFO : Epoch 13
-------------------------------
2023-12-14 17:07:34,719 | INFO : loss: 0.065332  [   64/50000]
2023-12-14 17:07:52,335 | INFO : loss: 0.149291  [ 6464/50000]
2023-12-14 17:08:12,105 | INFO : loss: 0.016345  [12864/50000]
2023-12-14 17:08:30,188 | INFO : loss: 0.076853  [19264/50000]
2023-12-14 17:08:48,324 | INFO : loss: 0.112474  [25664/50000]
2023-12-14 17:09:04,755 | INFO : loss: 0.052522  [32064/50000]
2023-12-14 17:09:22,238 | INFO : loss: 0.205794  [38464/50000]
2023-12-14 17:09:40,099 | INFO : loss: 0.047709  [44864/50000]
2023-12-14 17:10:22,310 | INFO : Test Error: 
 Accuracy: 77.2%, Avg loss: 0.967892 

2023-12-14 17:10:22,311 | INFO : Epoch 14
-------------------------------
2023-12-14 17:10:22,537 | INFO : loss: 0.045354  [   64/50000]
2023-12-14 17:10:41,349 | INFO : loss: 0.013145  [ 6464/50000]
2023-12-14 17:10:59,403 | INFO : loss: 0.052212  [12864/50000]
2023-12-14 17:11:17,791 | INFO : loss: 0.061507  [19264/50000]
2023-12-14 17:11:37,033 | INFO : loss: 0.194981  [25664/50000]
2023-12-14 17:11:55,614 | INFO : loss: 0.081743  [32064/50000]
2023-12-14 17:12:12,613 | INFO : loss: 0.009449  [38464/50000]
2023-12-14 17:12:31,351 | INFO : loss: 0.052478  [44864/50000]
2023-12-14 17:13:13,617 | INFO : Test Error: 
 Accuracy: 75.6%, Avg loss: 1.054605 

2023-12-14 17:13:13,619 | INFO : Epoch 15
-------------------------------
2023-12-14 17:13:13,830 | INFO : loss: 0.144738  [   64/50000]
2023-12-14 17:13:31,417 | INFO : loss: 0.018599  [ 6464/50000]
2023-12-14 17:13:48,216 | INFO : loss: 0.008685  [12864/50000]
2023-12-14 17:14:06,149 | INFO : loss: 0.065610  [19264/50000]
2023-12-14 17:14:23,390 | INFO : loss: 0.045155  [25664/50000]
2023-12-14 17:14:41,062 | INFO : loss: 0.063118  [32064/50000]
2023-12-14 17:14:58,555 | INFO : loss: 0.037008  [38464/50000]
2023-12-14 17:15:16,524 | INFO : loss: 0.030153  [44864/50000]
2023-12-14 17:15:55,753 | INFO : Test Error: 
 Accuracy: 75.8%, Avg loss: 1.053742 

2023-12-14 17:15:55,754 | INFO : Epoch 16
-------------------------------
2023-12-14 17:15:55,941 | INFO : loss: 0.059591  [   64/50000]
2023-12-14 17:16:11,519 | INFO : loss: 0.031972  [ 6464/50000]
2023-12-14 17:16:30,516 | INFO : loss: 0.060638  [12864/50000]
2023-12-14 17:16:48,700 | INFO : loss: 0.044718  [19264/50000]
2023-12-14 17:17:05,332 | INFO : loss: 0.097429  [25664/50000]
2023-12-14 17:17:22,472 | INFO : loss: 0.137767  [32064/50000]
2023-12-14 17:17:39,824 | INFO : loss: 0.029042  [38464/50000]
2023-12-14 17:17:58,199 | INFO : loss: 0.043792  [44864/50000]
2023-12-14 17:18:39,580 | INFO : Test Error: 
 Accuracy: 74.7%, Avg loss: 1.112400 

2023-12-14 17:18:39,581 | INFO : Epoch 17
-------------------------------
2023-12-14 17:18:39,875 | INFO : loss: 0.014168  [   64/50000]
2023-12-14 17:18:56,690 | INFO : loss: 0.012554  [ 6464/50000]
2023-12-14 17:19:12,895 | INFO : loss: 0.130664  [12864/50000]
2023-12-14 17:19:28,426 | INFO : loss: 0.022446  [19264/50000]
2023-12-14 17:19:45,071 | INFO : loss: 0.055581  [25664/50000]
2023-12-14 17:20:03,162 | INFO : loss: 0.071039  [32064/50000]
2023-12-14 17:20:21,172 | INFO : loss: 0.079468  [38464/50000]
2023-12-14 17:20:40,871 | INFO : loss: 0.168765  [44864/50000]
2023-12-14 17:21:22,033 | INFO : Test Error: 
 Accuracy: 74.8%, Avg loss: 1.188117 

2023-12-14 17:21:22,035 | INFO : Epoch 18
-------------------------------
2023-12-14 17:21:22,239 | INFO : loss: 0.080120  [   64/50000]
2023-12-14 17:21:40,253 | INFO : loss: 0.039588  [ 6464/50000]
2023-12-14 17:21:57,826 | INFO : loss: 0.016016  [12864/50000]
2023-12-14 17:22:15,212 | INFO : loss: 0.043177  [19264/50000]
2023-12-14 17:22:32,145 | INFO : loss: 0.030519  [25664/50000]
2023-12-14 17:22:47,897 | INFO : loss: 0.030720  [32064/50000]
2023-12-14 17:23:04,615 | INFO : loss: 0.100702  [38464/50000]
2023-12-14 17:23:23,870 | INFO : loss: 0.008741  [44864/50000]
2023-12-14 17:24:03,925 | INFO : Test Error: 
 Accuracy: 75.2%, Avg loss: 1.046502 

2023-12-14 17:24:03,926 | INFO : Epoch 19
-------------------------------
2023-12-14 17:24:04,176 | INFO : loss: 0.031454  [   64/50000]
2023-12-14 17:24:21,177 | INFO : loss: 0.067357  [ 6464/50000]
2023-12-14 17:24:38,376 | INFO : loss: 0.034784  [12864/50000]
2023-12-14 17:24:54,822 | INFO : loss: 0.043264  [19264/50000]
2023-12-14 17:25:12,593 | INFO : loss: 0.015408  [25664/50000]
2023-12-14 17:25:29,667 | INFO : loss: 0.011156  [32064/50000]
2023-12-14 17:25:47,302 | INFO : loss: 0.021260  [38464/50000]
2023-12-14 17:26:03,589 | INFO : loss: 0.033627  [44864/50000]
2023-12-14 17:26:45,951 | INFO : Test Error: 
 Accuracy: 77.0%, Avg loss: 1.100381 

2023-12-14 17:26:45,952 | INFO : Epoch 20
-------------------------------
2023-12-14 17:26:46,234 | INFO : loss: 0.148763  [   64/50000]
2023-12-14 17:27:03,879 | INFO : loss: 0.054166  [ 6464/50000]
2023-12-14 17:27:21,181 | INFO : loss: 0.013157  [12864/50000]
2023-12-14 17:27:37,975 | INFO : loss: 0.011186  [19264/50000]
2023-12-14 17:27:54,361 | INFO : loss: 0.017414  [25664/50000]
2023-12-14 17:28:11,820 | INFO : loss: 0.130801  [32064/50000]
2023-12-14 17:28:28,814 | INFO : loss: 0.014317  [38464/50000]
2023-12-14 17:28:46,108 | INFO : loss: 0.145472  [44864/50000]
2023-12-14 17:29:26,602 | INFO : Test Error: 
 Accuracy: 75.3%, Avg loss: 1.136187 

2023-12-14 17:29:26,604 | INFO : Epoch 21
-------------------------------
2023-12-14 17:29:26,832 | INFO : loss: 0.012506  [   64/50000]
2023-12-14 17:29:43,597 | INFO : loss: 0.010910  [ 6464/50000]
2023-12-14 17:30:00,846 | INFO : loss: 0.012376  [12864/50000]
2023-12-14 17:30:20,399 | INFO : loss: 0.033252  [19264/50000]
2023-12-14 17:30:39,280 | INFO : loss: 0.012171  [25664/50000]
2023-12-14 17:30:57,767 | INFO : loss: 0.009587  [32064/50000]
2023-12-14 17:31:16,374 | INFO : loss: 0.044130  [38464/50000]
2023-12-14 17:31:35,058 | INFO : loss: 0.021525  [44864/50000]
2023-12-14 17:32:17,431 | INFO : Test Error: 
 Accuracy: 77.6%, Avg loss: 1.074879 

2023-12-14 17:32:17,432 | INFO : Epoch 22
-------------------------------
2023-12-14 17:32:17,664 | INFO : loss: 0.002494  [   64/50000]
2023-12-14 17:32:35,530 | INFO : loss: 0.091727  [ 6464/50000]
2023-12-14 17:32:52,709 | INFO : loss: 0.053543  [12864/50000]
2023-12-14 17:33:08,747 | INFO : loss: 0.114066  [19264/50000]
2023-12-14 17:33:25,223 | INFO : loss: 0.016809  [25664/50000]
2023-12-14 17:33:43,291 | INFO : loss: 0.088737  [32064/50000]
2023-12-14 17:34:02,056 | INFO : loss: 0.058716  [38464/50000]
2023-12-14 17:34:20,230 | INFO : loss: 0.031989  [44864/50000]
2023-12-14 17:35:01,191 | INFO : Test Error: 
 Accuracy: 77.5%, Avg loss: 0.985699 

2023-12-14 17:35:01,191 | INFO : Epoch 23
-------------------------------
2023-12-14 17:35:01,459 | INFO : loss: 0.006540  [   64/50000]
2023-12-14 17:35:19,534 | INFO : loss: 0.009821  [ 6464/50000]
2023-12-14 17:35:37,586 | INFO : loss: 0.043980  [12864/50000]
2023-12-14 17:35:55,772 | INFO : loss: 0.048554  [19264/50000]
2023-12-14 17:36:13,729 | INFO : loss: 0.044137  [25664/50000]
2023-12-14 17:36:32,528 | INFO : loss: 0.139314  [32064/50000]
2023-12-14 17:36:50,498 | INFO : loss: 0.062345  [38464/50000]
2023-12-14 17:37:09,340 | INFO : loss: 0.059100  [44864/50000]
2023-12-14 17:37:54,042 | INFO : Test Error: 
 Accuracy: 77.6%, Avg loss: 1.021902 

2023-12-14 17:37:54,043 | INFO : Epoch 24
-------------------------------
2023-12-14 17:37:54,226 | INFO : loss: 0.070413  [   64/50000]
2023-12-14 17:38:14,068 | INFO : loss: 0.007619  [ 6464/50000]
2023-12-14 17:38:32,172 | INFO : loss: 0.012325  [12864/50000]
2023-12-14 17:38:50,182 | INFO : loss: 0.025802  [19264/50000]
2023-12-14 17:39:08,632 | INFO : loss: 0.018583  [25664/50000]
2023-12-14 17:39:25,945 | INFO : loss: 0.095160  [32064/50000]
2023-12-14 17:39:43,915 | INFO : loss: 0.075603  [38464/50000]
2023-12-14 17:40:01,256 | INFO : loss: 0.009837  [44864/50000]
2023-12-14 17:40:41,569 | INFO : Test Error: 
 Accuracy: 77.1%, Avg loss: 1.070469 

2023-12-14 17:40:41,570 | INFO : Epoch 25
-------------------------------
2023-12-14 17:40:41,756 | INFO : loss: 0.011937  [   64/50000]
2023-12-14 17:40:59,318 | INFO : loss: 0.013023  [ 6464/50000]
2023-12-14 17:41:16,572 | INFO : loss: 0.053869  [12864/50000]
2023-12-14 17:41:34,055 | INFO : loss: 0.015881  [19264/50000]
2023-12-14 17:41:51,656 | INFO : loss: 0.057186  [25664/50000]
2023-12-14 17:42:09,866 | INFO : loss: 0.034666  [32064/50000]
2023-12-14 17:42:30,011 | INFO : loss: 0.013488  [38464/50000]
2023-12-14 17:42:47,954 | INFO : loss: 0.014988  [44864/50000]
2023-12-14 17:43:29,217 | INFO : Test Error: 
 Accuracy: 76.3%, Avg loss: 1.118438 

2023-12-14 17:43:29,218 | INFO : Epoch 26
-------------------------------
2023-12-14 17:43:29,477 | INFO : loss: 0.030244  [   64/50000]
2023-12-14 17:43:45,424 | INFO : loss: 0.037935  [ 6464/50000]
2023-12-14 17:44:05,553 | INFO : loss: 0.033224  [12864/50000]
2023-12-14 17:44:25,266 | INFO : loss: 0.017917  [19264/50000]
2023-12-14 17:44:43,787 | INFO : loss: 0.036559  [25664/50000]
2023-12-14 17:45:02,522 | INFO : loss: 0.036259  [32064/50000]
2023-12-14 17:45:20,825 | INFO : loss: 0.032537  [38464/50000]
2023-12-14 17:45:40,347 | INFO : loss: 0.068093  [44864/50000]
2023-12-14 17:46:23,772 | INFO : Test Error: 
 Accuracy: 76.6%, Avg loss: 1.111887 

2023-12-14 17:46:23,773 | INFO : Epoch 27
-------------------------------
2023-12-14 17:46:23,981 | INFO : loss: 0.003886  [   64/50000]
2023-12-14 17:46:42,898 | INFO : loss: 0.055568  [ 6464/50000]
2023-12-14 17:47:01,386 | INFO : loss: 0.009921  [12864/50000]
2023-12-14 17:47:19,066 | INFO : loss: 0.016869  [19264/50000]
2023-12-14 17:47:37,194 | INFO : loss: 0.025162  [25664/50000]
2023-12-14 17:47:55,237 | INFO : loss: 0.023949  [32064/50000]
2023-12-14 17:48:13,134 | INFO : loss: 0.032726  [38464/50000]
2023-12-14 17:48:32,207 | INFO : loss: 0.166303  [44864/50000]
2023-12-14 17:49:15,722 | INFO : Test Error: 
 Accuracy: 77.1%, Avg loss: 0.972358 

2023-12-14 17:49:15,723 | INFO : Epoch 28
-------------------------------
2023-12-14 17:49:15,990 | INFO : loss: 0.078139  [   64/50000]
2023-12-14 17:49:34,000 | INFO : loss: 0.040265  [ 6464/50000]
2023-12-14 17:49:51,657 | INFO : loss: 0.109027  [12864/50000]
2023-12-14 17:50:10,351 | INFO : loss: 0.028435  [19264/50000]
2023-12-14 17:50:27,558 | INFO : loss: 0.013565  [25664/50000]
2023-12-14 17:50:47,933 | INFO : loss: 0.031419  [32064/50000]
2023-12-14 17:51:05,924 | INFO : loss: 0.008426  [38464/50000]
2023-12-14 17:51:24,517 | INFO : loss: 0.010743  [44864/50000]
2023-12-14 17:52:07,880 | INFO : Test Error: 
 Accuracy: 77.2%, Avg loss: 0.966835 

2023-12-14 17:52:07,881 | INFO : Epoch 29
-------------------------------
2023-12-14 17:52:08,262 | INFO : loss: 0.056877  [   64/50000]
2023-12-14 17:52:26,910 | INFO : loss: 0.059637  [ 6464/50000]
2023-12-14 17:52:45,460 | INFO : loss: 0.012390  [12864/50000]
2023-12-14 17:53:02,913 | INFO : loss: 0.012945  [19264/50000]
2023-12-14 17:53:20,649 | INFO : loss: 0.019489  [25664/50000]
2023-12-14 17:53:37,518 | INFO : loss: 0.077791  [32064/50000]
2023-12-14 17:53:54,315 | INFO : loss: 0.008290  [38464/50000]
2023-12-14 17:54:13,592 | INFO : loss: 0.037166  [44864/50000]
2023-12-14 17:54:55,579 | INFO : Test Error: 
 Accuracy: 76.9%, Avg loss: 1.006039 

2023-12-14 17:54:55,580 | INFO : Epoch 30
-------------------------------
2023-12-14 17:54:56,233 | INFO : loss: 0.020407  [   64/50000]
2023-12-14 17:55:14,688 | INFO : loss: 0.109936  [ 6464/50000]
2023-12-14 17:55:32,470 | INFO : loss: 0.002930  [12864/50000]
2023-12-14 17:55:49,418 | INFO : loss: 0.009311  [19264/50000]
2023-12-14 17:56:06,807 | INFO : loss: 0.005978  [25664/50000]
2023-12-14 17:56:23,901 | INFO : loss: 0.029510  [32064/50000]
2023-12-14 17:56:42,191 | INFO : loss: 0.031816  [38464/50000]
2023-12-14 17:57:00,466 | INFO : loss: 0.023286  [44864/50000]
2023-12-14 17:57:45,321 | INFO : Test Error: 
 Accuracy: 78.0%, Avg loss: 1.035518 

2023-12-14 17:57:45,321 | INFO : Epoch 31
-------------------------------
2023-12-14 17:57:45,604 | INFO : loss: 0.108428  [   64/50000]
2023-12-14 17:58:03,188 | INFO : loss: 0.026756  [ 6464/50000]
2023-12-14 17:58:21,196 | INFO : loss: 0.001860  [12864/50000]
2023-12-14 17:58:39,013 | INFO : loss: 0.002181  [19264/50000]
2023-12-14 17:58:57,507 | INFO : loss: 0.008370  [25664/50000]
2023-12-14 17:59:15,486 | INFO : loss: 0.015334  [32064/50000]
2023-12-14 17:59:33,236 | INFO : loss: 0.001593  [38464/50000]
2023-12-14 17:59:51,870 | INFO : loss: 0.000876  [44864/50000]
2023-12-14 18:00:32,664 | INFO : Test Error: 
 Accuracy: 80.0%, Avg loss: 0.997745 

2023-12-14 18:00:32,665 | INFO : Epoch 32
-------------------------------
2023-12-14 18:00:32,952 | INFO : loss: 0.008322  [   64/50000]
2023-12-14 18:00:50,005 | INFO : loss: 0.029648  [ 6464/50000]
2023-12-14 18:01:10,004 | INFO : loss: 0.002846  [12864/50000]
2023-12-14 18:01:28,317 | INFO : loss: 0.008784  [19264/50000]
2023-12-14 18:01:47,319 | INFO : loss: 0.002651  [25664/50000]
2023-12-14 18:02:06,103 | INFO : loss: 0.014565  [32064/50000]
2023-12-14 18:02:26,371 | INFO : loss: 0.005262  [38464/50000]
2023-12-14 18:02:45,552 | INFO : loss: 0.000062  [44864/50000]
2023-12-14 18:03:28,949 | INFO : Test Error: 
 Accuracy: 80.0%, Avg loss: 1.037466 

2023-12-14 18:03:28,950 | INFO : Epoch 33
-------------------------------
2023-12-14 18:03:29,141 | INFO : loss: 0.005200  [   64/50000]
2023-12-14 18:03:48,306 | INFO : loss: 0.002660  [ 6464/50000]
2023-12-14 18:04:06,601 | INFO : loss: 0.003828  [12864/50000]
2023-12-14 18:04:24,483 | INFO : loss: 0.002143  [19264/50000]
2023-12-14 18:04:42,340 | INFO : loss: 0.000439  [25664/50000]
2023-12-14 18:05:00,017 | INFO : loss: 0.000454  [32064/50000]
2023-12-14 18:05:18,060 | INFO : loss: 0.000740  [38464/50000]
2023-12-14 18:05:35,982 | INFO : loss: 0.000222  [44864/50000]
2023-12-14 18:06:20,474 | INFO : Test Error: 
 Accuracy: 79.9%, Avg loss: 1.050662 

2023-12-14 18:06:20,475 | INFO : Epoch 34
-------------------------------
2023-12-14 18:06:20,689 | INFO : loss: 0.031029  [   64/50000]
2023-12-14 18:06:38,356 | INFO : loss: 0.000520  [ 6464/50000]
2023-12-14 18:06:56,145 | INFO : loss: 0.000804  [12864/50000]
2023-12-14 18:07:13,823 | INFO : loss: 0.000637  [19264/50000]
2023-12-14 18:07:32,367 | INFO : loss: 0.001181  [25664/50000]
2023-12-14 18:07:50,212 | INFO : loss: 0.000434  [32064/50000]
2023-12-14 18:08:08,287 | INFO : loss: 0.001446  [38464/50000]
2023-12-14 18:08:26,116 | INFO : loss: 0.000172  [44864/50000]
2023-12-14 18:09:10,401 | INFO : Test Error: 
 Accuracy: 80.4%, Avg loss: 1.050837 

2023-12-14 18:09:10,402 | INFO : Epoch 35
-------------------------------
2023-12-14 18:09:10,597 | INFO : loss: 0.000404  [   64/50000]
2023-12-14 18:09:29,352 | INFO : loss: 0.000858  [ 6464/50000]
2023-12-14 18:09:48,376 | INFO : loss: 0.001304  [12864/50000]
2023-12-14 18:10:08,240 | INFO : loss: 0.002553  [19264/50000]
2023-12-14 18:10:28,579 | INFO : loss: 0.000239  [25664/50000]
2023-12-14 18:10:47,663 | INFO : loss: 0.005165  [32064/50000]
2023-12-14 18:11:04,947 | INFO : loss: 0.001106  [38464/50000]
2023-12-14 18:11:22,643 | INFO : loss: 0.000055  [44864/50000]
2023-12-14 18:12:07,982 | INFO : Test Error: 
 Accuracy: 80.2%, Avg loss: 1.060879 

2023-12-14 18:12:07,983 | INFO : Epoch 36
-------------------------------
2023-12-14 18:12:08,247 | INFO : loss: 0.000136  [   64/50000]
2023-12-14 18:12:27,049 | INFO : loss: 0.004207  [ 6464/50000]
2023-12-14 18:12:47,260 | INFO : loss: 0.000568  [12864/50000]
2023-12-14 18:13:07,346 | INFO : loss: 0.002372  [19264/50000]
2023-12-14 18:13:26,209 | INFO : loss: 0.001129  [25664/50000]
2023-12-14 18:13:44,712 | INFO : loss: 0.001922  [32064/50000]
2023-12-14 18:14:04,935 | INFO : loss: 0.000083  [38464/50000]
2023-12-14 18:14:22,981 | INFO : loss: 0.000019  [44864/50000]
2023-12-14 18:15:05,403 | INFO : Test Error: 
 Accuracy: 80.1%, Avg loss: 1.081588 

2023-12-14 18:15:05,404 | INFO : Epoch 37
-------------------------------
2023-12-14 18:15:05,668 | INFO : loss: 0.000500  [   64/50000]
2023-12-14 18:15:23,760 | INFO : loss: 0.000349  [ 6464/50000]
2023-12-14 18:15:43,247 | INFO : loss: 0.000510  [12864/50000]
2023-12-14 18:16:02,515 | INFO : loss: 0.000118  [19264/50000]
2023-12-14 18:16:22,363 | INFO : loss: 0.000155  [25664/50000]
2023-12-14 18:16:41,448 | INFO : loss: 0.000684  [32064/50000]
2023-12-14 18:17:00,809 | INFO : loss: 0.000098  [38464/50000]
2023-12-14 18:17:19,716 | INFO : loss: 0.000109  [44864/50000]
2023-12-14 18:18:02,939 | INFO : Test Error: 
 Accuracy: 80.6%, Avg loss: 1.092836 

2023-12-14 18:18:02,940 | INFO : Epoch 38
-------------------------------
2023-12-14 18:18:03,169 | INFO : loss: 0.000154  [   64/50000]
2023-12-14 18:18:19,627 | INFO : loss: 0.000504  [ 6464/50000]
2023-12-14 18:18:37,818 | INFO : loss: 0.000246  [12864/50000]
2023-12-14 18:18:56,667 | INFO : loss: 0.000157  [19264/50000]
2023-12-14 18:19:14,815 | INFO : loss: 0.000312  [25664/50000]
2023-12-14 18:19:32,082 | INFO : loss: 0.000317  [32064/50000]
2023-12-14 18:19:49,651 | INFO : loss: 0.001653  [38464/50000]
2023-12-14 18:20:08,317 | INFO : loss: 0.000097  [44864/50000]
2023-12-14 18:20:52,116 | INFO : Test Error: 
 Accuracy: 80.4%, Avg loss: 1.081545 

2023-12-14 18:20:52,117 | INFO : Epoch 39
-------------------------------
2023-12-14 18:20:52,307 | INFO : loss: 0.000051  [   64/50000]
2023-12-14 18:21:10,779 | INFO : loss: 0.000733  [ 6464/50000]
2023-12-14 18:21:27,349 | INFO : loss: 0.001001  [12864/50000]
2023-12-14 18:21:44,035 | INFO : loss: 0.000342  [19264/50000]
2023-12-14 18:22:03,595 | INFO : loss: 0.000410  [25664/50000]
2023-12-14 18:22:21,550 | INFO : loss: 0.000329  [32064/50000]
2023-12-14 18:22:40,883 | INFO : loss: 0.000149  [38464/50000]
2023-12-14 18:23:00,452 | INFO : loss: 0.000077  [44864/50000]
2023-12-14 18:23:47,722 | INFO : Test Error: 
 Accuracy: 80.3%, Avg loss: 1.070545 

2023-12-14 18:23:47,724 | INFO : Epoch 40
-------------------------------
2023-12-14 18:23:48,004 | INFO : loss: 0.000050  [   64/50000]
2023-12-14 18:24:07,760 | INFO : loss: 0.001354  [ 6464/50000]
2023-12-14 18:24:27,251 | INFO : loss: 0.000373  [12864/50000]
2023-12-14 18:24:44,642 | INFO : loss: 0.000901  [19264/50000]
2023-12-14 18:25:01,657 | INFO : loss: 0.000586  [25664/50000]
2023-12-14 18:25:19,771 | INFO : loss: 0.000521  [32064/50000]
2023-12-14 18:25:38,440 | INFO : loss: 0.000171  [38464/50000]
2023-12-14 18:25:55,881 | INFO : loss: 0.000416  [44864/50000]
2023-12-14 18:26:39,137 | INFO : Test Error: 
 Accuracy: 80.4%, Avg loss: 1.071215 

2023-12-14 18:26:39,138 | INFO : Epoch 41
-------------------------------
2023-12-14 18:26:39,409 | INFO : loss: 0.000147  [   64/50000]
2023-12-14 18:26:59,246 | INFO : loss: 0.020832  [ 6464/50000]
2023-12-14 18:27:17,051 | INFO : loss: 0.000475  [12864/50000]
2023-12-14 18:27:35,082 | INFO : loss: 0.000709  [19264/50000]
2023-12-14 18:27:52,524 | INFO : loss: 0.003412  [25664/50000]
2023-12-14 18:28:10,292 | INFO : loss: 0.004459  [32064/50000]
2023-12-14 18:28:28,397 | INFO : loss: 0.000660  [38464/50000]
2023-12-14 18:28:47,917 | INFO : loss: 0.000168  [44864/50000]
2023-12-14 18:29:31,096 | INFO : Test Error: 
 Accuracy: 80.4%, Avg loss: 1.043479 

2023-12-14 18:29:31,098 | INFO : Epoch 42
-------------------------------
2023-12-14 18:29:31,368 | INFO : loss: 0.024064  [   64/50000]
2023-12-14 18:29:51,388 | INFO : loss: 0.000169  [ 6464/50000]
2023-12-14 18:30:08,864 | INFO : loss: 0.000523  [12864/50000]
2023-12-14 18:30:27,401 | INFO : loss: 0.000072  [19264/50000]
2023-12-14 18:30:47,333 | INFO : loss: 0.002939  [25664/50000]
2023-12-14 18:31:06,648 | INFO : loss: 0.001185  [32064/50000]
2023-12-14 18:31:24,503 | INFO : loss: 0.000535  [38464/50000]
2023-12-14 18:31:44,771 | INFO : loss: 0.004118  [44864/50000]
2023-12-14 18:32:30,707 | INFO : Test Error: 
 Accuracy: 80.8%, Avg loss: 1.040326 

2023-12-14 18:32:30,708 | INFO : Epoch 43
-------------------------------
2023-12-14 18:32:30,971 | INFO : loss: 0.000216  [   64/50000]
2023-12-14 18:32:48,927 | INFO : loss: 0.000038  [ 6464/50000]
2023-12-14 18:33:08,509 | INFO : loss: 0.001535  [12864/50000]
2023-12-14 18:33:27,845 | INFO : loss: 0.000467  [19264/50000]
2023-12-14 18:33:47,581 | INFO : loss: 0.000306  [25664/50000]
2023-12-14 18:34:08,009 | INFO : loss: 0.001237  [32064/50000]
2023-12-14 18:34:28,045 | INFO : loss: 0.001654  [38464/50000]
2023-12-14 18:34:44,967 | INFO : loss: 0.000181  [44864/50000]
2023-12-14 18:35:29,610 | INFO : Test Error: 
 Accuracy: 80.6%, Avg loss: 1.046521 

2023-12-14 18:35:29,612 | INFO : Epoch 44
-------------------------------
2023-12-14 18:35:29,921 | INFO : loss: 0.000069  [   64/50000]
2023-12-14 18:35:51,806 | INFO : loss: 0.000108  [ 6464/50000]
2023-12-14 18:36:12,955 | INFO : loss: 0.000231  [12864/50000]
2023-12-14 18:36:32,084 | INFO : loss: 0.000968  [19264/50000]
2023-12-14 18:36:49,727 | INFO : loss: 0.000126  [25664/50000]
2023-12-14 18:37:10,286 | INFO : loss: 0.000232  [32064/50000]
2023-12-14 18:37:29,525 | INFO : loss: 0.000155  [38464/50000]
2023-12-14 18:37:48,392 | INFO : loss: 0.000053  [44864/50000]
2023-12-14 18:38:30,364 | INFO : Test Error: 
 Accuracy: 80.5%, Avg loss: 1.073614 

2023-12-14 18:38:30,365 | INFO : Epoch 45
-------------------------------
2023-12-14 18:38:30,575 | INFO : loss: 0.000145  [   64/50000]
2023-12-14 18:38:50,194 | INFO : loss: 0.001114  [ 6464/50000]
2023-12-14 18:39:09,925 | INFO : loss: 0.001676  [12864/50000]
2023-12-14 18:39:30,781 | INFO : loss: 0.000432  [19264/50000]
2023-12-14 18:39:49,711 | INFO : loss: 0.001009  [25664/50000]
2023-12-14 18:40:09,684 | INFO : loss: 0.000067  [32064/50000]
2023-12-14 18:40:27,313 | INFO : loss: 0.000049  [38464/50000]
2023-12-14 18:40:45,888 | INFO : loss: 0.000380  [44864/50000]
2023-12-14 18:41:29,574 | INFO : Test Error: 
 Accuracy: 80.7%, Avg loss: 1.071157 

2023-12-14 18:41:29,575 | INFO : Epoch 46
-------------------------------
2023-12-14 18:41:29,833 | INFO : loss: 0.000160  [   64/50000]
2023-12-14 18:41:48,315 | INFO : loss: 0.000853  [ 6464/50000]
2023-12-14 18:42:05,262 | INFO : loss: 0.000354  [12864/50000]
2023-12-14 18:42:24,804 | INFO : loss: 0.005023  [19264/50000]
2023-12-14 18:42:44,086 | INFO : loss: 0.001543  [25664/50000]
2023-12-14 18:43:02,899 | INFO : loss: 0.001819  [32064/50000]
2023-12-14 18:43:20,401 | INFO : loss: 0.000680  [38464/50000]
2023-12-14 18:43:40,076 | INFO : loss: 0.000120  [44864/50000]
2023-12-14 18:44:22,582 | INFO : Test Error: 
 Accuracy: 80.6%, Avg loss: 1.038566 

2023-12-14 18:44:22,583 | INFO : Epoch 47
-------------------------------
2023-12-14 18:44:22,778 | INFO : loss: 0.000089  [   64/50000]
2023-12-14 18:44:40,631 | INFO : loss: 0.000121  [ 6464/50000]
2023-12-14 18:44:58,341 | INFO : loss: 0.000230  [12864/50000]
2023-12-14 18:45:16,192 | INFO : loss: 0.000732  [19264/50000]
2023-12-14 18:45:34,061 | INFO : loss: 0.001134  [25664/50000]
2023-12-14 18:45:51,233 | INFO : loss: 0.000385  [32064/50000]
2023-12-14 18:46:09,522 | INFO : loss: 0.000871  [38464/50000]
2023-12-14 18:46:27,448 | INFO : loss: 0.001454  [44864/50000]
2023-12-14 18:47:12,914 | INFO : Test Error: 
 Accuracy: 80.3%, Avg loss: 1.047799 

2023-12-14 18:47:12,914 | INFO : Epoch 48
-------------------------------
2023-12-14 18:47:13,106 | INFO : loss: 0.000405  [   64/50000]
2023-12-14 18:47:30,423 | INFO : loss: 0.002945  [ 6464/50000]
2023-12-14 18:47:48,385 | INFO : loss: 0.000273  [12864/50000]
2023-12-14 18:48:07,082 | INFO : loss: 0.000118  [19264/50000]
2023-12-14 18:48:25,912 | INFO : loss: 0.000204  [25664/50000]
2023-12-14 18:48:44,447 | INFO : loss: 0.000097  [32064/50000]
2023-12-14 18:49:02,674 | INFO : loss: 0.000256  [38464/50000]
2023-12-14 18:49:21,676 | INFO : loss: 0.001471  [44864/50000]
2023-12-14 18:50:05,868 | INFO : Test Error: 
 Accuracy: 80.5%, Avg loss: 1.051723 

2023-12-14 18:50:05,868 | INFO : Epoch 49
-------------------------------
2023-12-14 18:50:06,129 | INFO : loss: 0.000102  [   64/50000]
2023-12-14 18:50:25,354 | INFO : loss: 0.000231  [ 6464/50000]
2023-12-14 18:50:44,960 | INFO : loss: 0.002714  [12864/50000]
2023-12-14 18:51:02,337 | INFO : loss: 0.002677  [19264/50000]
2023-12-14 18:51:20,327 | INFO : loss: 0.000157  [25664/50000]
2023-12-14 18:51:39,986 | INFO : loss: 0.000249  [32064/50000]
2023-12-14 18:51:59,566 | INFO : loss: 0.000643  [38464/50000]
2023-12-14 18:52:18,664 | INFO : loss: 0.000045  [44864/50000]
2023-12-14 18:53:02,261 | INFO : Test Error: 
 Accuracy: 80.7%, Avg loss: 1.037465 

2023-12-14 18:53:02,262 | INFO : Epoch 50
-------------------------------
2023-12-14 18:53:02,448 | INFO : loss: 0.004499  [   64/50000]
2023-12-14 18:53:20,334 | INFO : loss: 0.002538  [ 6464/50000]
2023-12-14 18:53:39,578 | INFO : loss: 0.000192  [12864/50000]
2023-12-14 18:53:57,396 | INFO : loss: 0.000587  [19264/50000]
2023-12-14 18:54:15,440 | INFO : loss: 0.000540  [25664/50000]
2023-12-14 18:54:33,974 | INFO : loss: 0.000069  [32064/50000]
2023-12-14 18:54:52,543 | INFO : loss: 0.000101  [38464/50000]
2023-12-14 18:55:10,689 | INFO : loss: 0.000054  [44864/50000]
2023-12-14 18:55:52,143 | INFO : Test Error: 
 Accuracy: 80.4%, Avg loss: 1.044835 

2023-12-14 18:55:52,144 | INFO : Epoch 51
-------------------------------
2023-12-14 18:55:52,415 | INFO : loss: 0.000050  [   64/50000]
2023-12-14 18:56:09,178 | INFO : loss: 0.000426  [ 6464/50000]
2023-12-14 18:56:26,626 | INFO : loss: 0.000863  [12864/50000]
2023-12-14 18:56:44,961 | INFO : loss: 0.000202  [19264/50000]
2023-12-14 18:57:04,544 | INFO : loss: 0.000230  [25664/50000]
2023-12-14 18:57:22,127 | INFO : loss: 0.007440  [32064/50000]
2023-12-14 18:57:39,923 | INFO : loss: 0.003664  [38464/50000]
2023-12-14 18:57:57,744 | INFO : loss: 0.000484  [44864/50000]
2023-12-14 18:58:41,420 | INFO : Test Error: 
 Accuracy: 80.5%, Avg loss: 1.039226 

2023-12-14 18:58:41,421 | INFO : Epoch 52
-------------------------------
2023-12-14 18:58:41,667 | INFO : loss: 0.000117  [   64/50000]
2023-12-14 18:59:01,276 | INFO : loss: 0.000769  [ 6464/50000]
2023-12-14 18:59:20,826 | INFO : loss: 0.000177  [12864/50000]
2023-12-14 18:59:39,781 | INFO : loss: 0.000155  [19264/50000]
2023-12-14 18:59:57,534 | INFO : loss: 0.000477  [25664/50000]
2023-12-14 19:00:15,242 | INFO : loss: 0.003762  [32064/50000]
2023-12-14 19:00:33,152 | INFO : loss: 0.000437  [38464/50000]
2023-12-14 19:00:53,201 | INFO : loss: 0.002197  [44864/50000]
2023-12-14 19:01:34,733 | INFO : Test Error: 
 Accuracy: 80.7%, Avg loss: 1.025048 

2023-12-14 19:01:34,735 | INFO : Epoch 53
-------------------------------
2023-12-14 19:01:34,940 | INFO : loss: 0.000043  [   64/50000]
2023-12-14 19:01:54,384 | INFO : loss: 0.000989  [ 6464/50000]
2023-12-14 19:02:12,777 | INFO : loss: 0.000300  [12864/50000]
2023-12-14 19:02:30,758 | INFO : loss: 0.000318  [19264/50000]
2023-12-14 19:02:49,901 | INFO : loss: 0.000382  [25664/50000]
2023-12-14 19:03:09,869 | INFO : loss: 0.000167  [32064/50000]
2023-12-14 19:03:29,236 | INFO : loss: 0.000384  [38464/50000]
2023-12-14 19:03:47,655 | INFO : loss: 0.000059  [44864/50000]
2023-12-14 19:04:30,669 | INFO : Test Error: 
 Accuracy: 80.5%, Avg loss: 1.036787 

2023-12-14 19:04:30,670 | INFO : Epoch 54
-------------------------------
2023-12-14 19:04:30,934 | INFO : loss: 0.000892  [   64/50000]
2023-12-14 19:04:50,213 | INFO : loss: 0.000256  [ 6464/50000]
2023-12-14 19:05:09,567 | INFO : loss: 0.000225  [12864/50000]
2023-12-14 19:05:30,132 | INFO : loss: 0.000133  [19264/50000]
2023-12-14 19:05:50,557 | INFO : loss: 0.000953  [25664/50000]
2023-12-14 19:06:09,249 | INFO : loss: 0.000339  [32064/50000]
2023-12-14 19:06:26,503 | INFO : loss: 0.000523  [38464/50000]
2023-12-14 19:06:44,101 | INFO : loss: 0.000232  [44864/50000]
2023-12-14 19:07:25,699 | INFO : Test Error: 
 Accuracy: 80.7%, Avg loss: 1.011942 

2023-12-14 19:07:25,702 | INFO : Epoch 55
-------------------------------
2023-12-14 19:07:25,908 | INFO : loss: 0.001925  [   64/50000]
2023-12-14 19:07:45,534 | INFO : loss: 0.000511  [ 6464/50000]
2023-12-14 19:08:04,178 | INFO : loss: 0.000680  [12864/50000]
2023-12-14 19:08:22,753 | INFO : loss: 0.000543  [19264/50000]
2023-12-14 19:08:41,193 | INFO : loss: 0.000678  [25664/50000]
2023-12-14 19:08:58,956 | INFO : loss: 0.000375  [32064/50000]
2023-12-14 19:09:19,606 | INFO : loss: 0.000198  [38464/50000]
2023-12-14 19:09:37,858 | INFO : loss: 0.001429  [44864/50000]
2023-12-14 19:10:23,168 | INFO : Test Error: 
 Accuracy: 80.3%, Avg loss: 1.010537 

2023-12-14 19:10:23,169 | INFO : Epoch 56
-------------------------------
2023-12-14 19:10:23,379 | INFO : loss: 0.000270  [   64/50000]
2023-12-14 19:10:42,543 | INFO : loss: 0.000423  [ 6464/50000]
2023-12-14 19:10:59,606 | INFO : loss: 0.000405  [12864/50000]
2023-12-14 19:11:18,411 | INFO : loss: 0.001330  [19264/50000]
2023-12-14 19:11:37,663 | INFO : loss: 0.012749  [25664/50000]
2023-12-14 19:11:57,028 | INFO : loss: 0.000227  [32064/50000]
2023-12-14 19:12:15,250 | INFO : loss: 0.000239  [38464/50000]
2023-12-14 19:12:34,344 | INFO : loss: 0.000023  [44864/50000]
2023-12-14 19:13:19,099 | INFO : Test Error: 
 Accuracy: 80.2%, Avg loss: 1.034561 

2023-12-14 19:13:19,100 | INFO : Epoch 57
-------------------------------
2023-12-14 19:13:19,318 | INFO : loss: 0.000456  [   64/50000]
2023-12-14 19:13:38,957 | INFO : loss: 0.000882  [ 6464/50000]
2023-12-14 19:13:57,340 | INFO : loss: 0.000714  [12864/50000]
2023-12-14 19:14:16,492 | INFO : loss: 0.000363  [19264/50000]
2023-12-14 19:14:34,324 | INFO : loss: 0.000281  [25664/50000]
2023-12-14 19:14:54,537 | INFO : loss: 0.002692  [32064/50000]
2023-12-14 19:15:13,752 | INFO : loss: 0.000076  [38464/50000]
2023-12-14 19:15:35,048 | INFO : loss: 0.000024  [44864/50000]
2023-12-14 19:16:23,004 | INFO : Test Error: 
 Accuracy: 80.6%, Avg loss: 1.007478 

2023-12-14 19:16:23,005 | INFO : Epoch 58
-------------------------------
2023-12-14 19:16:23,330 | INFO : loss: 0.000051  [   64/50000]
2023-12-14 19:16:42,694 | INFO : loss: 0.000311  [ 6464/50000]
2023-12-14 19:17:00,530 | INFO : loss: 0.000107  [12864/50000]
2023-12-14 19:17:20,762 | INFO : loss: 0.002871  [19264/50000]
2023-12-14 19:17:38,391 | INFO : loss: 0.000129  [25664/50000]
2023-12-14 19:17:56,466 | INFO : loss: 0.000170  [32064/50000]
2023-12-14 19:18:17,023 | INFO : loss: 0.000199  [38464/50000]
2023-12-14 19:18:37,501 | INFO : loss: 0.000428  [44864/50000]
2023-12-14 19:19:23,456 | INFO : Test Error: 
 Accuracy: 80.5%, Avg loss: 0.995434 

2023-12-14 19:19:23,457 | INFO : Epoch 59
-------------------------------
2023-12-14 19:19:23,663 | INFO : loss: 0.000081  [   64/50000]
2023-12-14 19:19:42,133 | INFO : loss: 0.003207  [ 6464/50000]
2023-12-14 19:20:00,929 | INFO : loss: 0.000187  [12864/50000]
2023-12-14 19:20:19,289 | INFO : loss: 0.000168  [19264/50000]
2023-12-14 19:20:37,676 | INFO : loss: 0.000444  [25664/50000]
2023-12-14 19:20:57,226 | INFO : loss: 0.000282  [32064/50000]
2023-12-14 19:21:13,894 | INFO : loss: 0.000097  [38464/50000]
2023-12-14 19:21:32,075 | INFO : loss: 0.000108  [44864/50000]
2023-12-14 19:22:16,238 | INFO : Test Error: 
 Accuracy: 80.8%, Avg loss: 0.997664 

2023-12-14 19:22:16,239 | INFO : Epoch 60
-------------------------------
2023-12-14 19:22:16,483 | INFO : loss: 0.000219  [   64/50000]
2023-12-14 19:22:35,237 | INFO : loss: 0.000811  [ 6464/50000]
2023-12-14 19:22:54,255 | INFO : loss: 0.000255  [12864/50000]
2023-12-14 19:23:12,689 | INFO : loss: 0.000086  [19264/50000]
2023-12-14 19:23:31,276 | INFO : loss: 0.000775  [25664/50000]
2023-12-14 19:23:49,632 | INFO : loss: 0.000571  [32064/50000]
2023-12-14 19:24:09,001 | INFO : loss: 0.000862  [38464/50000]
2023-12-14 19:24:28,303 | INFO : loss: 0.000024  [44864/50000]
2023-12-14 19:25:11,304 | INFO : Test Error: 
 Accuracy: 80.3%, Avg loss: 1.014367 

2023-12-14 19:25:11,306 | INFO : Epoch 61
-------------------------------
2023-12-14 19:25:11,666 | INFO : loss: 0.000144  [   64/50000]
2023-12-14 19:25:31,341 | INFO : loss: 0.000697  [ 6464/50000]
2023-12-14 19:25:50,119 | INFO : loss: 0.000585  [12864/50000]
2023-12-14 19:26:08,868 | INFO : loss: 0.000701  [19264/50000]
2023-12-14 19:26:27,579 | INFO : loss: 0.000370  [25664/50000]
2023-12-14 19:26:45,741 | INFO : loss: 0.000224  [32064/50000]
2023-12-14 19:27:05,149 | INFO : loss: 0.000192  [38464/50000]
2023-12-14 19:27:23,437 | INFO : loss: 0.000040  [44864/50000]
2023-12-14 19:28:06,597 | INFO : Test Error: 
 Accuracy: 80.4%, Avg loss: 1.021736 

2023-12-14 19:28:06,598 | INFO : Epoch 62
-------------------------------
2023-12-14 19:28:06,823 | INFO : loss: 0.000415  [   64/50000]
2023-12-14 19:28:26,291 | INFO : loss: 0.000495  [ 6464/50000]
2023-12-14 19:28:45,178 | INFO : loss: 0.000430  [12864/50000]
2023-12-14 19:29:05,422 | INFO : loss: 0.000341  [19264/50000]
2023-12-14 19:29:24,429 | INFO : loss: 0.000098  [25664/50000]
2023-12-14 19:29:43,534 | INFO : loss: 0.000031  [32064/50000]
2023-12-14 19:30:02,381 | INFO : loss: 0.000075  [38464/50000]
2023-12-14 19:30:21,051 | INFO : loss: 0.000021  [44864/50000]
2023-12-14 19:31:04,673 | INFO : Test Error: 
 Accuracy: 80.8%, Avg loss: 1.002796 

2023-12-14 19:31:04,674 | INFO : Epoch 63
-------------------------------
2023-12-14 19:31:04,903 | INFO : loss: 0.000086  [   64/50000]
2023-12-14 19:31:24,731 | INFO : loss: 0.000092  [ 6464/50000]
2023-12-14 19:31:43,764 | INFO : loss: 0.000215  [12864/50000]
2023-12-14 19:32:02,038 | INFO : loss: 0.000645  [19264/50000]
2023-12-14 19:32:20,146 | INFO : loss: 0.000189  [25664/50000]
2023-12-14 19:32:39,554 | INFO : loss: 0.000905  [32064/50000]
2023-12-14 19:32:57,637 | INFO : loss: 0.000668  [38464/50000]
2023-12-14 19:33:16,796 | INFO : loss: 0.000185  [44864/50000]
2023-12-14 19:33:59,602 | INFO : Test Error: 
 Accuracy: 80.7%, Avg loss: 1.020493 

2023-12-14 19:33:59,606 | INFO : Epoch 64
-------------------------------
2023-12-14 19:33:59,975 | INFO : loss: 0.000221  [   64/50000]
2023-12-14 19:34:19,071 | INFO : loss: 0.000201  [ 6464/50000]
2023-12-14 19:34:36,989 | INFO : loss: 0.000234  [12864/50000]
2023-12-14 19:34:54,896 | INFO : loss: 0.000347  [19264/50000]
2023-12-14 19:35:13,420 | INFO : loss: 0.001516  [25664/50000]
2023-12-14 19:35:32,637 | INFO : loss: 0.000913  [32064/50000]
2023-12-14 19:35:51,809 | INFO : loss: 0.008053  [38464/50000]
2023-12-14 19:36:10,437 | INFO : loss: 0.000056  [44864/50000]
2023-12-14 19:36:54,552 | INFO : Test Error: 
 Accuracy: 80.2%, Avg loss: 1.017868 

2023-12-14 19:36:54,554 | INFO : Epoch 65
-------------------------------
2023-12-14 19:36:54,834 | INFO : loss: 0.000169  [   64/50000]
2023-12-14 19:37:13,009 | INFO : loss: 0.000693  [ 6464/50000]
2023-12-14 19:37:30,599 | INFO : loss: 0.000172  [12864/50000]
2023-12-14 19:37:49,308 | INFO : loss: 0.000329  [19264/50000]
2023-12-14 19:38:07,207 | INFO : loss: 0.000247  [25664/50000]
2023-12-14 19:38:25,898 | INFO : loss: 0.000091  [32064/50000]
2023-12-14 19:38:45,527 | INFO : loss: 0.000650  [38464/50000]
2023-12-14 19:39:05,511 | INFO : loss: 0.000336  [44864/50000]
2023-12-14 19:39:49,098 | INFO : Test Error: 
 Accuracy: 79.9%, Avg loss: 1.005498 

2023-12-14 19:39:49,099 | INFO : Epoch 66
-------------------------------
2023-12-14 19:39:49,363 | INFO : loss: 0.000644  [   64/50000]
2023-12-14 19:40:08,553 | INFO : loss: 0.000734  [ 6464/50000]
2023-12-14 19:40:26,660 | INFO : loss: 0.000394  [12864/50000]
2023-12-14 19:40:46,021 | INFO : loss: 0.000868  [19264/50000]
2023-12-14 19:41:04,843 | INFO : loss: 0.000383  [25664/50000]
2023-12-14 19:41:23,841 | INFO : loss: 0.000072  [32064/50000]
2023-12-14 19:41:40,501 | INFO : loss: 0.000085  [38464/50000]
2023-12-14 19:41:58,168 | INFO : loss: 0.000240  [44864/50000]
2023-12-14 19:42:41,190 | INFO : Test Error: 
 Accuracy: 80.5%, Avg loss: 1.011919 

2023-12-14 19:42:41,193 | INFO : Epoch 67
-------------------------------
2023-12-14 19:42:41,634 | INFO : loss: 0.000109  [   64/50000]
2023-12-14 19:43:00,074 | INFO : loss: 0.001184  [ 6464/50000]
2023-12-14 19:43:17,675 | INFO : loss: 0.000183  [12864/50000]
2023-12-14 19:43:37,779 | INFO : loss: 0.000106  [19264/50000]
2023-12-14 19:43:55,930 | INFO : loss: 0.000152  [25664/50000]
2023-12-14 19:44:14,533 | INFO : loss: 0.000300  [32064/50000]
2023-12-14 19:44:32,840 | INFO : loss: 0.000374  [38464/50000]
2023-12-14 19:44:49,650 | INFO : loss: 0.000047  [44864/50000]
2023-12-14 19:45:32,862 | INFO : Test Error: 
 Accuracy: 80.5%, Avg loss: 1.010189 

2023-12-14 19:45:32,862 | INFO : Epoch 68
-------------------------------
2023-12-14 19:45:33,066 | INFO : loss: 0.000087  [   64/50000]
2023-12-14 19:45:51,459 | INFO : loss: 0.004015  [ 6464/50000]
2023-12-14 19:46:09,310 | INFO : loss: 0.001851  [12864/50000]
2023-12-14 19:46:29,358 | INFO : loss: 0.000154  [19264/50000]
2023-12-14 19:46:49,020 | INFO : loss: 0.000796  [25664/50000]
2023-12-14 19:47:06,753 | INFO : loss: 0.000318  [32064/50000]
2023-12-14 19:47:25,087 | INFO : loss: 0.000396  [38464/50000]
2023-12-14 19:47:43,050 | INFO : loss: 0.000057  [44864/50000]
2023-12-14 19:48:24,876 | INFO : Test Error: 
 Accuracy: 80.5%, Avg loss: 1.009624 

2023-12-14 19:48:24,877 | INFO : Epoch 69
-------------------------------
2023-12-14 19:48:25,099 | INFO : loss: 0.000166  [   64/50000]
2023-12-14 19:48:45,533 | INFO : loss: 0.000228  [ 6464/50000]
2023-12-14 19:49:04,772 | INFO : loss: 0.000259  [12864/50000]
2023-12-14 19:49:23,914 | INFO : loss: 0.000319  [19264/50000]
2023-12-14 19:49:42,499 | INFO : loss: 0.000418  [25664/50000]
2023-12-14 19:50:02,730 | INFO : loss: 0.002749  [32064/50000]
2023-12-14 19:50:21,743 | INFO : loss: 0.000105  [38464/50000]
2023-12-14 19:50:39,625 | INFO : loss: 0.000280  [44864/50000]
2023-12-14 19:51:24,199 | INFO : Test Error: 
 Accuracy: 80.3%, Avg loss: 1.023518 

2023-12-14 19:51:24,201 | INFO : Epoch 70
-------------------------------
2023-12-14 19:51:24,467 | INFO : loss: 0.003891  [   64/50000]
2023-12-14 19:51:41,073 | INFO : loss: 0.000802  [ 6464/50000]
2023-12-14 19:52:00,661 | INFO : loss: 0.000515  [12864/50000]
2023-12-14 19:52:20,993 | INFO : loss: 0.001884  [19264/50000]
2023-12-14 19:52:40,310 | INFO : loss: 0.010103  [25664/50000]
2023-12-14 19:52:57,690 | INFO : loss: 0.000742  [32064/50000]
2023-12-14 19:53:17,027 | INFO : loss: 0.001535  [38464/50000]
2023-12-14 19:53:36,140 | INFO : loss: 0.000323  [44864/50000]
2023-12-14 19:54:21,223 | INFO : Test Error: 
 Accuracy: 80.2%, Avg loss: 1.013116 

2023-12-14 19:54:21,224 | INFO : Epoch 71
-------------------------------
2023-12-14 19:54:21,412 | INFO : loss: 0.000455  [   64/50000]
2023-12-14 19:54:41,253 | INFO : loss: 0.000391  [ 6464/50000]
2023-12-14 19:54:59,040 | INFO : loss: 0.000302  [12864/50000]
2023-12-14 19:55:16,481 | INFO : loss: 0.000596  [19264/50000]
2023-12-14 19:55:33,823 | INFO : loss: 0.001637  [25664/50000]
2023-12-14 19:55:51,519 | INFO : loss: 0.000104  [32064/50000]
2023-12-14 19:56:10,668 | INFO : loss: 0.000212  [38464/50000]
2023-12-14 19:56:30,271 | INFO : loss: 0.000303  [44864/50000]
2023-12-14 19:57:17,018 | INFO : Test Error: 
 Accuracy: 80.3%, Avg loss: 1.003917 

2023-12-14 19:57:17,019 | INFO : Epoch 72
-------------------------------
2023-12-14 19:57:17,269 | INFO : loss: 0.002238  [   64/50000]
2023-12-14 19:57:35,827 | INFO : loss: 0.001304  [ 6464/50000]
2023-12-14 19:57:54,768 | INFO : loss: 0.000524  [12864/50000]
2023-12-14 19:58:12,398 | INFO : loss: 0.000121  [19264/50000]
2023-12-14 19:58:31,034 | INFO : loss: 0.000193  [25664/50000]
2023-12-14 19:58:48,753 | INFO : loss: 0.000442  [32064/50000]
2023-12-14 19:59:06,756 | INFO : loss: 0.000378  [38464/50000]
2023-12-14 19:59:24,617 | INFO : loss: 0.000195  [44864/50000]
2023-12-14 20:00:09,821 | INFO : Test Error: 
 Accuracy: 80.6%, Avg loss: 1.004421 

2023-12-14 20:00:09,822 | INFO : Epoch 73
-------------------------------
2023-12-14 20:00:10,070 | INFO : loss: 0.000126  [   64/50000]
2023-12-14 20:00:28,554 | INFO : loss: 0.000980  [ 6464/50000]
2023-12-14 20:00:47,145 | INFO : loss: 0.000149  [12864/50000]
2023-12-14 20:01:04,184 | INFO : loss: 0.000229  [19264/50000]
2023-12-14 20:01:21,759 | INFO : loss: 0.001586  [25664/50000]
2023-12-14 20:01:39,451 | INFO : loss: 0.000166  [32064/50000]
2023-12-14 20:01:57,680 | INFO : loss: 0.000080  [38464/50000]
2023-12-14 20:02:15,902 | INFO : loss: 0.000146  [44864/50000]
2023-12-14 20:02:58,490 | INFO : Test Error: 
 Accuracy: 80.5%, Avg loss: 0.989007 

2023-12-14 20:02:58,491 | INFO : Epoch 74
-------------------------------
2023-12-14 20:02:58,707 | INFO : loss: 0.000535  [   64/50000]
2023-12-14 20:03:18,154 | INFO : loss: 0.000640  [ 6464/50000]
2023-12-14 20:03:37,322 | INFO : loss: 0.001552  [12864/50000]
2023-12-14 20:03:56,404 | INFO : loss: 0.000203  [19264/50000]
2023-12-14 20:04:16,141 | INFO : loss: 0.000869  [25664/50000]
2023-12-14 20:04:35,869 | INFO : loss: 0.000217  [32064/50000]
2023-12-14 20:04:53,517 | INFO : loss: 0.000180  [38464/50000]
2023-12-14 20:05:13,111 | INFO : loss: 0.000744  [44864/50000]
2023-12-14 20:05:55,263 | INFO : Test Error: 
 Accuracy: 81.0%, Avg loss: 0.995764 

2023-12-14 20:05:55,264 | INFO : Epoch 75
-------------------------------
2023-12-14 20:05:55,506 | INFO : loss: 0.000207  [   64/50000]
2023-12-14 20:06:13,907 | INFO : loss: 0.000272  [ 6464/50000]
2023-12-14 20:06:31,460 | INFO : loss: 0.000715  [12864/50000]
2023-12-14 20:06:50,055 | INFO : loss: 0.000209  [19264/50000]
2023-12-14 20:07:08,459 | INFO : loss: 0.003509  [25664/50000]
2023-12-14 20:07:27,128 | INFO : loss: 0.000197  [32064/50000]
2023-12-14 20:07:46,910 | INFO : loss: 0.000141  [38464/50000]
2023-12-14 20:08:06,558 | INFO : loss: 0.000079  [44864/50000]
2023-12-14 20:08:49,995 | INFO : Test Error: 
 Accuracy: 80.8%, Avg loss: 1.009221 

2023-12-14 20:08:49,996 | INFO : Epoch 76
-------------------------------
2023-12-14 20:08:50,208 | INFO : loss: 0.000340  [   64/50000]
2023-12-14 20:09:07,986 | INFO : loss: 0.000607  [ 6464/50000]
2023-12-14 20:09:26,526 | INFO : loss: 0.001374  [12864/50000]
2023-12-14 20:09:45,877 | INFO : loss: 0.000516  [19264/50000]
2023-12-14 20:10:03,895 | INFO : loss: 0.000257  [25664/50000]
2023-12-14 20:10:21,047 | INFO : loss: 0.000214  [32064/50000]
2023-12-14 20:10:39,402 | INFO : loss: 0.000348  [38464/50000]
2023-12-14 20:10:57,470 | INFO : loss: 0.000184  [44864/50000]
2023-12-14 20:11:40,239 | INFO : Test Error: 
 Accuracy: 80.6%, Avg loss: 1.012561 

2023-12-14 20:11:40,240 | INFO : Epoch 77
-------------------------------
2023-12-14 20:11:40,498 | INFO : loss: 0.000191  [   64/50000]
2023-12-14 20:11:58,502 | INFO : loss: 0.002423  [ 6464/50000]
2023-12-14 20:12:15,893 | INFO : loss: 0.000128  [12864/50000]
2023-12-14 20:12:33,138 | INFO : loss: 0.000090  [19264/50000]
2023-12-14 20:12:52,119 | INFO : loss: 0.000095  [25664/50000]
2023-12-14 20:13:12,511 | INFO : loss: 0.000087  [32064/50000]
2023-12-14 20:13:32,006 | INFO : loss: 0.000278  [38464/50000]
2023-12-14 20:13:50,205 | INFO : loss: 0.000152  [44864/50000]
2023-12-14 20:14:37,451 | INFO : Test Error: 
 Accuracy: 80.3%, Avg loss: 1.017794 

2023-12-14 20:14:37,452 | INFO : Epoch 78
-------------------------------
2023-12-14 20:14:37,673 | INFO : loss: 0.000270  [   64/50000]
2023-12-14 20:14:56,698 | INFO : loss: 0.000351  [ 6464/50000]
2023-12-14 20:15:16,279 | INFO : loss: 0.002426  [12864/50000]
2023-12-14 20:15:35,511 | INFO : loss: 0.001113  [19264/50000]
2023-12-14 20:15:51,474 | INFO : loss: 0.000238  [25664/50000]
2023-12-14 20:16:08,823 | INFO : loss: 0.000085  [32064/50000]
2023-12-14 20:16:28,139 | INFO : loss: 0.000137  [38464/50000]
2023-12-14 20:16:46,980 | INFO : loss: 0.000310  [44864/50000]
2023-12-14 20:17:33,215 | INFO : Test Error: 
 Accuracy: 80.5%, Avg loss: 1.007795 

2023-12-14 20:17:33,217 | INFO : Epoch 79
-------------------------------
2023-12-14 20:17:33,482 | INFO : loss: 0.000117  [   64/50000]
2023-12-14 20:17:53,465 | INFO : loss: 0.001722  [ 6464/50000]
2023-12-14 20:18:13,530 | INFO : loss: 0.000705  [12864/50000]
2023-12-14 20:18:34,822 | INFO : loss: 0.000695  [19264/50000]
2023-12-14 20:18:53,649 | INFO : loss: 0.000836  [25664/50000]
2023-12-14 20:19:11,468 | INFO : loss: 0.000250  [32064/50000]
2023-12-14 20:19:30,430 | INFO : loss: 0.000113  [38464/50000]
2023-12-14 20:19:50,083 | INFO : loss: 0.001305  [44864/50000]
2023-12-14 20:20:33,893 | INFO : Test Error: 
 Accuracy: 80.3%, Avg loss: 1.016933 

2023-12-14 20:20:33,894 | INFO : Epoch 80
-------------------------------
2023-12-14 20:20:34,113 | INFO : loss: 0.000493  [   64/50000]
2023-12-14 20:20:52,843 | INFO : loss: 0.000443  [ 6464/50000]
2023-12-14 20:21:11,945 | INFO : loss: 0.000408  [12864/50000]
2023-12-14 20:21:30,181 | INFO : loss: 0.000337  [19264/50000]
2023-12-14 20:21:48,139 | INFO : loss: 0.000629  [25664/50000]
2023-12-14 20:22:06,588 | INFO : loss: 0.000243  [32064/50000]
2023-12-14 20:22:24,917 | INFO : loss: 0.000073  [38464/50000]
2023-12-14 20:22:42,801 | INFO : loss: 0.000318  [44864/50000]
2023-12-14 20:23:27,227 | INFO : Test Error: 
 Accuracy: 80.4%, Avg loss: 1.005285 

2023-12-14 20:23:27,228 | INFO : Epoch 81
-------------------------------
2023-12-14 20:23:27,465 | INFO : loss: 0.000147  [   64/50000]
2023-12-14 20:23:46,017 | INFO : loss: 0.000295  [ 6464/50000]
2023-12-14 20:24:03,767 | INFO : loss: 0.000671  [12864/50000]
2023-12-14 20:24:22,770 | INFO : loss: 0.000827  [19264/50000]
2023-12-14 20:24:41,238 | INFO : loss: 0.000187  [25664/50000]
2023-12-14 20:24:59,885 | INFO : loss: 0.004296  [32064/50000]
2023-12-14 20:25:19,251 | INFO : loss: 0.000053  [38464/50000]
2023-12-14 20:25:36,655 | INFO : loss: 0.000159  [44864/50000]
2023-12-14 20:26:21,466 | INFO : Test Error: 
 Accuracy: 80.3%, Avg loss: 1.009844 

2023-12-14 20:26:21,467 | INFO : Epoch 82
-------------------------------
2023-12-14 20:26:21,779 | INFO : loss: 0.000158  [   64/50000]
2023-12-14 20:26:41,309 | INFO : loss: 0.000121  [ 6464/50000]
2023-12-14 20:27:00,484 | INFO : loss: 0.001272  [12864/50000]
2023-12-14 20:27:21,217 | INFO : loss: 0.000174  [19264/50000]
2023-12-14 20:27:40,920 | INFO : loss: 0.000155  [25664/50000]
2023-12-14 20:28:00,743 | INFO : loss: 0.000819  [32064/50000]
2023-12-14 20:28:19,853 | INFO : loss: 0.000626  [38464/50000]
2023-12-14 20:28:38,126 | INFO : loss: 0.000050  [44864/50000]
2023-12-14 20:29:19,682 | INFO : Test Error: 
 Accuracy: 80.4%, Avg loss: 1.020665 

2023-12-14 20:29:19,683 | INFO : Epoch 83
-------------------------------
2023-12-14 20:29:19,866 | INFO : loss: 0.000205  [   64/50000]
2023-12-14 20:29:37,950 | INFO : loss: 0.000049  [ 6464/50000]
2023-12-14 20:29:55,748 | INFO : loss: 0.000155  [12864/50000]
2023-12-14 20:30:14,594 | INFO : loss: 0.000163  [19264/50000]
2023-12-14 20:30:33,565 | INFO : loss: 0.000219  [25664/50000]
2023-12-14 20:30:52,567 | INFO : loss: 0.000224  [32064/50000]
2023-12-14 20:31:12,691 | INFO : loss: 0.000884  [38464/50000]
2023-12-14 20:31:32,092 | INFO : loss: 0.000172  [44864/50000]
2023-12-14 20:32:14,518 | INFO : Test Error: 
 Accuracy: 80.9%, Avg loss: 0.991821 

2023-12-14 20:32:14,519 | INFO : Epoch 84
-------------------------------
2023-12-14 20:32:14,751 | INFO : loss: 0.000158  [   64/50000]
2023-12-14 20:32:33,808 | INFO : loss: 0.000298  [ 6464/50000]
2023-12-14 20:32:52,633 | INFO : loss: 0.000315  [12864/50000]
2023-12-14 20:33:10,560 | INFO : loss: 0.002165  [19264/50000]
2023-12-14 20:33:28,274 | INFO : loss: 0.000684  [25664/50000]
2023-12-14 20:33:45,750 | INFO : loss: 0.001101  [32064/50000]
2023-12-14 20:34:04,126 | INFO : loss: 0.000082  [38464/50000]
2023-12-14 20:34:22,519 | INFO : loss: 0.000532  [44864/50000]
2023-12-14 20:35:05,726 | INFO : Test Error: 
 Accuracy: 80.2%, Avg loss: 1.001774 

2023-12-14 20:35:05,727 | INFO : Epoch 85
-------------------------------
2023-12-14 20:35:05,998 | INFO : loss: 0.000206  [   64/50000]
2023-12-14 20:35:24,943 | INFO : loss: 0.000805  [ 6464/50000]
2023-12-14 20:35:43,995 | INFO : loss: 0.000272  [12864/50000]
2023-12-14 20:36:01,635 | INFO : loss: 0.000722  [19264/50000]
2023-12-14 20:36:19,669 | INFO : loss: 0.000248  [25664/50000]
2023-12-14 20:36:38,188 | INFO : loss: 0.000359  [32064/50000]
2023-12-14 20:36:56,390 | INFO : loss: 0.000105  [38464/50000]
2023-12-14 20:37:14,532 | INFO : loss: 0.000215  [44864/50000]
2023-12-14 20:37:58,013 | INFO : Test Error: 
 Accuracy: 80.7%, Avg loss: 1.003671 

2023-12-14 20:37:58,015 | INFO : Epoch 86
-------------------------------
2023-12-14 20:37:58,205 | INFO : loss: 0.002496  [   64/50000]
2023-12-14 20:38:18,510 | INFO : loss: 0.000198  [ 6464/50000]
2023-12-14 20:38:38,962 | INFO : loss: 0.000072  [12864/50000]
2023-12-14 20:38:57,117 | INFO : loss: 0.000365  [19264/50000]
2023-12-14 20:39:15,543 | INFO : loss: 0.000334  [25664/50000]
2023-12-14 20:39:34,086 | INFO : loss: 0.000208  [32064/50000]
2023-12-14 20:39:52,919 | INFO : loss: 0.000112  [38464/50000]
2023-12-14 20:40:14,080 | INFO : loss: 0.000068  [44864/50000]
2023-12-14 20:40:58,146 | INFO : Test Error: 
 Accuracy: 80.6%, Avg loss: 0.985655 

2023-12-14 20:40:58,147 | INFO : Epoch 87
-------------------------------
2023-12-14 20:40:58,379 | INFO : loss: 0.000075  [   64/50000]
2023-12-14 20:41:17,239 | INFO : loss: 0.004140  [ 6464/50000]
2023-12-14 20:41:36,342 | INFO : loss: 0.000393  [12864/50000]
2023-12-14 20:41:55,161 | INFO : loss: 0.000641  [19264/50000]
2023-12-14 20:42:12,952 | INFO : loss: 0.000179  [25664/50000]
2023-12-14 20:42:30,880 | INFO : loss: 0.000504  [32064/50000]
2023-12-14 20:42:48,117 | INFO : loss: 0.001053  [38464/50000]
2023-12-14 20:43:05,571 | INFO : loss: 0.000112  [44864/50000]
2023-12-14 20:43:46,553 | INFO : Test Error: 
 Accuracy: 80.5%, Avg loss: 0.994866 

2023-12-14 20:43:46,556 | INFO : Epoch 88
-------------------------------
2023-12-14 20:43:47,000 | INFO : loss: 0.004775  [   64/50000]
2023-12-14 20:44:04,599 | INFO : loss: 0.000151  [ 6464/50000]
2023-12-14 20:44:24,636 | INFO : loss: 0.000328  [12864/50000]
2023-12-14 20:44:43,616 | INFO : loss: 0.000184  [19264/50000]
2023-12-14 20:45:02,933 | INFO : loss: 0.001234  [25664/50000]
2023-12-14 20:45:21,349 | INFO : loss: 0.000361  [32064/50000]
2023-12-14 20:45:40,516 | INFO : loss: 0.000351  [38464/50000]
2023-12-14 20:45:58,966 | INFO : loss: 0.000026  [44864/50000]
2023-12-14 20:46:39,811 | INFO : Test Error: 
 Accuracy: 80.5%, Avg loss: 1.002911 

2023-12-14 20:46:39,812 | INFO : Epoch 89
-------------------------------
2023-12-14 20:46:40,036 | INFO : loss: 0.000702  [   64/50000]
2023-12-14 20:46:59,543 | INFO : loss: 0.000511  [ 6464/50000]
2023-12-14 20:47:17,048 | INFO : loss: 0.000535  [12864/50000]
2023-12-14 20:47:34,804 | INFO : loss: 0.001094  [19264/50000]
2023-12-14 20:47:52,753 | INFO : loss: 0.000054  [25664/50000]
2023-12-14 20:48:11,265 | INFO : loss: 0.000071  [32064/50000]
2023-12-14 20:48:30,673 | INFO : loss: 0.000065  [38464/50000]
2023-12-14 20:48:48,728 | INFO : loss: 0.000163  [44864/50000]
2023-12-14 20:49:36,617 | INFO : Test Error: 
 Accuracy: 80.5%, Avg loss: 1.001762 

2023-12-14 20:49:36,619 | INFO : Epoch 90
-------------------------------
2023-12-14 20:49:36,810 | INFO : loss: 0.000067  [   64/50000]
2023-12-14 20:49:57,249 | INFO : loss: 0.000690  [ 6464/50000]
2023-12-14 20:50:17,393 | INFO : loss: 0.002715  [12864/50000]
2023-12-14 20:50:36,529 | INFO : loss: 0.001376  [19264/50000]
2023-12-14 20:50:57,006 | INFO : loss: 0.000233  [25664/50000]
2023-12-14 20:51:16,341 | INFO : loss: 0.000255  [32064/50000]
2023-12-14 20:51:35,338 | INFO : loss: 0.000287  [38464/50000]
2023-12-14 20:51:55,628 | INFO : loss: 0.000947  [44864/50000]
2023-12-14 20:52:40,150 | INFO : Test Error: 
 Accuracy: 80.8%, Avg loss: 0.992579 

2023-12-14 20:52:40,150 | INFO : Done!
2023-12-14 20:52:40,151 | INFO : Total training time: 15305.822162866592
