A100 GPU 80gb
@compute-2-3.local (GPU): GPU-8281fbc2-ad66-3ec4-1727-f5c0d85e45ca
Files already downloaded and verified
Files already downloaded and verified
2023-11-30 18:48:40,817 | INFO : ----------- VGG11 TRAINING -----------
2023-11-30 18:48:40,823 | INFO : Epoch 1
-------------------------------
2023-11-30 18:48:45,969 | INFO : loss: 2.305160  [   64/50000]
2023-11-30 18:50:04,884 | INFO : loss: 2.264831  [ 6464/50000]
2023-11-30 18:51:29,561 | INFO : loss: 1.951183  [12864/50000]
2023-11-30 18:52:43,229 | INFO : loss: 1.967020  [19264/50000]
2023-11-30 18:53:54,196 | INFO : loss: 1.810757  [25664/50000]
2023-11-30 18:55:11,544 | INFO : loss: 1.685251  [32064/50000]
2023-11-30 18:55:59,375 | INFO : loss: 1.676791  [38464/50000]
2023-11-30 18:56:17,018 | INFO : loss: 1.538535  [44864/50000]
2023-11-30 18:57:05,362 | INFO : Test Error: 
 Accuracy: 41.1%, Avg loss: 1.631263 

2023-11-30 18:57:05,364 | INFO : Epoch 2
-------------------------------
2023-11-30 18:57:05,611 | INFO : loss: 1.609489  [   64/50000]
2023-11-30 18:57:24,511 | INFO : loss: 1.644229  [ 6464/50000]
2023-11-30 18:57:41,294 | INFO : loss: 1.452776  [12864/50000]
2023-11-30 18:58:00,897 | INFO : loss: 1.789040  [19264/50000]
2023-11-30 18:58:20,533 | INFO : loss: 1.470492  [25664/50000]
2023-11-30 18:58:40,529 | INFO : loss: 1.507436  [32064/50000]
2023-11-30 18:59:00,120 | INFO : loss: 1.462965  [38464/50000]
2023-11-30 18:59:18,607 | INFO : loss: 1.328052  [44864/50000]
2023-11-30 19:00:04,843 | INFO : Test Error: 
 Accuracy: 50.2%, Avg loss: 1.388061 

2023-11-30 19:00:04,844 | INFO : Epoch 3
-------------------------------
2023-11-30 19:00:05,073 | INFO : loss: 1.487894  [   64/50000]
2023-11-30 19:00:24,918 | INFO : loss: 1.346967  [ 6464/50000]
2023-11-30 19:00:42,452 | INFO : loss: 1.444642  [12864/50000]
2023-11-30 19:00:59,130 | INFO : loss: 1.457980  [19264/50000]
2023-11-30 19:01:17,863 | INFO : loss: 1.091538  [25664/50000]
2023-11-30 19:01:36,261 | INFO : loss: 1.448384  [32064/50000]
2023-11-30 19:01:54,544 | INFO : loss: 1.515358  [38464/50000]
2023-11-30 19:02:14,144 | INFO : loss: 1.257533  [44864/50000]
2023-11-30 19:02:58,160 | INFO : Test Error: 
 Accuracy: 53.9%, Avg loss: 1.272608 

2023-11-30 19:02:58,161 | INFO : Epoch 4
-------------------------------
2023-11-30 19:02:58,407 | INFO : loss: 1.080070  [   64/50000]
2023-11-30 19:03:16,201 | INFO : loss: 1.141794  [ 6464/50000]
2023-11-30 19:03:33,745 | INFO : loss: 1.091071  [12864/50000]
2023-11-30 19:03:50,493 | INFO : loss: 1.413066  [19264/50000]
2023-11-30 19:04:07,055 | INFO : loss: 1.457846  [25664/50000]
2023-11-30 19:04:24,065 | INFO : loss: 1.283736  [32064/50000]
2023-11-30 19:04:41,539 | INFO : loss: 1.315980  [38464/50000]
2023-11-30 19:04:58,897 | INFO : loss: 1.367385  [44864/50000]
2023-11-30 19:05:42,824 | INFO : Test Error: 
 Accuracy: 58.5%, Avg loss: 1.153287 

2023-11-30 19:05:42,825 | INFO : Epoch 5
-------------------------------
2023-11-30 19:05:43,026 | INFO : loss: 1.083794  [   64/50000]
2023-11-30 19:06:00,382 | INFO : loss: 0.984795  [ 6464/50000]
2023-11-30 19:06:17,858 | INFO : loss: 1.116467  [12864/50000]
2023-11-30 19:06:34,523 | INFO : loss: 1.004326  [19264/50000]
2023-11-30 19:06:52,506 | INFO : loss: 1.003865  [25664/50000]
2023-11-30 19:07:08,852 | INFO : loss: 0.855586  [32064/50000]
2023-11-30 19:07:25,350 | INFO : loss: 1.082641  [38464/50000]
2023-11-30 19:07:44,508 | INFO : loss: 1.114903  [44864/50000]
2023-11-30 19:08:30,004 | INFO : Test Error: 
 Accuracy: 61.9%, Avg loss: 1.072571 

2023-11-30 19:08:30,005 | INFO : Epoch 6
-------------------------------
2023-11-30 19:08:30,200 | INFO : loss: 1.096140  [   64/50000]
2023-11-30 19:08:46,091 | INFO : loss: 0.955194  [ 6464/50000]
2023-11-30 19:09:02,499 | INFO : loss: 1.171854  [12864/50000]
2023-11-30 19:09:19,786 | INFO : loss: 0.795672  [19264/50000]
2023-11-30 19:09:37,241 | INFO : loss: 0.819060  [25664/50000]
2023-11-30 19:09:53,665 | INFO : loss: 0.856373  [32064/50000]
2023-11-30 19:10:10,573 | INFO : loss: 0.852970  [38464/50000]
2023-11-30 19:10:28,402 | INFO : loss: 1.262015  [44864/50000]
2023-11-30 19:11:12,171 | INFO : Test Error: 
 Accuracy: 64.8%, Avg loss: 0.986278 

2023-11-30 19:11:12,172 | INFO : Epoch 7
-------------------------------
2023-11-30 19:11:12,395 | INFO : loss: 0.933505  [   64/50000]
2023-11-30 19:11:29,248 | INFO : loss: 0.890177  [ 6464/50000]
2023-11-30 19:11:47,308 | INFO : loss: 0.850760  [12864/50000]
2023-11-30 19:12:05,302 | INFO : loss: 1.068550  [19264/50000]
2023-11-30 19:12:22,669 | INFO : loss: 0.903788  [25664/50000]
2023-11-30 19:12:39,584 | INFO : loss: 1.000332  [32064/50000]
2023-11-30 19:12:55,841 | INFO : loss: 0.800367  [38464/50000]
2023-11-30 19:13:13,768 | INFO : loss: 0.765721  [44864/50000]
2023-11-30 19:13:54,373 | INFO : Test Error: 
 Accuracy: 67.2%, Avg loss: 0.939870 

2023-11-30 19:13:54,374 | INFO : Epoch 8
-------------------------------
2023-11-30 19:13:54,625 | INFO : loss: 0.733753  [   64/50000]
2023-11-30 19:14:09,821 | INFO : loss: 0.852363  [ 6464/50000]
2023-11-30 19:14:21,628 | INFO : loss: 0.745720  [12864/50000]
2023-11-30 19:14:33,284 | INFO : loss: 0.859963  [19264/50000]
2023-11-30 19:14:44,841 | INFO : loss: 0.642819  [25664/50000]
2023-11-30 19:14:56,461 | INFO : loss: 1.134475  [32064/50000]
2023-11-30 19:15:08,081 | INFO : loss: 0.838550  [38464/50000]
2023-11-30 19:15:19,646 | INFO : loss: 0.588997  [44864/50000]
2023-11-30 19:15:46,571 | INFO : Test Error: 
 Accuracy: 68.2%, Avg loss: 0.915688 

2023-11-30 19:15:46,572 | INFO : Epoch 9
-------------------------------
2023-11-30 19:15:46,733 | INFO : loss: 0.756108  [   64/50000]
2023-11-30 19:15:58,368 | INFO : loss: 0.624641  [ 6464/50000]
2023-11-30 19:16:10,138 | INFO : loss: 0.916751  [12864/50000]
2023-11-30 19:16:21,782 | INFO : loss: 0.499798  [19264/50000]
2023-11-30 19:16:33,363 | INFO : loss: 0.678049  [25664/50000]
2023-11-30 19:16:44,729 | INFO : loss: 0.507430  [32064/50000]
2023-11-30 19:16:56,177 | INFO : loss: 0.882010  [38464/50000]
2023-11-30 19:17:07,626 | INFO : loss: 0.887823  [44864/50000]
2023-11-30 19:17:34,516 | INFO : Test Error: 
 Accuracy: 70.4%, Avg loss: 0.865188 

2023-11-30 19:17:34,516 | INFO : Epoch 10
-------------------------------
2023-11-30 19:17:34,695 | INFO : loss: 0.614686  [   64/50000]
2023-11-30 19:17:46,331 | INFO : loss: 0.897489  [ 6464/50000]
2023-11-30 19:17:57,943 | INFO : loss: 0.654011  [12864/50000]
2023-11-30 19:18:09,415 | INFO : loss: 0.418384  [19264/50000]
2023-11-30 19:18:20,879 | INFO : loss: 0.473904  [25664/50000]
2023-11-30 19:18:32,362 | INFO : loss: 0.445421  [32064/50000]
2023-11-30 19:18:43,980 | INFO : loss: 0.412267  [38464/50000]
2023-11-30 19:18:55,485 | INFO : loss: 0.460723  [44864/50000]
2023-11-30 19:19:22,274 | INFO : Test Error: 
 Accuracy: 71.6%, Avg loss: 0.845955 

2023-11-30 19:19:22,274 | INFO : Epoch 11
-------------------------------
2023-11-30 19:19:22,445 | INFO : loss: 0.415297  [   64/50000]
2023-11-30 19:19:33,860 | INFO : loss: 0.438456  [ 6464/50000]
2023-11-30 19:19:45,667 | INFO : loss: 0.276232  [12864/50000]
2023-11-30 19:19:57,261 | INFO : loss: 0.415496  [19264/50000]
2023-11-30 19:20:08,754 | INFO : loss: 0.615954  [25664/50000]
2023-11-30 19:20:20,182 | INFO : loss: 0.397858  [32064/50000]
2023-11-30 19:20:32,132 | INFO : loss: 0.514036  [38464/50000]
2023-11-30 19:20:43,502 | INFO : loss: 0.547471  [44864/50000]
2023-11-30 19:21:10,095 | INFO : Test Error: 
 Accuracy: 72.6%, Avg loss: 0.828652 

2023-11-30 19:21:10,096 | INFO : Epoch 12
-------------------------------
2023-11-30 19:21:10,258 | INFO : loss: 0.280973  [   64/50000]
2023-11-30 19:21:21,668 | INFO : loss: 0.225273  [ 6464/50000]
2023-11-30 19:21:33,102 | INFO : loss: 0.467982  [12864/50000]
2023-11-30 19:21:44,458 | INFO : loss: 0.405346  [19264/50000]
2023-11-30 19:21:55,856 | INFO : loss: 0.350361  [25664/50000]
2023-11-30 19:22:07,238 | INFO : loss: 0.308900  [32064/50000]
2023-11-30 19:22:18,622 | INFO : loss: 0.300572  [38464/50000]
2023-11-30 19:22:30,037 | INFO : loss: 0.419266  [44864/50000]
2023-11-30 19:22:56,474 | INFO : Test Error: 
 Accuracy: 72.6%, Avg loss: 0.850380 

2023-11-30 19:22:56,475 | INFO : Epoch 13
-------------------------------
2023-11-30 19:22:56,665 | INFO : loss: 0.359772  [   64/50000]
2023-11-30 19:23:08,068 | INFO : loss: 0.305689  [ 6464/50000]
2023-11-30 19:23:19,418 | INFO : loss: 0.357163  [12864/50000]
2023-11-30 19:23:30,751 | INFO : loss: 0.502541  [19264/50000]
2023-11-30 19:23:42,088 | INFO : loss: 0.256348  [25664/50000]
2023-11-30 19:23:53,477 | INFO : loss: 0.449901  [32064/50000]
2023-11-30 19:24:04,864 | INFO : loss: 0.413881  [38464/50000]
2023-11-30 19:24:16,233 | INFO : loss: 0.357062  [44864/50000]
2023-11-30 19:24:42,817 | INFO : Test Error: 
 Accuracy: 72.1%, Avg loss: 0.920806 

2023-11-30 19:24:42,817 | INFO : Epoch 14
-------------------------------
2023-11-30 19:24:42,979 | INFO : loss: 0.305888  [   64/50000]
2023-11-30 19:24:54,349 | INFO : loss: 0.213860  [ 6464/50000]
2023-11-30 19:25:05,843 | INFO : loss: 0.170445  [12864/50000]
2023-11-30 19:25:17,543 | INFO : loss: 0.441477  [19264/50000]
2023-11-30 19:25:29,180 | INFO : loss: 0.219465  [25664/50000]
2023-11-30 19:25:41,044 | INFO : loss: 0.182492  [32064/50000]
2023-11-30 19:25:53,042 | INFO : loss: 0.398692  [38464/50000]
2023-11-30 19:26:04,471 | INFO : loss: 0.209123  [44864/50000]
2023-11-30 19:26:31,149 | INFO : Test Error: 
 Accuracy: 72.8%, Avg loss: 0.940237 

2023-11-30 19:26:31,150 | INFO : Epoch 15
-------------------------------
2023-11-30 19:26:31,309 | INFO : loss: 0.212395  [   64/50000]
2023-11-30 19:26:42,648 | INFO : loss: 0.214779  [ 6464/50000]
2023-11-30 19:26:54,025 | INFO : loss: 0.164522  [12864/50000]
2023-11-30 19:27:05,360 | INFO : loss: 0.211086  [19264/50000]
2023-11-30 19:27:16,720 | INFO : loss: 0.165928  [25664/50000]
2023-11-30 19:27:28,100 | INFO : loss: 0.214091  [32064/50000]
2023-11-30 19:27:39,530 | INFO : loss: 0.249087  [38464/50000]
2023-11-30 19:27:50,941 | INFO : loss: 0.146800  [44864/50000]
2023-11-30 19:28:17,421 | INFO : Test Error: 
 Accuracy: 72.3%, Avg loss: 1.034295 

2023-11-30 19:28:17,421 | INFO : Epoch 16
-------------------------------
2023-11-30 19:28:17,606 | INFO : loss: 0.206043  [   64/50000]
2023-11-30 19:28:28,996 | INFO : loss: 0.155935  [ 6464/50000]
2023-11-30 19:28:40,354 | INFO : loss: 0.204897  [12864/50000]
2023-11-30 19:28:51,782 | INFO : loss: 0.136054  [19264/50000]
2023-11-30 19:29:03,165 | INFO : loss: 0.176783  [25664/50000]
2023-11-30 19:29:14,580 | INFO : loss: 0.163988  [32064/50000]
2023-11-30 19:29:25,995 | INFO : loss: 0.158073  [38464/50000]
2023-11-30 19:29:37,381 | INFO : loss: 0.067830  [44864/50000]
2023-11-30 19:30:03,889 | INFO : Test Error: 
 Accuracy: 73.7%, Avg loss: 1.025199 

2023-11-30 19:30:03,890 | INFO : Epoch 17
-------------------------------
2023-11-30 19:30:04,074 | INFO : loss: 0.166312  [   64/50000]
2023-11-30 19:30:15,499 | INFO : loss: 0.119566  [ 6464/50000]
2023-11-30 19:30:26,973 | INFO : loss: 0.203184  [12864/50000]
2023-11-30 19:30:38,391 | INFO : loss: 0.265390  [19264/50000]
2023-11-30 19:30:49,763 | INFO : loss: 0.144760  [25664/50000]
2023-11-30 19:31:01,188 | INFO : loss: 0.273072  [32064/50000]
2023-11-30 19:31:12,605 | INFO : loss: 0.156114  [38464/50000]
2023-11-30 19:31:24,018 | INFO : loss: 0.200462  [44864/50000]
2023-11-30 19:31:50,608 | INFO : Test Error: 
 Accuracy: 73.5%, Avg loss: 1.092219 

2023-11-30 19:31:50,609 | INFO : Epoch 18
-------------------------------
2023-11-30 19:31:50,794 | INFO : loss: 0.097590  [   64/50000]
2023-11-30 19:32:02,240 | INFO : loss: 0.070521  [ 6464/50000]
2023-11-30 19:32:13,680 | INFO : loss: 0.028873  [12864/50000]
2023-11-30 19:32:25,132 | INFO : loss: 0.076980  [19264/50000]
2023-11-30 19:32:36,534 | INFO : loss: 0.213781  [25664/50000]
2023-11-30 19:32:47,938 | INFO : loss: 0.181918  [32064/50000]
2023-11-30 19:32:59,435 | INFO : loss: 0.156723  [38464/50000]
2023-11-30 19:33:10,881 | INFO : loss: 0.098764  [44864/50000]
2023-11-30 19:33:37,413 | INFO : Test Error: 
 Accuracy: 73.9%, Avg loss: 1.131042 

2023-11-30 19:33:37,413 | INFO : Epoch 19
-------------------------------
2023-11-30 19:33:37,576 | INFO : loss: 0.105256  [   64/50000]
2023-11-30 19:33:49,029 | INFO : loss: 0.101956  [ 6464/50000]
2023-11-30 19:34:00,450 | INFO : loss: 0.105626  [12864/50000]
2023-11-30 19:34:11,924 | INFO : loss: 0.053502  [19264/50000]
2023-11-30 19:34:23,388 | INFO : loss: 0.121620  [25664/50000]
2023-11-30 19:34:34,963 | INFO : loss: 0.126277  [32064/50000]
2023-11-30 19:34:46,814 | INFO : loss: 0.186164  [38464/50000]
2023-11-30 19:34:58,623 | INFO : loss: 0.064314  [44864/50000]
2023-11-30 19:35:25,752 | INFO : Test Error: 
 Accuracy: 74.4%, Avg loss: 1.172991 

2023-11-30 19:35:25,753 | INFO : Epoch 20
-------------------------------
2023-11-30 19:35:25,936 | INFO : loss: 0.039391  [   64/50000]
2023-11-30 19:35:37,330 | INFO : loss: 0.090862  [ 6464/50000]
2023-11-30 19:35:48,739 | INFO : loss: 0.169999  [12864/50000]
2023-11-30 19:36:00,154 | INFO : loss: 0.085110  [19264/50000]
2023-11-30 19:36:11,565 | INFO : loss: 0.127402  [25664/50000]
2023-11-30 19:36:23,038 | INFO : loss: 0.146281  [32064/50000]
2023-11-30 19:36:34,521 | INFO : loss: 0.201293  [38464/50000]
2023-11-30 19:36:45,957 | INFO : loss: 0.049369  [44864/50000]
2023-11-30 19:37:12,715 | INFO : Test Error: 
 Accuracy: 74.4%, Avg loss: 1.198111 

2023-11-30 19:37:12,716 | INFO : Epoch 21
-------------------------------
2023-11-30 19:37:12,906 | INFO : loss: 0.116944  [   64/50000]
2023-11-30 19:37:24,408 | INFO : loss: 0.081299  [ 6464/50000]
2023-11-30 19:37:35,768 | INFO : loss: 0.107278  [12864/50000]
2023-11-30 19:37:47,180 | INFO : loss: 0.097687  [19264/50000]
2023-11-30 19:37:58,556 | INFO : loss: 0.119416  [25664/50000]
2023-11-30 19:38:09,975 | INFO : loss: 0.119089  [32064/50000]
2023-11-30 19:38:21,432 | INFO : loss: 0.066110  [38464/50000]
2023-11-30 19:38:32,878 | INFO : loss: 0.091217  [44864/50000]
2023-11-30 19:38:59,452 | INFO : Test Error: 
 Accuracy: 74.3%, Avg loss: 1.253833 

2023-11-30 19:38:59,453 | INFO : Epoch 22
-------------------------------
2023-11-30 19:38:59,640 | INFO : loss: 0.060454  [   64/50000]
2023-11-30 19:39:11,031 | INFO : loss: 0.125947  [ 6464/50000]
2023-11-30 19:39:22,467 | INFO : loss: 0.171967  [12864/50000]
2023-11-30 19:39:33,918 | INFO : loss: 0.082222  [19264/50000]
2023-11-30 19:39:45,349 | INFO : loss: 0.107850  [25664/50000]
2023-11-30 19:39:56,707 | INFO : loss: 0.053086  [32064/50000]
2023-11-30 19:40:08,087 | INFO : loss: 0.049085  [38464/50000]
2023-11-30 19:40:19,452 | INFO : loss: 0.031382  [44864/50000]
2023-11-30 19:40:46,057 | INFO : Test Error: 
 Accuracy: 74.2%, Avg loss: 1.277719 

2023-11-30 19:40:46,058 | INFO : Epoch 23
-------------------------------
2023-11-30 19:40:46,235 | INFO : loss: 0.016515  [   64/50000]
2023-11-30 19:40:57,605 | INFO : loss: 0.067142  [ 6464/50000]
2023-11-30 19:41:08,976 | INFO : loss: 0.097103  [12864/50000]
2023-11-30 19:41:20,385 | INFO : loss: 0.095054  [19264/50000]
2023-11-30 19:41:31,776 | INFO : loss: 0.042909  [25664/50000]
2023-11-30 19:41:43,154 | INFO : loss: 0.022586  [32064/50000]
2023-11-30 19:41:54,641 | INFO : loss: 0.076644  [38464/50000]
2023-11-30 19:42:06,149 | INFO : loss: 0.017576  [44864/50000]
2023-11-30 19:42:32,788 | INFO : Test Error: 
 Accuracy: 75.0%, Avg loss: 1.236607 

2023-11-30 19:42:32,789 | INFO : Epoch 24
-------------------------------
2023-11-30 19:42:32,955 | INFO : loss: 0.023308  [   64/50000]
2023-11-30 19:42:44,379 | INFO : loss: 0.057246  [ 6464/50000]
2023-11-30 19:42:55,783 | INFO : loss: 0.033757  [12864/50000]
2023-11-30 19:43:07,245 | INFO : loss: 0.057404  [19264/50000]
2023-11-30 19:43:18,633 | INFO : loss: 0.055747  [25664/50000]
2023-11-30 19:43:30,022 | INFO : loss: 0.042343  [32064/50000]
2023-11-30 19:43:41,461 | INFO : loss: 0.024738  [38464/50000]
2023-11-30 19:43:52,857 | INFO : loss: 0.115431  [44864/50000]
2023-11-30 19:44:19,408 | INFO : Test Error: 
 Accuracy: 74.7%, Avg loss: 1.327266 

2023-11-30 19:44:19,409 | INFO : Epoch 25
-------------------------------
2023-11-30 19:44:19,596 | INFO : loss: 0.024755  [   64/50000]
2023-11-30 19:44:31,050 | INFO : loss: 0.054193  [ 6464/50000]
2023-11-30 19:44:42,431 | INFO : loss: 0.074970  [12864/50000]
2023-11-30 19:44:53,941 | INFO : loss: 0.012286  [19264/50000]
2023-11-30 19:45:05,353 | INFO : loss: 0.119455  [25664/50000]
2023-11-30 19:45:16,787 | INFO : loss: 0.124854  [32064/50000]
2023-11-30 19:45:28,318 | INFO : loss: 0.009342  [38464/50000]
2023-11-30 19:45:39,851 | INFO : loss: 0.015407  [44864/50000]
2023-11-30 19:46:06,504 | INFO : Test Error: 
 Accuracy: 75.2%, Avg loss: 1.296692 

2023-11-30 19:46:06,505 | INFO : Epoch 26
-------------------------------
2023-11-30 19:46:06,691 | INFO : loss: 0.024003  [   64/50000]
2023-11-30 19:46:18,131 | INFO : loss: 0.075993  [ 6464/50000]
2023-11-30 19:46:29,577 | INFO : loss: 0.084358  [12864/50000]
2023-11-30 19:46:41,215 | INFO : loss: 0.009578  [19264/50000]
2023-11-30 19:46:52,647 | INFO : loss: 0.020142  [25664/50000]
2023-11-30 19:47:04,101 | INFO : loss: 0.073898  [32064/50000]
2023-11-30 19:47:15,556 | INFO : loss: 0.079981  [38464/50000]
2023-11-30 19:47:26,965 | INFO : loss: 0.071803  [44864/50000]
2023-11-30 19:47:53,520 | INFO : Test Error: 
 Accuracy: 75.3%, Avg loss: 1.426833 

2023-11-30 19:47:53,521 | INFO : Epoch 27
-------------------------------
2023-11-30 19:47:53,692 | INFO : loss: 0.106625  [   64/50000]
2023-11-30 19:48:05,126 | INFO : loss: 0.007549  [ 6464/50000]
2023-11-30 19:48:16,564 | INFO : loss: 0.051659  [12864/50000]
2023-11-30 19:48:27,960 | INFO : loss: 0.060127  [19264/50000]
2023-11-30 19:48:39,386 | INFO : loss: 0.052611  [25664/50000]
2023-11-30 19:48:50,789 | INFO : loss: 0.070010  [32064/50000]
2023-11-30 19:49:02,244 | INFO : loss: 0.030895  [38464/50000]
2023-11-30 19:49:13,658 | INFO : loss: 0.003243  [44864/50000]
2023-11-30 19:49:40,359 | INFO : Test Error: 
 Accuracy: 75.5%, Avg loss: 1.275563 

2023-11-30 19:49:40,360 | INFO : Epoch 28
-------------------------------
2023-11-30 19:49:40,535 | INFO : loss: 0.035553  [   64/50000]
2023-11-30 19:49:51,976 | INFO : loss: 0.031733  [ 6464/50000]
2023-11-30 19:50:03,455 | INFO : loss: 0.076720  [12864/50000]
2023-11-30 19:50:14,864 | INFO : loss: 0.053511  [19264/50000]
2023-11-30 19:50:26,236 | INFO : loss: 0.104728  [25664/50000]
2023-11-30 19:50:37,657 | INFO : loss: 0.031502  [32064/50000]
2023-11-30 19:50:49,135 | INFO : loss: 0.051289  [38464/50000]
2023-11-30 19:51:00,553 | INFO : loss: 0.020223  [44864/50000]
2023-11-30 19:51:27,284 | INFO : Test Error: 
 Accuracy: 75.4%, Avg loss: 1.342094 

2023-11-30 19:51:27,285 | INFO : Epoch 29
-------------------------------
2023-11-30 19:51:27,457 | INFO : loss: 0.021953  [   64/50000]
2023-11-30 19:51:38,864 | INFO : loss: 0.019970  [ 6464/50000]
2023-11-30 19:51:50,281 | INFO : loss: 0.039528  [12864/50000]
2023-11-30 19:52:01,711 | INFO : loss: 0.003917  [19264/50000]
2023-11-30 19:52:13,124 | INFO : loss: 0.013196  [25664/50000]
2023-11-30 19:52:24,532 | INFO : loss: 0.023687  [32064/50000]
2023-11-30 19:52:35,931 | INFO : loss: 0.025997  [38464/50000]
2023-11-30 19:52:47,332 | INFO : loss: 0.076810  [44864/50000]
2023-11-30 19:53:13,954 | INFO : Test Error: 
 Accuracy: 75.4%, Avg loss: 1.343460 

2023-11-30 19:53:13,955 | INFO : Epoch 30
-------------------------------
2023-11-30 19:53:14,131 | INFO : loss: 0.009269  [   64/50000]
2023-11-30 19:53:25,882 | INFO : loss: 0.039192  [ 6464/50000]
2023-11-30 19:53:37,607 | INFO : loss: 0.010858  [12864/50000]
2023-11-30 19:53:49,156 | INFO : loss: 0.070144  [19264/50000]
2023-11-30 19:54:00,602 | INFO : loss: 0.007174  [25664/50000]
2023-11-30 19:54:12,067 | INFO : loss: 0.005606  [32064/50000]
2023-11-30 19:54:23,837 | INFO : loss: 0.033636  [38464/50000]
2023-11-30 19:54:35,299 | INFO : loss: 0.107392  [44864/50000]
2023-11-30 19:55:02,673 | INFO : Test Error: 
 Accuracy: 75.8%, Avg loss: 1.361513 

2023-11-30 19:55:02,674 | INFO : Epoch 31
-------------------------------
2023-11-30 19:55:02,834 | INFO : loss: 0.026971  [   64/50000]
2023-11-30 19:55:14,302 | INFO : loss: 0.016902  [ 6464/50000]
2023-11-30 19:55:25,716 | INFO : loss: 0.071231  [12864/50000]
2023-11-30 19:55:37,181 | INFO : loss: 0.004163  [19264/50000]
2023-11-30 19:55:48,689 | INFO : loss: 0.010394  [25664/50000]
2023-11-30 19:56:00,203 | INFO : loss: 0.067322  [32064/50000]
2023-11-30 19:56:11,607 | INFO : loss: 0.036149  [38464/50000]
2023-11-30 19:56:23,074 | INFO : loss: 0.020368  [44864/50000]
2023-11-30 19:56:49,704 | INFO : Test Error: 
 Accuracy: 75.2%, Avg loss: 1.426847 

2023-11-30 19:56:49,705 | INFO : Epoch 32
-------------------------------
2023-11-30 19:56:49,883 | INFO : loss: 0.000914  [   64/50000]
2023-11-30 19:57:01,281 | INFO : loss: 0.018404  [ 6464/50000]
2023-11-30 19:57:12,710 | INFO : loss: 0.002985  [12864/50000]
2023-11-30 19:57:24,116 | INFO : loss: 0.126164  [19264/50000]
2023-11-30 19:57:35,558 | INFO : loss: 0.021197  [25664/50000]
2023-11-30 19:57:46,989 | INFO : loss: 0.023765  [32064/50000]
2023-11-30 19:57:58,404 | INFO : loss: 0.010178  [38464/50000]
2023-11-30 19:58:09,822 | INFO : loss: 0.041214  [44864/50000]
2023-11-30 19:58:36,458 | INFO : Test Error: 
 Accuracy: 75.5%, Avg loss: 1.410940 

2023-11-30 19:58:36,459 | INFO : Epoch 33
-------------------------------
2023-11-30 19:58:36,633 | INFO : loss: 0.006298  [   64/50000]
2023-11-30 19:58:48,104 | INFO : loss: 0.008948  [ 6464/50000]
2023-11-30 19:58:59,548 | INFO : loss: 0.018192  [12864/50000]
2023-11-30 19:59:10,985 | INFO : loss: 0.035357  [19264/50000]
2023-11-30 19:59:22,375 | INFO : loss: 0.018641  [25664/50000]
2023-11-30 19:59:33,736 | INFO : loss: 0.065868  [32064/50000]
2023-11-30 19:59:45,148 | INFO : loss: 0.087218  [38464/50000]
2023-11-30 19:59:56,564 | INFO : loss: 0.019991  [44864/50000]
2023-11-30 20:00:23,195 | INFO : Test Error: 
 Accuracy: 75.9%, Avg loss: 1.351375 

2023-11-30 20:00:23,196 | INFO : Epoch 34
-------------------------------
2023-11-30 20:00:23,368 | INFO : loss: 0.012371  [   64/50000]
2023-11-30 20:00:34,735 | INFO : loss: 0.031665  [ 6464/50000]
2023-11-30 20:00:46,156 | INFO : loss: 0.003971  [12864/50000]
2023-11-30 20:00:57,602 | INFO : loss: 0.056754  [19264/50000]
2023-11-30 20:01:09,002 | INFO : loss: 0.002470  [25664/50000]
2023-11-30 20:01:20,451 | INFO : loss: 0.090254  [32064/50000]
2023-11-30 20:01:31,832 | INFO : loss: 0.009445  [38464/50000]
2023-11-30 20:01:43,191 | INFO : loss: 0.030015  [44864/50000]
2023-11-30 20:02:09,777 | INFO : Test Error: 
 Accuracy: 75.8%, Avg loss: 1.430059 

2023-11-30 20:02:09,778 | INFO : Epoch 35
-------------------------------
2023-11-30 20:02:09,963 | INFO : loss: 0.013008  [   64/50000]
2023-11-30 20:02:21,345 | INFO : loss: 0.002051  [ 6464/50000]
2023-11-30 20:02:32,741 | INFO : loss: 0.007144  [12864/50000]
2023-11-30 20:02:44,140 | INFO : loss: 0.012644  [19264/50000]
2023-11-30 20:02:55,549 | INFO : loss: 0.022779  [25664/50000]
2023-11-30 20:03:06,983 | INFO : loss: 0.044360  [32064/50000]
2023-11-30 20:03:18,429 | INFO : loss: 0.007913  [38464/50000]
2023-11-30 20:03:29,875 | INFO : loss: 0.021286  [44864/50000]
2023-11-30 20:03:56,471 | INFO : Test Error: 
 Accuracy: 75.7%, Avg loss: 1.414363 

2023-11-30 20:03:56,472 | INFO : Epoch 36
-------------------------------
2023-11-30 20:03:56,652 | INFO : loss: 0.112137  [   64/50000]
2023-11-30 20:04:08,065 | INFO : loss: 0.023928  [ 6464/50000]
2023-11-30 20:04:19,521 | INFO : loss: 0.018656  [12864/50000]
2023-11-30 20:04:30,969 | INFO : loss: 0.006693  [19264/50000]
2023-11-30 20:04:42,411 | INFO : loss: 0.004959  [25664/50000]
2023-11-30 20:04:53,794 | INFO : loss: 0.002996  [32064/50000]
2023-11-30 20:05:05,224 | INFO : loss: 0.042118  [38464/50000]
2023-11-30 20:05:16,635 | INFO : loss: 0.003099  [44864/50000]
2023-11-30 20:05:43,296 | INFO : Test Error: 
 Accuracy: 75.8%, Avg loss: 1.445642 

2023-11-30 20:05:43,297 | INFO : Epoch 37
-------------------------------
2023-11-30 20:05:43,463 | INFO : loss: 0.020864  [   64/50000]
2023-11-30 20:05:55,099 | INFO : loss: 0.003491  [ 6464/50000]
2023-11-30 20:06:06,645 | INFO : loss: 0.006450  [12864/50000]
2023-11-30 20:06:18,352 | INFO : loss: 0.014180  [19264/50000]
2023-11-30 20:06:30,077 | INFO : loss: 0.081874  [25664/50000]
2023-11-30 20:06:41,807 | INFO : loss: 0.012582  [32064/50000]
2023-11-30 20:06:53,586 | INFO : loss: 0.002704  [38464/50000]
2023-11-30 20:07:05,085 | INFO : loss: 0.013675  [44864/50000]
2023-11-30 20:07:31,821 | INFO : Test Error: 
 Accuracy: 75.9%, Avg loss: 1.488509 

2023-11-30 20:07:31,822 | INFO : Epoch 38
-------------------------------
2023-11-30 20:07:31,981 | INFO : loss: 0.018690  [   64/50000]
2023-11-30 20:07:43,473 | INFO : loss: 0.042078  [ 6464/50000]
2023-11-30 20:07:54,971 | INFO : loss: 0.038715  [12864/50000]
2023-11-30 20:08:06,501 | INFO : loss: 0.080102  [19264/50000]
2023-11-30 20:08:17,948 | INFO : loss: 0.003369  [25664/50000]
2023-11-30 20:08:29,350 | INFO : loss: 0.005537  [32064/50000]
2023-11-30 20:08:40,730 | INFO : loss: 0.001570  [38464/50000]
2023-11-30 20:08:52,257 | INFO : loss: 0.004438  [44864/50000]
2023-11-30 20:09:18,878 | INFO : Test Error: 
 Accuracy: 76.3%, Avg loss: 1.419189 

2023-11-30 20:09:18,879 | INFO : Epoch 39
-------------------------------
2023-11-30 20:09:19,044 | INFO : loss: 0.040531  [   64/50000]
2023-11-30 20:09:30,454 | INFO : loss: 0.012126  [ 6464/50000]
2023-11-30 20:09:41,861 | INFO : loss: 0.001081  [12864/50000]
2023-11-30 20:09:53,256 | INFO : loss: 0.006965  [19264/50000]
2023-11-30 20:10:04,669 | INFO : loss: 0.027766  [25664/50000]
2023-11-30 20:10:16,236 | INFO : loss: 0.030519  [32064/50000]
2023-11-30 20:10:27,653 | INFO : loss: 0.003664  [38464/50000]
2023-11-30 20:10:39,066 | INFO : loss: 0.019010  [44864/50000]
2023-11-30 20:11:05,822 | INFO : Test Error: 
 Accuracy: 76.1%, Avg loss: 1.462728 

2023-11-30 20:11:05,823 | INFO : Epoch 40
-------------------------------
2023-11-30 20:11:05,998 | INFO : loss: 0.007038  [   64/50000]
2023-11-30 20:11:17,428 | INFO : loss: 0.019532  [ 6464/50000]
2023-11-30 20:11:28,909 | INFO : loss: 0.004027  [12864/50000]
2023-11-30 20:11:40,416 | INFO : loss: 0.013625  [19264/50000]
2023-11-30 20:11:51,852 | INFO : loss: 0.000591  [25664/50000]
2023-11-30 20:12:03,276 | INFO : loss: 0.000895  [32064/50000]
2023-11-30 20:12:14,788 | INFO : loss: 0.007290  [38464/50000]
2023-11-30 20:12:26,180 | INFO : loss: 0.025427  [44864/50000]
2023-11-30 20:12:52,723 | INFO : Test Error: 
 Accuracy: 76.4%, Avg loss: 1.437029 

2023-11-30 20:12:52,724 | INFO : Epoch 41
-------------------------------
2023-11-30 20:12:52,905 | INFO : loss: 0.008709  [   64/50000]
2023-11-30 20:13:04,330 | INFO : loss: 0.008745  [ 6464/50000]
2023-11-30 20:13:15,770 | INFO : loss: 0.007156  [12864/50000]
2023-11-30 20:13:27,197 | INFO : loss: 0.005840  [19264/50000]
2023-11-30 20:13:38,655 | INFO : loss: 0.004287  [25664/50000]
2023-11-30 20:13:50,061 | INFO : loss: 0.003502  [32064/50000]
2023-11-30 20:14:01,473 | INFO : loss: 0.000229  [38464/50000]
2023-11-30 20:14:12,915 | INFO : loss: 0.002027  [44864/50000]
2023-11-30 20:14:40,110 | INFO : Test Error: 
 Accuracy: 76.2%, Avg loss: 1.515220 

2023-11-30 20:14:40,111 | INFO : Epoch 42
-------------------------------
2023-11-30 20:14:40,280 | INFO : loss: 0.008016  [   64/50000]
2023-11-30 20:14:51,704 | INFO : loss: 0.039056  [ 6464/50000]
2023-11-30 20:15:03,101 | INFO : loss: 0.044691  [12864/50000]
2023-11-30 20:15:14,662 | INFO : loss: 0.006551  [19264/50000]
2023-11-30 20:15:26,202 | INFO : loss: 0.053178  [25664/50000]
2023-11-30 20:15:37,564 | INFO : loss: 0.002001  [32064/50000]
2023-11-30 20:15:48,986 | INFO : loss: 0.003571  [38464/50000]
2023-11-30 20:16:00,382 | INFO : loss: 0.009443  [44864/50000]
2023-11-30 20:16:27,007 | INFO : Test Error: 
 Accuracy: 75.9%, Avg loss: 1.459120 

2023-11-30 20:16:27,008 | INFO : Epoch 43
-------------------------------
2023-11-30 20:16:27,187 | INFO : loss: 0.002889  [   64/50000]
2023-11-30 20:16:38,574 | INFO : loss: 0.007440  [ 6464/50000]
2023-11-30 20:16:50,016 | INFO : loss: 0.001767  [12864/50000]
2023-11-30 20:17:01,394 | INFO : loss: 0.005362  [19264/50000]
2023-11-30 20:17:12,794 | INFO : loss: 0.018223  [25664/50000]
2023-11-30 20:17:24,244 | INFO : loss: 0.006108  [32064/50000]
2023-11-30 20:17:35,733 | INFO : loss: 0.073324  [38464/50000]
2023-11-30 20:17:47,165 | INFO : loss: 0.002946  [44864/50000]
2023-11-30 20:18:13,654 | INFO : Test Error: 
 Accuracy: 76.1%, Avg loss: 1.465081 

2023-11-30 20:18:13,655 | INFO : Epoch 44
-------------------------------
2023-11-30 20:18:13,843 | INFO : loss: 0.012039  [   64/50000]
2023-11-30 20:18:25,212 | INFO : loss: 0.009533  [ 6464/50000]
2023-11-30 20:18:36,600 | INFO : loss: 0.002691  [12864/50000]
2023-11-30 20:18:48,048 | INFO : loss: 0.010385  [19264/50000]
2023-11-30 20:18:59,454 | INFO : loss: 0.001952  [25664/50000]
2023-11-30 20:19:10,861 | INFO : loss: 0.000791  [32064/50000]
2023-11-30 20:19:22,341 | INFO : loss: 0.011857  [38464/50000]
2023-11-30 20:19:33,793 | INFO : loss: 0.003449  [44864/50000]
2023-11-30 20:20:00,353 | INFO : Test Error: 
 Accuracy: 76.4%, Avg loss: 1.402362 

2023-11-30 20:20:00,354 | INFO : Epoch 45
-------------------------------
2023-11-30 20:20:00,517 | INFO : loss: 0.002488  [   64/50000]
2023-11-30 20:20:11,924 | INFO : loss: 0.008494  [ 6464/50000]
2023-11-30 20:20:23,349 | INFO : loss: 0.050650  [12864/50000]
2023-11-30 20:20:34,778 | INFO : loss: 0.025954  [19264/50000]
2023-11-30 20:20:46,217 | INFO : loss: 0.003998  [25664/50000]
2023-11-30 20:20:57,726 | INFO : loss: 0.003887  [32064/50000]
2023-11-30 20:21:09,348 | INFO : loss: 0.008196  [38464/50000]
2023-11-30 20:21:21,241 | INFO : loss: 0.002412  [44864/50000]
2023-11-30 20:21:48,065 | INFO : Test Error: 
 Accuracy: 76.0%, Avg loss: 1.430777 

2023-11-30 20:21:48,065 | INFO : Epoch 46
-------------------------------
2023-11-30 20:21:48,252 | INFO : loss: 0.026189  [   64/50000]
2023-11-30 20:21:59,694 | INFO : loss: 0.002100  [ 6464/50000]
2023-11-30 20:22:11,154 | INFO : loss: 0.051269  [12864/50000]
2023-11-30 20:22:22,859 | INFO : loss: 0.000939  [19264/50000]
2023-11-30 20:22:34,660 | INFO : loss: 0.003237  [25664/50000]
2023-11-30 20:22:46,025 | INFO : loss: 0.001007  [32064/50000]
2023-11-30 20:22:57,449 | INFO : loss: 0.004308  [38464/50000]
2023-11-30 20:23:08,823 | INFO : loss: 0.112135  [44864/50000]
2023-11-30 20:23:35,528 | INFO : Test Error: 
 Accuracy: 75.8%, Avg loss: 1.467034 

2023-11-30 20:23:35,529 | INFO : Epoch 47
-------------------------------
2023-11-30 20:23:35,691 | INFO : loss: 0.000833  [   64/50000]
2023-11-30 20:23:47,333 | INFO : loss: 0.009159  [ 6464/50000]
2023-11-30 20:23:59,052 | INFO : loss: 0.006470  [12864/50000]
2023-11-30 20:24:10,664 | INFO : loss: 0.012757  [19264/50000]
2023-11-30 20:24:22,627 | INFO : loss: 0.001084  [25664/50000]
2023-11-30 20:24:34,187 | INFO : loss: 0.014488  [32064/50000]
2023-11-30 20:24:45,619 | INFO : loss: 0.009996  [38464/50000]
2023-11-30 20:24:57,439 | INFO : loss: 0.006351  [44864/50000]
2023-11-30 20:25:24,412 | INFO : Test Error: 
 Accuracy: 75.9%, Avg loss: 1.475171 

2023-11-30 20:25:24,412 | INFO : Epoch 48
-------------------------------
2023-11-30 20:25:24,595 | INFO : loss: 0.158524  [   64/50000]
2023-11-30 20:25:36,565 | INFO : loss: 0.003508  [ 6464/50000]
2023-11-30 20:25:48,225 | INFO : loss: 0.006561  [12864/50000]
2023-11-30 20:25:59,597 | INFO : loss: 0.029837  [19264/50000]
2023-11-30 20:26:10,919 | INFO : loss: 0.005787  [25664/50000]
2023-11-30 20:26:22,311 | INFO : loss: 0.002324  [32064/50000]
2023-11-30 20:26:33,845 | INFO : loss: 0.000963  [38464/50000]
2023-11-30 20:26:45,190 | INFO : loss: 0.023701  [44864/50000]
2023-11-30 20:27:11,677 | INFO : Test Error: 
 Accuracy: 76.2%, Avg loss: 1.451956 

2023-11-30 20:27:11,677 | INFO : Epoch 49
-------------------------------
2023-11-30 20:27:11,837 | INFO : loss: 0.063866  [   64/50000]
2023-11-30 20:27:23,193 | INFO : loss: 0.004469  [ 6464/50000]
2023-11-30 20:27:36,245 | INFO : loss: 0.000718  [12864/50000]
2023-11-30 20:27:48,248 | INFO : loss: 0.003709  [19264/50000]
2023-11-30 20:27:59,974 | INFO : loss: 0.001222  [25664/50000]
2023-11-30 20:28:11,283 | INFO : loss: 0.000742  [32064/50000]
2023-11-30 20:28:22,618 | INFO : loss: 0.028683  [38464/50000]
2023-11-30 20:28:33,970 | INFO : loss: 0.012234  [44864/50000]
2023-11-30 20:29:00,485 | INFO : Test Error: 
 Accuracy: 76.6%, Avg loss: 1.477875 

2023-11-30 20:29:00,486 | INFO : Epoch 50
-------------------------------
2023-11-30 20:29:00,645 | INFO : loss: 0.001554  [   64/50000]
2023-11-30 20:29:12,464 | INFO : loss: 0.002445  [ 6464/50000]
2023-11-30 20:29:23,874 | INFO : loss: 0.003453  [12864/50000]
2023-11-30 20:29:35,575 | INFO : loss: 0.002842  [19264/50000]
2023-11-30 20:29:47,164 | INFO : loss: 0.000491  [25664/50000]
2023-11-30 20:29:58,655 | INFO : loss: 0.003130  [32064/50000]
2023-11-30 20:30:10,036 | INFO : loss: 0.048986  [38464/50000]
2023-11-30 20:30:21,555 | INFO : loss: 0.013488  [44864/50000]
2023-11-30 20:30:48,241 | INFO : Test Error: 
 Accuracy: 76.2%, Avg loss: 1.507072 

2023-11-30 20:30:48,242 | INFO : Epoch 51
-------------------------------
2023-11-30 20:30:48,432 | INFO : loss: 0.000750  [   64/50000]
2023-11-30 20:30:59,757 | INFO : loss: 0.004448  [ 6464/50000]
2023-11-30 20:31:11,099 | INFO : loss: 0.000411  [12864/50000]
2023-11-30 20:31:22,422 | INFO : loss: 0.003928  [19264/50000]
2023-11-30 20:31:33,769 | INFO : loss: 0.058560  [25664/50000]
2023-11-30 20:31:45,110 | INFO : loss: 0.001246  [32064/50000]
2023-11-30 20:31:56,495 | INFO : loss: 0.001681  [38464/50000]
2023-11-30 20:32:07,806 | INFO : loss: 0.000357  [44864/50000]
2023-11-30 20:32:35,169 | INFO : Test Error: 
 Accuracy: 76.8%, Avg loss: 1.428678 

2023-11-30 20:32:35,170 | INFO : Epoch 52
-------------------------------
2023-11-30 20:32:35,338 | INFO : loss: 0.000917  [   64/50000]
2023-11-30 20:32:46,968 | INFO : loss: 0.025160  [ 6464/50000]
2023-11-30 20:32:58,268 | INFO : loss: 0.001566  [12864/50000]
2023-11-30 20:33:09,555 | INFO : loss: 0.002164  [19264/50000]
2023-11-30 20:33:20,862 | INFO : loss: 0.001996  [25664/50000]
2023-11-30 20:33:32,151 | INFO : loss: 0.007135  [32064/50000]
2023-11-30 20:33:43,451 | INFO : loss: 0.137295  [38464/50000]
2023-11-30 20:33:54,764 | INFO : loss: 0.004357  [44864/50000]
2023-11-30 20:34:21,182 | INFO : Test Error: 
 Accuracy: 76.5%, Avg loss: 1.416970 

2023-11-30 20:34:21,183 | INFO : Epoch 53
-------------------------------
2023-11-30 20:34:21,354 | INFO : loss: 0.008156  [   64/50000]
2023-11-30 20:34:32,708 | INFO : loss: 0.000899  [ 6464/50000]
2023-11-30 20:34:43,996 | INFO : loss: 0.003729  [12864/50000]
2023-11-30 20:34:55,326 | INFO : loss: 0.008323  [19264/50000]
2023-11-30 20:35:06,681 | INFO : loss: 0.004903  [25664/50000]
2023-11-30 20:35:18,017 | INFO : loss: 0.125547  [32064/50000]
2023-11-30 20:35:29,375 | INFO : loss: 0.009821  [38464/50000]
2023-11-30 20:35:40,763 | INFO : loss: 0.005712  [44864/50000]
2023-11-30 20:36:07,586 | INFO : Test Error: 
 Accuracy: 76.5%, Avg loss: 1.482494 

2023-11-30 20:36:07,587 | INFO : Epoch 54
-------------------------------
2023-11-30 20:36:07,762 | INFO : loss: 0.006948  [   64/50000]
2023-11-30 20:36:19,201 | INFO : loss: 0.000460  [ 6464/50000]
2023-11-30 20:36:30,692 | INFO : loss: 0.002653  [12864/50000]
2023-11-30 20:36:42,179 | INFO : loss: 0.002735  [19264/50000]
2023-11-30 20:36:53,646 | INFO : loss: 0.058853  [25664/50000]
2023-11-30 20:37:04,954 | INFO : loss: 0.001380  [32064/50000]
2023-11-30 20:37:16,378 | INFO : loss: 0.000723  [38464/50000]
2023-11-30 20:37:27,760 | INFO : loss: 0.015823  [44864/50000]
2023-11-30 20:37:54,320 | INFO : Test Error: 
 Accuracy: 77.1%, Avg loss: 1.419364 

2023-11-30 20:37:54,321 | INFO : Epoch 55
-------------------------------
2023-11-30 20:37:54,482 | INFO : loss: 0.000917  [   64/50000]
2023-11-30 20:38:05,760 | INFO : loss: 0.000797  [ 6464/50000]
2023-11-30 20:38:17,051 | INFO : loss: 0.002161  [12864/50000]
2023-11-30 20:38:28,361 | INFO : loss: 0.002798  [19264/50000]
2023-11-30 20:38:39,640 | INFO : loss: 0.033847  [25664/50000]
2023-11-30 20:38:50,909 | INFO : loss: 0.001352  [32064/50000]
2023-11-30 20:39:02,185 | INFO : loss: 0.000425  [38464/50000]
2023-11-30 20:39:13,491 | INFO : loss: 0.001413  [44864/50000]
2023-11-30 20:39:39,742 | INFO : Test Error: 
 Accuracy: 76.5%, Avg loss: 1.463122 

2023-11-30 20:39:39,743 | INFO : Epoch 56
-------------------------------
2023-11-30 20:39:39,920 | INFO : loss: 0.007186  [   64/50000]
2023-11-30 20:39:51,192 | INFO : loss: 0.000710  [ 6464/50000]
2023-11-30 20:40:02,478 | INFO : loss: 0.007364  [12864/50000]
2023-11-30 20:40:13,807 | INFO : loss: 0.002013  [19264/50000]
2023-11-30 20:40:25,185 | INFO : loss: 0.029475  [25664/50000]
2023-11-30 20:40:36,469 | INFO : loss: 0.000402  [32064/50000]
2023-11-30 20:40:47,808 | INFO : loss: 0.005070  [38464/50000]
2023-11-30 20:40:59,088 | INFO : loss: 0.001896  [44864/50000]
2023-11-30 20:41:25,750 | INFO : Test Error: 
 Accuracy: 77.6%, Avg loss: 1.435358 

2023-11-30 20:41:25,751 | INFO : Epoch 57
-------------------------------
2023-11-30 20:41:25,920 | INFO : loss: 0.000734  [   64/50000]
2023-11-30 20:41:37,181 | INFO : loss: 0.001757  [ 6464/50000]
2023-11-30 20:41:48,507 | INFO : loss: 0.006574  [12864/50000]
2023-11-30 20:41:59,861 | INFO : loss: 0.003013  [19264/50000]
2023-11-30 20:42:11,192 | INFO : loss: 0.001012  [25664/50000]
2023-11-30 20:42:22,518 | INFO : loss: 0.070601  [32064/50000]
2023-11-30 20:42:33,814 | INFO : loss: 0.003872  [38464/50000]
2023-11-30 20:42:45,108 | INFO : loss: 0.004421  [44864/50000]
2023-11-30 20:43:11,365 | INFO : Test Error: 
 Accuracy: 77.0%, Avg loss: 1.411433 

2023-11-30 20:43:11,365 | INFO : Epoch 58
-------------------------------
2023-11-30 20:43:11,546 | INFO : loss: 0.006685  [   64/50000]
2023-11-30 20:43:22,910 | INFO : loss: 0.000472  [ 6464/50000]
2023-11-30 20:43:34,252 | INFO : loss: 0.001902  [12864/50000]
2023-11-30 20:43:45,568 | INFO : loss: 0.000552  [19264/50000]
2023-11-30 20:43:56,867 | INFO : loss: 0.001111  [25664/50000]
2023-11-30 20:44:08,181 | INFO : loss: 0.006113  [32064/50000]
2023-11-30 20:44:19,540 | INFO : loss: 0.000349  [38464/50000]
2023-11-30 20:44:30,838 | INFO : loss: 0.003080  [44864/50000]
2023-11-30 20:44:57,098 | INFO : Test Error: 
 Accuracy: 76.4%, Avg loss: 1.450618 

2023-11-30 20:44:57,098 | INFO : Epoch 59
-------------------------------
2023-11-30 20:44:57,281 | INFO : loss: 0.009344  [   64/50000]
2023-11-30 20:45:08,569 | INFO : loss: 0.009893  [ 6464/50000]
2023-11-30 20:45:19,879 | INFO : loss: 0.007471  [12864/50000]
2023-11-30 20:45:31,186 | INFO : loss: 0.000905  [19264/50000]
2023-11-30 20:45:42,474 | INFO : loss: 0.015733  [25664/50000]
2023-11-30 20:45:53,725 | INFO : loss: 0.001434  [32064/50000]
2023-11-30 20:46:05,021 | INFO : loss: 0.002829  [38464/50000]
2023-11-30 20:46:16,286 | INFO : loss: 0.000410  [44864/50000]
2023-11-30 20:46:42,513 | INFO : Test Error: 
 Accuracy: 76.6%, Avg loss: 1.423580 

2023-11-30 20:46:42,514 | INFO : Epoch 60
-------------------------------
2023-11-30 20:46:42,687 | INFO : loss: 0.040021  [   64/50000]
2023-11-30 20:46:53,954 | INFO : loss: 0.001122  [ 6464/50000]
2023-11-30 20:47:05,238 | INFO : loss: 0.002538  [12864/50000]
2023-11-30 20:47:16,527 | INFO : loss: 0.000203  [19264/50000]
2023-11-30 20:47:27,850 | INFO : loss: 0.003045  [25664/50000]
2023-11-30 20:47:39,148 | INFO : loss: 0.017164  [32064/50000]
2023-11-30 20:47:50,428 | INFO : loss: 0.000359  [38464/50000]
2023-11-30 20:48:01,719 | INFO : loss: 0.004970  [44864/50000]
2023-11-30 20:48:27,978 | INFO : Test Error: 
 Accuracy: 76.8%, Avg loss: 1.474587 

2023-11-30 20:48:27,979 | INFO : Epoch 61
-------------------------------
2023-11-30 20:48:28,158 | INFO : loss: 0.001535  [   64/50000]
2023-11-30 20:48:39,406 | INFO : loss: 0.000115  [ 6464/50000]
2023-11-30 20:48:50,624 | INFO : loss: 0.001541  [12864/50000]
2023-11-30 20:49:01,949 | INFO : loss: 0.001684  [19264/50000]
2023-11-30 20:49:13,174 | INFO : loss: 0.001497  [25664/50000]
2023-11-30 20:49:24,433 | INFO : loss: 0.000758  [32064/50000]
2023-11-30 20:49:35,717 | INFO : loss: 0.000247  [38464/50000]
2023-11-30 20:49:46,975 | INFO : loss: 0.007373  [44864/50000]
2023-11-30 20:50:13,153 | INFO : Test Error: 
 Accuracy: 77.3%, Avg loss: 1.414283 

2023-11-30 20:50:13,153 | INFO : Epoch 62
-------------------------------
2023-11-30 20:50:13,331 | INFO : loss: 0.019563  [   64/50000]
2023-11-30 20:50:24,562 | INFO : loss: 0.003314  [ 6464/50000]
2023-11-30 20:50:35,786 | INFO : loss: 0.000192  [12864/50000]
2023-11-30 20:50:47,126 | INFO : loss: 0.000476  [19264/50000]
2023-11-30 20:50:58,450 | INFO : loss: 0.000178  [25664/50000]
2023-11-30 20:51:09,735 | INFO : loss: 0.000680  [32064/50000]
2023-11-30 20:51:21,016 | INFO : loss: 0.000321  [38464/50000]
2023-11-30 20:51:32,301 | INFO : loss: 0.000354  [44864/50000]
2023-11-30 20:51:58,522 | INFO : Test Error: 
 Accuracy: 76.9%, Avg loss: 1.464574 

2023-11-30 20:51:58,523 | INFO : Epoch 63
-------------------------------
2023-11-30 20:51:58,689 | INFO : loss: 0.002824  [   64/50000]
2023-11-30 20:52:09,963 | INFO : loss: 0.000282  [ 6464/50000]
2023-11-30 20:52:21,232 | INFO : loss: 0.002897  [12864/50000]
2023-11-30 20:52:32,490 | INFO : loss: 0.002022  [19264/50000]
2023-11-30 20:52:43,852 | INFO : loss: 0.002726  [25664/50000]
2023-11-30 20:52:55,151 | INFO : loss: 0.000318  [32064/50000]
2023-11-30 20:53:06,469 | INFO : loss: 0.001234  [38464/50000]
2023-11-30 20:53:17,778 | INFO : loss: 0.001182  [44864/50000]
2023-11-30 20:53:44,149 | INFO : Test Error: 
 Accuracy: 76.5%, Avg loss: 1.503056 

2023-11-30 20:53:44,150 | INFO : Epoch 64
-------------------------------
2023-11-30 20:53:44,332 | INFO : loss: 0.002057  [   64/50000]
2023-11-30 20:53:55,551 | INFO : loss: 0.001301  [ 6464/50000]
2023-11-30 20:54:06,749 | INFO : loss: 0.000173  [12864/50000]
2023-11-30 20:54:18,026 | INFO : loss: 0.014326  [19264/50000]
2023-11-30 20:54:29,907 | INFO : loss: 0.000223  [25664/50000]
2023-11-30 20:54:41,222 | INFO : loss: 0.007326  [32064/50000]
2023-11-30 20:54:52,441 | INFO : loss: 0.029979  [38464/50000]
2023-11-30 20:55:03,658 | INFO : loss: 0.001704  [44864/50000]
2023-11-30 20:55:29,756 | INFO : Test Error: 
 Accuracy: 76.5%, Avg loss: 1.448369 

2023-11-30 20:55:29,756 | INFO : Epoch 65
-------------------------------
2023-11-30 20:55:29,942 | INFO : loss: 0.061905  [   64/50000]
2023-11-30 20:55:41,149 | INFO : loss: 0.002995  [ 6464/50000]
2023-11-30 20:55:52,368 | INFO : loss: 0.008260  [12864/50000]
2023-11-30 20:56:03,638 | INFO : loss: 0.002808  [19264/50000]
2023-11-30 20:56:14,850 | INFO : loss: 0.007865  [25664/50000]
2023-11-30 20:56:26,066 | INFO : loss: 0.008415  [32064/50000]
2023-11-30 20:56:37,300 | INFO : loss: 0.000643  [38464/50000]
2023-11-30 20:56:48,520 | INFO : loss: 0.004976  [44864/50000]
2023-11-30 20:57:14,648 | INFO : Test Error: 
 Accuracy: 77.3%, Avg loss: 1.483217 

2023-11-30 20:57:14,649 | INFO : Epoch 66
-------------------------------
2023-11-30 20:57:14,833 | INFO : loss: 0.000043  [   64/50000]
2023-11-30 20:57:26,030 | INFO : loss: 0.002098  [ 6464/50000]
2023-11-30 20:57:37,240 | INFO : loss: 0.062174  [12864/50000]
2023-11-30 20:57:48,481 | INFO : loss: 0.000144  [19264/50000]
2023-11-30 20:57:59,707 | INFO : loss: 0.000539  [25664/50000]
2023-11-30 20:58:10,905 | INFO : loss: 0.002974  [32064/50000]
2023-11-30 20:58:22,184 | INFO : loss: 0.000093  [38464/50000]
2023-11-30 20:58:33,411 | INFO : loss: 0.005173  [44864/50000]
2023-11-30 20:58:59,518 | INFO : Test Error: 
 Accuracy: 77.5%, Avg loss: 1.457644 

2023-11-30 20:58:59,518 | INFO : Epoch 67
-------------------------------
2023-11-30 20:58:59,677 | INFO : loss: 0.002922  [   64/50000]
2023-11-30 20:59:10,891 | INFO : loss: 0.000338  [ 6464/50000]
2023-11-30 20:59:22,111 | INFO : loss: 0.001447  [12864/50000]
2023-11-30 20:59:33,364 | INFO : loss: 0.000653  [19264/50000]
2023-11-30 20:59:44,574 | INFO : loss: 0.000502  [25664/50000]
2023-11-30 20:59:55,764 | INFO : loss: 0.000349  [32064/50000]
2023-11-30 21:00:07,010 | INFO : loss: 0.000454  [38464/50000]
2023-11-30 21:00:18,258 | INFO : loss: 0.001110  [44864/50000]
2023-11-30 21:00:44,362 | INFO : Test Error: 
 Accuracy: 76.4%, Avg loss: 1.509603 

2023-11-30 21:00:44,363 | INFO : Epoch 68
-------------------------------
2023-11-30 21:00:44,522 | INFO : loss: 0.001185  [   64/50000]
2023-11-30 21:00:55,777 | INFO : loss: 0.000464  [ 6464/50000]
2023-11-30 21:01:07,003 | INFO : loss: 0.000424  [12864/50000]
2023-11-30 21:01:18,221 | INFO : loss: 0.000463  [19264/50000]
2023-11-30 21:01:29,426 | INFO : loss: 0.007294  [25664/50000]
2023-11-30 21:01:40,645 | INFO : loss: 0.000223  [32064/50000]
2023-11-30 21:01:51,883 | INFO : loss: 0.000974  [38464/50000]
2023-11-30 21:02:03,111 | INFO : loss: 0.002207  [44864/50000]
2023-11-30 21:02:29,203 | INFO : Test Error: 
 Accuracy: 77.0%, Avg loss: 1.481239 

2023-11-30 21:02:29,204 | INFO : Epoch 69
-------------------------------
2023-11-30 21:02:29,382 | INFO : loss: 0.000685  [   64/50000]
2023-11-30 21:02:40,604 | INFO : loss: 0.000468  [ 6464/50000]
2023-11-30 21:02:51,798 | INFO : loss: 0.003082  [12864/50000]
2023-11-30 21:03:03,052 | INFO : loss: 0.001512  [19264/50000]
2023-11-30 21:03:14,260 | INFO : loss: 0.001923  [25664/50000]
2023-11-30 21:03:25,491 | INFO : loss: 0.001176  [32064/50000]
2023-11-30 21:03:36,739 | INFO : loss: 0.002668  [38464/50000]
2023-11-30 21:03:47,988 | INFO : loss: 0.000560  [44864/50000]
2023-11-30 21:04:14,116 | INFO : Test Error: 
 Accuracy: 77.0%, Avg loss: 1.448144 

2023-11-30 21:04:14,117 | INFO : Epoch 70
-------------------------------
2023-11-30 21:04:14,288 | INFO : loss: 0.002228  [   64/50000]
2023-11-30 21:04:25,629 | INFO : loss: 0.001313  [ 6464/50000]
2023-11-30 21:04:36,852 | INFO : loss: 0.020801  [12864/50000]
2023-11-30 21:04:48,094 | INFO : loss: 0.013807  [19264/50000]
2023-11-30 21:04:59,345 | INFO : loss: 0.000762  [25664/50000]
2023-11-30 21:05:10,567 | INFO : loss: 0.000287  [32064/50000]
2023-11-30 21:05:21,801 | INFO : loss: 0.001190  [38464/50000]
2023-11-30 21:05:33,022 | INFO : loss: 0.000793  [44864/50000]
2023-11-30 21:05:59,334 | INFO : Test Error: 
 Accuracy: 77.2%, Avg loss: 1.470855 

2023-11-30 21:05:59,334 | INFO : Epoch 71
-------------------------------
2023-11-30 21:05:59,494 | INFO : loss: 0.000075  [   64/50000]
2023-11-30 21:06:11,078 | INFO : loss: 0.002405  [ 6464/50000]
2023-11-30 21:06:22,770 | INFO : loss: 0.003966  [12864/50000]
2023-11-30 21:06:34,180 | INFO : loss: 0.000683  [19264/50000]
2023-11-30 21:06:45,457 | INFO : loss: 0.001739  [25664/50000]
2023-11-30 21:06:56,727 | INFO : loss: 0.001542  [32064/50000]
2023-11-30 21:07:08,023 | INFO : loss: 0.088632  [38464/50000]
2023-11-30 21:07:19,658 | INFO : loss: 0.000203  [44864/50000]
2023-11-30 21:07:46,073 | INFO : Test Error: 
 Accuracy: 77.0%, Avg loss: 1.458513 

2023-11-30 21:07:46,074 | INFO : Epoch 72
-------------------------------
2023-11-30 21:07:46,244 | INFO : loss: 0.000043  [   64/50000]
2023-11-30 21:07:57,474 | INFO : loss: 0.000135  [ 6464/50000]
2023-11-30 21:08:08,728 | INFO : loss: 0.027200  [12864/50000]
2023-11-30 21:08:19,971 | INFO : loss: 0.001364  [19264/50000]
2023-11-30 21:08:31,194 | INFO : loss: 0.000333  [25664/50000]
2023-11-30 21:08:42,410 | INFO : loss: 0.000990  [32064/50000]
2023-11-30 21:08:53,674 | INFO : loss: 0.000303  [38464/50000]
2023-11-30 21:09:05,146 | INFO : loss: 0.004847  [44864/50000]
2023-11-30 21:09:31,315 | INFO : Test Error: 
 Accuracy: 76.7%, Avg loss: 1.468699 

2023-11-30 21:09:31,316 | INFO : Epoch 73
-------------------------------
2023-11-30 21:09:31,494 | INFO : loss: 0.001785  [   64/50000]
2023-11-30 21:09:42,690 | INFO : loss: 0.000119  [ 6464/50000]
2023-11-30 21:09:53,872 | INFO : loss: 0.001095  [12864/50000]
2023-11-30 21:10:05,107 | INFO : loss: 0.000459  [19264/50000]
2023-11-30 21:10:16,467 | INFO : loss: 0.000174  [25664/50000]
2023-11-30 21:10:27,686 | INFO : loss: 0.027117  [32064/50000]
2023-11-30 21:10:38,895 | INFO : loss: 0.000204  [38464/50000]
2023-11-30 21:10:50,107 | INFO : loss: 0.004284  [44864/50000]
2023-11-30 21:11:16,277 | INFO : Test Error: 
 Accuracy: 77.3%, Avg loss: 1.517830 

2023-11-30 21:11:16,278 | INFO : Epoch 74
-------------------------------
2023-11-30 21:11:16,448 | INFO : loss: 0.004309  [   64/50000]
2023-11-30 21:11:27,678 | INFO : loss: 0.002656  [ 6464/50000]
2023-11-30 21:11:38,913 | INFO : loss: 0.000161  [12864/50000]
2023-11-30 21:11:50,166 | INFO : loss: 0.007101  [19264/50000]
2023-11-30 21:12:01,376 | INFO : loss: 0.000264  [25664/50000]
2023-11-30 21:12:12,710 | INFO : loss: 0.000442  [32064/50000]
2023-11-30 21:12:23,999 | INFO : loss: 0.000244  [38464/50000]
2023-11-30 21:12:35,196 | INFO : loss: 0.008510  [44864/50000]
2023-11-30 21:13:01,530 | INFO : Test Error: 
 Accuracy: 76.0%, Avg loss: 1.440086 

2023-11-30 21:13:01,530 | INFO : Epoch 75
-------------------------------
2023-11-30 21:13:01,698 | INFO : loss: 0.019079  [   64/50000]
2023-11-30 21:13:13,012 | INFO : loss: 0.000273  [ 6464/50000]
2023-11-30 21:13:24,230 | INFO : loss: 0.000724  [12864/50000]
2023-11-30 21:13:35,458 | INFO : loss: 0.004635  [19264/50000]
2023-11-30 21:13:46,714 | INFO : loss: 0.000692  [25664/50000]
2023-11-30 21:13:57,894 | INFO : loss: 0.000146  [32064/50000]
2023-11-30 21:14:09,125 | INFO : loss: 0.002161  [38464/50000]
2023-11-30 21:14:20,346 | INFO : loss: 0.000867  [44864/50000]
2023-11-30 21:14:46,531 | INFO : Test Error: 
 Accuracy: 77.0%, Avg loss: 1.512467 

2023-11-30 21:14:46,532 | INFO : Epoch 76
-------------------------------
2023-11-30 21:14:46,714 | INFO : loss: 0.001610  [   64/50000]
2023-11-30 21:14:57,931 | INFO : loss: 0.000713  [ 6464/50000]
2023-11-30 21:15:09,184 | INFO : loss: 0.000403  [12864/50000]
2023-11-30 21:15:20,423 | INFO : loss: 0.000112  [19264/50000]
2023-11-30 21:15:31,629 | INFO : loss: 0.000593  [25664/50000]
2023-11-30 21:15:42,857 | INFO : loss: 0.004022  [32064/50000]
2023-11-30 21:15:54,095 | INFO : loss: 0.001211  [38464/50000]
2023-11-30 21:16:05,329 | INFO : loss: 0.001012  [44864/50000]
2023-11-30 21:16:31,800 | INFO : Test Error: 
 Accuracy: 76.5%, Avg loss: 1.503631 

2023-11-30 21:16:31,801 | INFO : Epoch 77
-------------------------------
2023-11-30 21:16:31,965 | INFO : loss: 0.000137  [   64/50000]
2023-11-30 21:16:43,164 | INFO : loss: 0.001305  [ 6464/50000]
2023-11-30 21:16:54,389 | INFO : loss: 0.003604  [12864/50000]
2023-11-30 21:17:05,604 | INFO : loss: 0.003243  [19264/50000]
2023-11-30 21:17:16,788 | INFO : loss: 0.000430  [25664/50000]
2023-11-30 21:17:27,973 | INFO : loss: 0.000166  [32064/50000]
2023-11-30 21:17:39,165 | INFO : loss: 0.027951  [38464/50000]
2023-11-30 21:17:50,377 | INFO : loss: 0.000641  [44864/50000]
2023-11-30 21:18:16,558 | INFO : Test Error: 
 Accuracy: 77.2%, Avg loss: 1.420472 

2023-11-30 21:18:16,559 | INFO : Epoch 78
-------------------------------
2023-11-30 21:18:16,716 | INFO : loss: 0.005648  [   64/50000]
2023-11-30 21:18:27,945 | INFO : loss: 0.006702  [ 6464/50000]
2023-11-30 21:18:39,225 | INFO : loss: 0.000589  [12864/50000]
2023-11-30 21:18:50,521 | INFO : loss: 0.013565  [19264/50000]
2023-11-30 21:19:01,744 | INFO : loss: 0.000461  [25664/50000]
2023-11-30 21:19:12,985 | INFO : loss: 0.001427  [32064/50000]
2023-11-30 21:19:24,275 | INFO : loss: 0.000115  [38464/50000]
2023-11-30 21:19:35,525 | INFO : loss: 0.000729  [44864/50000]
2023-11-30 21:20:01,760 | INFO : Test Error: 
 Accuracy: 77.0%, Avg loss: 1.484906 

2023-11-30 21:20:01,761 | INFO : Epoch 79
-------------------------------
2023-11-30 21:20:01,920 | INFO : loss: 0.000397  [   64/50000]
2023-11-30 21:20:13,136 | INFO : loss: 0.000436  [ 6464/50000]
2023-11-30 21:20:24,346 | INFO : loss: 0.018038  [12864/50000]
2023-11-30 21:20:35,617 | INFO : loss: 0.000242  [19264/50000]
2023-11-30 21:20:46,840 | INFO : loss: 0.002236  [25664/50000]
2023-11-30 21:20:58,087 | INFO : loss: 0.000500  [32064/50000]
2023-11-30 21:21:09,417 | INFO : loss: 0.000692  [38464/50000]
2023-11-30 21:21:20,643 | INFO : loss: 0.000130  [44864/50000]
2023-11-30 21:21:46,849 | INFO : Test Error: 
 Accuracy: 77.4%, Avg loss: 1.375851 

2023-11-30 21:21:46,850 | INFO : Epoch 80
-------------------------------
2023-11-30 21:21:47,031 | INFO : loss: 0.000175  [   64/50000]
2023-11-30 21:21:58,244 | INFO : loss: 0.000286  [ 6464/50000]
2023-11-30 21:22:09,435 | INFO : loss: 0.000779  [12864/50000]
2023-11-30 21:22:20,706 | INFO : loss: 0.002097  [19264/50000]
2023-11-30 21:22:31,963 | INFO : loss: 0.000152  [25664/50000]
2023-11-30 21:22:43,211 | INFO : loss: 0.000051  [32064/50000]
2023-11-30 21:22:54,479 | INFO : loss: 0.000961  [38464/50000]
2023-11-30 21:23:05,680 | INFO : loss: 0.006548  [44864/50000]
2023-11-30 21:23:31,783 | INFO : Test Error: 
 Accuracy: 77.0%, Avg loss: 1.453258 

2023-11-30 21:23:31,783 | INFO : Epoch 81
-------------------------------
2023-11-30 21:23:31,952 | INFO : loss: 0.002163  [   64/50000]
2023-11-30 21:23:43,535 | INFO : loss: 0.014441  [ 6464/50000]
2023-11-30 21:23:55,171 | INFO : loss: 0.000756  [12864/50000]
2023-11-30 21:24:06,440 | INFO : loss: 0.000914  [19264/50000]
2023-11-30 21:24:17,664 | INFO : loss: 0.006734  [25664/50000]
2023-11-30 21:24:28,873 | INFO : loss: 0.000287  [32064/50000]
2023-11-30 21:24:40,092 | INFO : loss: 0.012992  [38464/50000]
2023-11-30 21:24:51,300 | INFO : loss: 0.014586  [44864/50000]
2023-11-30 21:25:17,331 | INFO : Test Error: 
 Accuracy: 76.8%, Avg loss: 1.469688 

2023-11-30 21:25:17,332 | INFO : Epoch 82
-------------------------------
2023-11-30 21:25:17,515 | INFO : loss: 0.000644  [   64/50000]
2023-11-30 21:25:28,714 | INFO : loss: 0.000818  [ 6464/50000]
2023-11-30 21:25:39,972 | INFO : loss: 0.002485  [12864/50000]
2023-11-30 21:25:51,215 | INFO : loss: 0.000571  [19264/50000]
2023-11-30 21:26:02,403 | INFO : loss: 0.005008  [25664/50000]
2023-11-30 21:26:13,593 | INFO : loss: 0.019431  [32064/50000]
2023-11-30 21:26:24,790 | INFO : loss: 0.000432  [38464/50000]
2023-11-30 21:26:35,967 | INFO : loss: 0.003890  [44864/50000]
2023-11-30 21:27:02,073 | INFO : Test Error: 
 Accuracy: 76.8%, Avg loss: 1.451769 

2023-11-30 21:27:02,074 | INFO : Epoch 83
-------------------------------
2023-11-30 21:27:02,251 | INFO : loss: 0.000070  [   64/50000]
2023-11-30 21:27:13,458 | INFO : loss: 0.000175  [ 6464/50000]
2023-11-30 21:27:24,659 | INFO : loss: 0.030552  [12864/50000]
2023-11-30 21:27:35,864 | INFO : loss: 0.000225  [19264/50000]
2023-11-30 21:27:47,058 | INFO : loss: 0.003231  [25664/50000]
2023-11-30 21:27:58,258 | INFO : loss: 0.018441  [32064/50000]
2023-11-30 21:28:09,469 | INFO : loss: 0.003821  [38464/50000]
2023-11-30 21:28:20,692 | INFO : loss: 0.006750  [44864/50000]
2023-11-30 21:28:46,781 | INFO : Test Error: 
 Accuracy: 77.1%, Avg loss: 1.399428 

2023-11-30 21:28:46,781 | INFO : Epoch 84
-------------------------------
2023-11-30 21:28:46,939 | INFO : loss: 0.001381  [   64/50000]
2023-11-30 21:28:58,138 | INFO : loss: 0.000204  [ 6464/50000]
2023-11-30 21:29:09,385 | INFO : loss: 0.007989  [12864/50000]
2023-11-30 21:29:20,605 | INFO : loss: 0.000665  [19264/50000]
2023-11-30 21:29:31,822 | INFO : loss: 0.000674  [25664/50000]
2023-11-30 21:29:43,036 | INFO : loss: 0.001247  [32064/50000]
2023-11-30 21:29:54,273 | INFO : loss: 0.000599  [38464/50000]
2023-11-30 21:30:05,480 | INFO : loss: 0.000167  [44864/50000]
2023-11-30 21:30:31,542 | INFO : Test Error: 
 Accuracy: 77.3%, Avg loss: 1.413730 

2023-11-30 21:30:31,543 | INFO : Epoch 85
-------------------------------
2023-11-30 21:30:31,721 | INFO : loss: 0.000376  [   64/50000]
2023-11-30 21:30:42,955 | INFO : loss: 0.005767  [ 6464/50000]
2023-11-30 21:30:54,257 | INFO : loss: 0.041719  [12864/50000]
2023-11-30 21:31:05,513 | INFO : loss: 0.002467  [19264/50000]
2023-11-30 21:31:16,698 | INFO : loss: 0.001155  [25664/50000]
2023-11-30 21:31:27,896 | INFO : loss: 0.002313  [32064/50000]
2023-11-30 21:31:39,120 | INFO : loss: 0.000644  [38464/50000]
2023-11-30 21:31:50,336 | INFO : loss: 0.000735  [44864/50000]
2023-11-30 21:32:16,480 | INFO : Test Error: 
 Accuracy: 77.5%, Avg loss: 1.364095 

2023-11-30 21:32:16,480 | INFO : Epoch 86
-------------------------------
2023-11-30 21:32:16,659 | INFO : loss: 0.000649  [   64/50000]
2023-11-30 21:32:27,865 | INFO : loss: 0.005497  [ 6464/50000]
2023-11-30 21:32:39,072 | INFO : loss: 0.000724  [12864/50000]
2023-11-30 21:32:50,304 | INFO : loss: 0.024772  [19264/50000]
2023-11-30 21:33:01,513 | INFO : loss: 0.000673  [25664/50000]
2023-11-30 21:33:12,715 | INFO : loss: 0.001095  [32064/50000]
2023-11-30 21:33:23,988 | INFO : loss: 0.001474  [38464/50000]
2023-11-30 21:33:35,221 | INFO : loss: 0.010209  [44864/50000]
2023-11-30 21:34:01,304 | INFO : Test Error: 
 Accuracy: 77.4%, Avg loss: 1.368400 

2023-11-30 21:34:01,305 | INFO : Epoch 87
-------------------------------
2023-11-30 21:34:01,488 | INFO : loss: 0.001486  [   64/50000]
2023-11-30 21:34:12,679 | INFO : loss: 0.000620  [ 6464/50000]
2023-11-30 21:34:23,900 | INFO : loss: 0.008199  [12864/50000]
2023-11-30 21:34:35,099 | INFO : loss: 0.000862  [19264/50000]
2023-11-30 21:34:46,307 | INFO : loss: 0.000284  [25664/50000]
2023-11-30 21:34:57,491 | INFO : loss: 0.000323  [32064/50000]
2023-11-30 21:35:08,715 | INFO : loss: 0.002628  [38464/50000]
2023-11-30 21:35:20,055 | INFO : loss: 0.000322  [44864/50000]
2023-11-30 21:35:46,779 | INFO : Test Error: 
 Accuracy: 76.8%, Avg loss: 1.433743 

2023-11-30 21:35:46,779 | INFO : Epoch 88
-------------------------------
2023-11-30 21:35:46,957 | INFO : loss: 0.001304  [   64/50000]
2023-11-30 21:35:58,124 | INFO : loss: 0.001766  [ 6464/50000]
2023-11-30 21:36:09,324 | INFO : loss: 0.000729  [12864/50000]
2023-11-30 21:36:20,637 | INFO : loss: 0.019164  [19264/50000]
2023-11-30 21:36:31,817 | INFO : loss: 0.000314  [25664/50000]
2023-11-30 21:36:43,033 | INFO : loss: 0.000306  [32064/50000]
2023-11-30 21:36:54,247 | INFO : loss: 0.000211  [38464/50000]
2023-11-30 21:37:06,019 | INFO : loss: 0.000383  [44864/50000]
2023-11-30 21:37:33,529 | INFO : Test Error: 
 Accuracy: 77.1%, Avg loss: 1.472730 

2023-11-30 21:37:33,530 | INFO : Epoch 89
-------------------------------
2023-11-30 21:37:33,713 | INFO : loss: 0.003752  [   64/50000]
2023-11-30 21:37:45,193 | INFO : loss: 0.000420  [ 6464/50000]
2023-11-30 21:37:56,366 | INFO : loss: 0.001061  [12864/50000]
2023-11-30 21:38:07,575 | INFO : loss: 0.001058  [19264/50000]
2023-11-30 21:38:18,785 | INFO : loss: 0.004442  [25664/50000]
2023-11-30 21:38:30,043 | INFO : loss: 0.002399  [32064/50000]
2023-11-30 21:38:41,235 | INFO : loss: 0.000675  [38464/50000]
2023-11-30 21:38:52,452 | INFO : loss: 0.004020  [44864/50000]
2023-11-30 21:39:18,719 | INFO : Test Error: 
 Accuracy: 77.3%, Avg loss: 1.423549 

2023-11-30 21:39:18,719 | INFO : Epoch 90
-------------------------------
2023-11-30 21:39:18,885 | INFO : loss: 0.001572  [   64/50000]
2023-11-30 21:39:30,285 | INFO : loss: 0.000247  [ 6464/50000]
2023-11-30 21:39:41,505 | INFO : loss: 0.001858  [12864/50000]
2023-11-30 21:39:52,711 | INFO : loss: 0.000100  [19264/50000]
2023-11-30 21:40:03,917 | INFO : loss: 0.001172  [25664/50000]
2023-11-30 21:40:15,102 | INFO : loss: 0.002531  [32064/50000]
2023-11-30 21:40:26,312 | INFO : loss: 0.000236  [38464/50000]
2023-11-30 21:40:37,517 | INFO : loss: 0.000369  [44864/50000]
2023-11-30 21:41:03,624 | INFO : Test Error: 
 Accuracy: 77.4%, Avg loss: 1.427855 

2023-11-30 21:41:03,625 | INFO : Epoch 91
-------------------------------
2023-11-30 21:41:03,808 | INFO : loss: 0.000643  [   64/50000]
2023-11-30 21:41:15,020 | INFO : loss: 0.000312  [ 6464/50000]
2023-11-30 21:41:26,223 | INFO : loss: 0.000220  [12864/50000]
2023-11-30 21:41:37,455 | INFO : loss: 0.000063  [19264/50000]
2023-11-30 21:41:48,660 | INFO : loss: 0.006817  [25664/50000]
2023-11-30 21:41:59,863 | INFO : loss: 0.006375  [32064/50000]
2023-11-30 21:42:11,078 | INFO : loss: 0.000879  [38464/50000]
2023-11-30 21:42:22,262 | INFO : loss: 0.000051  [44864/50000]
2023-11-30 21:42:48,586 | INFO : Test Error: 
 Accuracy: 77.4%, Avg loss: 1.465926 

2023-11-30 21:42:48,587 | INFO : Epoch 92
-------------------------------
2023-11-30 21:42:48,762 | INFO : loss: 0.001315  [   64/50000]
2023-11-30 21:43:00,063 | INFO : loss: 0.011474  [ 6464/50000]
2023-11-30 21:43:11,392 | INFO : loss: 0.000332  [12864/50000]
2023-11-30 21:43:22,893 | INFO : loss: 0.005924  [19264/50000]
2023-11-30 21:43:34,126 | INFO : loss: 0.000564  [25664/50000]
2023-11-30 21:43:45,314 | INFO : loss: 0.007529  [32064/50000]
2023-11-30 21:43:56,595 | INFO : loss: 0.000295  [38464/50000]
2023-11-30 21:44:07,788 | INFO : loss: 0.000175  [44864/50000]
2023-11-30 21:44:33,984 | INFO : Test Error: 
 Accuracy: 77.2%, Avg loss: 1.426093 

2023-11-30 21:44:33,985 | INFO : Epoch 93
-------------------------------
2023-11-30 21:44:34,152 | INFO : loss: 0.000086  [   64/50000]
2023-11-30 21:44:45,634 | INFO : loss: 0.000100  [ 6464/50000]
2023-11-30 21:44:57,146 | INFO : loss: 0.001579  [12864/50000]
2023-11-30 21:45:08,802 | INFO : loss: 0.000205  [19264/50000]
2023-11-30 21:45:20,509 | INFO : loss: 0.000936  [25664/50000]
2023-11-30 21:45:32,193 | INFO : loss: 0.000332  [32064/50000]
2023-11-30 21:45:43,643 | INFO : loss: 0.004948  [38464/50000]
2023-11-30 21:45:54,902 | INFO : loss: 0.000409  [44864/50000]
2023-11-30 21:46:21,210 | INFO : Test Error: 
 Accuracy: 77.9%, Avg loss: 1.420578 

2023-11-30 21:46:21,211 | INFO : Epoch 94
-------------------------------
2023-11-30 21:46:21,372 | INFO : loss: 0.001751  [   64/50000]
2023-11-30 21:46:32,582 | INFO : loss: 0.002137  [ 6464/50000]
2023-11-30 21:46:43,929 | INFO : loss: 0.004759  [12864/50000]
2023-11-30 21:46:55,277 | INFO : loss: 0.017691  [19264/50000]
2023-11-30 21:47:06,651 | INFO : loss: 0.000285  [25664/50000]
2023-11-30 21:47:18,060 | INFO : loss: 0.001312  [32064/50000]
2023-11-30 21:47:29,748 | INFO : loss: 0.055504  [38464/50000]
2023-11-30 21:47:41,059 | INFO : loss: 0.001474  [44864/50000]
2023-11-30 21:48:07,246 | INFO : Test Error: 
 Accuracy: 77.0%, Avg loss: 1.441249 

2023-11-30 21:48:07,247 | INFO : Epoch 95
-------------------------------
2023-11-30 21:48:07,405 | INFO : loss: 0.000517  [   64/50000]
2023-11-30 21:48:18,612 | INFO : loss: 0.000266  [ 6464/50000]
2023-11-30 21:48:29,859 | INFO : loss: 0.004094  [12864/50000]
2023-11-30 21:48:41,104 | INFO : loss: 0.000890  [19264/50000]
2023-11-30 21:48:52,319 | INFO : loss: 0.004865  [25664/50000]
2023-11-30 21:49:03,520 | INFO : loss: 0.000338  [32064/50000]
2023-11-30 21:49:14,701 | INFO : loss: 0.000353  [38464/50000]
2023-11-30 21:49:25,955 | INFO : loss: 0.000338  [44864/50000]
2023-11-30 21:49:52,161 | INFO : Test Error: 
 Accuracy: 77.5%, Avg loss: 1.387969 

2023-11-30 21:49:52,162 | INFO : Epoch 96
-------------------------------
2023-11-30 21:49:52,343 | INFO : loss: 0.014416  [   64/50000]
2023-11-30 21:50:03,801 | INFO : loss: 0.002484  [ 6464/50000]
2023-11-30 21:50:15,268 | INFO : loss: 0.000557  [12864/50000]
2023-11-30 21:50:27,308 | INFO : loss: 0.003716  [19264/50000]
2023-11-30 21:50:39,067 | INFO : loss: 0.000168  [25664/50000]
2023-11-30 21:50:51,206 | INFO : loss: 0.000751  [32064/50000]
2023-11-30 21:51:02,850 | INFO : loss: 0.000598  [38464/50000]
2023-11-30 21:51:14,409 | INFO : loss: 0.000134  [44864/50000]
2023-11-30 21:51:41,221 | INFO : Test Error: 
 Accuracy: 77.2%, Avg loss: 1.412951 

2023-11-30 21:51:41,222 | INFO : Epoch 97
-------------------------------
2023-11-30 21:51:41,379 | INFO : loss: 0.000198  [   64/50000]
2023-11-30 21:51:52,863 | INFO : loss: 0.000106  [ 6464/50000]
2023-11-30 21:52:04,351 | INFO : loss: 0.003857  [12864/50000]
2023-11-30 21:52:15,907 | INFO : loss: 0.002732  [19264/50000]
2023-11-30 21:52:27,461 | INFO : loss: 0.000196  [25664/50000]
2023-11-30 21:52:38,843 | INFO : loss: 0.000124  [32064/50000]
2023-11-30 21:52:50,160 | INFO : loss: 0.000618  [38464/50000]
2023-11-30 21:53:01,492 | INFO : loss: 0.000473  [44864/50000]
2023-11-30 21:53:27,796 | INFO : Test Error: 
 Accuracy: 77.6%, Avg loss: 1.385259 

2023-11-30 21:53:27,797 | INFO : Epoch 98
-------------------------------
2023-11-30 21:53:27,985 | INFO : loss: 0.000596  [   64/50000]
2023-11-30 21:53:39,281 | INFO : loss: 0.019062  [ 6464/50000]
2023-11-30 21:53:50,641 | INFO : loss: 0.005933  [12864/50000]
2023-11-30 21:54:01,987 | INFO : loss: 0.000133  [19264/50000]
2023-11-30 21:54:13,290 | INFO : loss: 0.002246  [25664/50000]
2023-11-30 21:54:24,612 | INFO : loss: 0.002933  [32064/50000]
2023-11-30 21:54:35,920 | INFO : loss: 0.000202  [38464/50000]
2023-11-30 21:54:46,936 | INFO : loss: 0.006534  [44864/50000]
2023-11-30 21:55:12,173 | INFO : Test Error: 
 Accuracy: 77.2%, Avg loss: 1.376018 

2023-11-30 21:55:12,174 | INFO : Epoch 99
-------------------------------
2023-11-30 21:55:12,329 | INFO : loss: 0.000095  [   64/50000]
2023-11-30 21:55:23,291 | INFO : loss: 0.000244  [ 6464/50000]
2023-11-30 21:55:34,349 | INFO : loss: 0.014485  [12864/50000]
2023-11-30 21:55:45,409 | INFO : loss: 0.003520  [19264/50000]
2023-11-30 21:55:56,600 | INFO : loss: 0.000269  [25664/50000]
2023-11-30 21:56:07,578 | INFO : loss: 0.000320  [32064/50000]
2023-11-30 21:56:18,442 | INFO : loss: 0.000590  [38464/50000]
2023-11-30 21:56:29,278 | INFO : loss: 0.000785  [44864/50000]
2023-11-30 21:56:54,487 | INFO : Test Error: 
 Accuracy: 77.3%, Avg loss: 1.407191 

2023-11-30 21:56:54,488 | INFO : Epoch 100
-------------------------------
2023-11-30 21:56:54,658 | INFO : loss: 0.000450  [   64/50000]
2023-11-30 21:57:05,511 | INFO : loss: 0.000174  [ 6464/50000]
2023-11-30 21:57:16,355 | INFO : loss: 0.000839  [12864/50000]
2023-11-30 21:57:27,233 | INFO : loss: 0.001868  [19264/50000]
2023-11-30 21:57:38,073 | INFO : loss: 0.000037  [25664/50000]
2023-11-30 21:57:48,955 | INFO : loss: 0.000072  [32064/50000]
2023-11-30 21:57:59,830 | INFO : loss: 0.000046  [38464/50000]
2023-11-30 21:58:10,667 | INFO : loss: 0.000777  [44864/50000]
2023-11-30 21:58:36,459 | INFO : Test Error: 
 Accuracy: 77.0%, Avg loss: 1.462760 

2023-11-30 21:58:36,459 | INFO : Epoch 101
-------------------------------
2023-11-30 21:58:36,612 | INFO : loss: 0.000550  [   64/50000]
2023-11-30 21:58:47,453 | INFO : loss: 0.000479  [ 6464/50000]
2023-11-30 21:58:58,320 | INFO : loss: 0.000212  [12864/50000]
2023-11-30 21:59:09,355 | INFO : loss: 0.000410  [19264/50000]
2023-11-30 21:59:20,232 | INFO : loss: 0.002084  [25664/50000]
2023-11-30 21:59:31,069 | INFO : loss: 0.000395  [32064/50000]
2023-11-30 21:59:41,899 | INFO : loss: 0.002176  [38464/50000]
2023-11-30 21:59:52,697 | INFO : loss: 0.000840  [44864/50000]
2023-11-30 22:00:17,972 | INFO : Test Error: 
 Accuracy: 76.8%, Avg loss: 1.395320 

2023-11-30 22:00:17,973 | INFO : Epoch 102
-------------------------------
2023-11-30 22:00:18,128 | INFO : loss: 0.001170  [   64/50000]
2023-11-30 22:00:28,999 | INFO : loss: 0.003783  [ 6464/50000]
2023-11-30 22:00:39,834 | INFO : loss: 0.001253  [12864/50000]
2023-11-30 22:00:50,701 | INFO : loss: 0.000031  [19264/50000]
2023-11-30 22:01:01,555 | INFO : loss: 0.000178  [25664/50000]
2023-11-30 22:01:12,425 | INFO : loss: 0.001879  [32064/50000]
2023-11-30 22:01:23,298 | INFO : loss: 0.001041  [38464/50000]
2023-11-30 22:01:34,145 | INFO : loss: 0.004644  [44864/50000]
2023-11-30 22:01:59,367 | INFO : Test Error: 
 Accuracy: 77.8%, Avg loss: 1.397582 

2023-11-30 22:01:59,368 | INFO : Epoch 103
-------------------------------
2023-11-30 22:01:59,520 | INFO : loss: 0.000470  [   64/50000]
2023-11-30 22:02:10,375 | INFO : loss: 0.001941  [ 6464/50000]
2023-11-30 22:02:21,201 | INFO : loss: 0.000201  [12864/50000]
2023-11-30 22:02:32,065 | INFO : loss: 0.019207  [19264/50000]
2023-11-30 22:02:42,890 | INFO : loss: 0.000152  [25664/50000]
2023-11-30 22:02:53,720 | INFO : loss: 0.000340  [32064/50000]
2023-11-30 22:03:04,546 | INFO : loss: 0.000058  [38464/50000]
2023-11-30 22:03:15,372 | INFO : loss: 0.000143  [44864/50000]
2023-11-30 22:03:40,528 | INFO : Test Error: 
 Accuracy: 77.0%, Avg loss: 1.348432 

2023-11-30 22:03:40,529 | INFO : Epoch 104
-------------------------------
2023-11-30 22:03:40,691 | INFO : loss: 0.000144  [   64/50000]
2023-11-30 22:03:51,526 | INFO : loss: 0.001347  [ 6464/50000]
2023-11-30 22:04:02,373 | INFO : loss: 0.000815  [12864/50000]
2023-11-30 22:04:13,238 | INFO : loss: 0.043541  [19264/50000]
2023-11-30 22:04:24,047 | INFO : loss: 0.001813  [25664/50000]
2023-11-30 22:04:34,887 | INFO : loss: 0.004613  [32064/50000]
2023-11-30 22:04:45,736 | INFO : loss: 0.000462  [38464/50000]
2023-11-30 22:04:56,576 | INFO : loss: 0.000594  [44864/50000]
2023-11-30 22:05:21,817 | INFO : Test Error: 
 Accuracy: 77.4%, Avg loss: 1.404339 

2023-11-30 22:05:21,818 | INFO : Epoch 105
-------------------------------
2023-11-30 22:05:21,989 | INFO : loss: 0.000737  [   64/50000]
2023-11-30 22:05:32,818 | INFO : loss: 0.000144  [ 6464/50000]
2023-11-30 22:05:43,621 | INFO : loss: 0.001343  [12864/50000]
2023-11-30 22:05:54,498 | INFO : loss: 0.000042  [19264/50000]
2023-11-30 22:06:05,375 | INFO : loss: 0.000036  [25664/50000]
2023-11-30 22:06:16,181 | INFO : loss: 0.000614  [32064/50000]
2023-11-30 22:06:26,999 | INFO : loss: 0.000706  [38464/50000]
2023-11-30 22:06:37,828 | INFO : loss: 0.000053  [44864/50000]
2023-11-30 22:07:02,942 | INFO : Test Error: 
 Accuracy: 77.1%, Avg loss: 1.409405 

2023-11-30 22:07:02,942 | INFO : Epoch 106
-------------------------------
2023-11-30 22:07:03,100 | INFO : loss: 0.000817  [   64/50000]
2023-11-30 22:07:13,990 | INFO : loss: 0.002958  [ 6464/50000]
2023-11-30 22:07:24,848 | INFO : loss: 0.000247  [12864/50000]
2023-11-30 22:07:35,686 | INFO : loss: 0.000147  [19264/50000]
2023-11-30 22:07:46,536 | INFO : loss: 0.000626  [25664/50000]
2023-11-30 22:07:57,395 | INFO : loss: 0.002687  [32064/50000]
2023-11-30 22:08:08,254 | INFO : loss: 0.004168  [38464/50000]
2023-11-30 22:08:19,095 | INFO : loss: 0.000429  [44864/50000]
2023-11-30 22:08:44,401 | INFO : Test Error: 
 Accuracy: 77.8%, Avg loss: 1.375108 

2023-11-30 22:08:44,401 | INFO : Epoch 107
-------------------------------
2023-11-30 22:08:44,553 | INFO : loss: 0.000113  [   64/50000]
2023-11-30 22:08:55,379 | INFO : loss: 0.000150  [ 6464/50000]
2023-11-30 22:09:06,213 | INFO : loss: 0.000958  [12864/50000]
2023-11-30 22:09:17,079 | INFO : loss: 0.000230  [19264/50000]
2023-11-30 22:09:27,923 | INFO : loss: 0.004982  [25664/50000]
2023-11-30 22:09:38,761 | INFO : loss: 0.000092  [32064/50000]
2023-11-30 22:09:49,606 | INFO : loss: 0.001183  [38464/50000]
2023-11-30 22:10:00,463 | INFO : loss: 0.000427  [44864/50000]
2023-11-30 22:10:25,787 | INFO : Test Error: 
 Accuracy: 77.7%, Avg loss: 1.348257 

2023-11-30 22:10:25,788 | INFO : Epoch 108
-------------------------------
2023-11-30 22:10:25,960 | INFO : loss: 0.005356  [   64/50000]
2023-11-30 22:10:36,799 | INFO : loss: 0.000282  [ 6464/50000]
2023-11-30 22:10:47,622 | INFO : loss: 0.000104  [12864/50000]
2023-11-30 22:10:58,463 | INFO : loss: 0.000714  [19264/50000]
2023-11-30 22:11:09,345 | INFO : loss: 0.000341  [25664/50000]
2023-11-30 22:11:20,183 | INFO : loss: 0.001008  [32064/50000]
2023-11-30 22:11:31,062 | INFO : loss: 0.003464  [38464/50000]
2023-11-30 22:11:41,891 | INFO : loss: 0.000978  [44864/50000]
2023-11-30 22:12:07,281 | INFO : Test Error: 
 Accuracy: 77.9%, Avg loss: 1.364478 

2023-11-30 22:12:07,282 | INFO : Epoch 109
-------------------------------
2023-11-30 22:12:07,445 | INFO : loss: 0.000400  [   64/50000]
2023-11-30 22:12:18,256 | INFO : loss: 0.000042  [ 6464/50000]
2023-11-30 22:12:29,063 | INFO : loss: 0.002203  [12864/50000]
2023-11-30 22:12:39,879 | INFO : loss: 0.000121  [19264/50000]
2023-11-30 22:12:50,678 | INFO : loss: 0.000070  [25664/50000]
2023-11-30 22:13:01,462 | INFO : loss: 0.001548  [32064/50000]
2023-11-30 22:13:12,322 | INFO : loss: 0.000375  [38464/50000]
2023-11-30 22:13:23,124 | INFO : loss: 0.000350  [44864/50000]
2023-11-30 22:13:48,239 | INFO : Test Error: 
 Accuracy: 77.3%, Avg loss: 1.426242 

2023-11-30 22:13:48,240 | INFO : Epoch 110
-------------------------------
2023-11-30 22:13:48,399 | INFO : loss: 0.011275  [   64/50000]
2023-11-30 22:13:59,216 | INFO : loss: 0.001109  [ 6464/50000]
2023-11-30 22:14:10,038 | INFO : loss: 0.004918  [12864/50000]
2023-11-30 22:14:20,867 | INFO : loss: 0.001145  [19264/50000]
2023-11-30 22:14:31,680 | INFO : loss: 0.003199  [25664/50000]
2023-11-30 22:14:42,490 | INFO : loss: 0.000246  [32064/50000]
2023-11-30 22:14:53,357 | INFO : loss: 0.004148  [38464/50000]
2023-11-30 22:15:04,195 | INFO : loss: 0.000198  [44864/50000]
2023-11-30 22:15:29,480 | INFO : Test Error: 
 Accuracy: 76.8%, Avg loss: 1.390491 

2023-11-30 22:15:29,481 | INFO : Epoch 111
-------------------------------
2023-11-30 22:15:29,634 | INFO : loss: 0.000556  [   64/50000]
2023-11-30 22:15:40,499 | INFO : loss: 0.001766  [ 6464/50000]
2023-11-30 22:15:51,364 | INFO : loss: 0.001014  [12864/50000]
2023-11-30 22:16:02,190 | INFO : loss: 0.001341  [19264/50000]
2023-11-30 22:16:13,021 | INFO : loss: 0.005413  [25664/50000]
2023-11-30 22:16:23,846 | INFO : loss: 0.000265  [32064/50000]
2023-11-30 22:16:34,675 | INFO : loss: 0.007216  [38464/50000]
2023-11-30 22:16:45,504 | INFO : loss: 0.001125  [44864/50000]
2023-11-30 22:17:10,642 | INFO : Test Error: 
 Accuracy: 76.8%, Avg loss: 1.390756 

2023-11-30 22:17:10,643 | INFO : Epoch 112
-------------------------------
2023-11-30 22:17:10,823 | INFO : loss: 0.001566  [   64/50000]
2023-11-30 22:17:21,655 | INFO : loss: 0.000825  [ 6464/50000]
2023-11-30 22:17:32,477 | INFO : loss: 0.000804  [12864/50000]
2023-11-30 22:17:43,307 | INFO : loss: 0.000772  [19264/50000]
2023-11-30 22:17:54,116 | INFO : loss: 0.001136  [25664/50000]
2023-11-30 22:18:04,939 | INFO : loss: 0.000898  [32064/50000]
2023-11-30 22:18:15,764 | INFO : loss: 0.000159  [38464/50000]
2023-11-30 22:18:26,557 | INFO : loss: 0.000479  [44864/50000]
2023-11-30 22:18:51,703 | INFO : Test Error: 
 Accuracy: 76.5%, Avg loss: 1.497480 

2023-11-30 22:18:51,703 | INFO : Epoch 113
-------------------------------
2023-11-30 22:18:51,869 | INFO : loss: 0.000155  [   64/50000]
2023-11-30 22:19:02,690 | INFO : loss: 0.010725  [ 6464/50000]
2023-11-30 22:19:13,615 | INFO : loss: 0.002356  [12864/50000]
2023-11-30 22:19:24,491 | INFO : loss: 0.007491  [19264/50000]
2023-11-30 22:19:35,333 | INFO : loss: 0.002898  [25664/50000]
2023-11-30 22:19:46,125 | INFO : loss: 0.003316  [32064/50000]
2023-11-30 22:19:56,964 | INFO : loss: 0.000369  [38464/50000]
2023-11-30 22:20:07,781 | INFO : loss: 0.000829  [44864/50000]
2023-11-30 22:20:32,932 | INFO : Test Error: 
 Accuracy: 77.2%, Avg loss: 1.356601 

2023-11-30 22:20:32,933 | INFO : Epoch 114
-------------------------------
2023-11-30 22:20:33,105 | INFO : loss: 0.000458  [   64/50000]
2023-11-30 22:20:43,897 | INFO : loss: 0.004511  [ 6464/50000]
2023-11-30 22:20:54,743 | INFO : loss: 0.000821  [12864/50000]
2023-11-30 22:21:05,588 | INFO : loss: 0.000430  [19264/50000]
2023-11-30 22:21:16,435 | INFO : loss: 0.000214  [25664/50000]
2023-11-30 22:21:27,325 | INFO : loss: 0.003122  [32064/50000]
2023-11-30 22:21:38,183 | INFO : loss: 0.001113  [38464/50000]
2023-11-30 22:21:49,000 | INFO : loss: 0.000408  [44864/50000]
2023-11-30 22:22:14,157 | INFO : Test Error: 
 Accuracy: 77.8%, Avg loss: 1.365594 

2023-11-30 22:22:14,158 | INFO : Epoch 115
-------------------------------
2023-11-30 22:22:14,325 | INFO : loss: 0.001312  [   64/50000]
2023-11-30 22:22:25,275 | INFO : loss: 0.000410  [ 6464/50000]
2023-11-30 22:22:36,149 | INFO : loss: 0.000077  [12864/50000]
2023-11-30 22:22:46,947 | INFO : loss: 0.000028  [19264/50000]
2023-11-30 22:22:57,736 | INFO : loss: 0.000440  [25664/50000]
2023-11-30 22:23:08,657 | INFO : loss: 0.002357  [32064/50000]
2023-11-30 22:23:19,507 | INFO : loss: 0.000079  [38464/50000]
2023-11-30 22:23:30,340 | INFO : loss: 0.000153  [44864/50000]
2023-11-30 22:23:55,599 | INFO : Test Error: 
 Accuracy: 77.8%, Avg loss: 1.373455 

2023-11-30 22:23:55,599 | INFO : Epoch 116
-------------------------------
2023-11-30 22:23:55,778 | INFO : loss: 0.003117  [   64/50000]
2023-11-30 22:24:06,577 | INFO : loss: 0.001377  [ 6464/50000]
2023-11-30 22:24:17,422 | INFO : loss: 0.002080  [12864/50000]
2023-11-30 22:24:28,250 | INFO : loss: 0.004923  [19264/50000]
2023-11-30 22:24:39,045 | INFO : loss: 0.000244  [25664/50000]
2023-11-30 22:24:49,842 | INFO : loss: 0.000835  [32064/50000]
2023-11-30 22:25:00,650 | INFO : loss: 0.006992  [38464/50000]
2023-11-30 22:25:11,448 | INFO : loss: 0.001831  [44864/50000]
2023-11-30 22:25:36,625 | INFO : Test Error: 
 Accuracy: 77.1%, Avg loss: 1.365611 

2023-11-30 22:25:36,626 | INFO : Epoch 117
-------------------------------
2023-11-30 22:25:36,779 | INFO : loss: 0.000143  [   64/50000]
2023-11-30 22:25:47,573 | INFO : loss: 0.006043  [ 6464/50000]
2023-11-30 22:25:58,395 | INFO : loss: 0.000173  [12864/50000]
2023-11-30 22:26:09,247 | INFO : loss: 0.001276  [19264/50000]
2023-11-30 22:26:20,061 | INFO : loss: 0.000439  [25664/50000]
2023-11-30 22:26:30,875 | INFO : loss: 0.009042  [32064/50000]
2023-11-30 22:26:41,710 | INFO : loss: 0.001999  [38464/50000]
2023-11-30 22:26:52,509 | INFO : loss: 0.000072  [44864/50000]
2023-11-30 22:27:17,632 | INFO : Test Error: 
 Accuracy: 77.3%, Avg loss: 1.348432 

2023-11-30 22:27:17,633 | INFO : Epoch 118
-------------------------------
2023-11-30 22:27:17,796 | INFO : loss: 0.002618  [   64/50000]
2023-11-30 22:27:28,602 | INFO : loss: 0.001279  [ 6464/50000]
2023-11-30 22:27:39,410 | INFO : loss: 0.000570  [12864/50000]
2023-11-30 22:27:50,252 | INFO : loss: 0.001162  [19264/50000]
2023-11-30 22:28:01,056 | INFO : loss: 0.000412  [25664/50000]
2023-11-30 22:28:11,869 | INFO : loss: 0.001089  [32064/50000]
2023-11-30 22:28:22,735 | INFO : loss: 0.001021  [38464/50000]
2023-11-30 22:28:33,533 | INFO : loss: 0.000317  [44864/50000]
2023-11-30 22:28:58,643 | INFO : Test Error: 
 Accuracy: 76.8%, Avg loss: 1.407434 

2023-11-30 22:28:58,643 | INFO : Epoch 119
-------------------------------
2023-11-30 22:28:58,796 | INFO : loss: 0.017732  [   64/50000]
2023-11-30 22:29:09,612 | INFO : loss: 0.001021  [ 6464/50000]
2023-11-30 22:29:20,443 | INFO : loss: 0.000406  [12864/50000]
2023-11-30 22:29:31,281 | INFO : loss: 0.000055  [19264/50000]
2023-11-30 22:29:42,082 | INFO : loss: 0.003726  [25664/50000]
2023-11-30 22:29:52,992 | INFO : loss: 0.000953  [32064/50000]
2023-11-30 22:30:03,824 | INFO : loss: 0.000873  [38464/50000]
2023-11-30 22:30:14,641 | INFO : loss: 0.000089  [44864/50000]
2023-11-30 22:30:39,796 | INFO : Test Error: 
 Accuracy: 77.3%, Avg loss: 1.361379 

2023-11-30 22:30:39,797 | INFO : Epoch 120
-------------------------------
2023-11-30 22:30:39,953 | INFO : loss: 0.000481  [   64/50000]
2023-11-30 22:30:50,758 | INFO : loss: 0.000264  [ 6464/50000]
2023-11-30 22:31:01,579 | INFO : loss: 0.000398  [12864/50000]
2023-11-30 22:31:12,381 | INFO : loss: 0.000547  [19264/50000]
2023-11-30 22:31:23,185 | INFO : loss: 0.000488  [25664/50000]
2023-11-30 22:31:33,999 | INFO : loss: 0.000086  [32064/50000]
2023-11-30 22:31:44,825 | INFO : loss: 0.000234  [38464/50000]
2023-11-30 22:31:55,648 | INFO : loss: 0.001017  [44864/50000]
2023-11-30 22:32:20,757 | INFO : Test Error: 
 Accuracy: 76.5%, Avg loss: 1.380848 

2023-11-30 22:32:20,758 | INFO : Epoch 121
-------------------------------
2023-11-30 22:32:20,923 | INFO : loss: 0.001302  [   64/50000]
2023-11-30 22:32:31,728 | INFO : loss: 0.000803  [ 6464/50000]
2023-11-30 22:32:42,526 | INFO : loss: 0.000795  [12864/50000]
2023-11-30 22:32:53,384 | INFO : loss: 0.001071  [19264/50000]
2023-11-30 22:33:04,185 | INFO : loss: 0.000257  [25664/50000]
2023-11-30 22:33:15,005 | INFO : loss: 0.000077  [32064/50000]
2023-11-30 22:33:25,849 | INFO : loss: 0.000388  [38464/50000]
2023-11-30 22:33:36,649 | INFO : loss: 0.000289  [44864/50000]
2023-11-30 22:34:01,761 | INFO : Test Error: 
 Accuracy: 77.4%, Avg loss: 1.356945 

2023-11-30 22:34:01,762 | INFO : Epoch 122
-------------------------------
2023-11-30 22:34:01,938 | INFO : loss: 0.001710  [   64/50000]
2023-11-30 22:34:12,756 | INFO : loss: 0.000688  [ 6464/50000]
2023-11-30 22:34:23,580 | INFO : loss: 0.001187  [12864/50000]
2023-11-30 22:34:34,395 | INFO : loss: 0.039083  [19264/50000]
2023-11-30 22:34:45,211 | INFO : loss: 0.000153  [25664/50000]
2023-11-30 22:34:56,047 | INFO : loss: 0.022454  [32064/50000]
2023-11-30 22:35:06,891 | INFO : loss: 0.001056  [38464/50000]
2023-11-30 22:35:17,920 | INFO : loss: 0.001041  [44864/50000]
2023-11-30 22:35:43,671 | INFO : Test Error: 
 Accuracy: 77.2%, Avg loss: 1.379766 

2023-11-30 22:35:43,672 | INFO : Epoch 123
-------------------------------
2023-11-30 22:35:43,845 | INFO : loss: 0.000304  [   64/50000]
2023-11-30 22:35:54,694 | INFO : loss: 0.000825  [ 6464/50000]
2023-11-30 22:36:05,637 | INFO : loss: 0.002207  [12864/50000]
2023-11-30 22:36:16,530 | INFO : loss: 0.002506  [19264/50000]
2023-11-30 22:36:27,403 | INFO : loss: 0.001466  [25664/50000]
2023-11-30 22:36:38,216 | INFO : loss: 0.013084  [32064/50000]
2023-11-30 22:36:49,060 | INFO : loss: 0.010391  [38464/50000]
2023-11-30 22:36:59,878 | INFO : loss: 0.018796  [44864/50000]
2023-11-30 22:37:25,097 | INFO : Test Error: 
 Accuracy: 76.5%, Avg loss: 1.310357 

2023-11-30 22:37:25,097 | INFO : Epoch 124
-------------------------------
2023-11-30 22:37:25,269 | INFO : loss: 0.011255  [   64/50000]
2023-11-30 22:37:36,079 | INFO : loss: 0.000214  [ 6464/50000]
2023-11-30 22:37:46,884 | INFO : loss: 0.003244  [12864/50000]
2023-11-30 22:37:57,696 | INFO : loss: 0.000209  [19264/50000]
2023-11-30 22:38:08,488 | INFO : loss: 0.000761  [25664/50000]
2023-11-30 22:38:19,407 | INFO : loss: 0.000943  [32064/50000]
2023-11-30 22:38:30,247 | INFO : loss: 0.000380  [38464/50000]
2023-11-30 22:38:41,044 | INFO : loss: 0.001033  [44864/50000]
2023-11-30 22:39:06,135 | INFO : Test Error: 
 Accuracy: 77.2%, Avg loss: 1.297565 

2023-11-30 22:39:06,136 | INFO : Epoch 125
-------------------------------
2023-11-30 22:39:06,315 | INFO : loss: 0.000293  [   64/50000]
2023-11-30 22:39:17,125 | INFO : loss: 0.001758  [ 6464/50000]
2023-11-30 22:39:27,947 | INFO : loss: 0.001366  [12864/50000]
2023-11-30 22:39:38,781 | INFO : loss: 0.001822  [19264/50000]
2023-11-30 22:39:49,563 | INFO : loss: 0.001853  [25664/50000]
2023-11-30 22:40:00,359 | INFO : loss: 0.009391  [32064/50000]
2023-11-30 22:40:11,161 | INFO : loss: 0.000468  [38464/50000]
2023-11-30 22:40:21,966 | INFO : loss: 0.002879  [44864/50000]
2023-11-30 22:40:47,170 | INFO : Test Error: 
 Accuracy: 77.4%, Avg loss: 1.305632 

2023-11-30 22:40:47,171 | INFO : Epoch 126
-------------------------------
2023-11-30 22:40:47,347 | INFO : loss: 0.000122  [   64/50000]
2023-11-30 22:40:58,145 | INFO : loss: 0.000849  [ 6464/50000]
2023-11-30 22:41:08,929 | INFO : loss: 0.002326  [12864/50000]
2023-11-30 22:41:19,740 | INFO : loss: 0.009422  [19264/50000]
2023-11-30 22:41:30,584 | INFO : loss: 0.002385  [25664/50000]
2023-11-30 22:41:41,381 | INFO : loss: 0.002597  [32064/50000]
2023-11-30 22:41:52,182 | INFO : loss: 0.001941  [38464/50000]
2023-11-30 22:42:02,982 | INFO : loss: 0.000459  [44864/50000]
2023-11-30 22:42:28,112 | INFO : Test Error: 
 Accuracy: 77.2%, Avg loss: 1.362642 

2023-11-30 22:42:28,113 | INFO : Epoch 127
-------------------------------
2023-11-30 22:42:28,286 | INFO : loss: 0.000370  [   64/50000]
2023-11-30 22:42:39,103 | INFO : loss: 0.001013  [ 6464/50000]
2023-11-30 22:42:49,924 | INFO : loss: 0.003236  [12864/50000]
2023-11-30 22:43:00,786 | INFO : loss: 0.000290  [19264/50000]
2023-11-30 22:43:11,596 | INFO : loss: 0.004450  [25664/50000]
2023-11-30 22:43:22,403 | INFO : loss: 0.002495  [32064/50000]
2023-11-30 22:43:33,244 | INFO : loss: 0.000703  [38464/50000]
2023-11-30 22:43:44,059 | INFO : loss: 0.001825  [44864/50000]
2023-11-30 22:44:09,187 | INFO : Test Error: 
 Accuracy: 77.5%, Avg loss: 1.291744 

2023-11-30 22:44:09,187 | INFO : Epoch 128
-------------------------------
2023-11-30 22:44:09,364 | INFO : loss: 0.002310  [   64/50000]
2023-11-30 22:44:20,149 | INFO : loss: 0.001186  [ 6464/50000]
2023-11-30 22:44:30,968 | INFO : loss: 0.000639  [12864/50000]
2023-11-30 22:44:41,771 | INFO : loss: 0.000547  [19264/50000]
2023-11-30 22:44:52,596 | INFO : loss: 0.000431  [25664/50000]
2023-11-30 22:45:03,391 | INFO : loss: 0.002143  [32064/50000]
2023-11-30 22:45:14,199 | INFO : loss: 0.000391  [38464/50000]
2023-11-30 22:45:25,004 | INFO : loss: 0.000282  [44864/50000]
2023-11-30 22:45:50,144 | INFO : Test Error: 
 Accuracy: 77.2%, Avg loss: 1.325673 

2023-11-30 22:45:50,145 | INFO : Epoch 129
-------------------------------
2023-11-30 22:45:50,303 | INFO : loss: 0.000278  [   64/50000]
2023-11-30 22:46:01,101 | INFO : loss: 0.002398  [ 6464/50000]
2023-11-30 22:46:11,897 | INFO : loss: 0.001024  [12864/50000]
2023-11-30 22:46:22,727 | INFO : loss: 0.000210  [19264/50000]
2023-11-30 22:46:33,561 | INFO : loss: 0.000169  [25664/50000]
2023-11-30 22:46:44,360 | INFO : loss: 0.004920  [32064/50000]
2023-11-30 22:46:55,189 | INFO : loss: 0.003414  [38464/50000]
2023-11-30 22:47:06,000 | INFO : loss: 0.000787  [44864/50000]
2023-11-30 22:47:31,152 | INFO : Test Error: 
 Accuracy: 77.2%, Avg loss: 1.269864 

2023-11-30 22:47:31,153 | INFO : Epoch 130
-------------------------------
2023-11-30 22:47:31,319 | INFO : loss: 0.004415  [   64/50000]
2023-11-30 22:47:42,134 | INFO : loss: 0.000505  [ 6464/50000]
2023-11-30 22:47:52,946 | INFO : loss: 0.002211  [12864/50000]
2023-11-30 22:48:03,768 | INFO : loss: 0.000416  [19264/50000]
2023-11-30 22:48:14,576 | INFO : loss: 0.001795  [25664/50000]
2023-11-30 22:48:25,374 | INFO : loss: 0.001789  [32064/50000]
2023-11-30 22:48:36,225 | INFO : loss: 0.000364  [38464/50000]
2023-11-30 22:48:47,029 | INFO : loss: 0.000658  [44864/50000]
2023-11-30 22:49:12,159 | INFO : Test Error: 
 Accuracy: 77.4%, Avg loss: 1.377623 

2023-11-30 22:49:12,160 | INFO : Epoch 131
-------------------------------
2023-11-30 22:49:12,335 | INFO : loss: 0.000533  [   64/50000]
2023-11-30 22:49:23,144 | INFO : loss: 0.000293  [ 6464/50000]
2023-11-30 22:49:33,983 | INFO : loss: 0.001036  [12864/50000]
2023-11-30 22:49:44,795 | INFO : loss: 0.000990  [19264/50000]
2023-11-30 22:49:55,598 | INFO : loss: 0.000130  [25664/50000]
2023-11-30 22:50:06,433 | INFO : loss: 0.000386  [32064/50000]
2023-11-30 22:50:17,258 | INFO : loss: 0.000319  [38464/50000]
2023-11-30 22:50:28,145 | INFO : loss: 0.002733  [44864/50000]
2023-11-30 22:50:53,396 | INFO : Test Error: 
 Accuracy: 77.2%, Avg loss: 1.329374 

2023-11-30 22:50:53,396 | INFO : Epoch 132
-------------------------------
2023-11-30 22:50:53,555 | INFO : loss: 0.000665  [   64/50000]
2023-11-30 22:51:04,366 | INFO : loss: 0.000361  [ 6464/50000]
2023-11-30 22:51:15,302 | INFO : loss: 0.000461  [12864/50000]
2023-11-30 22:51:26,175 | INFO : loss: 0.000836  [19264/50000]
2023-11-30 22:51:37,005 | INFO : loss: 0.022092  [25664/50000]
2023-11-30 22:51:47,834 | INFO : loss: 0.013610  [32064/50000]
2023-11-30 22:51:58,662 | INFO : loss: 0.000509  [38464/50000]
2023-11-30 22:52:09,472 | INFO : loss: 0.000773  [44864/50000]
2023-11-30 22:52:34,663 | INFO : Test Error: 
 Accuracy: 76.8%, Avg loss: 1.361718 

2023-11-30 22:52:34,663 | INFO : Epoch 133
-------------------------------
2023-11-30 22:52:34,837 | INFO : loss: 0.018284  [   64/50000]
2023-11-30 22:52:45,641 | INFO : loss: 0.000321  [ 6464/50000]
2023-11-30 22:52:56,471 | INFO : loss: 0.000232  [12864/50000]
2023-11-30 22:53:07,286 | INFO : loss: 0.000393  [19264/50000]
2023-11-30 22:53:18,081 | INFO : loss: 0.001207  [25664/50000]
2023-11-30 22:53:28,900 | INFO : loss: 0.002766  [32064/50000]
2023-11-30 22:53:39,744 | INFO : loss: 0.001377  [38464/50000]
2023-11-30 22:53:50,550 | INFO : loss: 0.000994  [44864/50000]
2023-11-30 22:54:15,685 | INFO : Test Error: 
 Accuracy: 77.4%, Avg loss: 1.289040 

2023-11-30 22:54:15,686 | INFO : Epoch 134
-------------------------------
2023-11-30 22:54:15,853 | INFO : loss: 0.006118  [   64/50000]
2023-11-30 22:54:26,667 | INFO : loss: 0.004262  [ 6464/50000]
2023-11-30 22:54:37,486 | INFO : loss: 0.000269  [12864/50000]
2023-11-30 22:54:48,295 | INFO : loss: 0.002085  [19264/50000]
2023-11-30 22:54:59,111 | INFO : loss: 0.000834  [25664/50000]
2023-11-30 22:55:09,968 | INFO : loss: 0.000626  [32064/50000]
2023-11-30 22:55:20,837 | INFO : loss: 0.000091  [38464/50000]
2023-11-30 22:55:31,649 | INFO : loss: 0.000824  [44864/50000]
2023-11-30 22:55:56,821 | INFO : Test Error: 
 Accuracy: 77.6%, Avg loss: 1.313334 

2023-11-30 22:55:56,822 | INFO : Epoch 135
-------------------------------
2023-11-30 22:55:56,979 | INFO : loss: 0.003588  [   64/50000]
2023-11-30 22:56:07,780 | INFO : loss: 0.000806  [ 6464/50000]
2023-11-30 22:56:18,588 | INFO : loss: 0.000562  [12864/50000]
2023-11-30 22:56:29,451 | INFO : loss: 0.000549  [19264/50000]
2023-11-30 22:56:40,558 | INFO : loss: 0.002286  [25664/50000]
2023-11-30 22:56:51,363 | INFO : loss: 0.001578  [32064/50000]
2023-11-30 22:57:02,220 | INFO : loss: 0.000420  [38464/50000]
2023-11-30 22:57:13,073 | INFO : loss: 0.000607  [44864/50000]
2023-11-30 22:57:38,158 | INFO : Test Error: 
 Accuracy: 77.3%, Avg loss: 1.336334 

2023-11-30 22:57:38,158 | INFO : Epoch 136
-------------------------------
2023-11-30 22:57:38,323 | INFO : loss: 0.000126  [   64/50000]
2023-11-30 22:57:49,153 | INFO : loss: 0.000364  [ 6464/50000]
2023-11-30 22:57:59,933 | INFO : loss: 0.000247  [12864/50000]
2023-11-30 22:58:10,736 | INFO : loss: 0.000108  [19264/50000]
2023-11-30 22:58:21,514 | INFO : loss: 0.000564  [25664/50000]
2023-11-30 22:58:32,321 | INFO : loss: 0.000765  [32064/50000]
2023-11-30 22:58:43,125 | INFO : loss: 0.001130  [38464/50000]
2023-11-30 22:58:53,901 | INFO : loss: 0.001531  [44864/50000]
2023-11-30 22:59:18,981 | INFO : Test Error: 
 Accuracy: 77.5%, Avg loss: 1.318086 

2023-11-30 22:59:18,982 | INFO : Epoch 137
-------------------------------
2023-11-30 22:59:19,152 | INFO : loss: 0.001276  [   64/50000]
2023-11-30 22:59:29,956 | INFO : loss: 0.004795  [ 6464/50000]
2023-11-30 22:59:40,775 | INFO : loss: 0.013784  [12864/50000]
2023-11-30 22:59:51,609 | INFO : loss: 0.008449  [19264/50000]
2023-11-30 23:00:02,406 | INFO : loss: 0.000097  [25664/50000]
2023-11-30 23:00:13,213 | INFO : loss: 0.000213  [32064/50000]
2023-11-30 23:00:24,048 | INFO : loss: 0.008227  [38464/50000]
2023-11-30 23:00:34,857 | INFO : loss: 0.000127  [44864/50000]
2023-11-30 23:00:59,996 | INFO : Test Error: 
 Accuracy: 77.2%, Avg loss: 1.304749 

2023-11-30 23:00:59,997 | INFO : Epoch 138
-------------------------------
2023-11-30 23:01:00,168 | INFO : loss: 0.000925  [   64/50000]
2023-11-30 23:01:10,981 | INFO : loss: 0.000874  [ 6464/50000]
2023-11-30 23:01:21,801 | INFO : loss: 0.001333  [12864/50000]
2023-11-30 23:01:32,709 | INFO : loss: 0.000080  [19264/50000]
2023-11-30 23:01:43,545 | INFO : loss: 0.000710  [25664/50000]
2023-11-30 23:01:54,468 | INFO : loss: 0.000919  [32064/50000]
2023-11-30 23:02:05,335 | INFO : loss: 0.000496  [38464/50000]
2023-11-30 23:02:16,144 | INFO : loss: 0.008000  [44864/50000]
2023-11-30 23:02:41,214 | INFO : Test Error: 
 Accuracy: 77.3%, Avg loss: 1.339271 

2023-11-30 23:02:41,215 | INFO : Epoch 139
-------------------------------
2023-11-30 23:02:41,373 | INFO : loss: 0.000227  [   64/50000]
2023-11-30 23:02:52,158 | INFO : loss: 0.006496  [ 6464/50000]
2023-11-30 23:03:02,950 | INFO : loss: 0.000209  [12864/50000]
2023-11-30 23:03:13,790 | INFO : loss: 0.005937  [19264/50000]
2023-11-30 23:03:24,593 | INFO : loss: 0.000936  [25664/50000]
2023-11-30 23:03:35,399 | INFO : loss: 0.000504  [32064/50000]
2023-11-30 23:03:46,208 | INFO : loss: 0.000462  [38464/50000]
2023-11-30 23:03:56,992 | INFO : loss: 0.001556  [44864/50000]
2023-11-30 23:04:22,092 | INFO : Test Error: 
 Accuracy: 77.1%, Avg loss: 1.366289 

2023-11-30 23:04:22,093 | INFO : Epoch 140
-------------------------------
2023-11-30 23:04:22,263 | INFO : loss: 0.000731  [   64/50000]
2023-11-30 23:04:33,078 | INFO : loss: 0.001391  [ 6464/50000]
2023-11-30 23:04:43,909 | INFO : loss: 0.000514  [12864/50000]
2023-11-30 23:04:54,730 | INFO : loss: 0.000717  [19264/50000]
2023-11-30 23:05:05,521 | INFO : loss: 0.003603  [25664/50000]
2023-11-30 23:05:16,310 | INFO : loss: 0.000052  [32064/50000]
2023-11-30 23:05:27,124 | INFO : loss: 0.000806  [38464/50000]
2023-11-30 23:05:37,958 | INFO : loss: 0.002667  [44864/50000]
2023-11-30 23:06:03,129 | INFO : Test Error: 
 Accuracy: 77.0%, Avg loss: 1.377268 

2023-11-30 23:06:03,129 | INFO : Epoch 141
-------------------------------
2023-11-30 23:06:03,295 | INFO : loss: 0.000119  [   64/50000]
2023-11-30 23:06:14,091 | INFO : loss: 0.001149  [ 6464/50000]
2023-11-30 23:06:24,878 | INFO : loss: 0.000737  [12864/50000]
2023-11-30 23:06:35,792 | INFO : loss: 0.001416  [19264/50000]
2023-11-30 23:06:46,620 | INFO : loss: 0.001813  [25664/50000]
2023-11-30 23:06:57,418 | INFO : loss: 0.001691  [32064/50000]
2023-11-30 23:07:08,218 | INFO : loss: 0.012796  [38464/50000]
2023-11-30 23:07:19,014 | INFO : loss: 0.001213  [44864/50000]
2023-11-30 23:07:44,116 | INFO : Test Error: 
 Accuracy: 77.1%, Avg loss: 1.359339 

2023-11-30 23:07:44,117 | INFO : Epoch 142
-------------------------------
2023-11-30 23:07:44,271 | INFO : loss: 0.000995  [   64/50000]
2023-11-30 23:07:55,056 | INFO : loss: 0.000911  [ 6464/50000]
2023-11-30 23:08:05,854 | INFO : loss: 0.000088  [12864/50000]
2023-11-30 23:08:16,697 | INFO : loss: 0.001128  [19264/50000]
2023-11-30 23:08:27,571 | INFO : loss: 0.000742  [25664/50000]
2023-11-30 23:08:38,360 | INFO : loss: 0.000136  [32064/50000]
2023-11-30 23:08:49,170 | INFO : loss: 0.000494  [38464/50000]
2023-11-30 23:08:59,954 | INFO : loss: 0.001028  [44864/50000]
2023-11-30 23:09:25,068 | INFO : Test Error: 
 Accuracy: 77.2%, Avg loss: 1.341576 

2023-11-30 23:09:25,069 | INFO : Epoch 143
-------------------------------
2023-11-30 23:09:25,249 | INFO : loss: 0.003584  [   64/50000]
2023-11-30 23:09:36,037 | INFO : loss: 0.001854  [ 6464/50000]
2023-11-30 23:09:46,885 | INFO : loss: 0.000734  [12864/50000]
2023-11-30 23:09:57,692 | INFO : loss: 0.000212  [19264/50000]
2023-11-30 23:10:08,505 | INFO : loss: 0.001626  [25664/50000]
2023-11-30 23:10:19,291 | INFO : loss: 0.004590  [32064/50000]
2023-11-30 23:10:30,096 | INFO : loss: 0.000251  [38464/50000]
2023-11-30 23:10:40,876 | INFO : loss: 0.000362  [44864/50000]
2023-11-30 23:11:05,978 | INFO : Test Error: 
 Accuracy: 77.2%, Avg loss: 1.307670 

2023-11-30 23:11:05,979 | INFO : Epoch 144
-------------------------------
2023-11-30 23:11:06,141 | INFO : loss: 0.000622  [   64/50000]
2023-11-30 23:11:16,918 | INFO : loss: 0.000758  [ 6464/50000]
2023-11-30 23:11:27,700 | INFO : loss: 0.001301  [12864/50000]
2023-11-30 23:11:38,505 | INFO : loss: 0.003875  [19264/50000]
2023-11-30 23:11:49,286 | INFO : loss: 0.000588  [25664/50000]
2023-11-30 23:12:00,071 | INFO : loss: 0.000538  [32064/50000]
2023-11-30 23:12:10,878 | INFO : loss: 0.000241  [38464/50000]
2023-11-30 23:12:21,695 | INFO : loss: 0.001618  [44864/50000]
2023-11-30 23:12:46,961 | INFO : Test Error: 
 Accuracy: 77.6%, Avg loss: 1.250421 

2023-11-30 23:12:46,962 | INFO : Epoch 145
-------------------------------
2023-11-30 23:12:47,142 | INFO : loss: 0.001228  [   64/50000]
2023-11-30 23:12:57,942 | INFO : loss: 0.000402  [ 6464/50000]
2023-11-30 23:13:08,758 | INFO : loss: 0.009124  [12864/50000]
2023-11-30 23:13:19,588 | INFO : loss: 0.010661  [19264/50000]
2023-11-30 23:13:30,503 | INFO : loss: 0.000432  [25664/50000]
2023-11-30 23:13:41,338 | INFO : loss: 0.016924  [32064/50000]
2023-11-30 23:13:52,193 | INFO : loss: 0.003890  [38464/50000]
2023-11-30 23:14:02,992 | INFO : loss: 0.000406  [44864/50000]
2023-11-30 23:14:28,028 | INFO : Test Error: 
 Accuracy: 77.7%, Avg loss: 1.319047 

2023-11-30 23:14:28,029 | INFO : Epoch 146
-------------------------------
2023-11-30 23:14:28,205 | INFO : loss: 0.001901  [   64/50000]
2023-11-30 23:14:39,000 | INFO : loss: 0.000337  [ 6464/50000]
2023-11-30 23:14:49,793 | INFO : loss: 0.000978  [12864/50000]
2023-11-30 23:15:00,584 | INFO : loss: 0.000468  [19264/50000]
2023-11-30 23:15:11,362 | INFO : loss: 0.003370  [25664/50000]
2023-11-30 23:15:22,149 | INFO : loss: 0.001001  [32064/50000]
2023-11-30 23:15:32,956 | INFO : loss: 0.000412  [38464/50000]
2023-11-30 23:15:43,729 | INFO : loss: 0.000182  [44864/50000]
2023-11-30 23:16:08,798 | INFO : Test Error: 
 Accuracy: 76.7%, Avg loss: 1.372515 

2023-11-30 23:16:08,799 | INFO : Epoch 147
-------------------------------
2023-11-30 23:16:08,971 | INFO : loss: 0.003875  [   64/50000]
2023-11-30 23:16:20,452 | INFO : loss: 0.000857  [ 6464/50000]
2023-11-30 23:16:31,301 | INFO : loss: 0.000489  [12864/50000]
2023-11-30 23:16:42,124 | INFO : loss: 0.000315  [19264/50000]
2023-11-30 23:16:52,931 | INFO : loss: 0.000245  [25664/50000]
2023-11-30 23:17:03,710 | INFO : loss: 0.008045  [32064/50000]
2023-11-30 23:17:14,517 | INFO : loss: 0.000490  [38464/50000]
2023-11-30 23:17:25,345 | INFO : loss: 0.000411  [44864/50000]
2023-11-30 23:17:50,485 | INFO : Test Error: 
 Accuracy: 77.0%, Avg loss: 1.345076 

2023-11-30 23:17:50,485 | INFO : Epoch 148
-------------------------------
2023-11-30 23:17:50,644 | INFO : loss: 0.025826  [   64/50000]
2023-11-30 23:18:01,419 | INFO : loss: 0.001384  [ 6464/50000]
2023-11-30 23:18:12,233 | INFO : loss: 0.000905  [12864/50000]
2023-11-30 23:18:23,045 | INFO : loss: 0.001463  [19264/50000]
2023-11-30 23:18:33,843 | INFO : loss: 0.004458  [25664/50000]
2023-11-30 23:18:44,621 | INFO : loss: 0.000458  [32064/50000]
2023-11-30 23:18:55,418 | INFO : loss: 0.001149  [38464/50000]
2023-11-30 23:19:06,203 | INFO : loss: 0.000039  [44864/50000]
2023-11-30 23:19:31,338 | INFO : Test Error: 
 Accuracy: 77.8%, Avg loss: 1.391221 

2023-11-30 23:19:31,338 | INFO : Epoch 149
-------------------------------
2023-11-30 23:19:31,503 | INFO : loss: 0.000671  [   64/50000]
2023-11-30 23:19:42,324 | INFO : loss: 0.000055  [ 6464/50000]
2023-11-30 23:19:53,131 | INFO : loss: 0.000222  [12864/50000]
2023-11-30 23:20:03,941 | INFO : loss: 0.013671  [19264/50000]
2023-11-30 23:20:14,732 | INFO : loss: 0.003753  [25664/50000]
2023-11-30 23:20:25,534 | INFO : loss: 0.000252  [32064/50000]
2023-11-30 23:20:36,329 | INFO : loss: 0.004623  [38464/50000]
2023-11-30 23:20:47,105 | INFO : loss: 0.000969  [44864/50000]
2023-11-30 23:21:12,269 | INFO : Test Error: 
 Accuracy: 77.5%, Avg loss: 1.303972 

2023-11-30 23:21:12,269 | INFO : Epoch 150
-------------------------------
2023-11-30 23:21:12,442 | INFO : loss: 0.000776  [   64/50000]
2023-11-30 23:21:23,251 | INFO : loss: 0.001390  [ 6464/50000]
2023-11-30 23:21:34,043 | INFO : loss: 0.003288  [12864/50000]
2023-11-30 23:21:44,883 | INFO : loss: 0.000445  [19264/50000]
2023-11-30 23:21:55,713 | INFO : loss: 0.000532  [25664/50000]
2023-11-30 23:22:06,520 | INFO : loss: 0.004840  [32064/50000]
2023-11-30 23:22:17,337 | INFO : loss: 0.000294  [38464/50000]
2023-11-30 23:22:28,122 | INFO : loss: 0.000611  [44864/50000]
2023-11-30 23:22:53,183 | INFO : Test Error: 
 Accuracy: 77.1%, Avg loss: 1.326314 

2023-11-30 23:22:53,183 | INFO : Done!
2023-11-30 23:22:53,184 | INFO : Total training time: 16452.36640405655
