A100 GPU 80gb
@compute-2-3.local (GPU): GPU-8281fbc2-ad66-3ec4-1727-f5c0d85e45ca
Files already downloaded and verified
Files already downloaded and verified
2023-12-14 16:45:14,577 | INFO : ----------- VGG11 TRAINING -----------
2023-12-14 16:45:14,578 | INFO : Epoch 1
-------------------------------
2023-12-14 16:45:18,338 | INFO : loss: 2.297056  [   64/50000]
2023-12-14 16:45:44,300 | INFO : loss: 2.057702  [ 6464/50000]
2023-12-14 16:46:08,193 | INFO : loss: 2.001593  [12864/50000]
2023-12-14 16:46:30,767 | INFO : loss: 1.832618  [19264/50000]
2023-12-14 16:46:55,640 | INFO : loss: 1.721301  [25664/50000]
2023-12-14 16:47:16,936 | INFO : loss: 1.668204  [32064/50000]
2023-12-14 16:47:38,703 | INFO : loss: 1.602226  [38464/50000]
2023-12-14 16:48:02,681 | INFO : loss: 1.565769  [44864/50000]
2023-12-14 16:48:54,000 | INFO : Test Error: 
 Accuracy: 45.3%, Avg loss: 1.490708 

2023-12-14 16:48:54,002 | INFO : Epoch 2
-------------------------------
2023-12-14 16:48:54,315 | INFO : loss: 1.400287  [   64/50000]
2023-12-14 16:49:17,137 | INFO : loss: 1.361126  [ 6464/50000]
2023-12-14 16:49:39,703 | INFO : loss: 1.178558  [12864/50000]
2023-12-14 16:50:00,277 | INFO : loss: 1.388429  [19264/50000]
2023-12-14 16:50:19,096 | INFO : loss: 1.176653  [25664/50000]
2023-12-14 16:50:39,882 | INFO : loss: 1.250942  [32064/50000]
2023-12-14 16:51:01,934 | INFO : loss: 1.065466  [38464/50000]
2023-12-14 16:51:24,638 | INFO : loss: 1.070553  [44864/50000]
2023-12-14 16:52:12,217 | INFO : Test Error: 
 Accuracy: 65.3%, Avg loss: 0.990157 

2023-12-14 16:52:12,219 | INFO : Epoch 3
-------------------------------
2023-12-14 16:52:12,543 | INFO : loss: 0.830651  [   64/50000]
2023-12-14 16:52:36,290 | INFO : loss: 0.945571  [ 6464/50000]
2023-12-14 16:52:58,145 | INFO : loss: 0.764852  [12864/50000]
2023-12-14 16:53:17,510 | INFO : loss: 0.977471  [19264/50000]
2023-12-14 16:53:39,456 | INFO : loss: 0.849043  [25664/50000]
2023-12-14 16:54:01,694 | INFO : loss: 1.118431  [32064/50000]
2023-12-14 16:54:24,604 | INFO : loss: 0.743957  [38464/50000]
2023-12-14 16:54:47,314 | INFO : loss: 0.859631  [44864/50000]
2023-12-14 16:55:37,190 | INFO : Test Error: 
 Accuracy: 70.5%, Avg loss: 0.850153 

2023-12-14 16:55:37,191 | INFO : Epoch 4
-------------------------------
2023-12-14 16:55:37,540 | INFO : loss: 0.692790  [   64/50000]
2023-12-14 16:55:57,029 | INFO : loss: 0.862046  [ 6464/50000]
2023-12-14 16:56:16,181 | INFO : loss: 0.695143  [12864/50000]
2023-12-14 16:56:37,279 | INFO : loss: 0.903925  [19264/50000]
2023-12-14 16:56:59,638 | INFO : loss: 0.600744  [25664/50000]
2023-12-14 16:57:22,752 | INFO : loss: 0.947592  [32064/50000]
2023-12-14 16:57:46,245 | INFO : loss: 0.478292  [38464/50000]
2023-12-14 16:58:09,279 | INFO : loss: 0.737619  [44864/50000]
2023-12-14 16:58:59,479 | INFO : Test Error: 
 Accuracy: 72.2%, Avg loss: 0.800998 

2023-12-14 16:58:59,480 | INFO : Epoch 5
-------------------------------
2023-12-14 16:58:59,757 | INFO : loss: 0.680892  [   64/50000]
2023-12-14 16:59:22,286 | INFO : loss: 0.661950  [ 6464/50000]
2023-12-14 16:59:44,518 | INFO : loss: 0.440787  [12864/50000]
2023-12-14 17:00:06,453 | INFO : loss: 0.635645  [19264/50000]
2023-12-14 17:00:29,047 | INFO : loss: 0.591229  [25664/50000]
2023-12-14 17:00:52,596 | INFO : loss: 0.757394  [32064/50000]
2023-12-14 17:01:14,498 | INFO : loss: 0.539510  [38464/50000]
2023-12-14 17:01:35,909 | INFO : loss: 0.566233  [44864/50000]
2023-12-14 17:02:25,332 | INFO : Test Error: 
 Accuracy: 72.0%, Avg loss: 0.862415 

2023-12-14 17:02:25,333 | INFO : Epoch 6
-------------------------------
2023-12-14 17:02:25,654 | INFO : loss: 0.427802  [   64/50000]
2023-12-14 17:02:49,696 | INFO : loss: 0.381038  [ 6464/50000]
2023-12-14 17:03:10,831 | INFO : loss: 0.303159  [12864/50000]
2023-12-14 17:03:33,599 | INFO : loss: 0.453878  [19264/50000]
2023-12-14 17:03:57,248 | INFO : loss: 0.398062  [25664/50000]
2023-12-14 17:04:21,557 | INFO : loss: 0.514452  [32064/50000]
2023-12-14 17:04:40,376 | INFO : loss: 0.335358  [38464/50000]
2023-12-14 17:05:03,090 | INFO : loss: 0.428312  [44864/50000]
2023-12-14 17:05:52,753 | INFO : Test Error: 
 Accuracy: 73.4%, Avg loss: 0.871801 

2023-12-14 17:05:52,755 | INFO : Epoch 7
-------------------------------
2023-12-14 17:05:53,068 | INFO : loss: 0.533399  [   64/50000]
2023-12-14 17:06:17,815 | INFO : loss: 0.323624  [ 6464/50000]
2023-12-14 17:06:41,970 | INFO : loss: 0.262328  [12864/50000]
2023-12-14 17:07:05,161 | INFO : loss: 0.399233  [19264/50000]
2023-12-14 17:07:25,406 | INFO : loss: 0.261374  [25664/50000]
2023-12-14 17:07:47,645 | INFO : loss: 0.408529  [32064/50000]
2023-12-14 17:08:10,081 | INFO : loss: 0.295455  [38464/50000]
2023-12-14 17:08:33,018 | INFO : loss: 0.400593  [44864/50000]
2023-12-14 17:09:20,095 | INFO : Test Error: 
 Accuracy: 73.8%, Avg loss: 0.943189 

2023-12-14 17:09:20,097 | INFO : Epoch 8
-------------------------------
2023-12-14 17:09:20,353 | INFO : loss: 0.231987  [   64/50000]
2023-12-14 17:09:42,252 | INFO : loss: 0.374834  [ 6464/50000]
2023-12-14 17:10:03,702 | INFO : loss: 0.198390  [12864/50000]
2023-12-14 17:10:24,614 | INFO : loss: 0.382316  [19264/50000]
2023-12-14 17:10:46,556 | INFO : loss: 0.136155  [25664/50000]
2023-12-14 17:11:09,489 | INFO : loss: 0.390860  [32064/50000]
2023-12-14 17:11:32,856 | INFO : loss: 0.224947  [38464/50000]
2023-12-14 17:11:55,273 | INFO : loss: 0.424590  [44864/50000]
2023-12-14 17:12:45,772 | INFO : Test Error: 
 Accuracy: 74.9%, Avg loss: 0.954783 

2023-12-14 17:12:45,773 | INFO : Epoch 9
-------------------------------
2023-12-14 17:12:46,213 | INFO : loss: 0.299216  [   64/50000]
2023-12-14 17:13:04,296 | INFO : loss: 0.209137  [ 6464/50000]
2023-12-14 17:13:24,335 | INFO : loss: 0.176044  [12864/50000]
2023-12-14 17:13:46,762 | INFO : loss: 0.355707  [19264/50000]
2023-12-14 17:14:10,319 | INFO : loss: 0.112508  [25664/50000]
2023-12-14 17:14:33,508 | INFO : loss: 0.152935  [32064/50000]
2023-12-14 17:14:56,680 | INFO : loss: 0.222883  [38464/50000]
2023-12-14 17:15:20,693 | INFO : loss: 0.112781  [44864/50000]
2023-12-14 17:16:09,246 | INFO : Test Error: 
 Accuracy: 75.9%, Avg loss: 0.920422 

2023-12-14 17:16:09,247 | INFO : Epoch 10
-------------------------------
2023-12-14 17:16:09,592 | INFO : loss: 0.121602  [   64/50000]
2023-12-14 17:16:32,407 | INFO : loss: 0.142744  [ 6464/50000]
2023-12-14 17:16:54,914 | INFO : loss: 0.188795  [12864/50000]
2023-12-14 17:17:18,338 | INFO : loss: 0.227185  [19264/50000]
2023-12-14 17:17:41,173 | INFO : loss: 0.105280  [25664/50000]
2023-12-14 17:18:04,223 | INFO : loss: 0.223758  [32064/50000]
2023-12-14 17:18:24,647 | INFO : loss: 0.117063  [38464/50000]
2023-12-14 17:18:44,865 | INFO : loss: 0.168214  [44864/50000]
2023-12-14 17:19:36,472 | INFO : Test Error: 
 Accuracy: 75.9%, Avg loss: 0.913752 

2023-12-14 17:19:36,474 | INFO : Epoch 11
-------------------------------
2023-12-14 17:19:36,773 | INFO : loss: 0.073328  [   64/50000]
2023-12-14 17:19:58,894 | INFO : loss: 0.124435  [ 6464/50000]
2023-12-14 17:20:21,671 | INFO : loss: 0.121522  [12864/50000]
2023-12-14 17:20:43,057 | INFO : loss: 0.174635  [19264/50000]
2023-12-14 17:21:05,969 | INFO : loss: 0.121873  [25664/50000]
2023-12-14 17:21:25,404 | INFO : loss: 0.188388  [32064/50000]
2023-12-14 17:21:47,619 | INFO : loss: 0.087211  [38464/50000]
2023-12-14 17:22:12,032 | INFO : loss: 0.068259  [44864/50000]
2023-12-14 17:23:03,325 | INFO : Test Error: 
 Accuracy: 76.8%, Avg loss: 0.892627 

2023-12-14 17:23:03,326 | INFO : Epoch 12
-------------------------------
2023-12-14 17:23:03,632 | INFO : loss: 0.104146  [   64/50000]
2023-12-14 17:23:25,061 | INFO : loss: 0.169149  [ 6464/50000]
2023-12-14 17:23:46,714 | INFO : loss: 0.091373  [12864/50000]
2023-12-14 17:24:05,367 | INFO : loss: 0.179772  [19264/50000]
2023-12-14 17:24:29,191 | INFO : loss: 0.203695  [25664/50000]
2023-12-14 17:24:52,215 | INFO : loss: 0.163191  [32064/50000]
2023-12-14 17:25:15,178 | INFO : loss: 0.064986  [38464/50000]
2023-12-14 17:25:39,798 | INFO : loss: 0.083310  [44864/50000]
2023-12-14 17:26:26,423 | INFO : Test Error: 
 Accuracy: 76.0%, Avg loss: 1.067235 

2023-12-14 17:26:26,425 | INFO : Epoch 13
-------------------------------
2023-12-14 17:26:26,674 | INFO : loss: 0.052059  [   64/50000]
2023-12-14 17:26:44,186 | INFO : loss: 0.126761  [ 6464/50000]
2023-12-14 17:27:07,035 | INFO : loss: 0.095855  [12864/50000]
2023-12-14 17:27:32,749 | INFO : loss: 0.130903  [19264/50000]
2023-12-14 17:27:57,518 | INFO : loss: 0.046060  [25664/50000]
2023-12-14 17:28:23,156 | INFO : loss: 0.070260  [32064/50000]
2023-12-14 17:28:45,935 | INFO : loss: 0.095852  [38464/50000]
2023-12-14 17:29:08,162 | INFO : loss: 0.249588  [44864/50000]
2023-12-14 17:29:55,590 | INFO : Test Error: 
 Accuracy: 76.3%, Avg loss: 0.971798 

2023-12-14 17:29:55,592 | INFO : Epoch 14
-------------------------------
2023-12-14 17:29:55,937 | INFO : loss: 0.092214  [   64/50000]
2023-12-14 17:30:17,723 | INFO : loss: 0.012559  [ 6464/50000]
2023-12-14 17:30:39,374 | INFO : loss: 0.042277  [12864/50000]
2023-12-14 17:31:03,207 | INFO : loss: 0.090695  [19264/50000]
2023-12-14 17:31:26,794 | INFO : loss: 0.069695  [25664/50000]
2023-12-14 17:31:50,491 | INFO : loss: 0.061718  [32064/50000]
2023-12-14 17:32:09,726 | INFO : loss: 0.047663  [38464/50000]
2023-12-14 17:32:32,224 | INFO : loss: 0.152367  [44864/50000]
2023-12-14 17:33:29,939 | INFO : Test Error: 
 Accuracy: 78.2%, Avg loss: 0.854266 

2023-12-14 17:33:29,940 | INFO : Epoch 15
-------------------------------
2023-12-14 17:33:30,293 | INFO : loss: 0.118731  [   64/50000]
2023-12-14 17:33:52,435 | INFO : loss: 0.041278  [ 6464/50000]
2023-12-14 17:34:15,014 | INFO : loss: 0.131557  [12864/50000]
2023-12-14 17:34:38,360 | INFO : loss: 0.069648  [19264/50000]
2023-12-14 17:34:58,066 | INFO : loss: 0.091159  [25664/50000]
2023-12-14 17:35:19,889 | INFO : loss: 0.093286  [32064/50000]
2023-12-14 17:35:43,099 | INFO : loss: 0.084454  [38464/50000]
2023-12-14 17:36:04,733 | INFO : loss: 0.072435  [44864/50000]
2023-12-14 17:36:56,467 | INFO : Test Error: 
 Accuracy: 77.8%, Avg loss: 0.913174 

2023-12-14 17:36:56,468 | INFO : Epoch 16
-------------------------------
2023-12-14 17:36:56,720 | INFO : loss: 0.138471  [   64/50000]
2023-12-14 17:37:19,745 | INFO : loss: 0.036347  [ 6464/50000]
2023-12-14 17:37:40,819 | INFO : loss: 0.177399  [12864/50000]
2023-12-14 17:38:01,612 | INFO : loss: 0.095371  [19264/50000]
2023-12-14 17:38:23,732 | INFO : loss: 0.055815  [25664/50000]
2023-12-14 17:38:45,556 | INFO : loss: 0.064704  [32064/50000]
2023-12-14 17:39:07,680 | INFO : loss: 0.031617  [38464/50000]
2023-12-14 17:39:30,967 | INFO : loss: 0.085605  [44864/50000]
2023-12-14 17:40:21,961 | INFO : Test Error: 
 Accuracy: 77.0%, Avg loss: 0.901415 

2023-12-14 17:40:21,962 | INFO : Epoch 17
-------------------------------
2023-12-14 17:40:22,236 | INFO : loss: 0.053764  [   64/50000]
2023-12-14 17:40:43,073 | INFO : loss: 0.199486  [ 6464/50000]
2023-12-14 17:41:06,297 | INFO : loss: 0.082254  [12864/50000]
2023-12-14 17:41:30,573 | INFO : loss: 0.078200  [19264/50000]
2023-12-14 17:41:52,907 | INFO : loss: 0.172250  [25664/50000]
2023-12-14 17:42:15,099 | INFO : loss: 0.038585  [32064/50000]
2023-12-14 17:42:36,226 | INFO : loss: 0.100602  [38464/50000]
2023-12-14 17:42:58,639 | INFO : loss: 0.128903  [44864/50000]
2023-12-14 17:43:50,469 | INFO : Test Error: 
 Accuracy: 78.0%, Avg loss: 0.998369 

2023-12-14 17:43:50,472 | INFO : Epoch 18
-------------------------------
2023-12-14 17:43:50,812 | INFO : loss: 0.010195  [   64/50000]
2023-12-14 17:44:12,508 | INFO : loss: 0.088379  [ 6464/50000]
2023-12-14 17:44:36,114 | INFO : loss: 0.026617  [12864/50000]
2023-12-14 17:44:58,520 | INFO : loss: 0.034105  [19264/50000]
2023-12-14 17:45:21,723 | INFO : loss: 0.122875  [25664/50000]
2023-12-14 17:45:43,837 | INFO : loss: 0.080337  [32064/50000]
2023-12-14 17:46:04,307 | INFO : loss: 0.052377  [38464/50000]
2023-12-14 17:46:24,394 | INFO : loss: 0.145910  [44864/50000]
2023-12-14 17:47:14,795 | INFO : Test Error: 
 Accuracy: 78.4%, Avg loss: 0.939375 

2023-12-14 17:47:14,797 | INFO : Epoch 19
-------------------------------
2023-12-14 17:47:15,140 | INFO : loss: 0.030968  [   64/50000]
2023-12-14 17:47:37,333 | INFO : loss: 0.188115  [ 6464/50000]
2023-12-14 17:47:59,048 | INFO : loss: 0.101754  [12864/50000]
2023-12-14 17:48:22,572 | INFO : loss: 0.103600  [19264/50000]
2023-12-14 17:48:45,556 | INFO : loss: 0.020642  [25664/50000]
2023-12-14 17:49:06,024 | INFO : loss: 0.062275  [32064/50000]
2023-12-14 17:49:27,440 | INFO : loss: 0.053733  [38464/50000]
2023-12-14 17:49:50,670 | INFO : loss: 0.057624  [44864/50000]
2023-12-14 17:50:40,303 | INFO : Test Error: 
 Accuracy: 76.5%, Avg loss: 1.103305 

2023-12-14 17:50:40,304 | INFO : Epoch 20
-------------------------------
2023-12-14 17:50:40,641 | INFO : loss: 0.065759  [   64/50000]
2023-12-14 17:51:02,460 | INFO : loss: 0.030588  [ 6464/50000]
2023-12-14 17:51:24,896 | INFO : loss: 0.033684  [12864/50000]
2023-12-14 17:51:47,044 | INFO : loss: 0.176940  [19264/50000]
2023-12-14 17:52:06,199 | INFO : loss: 0.090973  [25664/50000]
2023-12-14 17:52:26,995 | INFO : loss: 0.032881  [32064/50000]
2023-12-14 17:52:49,268 | INFO : loss: 0.075093  [38464/50000]
2023-12-14 17:53:13,176 | INFO : loss: 0.101097  [44864/50000]
2023-12-14 17:54:02,722 | INFO : Test Error: 
 Accuracy: 77.7%, Avg loss: 0.893266 

2023-12-14 17:54:02,724 | INFO : Epoch 21
-------------------------------
2023-12-14 17:54:03,037 | INFO : loss: 0.031988  [   64/50000]
2023-12-14 17:54:27,849 | INFO : loss: 0.070396  [ 6464/50000]
2023-12-14 17:54:49,242 | INFO : loss: 0.064359  [12864/50000]
2023-12-14 17:55:10,442 | INFO : loss: 0.058256  [19264/50000]
2023-12-14 17:55:32,967 | INFO : loss: 0.037678  [25664/50000]
2023-12-14 17:55:55,419 | INFO : loss: 0.031430  [32064/50000]
2023-12-14 17:56:18,301 | INFO : loss: 0.052455  [38464/50000]
2023-12-14 17:56:40,609 | INFO : loss: 0.079861  [44864/50000]
2023-12-14 17:57:27,640 | INFO : Test Error: 
 Accuracy: 77.7%, Avg loss: 0.903257 

2023-12-14 17:57:27,641 | INFO : Epoch 22
-------------------------------
2023-12-14 17:57:27,902 | INFO : loss: 0.036762  [   64/50000]
2023-12-14 17:57:49,242 | INFO : loss: 0.032502  [ 6464/50000]
2023-12-14 17:58:12,374 | INFO : loss: 0.038539  [12864/50000]
2023-12-14 17:58:36,512 | INFO : loss: 0.019424  [19264/50000]
2023-12-14 17:58:59,020 | INFO : loss: 0.218469  [25664/50000]
2023-12-14 17:59:23,896 | INFO : loss: 0.047744  [32064/50000]
2023-12-14 17:59:46,054 | INFO : loss: 0.036061  [38464/50000]
2023-12-14 18:00:09,386 | INFO : loss: 0.045381  [44864/50000]
2023-12-14 18:01:00,386 | INFO : Test Error: 
 Accuracy: 77.1%, Avg loss: 1.057092 

2023-12-14 18:01:00,388 | INFO : Epoch 23
-------------------------------
2023-12-14 18:01:00,654 | INFO : loss: 0.099809  [   64/50000]
2023-12-14 18:01:23,559 | INFO : loss: 0.046624  [ 6464/50000]
2023-12-14 18:01:45,922 | INFO : loss: 0.066021  [12864/50000]
2023-12-14 18:02:06,914 | INFO : loss: 0.024653  [19264/50000]
2023-12-14 18:02:28,964 | INFO : loss: 0.007870  [25664/50000]
2023-12-14 18:02:50,968 | INFO : loss: 0.066896  [32064/50000]
2023-12-14 18:03:11,885 | INFO : loss: 0.020996  [38464/50000]
2023-12-14 18:03:33,115 | INFO : loss: 0.055592  [44864/50000]
2023-12-14 18:04:22,586 | INFO : Test Error: 
 Accuracy: 76.0%, Avg loss: 1.037514 

2023-12-14 18:04:22,587 | INFO : Epoch 24
-------------------------------
2023-12-14 18:04:22,898 | INFO : loss: 0.025770  [   64/50000]
2023-12-14 18:04:45,455 | INFO : loss: 0.007889  [ 6464/50000]
2023-12-14 18:05:08,371 | INFO : loss: 0.006998  [12864/50000]
2023-12-14 18:05:30,888 | INFO : loss: 0.128501  [19264/50000]
2023-12-14 18:05:53,293 | INFO : loss: 0.075537  [25664/50000]
2023-12-14 18:06:12,178 | INFO : loss: 0.029690  [32064/50000]
2023-12-14 18:06:36,019 | INFO : loss: 0.038589  [38464/50000]
2023-12-14 18:06:59,410 | INFO : loss: 0.010608  [44864/50000]
2023-12-14 18:07:50,818 | INFO : Test Error: 
 Accuracy: 77.6%, Avg loss: 1.176584 

2023-12-14 18:07:50,819 | INFO : Epoch 25
-------------------------------
2023-12-14 18:07:51,512 | INFO : loss: 0.012174  [   64/50000]
2023-12-14 18:08:16,576 | INFO : loss: 0.004353  [ 6464/50000]
2023-12-14 18:08:40,426 | INFO : loss: 0.146783  [12864/50000]
2023-12-14 18:09:01,425 | INFO : loss: 0.016164  [19264/50000]
2023-12-14 18:09:21,854 | INFO : loss: 0.038002  [25664/50000]
2023-12-14 18:09:45,242 | INFO : loss: 0.016554  [32064/50000]
2023-12-14 18:10:06,463 | INFO : loss: 0.006467  [38464/50000]
2023-12-14 18:10:28,063 | INFO : loss: 0.025246  [44864/50000]
2023-12-14 18:11:16,664 | INFO : Test Error: 
 Accuracy: 77.6%, Avg loss: 0.987305 

2023-12-14 18:11:16,665 | INFO : Epoch 26
-------------------------------
2023-12-14 18:11:16,999 | INFO : loss: 0.005298  [   64/50000]
2023-12-14 18:11:38,173 | INFO : loss: 0.107771  [ 6464/50000]
2023-12-14 18:11:59,254 | INFO : loss: 0.138428  [12864/50000]
2023-12-14 18:12:21,654 | INFO : loss: 0.122575  [19264/50000]
2023-12-14 18:12:43,134 | INFO : loss: 0.035148  [25664/50000]
2023-12-14 18:13:04,049 | INFO : loss: 0.031839  [32064/50000]
2023-12-14 18:13:26,697 | INFO : loss: 0.008353  [38464/50000]
2023-12-14 18:13:50,275 | INFO : loss: 0.037797  [44864/50000]
2023-12-14 18:14:45,030 | INFO : Test Error: 
 Accuracy: 78.2%, Avg loss: 0.982457 

2023-12-14 18:14:45,031 | INFO : Epoch 27
-------------------------------
2023-12-14 18:14:45,315 | INFO : loss: 0.020060  [   64/50000]
2023-12-14 18:15:09,594 | INFO : loss: 0.011717  [ 6464/50000]
2023-12-14 18:15:32,118 | INFO : loss: 0.012249  [12864/50000]
2023-12-14 18:15:53,907 | INFO : loss: 0.023951  [19264/50000]
2023-12-14 18:16:15,637 | INFO : loss: 0.052960  [25664/50000]
2023-12-14 18:16:39,114 | INFO : loss: 0.013251  [32064/50000]
2023-12-14 18:17:00,664 | INFO : loss: 0.013696  [38464/50000]
2023-12-14 18:17:25,171 | INFO : loss: 0.036878  [44864/50000]
2023-12-14 18:18:13,945 | INFO : Test Error: 
 Accuracy: 78.3%, Avg loss: 0.891365 

2023-12-14 18:18:13,946 | INFO : Epoch 28
-------------------------------
2023-12-14 18:18:14,269 | INFO : loss: 0.049102  [   64/50000]
2023-12-14 18:18:37,614 | INFO : loss: 0.015584  [ 6464/50000]
2023-12-14 18:19:02,496 | INFO : loss: 0.014092  [12864/50000]
2023-12-14 18:19:28,451 | INFO : loss: 0.022641  [19264/50000]
2023-12-14 18:19:51,601 | INFO : loss: 0.172339  [25664/50000]
2023-12-14 18:20:13,382 | INFO : loss: 0.066834  [32064/50000]
2023-12-14 18:20:33,488 | INFO : loss: 0.035899  [38464/50000]
2023-12-14 18:20:51,582 | INFO : loss: 0.026930  [44864/50000]
2023-12-14 18:21:41,436 | INFO : Test Error: 
 Accuracy: 77.0%, Avg loss: 1.093726 

2023-12-14 18:21:41,437 | INFO : Epoch 29
-------------------------------
2023-12-14 18:21:41,743 | INFO : loss: 0.009140  [   64/50000]
2023-12-14 18:22:03,078 | INFO : loss: 0.045674  [ 6464/50000]
2023-12-14 18:22:25,986 | INFO : loss: 0.014104  [12864/50000]
2023-12-14 18:22:47,583 | INFO : loss: 0.059755  [19264/50000]
2023-12-14 18:23:09,899 | INFO : loss: 0.003146  [25664/50000]
2023-12-14 18:23:29,538 | INFO : loss: 0.057564  [32064/50000]
2023-12-14 18:23:49,908 | INFO : loss: 0.138940  [38464/50000]
2023-12-14 18:24:10,799 | INFO : loss: 0.027886  [44864/50000]
2023-12-14 18:24:58,765 | INFO : Test Error: 
 Accuracy: 77.0%, Avg loss: 0.950921 

2023-12-14 18:24:58,766 | INFO : Epoch 30
-------------------------------
2023-12-14 18:24:59,106 | INFO : loss: 0.023524  [   64/50000]
2023-12-14 18:25:21,503 | INFO : loss: 0.021106  [ 6464/50000]
2023-12-14 18:25:43,086 | INFO : loss: 0.008680  [12864/50000]
2023-12-14 18:26:05,887 | INFO : loss: 0.033920  [19264/50000]
2023-12-14 18:26:25,362 | INFO : loss: 0.084881  [25664/50000]
2023-12-14 18:26:44,176 | INFO : loss: 0.166110  [32064/50000]
2023-12-14 18:27:06,807 | INFO : loss: 0.026695  [38464/50000]
2023-12-14 18:27:31,855 | INFO : loss: 0.048423  [44864/50000]
2023-12-14 18:28:19,973 | INFO : Test Error: 
 Accuracy: 77.6%, Avg loss: 0.818893 

2023-12-14 18:28:19,974 | INFO : Epoch 31
-------------------------------
2023-12-14 18:28:20,310 | INFO : loss: 0.054867  [   64/50000]
2023-12-14 18:28:41,714 | INFO : loss: 0.035289  [ 6464/50000]
2023-12-14 18:29:03,958 | INFO : loss: 0.020385  [12864/50000]
2023-12-14 18:29:23,640 | INFO : loss: 0.009527  [19264/50000]
2023-12-14 18:29:44,362 | INFO : loss: 0.004528  [25664/50000]
2023-12-14 18:30:06,685 | INFO : loss: 0.104330  [32064/50000]
2023-12-14 18:30:29,252 | INFO : loss: 0.006095  [38464/50000]
2023-12-14 18:30:51,573 | INFO : loss: 0.004545  [44864/50000]
2023-12-14 18:31:37,951 | INFO : Test Error: 
 Accuracy: 80.9%, Avg loss: 0.907709 

2023-12-14 18:31:37,953 | INFO : Epoch 32
-------------------------------
2023-12-14 18:31:38,270 | INFO : loss: 0.004005  [   64/50000]
2023-12-14 18:32:01,185 | INFO : loss: 0.002502  [ 6464/50000]
2023-12-14 18:32:20,775 | INFO : loss: 0.003286  [12864/50000]
2023-12-14 18:32:40,264 | INFO : loss: 0.002867  [19264/50000]
2023-12-14 18:33:01,901 | INFO : loss: 0.001259  [25664/50000]
2023-12-14 18:33:22,474 | INFO : loss: 0.000140  [32064/50000]
2023-12-14 18:33:44,106 | INFO : loss: 0.003646  [38464/50000]
2023-12-14 18:34:05,346 | INFO : loss: 0.000618  [44864/50000]
2023-12-14 18:34:52,451 | INFO : Test Error: 
 Accuracy: 81.0%, Avg loss: 1.030084 

2023-12-14 18:34:52,454 | INFO : Epoch 33
-------------------------------
2023-12-14 18:34:52,831 | INFO : loss: 0.000086  [   64/50000]
2023-12-14 18:35:11,655 | INFO : loss: 0.001467  [ 6464/50000]
2023-12-14 18:35:30,444 | INFO : loss: 0.000472  [12864/50000]
2023-12-14 18:35:50,803 | INFO : loss: 0.001529  [19264/50000]
2023-12-14 18:36:12,234 | INFO : loss: 0.000562  [25664/50000]
2023-12-14 18:36:34,360 | INFO : loss: 0.000195  [32064/50000]
2023-12-14 18:36:55,935 | INFO : loss: 0.001372  [38464/50000]
2023-12-14 18:37:16,432 | INFO : loss: 0.000273  [44864/50000]
2023-12-14 18:38:01,998 | INFO : Test Error: 
 Accuracy: 81.5%, Avg loss: 1.038974 

2023-12-14 18:38:01,999 | INFO : Epoch 34
-------------------------------
2023-12-14 18:38:02,267 | INFO : loss: 0.000743  [   64/50000]
2023-12-14 18:38:21,392 | INFO : loss: 0.008452  [ 6464/50000]
2023-12-14 18:38:43,079 | INFO : loss: 0.000082  [12864/50000]
2023-12-14 18:39:03,937 | INFO : loss: 0.000614  [19264/50000]
2023-12-14 18:39:24,637 | INFO : loss: 0.000721  [25664/50000]
2023-12-14 18:39:45,662 | INFO : loss: 0.000216  [32064/50000]
2023-12-14 18:40:06,552 | INFO : loss: 0.000166  [38464/50000]
2023-12-14 18:40:28,794 | INFO : loss: 0.000293  [44864/50000]
2023-12-14 18:41:17,653 | INFO : Test Error: 
 Accuracy: 81.3%, Avg loss: 1.082444 

2023-12-14 18:41:17,654 | INFO : Epoch 35
-------------------------------
2023-12-14 18:41:17,932 | INFO : loss: 0.000767  [   64/50000]
2023-12-14 18:41:38,546 | INFO : loss: 0.005531  [ 6464/50000]
2023-12-14 18:42:00,498 | INFO : loss: 0.000204  [12864/50000]
2023-12-14 18:42:22,391 | INFO : loss: 0.009653  [19264/50000]
2023-12-14 18:42:44,203 | INFO : loss: 0.000464  [25664/50000]
2023-12-14 18:43:06,312 | INFO : loss: 0.000147  [32064/50000]
2023-12-14 18:43:28,459 | INFO : loss: 0.008090  [38464/50000]
2023-12-14 18:43:49,552 | INFO : loss: 0.000576  [44864/50000]
2023-12-14 18:44:32,508 | INFO : Test Error: 
 Accuracy: 81.6%, Avg loss: 1.106377 

2023-12-14 18:44:32,509 | INFO : Epoch 36
-------------------------------
2023-12-14 18:44:32,842 | INFO : loss: 0.006593  [   64/50000]
2023-12-14 18:44:54,625 | INFO : loss: 0.000320  [ 6464/50000]
2023-12-14 18:45:16,717 | INFO : loss: 0.000083  [12864/50000]
2023-12-14 18:45:38,713 | INFO : loss: 0.002647  [19264/50000]
2023-12-14 18:46:02,623 | INFO : loss: 0.000045  [25664/50000]
2023-12-14 18:46:24,985 | INFO : loss: 0.003021  [32064/50000]
2023-12-14 18:46:46,412 | INFO : loss: 0.000720  [38464/50000]
2023-12-14 18:47:04,918 | INFO : loss: 0.027177  [44864/50000]
2023-12-14 18:47:52,794 | INFO : Test Error: 
 Accuracy: 81.0%, Avg loss: 1.139810 

2023-12-14 18:47:52,795 | INFO : Epoch 37
-------------------------------
2023-12-14 18:47:53,169 | INFO : loss: 0.000048  [   64/50000]
2023-12-14 18:48:15,825 | INFO : loss: 0.050078  [ 6464/50000]
2023-12-14 18:48:38,536 | INFO : loss: 0.000103  [12864/50000]
2023-12-14 18:49:01,138 | INFO : loss: 0.002255  [19264/50000]
2023-12-14 18:49:23,404 | INFO : loss: 0.000610  [25664/50000]
2023-12-14 18:49:45,021 | INFO : loss: 0.000018  [32064/50000]
2023-12-14 18:50:03,481 | INFO : loss: 0.000224  [38464/50000]
2023-12-14 18:50:24,256 | INFO : loss: 0.001029  [44864/50000]
2023-12-14 18:51:14,554 | INFO : Test Error: 
 Accuracy: 81.3%, Avg loss: 1.138251 

2023-12-14 18:51:14,554 | INFO : Epoch 38
-------------------------------
2023-12-14 18:51:14,898 | INFO : loss: 0.001881  [   64/50000]
2023-12-14 18:51:36,597 | INFO : loss: 0.000242  [ 6464/50000]
2023-12-14 18:51:58,651 | INFO : loss: 0.000551  [12864/50000]
2023-12-14 18:52:19,614 | INFO : loss: 0.000057  [19264/50000]
2023-12-14 18:52:40,054 | INFO : loss: 0.000401  [25664/50000]
2023-12-14 18:53:00,249 | INFO : loss: 0.000125  [32064/50000]
2023-12-14 18:53:22,754 | INFO : loss: 0.000377  [38464/50000]
2023-12-14 18:53:44,620 | INFO : loss: 0.000407  [44864/50000]
2023-12-14 18:54:30,797 | INFO : Test Error: 
 Accuracy: 81.2%, Avg loss: 1.059953 

2023-12-14 18:54:30,798 | INFO : Epoch 39
-------------------------------
2023-12-14 18:54:31,143 | INFO : loss: 0.000273  [   64/50000]
2023-12-14 18:54:52,641 | INFO : loss: 0.000527  [ 6464/50000]
2023-12-14 18:55:14,512 | INFO : loss: 0.000651  [12864/50000]
2023-12-14 18:55:34,484 | INFO : loss: 0.000288  [19264/50000]
2023-12-14 18:55:52,097 | INFO : loss: 0.004240  [25664/50000]
2023-12-14 18:56:14,947 | INFO : loss: 0.000033  [32064/50000]
2023-12-14 18:56:37,752 | INFO : loss: 0.002606  [38464/50000]
2023-12-14 18:56:59,509 | INFO : loss: 0.000821  [44864/50000]
2023-12-14 18:57:45,610 | INFO : Test Error: 
 Accuracy: 81.7%, Avg loss: 1.101588 

2023-12-14 18:57:45,610 | INFO : Epoch 40
-------------------------------
2023-12-14 18:57:45,955 | INFO : loss: 0.001676  [   64/50000]
2023-12-14 18:58:07,181 | INFO : loss: 0.000604  [ 6464/50000]
2023-12-14 18:58:26,271 | INFO : loss: 0.000403  [12864/50000]
2023-12-14 18:58:45,072 | INFO : loss: 0.000121  [19264/50000]
2023-12-14 18:59:07,346 | INFO : loss: 0.000631  [25664/50000]
2023-12-14 18:59:29,071 | INFO : loss: 0.000045  [32064/50000]
2023-12-14 18:59:53,293 | INFO : loss: 0.001284  [38464/50000]
2023-12-14 19:00:15,144 | INFO : loss: 0.000691  [44864/50000]
2023-12-14 19:00:59,452 | INFO : Test Error: 
 Accuracy: 81.6%, Avg loss: 1.100947 

2023-12-14 19:00:59,453 | INFO : Epoch 41
-------------------------------
2023-12-14 19:00:59,785 | INFO : loss: 0.000044  [   64/50000]
2023-12-14 19:01:18,597 | INFO : loss: 0.000168  [ 6464/50000]
2023-12-14 19:01:39,095 | INFO : loss: 0.000316  [12864/50000]
2023-12-14 19:02:02,099 | INFO : loss: 0.000035  [19264/50000]
2023-12-14 19:02:24,807 | INFO : loss: 0.002071  [25664/50000]
2023-12-14 19:02:45,951 | INFO : loss: 0.000105  [32064/50000]
2023-12-14 19:03:08,571 | INFO : loss: 0.001442  [38464/50000]
2023-12-14 19:03:30,282 | INFO : loss: 0.000035  [44864/50000]
2023-12-14 19:04:16,633 | INFO : Test Error: 
 Accuracy: 81.4%, Avg loss: 1.113714 

2023-12-14 19:04:16,634 | INFO : Epoch 42
-------------------------------
2023-12-14 19:04:16,937 | INFO : loss: 0.000130  [   64/50000]
2023-12-14 19:04:34,906 | INFO : loss: 0.001147  [ 6464/50000]
2023-12-14 19:04:56,195 | INFO : loss: 0.011845  [12864/50000]
2023-12-14 19:05:17,779 | INFO : loss: 0.000339  [19264/50000]
2023-12-14 19:05:39,735 | INFO : loss: 0.000170  [25664/50000]
2023-12-14 19:06:01,093 | INFO : loss: 0.000076  [32064/50000]
2023-12-14 19:06:25,039 | INFO : loss: 0.000136  [38464/50000]
2023-12-14 19:06:49,680 | INFO : loss: 0.000616  [44864/50000]
2023-12-14 19:07:39,855 | INFO : Test Error: 
 Accuracy: 81.4%, Avg loss: 1.123497 

2023-12-14 19:07:39,856 | INFO : Epoch 43
-------------------------------
2023-12-14 19:07:40,213 | INFO : loss: 0.000188  [   64/50000]
2023-12-14 19:08:04,627 | INFO : loss: 0.000477  [ 6464/50000]
2023-12-14 19:08:27,759 | INFO : loss: 0.003964  [12864/50000]
2023-12-14 19:08:49,799 | INFO : loss: 0.000339  [19264/50000]
2023-12-14 19:09:13,167 | INFO : loss: 0.001609  [25664/50000]
2023-12-14 19:09:35,186 | INFO : loss: 0.000101  [32064/50000]
2023-12-14 19:09:59,494 | INFO : loss: 0.003100  [38464/50000]
2023-12-14 19:10:19,085 | INFO : loss: 0.000070  [44864/50000]
2023-12-14 19:11:07,779 | INFO : Test Error: 
 Accuracy: 81.2%, Avg loss: 1.100410 

2023-12-14 19:11:07,780 | INFO : Epoch 44
-------------------------------
2023-12-14 19:11:08,183 | INFO : loss: 0.000043  [   64/50000]
2023-12-14 19:11:30,451 | INFO : loss: 0.000043  [ 6464/50000]
2023-12-14 19:11:51,981 | INFO : loss: 0.000246  [12864/50000]
2023-12-14 19:12:14,765 | INFO : loss: 0.000051  [19264/50000]
2023-12-14 19:12:36,433 | INFO : loss: 0.003803  [25664/50000]
2023-12-14 19:12:59,084 | INFO : loss: 0.000650  [32064/50000]
2023-12-14 19:13:19,653 | INFO : loss: 0.000643  [38464/50000]
2023-12-14 19:13:42,351 | INFO : loss: 0.000147  [44864/50000]
2023-12-14 19:14:31,954 | INFO : Test Error: 
 Accuracy: 81.7%, Avg loss: 1.093223 

2023-12-14 19:14:31,955 | INFO : Epoch 45
-------------------------------
2023-12-14 19:14:32,354 | INFO : loss: 0.000359  [   64/50000]
2023-12-14 19:14:53,706 | INFO : loss: 0.000181  [ 6464/50000]
2023-12-14 19:15:15,102 | INFO : loss: 0.000125  [12864/50000]
2023-12-14 19:15:36,779 | INFO : loss: 0.000213  [19264/50000]
2023-12-14 19:15:56,943 | INFO : loss: 0.000714  [25664/50000]
2023-12-14 19:16:16,099 | INFO : loss: 0.000045  [32064/50000]
2023-12-14 19:16:36,345 | INFO : loss: 0.000062  [38464/50000]
2023-12-14 19:17:00,190 | INFO : loss: 0.000056  [44864/50000]
2023-12-14 19:17:48,279 | INFO : Test Error: 
 Accuracy: 81.9%, Avg loss: 1.082569 

2023-12-14 19:17:48,281 | INFO : Epoch 46
-------------------------------
2023-12-14 19:17:48,662 | INFO : loss: 0.000184  [   64/50000]
2023-12-14 19:18:10,346 | INFO : loss: 0.000401  [ 6464/50000]
2023-12-14 19:18:32,036 | INFO : loss: 0.000513  [12864/50000]
2023-12-14 19:18:54,694 | INFO : loss: 0.001841  [19264/50000]
2023-12-14 19:19:15,350 | INFO : loss: 0.000565  [25664/50000]
2023-12-14 19:19:37,484 | INFO : loss: 0.000086  [32064/50000]
2023-12-14 19:20:00,906 | INFO : loss: 0.005697  [38464/50000]
2023-12-14 19:20:23,694 | INFO : loss: 0.000267  [44864/50000]
2023-12-14 19:21:16,438 | INFO : Test Error: 
 Accuracy: 81.4%, Avg loss: 1.085976 

2023-12-14 19:21:16,439 | INFO : Epoch 47
-------------------------------
2023-12-14 19:21:16,794 | INFO : loss: 0.001588  [   64/50000]
2023-12-14 19:21:40,614 | INFO : loss: 0.002196  [ 6464/50000]
2023-12-14 19:22:00,491 | INFO : loss: 0.000079  [12864/50000]
2023-12-14 19:22:19,823 | INFO : loss: 0.000531  [19264/50000]
2023-12-14 19:22:42,638 | INFO : loss: 0.016215  [25664/50000]
2023-12-14 19:23:05,173 | INFO : loss: 0.000170  [32064/50000]
2023-12-14 19:23:28,700 | INFO : loss: 0.000030  [38464/50000]
2023-12-14 19:23:52,453 | INFO : loss: 0.000127  [44864/50000]
2023-12-14 19:24:41,670 | INFO : Test Error: 
 Accuracy: 81.4%, Avg loss: 1.071604 

2023-12-14 19:24:41,671 | INFO : Epoch 48
-------------------------------
2023-12-14 19:24:42,008 | INFO : loss: 0.000081  [   64/50000]
2023-12-14 19:25:02,550 | INFO : loss: 0.000470  [ 6464/50000]
2023-12-14 19:25:24,049 | INFO : loss: 0.000724  [12864/50000]
2023-12-14 19:25:46,440 | INFO : loss: 0.000035  [19264/50000]
2023-12-14 19:26:08,667 | INFO : loss: 0.000684  [25664/50000]
2023-12-14 19:26:32,744 | INFO : loss: 0.001434  [32064/50000]
2023-12-14 19:26:55,401 | INFO : loss: 0.000273  [38464/50000]
2023-12-14 19:27:18,464 | INFO : loss: 0.000195  [44864/50000]
2023-12-14 19:28:06,871 | INFO : Test Error: 
 Accuracy: 81.5%, Avg loss: 1.104844 

2023-12-14 19:28:06,872 | INFO : Epoch 49
-------------------------------
2023-12-14 19:28:07,181 | INFO : loss: 0.000016  [   64/50000]
2023-12-14 19:28:29,257 | INFO : loss: 0.004965  [ 6464/50000]
2023-12-14 19:28:51,098 | INFO : loss: 0.000139  [12864/50000]
2023-12-14 19:29:12,842 | INFO : loss: 0.000092  [19264/50000]
2023-12-14 19:29:35,211 | INFO : loss: 0.000832  [25664/50000]
2023-12-14 19:29:57,553 | INFO : loss: 0.000074  [32064/50000]
2023-12-14 19:30:19,497 | INFO : loss: 0.000060  [38464/50000]
2023-12-14 19:30:40,876 | INFO : loss: 0.000353  [44864/50000]
2023-12-14 19:31:25,774 | INFO : Test Error: 
 Accuracy: 81.7%, Avg loss: 1.062719 

2023-12-14 19:31:25,775 | INFO : Epoch 50
-------------------------------
2023-12-14 19:31:26,088 | INFO : loss: 0.000194  [   64/50000]
2023-12-14 19:31:47,989 | INFO : loss: 0.000136  [ 6464/50000]
2023-12-14 19:32:11,885 | INFO : loss: 0.003101  [12864/50000]
2023-12-14 19:32:34,491 | INFO : loss: 0.000033  [19264/50000]
2023-12-14 19:32:57,922 | INFO : loss: 0.000041  [25664/50000]
2023-12-14 19:33:20,192 | INFO : loss: 0.000080  [32064/50000]
2023-12-14 19:33:43,389 | INFO : loss: 0.000188  [38464/50000]
2023-12-14 19:34:03,166 | INFO : loss: 0.000255  [44864/50000]
2023-12-14 19:34:53,465 | INFO : Test Error: 
 Accuracy: 81.5%, Avg loss: 1.083082 

2023-12-14 19:34:53,466 | INFO : Epoch 51
-------------------------------
2023-12-14 19:34:53,750 | INFO : loss: 0.000069  [   64/50000]
2023-12-14 19:35:18,086 | INFO : loss: 0.001044  [ 6464/50000]
2023-12-14 19:35:41,535 | INFO : loss: 0.000155  [12864/50000]
2023-12-14 19:36:04,083 | INFO : loss: 0.001877  [19264/50000]
2023-12-14 19:36:26,048 | INFO : loss: 0.000597  [25664/50000]
2023-12-14 19:36:46,289 | INFO : loss: 0.000051  [32064/50000]
2023-12-14 19:37:08,133 | INFO : loss: 0.000732  [38464/50000]
2023-12-14 19:37:30,549 | INFO : loss: 0.000074  [44864/50000]
2023-12-14 19:38:20,484 | INFO : Test Error: 
 Accuracy: 81.5%, Avg loss: 1.088318 

2023-12-14 19:38:20,486 | INFO : Epoch 52
-------------------------------
2023-12-14 19:38:20,847 | INFO : loss: 0.000049  [   64/50000]
2023-12-14 19:38:43,094 | INFO : loss: 0.000064  [ 6464/50000]
2023-12-14 19:39:04,541 | INFO : loss: 0.000351  [12864/50000]
2023-12-14 19:39:25,968 | INFO : loss: 0.000315  [19264/50000]
2023-12-14 19:39:46,585 | INFO : loss: 0.002553  [25664/50000]
2023-12-14 19:40:08,309 | INFO : loss: 0.000657  [32064/50000]
2023-12-14 19:40:30,465 | INFO : loss: 0.000093  [38464/50000]
2023-12-14 19:40:52,113 | INFO : loss: 0.000084  [44864/50000]
2023-12-14 19:41:41,361 | INFO : Test Error: 
 Accuracy: 81.7%, Avg loss: 1.079589 

2023-12-14 19:41:41,361 | INFO : Epoch 53
-------------------------------
2023-12-14 19:41:41,680 | INFO : loss: 0.001071  [   64/50000]
2023-12-14 19:42:04,308 | INFO : loss: 0.000873  [ 6464/50000]
2023-12-14 19:42:25,392 | INFO : loss: 0.000045  [12864/50000]
2023-12-14 19:42:45,294 | INFO : loss: 0.000957  [19264/50000]
2023-12-14 19:43:08,528 | INFO : loss: 0.000102  [25664/50000]
2023-12-14 19:43:31,877 | INFO : loss: 0.000064  [32064/50000]
2023-12-14 19:43:55,463 | INFO : loss: 0.000293  [38464/50000]
2023-12-14 19:44:18,457 | INFO : loss: 0.000587  [44864/50000]
2023-12-14 19:45:07,500 | INFO : Test Error: 
 Accuracy: 81.7%, Avg loss: 1.075737 

2023-12-14 19:45:07,501 | INFO : Epoch 54
-------------------------------
2023-12-14 19:45:07,772 | INFO : loss: 0.000041  [   64/50000]
2023-12-14 19:45:28,067 | INFO : loss: 0.000181  [ 6464/50000]
2023-12-14 19:45:50,199 | INFO : loss: 0.000211  [12864/50000]
2023-12-14 19:46:12,831 | INFO : loss: 0.000053  [19264/50000]
2023-12-14 19:46:34,828 | INFO : loss: 0.000152  [25664/50000]
2023-12-14 19:46:56,221 | INFO : loss: 0.001214  [32064/50000]
2023-12-14 19:47:19,170 | INFO : loss: 0.000723  [38464/50000]
2023-12-14 19:47:41,978 | INFO : loss: 0.000065  [44864/50000]
2023-12-14 19:48:31,681 | INFO : Test Error: 
 Accuracy: 81.2%, Avg loss: 1.046826 

2023-12-14 19:48:31,682 | INFO : Epoch 55
-------------------------------
2023-12-14 19:48:32,028 | INFO : loss: 0.000084  [   64/50000]
2023-12-14 19:48:55,264 | INFO : loss: 0.000148  [ 6464/50000]
2023-12-14 19:49:18,137 | INFO : loss: 0.000100  [12864/50000]
2023-12-14 19:49:40,732 | INFO : loss: 0.000039  [19264/50000]
2023-12-14 19:50:02,083 | INFO : loss: 0.000048  [25664/50000]
2023-12-14 19:50:25,227 | INFO : loss: 0.000391  [32064/50000]
2023-12-14 19:50:48,226 | INFO : loss: 0.000285  [38464/50000]
2023-12-14 19:51:08,920 | INFO : loss: 0.004734  [44864/50000]
2023-12-14 19:51:55,861 | INFO : Test Error: 
 Accuracy: 81.7%, Avg loss: 1.082572 

2023-12-14 19:51:55,862 | INFO : Epoch 56
-------------------------------
2023-12-14 19:51:56,169 | INFO : loss: 0.000014  [   64/50000]
2023-12-14 19:52:19,267 | INFO : loss: 0.000607  [ 6464/50000]
2023-12-14 19:52:41,708 | INFO : loss: 0.000386  [12864/50000]
2023-12-14 19:53:05,424 | INFO : loss: 0.000032  [19264/50000]
2023-12-14 19:53:28,470 | INFO : loss: 0.000910  [25664/50000]
2023-12-14 19:53:50,494 | INFO : loss: 0.000016  [32064/50000]
2023-12-14 19:54:10,111 | INFO : loss: 0.000158  [38464/50000]
2023-12-14 19:54:31,629 | INFO : loss: 0.000092  [44864/50000]
2023-12-14 19:55:23,285 | INFO : Test Error: 
 Accuracy: 81.5%, Avg loss: 1.050515 

2023-12-14 19:55:23,288 | INFO : Epoch 57
-------------------------------
2023-12-14 19:55:23,605 | INFO : loss: 0.000369  [   64/50000]
2023-12-14 19:55:46,550 | INFO : loss: 0.000036  [ 6464/50000]
2023-12-14 19:56:10,003 | INFO : loss: 0.000043  [12864/50000]
2023-12-14 19:56:32,638 | INFO : loss: 0.000397  [19264/50000]
2023-12-14 19:56:55,655 | INFO : loss: 0.000562  [25664/50000]
2023-12-14 19:57:15,160 | INFO : loss: 0.000127  [32064/50000]
2023-12-14 19:57:38,488 | INFO : loss: 0.000290  [38464/50000]
2023-12-14 19:58:00,768 | INFO : loss: 0.000022  [44864/50000]
2023-12-14 19:58:50,967 | INFO : Test Error: 
 Accuracy: 81.7%, Avg loss: 1.053185 

2023-12-14 19:58:50,969 | INFO : Epoch 58
-------------------------------
2023-12-14 19:58:51,283 | INFO : loss: 0.000268  [   64/50000]
2023-12-14 19:59:14,940 | INFO : loss: 0.000034  [ 6464/50000]
2023-12-14 19:59:37,211 | INFO : loss: 0.000124  [12864/50000]
2023-12-14 19:59:57,929 | INFO : loss: 0.000157  [19264/50000]
2023-12-14 20:00:19,334 | INFO : loss: 0.000218  [25664/50000]
2023-12-14 20:00:41,712 | INFO : loss: 0.000029  [32064/50000]
2023-12-14 20:01:04,983 | INFO : loss: 0.000186  [38464/50000]
2023-12-14 20:01:28,348 | INFO : loss: 0.000604  [44864/50000]
2023-12-14 20:02:18,038 | INFO : Test Error: 
 Accuracy: 81.4%, Avg loss: 1.058077 

2023-12-14 20:02:18,039 | INFO : Epoch 59
-------------------------------
2023-12-14 20:02:18,389 | INFO : loss: 0.000077  [   64/50000]
2023-12-14 20:02:40,099 | INFO : loss: 0.004006  [ 6464/50000]
2023-12-14 20:03:00,793 | INFO : loss: 0.000376  [12864/50000]
2023-12-14 20:03:24,043 | INFO : loss: 0.000082  [19264/50000]
2023-12-14 20:03:47,695 | INFO : loss: 0.000203  [25664/50000]
2023-12-14 20:04:09,086 | INFO : loss: 0.001466  [32064/50000]
2023-12-14 20:04:30,540 | INFO : loss: 0.000219  [38464/50000]
2023-12-14 20:04:54,952 | INFO : loss: 0.000037  [44864/50000]
2023-12-14 20:05:44,879 | INFO : Test Error: 
 Accuracy: 81.6%, Avg loss: 1.055548 

2023-12-14 20:05:44,880 | INFO : Epoch 60
-------------------------------
2023-12-14 20:05:45,145 | INFO : loss: 0.000391  [   64/50000]
2023-12-14 20:06:05,115 | INFO : loss: 0.001090  [ 6464/50000]
2023-12-14 20:06:28,765 | INFO : loss: 0.000132  [12864/50000]
2023-12-14 20:06:50,813 | INFO : loss: 0.000205  [19264/50000]
2023-12-14 20:07:12,857 | INFO : loss: 0.000080  [25664/50000]
2023-12-14 20:07:35,593 | INFO : loss: 0.000076  [32064/50000]
2023-12-14 20:07:58,927 | INFO : loss: 0.000331  [38464/50000]
2023-12-14 20:08:20,733 | INFO : loss: 0.010342  [44864/50000]
2023-12-14 20:09:08,144 | INFO : Test Error: 
 Accuracy: 81.3%, Avg loss: 1.047106 

2023-12-14 20:09:08,145 | INFO : Epoch 61
-------------------------------
2023-12-14 20:09:08,499 | INFO : loss: 0.000546  [   64/50000]
2023-12-14 20:09:31,700 | INFO : loss: 0.000510  [ 6464/50000]
2023-12-14 20:09:54,880 | INFO : loss: 0.000130  [12864/50000]
2023-12-14 20:10:17,361 | INFO : loss: 0.000123  [19264/50000]
2023-12-14 20:10:41,710 | INFO : loss: 0.000047  [25664/50000]
2023-12-14 20:11:04,123 | INFO : loss: 0.000021  [32064/50000]
2023-12-14 20:11:24,634 | INFO : loss: 0.000046  [38464/50000]
2023-12-14 20:11:45,196 | INFO : loss: 0.000478  [44864/50000]
2023-12-14 20:12:36,390 | INFO : Test Error: 
 Accuracy: 81.8%, Avg loss: 1.041740 

2023-12-14 20:12:36,391 | INFO : Epoch 62
-------------------------------
2023-12-14 20:12:36,659 | INFO : loss: 0.000098  [   64/50000]
2023-12-14 20:12:58,177 | INFO : loss: 0.000654  [ 6464/50000]
2023-12-14 20:13:19,377 | INFO : loss: 0.000147  [12864/50000]
2023-12-14 20:13:41,310 | INFO : loss: 0.000483  [19264/50000]
2023-12-14 20:14:04,147 | INFO : loss: 0.000231  [25664/50000]
2023-12-14 20:14:22,545 | INFO : loss: 0.000066  [32064/50000]
2023-12-14 20:14:43,363 | INFO : loss: 0.000030  [38464/50000]
2023-12-14 20:15:05,731 | INFO : loss: 0.000126  [44864/50000]
2023-12-14 20:15:57,370 | INFO : Test Error: 
 Accuracy: 81.7%, Avg loss: 1.042497 

2023-12-14 20:15:57,371 | INFO : Epoch 63
-------------------------------
2023-12-14 20:15:57,720 | INFO : loss: 0.000761  [   64/50000]
2023-12-14 20:16:19,642 | INFO : loss: 0.000209  [ 6464/50000]
2023-12-14 20:16:41,972 | INFO : loss: 0.000287  [12864/50000]
2023-12-14 20:17:04,384 | INFO : loss: 0.000393  [19264/50000]
2023-12-14 20:17:22,917 | INFO : loss: 0.000173  [25664/50000]
2023-12-14 20:17:43,095 | INFO : loss: 0.000678  [32064/50000]
2023-12-14 20:18:05,604 | INFO : loss: 0.000154  [38464/50000]
2023-12-14 20:18:27,032 | INFO : loss: 0.000304  [44864/50000]
2023-12-14 20:19:16,643 | INFO : Test Error: 
 Accuracy: 81.6%, Avg loss: 1.046118 

2023-12-14 20:19:16,645 | INFO : Epoch 64
-------------------------------
2023-12-14 20:19:16,914 | INFO : loss: 0.000516  [   64/50000]
2023-12-14 20:19:38,651 | INFO : loss: 0.000236  [ 6464/50000]
2023-12-14 20:20:01,239 | INFO : loss: 0.000052  [12864/50000]
2023-12-14 20:20:21,754 | INFO : loss: 0.000248  [19264/50000]
2023-12-14 20:20:42,088 | INFO : loss: 0.000023  [25664/50000]
2023-12-14 20:21:04,918 | INFO : loss: 0.000125  [32064/50000]
2023-12-14 20:21:27,791 | INFO : loss: 0.000055  [38464/50000]
2023-12-14 20:21:49,258 | INFO : loss: 0.000089  [44864/50000]
2023-12-14 20:22:38,614 | INFO : Test Error: 
 Accuracy: 81.9%, Avg loss: 1.055242 

2023-12-14 20:22:38,615 | INFO : Epoch 65
-------------------------------
2023-12-14 20:22:38,937 | INFO : loss: 0.000715  [   64/50000]
2023-12-14 20:23:02,761 | INFO : loss: 0.000176  [ 6464/50000]
2023-12-14 20:23:22,244 | INFO : loss: 0.000218  [12864/50000]
2023-12-14 20:23:44,508 | INFO : loss: 0.000398  [19264/50000]
2023-12-14 20:24:07,842 | INFO : loss: 0.000117  [25664/50000]
2023-12-14 20:24:29,830 | INFO : loss: 0.000035  [32064/50000]
2023-12-14 20:24:52,434 | INFO : loss: 0.000077  [38464/50000]
2023-12-14 20:25:14,515 | INFO : loss: 0.000225  [44864/50000]
2023-12-14 20:26:02,489 | INFO : Test Error: 
 Accuracy: 81.5%, Avg loss: 1.055494 

2023-12-14 20:26:02,490 | INFO : Epoch 66
-------------------------------
2023-12-14 20:26:02,794 | INFO : loss: 0.000158  [   64/50000]
2023-12-14 20:26:21,759 | INFO : loss: 0.001386  [ 6464/50000]
2023-12-14 20:26:43,250 | INFO : loss: 0.000056  [12864/50000]
2023-12-14 20:27:04,647 | INFO : loss: 0.000074  [19264/50000]
2023-12-14 20:27:26,244 | INFO : loss: 0.000683  [25664/50000]
2023-12-14 20:27:48,581 | INFO : loss: 0.000046  [32064/50000]
2023-12-14 20:28:10,126 | INFO : loss: 0.000178  [38464/50000]
2023-12-14 20:28:32,246 | INFO : loss: 0.000032  [44864/50000]
2023-12-14 20:29:18,724 | INFO : Test Error: 
 Accuracy: 81.8%, Avg loss: 1.043390 

2023-12-14 20:29:18,726 | INFO : Epoch 67
-------------------------------
2023-12-14 20:29:19,001 | INFO : loss: 0.000212  [   64/50000]
2023-12-14 20:29:42,184 | INFO : loss: 0.000152  [ 6464/50000]
2023-12-14 20:30:04,905 | INFO : loss: 0.001530  [12864/50000]
2023-12-14 20:30:26,761 | INFO : loss: 0.000138  [19264/50000]
2023-12-14 20:30:51,262 | INFO : loss: 0.000418  [25664/50000]
2023-12-14 20:31:12,984 | INFO : loss: 0.000020  [32064/50000]
2023-12-14 20:31:35,825 | INFO : loss: 0.000075  [38464/50000]
2023-12-14 20:31:57,594 | INFO : loss: 0.000159  [44864/50000]
2023-12-14 20:32:42,444 | INFO : Test Error: 
 Accuracy: 81.2%, Avg loss: 1.055393 

2023-12-14 20:32:42,445 | INFO : Epoch 68
-------------------------------
2023-12-14 20:32:42,834 | INFO : loss: 0.000048  [   64/50000]
2023-12-14 20:33:05,905 | INFO : loss: 0.000218  [ 6464/50000]
2023-12-14 20:33:28,625 | INFO : loss: 0.000076  [12864/50000]
2023-12-14 20:33:51,280 | INFO : loss: 0.000054  [19264/50000]
2023-12-14 20:34:12,849 | INFO : loss: 0.002943  [25664/50000]
2023-12-14 20:34:34,641 | INFO : loss: 0.000038  [32064/50000]
2023-12-14 20:34:53,982 | INFO : loss: 0.000166  [38464/50000]
2023-12-14 20:35:15,370 | INFO : loss: 0.000159  [44864/50000]
2023-12-14 20:36:01,584 | INFO : Test Error: 
 Accuracy: 81.5%, Avg loss: 1.071442 

2023-12-14 20:36:01,585 | INFO : Epoch 69
-------------------------------
2023-12-14 20:36:01,913 | INFO : loss: 0.000313  [   64/50000]
2023-12-14 20:36:23,435 | INFO : loss: 0.000227  [ 6464/50000]
2023-12-14 20:36:47,468 | INFO : loss: 0.000092  [12864/50000]
2023-12-14 20:37:10,098 | INFO : loss: 0.000779  [19264/50000]
2023-12-14 20:37:33,035 | INFO : loss: 0.000044  [25664/50000]
2023-12-14 20:37:53,087 | INFO : loss: 0.000153  [32064/50000]
2023-12-14 20:38:15,943 | INFO : loss: 0.000752  [38464/50000]
2023-12-14 20:38:37,658 | INFO : loss: 0.000529  [44864/50000]
2023-12-14 20:39:26,360 | INFO : Test Error: 
 Accuracy: 81.5%, Avg loss: 1.060524 

2023-12-14 20:39:26,361 | INFO : Epoch 70
-------------------------------
2023-12-14 20:39:26,734 | INFO : loss: 0.000102  [   64/50000]
2023-12-14 20:39:49,350 | INFO : loss: 0.000734  [ 6464/50000]
2023-12-14 20:40:11,627 | INFO : loss: 0.000711  [12864/50000]
2023-12-14 20:40:34,726 | INFO : loss: 0.000059  [19264/50000]
2023-12-14 20:40:56,579 | INFO : loss: 0.000226  [25664/50000]
2023-12-14 20:41:20,887 | INFO : loss: 0.000013  [32064/50000]
2023-12-14 20:41:44,512 | INFO : loss: 0.000059  [38464/50000]
2023-12-14 20:42:06,628 | INFO : loss: 0.000123  [44864/50000]
2023-12-14 20:42:57,865 | INFO : Test Error: 
 Accuracy: 81.9%, Avg loss: 1.036188 

2023-12-14 20:42:57,866 | INFO : Epoch 71
-------------------------------
2023-12-14 20:42:58,194 | INFO : loss: 0.000025  [   64/50000]
2023-12-14 20:43:20,721 | INFO : loss: 0.000653  [ 6464/50000]
2023-12-14 20:43:40,620 | INFO : loss: 0.000104  [12864/50000]
2023-12-14 20:44:03,325 | INFO : loss: 0.000019  [19264/50000]
2023-12-14 20:44:26,206 | INFO : loss: 0.000045  [25664/50000]
2023-12-14 20:44:48,397 | INFO : loss: 0.000160  [32064/50000]
2023-12-14 20:45:10,134 | INFO : loss: 0.000598  [38464/50000]
2023-12-14 20:45:32,461 | INFO : loss: 0.000048  [44864/50000]
2023-12-14 20:46:21,548 | INFO : Test Error: 
 Accuracy: 81.9%, Avg loss: 1.042266 

2023-12-14 20:46:21,550 | INFO : Epoch 72
-------------------------------
2023-12-14 20:46:21,834 | INFO : loss: 0.000054  [   64/50000]
2023-12-14 20:46:45,524 | INFO : loss: 0.000056  [ 6464/50000]
2023-12-14 20:47:07,750 | INFO : loss: 0.000140  [12864/50000]
2023-12-14 20:47:31,619 | INFO : loss: 0.000055  [19264/50000]
2023-12-14 20:47:55,236 | INFO : loss: 0.000208  [25664/50000]
2023-12-14 20:48:18,447 | INFO : loss: 0.000139  [32064/50000]
2023-12-14 20:48:41,421 | INFO : loss: 0.017706  [38464/50000]
2023-12-14 20:49:03,539 | INFO : loss: 0.001333  [44864/50000]
2023-12-14 20:49:49,187 | INFO : Test Error: 
 Accuracy: 81.3%, Avg loss: 1.065737 

2023-12-14 20:49:49,189 | INFO : Epoch 73
-------------------------------
2023-12-14 20:49:49,509 | INFO : loss: 0.005338  [   64/50000]
2023-12-14 20:50:11,155 | INFO : loss: 0.000146  [ 6464/50000]
2023-12-14 20:50:34,120 | INFO : loss: 0.000095  [12864/50000]
2023-12-14 20:50:56,143 | INFO : loss: 0.000080  [19264/50000]
2023-12-14 20:51:18,134 | INFO : loss: 0.001459  [25664/50000]
2023-12-14 20:51:40,819 | INFO : loss: 0.000039  [32064/50000]
2023-12-14 20:52:03,425 | INFO : loss: 0.000049  [38464/50000]
2023-12-14 20:52:24,469 | INFO : loss: 0.000039  [44864/50000]
2023-12-14 20:53:01,012 | INFO : Test Error: 
 Accuracy: 81.6%, Avg loss: 1.064644 

2023-12-14 20:53:01,013 | INFO : Epoch 74
-------------------------------
2023-12-14 20:53:01,231 | INFO : loss: 0.000200  [   64/50000]
2023-12-14 20:53:13,958 | INFO : loss: 0.000283  [ 6464/50000]
2023-12-14 20:53:26,550 | INFO : loss: 0.002512  [12864/50000]
2023-12-14 20:53:39,007 | INFO : loss: 0.000292  [19264/50000]
2023-12-14 20:53:51,512 | INFO : loss: 0.000099  [25664/50000]
2023-12-14 20:54:04,055 | INFO : loss: 0.000059  [32064/50000]
2023-12-14 20:54:16,508 | INFO : loss: 0.000044  [38464/50000]
2023-12-14 20:54:28,948 | INFO : loss: 0.000021  [44864/50000]
2023-12-14 20:54:57,818 | INFO : Test Error: 
 Accuracy: 81.4%, Avg loss: 1.052942 

2023-12-14 20:54:57,820 | INFO : Epoch 75
-------------------------------
2023-12-14 20:54:58,019 | INFO : loss: 0.000163  [   64/50000]
2023-12-14 20:55:10,488 | INFO : loss: 0.000347  [ 6464/50000]
2023-12-14 20:55:22,948 | INFO : loss: 0.000159  [12864/50000]
2023-12-14 20:55:35,467 | INFO : loss: 0.000556  [19264/50000]
2023-12-14 20:55:48,049 | INFO : loss: 0.000073  [25664/50000]
2023-12-14 20:56:00,488 | INFO : loss: 0.000093  [32064/50000]
2023-12-14 20:56:12,933 | INFO : loss: 0.000052  [38464/50000]
2023-12-14 20:56:25,359 | INFO : loss: 0.000450  [44864/50000]
2023-12-14 20:56:53,952 | INFO : Test Error: 
 Accuracy: 82.0%, Avg loss: 1.032714 

2023-12-14 20:56:53,952 | INFO : Epoch 76
-------------------------------
2023-12-14 20:56:54,151 | INFO : loss: 0.000238  [   64/50000]
2023-12-14 20:57:06,780 | INFO : loss: 0.000447  [ 6464/50000]
2023-12-14 20:57:19,208 | INFO : loss: 0.000092  [12864/50000]
2023-12-14 20:57:31,826 | INFO : loss: 0.000026  [19264/50000]
2023-12-14 20:57:44,279 | INFO : loss: 0.000803  [25664/50000]
2023-12-14 20:57:56,664 | INFO : loss: 0.000401  [32064/50000]
2023-12-14 20:58:09,110 | INFO : loss: 0.000027  [38464/50000]
2023-12-14 20:58:21,522 | INFO : loss: 0.000363  [44864/50000]
2023-12-14 20:58:50,230 | INFO : Test Error: 
 Accuracy: 81.5%, Avg loss: 1.055410 

2023-12-14 20:58:50,231 | INFO : Epoch 77
-------------------------------
2023-12-14 20:58:50,436 | INFO : loss: 0.000210  [   64/50000]
2023-12-14 20:59:02,831 | INFO : loss: 0.000068  [ 6464/50000]
2023-12-14 20:59:15,199 | INFO : loss: 0.000087  [12864/50000]
2023-12-14 20:59:27,609 | INFO : loss: 0.000506  [19264/50000]
2023-12-14 20:59:40,004 | INFO : loss: 0.000077  [25664/50000]
2023-12-14 20:59:52,480 | INFO : loss: 0.000170  [32064/50000]
2023-12-14 21:00:04,906 | INFO : loss: 0.000058  [38464/50000]
2023-12-14 21:00:17,263 | INFO : loss: 0.000010  [44864/50000]
2023-12-14 21:00:45,806 | INFO : Test Error: 
 Accuracy: 81.9%, Avg loss: 1.041136 

2023-12-14 21:00:45,807 | INFO : Epoch 78
-------------------------------
2023-12-14 21:00:46,003 | INFO : loss: 0.000268  [   64/50000]
2023-12-14 21:00:58,413 | INFO : loss: 0.000070  [ 6464/50000]
2023-12-14 21:01:10,801 | INFO : loss: 0.000403  [12864/50000]
2023-12-14 21:01:23,216 | INFO : loss: 0.000070  [19264/50000]
2023-12-14 21:01:35,570 | INFO : loss: 0.000158  [25664/50000]
2023-12-14 21:01:47,930 | INFO : loss: 0.000027  [32064/50000]
2023-12-14 21:02:00,333 | INFO : loss: 0.000051  [38464/50000]
2023-12-14 21:02:12,790 | INFO : loss: 0.000031  [44864/50000]
2023-12-14 21:02:41,341 | INFO : Test Error: 
 Accuracy: 82.0%, Avg loss: 1.039077 

2023-12-14 21:02:41,342 | INFO : Epoch 79
-------------------------------
2023-12-14 21:02:41,539 | INFO : loss: 0.001353  [   64/50000]
2023-12-14 21:02:54,140 | INFO : loss: 0.001309  [ 6464/50000]
2023-12-14 21:03:06,541 | INFO : loss: 0.000052  [12864/50000]
2023-12-14 21:03:19,159 | INFO : loss: 0.000248  [19264/50000]
2023-12-14 21:03:31,577 | INFO : loss: 0.003546  [25664/50000]
2023-12-14 21:03:44,052 | INFO : loss: 0.000605  [32064/50000]
2023-12-14 21:03:57,103 | INFO : loss: 0.000967  [38464/50000]
2023-12-14 21:04:09,584 | INFO : loss: 0.000338  [44864/50000]
2023-12-14 21:04:38,146 | INFO : Test Error: 
 Accuracy: 82.0%, Avg loss: 1.037026 

2023-12-14 21:04:38,146 | INFO : Epoch 80
-------------------------------
2023-12-14 21:04:38,347 | INFO : loss: 0.000017  [   64/50000]
2023-12-14 21:04:50,749 | INFO : loss: 0.001287  [ 6464/50000]
2023-12-14 21:05:03,159 | INFO : loss: 0.000331  [12864/50000]
2023-12-14 21:05:15,601 | INFO : loss: 0.000024  [19264/50000]
2023-12-14 21:05:27,995 | INFO : loss: 0.000513  [25664/50000]
2023-12-14 21:05:40,401 | INFO : loss: 0.000122  [32064/50000]
2023-12-14 21:05:52,824 | INFO : loss: 0.000062  [38464/50000]
2023-12-14 21:06:05,224 | INFO : loss: 0.000051  [44864/50000]
2023-12-14 21:06:34,108 | INFO : Test Error: 
 Accuracy: 81.8%, Avg loss: 1.046611 

2023-12-14 21:06:34,109 | INFO : Epoch 81
-------------------------------
2023-12-14 21:06:34,306 | INFO : loss: 0.000008  [   64/50000]
2023-12-14 21:06:46,751 | INFO : loss: 0.000084  [ 6464/50000]
2023-12-14 21:06:59,351 | INFO : loss: 0.000071  [12864/50000]
2023-12-14 21:07:11,822 | INFO : loss: 0.000066  [19264/50000]
2023-12-14 21:07:24,248 | INFO : loss: 0.000174  [25664/50000]
2023-12-14 21:07:36,737 | INFO : loss: 0.000029  [32064/50000]
2023-12-14 21:07:49,318 | INFO : loss: 0.000198  [38464/50000]
2023-12-14 21:08:01,769 | INFO : loss: 0.000959  [44864/50000]
2023-12-14 21:08:30,545 | INFO : Test Error: 
 Accuracy: 81.8%, Avg loss: 1.066158 

2023-12-14 21:08:30,545 | INFO : Epoch 82
-------------------------------
2023-12-14 21:08:30,743 | INFO : loss: 0.000023  [   64/50000]
2023-12-14 21:08:43,140 | INFO : loss: 0.000305  [ 6464/50000]
2023-12-14 21:08:55,564 | INFO : loss: 0.000246  [12864/50000]
2023-12-14 21:09:07,988 | INFO : loss: 0.000032  [19264/50000]
2023-12-14 21:09:20,459 | INFO : loss: 0.000064  [25664/50000]
2023-12-14 21:09:33,147 | INFO : loss: 0.000050  [32064/50000]
2023-12-14 21:09:45,622 | INFO : loss: 0.000089  [38464/50000]
2023-12-14 21:09:58,047 | INFO : loss: 0.000013  [44864/50000]
2023-12-14 21:10:26,681 | INFO : Test Error: 
 Accuracy: 81.6%, Avg loss: 1.049624 

2023-12-14 21:10:26,681 | INFO : Epoch 83
-------------------------------
2023-12-14 21:10:26,909 | INFO : loss: 0.000020  [   64/50000]
2023-12-14 21:10:39,334 | INFO : loss: 0.000110  [ 6464/50000]
2023-12-14 21:10:51,732 | INFO : loss: 0.007481  [12864/50000]
2023-12-14 21:11:04,163 | INFO : loss: 0.005556  [19264/50000]
2023-12-14 21:11:16,563 | INFO : loss: 0.000057  [25664/50000]
2023-12-14 21:11:28,974 | INFO : loss: 0.000264  [32064/50000]
2023-12-14 21:11:41,581 | INFO : loss: 0.000229  [38464/50000]
2023-12-14 21:11:54,033 | INFO : loss: 0.002736  [44864/50000]
2023-12-14 21:12:22,666 | INFO : Test Error: 
 Accuracy: 81.6%, Avg loss: 1.061425 

2023-12-14 21:12:22,667 | INFO : Epoch 84
-------------------------------
2023-12-14 21:12:22,864 | INFO : loss: 0.000156  [   64/50000]
2023-12-14 21:12:35,291 | INFO : loss: 0.000111  [ 6464/50000]
2023-12-14 21:12:47,747 | INFO : loss: 0.002492  [12864/50000]
2023-12-14 21:13:00,199 | INFO : loss: 0.000014  [19264/50000]
2023-12-14 21:13:12,647 | INFO : loss: 0.000684  [25664/50000]
2023-12-14 21:13:25,075 | INFO : loss: 0.000367  [32064/50000]
2023-12-14 21:13:37,518 | INFO : loss: 0.000198  [38464/50000]
2023-12-14 21:13:49,942 | INFO : loss: 0.000210  [44864/50000]
2023-12-14 21:14:18,528 | INFO : Test Error: 
 Accuracy: 81.8%, Avg loss: 1.065591 

2023-12-14 21:14:18,529 | INFO : Epoch 85
-------------------------------
2023-12-14 21:14:18,739 | INFO : loss: 0.000856  [   64/50000]
2023-12-14 21:14:31,198 | INFO : loss: 0.000754  [ 6464/50000]
2023-12-14 21:14:43,610 | INFO : loss: 0.000080  [12864/50000]
2023-12-14 21:14:56,165 | INFO : loss: 0.000130  [19264/50000]
2023-12-14 21:15:08,629 | INFO : loss: 0.000198  [25664/50000]
2023-12-14 21:15:21,065 | INFO : loss: 0.000142  [32064/50000]
2023-12-14 21:15:33,485 | INFO : loss: 0.000019  [38464/50000]
2023-12-14 21:15:45,903 | INFO : loss: 0.000032  [44864/50000]
2023-12-14 21:16:14,485 | INFO : Test Error: 
 Accuracy: 81.7%, Avg loss: 1.062882 

2023-12-14 21:16:14,486 | INFO : Epoch 86
-------------------------------
2023-12-14 21:16:14,692 | INFO : loss: 0.000116  [   64/50000]
2023-12-14 21:16:27,046 | INFO : loss: 0.000291  [ 6464/50000]
2023-12-14 21:16:39,576 | INFO : loss: 0.000059  [12864/50000]
2023-12-14 21:16:52,440 | INFO : loss: 0.000089  [19264/50000]
2023-12-14 21:17:04,835 | INFO : loss: 0.000290  [25664/50000]
2023-12-14 21:17:17,250 | INFO : loss: 0.000646  [32064/50000]
2023-12-14 21:17:29,722 | INFO : loss: 0.000104  [38464/50000]
2023-12-14 21:17:42,131 | INFO : loss: 0.000079  [44864/50000]
2023-12-14 21:18:10,747 | INFO : Test Error: 
 Accuracy: 81.5%, Avg loss: 1.055071 

2023-12-14 21:18:10,747 | INFO : Epoch 87
-------------------------------
2023-12-14 21:18:10,945 | INFO : loss: 0.000222  [   64/50000]
2023-12-14 21:18:23,428 | INFO : loss: 0.000454  [ 6464/50000]
2023-12-14 21:18:35,892 | INFO : loss: 0.000444  [12864/50000]
2023-12-14 21:18:48,335 | INFO : loss: 0.000024  [19264/50000]
2023-12-14 21:19:00,720 | INFO : loss: 0.000063  [25664/50000]
2023-12-14 21:19:13,181 | INFO : loss: 0.000089  [32064/50000]
2023-12-14 21:19:25,677 | INFO : loss: 0.000497  [38464/50000]
2023-12-14 21:19:38,141 | INFO : loss: 0.000051  [44864/50000]
2023-12-14 21:20:06,726 | INFO : Test Error: 
 Accuracy: 81.7%, Avg loss: 1.061407 

2023-12-14 21:20:06,727 | INFO : Epoch 88
-------------------------------
2023-12-14 21:20:06,924 | INFO : loss: 0.000031  [   64/50000]
2023-12-14 21:20:19,365 | INFO : loss: 0.002858  [ 6464/50000]
2023-12-14 21:20:31,773 | INFO : loss: 0.000079  [12864/50000]
2023-12-14 21:20:44,230 | INFO : loss: 0.000182  [19264/50000]
2023-12-14 21:20:56,675 | INFO : loss: 0.000115  [25664/50000]
2023-12-14 21:21:09,077 | INFO : loss: 0.000802  [32064/50000]
2023-12-14 21:21:21,506 | INFO : loss: 0.002217  [38464/50000]
2023-12-14 21:21:33,909 | INFO : loss: 0.000065  [44864/50000]
2023-12-14 21:22:02,539 | INFO : Test Error: 
 Accuracy: 81.6%, Avg loss: 1.082208 

2023-12-14 21:22:02,540 | INFO : Epoch 89
-------------------------------
2023-12-14 21:22:02,756 | INFO : loss: 0.000067  [   64/50000]
2023-12-14 21:22:15,200 | INFO : loss: 0.000417  [ 6464/50000]
2023-12-14 21:22:27,647 | INFO : loss: 0.000155  [12864/50000]
2023-12-14 21:22:40,070 | INFO : loss: 0.000140  [19264/50000]
2023-12-14 21:22:52,454 | INFO : loss: 0.000076  [25664/50000]
2023-12-14 21:23:04,918 | INFO : loss: 0.000077  [32064/50000]
2023-12-14 21:23:17,323 | INFO : loss: 0.000599  [38464/50000]
2023-12-14 21:23:29,813 | INFO : loss: 0.000208  [44864/50000]
2023-12-14 21:23:58,500 | INFO : Test Error: 
 Accuracy: 81.5%, Avg loss: 1.052647 

2023-12-14 21:23:58,500 | INFO : Epoch 90
-------------------------------
2023-12-14 21:23:58,700 | INFO : loss: 0.000070  [   64/50000]
2023-12-14 21:24:11,181 | INFO : loss: 0.000115  [ 6464/50000]
2023-12-14 21:24:23,620 | INFO : loss: 0.000113  [12864/50000]
2023-12-14 21:24:36,039 | INFO : loss: 0.000069  [19264/50000]
2023-12-14 21:24:48,461 | INFO : loss: 0.001329  [25664/50000]
2023-12-14 21:25:00,914 | INFO : loss: 0.000285  [32064/50000]
2023-12-14 21:25:13,371 | INFO : loss: 0.000079  [38464/50000]
2023-12-14 21:25:25,844 | INFO : loss: 0.000276  [44864/50000]
2023-12-14 21:25:54,673 | INFO : Test Error: 
 Accuracy: 81.8%, Avg loss: 1.040989 

2023-12-14 21:25:54,674 | INFO : Done!
2023-12-14 21:25:54,674 | INFO : Total training time: 16840.09718298912
