A30 MIG 1c.4g.24gb
@compute-0-3.local (GPU): MIG-01aa9918-db38-5932-8c56-5c7024fce3de
Files already downloaded and verified
Files already downloaded and verified
2023-12-20 12:36:03,175 | INFO : ----------- VGG11 TRAINING -----------
2023-12-20 12:36:03,197 | INFO : Epoch 1
-------------------------------
2023-12-20 12:36:07,260 | INFO : loss: 2.305234  [   64/50000]
2023-12-20 12:36:43,069 | INFO : loss: 2.169032  [ 6464/50000]
2023-12-20 12:37:18,484 | INFO : loss: 1.970661  [12864/50000]
2023-12-20 12:37:52,767 | INFO : loss: 2.049721  [19264/50000]
2023-12-20 12:38:25,838 | INFO : loss: 1.935179  [25664/50000]
2023-12-20 12:39:00,962 | INFO : loss: 1.864560  [32064/50000]
2023-12-20 12:39:25,895 | INFO : loss: 1.775100  [38464/50000]
2023-12-20 12:39:44,728 | INFO : loss: 1.687062  [44864/50000]
2023-12-20 12:40:21,122 | INFO : Test Error: 
 Accuracy: 47.0%, Avg loss: 1.457165 

2023-12-20 12:40:21,123 | INFO : Epoch 2
-------------------------------
2023-12-20 12:40:21,428 | INFO : loss: 1.675535  [   64/50000]
2023-12-20 12:40:50,377 | INFO : loss: 1.711480  [ 6464/50000]
2023-12-20 12:41:25,188 | INFO : loss: 1.593071  [12864/50000]
2023-12-20 12:42:01,926 | INFO : loss: 1.550400  [19264/50000]
2023-12-20 12:42:39,229 | INFO : loss: 1.464057  [25664/50000]
2023-12-20 12:43:14,324 | INFO : loss: 1.531102  [32064/50000]
2023-12-20 12:43:51,808 | INFO : loss: 1.551520  [38464/50000]
2023-12-20 12:44:27,838 | INFO : loss: 1.585770  [44864/50000]
2023-12-20 12:45:37,860 | INFO : Test Error: 
 Accuracy: 58.1%, Avg loss: 1.158006 

2023-12-20 12:45:37,861 | INFO : Epoch 3
-------------------------------
2023-12-20 12:45:38,511 | INFO : loss: 1.477080  [   64/50000]
2023-12-20 12:46:10,894 | INFO : loss: 1.369732  [ 6464/50000]
2023-12-20 12:46:46,823 | INFO : loss: 1.138177  [12864/50000]
2023-12-20 12:47:20,869 | INFO : loss: 1.468114  [19264/50000]
2023-12-20 12:47:56,214 | INFO : loss: 1.429526  [25664/50000]
2023-12-20 12:48:30,808 | INFO : loss: 1.293624  [32064/50000]
2023-12-20 12:49:05,877 | INFO : loss: 1.220507  [38464/50000]
2023-12-20 12:49:39,950 | INFO : loss: 1.419237  [44864/50000]
2023-12-20 12:50:44,562 | INFO : Test Error: 
 Accuracy: 67.1%, Avg loss: 0.948233 

2023-12-20 12:50:44,563 | INFO : Epoch 4
-------------------------------
2023-12-20 12:50:45,583 | INFO : loss: 1.008250  [   64/50000]
2023-12-20 12:51:25,636 | INFO : loss: 1.163771  [ 6464/50000]
2023-12-20 12:52:00,432 | INFO : loss: 0.886438  [12864/50000]
2023-12-20 12:52:35,948 | INFO : loss: 1.083190  [19264/50000]
2023-12-20 12:53:11,741 | INFO : loss: 1.122206  [25664/50000]
2023-12-20 12:53:47,412 | INFO : loss: 1.071833  [32064/50000]
2023-12-20 12:54:23,719 | INFO : loss: 0.996633  [38464/50000]
2023-12-20 12:54:58,600 | INFO : loss: 1.050191  [44864/50000]
2023-12-20 12:56:01,884 | INFO : Test Error: 
 Accuracy: 71.9%, Avg loss: 0.796599 

2023-12-20 12:56:01,885 | INFO : Epoch 5
-------------------------------
2023-12-20 12:56:02,429 | INFO : loss: 0.851385  [   64/50000]
2023-12-20 12:56:44,919 | INFO : loss: 1.063484  [ 6464/50000]
2023-12-20 12:57:19,819 | INFO : loss: 0.651461  [12864/50000]
2023-12-20 12:57:58,049 | INFO : loss: 0.991390  [19264/50000]
2023-12-20 12:58:34,109 | INFO : loss: 0.890546  [25664/50000]
2023-12-20 12:59:09,978 | INFO : loss: 0.959596  [32064/50000]
2023-12-20 12:59:44,346 | INFO : loss: 0.811665  [38464/50000]
2023-12-20 13:00:18,260 | INFO : loss: 1.212896  [44864/50000]
2023-12-20 13:01:15,082 | INFO : Test Error: 
 Accuracy: 74.6%, Avg loss: 0.737390 

2023-12-20 13:01:15,084 | INFO : Epoch 6
-------------------------------
2023-12-20 13:01:15,651 | INFO : loss: 0.996007  [   64/50000]
2023-12-20 13:02:01,995 | INFO : loss: 1.164645  [ 6464/50000]
2023-12-20 13:02:37,790 | INFO : loss: 0.802401  [12864/50000]
2023-12-20 13:03:14,798 | INFO : loss: 1.012344  [19264/50000]
2023-12-20 13:03:51,985 | INFO : loss: 0.900886  [25664/50000]
2023-12-20 13:04:28,079 | INFO : loss: 1.079925  [32064/50000]
2023-12-20 13:05:04,162 | INFO : loss: 0.757300  [38464/50000]
2023-12-20 13:05:40,971 | INFO : loss: 0.983456  [44864/50000]
2023-12-20 13:06:35,591 | INFO : Test Error: 
 Accuracy: 74.6%, Avg loss: 0.751680 

2023-12-20 13:06:35,592 | INFO : Epoch 7
-------------------------------
2023-12-20 13:06:36,194 | INFO : loss: 0.957389  [   64/50000]
2023-12-20 13:07:22,006 | INFO : loss: 0.972902  [ 6464/50000]
2023-12-20 13:07:57,544 | INFO : loss: 0.743996  [12864/50000]
2023-12-20 13:08:35,079 | INFO : loss: 0.896022  [19264/50000]
2023-12-20 13:09:09,451 | INFO : loss: 0.730394  [25664/50000]
2023-12-20 13:09:44,553 | INFO : loss: 0.887378  [32064/50000]
2023-12-20 13:10:20,718 | INFO : loss: 0.630380  [38464/50000]
2023-12-20 13:10:53,679 | INFO : loss: 0.829991  [44864/50000]
2023-12-20 13:11:48,712 | INFO : Test Error: 
 Accuracy: 78.7%, Avg loss: 0.625588 

2023-12-20 13:11:48,713 | INFO : Epoch 8
-------------------------------
2023-12-20 13:11:49,678 | INFO : loss: 0.494722  [   64/50000]
2023-12-20 13:12:33,813 | INFO : loss: 0.818248  [ 6464/50000]
2023-12-20 13:13:09,794 | INFO : loss: 0.538828  [12864/50000]
2023-12-20 13:13:44,503 | INFO : loss: 0.854786  [19264/50000]
2023-12-20 13:14:19,039 | INFO : loss: 0.597297  [25664/50000]
2023-12-20 13:14:53,623 | INFO : loss: 0.844353  [32064/50000]
2023-12-20 13:15:27,860 | INFO : loss: 0.543450  [38464/50000]
2023-12-20 13:16:02,462 | INFO : loss: 0.771954  [44864/50000]
2023-12-20 13:16:57,871 | INFO : Test Error: 
 Accuracy: 79.4%, Avg loss: 0.603933 

2023-12-20 13:16:57,872 | INFO : Epoch 9
-------------------------------
2023-12-20 13:16:58,277 | INFO : loss: 0.544588  [   64/50000]
2023-12-20 13:17:33,564 | INFO : loss: 0.777091  [ 6464/50000]
2023-12-20 13:18:17,556 | INFO : loss: 0.433278  [12864/50000]
2023-12-20 13:18:51,110 | INFO : loss: 0.635373  [19264/50000]
2023-12-20 13:19:22,615 | INFO : loss: 0.630635  [25664/50000]
2023-12-20 13:19:56,309 | INFO : loss: 0.969452  [32064/50000]
2023-12-20 13:20:30,231 | INFO : loss: 0.609593  [38464/50000]
2023-12-20 13:21:05,709 | INFO : loss: 0.594520  [44864/50000]
2023-12-20 13:22:01,022 | INFO : Test Error: 
 Accuracy: 76.9%, Avg loss: 0.758255 

2023-12-20 13:22:01,023 | INFO : Epoch 10
-------------------------------
2023-12-20 13:22:01,491 | INFO : loss: 0.577932  [   64/50000]
2023-12-20 13:22:36,101 | INFO : loss: 0.540787  [ 6464/50000]
2023-12-20 13:23:12,648 | INFO : loss: 0.516196  [12864/50000]
2023-12-20 13:23:54,153 | INFO : loss: 0.535654  [19264/50000]
2023-12-20 13:24:29,209 | INFO : loss: 0.485747  [25664/50000]
2023-12-20 13:25:04,578 | INFO : loss: 0.847696  [32064/50000]
2023-12-20 13:25:37,975 | INFO : loss: 0.580120  [38464/50000]
2023-12-20 13:26:10,967 | INFO : loss: 0.530131  [44864/50000]
2023-12-20 13:27:06,253 | INFO : Test Error: 
 Accuracy: 80.4%, Avg loss: 0.607594 

2023-12-20 13:27:06,254 | INFO : Epoch 11
-------------------------------
2023-12-20 13:27:06,940 | INFO : loss: 0.565883  [   64/50000]
2023-12-20 13:27:41,116 | INFO : loss: 0.821776  [ 6464/50000]
2023-12-20 13:28:14,302 | INFO : loss: 0.405465  [12864/50000]
2023-12-20 13:28:50,341 | INFO : loss: 0.641043  [19264/50000]
2023-12-20 13:29:32,206 | INFO : loss: 0.476859  [25664/50000]
2023-12-20 13:30:06,068 | INFO : loss: 0.628103  [32064/50000]
2023-12-20 13:30:40,181 | INFO : loss: 0.751790  [38464/50000]
2023-12-20 13:31:15,576 | INFO : loss: 1.115791  [44864/50000]
2023-12-20 13:32:10,378 | INFO : Test Error: 
 Accuracy: 81.5%, Avg loss: 0.590285 

2023-12-20 13:32:10,379 | INFO : Epoch 12
-------------------------------
2023-12-20 13:32:11,115 | INFO : loss: 0.496477  [   64/50000]
2023-12-20 13:32:45,139 | INFO : loss: 0.518400  [ 6464/50000]
2023-12-20 13:33:19,960 | INFO : loss: 0.552223  [12864/50000]
2023-12-20 13:33:56,927 | INFO : loss: 0.436391  [19264/50000]
2023-12-20 13:34:42,704 | INFO : loss: 0.653623  [25664/50000]
2023-12-20 13:35:16,263 | INFO : loss: 0.631429  [32064/50000]
2023-12-20 13:35:50,481 | INFO : loss: 0.415279  [38464/50000]
2023-12-20 13:36:24,394 | INFO : loss: 0.530219  [44864/50000]
2023-12-20 13:37:19,079 | INFO : Test Error: 
 Accuracy: 81.8%, Avg loss: 0.564691 

2023-12-20 13:37:19,080 | INFO : Epoch 13
-------------------------------
2023-12-20 13:37:19,484 | INFO : loss: 0.671460  [   64/50000]
2023-12-20 13:37:52,390 | INFO : loss: 0.680903  [ 6464/50000]
2023-12-20 13:38:26,768 | INFO : loss: 0.468890  [12864/50000]
2023-12-20 13:39:02,648 | INFO : loss: 0.720232  [19264/50000]
2023-12-20 13:39:37,942 | INFO : loss: 0.405302  [25664/50000]
2023-12-20 13:40:22,688 | INFO : loss: 0.540293  [32064/50000]
2023-12-20 13:40:57,263 | INFO : loss: 0.446966  [38464/50000]
2023-12-20 13:41:31,519 | INFO : loss: 0.470385  [44864/50000]
2023-12-20 13:42:27,153 | INFO : Test Error: 
 Accuracy: 81.1%, Avg loss: 0.622391 

2023-12-20 13:42:27,154 | INFO : Epoch 14
-------------------------------
2023-12-20 13:42:27,723 | INFO : loss: 0.423553  [   64/50000]
2023-12-20 13:43:01,839 | INFO : loss: 0.530214  [ 6464/50000]
2023-12-20 13:43:37,089 | INFO : loss: 0.394942  [12864/50000]
2023-12-20 13:44:09,612 | INFO : loss: 0.496930  [19264/50000]
2023-12-20 13:44:42,638 | INFO : loss: 0.287407  [25664/50000]
2023-12-20 13:45:17,822 | INFO : loss: 0.589612  [32064/50000]
2023-12-20 13:45:59,880 | INFO : loss: 0.309976  [38464/50000]
2023-12-20 13:46:34,502 | INFO : loss: 0.663795  [44864/50000]
2023-12-20 13:47:29,614 | INFO : Test Error: 
 Accuracy: 82.1%, Avg loss: 0.565120 

2023-12-20 13:47:29,615 | INFO : Epoch 15
-------------------------------
2023-12-20 13:47:30,386 | INFO : loss: 0.444649  [   64/50000]
2023-12-20 13:48:01,834 | INFO : loss: 0.436980  [ 6464/50000]
2023-12-20 13:48:34,609 | INFO : loss: 0.238930  [12864/50000]
2023-12-20 13:49:07,711 | INFO : loss: 0.581090  [19264/50000]
2023-12-20 13:49:41,582 | INFO : loss: 0.421181  [25664/50000]
2023-12-20 13:50:15,928 | INFO : loss: 0.563026  [32064/50000]
2023-12-20 13:50:53,719 | INFO : loss: 0.558478  [38464/50000]
2023-12-20 13:51:34,413 | INFO : loss: 0.534937  [44864/50000]
2023-12-20 13:52:28,858 | INFO : Test Error: 
 Accuracy: 81.4%, Avg loss: 0.585845 

2023-12-20 13:52:28,859 | INFO : Epoch 16
-------------------------------
2023-12-20 13:52:29,388 | INFO : loss: 0.295118  [   64/50000]
2023-12-20 13:53:02,418 | INFO : loss: 0.343296  [ 6464/50000]
2023-12-20 13:53:36,683 | INFO : loss: 0.232890  [12864/50000]
2023-12-20 13:54:09,552 | INFO : loss: 0.467119  [19264/50000]
2023-12-20 13:54:43,341 | INFO : loss: 0.410109  [25664/50000]
2023-12-20 13:55:16,846 | INFO : loss: 0.611545  [32064/50000]
2023-12-20 13:55:50,216 | INFO : loss: 0.384374  [38464/50000]
2023-12-20 13:56:25,582 | INFO : loss: 0.439205  [44864/50000]
2023-12-20 13:57:26,909 | INFO : Test Error: 
 Accuracy: 82.9%, Avg loss: 0.539799 

2023-12-20 13:57:26,909 | INFO : Epoch 17
-------------------------------
2023-12-20 13:57:27,284 | INFO : loss: 0.151489  [   64/50000]
2023-12-20 13:58:00,424 | INFO : loss: 0.237343  [ 6464/50000]
2023-12-20 13:58:33,831 | INFO : loss: 0.260927  [12864/50000]
2023-12-20 13:59:07,902 | INFO : loss: 0.328910  [19264/50000]
2023-12-20 13:59:42,437 | INFO : loss: 0.311911  [25664/50000]
2023-12-20 14:00:16,456 | INFO : loss: 0.337208  [32064/50000]
2023-12-20 14:00:53,077 | INFO : loss: 0.342985  [38464/50000]
2023-12-20 14:01:28,888 | INFO : loss: 0.403402  [44864/50000]
2023-12-20 14:02:35,882 | INFO : Test Error: 
 Accuracy: 82.0%, Avg loss: 0.579766 

2023-12-20 14:02:35,882 | INFO : Epoch 18
-------------------------------
2023-12-20 14:02:36,553 | INFO : loss: 0.393652  [   64/50000]
2023-12-20 14:03:10,027 | INFO : loss: 0.528036  [ 6464/50000]
2023-12-20 14:03:44,505 | INFO : loss: 0.403615  [12864/50000]
2023-12-20 14:04:17,868 | INFO : loss: 0.382569  [19264/50000]
2023-12-20 14:04:52,607 | INFO : loss: 0.418046  [25664/50000]
2023-12-20 14:05:26,342 | INFO : loss: 0.469381  [32064/50000]
2023-12-20 14:06:01,944 | INFO : loss: 0.346806  [38464/50000]
2023-12-20 14:06:36,216 | INFO : loss: 0.632242  [44864/50000]
2023-12-20 14:07:46,056 | INFO : Test Error: 
 Accuracy: 82.4%, Avg loss: 0.559647 

2023-12-20 14:07:46,057 | INFO : Epoch 19
-------------------------------
2023-12-20 14:07:46,472 | INFO : loss: 0.291052  [   64/50000]
2023-12-20 14:08:20,315 | INFO : loss: 0.400605  [ 6464/50000]
2023-12-20 14:08:56,761 | INFO : loss: 0.578316  [12864/50000]
2023-12-20 14:09:31,203 | INFO : loss: 0.331486  [19264/50000]
2023-12-20 14:10:05,235 | INFO : loss: 0.513201  [25664/50000]
2023-12-20 14:10:40,884 | INFO : loss: 0.464503  [32064/50000]
2023-12-20 14:11:14,365 | INFO : loss: 0.489756  [38464/50000]
2023-12-20 14:11:49,187 | INFO : loss: 0.706087  [44864/50000]
2023-12-20 14:12:52,581 | INFO : Test Error: 
 Accuracy: 83.6%, Avg loss: 0.533741 

2023-12-20 14:12:52,582 | INFO : Epoch 20
-------------------------------
2023-12-20 14:12:53,070 | INFO : loss: 0.559146  [   64/50000]
2023-12-20 14:13:28,630 | INFO : loss: 0.333522  [ 6464/50000]
2023-12-20 14:14:04,138 | INFO : loss: 0.282990  [12864/50000]
2023-12-20 14:14:38,427 | INFO : loss: 0.273448  [19264/50000]
2023-12-20 14:15:12,873 | INFO : loss: 0.282832  [25664/50000]
2023-12-20 14:15:46,420 | INFO : loss: 0.488798  [32064/50000]
2023-12-20 14:16:20,511 | INFO : loss: 0.402061  [38464/50000]
2023-12-20 14:16:54,937 | INFO : loss: 0.454307  [44864/50000]
2023-12-20 14:17:59,856 | INFO : Test Error: 
 Accuracy: 82.9%, Avg loss: 0.540060 

2023-12-20 14:17:59,856 | INFO : Epoch 21
-------------------------------
2023-12-20 14:18:00,294 | INFO : loss: 0.363582  [   64/50000]
2023-12-20 14:18:35,251 | INFO : loss: 0.433800  [ 6464/50000]
2023-12-20 14:19:09,738 | INFO : loss: 0.229451  [12864/50000]
2023-12-20 14:19:44,114 | INFO : loss: 0.389681  [19264/50000]
2023-12-20 14:20:16,364 | INFO : loss: 0.278229  [25664/50000]
2023-12-20 14:20:49,463 | INFO : loss: 0.491593  [32064/50000]
2023-12-20 14:21:25,573 | INFO : loss: 0.442059  [38464/50000]
2023-12-20 14:22:00,838 | INFO : loss: 0.221060  [44864/50000]
2023-12-20 14:23:05,743 | INFO : Test Error: 
 Accuracy: 83.1%, Avg loss: 0.568683 

2023-12-20 14:23:05,744 | INFO : Epoch 22
-------------------------------
2023-12-20 14:23:06,284 | INFO : loss: 0.252090  [   64/50000]
2023-12-20 14:23:42,746 | INFO : loss: 0.252429  [ 6464/50000]
2023-12-20 14:24:17,343 | INFO : loss: 0.181319  [12864/50000]
2023-12-20 14:24:52,862 | INFO : loss: 0.629477  [19264/50000]
2023-12-20 14:25:26,871 | INFO : loss: 0.327869  [25664/50000]
2023-12-20 14:26:01,655 | INFO : loss: 0.336666  [32064/50000]
2023-12-20 14:26:35,606 | INFO : loss: 0.440683  [38464/50000]
2023-12-20 14:27:10,382 | INFO : loss: 0.377823  [44864/50000]
2023-12-20 14:28:16,629 | INFO : Test Error: 
 Accuracy: 83.1%, Avg loss: 0.592492 

2023-12-20 14:28:16,630 | INFO : Epoch 23
-------------------------------
2023-12-20 14:28:17,247 | INFO : loss: 0.529052  [   64/50000]
2023-12-20 14:28:50,855 | INFO : loss: 0.181267  [ 6464/50000]
2023-12-20 14:29:24,695 | INFO : loss: 0.214300  [12864/50000]
2023-12-20 14:29:58,325 | INFO : loss: 0.401625  [19264/50000]
2023-12-20 14:30:31,945 | INFO : loss: 0.394550  [25664/50000]
2023-12-20 14:31:06,715 | INFO : loss: 0.303532  [32064/50000]
2023-12-20 14:31:40,712 | INFO : loss: 0.324724  [38464/50000]
2023-12-20 14:32:15,257 | INFO : loss: 0.383711  [44864/50000]
2023-12-20 14:33:21,517 | INFO : Test Error: 
 Accuracy: 82.3%, Avg loss: 0.599141 

2023-12-20 14:33:21,517 | INFO : Epoch 24
-------------------------------
2023-12-20 14:33:22,210 | INFO : loss: 0.435180  [   64/50000]
2023-12-20 14:33:57,130 | INFO : loss: 0.134232  [ 6464/50000]
2023-12-20 14:34:30,190 | INFO : loss: 0.226150  [12864/50000]
2023-12-20 14:35:03,534 | INFO : loss: 0.415951  [19264/50000]
2023-12-20 14:35:37,579 | INFO : loss: 0.191093  [25664/50000]
2023-12-20 14:36:10,088 | INFO : loss: 0.259586  [32064/50000]
2023-12-20 14:36:45,072 | INFO : loss: 0.426833  [38464/50000]
2023-12-20 14:37:18,644 | INFO : loss: 0.346985  [44864/50000]
2023-12-20 14:38:24,217 | INFO : Test Error: 
 Accuracy: 82.1%, Avg loss: 0.596165 

2023-12-20 14:38:24,218 | INFO : Epoch 25
-------------------------------
2023-12-20 14:38:24,777 | INFO : loss: 0.395275  [   64/50000]
2023-12-20 14:38:58,159 | INFO : loss: 0.242418  [ 6464/50000]
2023-12-20 14:39:32,433 | INFO : loss: 0.234752  [12864/50000]
2023-12-20 14:40:06,798 | INFO : loss: 0.349091  [19264/50000]
2023-12-20 14:40:41,312 | INFO : loss: 0.328332  [25664/50000]
2023-12-20 14:41:15,951 | INFO : loss: 0.429992  [32064/50000]
2023-12-20 14:41:51,473 | INFO : loss: 0.271747  [38464/50000]
2023-12-20 14:42:27,144 | INFO : loss: 0.290721  [44864/50000]
2023-12-20 14:43:33,991 | INFO : Test Error: 
 Accuracy: 83.6%, Avg loss: 0.531830 

2023-12-20 14:43:33,993 | INFO : Epoch 26
-------------------------------
2023-12-20 14:43:34,499 | INFO : loss: 0.291521  [   64/50000]
2023-12-20 14:44:08,550 | INFO : loss: 0.297380  [ 6464/50000]
2023-12-20 14:44:43,058 | INFO : loss: 0.308242  [12864/50000]
2023-12-20 14:45:17,574 | INFO : loss: 0.351764  [19264/50000]
2023-12-20 14:45:51,332 | INFO : loss: 0.273629  [25664/50000]
2023-12-20 14:46:26,205 | INFO : loss: 0.521436  [32064/50000]
2023-12-20 14:47:02,669 | INFO : loss: 0.270867  [38464/50000]
2023-12-20 14:47:37,422 | INFO : loss: 0.280905  [44864/50000]
2023-12-20 14:48:43,827 | INFO : Test Error: 
 Accuracy: 84.3%, Avg loss: 0.513511 

2023-12-20 14:48:43,828 | INFO : Epoch 27
-------------------------------
2023-12-20 14:48:44,468 | INFO : loss: 0.505167  [   64/50000]
2023-12-20 14:49:19,026 | INFO : loss: 0.217506  [ 6464/50000]
2023-12-20 14:49:52,507 | INFO : loss: 0.265311  [12864/50000]
2023-12-20 14:50:28,067 | INFO : loss: 0.244224  [19264/50000]
2023-12-20 14:51:03,033 | INFO : loss: 0.394443  [25664/50000]
2023-12-20 14:51:38,241 | INFO : loss: 0.341543  [32064/50000]
2023-12-20 14:52:12,910 | INFO : loss: 0.167436  [38464/50000]
2023-12-20 14:52:47,921 | INFO : loss: 0.406760  [44864/50000]
2023-12-20 14:53:53,960 | INFO : Test Error: 
 Accuracy: 83.3%, Avg loss: 0.546281 

2023-12-20 14:53:53,961 | INFO : Epoch 28
-------------------------------
2023-12-20 14:53:54,559 | INFO : loss: 0.426005  [   64/50000]
2023-12-20 14:54:30,130 | INFO : loss: 0.482899  [ 6464/50000]
2023-12-20 14:55:04,955 | INFO : loss: 0.367814  [12864/50000]
2023-12-20 14:55:40,053 | INFO : loss: 0.348281  [19264/50000]
2023-12-20 14:56:15,416 | INFO : loss: 0.376615  [25664/50000]
2023-12-20 14:56:50,379 | INFO : loss: 0.310912  [32064/50000]
2023-12-20 14:57:23,880 | INFO : loss: 0.377375  [38464/50000]
2023-12-20 14:58:00,804 | INFO : loss: 0.445907  [44864/50000]
2023-12-20 14:59:05,804 | INFO : Test Error: 
 Accuracy: 84.0%, Avg loss: 0.539272 

2023-12-20 14:59:05,806 | INFO : Epoch 29
-------------------------------
2023-12-20 14:59:06,422 | INFO : loss: 0.442209  [   64/50000]
2023-12-20 14:59:40,932 | INFO : loss: 0.323939  [ 6464/50000]
2023-12-20 15:00:15,328 | INFO : loss: 0.228820  [12864/50000]
2023-12-20 15:00:49,055 | INFO : loss: 0.466726  [19264/50000]
2023-12-20 15:01:24,282 | INFO : loss: 0.184655  [25664/50000]
2023-12-20 15:01:57,478 | INFO : loss: 0.474446  [32064/50000]
2023-12-20 15:02:32,418 | INFO : loss: 0.344609  [38464/50000]
2023-12-20 15:03:09,630 | INFO : loss: 0.374367  [44864/50000]
2023-12-20 15:04:14,734 | INFO : Test Error: 
 Accuracy: 84.2%, Avg loss: 0.534183 

2023-12-20 15:04:14,735 | INFO : Epoch 30
-------------------------------
2023-12-20 15:04:15,411 | INFO : loss: 0.294269  [   64/50000]
2023-12-20 15:04:48,766 | INFO : loss: 0.337422  [ 6464/50000]
2023-12-20 15:05:23,619 | INFO : loss: 0.207472  [12864/50000]
2023-12-20 15:05:57,796 | INFO : loss: 0.437165  [19264/50000]
2023-12-20 15:06:31,237 | INFO : loss: 0.305495  [25664/50000]
2023-12-20 15:07:06,676 | INFO : loss: 0.283995  [32064/50000]
2023-12-20 15:07:42,301 | INFO : loss: 0.641551  [38464/50000]
2023-12-20 15:08:20,190 | INFO : loss: 0.428621  [44864/50000]
2023-12-20 15:09:22,405 | INFO : Test Error: 
 Accuracy: 85.0%, Avg loss: 0.527445 

2023-12-20 15:09:22,406 | INFO : Epoch 31
-------------------------------
2023-12-20 15:09:22,898 | INFO : loss: 0.189298  [   64/50000]
2023-12-20 15:09:58,033 | INFO : loss: 0.245050  [ 6464/50000]
2023-12-20 15:10:32,220 | INFO : loss: 0.128059  [12864/50000]
2023-12-20 15:11:06,892 | INFO : loss: 0.258235  [19264/50000]
2023-12-20 15:11:41,483 | INFO : loss: 0.168711  [25664/50000]
2023-12-20 15:12:15,712 | INFO : loss: 0.137193  [32064/50000]
2023-12-20 15:12:50,024 | INFO : loss: 0.165534  [38464/50000]
2023-12-20 15:13:35,531 | INFO : loss: 0.283808  [44864/50000]
2023-12-20 15:14:33,919 | INFO : Test Error: 
 Accuracy: 86.6%, Avg loss: 0.462985 

2023-12-20 15:14:33,920 | INFO : Epoch 32
-------------------------------
2023-12-20 15:14:34,310 | INFO : loss: 0.257179  [   64/50000]
2023-12-20 15:15:08,519 | INFO : loss: 0.264329  [ 6464/50000]
2023-12-20 15:15:44,205 | INFO : loss: 0.300451  [12864/50000]
2023-12-20 15:16:18,025 | INFO : loss: 0.188697  [19264/50000]
2023-12-20 15:16:53,327 | INFO : loss: 0.199909  [25664/50000]
2023-12-20 15:17:28,590 | INFO : loss: 0.292936  [32064/50000]
2023-12-20 15:18:03,660 | INFO : loss: 0.168261  [38464/50000]
2023-12-20 15:18:48,527 | INFO : loss: 0.208871  [44864/50000]
2023-12-20 15:19:43,261 | INFO : Test Error: 
 Accuracy: 86.8%, Avg loss: 0.479360 

2023-12-20 15:19:43,262 | INFO : Epoch 33
-------------------------------
2023-12-20 15:19:43,784 | INFO : loss: 0.205332  [   64/50000]
2023-12-20 15:20:17,906 | INFO : loss: 0.142075  [ 6464/50000]
2023-12-20 15:20:52,869 | INFO : loss: 0.104715  [12864/50000]
2023-12-20 15:21:26,958 | INFO : loss: 0.175086  [19264/50000]
2023-12-20 15:22:01,198 | INFO : loss: 0.093655  [25664/50000]
2023-12-20 15:22:35,714 | INFO : loss: 0.254351  [32064/50000]
2023-12-20 15:23:11,020 | INFO : loss: 0.226027  [38464/50000]
2023-12-20 15:23:55,789 | INFO : loss: 0.114749  [44864/50000]
2023-12-20 15:24:52,589 | INFO : Test Error: 
 Accuracy: 87.3%, Avg loss: 0.451716 

2023-12-20 15:24:52,590 | INFO : Epoch 34
-------------------------------
2023-12-20 15:24:53,124 | INFO : loss: 0.227441  [   64/50000]
2023-12-20 15:25:27,744 | INFO : loss: 0.381165  [ 6464/50000]
2023-12-20 15:26:04,311 | INFO : loss: 0.327140  [12864/50000]
2023-12-20 15:26:39,691 | INFO : loss: 0.252581  [19264/50000]
2023-12-20 15:27:14,619 | INFO : loss: 0.248136  [25664/50000]
2023-12-20 15:27:49,817 | INFO : loss: 0.095768  [32064/50000]
2023-12-20 15:28:23,560 | INFO : loss: 0.292481  [38464/50000]
2023-12-20 15:29:05,329 | INFO : loss: 0.102321  [44864/50000]
2023-12-20 15:29:59,339 | INFO : Test Error: 
 Accuracy: 86.9%, Avg loss: 0.466378 

2023-12-20 15:29:59,340 | INFO : Epoch 35
-------------------------------
2023-12-20 15:29:59,858 | INFO : loss: 0.059656  [   64/50000]
2023-12-20 15:30:33,868 | INFO : loss: 0.242903  [ 6464/50000]
2023-12-20 15:31:08,253 | INFO : loss: 0.204685  [12864/50000]
2023-12-20 15:31:43,123 | INFO : loss: 0.211982  [19264/50000]
2023-12-20 15:32:18,191 | INFO : loss: 0.132916  [25664/50000]
2023-12-20 15:32:52,103 | INFO : loss: 0.199621  [32064/50000]
2023-12-20 15:33:25,680 | INFO : loss: 0.239840  [38464/50000]
2023-12-20 15:34:10,435 | INFO : loss: 0.248252  [44864/50000]
2023-12-20 15:35:05,145 | INFO : Test Error: 
 Accuracy: 87.3%, Avg loss: 0.443676 

2023-12-20 15:35:05,146 | INFO : Epoch 36
-------------------------------
2023-12-20 15:35:05,740 | INFO : loss: 0.279584  [   64/50000]
2023-12-20 15:35:39,095 | INFO : loss: 0.249593  [ 6464/50000]
2023-12-20 15:36:13,721 | INFO : loss: 0.162338  [12864/50000]
2023-12-20 15:36:47,904 | INFO : loss: 0.191078  [19264/50000]
2023-12-20 15:37:22,417 | INFO : loss: 0.228559  [25664/50000]
2023-12-20 15:37:57,509 | INFO : loss: 0.199844  [32064/50000]
2023-12-20 15:38:31,493 | INFO : loss: 0.249152  [38464/50000]
2023-12-20 15:39:16,894 | INFO : loss: 0.161846  [44864/50000]
2023-12-20 15:40:11,279 | INFO : Test Error: 
 Accuracy: 87.7%, Avg loss: 0.463696 

2023-12-20 15:40:11,280 | INFO : Epoch 37
-------------------------------
2023-12-20 15:40:11,832 | INFO : loss: 0.213451  [   64/50000]
2023-12-20 15:40:46,766 | INFO : loss: 0.172616  [ 6464/50000]
2023-12-20 15:41:21,594 | INFO : loss: 0.140792  [12864/50000]
2023-12-20 15:41:55,771 | INFO : loss: 0.216765  [19264/50000]
2023-12-20 15:42:31,058 | INFO : loss: 0.172544  [25664/50000]
2023-12-20 15:43:06,908 | INFO : loss: 0.312460  [32064/50000]
2023-12-20 15:43:40,311 | INFO : loss: 0.188267  [38464/50000]
2023-12-20 15:44:24,559 | INFO : loss: 0.265230  [44864/50000]
2023-12-20 15:45:19,319 | INFO : Test Error: 
 Accuracy: 87.8%, Avg loss: 0.449158 

2023-12-20 15:45:19,320 | INFO : Epoch 38
-------------------------------
2023-12-20 15:45:19,824 | INFO : loss: 0.104743  [   64/50000]
2023-12-20 15:45:52,703 | INFO : loss: 0.172856  [ 6464/50000]
2023-12-20 15:46:29,099 | INFO : loss: 0.123002  [12864/50000]
2023-12-20 15:47:02,793 | INFO : loss: 0.190827  [19264/50000]
2023-12-20 15:47:37,032 | INFO : loss: 0.293669  [25664/50000]
2023-12-20 15:48:10,438 | INFO : loss: 0.221929  [32064/50000]
2023-12-20 15:48:44,612 | INFO : loss: 0.217380  [38464/50000]
2023-12-20 15:49:28,982 | INFO : loss: 0.246840  [44864/50000]
2023-12-20 15:50:23,763 | INFO : Test Error: 
 Accuracy: 87.8%, Avg loss: 0.443844 

2023-12-20 15:50:23,764 | INFO : Epoch 39
-------------------------------
2023-12-20 15:50:24,235 | INFO : loss: 0.078451  [   64/50000]
2023-12-20 15:50:58,069 | INFO : loss: 0.154084  [ 6464/50000]
2023-12-20 15:51:33,168 | INFO : loss: 0.071428  [12864/50000]
2023-12-20 15:52:09,202 | INFO : loss: 0.119945  [19264/50000]
2023-12-20 15:52:45,041 | INFO : loss: 0.137547  [25664/50000]
2023-12-20 15:53:19,167 | INFO : loss: 0.211024  [32064/50000]
2023-12-20 15:53:55,468 | INFO : loss: 0.077707  [38464/50000]
2023-12-20 15:54:39,700 | INFO : loss: 0.161569  [44864/50000]
2023-12-20 15:55:36,082 | INFO : Test Error: 
 Accuracy: 87.7%, Avg loss: 0.455998 

2023-12-20 15:55:36,110 | INFO : Epoch 40
-------------------------------
2023-12-20 15:55:36,719 | INFO : loss: 0.210145  [   64/50000]
2023-12-20 15:56:11,318 | INFO : loss: 0.106750  [ 6464/50000]
2023-12-20 15:56:46,707 | INFO : loss: 0.134791  [12864/50000]
2023-12-20 15:57:20,963 | INFO : loss: 0.156875  [19264/50000]
2023-12-20 15:57:56,114 | INFO : loss: 0.186478  [25664/50000]
2023-12-20 15:58:30,914 | INFO : loss: 0.170524  [32064/50000]
2023-12-20 15:59:05,883 | INFO : loss: 0.145893  [38464/50000]
2023-12-20 15:59:49,269 | INFO : loss: 0.217847  [44864/50000]
2023-12-20 16:00:44,907 | INFO : Test Error: 
 Accuracy: 88.0%, Avg loss: 0.439902 

2023-12-20 16:00:44,908 | INFO : Epoch 41
-------------------------------
2023-12-20 16:00:45,444 | INFO : loss: 0.186912  [   64/50000]
2023-12-20 16:01:19,251 | INFO : loss: 0.078844  [ 6464/50000]
2023-12-20 16:01:53,431 | INFO : loss: 0.141446  [12864/50000]
2023-12-20 16:02:27,025 | INFO : loss: 0.211695  [19264/50000]
2023-12-20 16:03:02,424 | INFO : loss: 0.117248  [25664/50000]
2023-12-20 16:03:37,605 | INFO : loss: 0.116200  [32064/50000]
2023-12-20 16:04:16,178 | INFO : loss: 0.302848  [38464/50000]
2023-12-20 16:04:58,973 | INFO : loss: 0.143217  [44864/50000]
2023-12-20 16:05:54,445 | INFO : Test Error: 
 Accuracy: 87.9%, Avg loss: 0.429011 

2023-12-20 16:05:54,446 | INFO : Epoch 42
-------------------------------
2023-12-20 16:05:55,074 | INFO : loss: 0.148790  [   64/50000]
2023-12-20 16:06:28,983 | INFO : loss: 0.301095  [ 6464/50000]
2023-12-20 16:07:02,196 | INFO : loss: 0.112911  [12864/50000]
2023-12-20 16:07:36,755 | INFO : loss: 0.266182  [19264/50000]
2023-12-20 16:08:10,894 | INFO : loss: 0.173155  [25664/50000]
2023-12-20 16:08:44,639 | INFO : loss: 0.125872  [32064/50000]
2023-12-20 16:09:20,409 | INFO : loss: 0.206600  [38464/50000]
2023-12-20 16:10:03,552 | INFO : loss: 0.167477  [44864/50000]
2023-12-20 16:10:59,306 | INFO : Test Error: 
 Accuracy: 88.1%, Avg loss: 0.437076 

2023-12-20 16:10:59,307 | INFO : Epoch 43
-------------------------------
2023-12-20 16:11:00,033 | INFO : loss: 0.271869  [   64/50000]
2023-12-20 16:11:34,365 | INFO : loss: 0.139027  [ 6464/50000]
2023-12-20 16:12:09,064 | INFO : loss: 0.224514  [12864/50000]
2023-12-20 16:12:44,198 | INFO : loss: 0.250340  [19264/50000]
2023-12-20 16:13:18,167 | INFO : loss: 0.087681  [25664/50000]
2023-12-20 16:13:52,218 | INFO : loss: 0.399213  [32064/50000]
2023-12-20 16:14:27,172 | INFO : loss: 0.113702  [38464/50000]
2023-12-20 16:15:12,025 | INFO : loss: 0.172235  [44864/50000]
2023-12-20 16:16:07,100 | INFO : Test Error: 
 Accuracy: 88.2%, Avg loss: 0.431505 

2023-12-20 16:16:07,101 | INFO : Epoch 44
-------------------------------
2023-12-20 16:16:07,689 | INFO : loss: 0.197344  [   64/50000]
2023-12-20 16:16:41,299 | INFO : loss: 0.256511  [ 6464/50000]
2023-12-20 16:17:15,022 | INFO : loss: 0.071226  [12864/50000]
2023-12-20 16:17:49,754 | INFO : loss: 0.118830  [19264/50000]
2023-12-20 16:18:26,090 | INFO : loss: 0.074518  [25664/50000]
2023-12-20 16:19:00,666 | INFO : loss: 0.112808  [32064/50000]
2023-12-20 16:19:38,230 | INFO : loss: 0.252487  [38464/50000]
2023-12-20 16:20:20,401 | INFO : loss: 0.218270  [44864/50000]
2023-12-20 16:21:17,188 | INFO : Test Error: 
 Accuracy: 88.3%, Avg loss: 0.423190 

2023-12-20 16:21:17,189 | INFO : Epoch 45
-------------------------------
2023-12-20 16:21:17,611 | INFO : loss: 0.221960  [   64/50000]
2023-12-20 16:21:52,055 | INFO : loss: 0.306477  [ 6464/50000]
2023-12-20 16:22:27,027 | INFO : loss: 0.105576  [12864/50000]
2023-12-20 16:23:01,280 | INFO : loss: 0.143206  [19264/50000]
2023-12-20 16:23:35,696 | INFO : loss: 0.261039  [25664/50000]
2023-12-20 16:24:09,701 | INFO : loss: 0.152399  [32064/50000]
2023-12-20 16:24:50,636 | INFO : loss: 0.219771  [38464/50000]
2023-12-20 16:25:27,668 | INFO : loss: 0.105884  [44864/50000]
2023-12-20 16:26:23,019 | INFO : Test Error: 
 Accuracy: 88.5%, Avg loss: 0.437173 

2023-12-20 16:26:23,020 | INFO : Epoch 46
-------------------------------
2023-12-20 16:26:23,685 | INFO : loss: 0.319347  [   64/50000]
2023-12-20 16:26:59,316 | INFO : loss: 0.167884  [ 6464/50000]
2023-12-20 16:27:33,114 | INFO : loss: 0.109480  [12864/50000]
2023-12-20 16:28:07,496 | INFO : loss: 0.200607  [19264/50000]
2023-12-20 16:28:40,236 | INFO : loss: 0.148088  [25664/50000]
2023-12-20 16:29:12,742 | INFO : loss: 0.225627  [32064/50000]
2023-12-20 16:29:50,803 | INFO : loss: 0.085477  [38464/50000]
2023-12-20 16:30:29,560 | INFO : loss: 0.065384  [44864/50000]
2023-12-20 16:31:23,625 | INFO : Test Error: 
 Accuracy: 88.2%, Avg loss: 0.443200 

2023-12-20 16:31:23,627 | INFO : Epoch 47
-------------------------------
2023-12-20 16:31:24,101 | INFO : loss: 0.216347  [   64/50000]
2023-12-20 16:31:57,180 | INFO : loss: 0.177144  [ 6464/50000]
2023-12-20 16:32:30,426 | INFO : loss: 0.248120  [12864/50000]
2023-12-20 16:33:04,246 | INFO : loss: 0.165041  [19264/50000]
2023-12-20 16:33:37,794 | INFO : loss: 0.194627  [25664/50000]
2023-12-20 16:34:11,172 | INFO : loss: 0.265996  [32064/50000]
2023-12-20 16:34:43,922 | INFO : loss: 0.243675  [38464/50000]
2023-12-20 16:35:27,474 | INFO : loss: 0.256285  [44864/50000]
2023-12-20 16:36:21,022 | INFO : Test Error: 
 Accuracy: 88.0%, Avg loss: 0.434803 

2023-12-20 16:36:21,024 | INFO : Epoch 48
-------------------------------
2023-12-20 16:36:21,607 | INFO : loss: 0.215404  [   64/50000]
2023-12-20 16:36:55,605 | INFO : loss: 0.122649  [ 6464/50000]
2023-12-20 16:37:29,614 | INFO : loss: 0.126304  [12864/50000]
2023-12-20 16:38:03,324 | INFO : loss: 0.215545  [19264/50000]
2023-12-20 16:38:36,431 | INFO : loss: 0.251820  [25664/50000]
2023-12-20 16:39:09,777 | INFO : loss: 0.155432  [32064/50000]
2023-12-20 16:39:43,360 | INFO : loss: 0.165424  [38464/50000]
2023-12-20 16:40:26,412 | INFO : loss: 0.054671  [44864/50000]
2023-12-20 16:41:21,786 | INFO : Test Error: 
 Accuracy: 88.0%, Avg loss: 0.430195 

2023-12-20 16:41:21,787 | INFO : Epoch 49
-------------------------------
2023-12-20 16:41:22,341 | INFO : loss: 0.140554  [   64/50000]
2023-12-20 16:41:57,514 | INFO : loss: 0.177140  [ 6464/50000]
2023-12-20 16:42:31,203 | INFO : loss: 0.193347  [12864/50000]
2023-12-20 16:43:03,727 | INFO : loss: 0.128940  [19264/50000]
2023-12-20 16:43:36,908 | INFO : loss: 0.099947  [25664/50000]
2023-12-20 16:44:11,930 | INFO : loss: 0.202165  [32064/50000]
2023-12-20 16:44:44,794 | INFO : loss: 0.076200  [38464/50000]
2023-12-20 16:45:30,334 | INFO : loss: 0.283927  [44864/50000]
2023-12-20 16:46:24,249 | INFO : Test Error: 
 Accuracy: 88.3%, Avg loss: 0.415139 

2023-12-20 16:46:24,250 | INFO : Epoch 50
-------------------------------
2023-12-20 16:46:24,857 | INFO : loss: 0.084522  [   64/50000]
2023-12-20 16:46:58,220 | INFO : loss: 0.165922  [ 6464/50000]
2023-12-20 16:47:31,284 | INFO : loss: 0.250171  [12864/50000]
2023-12-20 16:48:04,207 | INFO : loss: 0.270504  [19264/50000]
2023-12-20 16:48:34,140 | INFO : loss: 0.147615  [25664/50000]
2023-12-20 16:48:51,932 | INFO : loss: 0.165868  [32064/50000]
2023-12-20 16:49:08,108 | INFO : loss: 0.208772  [38464/50000]
2023-12-20 16:49:24,397 | INFO : loss: 0.178953  [44864/50000]
2023-12-20 16:49:56,412 | INFO : Test Error: 
 Accuracy: 88.0%, Avg loss: 0.426791 

2023-12-20 16:49:56,413 | INFO : Epoch 51
-------------------------------
2023-12-20 16:49:56,679 | INFO : loss: 0.032041  [   64/50000]
2023-12-20 16:50:13,992 | INFO : loss: 0.299861  [ 6464/50000]
2023-12-20 16:50:30,253 | INFO : loss: 0.069950  [12864/50000]
2023-12-20 16:50:46,597 | INFO : loss: 0.174582  [19264/50000]
2023-12-20 16:51:04,934 | INFO : loss: 0.055753  [25664/50000]
2023-12-20 16:51:22,226 | INFO : loss: 0.251462  [32064/50000]
2023-12-20 16:51:39,588 | INFO : loss: 0.182100  [38464/50000]
2023-12-20 16:51:55,702 | INFO : loss: 0.196172  [44864/50000]
2023-12-20 16:52:27,915 | INFO : Test Error: 
 Accuracy: 88.5%, Avg loss: 0.425123 

2023-12-20 16:52:27,915 | INFO : Epoch 52
-------------------------------
2023-12-20 16:52:28,195 | INFO : loss: 0.139576  [   64/50000]
2023-12-20 16:52:44,726 | INFO : loss: 0.310031  [ 6464/50000]
2023-12-20 16:53:02,023 | INFO : loss: 0.065133  [12864/50000]
2023-12-20 16:53:18,586 | INFO : loss: 0.221594  [19264/50000]
2023-12-20 16:53:35,553 | INFO : loss: 0.057276  [25664/50000]
2023-12-20 16:53:52,393 | INFO : loss: 0.206567  [32064/50000]
2023-12-20 16:54:09,257 | INFO : loss: 0.076659  [38464/50000]
2023-12-20 16:54:27,278 | INFO : loss: 0.236321  [44864/50000]
2023-12-20 16:55:00,575 | INFO : Test Error: 
 Accuracy: 88.3%, Avg loss: 0.421025 

2023-12-20 16:55:00,576 | INFO : Epoch 53
-------------------------------
2023-12-20 16:55:00,845 | INFO : loss: 0.044707  [   64/50000]
2023-12-20 16:55:36,415 | INFO : loss: 0.065712  [ 6464/50000]
2023-12-20 16:56:12,985 | INFO : loss: 0.088164  [12864/50000]
2023-12-20 16:56:50,861 | INFO : loss: 0.297992  [19264/50000]
2023-12-20 16:57:28,201 | INFO : loss: 0.216618  [25664/50000]
2023-12-20 16:58:08,045 | INFO : loss: 0.147979  [32064/50000]
2023-12-20 16:58:48,830 | INFO : loss: 0.032738  [38464/50000]
2023-12-20 17:00:33,347 | INFO : loss: 0.260479  [44864/50000]
2023-12-20 17:05:42,555 | INFO : Test Error: 
 Accuracy: 88.4%, Avg loss: 0.414910 

2023-12-20 17:05:42,578 | INFO : Epoch 54
-------------------------------
2023-12-20 17:05:44,216 | INFO : loss: 0.287477  [   64/50000]
2023-12-20 17:08:44,056 | INFO : loss: 0.202961  [ 6464/50000]
2023-12-20 17:11:58,247 | INFO : loss: 0.166280  [12864/50000]
2023-12-20 17:15:06,531 | INFO : loss: 0.395521  [19264/50000]
2023-12-20 17:18:15,171 | INFO : loss: 0.145620  [25664/50000]
2023-12-20 17:21:29,959 | INFO : loss: 0.126484  [32064/50000]
2023-12-20 17:24:39,354 | INFO : loss: 0.235598  [38464/50000]
2023-12-20 17:27:47,739 | INFO : loss: 0.147027  [44864/50000]
2023-12-20 17:32:26,995 | INFO : Test Error: 
 Accuracy: 88.6%, Avg loss: 0.414012 

2023-12-20 17:32:27,021 | INFO : Epoch 55
-------------------------------
2023-12-20 17:32:29,499 | INFO : loss: 0.086478  [   64/50000]
2023-12-20 17:35:33,196 | INFO : loss: 0.119450  [ 6464/50000]
2023-12-20 17:38:39,247 | INFO : loss: 0.077603  [12864/50000]
2023-12-20 17:41:33,316 | INFO : loss: 0.194517  [19264/50000]
2023-12-20 17:44:45,059 | INFO : loss: 0.155327  [25664/50000]
2023-12-20 17:49:04,553 | INFO : loss: 0.177152  [32064/50000]
2023-12-20 17:53:24,532 | INFO : loss: 0.110821  [38464/50000]
2023-12-20 17:56:48,318 | INFO : loss: 0.213732  [44864/50000]
2023-12-20 18:01:06,494 | INFO : Test Error: 
 Accuracy: 88.5%, Avg loss: 0.415336 

2023-12-20 18:01:06,495 | INFO : Epoch 56
-------------------------------
2023-12-20 18:01:08,964 | INFO : loss: 0.097922  [   64/50000]
2023-12-20 18:04:08,261 | INFO : loss: 0.179259  [ 6464/50000]
2023-12-20 18:07:08,567 | INFO : loss: 0.107294  [12864/50000]
2023-12-20 18:10:03,704 | INFO : loss: 0.095962  [19264/50000]
2023-12-20 18:13:02,483 | INFO : loss: 0.085378  [25664/50000]
2023-12-20 18:15:57,787 | INFO : loss: 0.304130  [32064/50000]
2023-12-20 18:18:52,638 | INFO : loss: 0.271680  [38464/50000]
2023-12-20 18:21:55,155 | INFO : loss: 0.091782  [44864/50000]
2023-12-20 18:26:15,025 | INFO : Test Error: 
 Accuracy: 88.3%, Avg loss: 0.418195 

2023-12-20 18:26:15,029 | INFO : Epoch 57
-------------------------------
2023-12-20 18:26:17,213 | INFO : loss: 0.154264  [   64/50000]
2023-12-20 18:29:18,884 | INFO : loss: 0.133326  [ 6464/50000]
2023-12-20 18:32:09,678 | INFO : loss: 0.082881  [12864/50000]
2023-12-20 18:35:11,638 | INFO : loss: 0.148681  [19264/50000]
2023-12-20 18:38:28,554 | INFO : loss: 0.215412  [25664/50000]
2023-12-20 18:42:32,309 | INFO : loss: 0.215821  [32064/50000]
2023-12-20 18:46:10,101 | INFO : loss: 0.196705  [38464/50000]
2023-12-20 18:49:20,093 | INFO : loss: 0.220405  [44864/50000]
2023-12-20 18:53:40,662 | INFO : Test Error: 
 Accuracy: 88.1%, Avg loss: 0.422549 

2023-12-20 18:53:40,679 | INFO : Epoch 58
-------------------------------
2023-12-20 18:53:42,282 | INFO : loss: 0.335467  [   64/50000]
2023-12-20 18:57:04,061 | INFO : loss: 0.147600  [ 6464/50000]
2023-12-20 19:00:02,966 | INFO : loss: 0.123961  [12864/50000]
2023-12-20 19:02:51,867 | INFO : loss: 0.227346  [19264/50000]
2023-12-20 19:05:37,261 | INFO : loss: 0.238565  [25664/50000]
2023-12-20 19:08:36,852 | INFO : loss: 0.162319  [32064/50000]
2023-12-20 19:11:28,490 | INFO : loss: 0.090979  [38464/50000]
2023-12-20 19:14:11,772 | INFO : loss: 0.157501  [44864/50000]
2023-12-20 19:18:27,582 | INFO : Test Error: 
 Accuracy: 88.7%, Avg loss: 0.416901 

2023-12-20 19:18:27,584 | INFO : Epoch 59
-------------------------------
2023-12-20 19:18:29,964 | INFO : loss: 0.168083  [   64/50000]
2023-12-20 19:21:24,066 | INFO : loss: 0.050208  [ 6464/50000]
2023-12-20 19:24:42,532 | INFO : loss: 0.078430  [12864/50000]
2023-12-20 19:27:37,575 | INFO : loss: 0.350895  [19264/50000]
2023-12-20 19:30:31,730 | INFO : loss: 0.081180  [25664/50000]
2023-12-20 19:33:28,004 | INFO : loss: 0.107156  [32064/50000]
2023-12-20 19:36:19,003 | INFO : loss: 0.185686  [38464/50000]
2023-12-20 19:39:09,807 | INFO : loss: 0.092148  [44864/50000]
2023-12-20 19:43:16,778 | INFO : Test Error: 
 Accuracy: 88.6%, Avg loss: 0.419395 

2023-12-20 19:43:16,780 | INFO : Epoch 60
-------------------------------
2023-12-20 19:43:19,418 | INFO : loss: 0.100551  [   64/50000]
2023-12-20 19:46:15,537 | INFO : loss: 0.080202  [ 6464/50000]
2023-12-20 19:49:10,481 | INFO : loss: 0.181360  [12864/50000]
2023-12-20 19:52:01,093 | INFO : loss: 0.132343  [19264/50000]
2023-12-20 19:54:52,991 | INFO : loss: 0.113971  [25664/50000]
2023-12-20 19:57:34,589 | INFO : loss: 0.165735  [32064/50000]
2023-12-20 20:00:22,565 | INFO : loss: 0.151060  [38464/50000]
2023-12-20 20:03:13,701 | INFO : loss: 0.208603  [44864/50000]
2023-12-20 20:07:13,703 | INFO : Test Error: 
 Accuracy: 88.2%, Avg loss: 0.416258 

2023-12-20 20:07:13,704 | INFO : Epoch 61
-------------------------------
2023-12-20 20:07:15,010 | INFO : loss: 0.179811  [   64/50000]
2023-12-20 20:10:05,783 | INFO : loss: 0.088445  [ 6464/50000]
2023-12-20 20:12:51,458 | INFO : loss: 0.196219  [12864/50000]
2023-12-20 20:15:38,540 | INFO : loss: 0.334589  [19264/50000]
2023-12-20 20:18:14,904 | INFO : loss: 0.172917  [25664/50000]
2023-12-20 20:20:55,615 | INFO : loss: 0.262409  [32064/50000]
2023-12-20 20:23:30,135 | INFO : loss: 0.168101  [38464/50000]
2023-12-20 20:26:14,171 | INFO : loss: 0.151490  [44864/50000]
2023-12-20 20:29:54,509 | INFO : Test Error: 
 Accuracy: 88.4%, Avg loss: 0.406871 

2023-12-20 20:29:54,511 | INFO : Epoch 62
-------------------------------
2023-12-20 20:29:56,096 | INFO : loss: 0.100340  [   64/50000]
2023-12-20 20:32:32,058 | INFO : loss: 0.168893  [ 6464/50000]
2023-12-20 20:35:06,668 | INFO : loss: 0.036616  [12864/50000]
2023-12-20 20:37:42,995 | INFO : loss: 0.206678  [19264/50000]
2023-12-20 20:40:04,436 | INFO : loss: 0.162365  [25664/50000]
2023-12-20 20:42:35,541 | INFO : loss: 0.421398  [32064/50000]
2023-12-20 20:45:10,960 | INFO : loss: 0.083041  [38464/50000]
2023-12-20 20:47:46,491 | INFO : loss: 0.102335  [44864/50000]
2023-12-20 20:51:20,840 | INFO : Test Error: 
 Accuracy: 88.6%, Avg loss: 0.397607 

2023-12-20 20:51:20,842 | INFO : Epoch 63
-------------------------------
2023-12-20 20:51:21,351 | INFO : loss: 0.171508  [   64/50000]
2023-12-20 20:53:50,478 | INFO : loss: 0.177878  [ 6464/50000]
2023-12-20 20:56:24,748 | INFO : loss: 0.256173  [12864/50000]
2023-12-20 20:58:51,859 | INFO : loss: 0.042912  [19264/50000]
2023-12-20 21:01:16,481 | INFO : loss: 0.127424  [25664/50000]
2023-12-20 21:03:51,032 | INFO : loss: 0.301759  [32064/50000]
2023-12-20 21:06:10,812 | INFO : loss: 0.207041  [38464/50000]
2023-12-20 21:08:42,006 | INFO : loss: 0.100659  [44864/50000]
2023-12-20 21:12:15,079 | INFO : Test Error: 
 Accuracy: 88.8%, Avg loss: 0.420779 

2023-12-20 21:12:15,096 | INFO : Epoch 64
-------------------------------
2023-12-20 21:12:17,065 | INFO : loss: 0.282906  [   64/50000]
2023-12-20 21:14:42,226 | INFO : loss: 0.034599  [ 6464/50000]
2023-12-20 21:17:08,649 | INFO : loss: 0.041777  [12864/50000]
2023-12-20 21:19:24,032 | INFO : loss: 0.073795  [19264/50000]
2023-12-20 21:21:45,758 | INFO : loss: 0.087301  [25664/50000]
2023-12-20 21:24:07,863 | INFO : loss: 0.106111  [32064/50000]
2023-12-20 21:26:35,896 | INFO : loss: 0.201748  [38464/50000]
2023-12-20 21:29:01,992 | INFO : loss: 0.274247  [44864/50000]
2023-12-20 21:32:22,509 | INFO : Test Error: 
 Accuracy: 88.6%, Avg loss: 0.409601 

2023-12-20 21:32:22,511 | INFO : Epoch 65
-------------------------------
2023-12-20 21:32:23,561 | INFO : loss: 0.167990  [   64/50000]
2023-12-20 21:34:47,955 | INFO : loss: 0.225534  [ 6464/50000]
2023-12-20 21:37:05,937 | INFO : loss: 0.058309  [12864/50000]
2023-12-20 21:39:28,977 | INFO : loss: 0.213006  [19264/50000]
2023-12-20 21:41:55,636 | INFO : loss: 0.195033  [25664/50000]
2023-12-20 21:44:19,285 | INFO : loss: 0.163128  [32064/50000]
2023-12-20 21:46:44,380 | INFO : loss: 0.147671  [38464/50000]
2023-12-20 21:49:10,032 | INFO : loss: 0.189086  [44864/50000]
2023-12-20 21:52:38,430 | INFO : Test Error: 
 Accuracy: 89.0%, Avg loss: 0.394983 

2023-12-20 21:52:38,450 | INFO : Epoch 66
-------------------------------
2023-12-20 21:52:40,114 | INFO : loss: 0.162083  [   64/50000]
2023-12-20 21:55:06,298 | INFO : loss: 0.152115  [ 6464/50000]
2023-12-20 21:57:28,356 | INFO : loss: 0.125010  [12864/50000]
2023-12-20 21:59:50,783 | INFO : loss: 0.087138  [19264/50000]
2023-12-20 22:02:13,403 | INFO : loss: 0.139936  [25664/50000]
2023-12-20 22:04:30,103 | INFO : loss: 0.073167  [32064/50000]
2023-12-20 22:06:45,933 | INFO : loss: 0.413630  [38464/50000]
2023-12-20 22:09:16,098 | INFO : loss: 0.157241  [44864/50000]
2023-12-20 22:12:46,386 | INFO : Test Error: 
 Accuracy: 88.4%, Avg loss: 0.413407 

2023-12-20 22:12:46,390 | INFO : Epoch 67
-------------------------------
2023-12-20 22:12:47,215 | INFO : loss: 0.120780  [   64/50000]
2023-12-20 22:15:17,251 | INFO : loss: 0.042392  [ 6464/50000]
2023-12-20 22:17:43,497 | INFO : loss: 0.188231  [12864/50000]
2023-12-20 22:20:07,781 | INFO : loss: 0.208287  [19264/50000]
2023-12-20 22:22:37,971 | INFO : loss: 0.127836  [25664/50000]
2023-12-20 22:25:06,683 | INFO : loss: 0.268508  [32064/50000]
2023-12-20 22:27:30,026 | INFO : loss: 0.106454  [38464/50000]
2023-12-20 22:29:52,263 | INFO : loss: 0.156229  [44864/50000]
2023-12-20 22:33:02,352 | INFO : Test Error: 
 Accuracy: 88.7%, Avg loss: 0.411299 

2023-12-20 22:33:02,363 | INFO : Epoch 68
-------------------------------
2023-12-20 22:33:03,245 | INFO : loss: 0.060718  [   64/50000]
2023-12-20 22:35:19,511 | INFO : loss: 0.167003  [ 6464/50000]
2023-12-20 22:37:36,249 | INFO : loss: 0.126144  [12864/50000]
2023-12-20 22:39:41,873 | INFO : loss: 0.242990  [19264/50000]
2023-12-20 22:41:53,268 | INFO : loss: 0.125515  [25664/50000]
2023-12-20 22:44:00,879 | INFO : loss: 0.138719  [32064/50000]
2023-12-20 22:46:14,240 | INFO : loss: 0.196184  [38464/50000]
2023-12-20 22:48:31,543 | INFO : loss: 0.142286  [44864/50000]
2023-12-20 22:51:45,775 | INFO : Test Error: 
 Accuracy: 89.0%, Avg loss: 0.403676 

2023-12-20 22:51:45,806 | INFO : Epoch 69
-------------------------------
2023-12-20 22:51:47,473 | INFO : loss: 0.121588  [   64/50000]
2023-12-20 22:54:06,751 | INFO : loss: 0.068474  [ 6464/50000]
2023-12-20 22:56:13,458 | INFO : loss: 0.214139  [12864/50000]
2023-12-20 22:58:29,874 | INFO : loss: 0.091652  [19264/50000]
2023-12-20 23:00:35,372 | INFO : loss: 0.284822  [25664/50000]
2023-12-20 23:02:49,587 | INFO : loss: 0.210922  [32064/50000]
2023-12-20 23:04:56,969 | INFO : loss: 0.093831  [38464/50000]
2023-12-20 23:07:02,257 | INFO : loss: 0.245127  [44864/50000]
2023-12-20 23:10:16,488 | INFO : Test Error: 
 Accuracy: 88.8%, Avg loss: 0.409193 

2023-12-20 23:10:16,510 | INFO : Epoch 70
-------------------------------
2023-12-20 23:10:17,712 | INFO : loss: 0.228302  [   64/50000]
2023-12-20 23:12:31,818 | INFO : loss: 0.171478  [ 6464/50000]
2023-12-20 23:14:38,891 | INFO : loss: 0.142778  [12864/50000]
2023-12-20 23:16:52,942 | INFO : loss: 0.086329  [19264/50000]
2023-12-20 23:19:05,983 | INFO : loss: 0.164130  [25664/50000]
2023-12-20 23:21:18,643 | INFO : loss: 0.192105  [32064/50000]
2023-12-20 23:23:40,064 | INFO : loss: 0.111080  [38464/50000]
2023-12-20 23:25:57,242 | INFO : loss: 0.159142  [44864/50000]
2023-12-20 23:29:19,723 | INFO : Test Error: 
 Accuracy: 88.9%, Avg loss: 0.399689 

2023-12-20 23:29:19,725 | INFO : Epoch 71
-------------------------------
2023-12-20 23:29:22,099 | INFO : loss: 0.116948  [   64/50000]
2023-12-20 23:31:30,562 | INFO : loss: 0.158925  [ 6464/50000]
2023-12-20 23:33:33,236 | INFO : loss: 0.101523  [12864/50000]
2023-12-20 23:35:47,558 | INFO : loss: 0.108191  [19264/50000]
2023-12-20 23:37:55,604 | INFO : loss: 0.187794  [25664/50000]
2023-12-20 23:40:04,066 | INFO : loss: 0.045466  [32064/50000]
2023-12-20 23:42:21,760 | INFO : loss: 0.199757  [38464/50000]
2023-12-20 23:44:36,757 | INFO : loss: 0.141217  [44864/50000]
2023-12-20 23:47:47,461 | INFO : Test Error: 
 Accuracy: 88.8%, Avg loss: 0.401438 

2023-12-20 23:47:47,472 | INFO : Epoch 72
-------------------------------
2023-12-20 23:47:48,418 | INFO : loss: 0.114201  [   64/50000]
2023-12-20 23:49:59,557 | INFO : loss: 0.095001  [ 6464/50000]
2023-12-20 23:52:10,748 | INFO : loss: 0.116029  [12864/50000]
2023-12-20 23:54:22,944 | INFO : loss: 0.036410  [19264/50000]
2023-12-20 23:56:38,263 | INFO : loss: 0.109335  [25664/50000]
2023-12-20 23:58:53,718 | INFO : loss: 0.116634  [32064/50000]
2023-12-21 00:01:07,037 | INFO : loss: 0.191731  [38464/50000]
2023-12-21 00:03:15,940 | INFO : loss: 0.048072  [44864/50000]
2023-12-21 00:06:28,633 | INFO : Test Error: 
 Accuracy: 89.0%, Avg loss: 0.395088 

2023-12-21 00:06:28,636 | INFO : Epoch 73
-------------------------------
2023-12-21 00:06:29,980 | INFO : loss: 0.139356  [   64/50000]
2023-12-21 00:08:43,074 | INFO : loss: 0.080462  [ 6464/50000]
2023-12-21 00:10:55,495 | INFO : loss: 0.184259  [12864/50000]
2023-12-21 00:13:08,499 | INFO : loss: 0.072990  [19264/50000]
2023-12-21 00:15:16,655 | INFO : loss: 0.081942  [25664/50000]
2023-12-21 00:17:25,200 | INFO : loss: 0.127196  [32064/50000]
2023-12-21 00:19:23,299 | INFO : loss: 0.272334  [38464/50000]
2023-12-21 00:21:31,209 | INFO : loss: 0.237176  [44864/50000]
2023-12-21 00:24:32,920 | INFO : Test Error: 
 Accuracy: 88.8%, Avg loss: 0.405381 

2023-12-21 00:24:32,921 | INFO : Epoch 74
-------------------------------
2023-12-21 00:24:34,815 | INFO : loss: 0.179133  [   64/50000]
2023-12-21 00:26:37,876 | INFO : loss: 0.213426  [ 6464/50000]
2023-12-21 00:28:39,995 | INFO : loss: 0.107824  [12864/50000]
2023-12-21 00:30:43,681 | INFO : loss: 0.217523  [19264/50000]
2023-12-21 00:32:53,458 | INFO : loss: 0.088577  [25664/50000]
2023-12-21 00:34:56,420 | INFO : loss: 0.140761  [32064/50000]
2023-12-21 00:36:59,239 | INFO : loss: 0.249197  [38464/50000]
2023-12-21 00:38:59,506 | INFO : loss: 0.261736  [44864/50000]
2023-12-21 00:42:00,355 | INFO : Test Error: 
 Accuracy: 88.9%, Avg loss: 0.402954 

2023-12-21 00:42:00,358 | INFO : Epoch 75
-------------------------------
2023-12-21 00:42:01,796 | INFO : loss: 0.196561  [   64/50000]
2023-12-21 00:44:08,838 | INFO : loss: 0.020474  [ 6464/50000]
2023-12-21 00:46:12,379 | INFO : loss: 0.128320  [12864/50000]
2023-12-21 00:48:14,860 | INFO : loss: 0.421888  [19264/50000]
2023-12-21 00:50:14,534 | INFO : loss: 0.169843  [25664/50000]
2023-12-21 00:52:15,710 | INFO : loss: 0.182758  [32064/50000]
2023-12-21 00:54:22,782 | INFO : loss: 0.102644  [38464/50000]
2023-12-21 00:56:19,044 | INFO : loss: 0.036271  [44864/50000]
2023-12-21 00:59:19,168 | INFO : Test Error: 
 Accuracy: 89.1%, Avg loss: 0.393618 

2023-12-21 00:59:19,189 | INFO : Epoch 76
-------------------------------
2023-12-21 00:59:20,483 | INFO : loss: 0.158214  [   64/50000]
2023-12-21 01:01:23,298 | INFO : loss: 0.100525  [ 6464/50000]
2023-12-21 01:03:27,336 | INFO : loss: 0.043261  [12864/50000]
2023-12-21 01:05:33,421 | INFO : loss: 0.198034  [19264/50000]
2023-12-21 01:07:33,832 | INFO : loss: 0.079016  [25664/50000]
2023-12-21 01:09:47,617 | INFO : loss: 0.217294  [32064/50000]
2023-12-21 01:11:55,359 | INFO : loss: 0.190738  [38464/50000]
2023-12-21 01:13:59,089 | INFO : loss: 0.119832  [44864/50000]
2023-12-21 01:16:52,572 | INFO : Test Error: 
 Accuracy: 89.1%, Avg loss: 0.392931 

2023-12-21 01:16:52,574 | INFO : Epoch 77
-------------------------------
2023-12-21 01:16:54,052 | INFO : loss: 0.200151  [   64/50000]
2023-12-21 01:18:55,647 | INFO : loss: 0.212037  [ 6464/50000]
2023-12-21 01:20:58,246 | INFO : loss: 0.189278  [12864/50000]
2023-12-21 01:23:00,927 | INFO : loss: 0.138645  [19264/50000]
2023-12-21 01:25:04,409 | INFO : loss: 0.105262  [25664/50000]
2023-12-21 01:27:03,327 | INFO : loss: 0.123445  [32064/50000]
2023-12-21 01:29:03,027 | INFO : loss: 0.188893  [38464/50000]
2023-12-21 01:30:58,420 | INFO : loss: 0.096973  [44864/50000]
2023-12-21 01:33:56,873 | INFO : Test Error: 
 Accuracy: 88.8%, Avg loss: 0.413554 

2023-12-21 01:33:56,899 | INFO : Epoch 78
-------------------------------
2023-12-21 01:33:58,650 | INFO : loss: 0.155984  [   64/50000]
2023-12-21 01:36:01,446 | INFO : loss: 0.131420  [ 6464/50000]
2023-12-21 01:38:07,241 | INFO : loss: 0.173740  [12864/50000]
2023-12-21 01:40:13,362 | INFO : loss: 0.181818  [19264/50000]
2023-12-21 01:42:17,548 | INFO : loss: 0.117138  [25664/50000]
2023-12-21 01:44:21,424 | INFO : loss: 0.075963  [32064/50000]
2023-12-21 01:46:21,345 | INFO : loss: 0.194985  [38464/50000]
2023-12-21 01:48:25,585 | INFO : loss: 0.089770  [44864/50000]
2023-12-21 01:51:18,765 | INFO : Test Error: 
 Accuracy: 89.1%, Avg loss: 0.399256 

2023-12-21 01:51:18,766 | INFO : Epoch 79
-------------------------------
2023-12-21 01:51:19,675 | INFO : loss: 0.062843  [   64/50000]
2023-12-21 01:53:25,640 | INFO : loss: 0.079019  [ 6464/50000]
2023-12-21 01:55:18,586 | INFO : loss: 0.172689  [12864/50000]
2023-12-21 01:57:19,407 | INFO : loss: 0.132566  [19264/50000]
2023-12-21 01:59:19,695 | INFO : loss: 0.277986  [25664/50000]
2023-12-21 02:01:28,233 | INFO : loss: 0.155473  [32064/50000]
2023-12-21 02:03:29,373 | INFO : loss: 0.123220  [38464/50000]
2023-12-21 02:05:33,820 | INFO : loss: 0.189604  [44864/50000]
2023-12-21 02:08:36,109 | INFO : Test Error: 
 Accuracy: 89.0%, Avg loss: 0.391845 

2023-12-21 02:08:36,113 | INFO : Epoch 80
-------------------------------
2023-12-21 02:08:37,663 | INFO : loss: 0.117620  [   64/50000]
2023-12-21 02:10:39,605 | INFO : loss: 0.166390  [ 6464/50000]
2023-12-21 02:12:42,677 | INFO : loss: 0.104567  [12864/50000]
2023-12-21 02:14:43,912 | INFO : loss: 0.100444  [19264/50000]
2023-12-21 02:16:42,621 | INFO : loss: 0.081028  [25664/50000]
2023-12-21 02:18:43,419 | INFO : loss: 0.150075  [32064/50000]
2023-12-21 02:20:42,980 | INFO : loss: 0.176658  [38464/50000]
2023-12-21 02:22:38,745 | INFO : loss: 0.142686  [44864/50000]
2023-12-21 02:25:28,255 | INFO : Test Error: 
 Accuracy: 89.1%, Avg loss: 0.398251 

2023-12-21 02:25:28,270 | INFO : Epoch 81
-------------------------------
2023-12-21 02:25:30,362 | INFO : loss: 0.082091  [   64/50000]
2023-12-21 02:27:29,483 | INFO : loss: 0.069057  [ 6464/50000]
2023-12-21 02:29:33,833 | INFO : loss: 0.072280  [12864/50000]
2023-12-21 02:31:38,237 | INFO : loss: 0.138133  [19264/50000]
2023-12-21 02:33:36,606 | INFO : loss: 0.116415  [25664/50000]
2023-12-21 02:35:42,363 | INFO : loss: 0.200276  [32064/50000]
2023-12-21 02:37:50,132 | INFO : loss: 0.102040  [38464/50000]
2023-12-21 02:39:51,008 | INFO : loss: 0.152431  [44864/50000]
2023-12-21 02:42:49,476 | INFO : Test Error: 
 Accuracy: 89.0%, Avg loss: 0.399298 

2023-12-21 02:42:49,506 | INFO : Epoch 82
-------------------------------
2023-12-21 02:42:51,110 | INFO : loss: 0.225771  [   64/50000]
2023-12-21 02:44:50,213 | INFO : loss: 0.176827  [ 6464/50000]
2023-12-21 02:46:50,700 | INFO : loss: 0.033835  [12864/50000]
2023-12-21 02:48:47,243 | INFO : loss: 0.138763  [19264/50000]
2023-12-21 02:50:50,181 | INFO : loss: 0.188938  [25664/50000]
2023-12-21 02:52:47,083 | INFO : loss: 0.046721  [32064/50000]
2023-12-21 02:54:45,525 | INFO : loss: 0.044191  [38464/50000]
2023-12-21 02:56:45,786 | INFO : loss: 0.387330  [44864/50000]
2023-12-21 02:59:48,221 | INFO : Test Error: 
 Accuracy: 88.8%, Avg loss: 0.399325 

2023-12-21 02:59:48,230 | INFO : Epoch 83
-------------------------------
2023-12-21 02:59:49,581 | INFO : loss: 0.053544  [   64/50000]
2023-12-21 03:01:44,464 | INFO : loss: 0.161137  [ 6464/50000]
2023-12-21 03:03:56,294 | INFO : loss: 0.151426  [12864/50000]
2023-12-21 03:05:57,349 | INFO : loss: 0.205709  [19264/50000]
2023-12-21 03:08:03,376 | INFO : loss: 0.092999  [25664/50000]
2023-12-21 03:10:07,647 | INFO : loss: 0.199279  [32064/50000]
2023-12-21 03:12:06,344 | INFO : loss: 0.148683  [38464/50000]
2023-12-21 03:14:03,150 | INFO : loss: 0.229706  [44864/50000]
2023-12-21 03:17:06,595 | INFO : Test Error: 
 Accuracy: 88.8%, Avg loss: 0.401703 

2023-12-21 03:17:06,622 | INFO : Epoch 84
-------------------------------
2023-12-21 03:17:08,475 | INFO : loss: 0.140951  [   64/50000]
2023-12-21 03:19:12,240 | INFO : loss: 0.077684  [ 6464/50000]
2023-12-21 03:21:17,698 | INFO : loss: 0.168540  [12864/50000]
2023-12-21 03:23:22,320 | INFO : loss: 0.124500  [19264/50000]
2023-12-21 03:25:19,106 | INFO : loss: 0.085675  [25664/50000]
2023-12-21 03:27:20,091 | INFO : loss: 0.179290  [32064/50000]
2023-12-21 03:29:22,692 | INFO : loss: 0.188382  [38464/50000]
2023-12-21 03:31:20,550 | INFO : loss: 0.266043  [44864/50000]
2023-12-21 03:34:18,201 | INFO : Test Error: 
 Accuracy: 89.1%, Avg loss: 0.402004 

2023-12-21 03:34:18,219 | INFO : Epoch 85
-------------------------------
2023-12-21 03:34:19,583 | INFO : loss: 0.253528  [   64/50000]
2023-12-21 03:36:20,171 | INFO : loss: 0.154108  [ 6464/50000]
2023-12-21 03:38:22,268 | INFO : loss: 0.093624  [12864/50000]
2023-12-21 03:40:23,580 | INFO : loss: 0.221999  [19264/50000]
2023-12-21 03:42:23,928 | INFO : loss: 0.163510  [25664/50000]
2023-12-21 03:44:25,286 | INFO : loss: 0.166463  [32064/50000]
2023-12-21 03:46:26,937 | INFO : loss: 0.025456  [38464/50000]
2023-12-21 03:48:27,036 | INFO : loss: 0.089586  [44864/50000]
2023-12-21 03:51:20,887 | INFO : Test Error: 
 Accuracy: 89.1%, Avg loss: 0.400633 

2023-12-21 03:51:20,890 | INFO : Epoch 86
-------------------------------
2023-12-21 03:51:21,877 | INFO : loss: 0.161445  [   64/50000]
2023-12-21 03:53:22,651 | INFO : loss: 0.289206  [ 6464/50000]
2023-12-21 03:55:29,769 | INFO : loss: 0.154903  [12864/50000]
2023-12-21 03:57:25,211 | INFO : loss: 0.065408  [19264/50000]
2023-12-21 03:59:16,249 | INFO : loss: 0.279914  [25664/50000]
2023-12-21 04:01:18,483 | INFO : loss: 0.068110  [32064/50000]
2023-12-21 04:03:22,867 | INFO : loss: 0.287242  [38464/50000]
2023-12-21 04:05:22,737 | INFO : loss: 0.189752  [44864/50000]
2023-12-21 04:08:15,447 | INFO : Test Error: 
 Accuracy: 89.0%, Avg loss: 0.399252 

2023-12-21 04:08:15,477 | INFO : Epoch 87
-------------------------------
2023-12-21 04:08:17,296 | INFO : loss: 0.210650  [   64/50000]
2023-12-21 04:10:19,278 | INFO : loss: 0.123857  [ 6464/50000]
2023-12-21 04:12:12,541 | INFO : loss: 0.162459  [12864/50000]
2023-12-21 04:14:09,066 | INFO : loss: 0.084533  [19264/50000]
2023-12-21 04:16:08,275 | INFO : loss: 0.126638  [25664/50000]
2023-12-21 04:18:18,427 | INFO : loss: 0.321474  [32064/50000]
2023-12-21 04:20:14,942 | INFO : loss: 0.169892  [38464/50000]
2023-12-21 04:22:11,648 | INFO : loss: 0.146808  [44864/50000]
2023-12-21 04:25:03,429 | INFO : Test Error: 
 Accuracy: 88.9%, Avg loss: 0.406332 

2023-12-21 04:25:03,449 | INFO : Epoch 88
-------------------------------
2023-12-21 04:25:05,158 | INFO : loss: 0.098916  [   64/50000]
2023-12-21 04:27:03,808 | INFO : loss: 0.048222  [ 6464/50000]
2023-12-21 04:29:04,688 | INFO : loss: 0.080217  [12864/50000]
2023-12-21 04:31:02,335 | INFO : loss: 0.197722  [19264/50000]
2023-12-21 04:32:57,727 | INFO : loss: 0.182451  [25664/50000]
2023-12-21 04:34:57,939 | INFO : loss: 0.054638  [32064/50000]
2023-12-21 04:37:02,945 | INFO : loss: 0.136870  [38464/50000]
2023-12-21 04:39:08,223 | INFO : loss: 0.145695  [44864/50000]
2023-12-21 04:42:12,356 | INFO : Test Error: 
 Accuracy: 89.1%, Avg loss: 0.393099 

2023-12-21 04:42:12,360 | INFO : Epoch 89
-------------------------------
2023-12-21 04:42:13,700 | INFO : loss: 0.074574  [   64/50000]
2023-12-21 04:44:16,798 | INFO : loss: 0.050888  [ 6464/50000]
2023-12-21 04:46:17,083 | INFO : loss: 0.101590  [12864/50000]
2023-12-21 04:48:17,685 | INFO : loss: 0.093917  [19264/50000]
2023-12-21 04:50:29,569 | INFO : loss: 0.208884  [25664/50000]
2023-12-21 04:52:27,943 | INFO : loss: 0.112085  [32064/50000]
2023-12-21 04:54:23,103 | INFO : loss: 0.118928  [38464/50000]
2023-12-21 04:56:27,017 | INFO : loss: 0.150417  [44864/50000]
2023-12-21 04:59:20,331 | INFO : Test Error: 
 Accuracy: 89.1%, Avg loss: 0.406289 

2023-12-21 04:59:20,346 | INFO : Epoch 90
-------------------------------
2023-12-21 04:59:21,310 | INFO : loss: 0.102539  [   64/50000]
2023-12-21 05:01:17,999 | INFO : loss: 0.135781  [ 6464/50000]
2023-12-21 05:03:12,986 | INFO : loss: 0.103975  [12864/50000]
2023-12-21 05:05:06,541 | INFO : loss: 0.105941  [19264/50000]
2023-12-21 05:07:04,196 | INFO : loss: 0.057852  [25664/50000]
2023-12-21 05:08:56,596 | INFO : loss: 0.174628  [32064/50000]
2023-12-21 05:10:52,670 | INFO : loss: 0.103258  [38464/50000]
2023-12-21 05:12:51,294 | INFO : loss: 0.293626  [44864/50000]
2023-12-21 05:15:36,830 | INFO : Test Error: 
 Accuracy: 89.3%, Avg loss: 0.403050 

2023-12-21 05:15:36,834 | INFO : Done!
2023-12-21 05:15:36,834 | INFO : Total training time: 59973.65923547745
