A100 GPU 80gb
@compute-2-3.local (GPU): GPU-8281fbc2-ad66-3ec4-1727-f5c0d85e45ca
Files already downloaded and verified
Files already downloaded and verified
2023-11-30 11:07:16,417 | INFO : ----------- VGG11 TRAINING -----------
2023-11-30 11:07:16,418 | INFO : Epoch 1
-------------------------------
2023-11-30 11:07:21,270 | INFO : loss: 2.298555  [   64/50000]
2023-11-30 11:07:43,665 | INFO : loss: 2.057973  [ 6464/50000]
2023-11-30 11:08:02,111 | INFO : loss: 1.785903  [12864/50000]
2023-11-30 11:08:22,185 | INFO : loss: 1.853790  [19264/50000]
2023-11-30 11:08:39,885 | INFO : loss: 1.659443  [25664/50000]
2023-11-30 11:09:02,242 | INFO : loss: 1.591253  [32064/50000]
2023-11-30 11:09:24,103 | INFO : loss: 1.422524  [38464/50000]
2023-11-30 11:09:43,550 | INFO : loss: 1.221137  [44864/50000]
2023-11-30 11:10:28,498 | INFO : Test Error: 
 Accuracy: 51.6%, Avg loss: 1.314510 

2023-11-30 11:10:28,499 | INFO : Epoch 2
-------------------------------
2023-11-30 11:10:28,797 | INFO : loss: 1.076719  [   64/50000]
2023-11-30 11:10:48,507 | INFO : loss: 1.154676  [ 6464/50000]
2023-11-30 11:11:05,635 | INFO : loss: 1.145895  [12864/50000]
2023-11-30 11:11:23,044 | INFO : loss: 1.227762  [19264/50000]
2023-11-30 11:11:40,421 | INFO : loss: 1.224551  [25664/50000]
2023-11-30 11:11:57,556 | INFO : loss: 1.186082  [32064/50000]
2023-11-30 11:12:14,900 | INFO : loss: 0.993530  [38464/50000]
2023-11-30 11:12:31,981 | INFO : loss: 1.062026  [44864/50000]
2023-11-30 11:13:11,788 | INFO : Test Error: 
 Accuracy: 64.4%, Avg loss: 1.029656 

2023-11-30 11:13:11,789 | INFO : Epoch 3
-------------------------------
2023-11-30 11:13:12,027 | INFO : loss: 0.655121  [   64/50000]
2023-11-30 11:13:28,427 | INFO : loss: 0.678374  [ 6464/50000]
2023-11-30 11:13:46,368 | INFO : loss: 0.978976  [12864/50000]
2023-11-30 11:14:03,118 | INFO : loss: 0.812864  [19264/50000]
2023-11-30 11:14:20,325 | INFO : loss: 0.865034  [25664/50000]
2023-11-30 11:14:39,103 | INFO : loss: 0.855874  [32064/50000]
2023-11-30 11:14:58,050 | INFO : loss: 0.967133  [38464/50000]
2023-11-30 11:15:16,566 | INFO : loss: 0.952293  [44864/50000]
2023-11-30 11:15:57,821 | INFO : Test Error: 
 Accuracy: 72.2%, Avg loss: 0.815506 

2023-11-30 11:15:57,822 | INFO : Epoch 4
-------------------------------
2023-11-30 11:15:58,020 | INFO : loss: 0.469326  [   64/50000]
2023-11-30 11:16:14,218 | INFO : loss: 0.837410  [ 6464/50000]
2023-11-30 11:16:30,856 | INFO : loss: 0.755913  [12864/50000]
2023-11-30 11:16:47,855 | INFO : loss: 0.785283  [19264/50000]
2023-11-30 11:17:08,023 | INFO : loss: 0.650357  [25664/50000]
2023-11-30 11:17:25,314 | INFO : loss: 0.648784  [32064/50000]
2023-11-30 11:17:44,434 | INFO : loss: 0.721890  [38464/50000]
2023-11-30 11:18:02,674 | INFO : loss: 0.560454  [44864/50000]
2023-11-30 11:18:43,689 | INFO : Test Error: 
 Accuracy: 72.4%, Avg loss: 0.817996 

2023-11-30 11:18:43,690 | INFO : Epoch 5
-------------------------------
2023-11-30 11:18:44,374 | INFO : loss: 0.529205  [   64/50000]
2023-11-30 11:19:01,990 | INFO : loss: 0.618723  [ 6464/50000]
2023-11-30 11:19:19,988 | INFO : loss: 0.605168  [12864/50000]
2023-11-30 11:19:37,156 | INFO : loss: 0.505849  [19264/50000]
2023-11-30 11:19:54,774 | INFO : loss: 0.667042  [25664/50000]
2023-11-30 11:20:10,503 | INFO : loss: 0.548855  [32064/50000]
2023-11-30 11:20:31,679 | INFO : loss: 0.811988  [38464/50000]
2023-11-30 11:20:49,587 | INFO : loss: 0.502796  [44864/50000]
2023-11-30 11:21:30,626 | INFO : Test Error: 
 Accuracy: 75.5%, Avg loss: 0.722272 

2023-11-30 11:21:30,626 | INFO : Epoch 6
-------------------------------
2023-11-30 11:21:30,827 | INFO : loss: 0.534453  [   64/50000]
2023-11-30 11:21:47,494 | INFO : loss: 0.325156  [ 6464/50000]
2023-11-30 11:22:03,425 | INFO : loss: 0.255440  [12864/50000]
2023-11-30 11:22:20,958 | INFO : loss: 0.550131  [19264/50000]
2023-11-30 11:22:41,104 | INFO : loss: 0.170842  [25664/50000]
2023-11-30 11:22:58,777 | INFO : loss: 0.342858  [32064/50000]
2023-11-30 11:23:17,721 | INFO : loss: 0.199077  [38464/50000]
2023-11-30 11:23:35,380 | INFO : loss: 0.307948  [44864/50000]
2023-11-30 11:24:15,165 | INFO : Test Error: 
 Accuracy: 76.9%, Avg loss: 0.764121 

2023-11-30 11:24:15,166 | INFO : Epoch 7
-------------------------------
2023-11-30 11:24:15,411 | INFO : loss: 0.140893  [   64/50000]
2023-11-30 11:24:32,698 | INFO : loss: 0.163127  [ 6464/50000]
2023-11-30 11:24:49,721 | INFO : loss: 0.127946  [12864/50000]
2023-11-30 11:25:07,257 | INFO : loss: 0.268876  [19264/50000]
2023-11-30 11:25:24,808 | INFO : loss: 0.384027  [25664/50000]
2023-11-30 11:25:41,745 | INFO : loss: 0.301276  [32064/50000]
2023-11-30 11:25:58,164 | INFO : loss: 0.327183  [38464/50000]
2023-11-30 11:26:20,180 | INFO : loss: 0.252617  [44864/50000]
2023-11-30 11:27:30,138 | INFO : Test Error: 
 Accuracy: 77.3%, Avg loss: 0.781988 

2023-11-30 11:27:30,139 | INFO : Epoch 8
-------------------------------
2023-11-30 11:27:30,968 | INFO : loss: 0.141285  [   64/50000]
2023-11-30 11:28:15,362 | INFO : loss: 0.177302  [ 6464/50000]
2023-11-30 11:29:05,418 | INFO : loss: 0.469496  [12864/50000]
2023-11-30 11:30:02,567 | INFO : loss: 0.258426  [19264/50000]
2023-11-30 11:31:00,970 | INFO : loss: 0.198064  [25664/50000]
2023-11-30 11:31:53,191 | INFO : loss: 0.267203  [32064/50000]
2023-11-30 11:32:36,080 | INFO : loss: 0.166755  [38464/50000]
2023-11-30 11:32:57,393 | INFO : loss: 0.260289  [44864/50000]
2023-11-30 11:34:16,354 | INFO : Test Error: 
 Accuracy: 78.0%, Avg loss: 0.802038 

2023-11-30 11:34:16,355 | INFO : Epoch 9
-------------------------------
2023-11-30 11:34:17,250 | INFO : loss: 0.051633  [   64/50000]
2023-11-30 11:35:08,990 | INFO : loss: 0.196598  [ 6464/50000]
2023-11-30 11:35:58,569 | INFO : loss: 0.131134  [12864/50000]
2023-11-30 11:36:54,631 | INFO : loss: 0.150300  [19264/50000]
2023-11-30 11:37:43,352 | INFO : loss: 0.123592  [25664/50000]
2023-11-30 11:38:33,058 | INFO : loss: 0.171607  [32064/50000]
2023-11-30 11:39:11,949 | INFO : loss: 0.172875  [38464/50000]
2023-11-30 11:39:32,349 | INFO : loss: 0.110747  [44864/50000]
2023-11-30 11:40:15,969 | INFO : Test Error: 
 Accuracy: 77.8%, Avg loss: 0.833092 

2023-11-30 11:40:15,970 | INFO : Epoch 10
-------------------------------
2023-11-30 11:40:17,132 | INFO : loss: 0.133092  [   64/50000]
2023-11-30 11:40:35,827 | INFO : loss: 0.046279  [ 6464/50000]
2023-11-30 11:40:54,171 | INFO : loss: 0.206548  [12864/50000]
2023-11-30 11:41:12,022 | INFO : loss: 0.128326  [19264/50000]
2023-11-30 11:41:29,207 | INFO : loss: 0.085401  [25664/50000]
2023-11-30 11:41:46,318 | INFO : loss: 0.209527  [32064/50000]
2023-11-30 11:42:09,002 | INFO : loss: 0.215988  [38464/50000]
2023-11-30 11:42:30,332 | INFO : loss: 0.167041  [44864/50000]
2023-11-30 11:43:13,933 | INFO : Test Error: 
 Accuracy: 77.3%, Avg loss: 0.952639 

2023-11-30 11:43:13,934 | INFO : Epoch 11
-------------------------------
2023-11-30 11:43:14,352 | INFO : loss: 0.145118  [   64/50000]
2023-11-30 11:43:33,246 | INFO : loss: 0.075908  [ 6464/50000]
2023-11-30 11:43:51,122 | INFO : loss: 0.202105  [12864/50000]
2023-11-30 11:44:08,895 | INFO : loss: 0.036933  [19264/50000]
2023-11-30 11:44:24,423 | INFO : loss: 0.094151  [25664/50000]
2023-11-30 11:44:40,561 | INFO : loss: 0.112511  [32064/50000]
2023-11-30 11:44:57,676 | INFO : loss: 0.083313  [38464/50000]
2023-11-30 11:45:15,772 | INFO : loss: 0.029348  [44864/50000]
2023-11-30 11:46:01,159 | INFO : Test Error: 
 Accuracy: 78.0%, Avg loss: 0.853336 

2023-11-30 11:46:01,161 | INFO : Epoch 12
-------------------------------
2023-11-30 11:46:01,425 | INFO : loss: 0.042343  [   64/50000]
2023-11-30 11:46:19,870 | INFO : loss: 0.029438  [ 6464/50000]
2023-11-30 11:46:39,925 | INFO : loss: 0.126770  [12864/50000]
2023-11-30 11:47:23,269 | INFO : loss: 0.071591  [19264/50000]
2023-11-30 11:48:19,103 | INFO : loss: 0.079300  [25664/50000]
2023-11-30 11:49:13,195 | INFO : loss: 0.129183  [32064/50000]
2023-11-30 11:50:15,902 | INFO : loss: 0.046260  [38464/50000]
2023-11-30 11:51:13,394 | INFO : loss: 0.051187  [44864/50000]
2023-11-30 11:52:58,561 | INFO : Test Error: 
 Accuracy: 78.3%, Avg loss: 0.964600 

2023-11-30 11:52:58,562 | INFO : Epoch 13
-------------------------------
2023-11-30 11:52:58,827 | INFO : loss: 0.044217  [   64/50000]
2023-11-30 11:53:20,589 | INFO : loss: 0.023700  [ 6464/50000]
2023-11-30 11:53:39,681 | INFO : loss: 0.187173  [12864/50000]
2023-11-30 11:53:57,329 | INFO : loss: 0.096248  [19264/50000]
2023-11-30 11:54:15,468 | INFO : loss: 0.023067  [25664/50000]
2023-11-30 11:54:34,080 | INFO : loss: 0.079650  [32064/50000]
2023-11-30 11:54:53,001 | INFO : loss: 0.011955  [38464/50000]
2023-11-30 11:55:09,667 | INFO : loss: 0.096635  [44864/50000]
2023-11-30 11:55:51,538 | INFO : Test Error: 
 Accuracy: 78.0%, Avg loss: 0.877217 

2023-11-30 11:55:51,539 | INFO : Epoch 14
-------------------------------
2023-11-30 11:55:51,805 | INFO : loss: 0.017382  [   64/50000]
2023-11-30 11:56:09,427 | INFO : loss: 0.080606  [ 6464/50000]
2023-11-30 11:56:26,574 | INFO : loss: 0.050823  [12864/50000]
2023-11-30 11:56:43,446 | INFO : loss: 0.008883  [19264/50000]
2023-11-30 11:56:59,743 | INFO : loss: 0.024153  [25664/50000]
2023-11-30 11:57:17,319 | INFO : loss: 0.029470  [32064/50000]
2023-11-30 11:57:34,557 | INFO : loss: 0.038129  [38464/50000]
2023-11-30 11:57:51,816 | INFO : loss: 0.020468  [44864/50000]
2023-11-30 11:58:32,584 | INFO : Test Error: 
 Accuracy: 77.6%, Avg loss: 1.092267 

2023-11-30 11:58:32,585 | INFO : Epoch 15
-------------------------------
2023-11-30 11:58:32,857 | INFO : loss: 0.078143  [   64/50000]
2023-11-30 11:58:50,016 | INFO : loss: 0.250224  [ 6464/50000]
2023-11-30 11:59:06,742 | INFO : loss: 0.003785  [12864/50000]
2023-11-30 11:59:24,585 | INFO : loss: 0.054195  [19264/50000]
2023-11-30 11:59:41,058 | INFO : loss: 0.011152  [25664/50000]
2023-11-30 11:59:57,811 | INFO : loss: 0.012965  [32064/50000]
2023-11-30 12:00:15,021 | INFO : loss: 0.044612  [38464/50000]
2023-11-30 12:00:31,868 | INFO : loss: 0.089009  [44864/50000]
2023-11-30 12:01:14,461 | INFO : Test Error: 
 Accuracy: 77.9%, Avg loss: 0.887919 

2023-11-30 12:01:14,462 | INFO : Epoch 16
-------------------------------
2023-11-30 12:01:14,718 | INFO : loss: 0.144055  [   64/50000]
2023-11-30 12:01:31,659 | INFO : loss: 0.125470  [ 6464/50000]
2023-11-30 12:01:51,411 | INFO : loss: 0.041769  [12864/50000]
2023-11-30 12:02:34,491 | INFO : loss: 0.035638  [19264/50000]
2023-11-30 12:03:19,078 | INFO : loss: 0.049374  [25664/50000]
2023-11-30 12:04:11,250 | INFO : loss: 0.035751  [32064/50000]
2023-11-30 12:05:05,373 | INFO : loss: 0.073556  [38464/50000]
2023-11-30 12:05:49,098 | INFO : loss: 0.132633  [44864/50000]
2023-11-30 12:06:33,373 | INFO : Test Error: 
 Accuracy: 78.1%, Avg loss: 0.983269 

2023-11-30 12:06:33,374 | INFO : Epoch 17
-------------------------------
2023-11-30 12:06:33,644 | INFO : loss: 0.038505  [   64/50000]
2023-11-30 12:06:52,026 | INFO : loss: 0.013987  [ 6464/50000]
2023-11-30 12:07:09,506 | INFO : loss: 0.052120  [12864/50000]
2023-11-30 12:07:32,533 | INFO : loss: 0.068632  [19264/50000]
2023-11-30 12:08:25,946 | INFO : loss: 0.034387  [25664/50000]
2023-11-30 12:09:15,286 | INFO : loss: 0.037562  [32064/50000]
2023-11-30 12:10:08,953 | INFO : loss: 0.050943  [38464/50000]
2023-11-30 12:10:50,114 | INFO : loss: 0.070267  [44864/50000]
2023-11-30 12:11:31,533 | INFO : Test Error: 
 Accuracy: 78.7%, Avg loss: 0.964226 

2023-11-30 12:11:31,535 | INFO : Epoch 18
-------------------------------
2023-11-30 12:11:31,810 | INFO : loss: 0.094597  [   64/50000]
2023-11-30 12:11:50,303 | INFO : loss: 0.076851  [ 6464/50000]
2023-11-30 12:12:08,866 | INFO : loss: 0.016195  [12864/50000]
2023-11-30 12:12:25,806 | INFO : loss: 0.023418  [19264/50000]
2023-11-30 12:12:44,350 | INFO : loss: 0.045142  [25664/50000]
2023-11-30 12:13:09,243 | INFO : loss: 0.050862  [32064/50000]
2023-11-30 12:13:25,403 | INFO : loss: 0.019627  [38464/50000]
2023-11-30 12:13:41,770 | INFO : loss: 0.169338  [44864/50000]
2023-11-30 12:14:24,525 | INFO : Test Error: 
 Accuracy: 76.8%, Avg loss: 1.020466 

2023-11-30 12:14:24,526 | INFO : Epoch 19
-------------------------------
2023-11-30 12:14:24,742 | INFO : loss: 0.050527  [   64/50000]
2023-11-30 12:14:42,955 | INFO : loss: 0.037525  [ 6464/50000]
2023-11-30 12:14:59,987 | INFO : loss: 0.070678  [12864/50000]
2023-11-30 12:15:16,385 | INFO : loss: 0.016391  [19264/50000]
2023-11-30 12:15:33,798 | INFO : loss: 0.118202  [25664/50000]
2023-11-30 12:15:52,755 | INFO : loss: 0.059133  [32064/50000]
2023-11-30 12:16:09,908 | INFO : loss: 0.094830  [38464/50000]
2023-11-30 12:16:25,984 | INFO : loss: 0.065173  [44864/50000]
2023-11-30 12:17:08,620 | INFO : Test Error: 
 Accuracy: 77.1%, Avg loss: 1.008438 

2023-11-30 12:17:08,621 | INFO : Epoch 20
-------------------------------
2023-11-30 12:17:08,907 | INFO : loss: 0.038633  [   64/50000]
2023-11-30 12:17:26,313 | INFO : loss: 0.163928  [ 6464/50000]
2023-11-30 12:17:43,285 | INFO : loss: 0.026435  [12864/50000]
2023-11-30 12:17:59,692 | INFO : loss: 0.105531  [19264/50000]
2023-11-30 12:18:16,362 | INFO : loss: 0.026768  [25664/50000]
2023-11-30 12:18:32,869 | INFO : loss: 0.040594  [32064/50000]
2023-11-30 12:18:49,508 | INFO : loss: 0.037575  [38464/50000]
2023-11-30 12:19:06,996 | INFO : loss: 0.052864  [44864/50000]
2023-11-30 12:19:45,939 | INFO : Test Error: 
 Accuracy: 77.5%, Avg loss: 1.038332 

2023-11-30 12:19:45,940 | INFO : Epoch 21
-------------------------------
2023-11-30 12:19:46,193 | INFO : loss: 0.023655  [   64/50000]
2023-11-30 12:20:02,691 | INFO : loss: 0.015304  [ 6464/50000]
2023-11-30 12:20:19,429 | INFO : loss: 0.007212  [12864/50000]
2023-11-30 12:20:35,927 | INFO : loss: 0.035621  [19264/50000]
2023-11-30 12:20:52,816 | INFO : loss: 0.019451  [25664/50000]
2023-11-30 12:21:10,100 | INFO : loss: 0.002977  [32064/50000]
2023-11-30 12:21:28,446 | INFO : loss: 0.028762  [38464/50000]
2023-11-30 12:21:45,034 | INFO : loss: 0.023158  [44864/50000]
2023-11-30 12:22:22,839 | INFO : Test Error: 
 Accuracy: 77.3%, Avg loss: 1.127579 

2023-11-30 12:22:22,840 | INFO : Epoch 22
-------------------------------
2023-11-30 12:22:23,069 | INFO : loss: 0.025564  [   64/50000]
2023-11-30 12:22:39,572 | INFO : loss: 0.005051  [ 6464/50000]
2023-11-30 12:22:55,284 | INFO : loss: 0.036553  [12864/50000]
2023-11-30 12:23:11,958 | INFO : loss: 0.003599  [19264/50000]
2023-11-30 12:23:27,875 | INFO : loss: 0.013958  [25664/50000]
2023-11-30 12:23:43,939 | INFO : loss: 0.048287  [32064/50000]
2023-11-30 12:24:00,778 | INFO : loss: 0.027781  [38464/50000]
2023-11-30 12:24:16,975 | INFO : loss: 0.010619  [44864/50000]
2023-11-30 12:25:00,063 | INFO : Test Error: 
 Accuracy: 78.5%, Avg loss: 1.026593 

2023-11-30 12:25:00,064 | INFO : Epoch 23
-------------------------------
2023-11-30 12:25:00,274 | INFO : loss: 0.034956  [   64/50000]
2023-11-30 12:25:17,567 | INFO : loss: 0.046775  [ 6464/50000]
2023-11-30 12:25:34,456 | INFO : loss: 0.009452  [12864/50000]
2023-11-30 12:25:51,491 | INFO : loss: 0.024093  [19264/50000]
2023-11-30 12:26:07,612 | INFO : loss: 0.015128  [25664/50000]
2023-11-30 12:26:25,114 | INFO : loss: 0.026285  [32064/50000]
2023-11-30 12:26:41,821 | INFO : loss: 0.032043  [38464/50000]
2023-11-30 12:26:58,910 | INFO : loss: 0.043742  [44864/50000]
2023-11-30 12:27:37,967 | INFO : Test Error: 
 Accuracy: 77.5%, Avg loss: 1.069052 

2023-11-30 12:27:37,968 | INFO : Epoch 24
-------------------------------
2023-11-30 12:27:38,219 | INFO : loss: 0.028604  [   64/50000]
2023-11-30 12:27:54,269 | INFO : loss: 0.012099  [ 6464/50000]
2023-11-30 12:28:10,326 | INFO : loss: 0.033730  [12864/50000]
2023-11-30 12:28:28,295 | INFO : loss: 0.021866  [19264/50000]
2023-11-30 12:28:45,870 | INFO : loss: 0.021365  [25664/50000]
2023-11-30 12:29:02,611 | INFO : loss: 0.120107  [32064/50000]
2023-11-30 12:29:18,895 | INFO : loss: 0.058862  [38464/50000]
2023-11-30 12:29:35,330 | INFO : loss: 0.054645  [44864/50000]
2023-11-30 12:30:16,062 | INFO : Test Error: 
 Accuracy: 78.1%, Avg loss: 0.951394 

2023-11-30 12:30:16,063 | INFO : Epoch 25
-------------------------------
2023-11-30 12:30:16,331 | INFO : loss: 0.008695  [   64/50000]
2023-11-30 12:30:33,467 | INFO : loss: 0.016288  [ 6464/50000]
2023-11-30 12:30:50,871 | INFO : loss: 0.141541  [12864/50000]
2023-11-30 12:31:07,489 | INFO : loss: 0.020841  [19264/50000]
2023-11-30 12:31:24,951 | INFO : loss: 0.028089  [25664/50000]
2023-11-30 12:31:43,266 | INFO : loss: 0.043956  [32064/50000]
2023-11-30 12:31:59,618 | INFO : loss: 0.014378  [38464/50000]
2023-11-30 12:32:17,200 | INFO : loss: 0.008129  [44864/50000]
2023-11-30 12:33:01,793 | INFO : Test Error: 
 Accuracy: 78.0%, Avg loss: 1.072379 

2023-11-30 12:33:01,794 | INFO : Epoch 26
-------------------------------
2023-11-30 12:33:02,030 | INFO : loss: 0.065579  [   64/50000]
2023-11-30 12:33:20,272 | INFO : loss: 0.022973  [ 6464/50000]
2023-11-30 12:33:37,247 | INFO : loss: 0.073578  [12864/50000]
2023-11-30 12:33:57,029 | INFO : loss: 0.005133  [19264/50000]
2023-11-30 12:34:15,508 | INFO : loss: 0.103027  [25664/50000]
2023-11-30 12:34:36,432 | INFO : loss: 0.027872  [32064/50000]
2023-11-30 12:34:56,551 | INFO : loss: 0.016147  [38464/50000]
2023-11-30 12:35:14,794 | INFO : loss: 0.018726  [44864/50000]
2023-11-30 12:35:59,668 | INFO : Test Error: 
 Accuracy: 77.8%, Avg loss: 1.021319 

2023-11-30 12:35:59,669 | INFO : Epoch 27
-------------------------------
2023-11-30 12:35:59,944 | INFO : loss: 0.079467  [   64/50000]
2023-11-30 12:36:17,116 | INFO : loss: 0.021417  [ 6464/50000]
2023-11-30 12:36:36,860 | INFO : loss: 0.004241  [12864/50000]
2023-11-30 12:36:52,226 | INFO : loss: 0.006077  [19264/50000]
2023-11-30 12:37:08,976 | INFO : loss: 0.051996  [25664/50000]
2023-11-30 12:37:29,080 | INFO : loss: 0.052208  [32064/50000]
2023-11-30 12:37:48,726 | INFO : loss: 0.076540  [38464/50000]
2023-11-30 12:38:07,953 | INFO : loss: 0.041749  [44864/50000]
2023-11-30 12:38:48,246 | INFO : Test Error: 
 Accuracy: 77.9%, Avg loss: 0.924017 

2023-11-30 12:38:48,247 | INFO : Epoch 28
-------------------------------
2023-11-30 12:38:48,467 | INFO : loss: 0.037876  [   64/50000]
2023-11-30 12:39:04,601 | INFO : loss: 0.037081  [ 6464/50000]
2023-11-30 12:39:22,858 | INFO : loss: 0.032728  [12864/50000]
2023-11-30 12:39:39,713 | INFO : loss: 0.004540  [19264/50000]
2023-11-30 12:39:56,767 | INFO : loss: 0.156669  [25664/50000]
2023-11-30 12:40:15,289 | INFO : loss: 0.001675  [32064/50000]
2023-11-30 12:40:32,332 | INFO : loss: 0.080816  [38464/50000]
2023-11-30 12:40:49,236 | INFO : loss: 0.001368  [44864/50000]
2023-11-30 12:41:29,752 | INFO : Test Error: 
 Accuracy: 79.1%, Avg loss: 0.970439 

2023-11-30 12:41:29,753 | INFO : Epoch 29
-------------------------------
2023-11-30 12:41:30,026 | INFO : loss: 0.005566  [   64/50000]
2023-11-30 12:41:47,711 | INFO : loss: 0.075069  [ 6464/50000]
2023-11-30 12:42:04,763 | INFO : loss: 0.008447  [12864/50000]
2023-11-30 12:42:22,588 | INFO : loss: 0.017768  [19264/50000]
2023-11-30 12:42:39,653 | INFO : loss: 0.062990  [25664/50000]
2023-11-30 12:42:56,737 | INFO : loss: 0.115735  [32064/50000]
2023-11-30 12:43:14,633 | INFO : loss: 0.021807  [38464/50000]
2023-11-30 12:43:33,437 | INFO : loss: 0.008476  [44864/50000]
2023-11-30 12:44:15,722 | INFO : Test Error: 
 Accuracy: 78.0%, Avg loss: 0.995789 

2023-11-30 12:44:15,723 | INFO : Epoch 30
-------------------------------
2023-11-30 12:44:16,384 | INFO : loss: 0.006479  [   64/50000]
2023-11-30 12:44:33,654 | INFO : loss: 0.012492  [ 6464/50000]
2023-11-30 12:44:51,031 | INFO : loss: 0.055797  [12864/50000]
2023-11-30 12:45:09,263 | INFO : loss: 0.053441  [19264/50000]
2023-11-30 12:45:25,489 | INFO : loss: 0.122867  [25664/50000]
2023-11-30 12:45:41,654 | INFO : loss: 0.048820  [32064/50000]
2023-11-30 12:45:58,318 | INFO : loss: 0.028615  [38464/50000]
2023-11-30 12:46:16,321 | INFO : loss: 0.027674  [44864/50000]
2023-11-30 12:46:59,384 | INFO : Test Error: 
 Accuracy: 78.1%, Avg loss: 1.041293 

2023-11-30 12:46:59,385 | INFO : Epoch 31
-------------------------------
2023-11-30 12:46:59,800 | INFO : loss: 0.043469  [   64/50000]
2023-11-30 12:47:18,047 | INFO : loss: 0.148533  [ 6464/50000]
2023-11-30 12:47:34,978 | INFO : loss: 0.003438  [12864/50000]
2023-11-30 12:47:54,556 | INFO : loss: 0.099860  [19264/50000]
2023-11-30 12:48:16,042 | INFO : loss: 0.089483  [25664/50000]
2023-11-30 12:48:33,406 | INFO : loss: 0.059034  [32064/50000]
2023-11-30 12:48:50,044 | INFO : loss: 0.044815  [38464/50000]
2023-11-30 12:49:06,866 | INFO : loss: 0.122282  [44864/50000]
2023-11-30 12:49:48,726 | INFO : Test Error: 
 Accuracy: 78.7%, Avg loss: 0.983419 

2023-11-30 12:49:48,727 | INFO : Epoch 32
-------------------------------
2023-11-30 12:49:48,996 | INFO : loss: 0.005907  [   64/50000]
2023-11-30 12:50:07,769 | INFO : loss: 0.014500  [ 6464/50000]
2023-11-30 12:50:24,581 | INFO : loss: 0.040171  [12864/50000]
2023-11-30 12:50:42,478 | INFO : loss: 0.016197  [19264/50000]
2023-11-30 12:51:01,385 | INFO : loss: 0.009148  [25664/50000]
2023-11-30 12:51:17,609 | INFO : loss: 0.135783  [32064/50000]
2023-11-30 12:51:36,170 | INFO : loss: 0.016157  [38464/50000]
2023-11-30 12:51:52,661 | INFO : loss: 0.081837  [44864/50000]
2023-11-30 12:52:31,677 | INFO : Test Error: 
 Accuracy: 78.5%, Avg loss: 0.951099 

2023-11-30 12:52:31,678 | INFO : Epoch 33
-------------------------------
2023-11-30 12:52:31,984 | INFO : loss: 0.016182  [   64/50000]
2023-11-30 12:52:50,009 | INFO : loss: 0.003736  [ 6464/50000]
2023-11-30 12:53:06,462 | INFO : loss: 0.030693  [12864/50000]
2023-11-30 12:53:23,578 | INFO : loss: 0.074855  [19264/50000]
2023-11-30 12:53:40,395 | INFO : loss: 0.026087  [25664/50000]
2023-11-30 12:53:57,883 | INFO : loss: 0.021658  [32064/50000]
2023-11-30 12:54:14,399 | INFO : loss: 0.010016  [38464/50000]
2023-11-30 12:54:31,246 | INFO : loss: 0.008940  [44864/50000]
2023-11-30 12:55:11,873 | INFO : Test Error: 
 Accuracy: 77.6%, Avg loss: 1.089447 

2023-11-30 12:55:11,874 | INFO : Epoch 34
-------------------------------
2023-11-30 12:55:12,136 | INFO : loss: 0.031359  [   64/50000]
2023-11-30 12:55:28,002 | INFO : loss: 0.029155  [ 6464/50000]
2023-11-30 12:55:46,164 | INFO : loss: 0.008229  [12864/50000]
2023-11-30 12:56:03,588 | INFO : loss: 0.026788  [19264/50000]
2023-11-30 12:56:21,215 | INFO : loss: 0.013327  [25664/50000]
2023-11-30 12:56:41,335 | INFO : loss: 0.015962  [32064/50000]
2023-11-30 12:56:57,811 | INFO : loss: 0.039146  [38464/50000]
2023-11-30 12:57:14,762 | INFO : loss: 0.070545  [44864/50000]
2023-11-30 12:57:53,689 | INFO : Test Error: 
 Accuracy: 78.7%, Avg loss: 0.990601 

2023-11-30 12:57:53,690 | INFO : Epoch 35
-------------------------------
2023-11-30 12:57:53,957 | INFO : loss: 0.004991  [   64/50000]
2023-11-30 12:58:11,283 | INFO : loss: 0.016492  [ 6464/50000]
2023-11-30 12:58:28,305 | INFO : loss: 0.077890  [12864/50000]
2023-11-30 12:58:47,903 | INFO : loss: 0.022059  [19264/50000]
2023-11-30 12:59:04,997 | INFO : loss: 0.019450  [25664/50000]
2023-11-30 12:59:22,664 | INFO : loss: 0.008650  [32064/50000]
2023-11-30 12:59:39,548 | INFO : loss: 0.047681  [38464/50000]
2023-11-30 12:59:57,286 | INFO : loss: 0.060097  [44864/50000]
2023-11-30 13:00:37,826 | INFO : Test Error: 
 Accuracy: 77.7%, Avg loss: 0.987379 

2023-11-30 13:00:37,827 | INFO : Epoch 36
-------------------------------
2023-11-30 13:00:38,024 | INFO : loss: 0.013444  [   64/50000]
2023-11-30 13:00:55,759 | INFO : loss: 0.024597  [ 6464/50000]
2023-11-30 13:01:15,415 | INFO : loss: 0.043198  [12864/50000]
2023-11-30 13:01:33,364 | INFO : loss: 0.025613  [19264/50000]
2023-11-30 13:01:51,711 | INFO : loss: 0.003534  [25664/50000]
2023-11-30 13:02:09,273 | INFO : loss: 0.056263  [32064/50000]
2023-11-30 13:02:25,749 | INFO : loss: 0.005766  [38464/50000]
2023-11-30 13:02:43,377 | INFO : loss: 0.083106  [44864/50000]
2023-11-30 13:03:23,601 | INFO : Test Error: 
 Accuracy: 78.4%, Avg loss: 0.906287 

2023-11-30 13:03:23,602 | INFO : Epoch 37
-------------------------------
2023-11-30 13:03:23,801 | INFO : loss: 0.020978  [   64/50000]
2023-11-30 13:03:41,904 | INFO : loss: 0.087567  [ 6464/50000]
2023-11-30 13:03:58,833 | INFO : loss: 0.016250  [12864/50000]
2023-11-30 13:04:15,200 | INFO : loss: 0.023160  [19264/50000]
2023-11-30 13:04:33,276 | INFO : loss: 0.004243  [25664/50000]
2023-11-30 13:04:51,067 | INFO : loss: 0.020472  [32064/50000]
2023-11-30 13:05:09,227 | INFO : loss: 0.038631  [38464/50000]
2023-11-30 13:05:27,390 | INFO : loss: 0.151773  [44864/50000]
2023-11-30 13:06:10,058 | INFO : Test Error: 
 Accuracy: 78.5%, Avg loss: 0.977193 

2023-11-30 13:06:10,059 | INFO : Epoch 38
-------------------------------
2023-11-30 13:06:10,600 | INFO : loss: 0.034015  [   64/50000]
2023-11-30 13:06:28,416 | INFO : loss: 0.014467  [ 6464/50000]
2023-11-30 13:06:45,675 | INFO : loss: 0.015784  [12864/50000]
2023-11-30 13:07:05,121 | INFO : loss: 0.083899  [19264/50000]
2023-11-30 13:07:25,681 | INFO : loss: 0.025223  [25664/50000]
2023-11-30 13:07:44,786 | INFO : loss: 0.006278  [32064/50000]
2023-11-30 13:08:05,530 | INFO : loss: 0.126401  [38464/50000]
2023-11-30 13:08:22,514 | INFO : loss: 0.028442  [44864/50000]
2023-11-30 13:09:08,369 | INFO : Test Error: 
 Accuracy: 77.3%, Avg loss: 1.068672 

2023-11-30 13:09:08,370 | INFO : Epoch 39
-------------------------------
2023-11-30 13:09:08,563 | INFO : loss: 0.005384  [   64/50000]
2023-11-30 13:09:27,006 | INFO : loss: 0.049583  [ 6464/50000]
2023-11-30 13:09:45,959 | INFO : loss: 0.005075  [12864/50000]
2023-11-30 13:10:05,828 | INFO : loss: 0.017560  [19264/50000]
2023-11-30 13:10:22,766 | INFO : loss: 0.079492  [25664/50000]
2023-11-30 13:10:39,318 | INFO : loss: 0.003724  [32064/50000]
2023-11-30 13:10:57,752 | INFO : loss: 0.021775  [38464/50000]
2023-11-30 13:11:14,583 | INFO : loss: 0.058378  [44864/50000]
2023-11-30 13:11:58,339 | INFO : Test Error: 
 Accuracy: 78.2%, Avg loss: 1.070957 

2023-11-30 13:11:58,340 | INFO : Epoch 40
-------------------------------
2023-11-30 13:11:58,559 | INFO : loss: 0.075624  [   64/50000]
2023-11-30 13:12:15,379 | INFO : loss: 0.000898  [ 6464/50000]
2023-11-30 13:12:33,052 | INFO : loss: 0.062006  [12864/50000]
2023-11-30 13:12:51,555 | INFO : loss: 0.014270  [19264/50000]
2023-11-30 13:13:08,108 | INFO : loss: 0.061853  [25664/50000]
2023-11-30 13:13:34,666 | INFO : loss: 0.012089  [32064/50000]
2023-11-30 13:14:09,858 | INFO : loss: 0.010936  [38464/50000]
2023-11-30 13:14:39,126 | INFO : loss: 0.048988  [44864/50000]
2023-11-30 13:15:50,776 | INFO : Test Error: 
 Accuracy: 77.5%, Avg loss: 1.002815 

2023-11-30 13:15:50,779 | INFO : Epoch 41
-------------------------------
2023-11-30 13:15:51,299 | INFO : loss: 0.012904  [   64/50000]
2023-11-30 13:16:25,881 | INFO : loss: 0.030613  [ 6464/50000]
2023-11-30 13:16:50,967 | INFO : loss: 0.000984  [12864/50000]
2023-11-30 13:17:08,778 | INFO : loss: 0.032484  [19264/50000]
2023-11-30 13:17:25,420 | INFO : loss: 0.046135  [25664/50000]
2023-11-30 13:17:42,802 | INFO : loss: 0.012308  [32064/50000]
2023-11-30 13:17:59,407 | INFO : loss: 0.036271  [38464/50000]
2023-11-30 13:18:16,629 | INFO : loss: 0.004495  [44864/50000]
2023-11-30 13:18:57,877 | INFO : Test Error: 
 Accuracy: 78.4%, Avg loss: 0.895004 

2023-11-30 13:18:57,878 | INFO : Epoch 42
-------------------------------
2023-11-30 13:18:58,093 | INFO : loss: 0.063492  [   64/50000]
2023-11-30 13:19:15,018 | INFO : loss: 0.003129  [ 6464/50000]
2023-11-30 13:19:31,909 | INFO : loss: 0.002675  [12864/50000]
2023-11-30 13:19:47,987 | INFO : loss: 0.016198  [19264/50000]
2023-11-30 13:20:04,788 | INFO : loss: 0.021122  [25664/50000]
2023-11-30 13:20:22,061 | INFO : loss: 0.072312  [32064/50000]
2023-11-30 13:20:38,998 | INFO : loss: 0.035764  [38464/50000]
2023-11-30 13:20:56,596 | INFO : loss: 0.019644  [44864/50000]
2023-11-30 13:21:35,818 | INFO : Test Error: 
 Accuracy: 77.9%, Avg loss: 0.944283 

2023-11-30 13:21:35,819 | INFO : Epoch 43
-------------------------------
2023-11-30 13:21:36,086 | INFO : loss: 0.021323  [   64/50000]
2023-11-30 13:21:53,272 | INFO : loss: 0.017683  [ 6464/50000]
2023-11-30 13:22:09,319 | INFO : loss: 0.098109  [12864/50000]
2023-11-30 13:22:25,310 | INFO : loss: 0.011671  [19264/50000]
2023-11-30 13:22:41,707 | INFO : loss: 0.009444  [25664/50000]
2023-11-30 13:22:59,453 | INFO : loss: 0.009039  [32064/50000]
2023-11-30 13:23:18,522 | INFO : loss: 0.017839  [38464/50000]
2023-11-30 13:23:35,675 | INFO : loss: 0.124737  [44864/50000]
2023-11-30 13:24:13,934 | INFO : Test Error: 
 Accuracy: 78.0%, Avg loss: 0.966218 

2023-11-30 13:24:13,935 | INFO : Epoch 44
-------------------------------
2023-11-30 13:24:14,268 | INFO : loss: 0.009205  [   64/50000]
2023-11-30 13:24:31,090 | INFO : loss: 0.003175  [ 6464/50000]
2023-11-30 13:24:49,084 | INFO : loss: 0.056324  [12864/50000]
2023-11-30 13:25:06,836 | INFO : loss: 0.004190  [19264/50000]
2023-11-30 13:25:24,064 | INFO : loss: 0.004617  [25664/50000]
2023-11-30 13:25:41,789 | INFO : loss: 0.004487  [32064/50000]
2023-11-30 13:25:59,518 | INFO : loss: 0.033650  [38464/50000]
2023-11-30 13:26:17,573 | INFO : loss: 0.012205  [44864/50000]
2023-11-30 13:26:58,850 | INFO : Test Error: 
 Accuracy: 78.0%, Avg loss: 0.983165 

2023-11-30 13:26:58,851 | INFO : Epoch 45
-------------------------------
2023-11-30 13:26:59,059 | INFO : loss: 0.111845  [   64/50000]
2023-11-30 13:27:14,690 | INFO : loss: 0.007680  [ 6464/50000]
2023-11-30 13:27:31,611 | INFO : loss: 0.063158  [12864/50000]
2023-11-30 13:27:50,995 | INFO : loss: 0.015592  [19264/50000]
2023-11-30 13:28:09,147 | INFO : loss: 0.018803  [25664/50000]
2023-11-30 13:28:29,571 | INFO : loss: 0.154112  [32064/50000]
2023-11-30 13:28:46,666 | INFO : loss: 0.000516  [38464/50000]
2023-11-30 13:29:04,272 | INFO : loss: 0.094399  [44864/50000]
2023-11-30 13:29:44,620 | INFO : Test Error: 
 Accuracy: 78.1%, Avg loss: 0.951622 

2023-11-30 13:29:44,621 | INFO : Epoch 46
-------------------------------
2023-11-30 13:29:44,831 | INFO : loss: 0.010547  [   64/50000]
2023-11-30 13:30:01,830 | INFO : loss: 0.011212  [ 6464/50000]
2023-11-30 13:30:19,054 | INFO : loss: 0.029637  [12864/50000]
2023-11-30 13:30:35,468 | INFO : loss: 0.078556  [19264/50000]
2023-11-30 13:30:52,161 | INFO : loss: 0.047975  [25664/50000]
2023-11-30 13:31:08,600 | INFO : loss: 0.055268  [32064/50000]
2023-11-30 13:31:25,498 | INFO : loss: 0.034526  [38464/50000]
2023-11-30 13:31:43,721 | INFO : loss: 0.148161  [44864/50000]
2023-11-30 13:32:26,972 | INFO : Test Error: 
 Accuracy: 77.3%, Avg loss: 1.003911 

2023-11-30 13:32:26,973 | INFO : Epoch 47
-------------------------------
2023-11-30 13:32:27,196 | INFO : loss: 0.029778  [   64/50000]
2023-11-30 13:32:43,229 | INFO : loss: 0.006494  [ 6464/50000]
2023-11-30 13:32:59,535 | INFO : loss: 0.025856  [12864/50000]
2023-11-30 13:33:17,585 | INFO : loss: 0.002121  [19264/50000]
2023-11-30 13:33:35,619 | INFO : loss: 0.092904  [25664/50000]
2023-11-30 13:33:51,723 | INFO : loss: 0.006980  [32064/50000]
2023-11-30 13:34:08,996 | INFO : loss: 0.012582  [38464/50000]
2023-11-30 13:34:25,792 | INFO : loss: 0.030328  [44864/50000]
2023-11-30 13:35:04,528 | INFO : Test Error: 
 Accuracy: 76.4%, Avg loss: 1.177241 

2023-11-30 13:35:04,529 | INFO : Epoch 48
-------------------------------
2023-11-30 13:35:04,779 | INFO : loss: 0.045389  [   64/50000]
2023-11-30 13:35:21,451 | INFO : loss: 0.033208  [ 6464/50000]
2023-11-30 13:35:37,909 | INFO : loss: 0.018629  [12864/50000]
2023-11-30 13:35:54,597 | INFO : loss: 0.002338  [19264/50000]
2023-11-30 13:36:11,892 | INFO : loss: 0.025943  [25664/50000]
2023-11-30 13:36:28,777 | INFO : loss: 0.026926  [32064/50000]
2023-11-30 13:36:46,120 | INFO : loss: 0.047230  [38464/50000]
2023-11-30 13:37:03,761 | INFO : loss: 0.014638  [44864/50000]
2023-11-30 13:37:42,853 | INFO : Test Error: 
 Accuracy: 78.7%, Avg loss: 0.971167 

2023-11-30 13:37:42,854 | INFO : Epoch 49
-------------------------------
2023-11-30 13:37:43,088 | INFO : loss: 0.011037  [   64/50000]
2023-11-30 13:37:59,330 | INFO : loss: 0.052407  [ 6464/50000]
2023-11-30 13:38:15,037 | INFO : loss: 0.011580  [12864/50000]
2023-11-30 13:38:31,528 | INFO : loss: 0.003934  [19264/50000]
2023-11-30 13:38:49,404 | INFO : loss: 0.055647  [25664/50000]
2023-11-30 13:39:07,645 | INFO : loss: 0.009598  [32064/50000]
2023-11-30 13:39:24,979 | INFO : loss: 0.040941  [38464/50000]
2023-11-30 13:39:43,141 | INFO : loss: 0.014867  [44864/50000]
2023-11-30 13:40:21,718 | INFO : Test Error: 
 Accuracy: 76.9%, Avg loss: 1.136330 

2023-11-30 13:40:21,719 | INFO : Epoch 50
-------------------------------
2023-11-30 13:40:21,995 | INFO : loss: 0.073577  [   64/50000]
2023-11-30 13:40:39,764 | INFO : loss: 0.074798  [ 6464/50000]
2023-11-30 13:40:55,759 | INFO : loss: 0.005180  [12864/50000]
2023-11-30 13:41:12,220 | INFO : loss: 0.127231  [19264/50000]
2023-11-30 13:41:30,114 | INFO : loss: 0.150852  [25664/50000]
2023-11-30 13:41:46,348 | INFO : loss: 0.073278  [32064/50000]
2023-11-30 13:42:03,144 | INFO : loss: 0.053522  [38464/50000]
2023-11-30 13:42:20,335 | INFO : loss: 0.026167  [44864/50000]
2023-11-30 13:42:58,896 | INFO : Test Error: 
 Accuracy: 76.7%, Avg loss: 0.992985 

2023-11-30 13:42:58,897 | INFO : Epoch 51
-------------------------------
2023-11-30 13:42:59,159 | INFO : loss: 0.025812  [   64/50000]
2023-11-30 13:43:16,122 | INFO : loss: 0.047017  [ 6464/50000]
2023-11-30 13:43:32,651 | INFO : loss: 0.061558  [12864/50000]
2023-11-30 13:43:49,234 | INFO : loss: 0.012000  [19264/50000]
2023-11-30 13:44:09,677 | INFO : loss: 0.106462  [25664/50000]
2023-11-30 13:44:28,126 | INFO : loss: 0.015059  [32064/50000]
2023-11-30 13:44:45,254 | INFO : loss: 0.046410  [38464/50000]
2023-11-30 13:45:03,246 | INFO : loss: 0.018373  [44864/50000]
2023-11-30 13:45:43,493 | INFO : Test Error: 
 Accuracy: 76.4%, Avg loss: 1.154412 

2023-11-30 13:45:43,494 | INFO : Epoch 52
-------------------------------
2023-11-30 13:45:43,737 | INFO : loss: 0.010379  [   64/50000]
2023-11-30 13:46:01,514 | INFO : loss: 0.041047  [ 6464/50000]
2023-11-30 13:46:18,548 | INFO : loss: 0.035689  [12864/50000]
2023-11-30 13:46:37,701 | INFO : loss: 0.022370  [19264/50000]
2023-11-30 13:46:56,697 | INFO : loss: 0.134333  [25664/50000]
2023-11-30 13:47:14,892 | INFO : loss: 0.001275  [32064/50000]
2023-11-30 13:47:31,433 | INFO : loss: 0.005105  [38464/50000]
2023-11-30 13:47:49,362 | INFO : loss: 0.035918  [44864/50000]
2023-11-30 13:48:29,821 | INFO : Test Error: 
 Accuracy: 78.3%, Avg loss: 0.893727 

2023-11-30 13:48:29,822 | INFO : Epoch 53
-------------------------------
2023-11-30 13:48:30,061 | INFO : loss: 0.011715  [   64/50000]
2023-11-30 13:48:48,135 | INFO : loss: 0.004355  [ 6464/50000]
2023-11-30 13:49:04,755 | INFO : loss: 0.046803  [12864/50000]
2023-11-30 13:49:22,377 | INFO : loss: 0.026937  [19264/50000]
2023-11-30 13:49:40,046 | INFO : loss: 0.015142  [25664/50000]
2023-11-30 13:49:57,993 | INFO : loss: 0.012816  [32064/50000]
2023-11-30 13:50:14,984 | INFO : loss: 0.017893  [38464/50000]
2023-11-30 13:50:33,171 | INFO : loss: 0.027393  [44864/50000]
2023-11-30 13:51:12,720 | INFO : Test Error: 
 Accuracy: 77.4%, Avg loss: 1.032158 

2023-11-30 13:51:12,721 | INFO : Epoch 54
-------------------------------
2023-11-30 13:51:12,991 | INFO : loss: 0.087501  [   64/50000]
2023-11-30 13:51:30,241 | INFO : loss: 0.024717  [ 6464/50000]
2023-11-30 13:51:47,104 | INFO : loss: 0.027115  [12864/50000]
2023-11-30 13:52:03,286 | INFO : loss: 0.006895  [19264/50000]
2023-11-30 13:52:21,203 | INFO : loss: 0.043228  [25664/50000]
2023-11-30 13:52:38,999 | INFO : loss: 0.034629  [32064/50000]
2023-11-30 13:52:56,037 | INFO : loss: 0.073842  [38464/50000]
2023-11-30 13:53:13,310 | INFO : loss: 0.038268  [44864/50000]
2023-11-30 13:53:53,465 | INFO : Test Error: 
 Accuracy: 78.2%, Avg loss: 0.959065 

2023-11-30 13:53:53,466 | INFO : Epoch 55
-------------------------------
2023-11-30 13:53:53,707 | INFO : loss: 0.006525  [   64/50000]
2023-11-30 13:54:11,372 | INFO : loss: 0.004163  [ 6464/50000]
2023-11-30 13:54:27,594 | INFO : loss: 0.003311  [12864/50000]
2023-11-30 13:54:43,526 | INFO : loss: 0.074551  [19264/50000]
2023-11-30 13:55:00,548 | INFO : loss: 0.003487  [25664/50000]
2023-11-30 13:55:17,303 | INFO : loss: 0.014476  [32064/50000]
2023-11-30 13:55:33,995 | INFO : loss: 0.003380  [38464/50000]
2023-11-30 13:55:50,366 | INFO : loss: 0.197591  [44864/50000]
2023-11-30 13:56:29,735 | INFO : Test Error: 
 Accuracy: 78.5%, Avg loss: 1.023708 

2023-11-30 13:56:29,736 | INFO : Epoch 56
-------------------------------
2023-11-30 13:56:30,000 | INFO : loss: 0.093238  [   64/50000]
2023-11-30 13:56:48,269 | INFO : loss: 0.003670  [ 6464/50000]
2023-11-30 13:57:04,702 | INFO : loss: 0.046446  [12864/50000]
2023-11-30 13:57:21,747 | INFO : loss: 0.010052  [19264/50000]
2023-11-30 13:57:39,743 | INFO : loss: 0.016564  [25664/50000]
2023-11-30 13:57:58,528 | INFO : loss: 0.024651  [32064/50000]
2023-11-30 13:58:16,637 | INFO : loss: 0.003669  [38464/50000]
2023-11-30 13:58:34,020 | INFO : loss: 0.022602  [44864/50000]
2023-11-30 13:59:14,456 | INFO : Test Error: 
 Accuracy: 77.9%, Avg loss: 0.920410 

2023-11-30 13:59:14,457 | INFO : Epoch 57
-------------------------------
2023-11-30 13:59:14,646 | INFO : loss: 0.058433  [   64/50000]
2023-11-30 13:59:31,813 | INFO : loss: 0.068931  [ 6464/50000]
2023-11-30 13:59:48,898 | INFO : loss: 0.041978  [12864/50000]
2023-11-30 14:00:06,373 | INFO : loss: 0.018189  [19264/50000]
2023-11-30 14:00:25,597 | INFO : loss: 0.274436  [25664/50000]
2023-11-30 14:00:43,111 | INFO : loss: 0.015391  [32064/50000]
2023-11-30 14:01:01,339 | INFO : loss: 0.065520  [38464/50000]
2023-11-30 14:01:18,844 | INFO : loss: 0.141459  [44864/50000]
2023-11-30 14:02:01,387 | INFO : Test Error: 
 Accuracy: 76.0%, Avg loss: 1.110852 

2023-11-30 14:02:01,388 | INFO : Epoch 58
-------------------------------
2023-11-30 14:02:01,656 | INFO : loss: 0.114622  [   64/50000]
2023-11-30 14:02:18,561 | INFO : loss: 0.003302  [ 6464/50000]
2023-11-30 14:02:36,427 | INFO : loss: 0.014827  [12864/50000]
2023-11-30 14:02:54,147 | INFO : loss: 0.125202  [19264/50000]
2023-11-30 14:03:14,633 | INFO : loss: 0.004101  [25664/50000]
2023-11-30 14:03:34,762 | INFO : loss: 0.008407  [32064/50000]
2023-11-30 14:03:53,077 | INFO : loss: 0.054465  [38464/50000]
2023-11-30 14:04:10,841 | INFO : loss: 0.009248  [44864/50000]
2023-11-30 14:04:52,464 | INFO : Test Error: 
 Accuracy: 77.5%, Avg loss: 1.101690 

2023-11-30 14:04:52,465 | INFO : Epoch 59
-------------------------------
2023-11-30 14:04:52,655 | INFO : loss: 0.082585  [   64/50000]
2023-11-30 14:05:10,747 | INFO : loss: 0.028298  [ 6464/50000]
2023-11-30 14:05:29,380 | INFO : loss: 0.069724  [12864/50000]
2023-11-30 14:05:46,930 | INFO : loss: 0.019618  [19264/50000]
2023-11-30 14:06:04,759 | INFO : loss: 0.004013  [25664/50000]
2023-11-30 14:06:22,160 | INFO : loss: 0.003080  [32064/50000]
2023-11-30 14:06:41,162 | INFO : loss: 0.009359  [38464/50000]
2023-11-30 14:07:01,075 | INFO : loss: 0.014587  [44864/50000]
2023-11-30 14:07:46,458 | INFO : Test Error: 
 Accuracy: 77.4%, Avg loss: 0.999028 

2023-11-30 14:07:46,460 | INFO : Epoch 60
-------------------------------
2023-11-30 14:07:46,776 | INFO : loss: 0.019061  [   64/50000]
2023-11-30 14:08:05,644 | INFO : loss: 0.038757  [ 6464/50000]
2023-11-30 14:08:23,974 | INFO : loss: 0.129535  [12864/50000]
2023-11-30 14:08:41,691 | INFO : loss: 0.013105  [19264/50000]
2023-11-30 14:08:59,403 | INFO : loss: 0.007843  [25664/50000]
2023-11-30 14:09:16,329 | INFO : loss: 0.003266  [32064/50000]
2023-11-30 14:09:34,049 | INFO : loss: 0.003319  [38464/50000]
2023-11-30 14:09:53,120 | INFO : loss: 0.012908  [44864/50000]
2023-11-30 14:10:36,452 | INFO : Test Error: 
 Accuracy: 78.6%, Avg loss: 1.018539 

2023-11-30 14:10:36,453 | INFO : Epoch 61
-------------------------------
2023-11-30 14:10:36,707 | INFO : loss: 0.005053  [   64/50000]
2023-11-30 14:10:53,788 | INFO : loss: 0.011333  [ 6464/50000]
2023-11-30 14:11:11,736 | INFO : loss: 0.002432  [12864/50000]
2023-11-30 14:11:29,247 | INFO : loss: 0.123749  [19264/50000]
2023-11-30 14:11:47,880 | INFO : loss: 0.020596  [25664/50000]
2023-11-30 14:12:04,759 | INFO : loss: 0.025801  [32064/50000]
2023-11-30 14:12:24,028 | INFO : loss: 0.009291  [38464/50000]
2023-11-30 14:12:41,939 | INFO : loss: 0.017178  [44864/50000]
2023-11-30 14:13:25,413 | INFO : Test Error: 
 Accuracy: 77.1%, Avg loss: 0.975333 

2023-11-30 14:13:25,414 | INFO : Epoch 62
-------------------------------
2023-11-30 14:13:25,621 | INFO : loss: 0.038279  [   64/50000]
2023-11-30 14:13:46,127 | INFO : loss: 0.003873  [ 6464/50000]
2023-11-30 14:14:03,758 | INFO : loss: 0.030739  [12864/50000]
2023-11-30 14:14:20,319 | INFO : loss: 0.006705  [19264/50000]
2023-11-30 14:14:37,077 | INFO : loss: 0.036039  [25664/50000]
2023-11-30 14:14:55,211 | INFO : loss: 0.006301  [32064/50000]
2023-11-30 14:15:13,296 | INFO : loss: 0.021505  [38464/50000]
2023-11-30 14:15:30,504 | INFO : loss: 0.015541  [44864/50000]
2023-11-30 14:16:11,044 | INFO : Test Error: 
 Accuracy: 77.9%, Avg loss: 0.943084 

2023-11-30 14:16:11,045 | INFO : Epoch 63
-------------------------------
2023-11-30 14:16:11,308 | INFO : loss: 0.028600  [   64/50000]
2023-11-30 14:16:28,538 | INFO : loss: 0.017574  [ 6464/50000]
2023-11-30 14:16:44,847 | INFO : loss: 0.208805  [12864/50000]
2023-11-30 14:17:04,162 | INFO : loss: 0.022113  [19264/50000]
2023-11-30 14:17:24,286 | INFO : loss: 0.005040  [25664/50000]
2023-11-30 14:17:42,935 | INFO : loss: 0.072457  [32064/50000]
2023-11-30 14:18:01,112 | INFO : loss: 0.058330  [38464/50000]
2023-11-30 14:18:18,712 | INFO : loss: 0.032766  [44864/50000]
2023-11-30 14:19:00,584 | INFO : Test Error: 
 Accuracy: 78.1%, Avg loss: 0.950860 

2023-11-30 14:19:00,585 | INFO : Epoch 64
-------------------------------
2023-11-30 14:19:00,820 | INFO : loss: 0.009774  [   64/50000]
2023-11-30 14:19:19,091 | INFO : loss: 0.005380  [ 6464/50000]
2023-11-30 14:19:37,567 | INFO : loss: 0.141560  [12864/50000]
2023-11-30 14:19:57,631 | INFO : loss: 0.031920  [19264/50000]
2023-11-30 14:20:15,344 | INFO : loss: 0.033355  [25664/50000]
2023-11-30 14:20:34,257 | INFO : loss: 0.004188  [32064/50000]
2023-11-30 14:20:51,229 | INFO : loss: 0.036464  [38464/50000]
2023-11-30 14:21:09,590 | INFO : loss: 0.055860  [44864/50000]
2023-11-30 14:21:50,571 | INFO : Test Error: 
 Accuracy: 76.6%, Avg loss: 1.026110 

2023-11-30 14:21:50,572 | INFO : Epoch 65
-------------------------------
2023-11-30 14:21:51,078 | INFO : loss: 0.003723  [   64/50000]
2023-11-30 14:22:08,397 | INFO : loss: 0.108057  [ 6464/50000]
2023-11-30 14:22:25,001 | INFO : loss: 0.061469  [12864/50000]
2023-11-30 14:22:42,827 | INFO : loss: 0.076406  [19264/50000]
2023-11-30 14:23:02,213 | INFO : loss: 0.032419  [25664/50000]
2023-11-30 14:23:20,677 | INFO : loss: 0.001587  [32064/50000]
2023-11-30 14:23:37,715 | INFO : loss: 0.015038  [38464/50000]
2023-11-30 14:23:54,242 | INFO : loss: 0.055074  [44864/50000]
2023-11-30 14:24:37,126 | INFO : Test Error: 
 Accuracy: 77.8%, Avg loss: 0.971821 

2023-11-30 14:24:37,128 | INFO : Epoch 66
-------------------------------
2023-11-30 14:24:37,657 | INFO : loss: 0.006695  [   64/50000]
2023-11-30 14:24:55,187 | INFO : loss: 0.002462  [ 6464/50000]
2023-11-30 14:25:12,898 | INFO : loss: 0.096824  [12864/50000]
2023-11-30 14:25:33,099 | INFO : loss: 0.039840  [19264/50000]
2023-11-30 14:25:52,086 | INFO : loss: 0.106165  [25664/50000]
2023-11-30 14:26:10,854 | INFO : loss: 0.012824  [32064/50000]
2023-11-30 14:26:28,641 | INFO : loss: 0.011129  [38464/50000]
2023-11-30 14:26:48,183 | INFO : loss: 0.011024  [44864/50000]
2023-11-30 14:27:28,338 | INFO : Test Error: 
 Accuracy: 78.3%, Avg loss: 0.900215 

2023-11-30 14:27:28,339 | INFO : Epoch 67
-------------------------------
2023-11-30 14:27:28,568 | INFO : loss: 0.011009  [   64/50000]
2023-11-30 14:27:48,298 | INFO : loss: 0.014848  [ 6464/50000]
2023-11-30 14:28:07,002 | INFO : loss: 0.013347  [12864/50000]
2023-11-30 14:28:25,300 | INFO : loss: 0.011796  [19264/50000]
2023-11-30 14:28:47,184 | INFO : loss: 0.015506  [25664/50000]
2023-11-30 14:29:04,421 | INFO : loss: 0.046824  [32064/50000]
2023-11-30 14:29:23,614 | INFO : loss: 0.051537  [38464/50000]
2023-11-30 14:29:40,989 | INFO : loss: 0.021391  [44864/50000]
2023-11-30 14:30:23,327 | INFO : Test Error: 
 Accuracy: 78.5%, Avg loss: 0.996565 

2023-11-30 14:30:23,328 | INFO : Epoch 68
-------------------------------
2023-11-30 14:30:23,739 | INFO : loss: 0.031754  [   64/50000]
2023-11-30 14:30:40,571 | INFO : loss: 0.002144  [ 6464/50000]
2023-11-30 14:31:00,370 | INFO : loss: 0.012347  [12864/50000]
2023-11-30 14:31:18,327 | INFO : loss: 0.078486  [19264/50000]
2023-11-30 14:31:35,410 | INFO : loss: 0.012125  [25664/50000]
2023-11-30 14:31:54,517 | INFO : loss: 0.133427  [32064/50000]
2023-11-30 14:32:12,280 | INFO : loss: 0.005592  [38464/50000]
2023-11-30 14:32:30,917 | INFO : loss: 0.028450  [44864/50000]
2023-11-30 14:33:11,746 | INFO : Test Error: 
 Accuracy: 77.8%, Avg loss: 1.065155 

2023-11-30 14:33:11,747 | INFO : Epoch 69
-------------------------------
2023-11-30 14:33:11,989 | INFO : loss: 0.013323  [   64/50000]
2023-11-30 14:33:29,752 | INFO : loss: 0.061931  [ 6464/50000]
2023-11-30 14:33:48,319 | INFO : loss: 0.041410  [12864/50000]
2023-11-30 14:34:07,681 | INFO : loss: 0.008570  [19264/50000]
2023-11-30 14:34:25,130 | INFO : loss: 0.046598  [25664/50000]
2023-11-30 14:34:42,706 | INFO : loss: 0.055737  [32064/50000]
2023-11-30 14:35:00,101 | INFO : loss: 0.055078  [38464/50000]
2023-11-30 14:35:17,907 | INFO : loss: 0.130261  [44864/50000]
2023-11-30 14:36:01,173 | INFO : Test Error: 
 Accuracy: 77.7%, Avg loss: 0.921376 

2023-11-30 14:36:01,174 | INFO : Epoch 70
-------------------------------
2023-11-30 14:36:01,433 | INFO : loss: 0.077023  [   64/50000]
2023-11-30 14:36:20,076 | INFO : loss: 0.129506  [ 6464/50000]
2023-11-30 14:36:38,287 | INFO : loss: 0.050006  [12864/50000]
2023-11-30 14:36:55,851 | INFO : loss: 0.016712  [19264/50000]
2023-11-30 14:37:15,706 | INFO : loss: 0.019198  [25664/50000]
2023-11-30 14:37:33,259 | INFO : loss: 0.080033  [32064/50000]
2023-11-30 14:37:53,316 | INFO : loss: 0.014698  [38464/50000]
2023-11-30 14:38:11,366 | INFO : loss: 0.023854  [44864/50000]
2023-11-30 14:38:55,104 | INFO : Test Error: 
 Accuracy: 76.7%, Avg loss: 1.046394 

2023-11-30 14:38:55,105 | INFO : Epoch 71
-------------------------------
2023-11-30 14:38:55,351 | INFO : loss: 0.009885  [   64/50000]
2023-11-30 14:39:15,666 | INFO : loss: 0.029435  [ 6464/50000]
2023-11-30 14:39:34,917 | INFO : loss: 0.005385  [12864/50000]
2023-11-30 14:39:52,734 | INFO : loss: 0.085992  [19264/50000]
2023-11-30 14:40:11,643 | INFO : loss: 0.021425  [25664/50000]
2023-11-30 14:40:28,283 | INFO : loss: 0.012476  [32064/50000]
2023-11-30 14:40:47,229 | INFO : loss: 0.087774  [38464/50000]
2023-11-30 14:41:06,386 | INFO : loss: 0.018031  [44864/50000]
2023-11-30 14:41:50,035 | INFO : Test Error: 
 Accuracy: 78.6%, Avg loss: 0.929871 

2023-11-30 14:41:50,036 | INFO : Epoch 72
-------------------------------
2023-11-30 14:41:50,452 | INFO : loss: 0.034955  [   64/50000]
2023-11-30 14:42:08,366 | INFO : loss: 0.002859  [ 6464/50000]
2023-11-30 14:42:27,316 | INFO : loss: 0.076433  [12864/50000]
2023-11-30 14:42:46,049 | INFO : loss: 0.100658  [19264/50000]
2023-11-30 14:43:03,284 | INFO : loss: 0.013278  [25664/50000]
2023-11-30 14:43:23,831 | INFO : loss: 0.007115  [32064/50000]
2023-11-30 14:43:41,642 | INFO : loss: 0.002340  [38464/50000]
2023-11-30 14:43:58,971 | INFO : loss: 0.020563  [44864/50000]
2023-11-30 14:44:41,282 | INFO : Test Error: 
 Accuracy: 77.8%, Avg loss: 0.960188 

2023-11-30 14:44:41,283 | INFO : Epoch 73
-------------------------------
2023-11-30 14:44:41,559 | INFO : loss: 0.006411  [   64/50000]
2023-11-30 14:44:59,611 | INFO : loss: 0.003924  [ 6464/50000]
2023-11-30 14:45:19,246 | INFO : loss: 0.006424  [12864/50000]
2023-11-30 14:45:38,665 | INFO : loss: 0.001004  [19264/50000]
2023-11-30 14:45:55,731 | INFO : loss: 0.006915  [25664/50000]
2023-11-30 14:46:13,106 | INFO : loss: 0.081683  [32064/50000]
2023-11-30 14:46:30,476 | INFO : loss: 0.010921  [38464/50000]
2023-11-30 14:46:52,316 | INFO : loss: 0.000744  [44864/50000]
2023-11-30 14:47:34,481 | INFO : Test Error: 
 Accuracy: 78.1%, Avg loss: 0.989424 

2023-11-30 14:47:34,482 | INFO : Epoch 74
-------------------------------
2023-11-30 14:47:34,697 | INFO : loss: 0.013348  [   64/50000]
2023-11-30 14:47:53,014 | INFO : loss: 0.016555  [ 6464/50000]
2023-11-30 14:48:10,153 | INFO : loss: 0.029997  [12864/50000]
2023-11-30 14:48:27,798 | INFO : loss: 0.007144  [19264/50000]
2023-11-30 14:48:47,507 | INFO : loss: 0.057087  [25664/50000]
2023-11-30 14:49:04,073 | INFO : loss: 0.026076  [32064/50000]
2023-11-30 14:49:23,842 | INFO : loss: 0.037308  [38464/50000]
2023-11-30 14:49:41,807 | INFO : loss: 0.045846  [44864/50000]
2023-11-30 14:50:27,537 | INFO : Test Error: 
 Accuracy: 78.0%, Avg loss: 1.015924 

2023-11-30 14:50:27,538 | INFO : Epoch 75
-------------------------------
2023-11-30 14:50:27,769 | INFO : loss: 0.015516  [   64/50000]
2023-11-30 14:50:45,688 | INFO : loss: 0.030259  [ 6464/50000]
2023-11-30 14:51:07,437 | INFO : loss: 0.043285  [12864/50000]
2023-11-30 14:51:26,776 | INFO : loss: 0.020026  [19264/50000]
2023-11-30 14:51:45,506 | INFO : loss: 0.017682  [25664/50000]
2023-11-30 14:52:04,315 | INFO : loss: 0.073001  [32064/50000]
2023-11-30 14:52:20,897 | INFO : loss: 0.004200  [38464/50000]
2023-11-30 14:52:38,528 | INFO : loss: 0.019855  [44864/50000]
2023-11-30 14:53:19,129 | INFO : Test Error: 
 Accuracy: 78.3%, Avg loss: 0.966196 

2023-11-30 14:53:19,130 | INFO : Epoch 76
-------------------------------
2023-11-30 14:53:19,350 | INFO : loss: 0.001296  [   64/50000]
2023-11-30 14:53:36,063 | INFO : loss: 0.016986  [ 6464/50000]
2023-11-30 14:53:53,065 | INFO : loss: 0.002979  [12864/50000]
2023-11-30 14:54:09,222 | INFO : loss: 0.004289  [19264/50000]
2023-11-30 14:54:25,966 | INFO : loss: 0.000875  [25664/50000]
2023-11-30 14:54:43,608 | INFO : loss: 0.066926  [32064/50000]
2023-11-30 14:55:01,574 | INFO : loss: 0.003875  [38464/50000]
2023-11-30 14:55:19,725 | INFO : loss: 0.004117  [44864/50000]
2023-11-30 14:55:59,756 | INFO : Test Error: 
 Accuracy: 80.0%, Avg loss: 0.918231 

2023-11-30 14:55:59,757 | INFO : Epoch 77
-------------------------------
2023-11-30 14:56:00,006 | INFO : loss: 0.001137  [   64/50000]
2023-11-30 14:56:17,446 | INFO : loss: 0.003397  [ 6464/50000]
2023-11-30 14:56:35,319 | INFO : loss: 0.000889  [12864/50000]
2023-11-30 14:56:53,051 | INFO : loss: 0.001764  [19264/50000]
2023-11-30 14:57:11,338 | INFO : loss: 0.002805  [25664/50000]
2023-11-30 14:57:27,669 | INFO : loss: 0.012499  [32064/50000]
2023-11-30 14:57:45,708 | INFO : loss: 0.000180  [38464/50000]
2023-11-30 14:58:02,990 | INFO : loss: 0.001104  [44864/50000]
2023-11-30 14:58:48,632 | INFO : Test Error: 
 Accuracy: 80.5%, Avg loss: 0.924878 

2023-11-30 14:58:48,633 | INFO : Epoch 78
-------------------------------
2023-11-30 14:58:48,827 | INFO : loss: 0.000120  [   64/50000]
2023-11-30 14:59:05,896 | INFO : loss: 0.004194  [ 6464/50000]
2023-11-30 14:59:23,316 | INFO : loss: 0.001085  [12864/50000]
2023-11-30 14:59:40,262 | INFO : loss: 0.000490  [19264/50000]
2023-11-30 14:59:58,460 | INFO : loss: 0.000169  [25664/50000]
2023-11-30 15:00:16,974 | INFO : loss: 0.000476  [32064/50000]
2023-11-30 15:00:33,991 | INFO : loss: 0.000431  [38464/50000]
2023-11-30 15:00:52,253 | INFO : loss: 0.000550  [44864/50000]
2023-11-30 15:01:32,514 | INFO : Test Error: 
 Accuracy: 80.8%, Avg loss: 0.942110 

2023-11-30 15:01:32,514 | INFO : Epoch 79
-------------------------------
2023-11-30 15:01:32,768 | INFO : loss: 0.000103  [   64/50000]
2023-11-30 15:01:51,067 | INFO : loss: 0.000265  [ 6464/50000]
2023-11-30 15:02:08,122 | INFO : loss: 0.000114  [12864/50000]
2023-11-30 15:02:25,404 | INFO : loss: 0.004485  [19264/50000]
2023-11-30 15:02:42,573 | INFO : loss: 0.000449  [25664/50000]
2023-11-30 15:03:00,554 | INFO : loss: 0.001017  [32064/50000]
2023-11-30 15:03:16,975 | INFO : loss: 0.002630  [38464/50000]
2023-11-30 15:03:33,619 | INFO : loss: 0.000407  [44864/50000]
2023-11-30 15:04:12,080 | INFO : Test Error: 
 Accuracy: 81.0%, Avg loss: 0.927444 

2023-11-30 15:04:12,081 | INFO : Epoch 80
-------------------------------
2023-11-30 15:04:12,327 | INFO : loss: 0.000066  [   64/50000]
2023-11-30 15:04:28,429 | INFO : loss: 0.001952  [ 6464/50000]
2023-11-30 15:04:46,454 | INFO : loss: 0.002713  [12864/50000]
2023-11-30 15:05:04,208 | INFO : loss: 0.000618  [19264/50000]
2023-11-30 15:05:20,998 | INFO : loss: 0.000062  [25664/50000]
2023-11-30 15:05:38,282 | INFO : loss: 0.037977  [32064/50000]
2023-11-30 15:05:55,678 | INFO : loss: 0.000509  [38464/50000]
2023-11-30 15:06:12,158 | INFO : loss: 0.000087  [44864/50000]
2023-11-30 15:06:53,895 | INFO : Test Error: 
 Accuracy: 80.8%, Avg loss: 0.938654 

2023-11-30 15:06:53,896 | INFO : Epoch 81
-------------------------------
2023-11-30 15:06:54,438 | INFO : loss: 0.000216  [   64/50000]
2023-11-30 15:07:11,253 | INFO : loss: 0.000201  [ 6464/50000]
2023-11-30 15:07:29,779 | INFO : loss: 0.000391  [12864/50000]
2023-11-30 15:07:46,951 | INFO : loss: 0.000197  [19264/50000]
2023-11-30 15:08:04,380 | INFO : loss: 0.000012  [25664/50000]
2023-11-30 15:08:21,565 | INFO : loss: 0.000224  [32064/50000]
2023-11-30 15:08:38,660 | INFO : loss: 0.000954  [38464/50000]
2023-11-30 15:08:58,007 | INFO : loss: 0.000096  [44864/50000]
2023-11-30 15:09:39,284 | INFO : Test Error: 
 Accuracy: 80.8%, Avg loss: 0.946746 

2023-11-30 15:09:39,285 | INFO : Epoch 82
-------------------------------
2023-11-30 15:09:39,544 | INFO : loss: 0.000463  [   64/50000]
2023-11-30 15:09:57,130 | INFO : loss: 0.000151  [ 6464/50000]
2023-11-30 15:10:13,926 | INFO : loss: 0.003564  [12864/50000]
2023-11-30 15:10:31,097 | INFO : loss: 0.000437  [19264/50000]
2023-11-30 15:10:49,152 | INFO : loss: 0.000076  [25664/50000]
2023-11-30 15:11:06,959 | INFO : loss: 0.000062  [32064/50000]
2023-11-30 15:11:25,236 | INFO : loss: 0.000406  [38464/50000]
2023-11-30 15:11:43,302 | INFO : loss: 0.000031  [44864/50000]
2023-11-30 15:12:25,299 | INFO : Test Error: 
 Accuracy: 81.0%, Avg loss: 0.935238 

2023-11-30 15:12:25,300 | INFO : Epoch 83
-------------------------------
2023-11-30 15:12:25,625 | INFO : loss: 0.000181  [   64/50000]
2023-11-30 15:12:46,449 | INFO : loss: 0.000872  [ 6464/50000]
2023-11-30 15:13:04,513 | INFO : loss: 0.000278  [12864/50000]
2023-11-30 15:13:22,142 | INFO : loss: 0.000137  [19264/50000]
2023-11-30 15:13:39,559 | INFO : loss: 0.000075  [25664/50000]
2023-11-30 15:13:58,224 | INFO : loss: 0.000083  [32064/50000]
2023-11-30 15:14:16,771 | INFO : loss: 0.000065  [38464/50000]
2023-11-30 15:14:34,195 | INFO : loss: 0.001169  [44864/50000]
2023-11-30 15:15:18,390 | INFO : Test Error: 
 Accuracy: 80.5%, Avg loss: 0.950823 

2023-11-30 15:15:18,391 | INFO : Epoch 84
-------------------------------
2023-11-30 15:15:18,633 | INFO : loss: 0.002118  [   64/50000]
2023-11-30 15:15:37,809 | INFO : loss: 0.000281  [ 6464/50000]
2023-11-30 15:15:55,351 | INFO : loss: 0.000273  [12864/50000]
2023-11-30 15:16:13,154 | INFO : loss: 0.000187  [19264/50000]
2023-11-30 15:16:31,299 | INFO : loss: 0.000499  [25664/50000]
2023-11-30 15:16:48,129 | INFO : loss: 0.000451  [32064/50000]
2023-11-30 15:17:07,863 | INFO : loss: 0.000149  [38464/50000]
2023-11-30 15:17:25,258 | INFO : loss: 0.000224  [44864/50000]
2023-11-30 15:18:06,305 | INFO : Test Error: 
 Accuracy: 80.9%, Avg loss: 0.949447 

2023-11-30 15:18:06,306 | INFO : Epoch 85
-------------------------------
2023-11-30 15:18:06,698 | INFO : loss: 0.001605  [   64/50000]
2023-11-30 15:18:23,430 | INFO : loss: 0.000320  [ 6464/50000]
2023-11-30 15:18:41,204 | INFO : loss: 0.008062  [12864/50000]
2023-11-30 15:19:00,135 | INFO : loss: 0.000457  [19264/50000]
2023-11-30 15:19:18,431 | INFO : loss: 0.001203  [25664/50000]
2023-11-30 15:19:35,704 | INFO : loss: 0.000220  [32064/50000]
2023-11-30 15:19:54,112 | INFO : loss: 0.000389  [38464/50000]
2023-11-30 15:20:12,376 | INFO : loss: 0.000696  [44864/50000]
2023-11-30 15:20:55,507 | INFO : Test Error: 
 Accuracy: 80.9%, Avg loss: 0.952658 

2023-11-30 15:20:55,508 | INFO : Epoch 86
-------------------------------
2023-11-30 15:20:55,791 | INFO : loss: 0.048871  [   64/50000]
2023-11-30 15:21:16,980 | INFO : loss: 0.000148  [ 6464/50000]
2023-11-30 15:21:35,063 | INFO : loss: 0.002149  [12864/50000]
2023-11-30 15:21:56,727 | INFO : loss: 0.000682  [19264/50000]
2023-11-30 15:22:15,265 | INFO : loss: 0.000291  [25664/50000]
2023-11-30 15:22:34,646 | INFO : loss: 0.000283  [32064/50000]
2023-11-30 15:22:51,933 | INFO : loss: 0.000066  [38464/50000]
2023-11-30 15:23:09,422 | INFO : loss: 0.000270  [44864/50000]
2023-11-30 15:23:50,940 | INFO : Test Error: 
 Accuracy: 80.9%, Avg loss: 0.930246 

2023-11-30 15:23:50,941 | INFO : Epoch 87
-------------------------------
2023-11-30 15:23:51,143 | INFO : loss: 0.000607  [   64/50000]
2023-11-30 15:24:09,945 | INFO : loss: 0.000339  [ 6464/50000]
2023-11-30 15:24:29,281 | INFO : loss: 0.000801  [12864/50000]
2023-11-30 15:24:46,051 | INFO : loss: 0.000433  [19264/50000]
2023-11-30 15:25:02,996 | INFO : loss: 0.000098  [25664/50000]
2023-11-30 15:25:20,791 | INFO : loss: 0.000488  [32064/50000]
2023-11-30 15:25:37,249 | INFO : loss: 0.000060  [38464/50000]
2023-11-30 15:25:54,491 | INFO : loss: 0.000102  [44864/50000]
2023-11-30 15:26:39,245 | INFO : Test Error: 
 Accuracy: 81.1%, Avg loss: 0.913740 

2023-11-30 15:26:39,246 | INFO : Epoch 88
-------------------------------
2023-11-30 15:26:39,474 | INFO : loss: 0.000060  [   64/50000]
2023-11-30 15:26:58,221 | INFO : loss: 0.000354  [ 6464/50000]
2023-11-30 15:27:16,498 | INFO : loss: 0.000582  [12864/50000]
2023-11-30 15:27:32,978 | INFO : loss: 0.000221  [19264/50000]
2023-11-30 15:27:52,673 | INFO : loss: 0.000326  [25664/50000]
2023-11-30 15:28:11,351 | INFO : loss: 0.000308  [32064/50000]
2023-11-30 15:28:29,014 | INFO : loss: 0.000841  [38464/50000]
2023-11-30 15:28:46,986 | INFO : loss: 0.000487  [44864/50000]
2023-11-30 15:29:30,695 | INFO : Test Error: 
 Accuracy: 81.1%, Avg loss: 0.922114 

2023-11-30 15:29:30,697 | INFO : Epoch 89
-------------------------------
2023-11-30 15:29:30,912 | INFO : loss: 0.000344  [   64/50000]
2023-11-30 15:29:49,644 | INFO : loss: 0.000015  [ 6464/50000]
2023-11-30 15:30:09,478 | INFO : loss: 0.000868  [12864/50000]
2023-11-30 15:30:28,005 | INFO : loss: 0.001393  [19264/50000]
2023-11-30 15:30:45,205 | INFO : loss: 0.000356  [25664/50000]
2023-11-30 15:31:02,762 | INFO : loss: 0.000072  [32064/50000]
2023-11-30 15:31:21,890 | INFO : loss: 0.000076  [38464/50000]
2023-11-30 15:31:39,603 | INFO : loss: 0.000105  [44864/50000]
2023-11-30 15:32:21,165 | INFO : Test Error: 
 Accuracy: 81.2%, Avg loss: 0.922180 

2023-11-30 15:32:21,166 | INFO : Epoch 90
-------------------------------
2023-11-30 15:32:21,715 | INFO : loss: 0.000113  [   64/50000]
2023-11-30 15:32:41,367 | INFO : loss: 0.000173  [ 6464/50000]
2023-11-30 15:32:58,420 | INFO : loss: 0.000510  [12864/50000]
2023-11-30 15:33:15,422 | INFO : loss: 0.000098  [19264/50000]
2023-11-30 15:33:32,010 | INFO : loss: 0.000551  [25664/50000]
2023-11-30 15:33:50,631 | INFO : loss: 0.000303  [32064/50000]
2023-11-30 15:34:07,761 | INFO : loss: 0.000289  [38464/50000]
2023-11-30 15:34:25,771 | INFO : loss: 0.000049  [44864/50000]
2023-11-30 15:35:12,631 | INFO : Test Error: 
 Accuracy: 81.3%, Avg loss: 0.897192 

2023-11-30 15:35:12,632 | INFO : Epoch 91
-------------------------------
2023-11-30 15:35:12,844 | INFO : loss: 0.000766  [   64/50000]
2023-11-30 15:35:31,132 | INFO : loss: 0.001332  [ 6464/50000]
2023-11-30 15:35:48,652 | INFO : loss: 0.000633  [12864/50000]
2023-11-30 15:36:06,808 | INFO : loss: 0.000292  [19264/50000]
2023-11-30 15:36:25,801 | INFO : loss: 0.000346  [25664/50000]
2023-11-30 15:36:43,515 | INFO : loss: 0.000723  [32064/50000]
2023-11-30 15:37:00,842 | INFO : loss: 0.000056  [38464/50000]
2023-11-30 15:37:19,352 | INFO : loss: 0.000153  [44864/50000]
2023-11-30 15:38:00,044 | INFO : Test Error: 
 Accuracy: 80.8%, Avg loss: 0.920175 

2023-11-30 15:38:00,045 | INFO : Epoch 92
-------------------------------
2023-11-30 15:38:00,311 | INFO : loss: 0.000190  [   64/50000]
2023-11-30 15:38:19,969 | INFO : loss: 0.000240  [ 6464/50000]
2023-11-30 15:38:39,472 | INFO : loss: 0.009185  [12864/50000]
2023-11-30 15:38:57,399 | INFO : loss: 0.000054  [19264/50000]
2023-11-30 15:39:15,945 | INFO : loss: 0.000061  [25664/50000]
2023-11-30 15:39:39,159 | INFO : loss: 0.000345  [32064/50000]
2023-11-30 15:40:00,150 | INFO : loss: 0.000185  [38464/50000]
2023-11-30 15:40:18,742 | INFO : loss: 0.000215  [44864/50000]
2023-11-30 15:41:00,333 | INFO : Test Error: 
 Accuracy: 81.3%, Avg loss: 0.911955 

2023-11-30 15:41:00,334 | INFO : Epoch 93
-------------------------------
2023-11-30 15:41:00,521 | INFO : loss: 0.001069  [   64/50000]
2023-11-30 15:41:17,942 | INFO : loss: 0.000094  [ 6464/50000]
2023-11-30 15:41:37,651 | INFO : loss: 0.000054  [12864/50000]
2023-11-30 15:41:55,030 | INFO : loss: 0.000023  [19264/50000]
2023-11-30 15:42:11,328 | INFO : loss: 0.000729  [25664/50000]
2023-11-30 15:42:28,929 | INFO : loss: 0.000246  [32064/50000]
2023-11-30 15:42:48,357 | INFO : loss: 0.000244  [38464/50000]
2023-11-30 15:43:07,125 | INFO : loss: 0.000600  [44864/50000]
2023-11-30 15:43:50,217 | INFO : Test Error: 
 Accuracy: 81.0%, Avg loss: 0.895471 

2023-11-30 15:43:50,218 | INFO : Epoch 94
-------------------------------
2023-11-30 15:43:50,702 | INFO : loss: 0.000142  [   64/50000]
2023-11-30 15:44:11,392 | INFO : loss: 0.000190  [ 6464/50000]
2023-11-30 15:44:29,583 | INFO : loss: 0.000417  [12864/50000]
2023-11-30 15:44:47,180 | INFO : loss: 0.000124  [19264/50000]
2023-11-30 15:45:07,345 | INFO : loss: 0.002264  [25664/50000]
2023-11-30 15:45:24,929 | INFO : loss: 0.000360  [32064/50000]
2023-11-30 15:45:42,395 | INFO : loss: 0.000100  [38464/50000]
2023-11-30 15:45:59,098 | INFO : loss: 0.000279  [44864/50000]
2023-11-30 15:46:40,097 | INFO : Test Error: 
 Accuracy: 81.1%, Avg loss: 0.885143 

2023-11-30 15:46:40,098 | INFO : Epoch 95
-------------------------------
2023-11-30 15:46:40,324 | INFO : loss: 0.000203  [   64/50000]
2023-11-30 15:46:58,310 | INFO : loss: 0.000492  [ 6464/50000]
2023-11-30 15:47:16,073 | INFO : loss: 0.000055  [12864/50000]
2023-11-30 15:47:33,487 | INFO : loss: 0.000075  [19264/50000]
2023-11-30 15:47:49,754 | INFO : loss: 0.000425  [25664/50000]
2023-11-30 15:48:07,640 | INFO : loss: 0.000086  [32064/50000]
2023-11-30 15:48:27,206 | INFO : loss: 0.000084  [38464/50000]
2023-11-30 15:48:46,152 | INFO : loss: 0.003086  [44864/50000]
2023-11-30 15:49:28,421 | INFO : Test Error: 
 Accuracy: 81.3%, Avg loss: 0.890596 

2023-11-30 15:49:28,422 | INFO : Epoch 96
-------------------------------
2023-11-30 15:49:28,640 | INFO : loss: 0.000157  [   64/50000]
2023-11-30 15:49:46,016 | INFO : loss: 0.000213  [ 6464/50000]
2023-11-30 15:50:04,088 | INFO : loss: 0.000164  [12864/50000]
2023-11-30 15:50:20,217 | INFO : loss: 0.001305  [19264/50000]
2023-11-30 15:50:37,735 | INFO : loss: 0.000413  [25664/50000]
2023-11-30 15:50:54,557 | INFO : loss: 0.000552  [32064/50000]
2023-11-30 15:51:11,841 | INFO : loss: 0.001294  [38464/50000]
2023-11-30 15:51:29,608 | INFO : loss: 0.001877  [44864/50000]
2023-11-30 15:52:09,466 | INFO : Test Error: 
 Accuracy: 81.2%, Avg loss: 0.873682 

2023-11-30 15:52:09,467 | INFO : Epoch 97
-------------------------------
2023-11-30 15:52:09,707 | INFO : loss: 0.000338  [   64/50000]
2023-11-30 15:52:27,726 | INFO : loss: 0.001172  [ 6464/50000]
2023-11-30 15:52:46,272 | INFO : loss: 0.000042  [12864/50000]
2023-11-30 15:53:05,503 | INFO : loss: 0.000090  [19264/50000]
2023-11-30 15:53:23,017 | INFO : loss: 0.000731  [25664/50000]
2023-11-30 15:53:41,038 | INFO : loss: 0.000061  [32064/50000]
2023-11-30 15:53:58,261 | INFO : loss: 0.000053  [38464/50000]
2023-11-30 15:54:15,160 | INFO : loss: 0.001159  [44864/50000]
2023-11-30 15:54:56,576 | INFO : Test Error: 
 Accuracy: 81.4%, Avg loss: 0.888922 

2023-11-30 15:54:56,577 | INFO : Epoch 98
-------------------------------
2023-11-30 15:54:56,789 | INFO : loss: 0.000183  [   64/50000]
2023-11-30 15:55:14,005 | INFO : loss: 0.000212  [ 6464/50000]
2023-11-30 15:55:30,547 | INFO : loss: 0.000196  [12864/50000]
2023-11-30 15:55:48,247 | INFO : loss: 0.000273  [19264/50000]
2023-11-30 15:56:05,353 | INFO : loss: 0.001863  [25664/50000]
2023-11-30 15:56:23,022 | INFO : loss: 0.000197  [32064/50000]
2023-11-30 15:56:43,176 | INFO : loss: 0.000207  [38464/50000]
2023-11-30 15:57:00,545 | INFO : loss: 0.000119  [44864/50000]
2023-11-30 15:57:41,225 | INFO : Test Error: 
 Accuracy: 81.5%, Avg loss: 0.871022 

2023-11-30 15:57:41,226 | INFO : Epoch 99
-------------------------------
2023-11-30 15:57:41,454 | INFO : loss: 0.000320  [   64/50000]
2023-11-30 15:57:57,827 | INFO : loss: 0.000362  [ 6464/50000]
2023-11-30 15:58:14,126 | INFO : loss: 0.000442  [12864/50000]
2023-11-30 15:58:30,123 | INFO : loss: 0.000301  [19264/50000]
2023-11-30 15:58:46,220 | INFO : loss: 0.000369  [25664/50000]
2023-11-30 15:59:02,363 | INFO : loss: 0.000267  [32064/50000]
2023-11-30 15:59:18,188 | INFO : loss: 0.000266  [38464/50000]
2023-11-30 15:59:35,220 | INFO : loss: 0.000103  [44864/50000]
2023-11-30 16:00:16,857 | INFO : Test Error: 
 Accuracy: 81.1%, Avg loss: 0.878472 

2023-11-30 16:00:16,858 | INFO : Epoch 100
-------------------------------
2023-11-30 16:00:17,066 | INFO : loss: 0.000148  [   64/50000]
2023-11-30 16:00:34,607 | INFO : loss: 0.000141  [ 6464/50000]
2023-11-30 16:00:51,775 | INFO : loss: 0.000308  [12864/50000]
2023-11-30 16:01:08,866 | INFO : loss: 0.000453  [19264/50000]
2023-11-30 16:01:25,327 | INFO : loss: 0.000071  [25664/50000]
2023-11-30 16:01:45,701 | INFO : loss: 0.000178  [32064/50000]
2023-11-30 16:02:03,167 | INFO : loss: 0.000043  [38464/50000]
2023-11-30 16:02:22,214 | INFO : loss: 0.000260  [44864/50000]
2023-11-30 16:03:04,365 | INFO : Test Error: 
 Accuracy: 81.2%, Avg loss: 0.883775 

2023-11-30 16:03:04,366 | INFO : Epoch 101
-------------------------------
2023-11-30 16:03:04,816 | INFO : loss: 0.000166  [   64/50000]
2023-11-30 16:03:24,161 | INFO : loss: 0.000039  [ 6464/50000]
2023-11-30 16:03:40,221 | INFO : loss: 0.000215  [12864/50000]
2023-11-30 16:03:58,090 | INFO : loss: 0.001570  [19264/50000]
2023-11-30 16:04:15,693 | INFO : loss: 0.000746  [25664/50000]
2023-11-30 16:04:33,763 | INFO : loss: 0.000196  [32064/50000]
2023-11-30 16:04:51,677 | INFO : loss: 0.000062  [38464/50000]
2023-11-30 16:05:12,366 | INFO : loss: 0.000091  [44864/50000]
2023-11-30 16:05:55,335 | INFO : Test Error: 
 Accuracy: 81.1%, Avg loss: 0.883668 

2023-11-30 16:05:55,336 | INFO : Epoch 102
-------------------------------
2023-11-30 16:05:55,755 | INFO : loss: 0.000636  [   64/50000]
2023-11-30 16:06:13,101 | INFO : loss: 0.000126  [ 6464/50000]
2023-11-30 16:06:30,611 | INFO : loss: 0.000154  [12864/50000]
2023-11-30 16:06:49,392 | INFO : loss: 0.000203  [19264/50000]
2023-11-30 16:07:07,345 | INFO : loss: 0.000254  [25664/50000]
2023-11-30 16:07:24,811 | INFO : loss: 0.000903  [32064/50000]
2023-11-30 16:07:43,599 | INFO : loss: 0.000056  [38464/50000]
2023-11-30 16:08:03,379 | INFO : loss: 0.000266  [44864/50000]
2023-11-30 16:08:46,235 | INFO : Test Error: 
 Accuracy: 81.5%, Avg loss: 0.858625 

2023-11-30 16:08:46,236 | INFO : Epoch 103
-------------------------------
2023-11-30 16:08:46,444 | INFO : loss: 0.000183  [   64/50000]
2023-11-30 16:09:06,305 | INFO : loss: 0.000447  [ 6464/50000]
2023-11-30 16:09:22,699 | INFO : loss: 0.000253  [12864/50000]
2023-11-30 16:09:40,765 | INFO : loss: 0.000136  [19264/50000]
2023-11-30 16:09:58,545 | INFO : loss: 0.000109  [25664/50000]
2023-11-30 16:10:16,556 | INFO : loss: 0.004307  [32064/50000]
2023-11-30 16:10:34,737 | INFO : loss: 0.000175  [38464/50000]
2023-11-30 16:10:51,425 | INFO : loss: 0.000276  [44864/50000]
2023-11-30 16:11:32,697 | INFO : Test Error: 
 Accuracy: 80.7%, Avg loss: 0.884261 

2023-11-30 16:11:32,698 | INFO : Epoch 104
-------------------------------
2023-11-30 16:11:33,038 | INFO : loss: 0.000230  [   64/50000]
2023-11-30 16:11:51,390 | INFO : loss: 0.005085  [ 6464/50000]
2023-11-30 16:12:09,027 | INFO : loss: 0.000351  [12864/50000]
2023-11-30 16:12:26,803 | INFO : loss: 0.000662  [19264/50000]
2023-11-30 16:12:44,003 | INFO : loss: 0.000235  [25664/50000]
2023-11-30 16:13:02,885 | INFO : loss: 0.000483  [32064/50000]
2023-11-30 16:13:21,126 | INFO : loss: 0.000562  [38464/50000]
2023-11-30 16:13:38,343 | INFO : loss: 0.000055  [44864/50000]
2023-11-30 16:14:18,942 | INFO : Test Error: 
 Accuracy: 80.9%, Avg loss: 0.883255 

2023-11-30 16:14:18,942 | INFO : Epoch 105
-------------------------------
2023-11-30 16:14:19,217 | INFO : loss: 0.000203  [   64/50000]
2023-11-30 16:14:36,001 | INFO : loss: 0.000291  [ 6464/50000]
2023-11-30 16:14:53,243 | INFO : loss: 0.000358  [12864/50000]
2023-11-30 16:15:11,374 | INFO : loss: 0.001595  [19264/50000]
2023-11-30 16:15:29,309 | INFO : loss: 0.000188  [25664/50000]
2023-11-30 16:15:46,426 | INFO : loss: 0.000178  [32064/50000]
2023-11-30 16:16:03,523 | INFO : loss: 0.000314  [38464/50000]
2023-11-30 16:16:20,480 | INFO : loss: 0.000493  [44864/50000]
2023-11-30 16:17:04,530 | INFO : Test Error: 
 Accuracy: 81.3%, Avg loss: 0.878600 

2023-11-30 16:17:04,532 | INFO : Epoch 106
-------------------------------
2023-11-30 16:17:04,924 | INFO : loss: 0.000305  [   64/50000]
2023-11-30 16:17:22,493 | INFO : loss: 0.000079  [ 6464/50000]
2023-11-30 16:17:38,882 | INFO : loss: 0.000176  [12864/50000]
2023-11-30 16:17:55,941 | INFO : loss: 0.001072  [19264/50000]
2023-11-30 16:18:11,952 | INFO : loss: 0.000060  [25664/50000]
2023-11-30 16:18:29,317 | INFO : loss: 0.000258  [32064/50000]
2023-11-30 16:18:46,288 | INFO : loss: 0.001170  [38464/50000]
2023-11-30 16:19:02,399 | INFO : loss: 0.001280  [44864/50000]
2023-11-30 16:19:42,663 | INFO : Test Error: 
 Accuracy: 81.4%, Avg loss: 0.866924 

2023-11-30 16:19:42,664 | INFO : Epoch 107
-------------------------------
2023-11-30 16:19:42,918 | INFO : loss: 0.000236  [   64/50000]
2023-11-30 16:19:59,899 | INFO : loss: 0.000048  [ 6464/50000]
2023-11-30 16:20:17,224 | INFO : loss: 0.000425  [12864/50000]
2023-11-30 16:20:33,895 | INFO : loss: 0.000273  [19264/50000]
2023-11-30 16:20:50,624 | INFO : loss: 0.000094  [25664/50000]
2023-11-30 16:21:07,983 | INFO : loss: 0.000175  [32064/50000]
2023-11-30 16:21:24,383 | INFO : loss: 0.000142  [38464/50000]
2023-11-30 16:21:41,499 | INFO : loss: 0.001339  [44864/50000]
2023-11-30 16:22:24,941 | INFO : Test Error: 
 Accuracy: 81.2%, Avg loss: 0.896605 

2023-11-30 16:22:24,941 | INFO : Epoch 108
-------------------------------
2023-11-30 16:22:25,246 | INFO : loss: 0.000096  [   64/50000]
2023-11-30 16:22:43,417 | INFO : loss: 0.000569  [ 6464/50000]
2023-11-30 16:23:01,467 | INFO : loss: 0.025192  [12864/50000]
2023-11-30 16:23:19,035 | INFO : loss: 0.001144  [19264/50000]
2023-11-30 16:23:35,129 | INFO : loss: 0.000128  [25664/50000]
2023-11-30 16:23:51,975 | INFO : loss: 0.000758  [32064/50000]
2023-11-30 16:24:09,225 | INFO : loss: 0.000288  [38464/50000]
2023-11-30 16:24:27,187 | INFO : loss: 0.000094  [44864/50000]
2023-11-30 16:25:08,246 | INFO : Test Error: 
 Accuracy: 81.4%, Avg loss: 0.873082 

2023-11-30 16:25:08,248 | INFO : Epoch 109
-------------------------------
2023-11-30 16:25:08,445 | INFO : loss: 0.000998  [   64/50000]
2023-11-30 16:25:25,903 | INFO : loss: 0.000807  [ 6464/50000]
2023-11-30 16:25:42,541 | INFO : loss: 0.000407  [12864/50000]
2023-11-30 16:26:01,470 | INFO : loss: 0.000223  [19264/50000]
2023-11-30 16:26:19,356 | INFO : loss: 0.000158  [25664/50000]
2023-11-30 16:26:36,501 | INFO : loss: 0.000465  [32064/50000]
2023-11-30 16:26:53,608 | INFO : loss: 0.001047  [38464/50000]
2023-11-30 16:27:10,691 | INFO : loss: 0.000624  [44864/50000]
2023-11-30 16:27:50,891 | INFO : Test Error: 
 Accuracy: 81.1%, Avg loss: 0.883061 

2023-11-30 16:27:50,892 | INFO : Epoch 110
-------------------------------
2023-11-30 16:27:51,161 | INFO : loss: 0.000677  [   64/50000]
2023-11-30 16:28:08,979 | INFO : loss: 0.000172  [ 6464/50000]
2023-11-30 16:28:27,065 | INFO : loss: 0.000225  [12864/50000]
2023-11-30 16:28:44,839 | INFO : loss: 0.000168  [19264/50000]
2023-11-30 16:29:03,254 | INFO : loss: 0.000083  [25664/50000]
2023-11-30 16:29:20,800 | INFO : loss: 0.000409  [32064/50000]
2023-11-30 16:29:38,482 | INFO : loss: 0.000182  [38464/50000]
2023-11-30 16:29:56,070 | INFO : loss: 0.000054  [44864/50000]
2023-11-30 16:30:36,211 | INFO : Test Error: 
 Accuracy: 81.3%, Avg loss: 0.877171 

2023-11-30 16:30:36,212 | INFO : Epoch 111
-------------------------------
2023-11-30 16:30:36,433 | INFO : loss: 0.000393  [   64/50000]
2023-11-30 16:30:53,633 | INFO : loss: 0.000621  [ 6464/50000]
2023-11-30 16:31:11,684 | INFO : loss: 0.000156  [12864/50000]
2023-11-30 16:31:29,863 | INFO : loss: 0.000225  [19264/50000]
2023-11-30 16:31:48,609 | INFO : loss: 0.000064  [25664/50000]
2023-11-30 16:32:05,982 | INFO : loss: 0.000212  [32064/50000]
2023-11-30 16:32:23,696 | INFO : loss: 0.000362  [38464/50000]
2023-11-30 16:32:40,092 | INFO : loss: 0.000132  [44864/50000]
2023-11-30 16:33:20,389 | INFO : Test Error: 
 Accuracy: 81.0%, Avg loss: 0.873094 

2023-11-30 16:33:20,390 | INFO : Epoch 112
-------------------------------
2023-11-30 16:33:20,653 | INFO : loss: 0.002823  [   64/50000]
2023-11-30 16:33:39,512 | INFO : loss: 0.000160  [ 6464/50000]
2023-11-30 16:33:55,425 | INFO : loss: 0.000351  [12864/50000]
2023-11-30 16:34:12,263 | INFO : loss: 0.000070  [19264/50000]
2023-11-30 16:34:29,120 | INFO : loss: 0.000600  [25664/50000]
2023-11-30 16:34:47,035 | INFO : loss: 0.000229  [32064/50000]
2023-11-30 16:35:03,992 | INFO : loss: 0.001019  [38464/50000]
2023-11-30 16:35:21,145 | INFO : loss: 0.000454  [44864/50000]
2023-11-30 16:36:00,312 | INFO : Test Error: 
 Accuracy: 81.4%, Avg loss: 0.869813 

2023-11-30 16:36:00,313 | INFO : Epoch 113
-------------------------------
2023-11-30 16:36:00,516 | INFO : loss: 0.000264  [   64/50000]
2023-11-30 16:36:17,703 | INFO : loss: 0.000844  [ 6464/50000]
2023-11-30 16:36:34,695 | INFO : loss: 0.000100  [12864/50000]
2023-11-30 16:36:50,530 | INFO : loss: 0.003177  [19264/50000]
2023-11-30 16:37:06,735 | INFO : loss: 0.002972  [25664/50000]
2023-11-30 16:37:22,321 | INFO : loss: 0.000428  [32064/50000]
2023-11-30 16:37:38,933 | INFO : loss: 0.000146  [38464/50000]
2023-11-30 16:37:55,977 | INFO : loss: 0.000231  [44864/50000]
2023-11-30 16:38:34,540 | INFO : Test Error: 
 Accuracy: 81.3%, Avg loss: 0.874180 

2023-11-30 16:38:34,540 | INFO : Epoch 114
-------------------------------
2023-11-30 16:38:34,827 | INFO : loss: 0.001673  [   64/50000]
2023-11-30 16:38:51,352 | INFO : loss: 0.000201  [ 6464/50000]
2023-11-30 16:39:07,786 | INFO : loss: 0.000268  [12864/50000]
2023-11-30 16:39:24,789 | INFO : loss: 0.000265  [19264/50000]
2023-11-30 16:39:41,020 | INFO : loss: 0.000767  [25664/50000]
2023-11-30 16:39:58,916 | INFO : loss: 0.000494  [32064/50000]
2023-11-30 16:40:16,297 | INFO : loss: 0.001111  [38464/50000]
2023-11-30 16:40:32,936 | INFO : loss: 0.000255  [44864/50000]
2023-11-30 16:41:14,923 | INFO : Test Error: 
 Accuracy: 80.9%, Avg loss: 0.860593 

2023-11-30 16:41:14,925 | INFO : Epoch 115
-------------------------------
2023-11-30 16:41:15,175 | INFO : loss: 0.000243  [   64/50000]
2023-11-30 16:41:31,734 | INFO : loss: 0.000379  [ 6464/50000]
2023-11-30 16:41:49,335 | INFO : loss: 0.000178  [12864/50000]
2023-11-30 16:42:06,948 | INFO : loss: 0.000246  [19264/50000]
2023-11-30 16:42:23,694 | INFO : loss: 0.000099  [25664/50000]
2023-11-30 16:42:42,748 | INFO : loss: 0.000235  [32064/50000]
2023-11-30 16:43:00,916 | INFO : loss: 0.000509  [38464/50000]
2023-11-30 16:43:17,972 | INFO : loss: 0.000729  [44864/50000]
2023-11-30 16:43:58,576 | INFO : Test Error: 
 Accuracy: 81.2%, Avg loss: 0.862570 

2023-11-30 16:43:58,577 | INFO : Epoch 116
-------------------------------
2023-11-30 16:43:58,917 | INFO : loss: 0.000034  [   64/50000]
2023-11-30 16:44:18,200 | INFO : loss: 0.000297  [ 6464/50000]
2023-11-30 16:44:35,201 | INFO : loss: 0.000460  [12864/50000]
2023-11-30 16:44:53,646 | INFO : loss: 0.000121  [19264/50000]
2023-11-30 16:45:12,156 | INFO : loss: 0.000904  [25664/50000]
2023-11-30 16:45:31,133 | INFO : loss: 0.002273  [32064/50000]
2023-11-30 16:45:49,789 | INFO : loss: 0.002965  [38464/50000]
2023-11-30 16:46:09,757 | INFO : loss: 0.000170  [44864/50000]
2023-11-30 16:46:54,149 | INFO : Test Error: 
 Accuracy: 81.1%, Avg loss: 0.885745 

2023-11-30 16:46:54,150 | INFO : Epoch 117
-------------------------------
2023-11-30 16:46:54,396 | INFO : loss: 0.000107  [   64/50000]
2023-11-30 16:47:13,458 | INFO : loss: 0.000079  [ 6464/50000]
2023-11-30 16:47:32,317 | INFO : loss: 0.007652  [12864/50000]
2023-11-30 16:47:50,741 | INFO : loss: 0.000174  [19264/50000]
2023-11-30 16:48:10,205 | INFO : loss: 0.000261  [25664/50000]
2023-11-30 16:48:27,404 | INFO : loss: 0.000129  [32064/50000]
2023-11-30 16:48:45,533 | INFO : loss: 0.000152  [38464/50000]
2023-11-30 16:49:02,224 | INFO : loss: 0.007160  [44864/50000]
2023-11-30 16:49:43,579 | INFO : Test Error: 
 Accuracy: 81.3%, Avg loss: 0.868397 

2023-11-30 16:49:43,580 | INFO : Epoch 118
-------------------------------
2023-11-30 16:49:43,776 | INFO : loss: 0.000262  [   64/50000]
2023-11-30 16:50:01,278 | INFO : loss: 0.000160  [ 6464/50000]
2023-11-30 16:50:18,729 | INFO : loss: 0.000296  [12864/50000]
2023-11-30 16:50:37,211 | INFO : loss: 0.000632  [19264/50000]
2023-11-30 16:50:54,541 | INFO : loss: 0.000147  [25664/50000]
2023-11-30 16:51:12,010 | INFO : loss: 0.000108  [32064/50000]
2023-11-30 16:51:30,229 | INFO : loss: 0.000045  [38464/50000]
2023-11-30 16:51:46,142 | INFO : loss: 0.000289  [44864/50000]
2023-11-30 16:52:30,401 | INFO : Test Error: 
 Accuracy: 81.0%, Avg loss: 0.878489 

2023-11-30 16:52:30,402 | INFO : Epoch 119
-------------------------------
2023-11-30 16:52:30,953 | INFO : loss: 0.001166  [   64/50000]
2023-11-30 16:52:49,906 | INFO : loss: 0.000794  [ 6464/50000]
2023-11-30 16:53:10,440 | INFO : loss: 0.000791  [12864/50000]
2023-11-30 16:53:27,452 | INFO : loss: 0.000300  [19264/50000]
2023-11-30 16:53:44,796 | INFO : loss: 0.000082  [25664/50000]
2023-11-30 16:54:02,133 | INFO : loss: 0.000837  [32064/50000]
2023-11-30 16:54:18,597 | INFO : loss: 0.001041  [38464/50000]
2023-11-30 16:54:35,198 | INFO : loss: 0.000412  [44864/50000]
2023-11-30 16:55:17,229 | INFO : Test Error: 
 Accuracy: 81.3%, Avg loss: 0.868991 

2023-11-30 16:55:17,230 | INFO : Epoch 120
-------------------------------
2023-11-30 16:55:17,450 | INFO : loss: 0.000564  [   64/50000]
2023-11-30 16:55:35,873 | INFO : loss: 0.000216  [ 6464/50000]
2023-11-30 16:55:53,717 | INFO : loss: 0.000312  [12864/50000]
2023-11-30 16:56:11,922 | INFO : loss: 0.000250  [19264/50000]
2023-11-30 16:56:30,607 | INFO : loss: 0.000371  [25664/50000]
2023-11-30 16:56:47,988 | INFO : loss: 0.000096  [32064/50000]
2023-11-30 16:57:06,464 | INFO : loss: 0.000206  [38464/50000]
2023-11-30 16:57:23,064 | INFO : loss: 0.000195  [44864/50000]
2023-11-30 16:58:05,652 | INFO : Test Error: 
 Accuracy: 81.2%, Avg loss: 0.869729 

2023-11-30 16:58:05,653 | INFO : Epoch 121
-------------------------------
2023-11-30 16:58:05,885 | INFO : loss: 0.000470  [   64/50000]
2023-11-30 16:58:23,466 | INFO : loss: 0.000571  [ 6464/50000]
2023-11-30 16:58:41,918 | INFO : loss: 0.000817  [12864/50000]
2023-11-30 16:58:59,474 | INFO : loss: 0.000212  [19264/50000]
2023-11-30 16:59:16,587 | INFO : loss: 0.000271  [25664/50000]
2023-11-30 16:59:33,660 | INFO : loss: 0.000577  [32064/50000]
2023-11-30 16:59:52,105 | INFO : loss: 0.000228  [38464/50000]
2023-11-30 17:00:08,804 | INFO : loss: 0.000440  [44864/50000]
2023-11-30 17:00:51,477 | INFO : Test Error: 
 Accuracy: 81.1%, Avg loss: 0.880697 

2023-11-30 17:00:51,478 | INFO : Epoch 122
-------------------------------
2023-11-30 17:00:51,820 | INFO : loss: 0.001604  [   64/50000]
2023-11-30 17:01:08,572 | INFO : loss: 0.000890  [ 6464/50000]
2023-11-30 17:01:26,591 | INFO : loss: 0.000414  [12864/50000]
2023-11-30 17:01:44,586 | INFO : loss: 0.000222  [19264/50000]
2023-11-30 17:02:01,899 | INFO : loss: 0.000187  [25664/50000]
2023-11-30 17:02:18,956 | INFO : loss: 0.000035  [32064/50000]
2023-11-30 17:02:36,059 | INFO : loss: 0.000254  [38464/50000]
2023-11-30 17:02:53,274 | INFO : loss: 0.000401  [44864/50000]
2023-11-30 17:03:34,926 | INFO : Test Error: 
 Accuracy: 81.3%, Avg loss: 0.890320 

2023-11-30 17:03:34,927 | INFO : Epoch 123
-------------------------------
2023-11-30 17:03:35,390 | INFO : loss: 0.000253  [   64/50000]
2023-11-30 17:03:52,605 | INFO : loss: 0.000902  [ 6464/50000]
2023-11-30 17:04:09,853 | INFO : loss: 0.000672  [12864/50000]
2023-11-30 17:04:26,592 | INFO : loss: 0.001144  [19264/50000]
2023-11-30 17:04:43,805 | INFO : loss: 0.000344  [25664/50000]
2023-11-30 17:05:00,775 | INFO : loss: 0.000242  [32064/50000]
2023-11-30 17:05:18,408 | INFO : loss: 0.000588  [38464/50000]
2023-11-30 17:05:35,878 | INFO : loss: 0.000198  [44864/50000]
2023-11-30 17:06:18,569 | INFO : Test Error: 
 Accuracy: 81.5%, Avg loss: 0.865178 

2023-11-30 17:06:18,570 | INFO : Epoch 124
-------------------------------
2023-11-30 17:06:18,797 | INFO : loss: 0.000153  [   64/50000]
2023-11-30 17:06:37,604 | INFO : loss: 0.000203  [ 6464/50000]
2023-11-30 17:06:54,606 | INFO : loss: 0.000252  [12864/50000]
2023-11-30 17:07:11,024 | INFO : loss: 0.000388  [19264/50000]
2023-11-30 17:07:28,136 | INFO : loss: 0.000649  [25664/50000]
2023-11-30 17:07:45,871 | INFO : loss: 0.001693  [32064/50000]
2023-11-30 17:08:04,228 | INFO : loss: 0.000221  [38464/50000]
2023-11-30 17:08:21,442 | INFO : loss: 0.000175  [44864/50000]
2023-11-30 17:09:03,245 | INFO : Test Error: 
 Accuracy: 80.8%, Avg loss: 0.885547 

2023-11-30 17:09:03,246 | INFO : Epoch 125
-------------------------------
2023-11-30 17:09:03,442 | INFO : loss: 0.000216  [   64/50000]
2023-11-30 17:09:20,033 | INFO : loss: 0.000254  [ 6464/50000]
2023-11-30 17:09:36,111 | INFO : loss: 0.000898  [12864/50000]
2023-11-30 17:09:53,099 | INFO : loss: 0.000227  [19264/50000]
2023-11-30 17:10:10,547 | INFO : loss: 0.000689  [25664/50000]
2023-11-30 17:10:28,206 | INFO : loss: 0.000509  [32064/50000]
2023-11-30 17:10:46,182 | INFO : loss: 0.001110  [38464/50000]
2023-11-30 17:11:03,471 | INFO : loss: 0.000773  [44864/50000]
2023-11-30 17:11:47,029 | INFO : Test Error: 
 Accuracy: 81.4%, Avg loss: 0.866437 

2023-11-30 17:11:47,030 | INFO : Epoch 126
-------------------------------
2023-11-30 17:11:47,279 | INFO : loss: 0.000316  [   64/50000]
2023-11-30 17:12:06,136 | INFO : loss: 0.000599  [ 6464/50000]
2023-11-30 17:12:24,563 | INFO : loss: 0.000502  [12864/50000]
2023-11-30 17:12:43,145 | INFO : loss: 0.002048  [19264/50000]
2023-11-30 17:13:00,649 | INFO : loss: 0.000275  [25664/50000]
2023-11-30 17:13:18,345 | INFO : loss: 0.000285  [32064/50000]
2023-11-30 17:13:35,177 | INFO : loss: 0.000023  [38464/50000]
2023-11-30 17:13:52,796 | INFO : loss: 0.000255  [44864/50000]
2023-11-30 17:14:33,559 | INFO : Test Error: 
 Accuracy: 80.8%, Avg loss: 0.879848 

2023-11-30 17:14:33,560 | INFO : Epoch 127
-------------------------------
2023-11-30 17:14:33,805 | INFO : loss: 0.001523  [   64/50000]
2023-11-30 17:14:50,371 | INFO : loss: 0.000645  [ 6464/50000]
2023-11-30 17:15:06,815 | INFO : loss: 0.000410  [12864/50000]
2023-11-30 17:15:24,865 | INFO : loss: 0.000611  [19264/50000]
2023-11-30 17:15:42,103 | INFO : loss: 0.004026  [25664/50000]
2023-11-30 17:15:59,152 | INFO : loss: 0.000428  [32064/50000]
2023-11-30 17:16:16,717 | INFO : loss: 0.000338  [38464/50000]
2023-11-30 17:16:33,209 | INFO : loss: 0.000158  [44864/50000]
2023-11-30 17:17:14,383 | INFO : Test Error: 
 Accuracy: 81.1%, Avg loss: 0.888706 

2023-11-30 17:17:14,384 | INFO : Epoch 128
-------------------------------
2023-11-30 17:17:14,598 | INFO : loss: 0.000369  [   64/50000]
2023-11-30 17:17:33,561 | INFO : loss: 0.005393  [ 6464/50000]
2023-11-30 17:17:50,695 | INFO : loss: 0.000495  [12864/50000]
2023-11-30 17:18:07,639 | INFO : loss: 0.000597  [19264/50000]
2023-11-30 17:18:25,494 | INFO : loss: 0.000204  [25664/50000]
2023-11-30 17:18:42,372 | INFO : loss: 0.000109  [32064/50000]
2023-11-30 17:18:59,859 | INFO : loss: 0.006920  [38464/50000]
2023-11-30 17:19:17,711 | INFO : loss: 0.000534  [44864/50000]
2023-11-30 17:20:02,372 | INFO : Test Error: 
 Accuracy: 81.3%, Avg loss: 0.879168 

2023-11-30 17:20:02,373 | INFO : Epoch 129
-------------------------------
2023-11-30 17:20:02,620 | INFO : loss: 0.000463  [   64/50000]
2023-11-30 17:20:41,395 | INFO : loss: 0.000353  [ 6464/50000]
2023-11-30 17:21:17,096 | INFO : loss: 0.002142  [12864/50000]
2023-11-30 17:21:49,812 | INFO : loss: 0.000039  [19264/50000]
2023-11-30 17:22:24,819 | INFO : loss: 0.000306  [25664/50000]
2023-11-30 17:23:01,255 | INFO : loss: 0.000253  [32064/50000]
2023-11-30 17:23:40,413 | INFO : loss: 0.000284  [38464/50000]
2023-11-30 17:24:11,270 | INFO : loss: 0.000454  [44864/50000]
2023-11-30 17:24:51,216 | INFO : Test Error: 
 Accuracy: 81.2%, Avg loss: 0.863420 

2023-11-30 17:24:51,217 | INFO : Epoch 130
-------------------------------
2023-11-30 17:24:51,480 | INFO : loss: 0.000102  [   64/50000]
2023-11-30 17:25:09,311 | INFO : loss: 0.000399  [ 6464/50000]
2023-11-30 17:25:25,734 | INFO : loss: 0.000651  [12864/50000]
2023-11-30 17:25:41,983 | INFO : loss: 0.000814  [19264/50000]
2023-11-30 17:25:58,493 | INFO : loss: 0.006366  [25664/50000]
2023-11-30 17:26:14,932 | INFO : loss: 0.000805  [32064/50000]
2023-11-30 17:26:31,753 | INFO : loss: 0.000611  [38464/50000]
2023-11-30 17:26:47,848 | INFO : loss: 0.000326  [44864/50000]
2023-11-30 17:27:28,748 | INFO : Test Error: 
 Accuracy: 81.0%, Avg loss: 0.864131 

2023-11-30 17:27:28,749 | INFO : Epoch 131
-------------------------------
2023-11-30 17:27:28,945 | INFO : loss: 0.000720  [   64/50000]
2023-11-30 17:27:45,814 | INFO : loss: 0.000090  [ 6464/50000]
2023-11-30 17:28:02,766 | INFO : loss: 0.007492  [12864/50000]
2023-11-30 17:28:20,233 | INFO : loss: 0.001650  [19264/50000]
2023-11-30 17:28:36,998 | INFO : loss: 0.001496  [25664/50000]
2023-11-30 17:28:54,645 | INFO : loss: 0.000131  [32064/50000]
2023-11-30 17:29:11,754 | INFO : loss: 0.000767  [38464/50000]
2023-11-30 17:29:28,614 | INFO : loss: 0.000070  [44864/50000]
2023-11-30 17:30:09,356 | INFO : Test Error: 
 Accuracy: 80.9%, Avg loss: 0.877699 

2023-11-30 17:30:09,358 | INFO : Epoch 132
-------------------------------
2023-11-30 17:30:09,640 | INFO : loss: 0.001103  [   64/50000]
2023-11-30 17:30:25,911 | INFO : loss: 0.000459  [ 6464/50000]
2023-11-30 17:30:42,451 | INFO : loss: 0.000584  [12864/50000]
2023-11-30 17:30:59,108 | INFO : loss: 0.000707  [19264/50000]
2023-11-30 17:31:16,115 | INFO : loss: 0.000366  [25664/50000]
2023-11-30 17:31:34,239 | INFO : loss: 0.007405  [32064/50000]
2023-11-30 17:31:51,671 | INFO : loss: 0.000265  [38464/50000]
2023-11-30 17:32:10,138 | INFO : loss: 0.000335  [44864/50000]
2023-11-30 17:32:53,479 | INFO : Test Error: 
 Accuracy: 81.1%, Avg loss: 0.868384 

2023-11-30 17:32:53,480 | INFO : Epoch 133
-------------------------------
2023-11-30 17:32:53,714 | INFO : loss: 0.000641  [   64/50000]
2023-11-30 17:33:11,763 | INFO : loss: 0.000295  [ 6464/50000]
2023-11-30 17:33:30,697 | INFO : loss: 0.000124  [12864/50000]
2023-11-30 17:33:47,737 | INFO : loss: 0.000592  [19264/50000]
2023-11-30 17:34:05,064 | INFO : loss: 0.000441  [25664/50000]
2023-11-30 17:34:22,882 | INFO : loss: 0.000536  [32064/50000]
2023-11-30 17:34:40,680 | INFO : loss: 0.001681  [38464/50000]
2023-11-30 17:34:56,885 | INFO : loss: 0.000373  [44864/50000]
2023-11-30 17:35:36,983 | INFO : Test Error: 
 Accuracy: 81.2%, Avg loss: 0.857645 

2023-11-30 17:35:36,984 | INFO : Epoch 134
-------------------------------
2023-11-30 17:35:37,245 | INFO : loss: 0.000083  [   64/50000]
2023-11-30 17:35:54,763 | INFO : loss: 0.000092  [ 6464/50000]
2023-11-30 17:36:11,382 | INFO : loss: 0.000227  [12864/50000]
2023-11-30 17:36:28,430 | INFO : loss: 0.000264  [19264/50000]
2023-11-30 17:36:45,841 | INFO : loss: 0.000270  [25664/50000]
2023-11-30 17:37:03,485 | INFO : loss: 0.000255  [32064/50000]
2023-11-30 17:37:20,330 | INFO : loss: 0.000439  [38464/50000]
2023-11-30 17:37:37,722 | INFO : loss: 0.000102  [44864/50000]
2023-11-30 17:38:20,662 | INFO : Test Error: 
 Accuracy: 81.3%, Avg loss: 0.886004 

2023-11-30 17:38:20,664 | INFO : Epoch 135
-------------------------------
2023-11-30 17:38:21,218 | INFO : loss: 0.000207  [   64/50000]
2023-11-30 17:38:38,434 | INFO : loss: 0.001302  [ 6464/50000]
2023-11-30 17:38:55,375 | INFO : loss: 0.001464  [12864/50000]
2023-11-30 17:39:13,936 | INFO : loss: 0.000460  [19264/50000]
2023-11-30 17:39:37,204 | INFO : loss: 0.000068  [25664/50000]
2023-11-30 17:40:12,871 | INFO : loss: 0.000444  [32064/50000]
2023-11-30 17:40:50,810 | INFO : loss: 0.000400  [38464/50000]
2023-11-30 17:41:30,704 | INFO : loss: 0.000453  [44864/50000]
2023-11-30 17:42:49,105 | INFO : Test Error: 
 Accuracy: 80.9%, Avg loss: 0.868809 

2023-11-30 17:42:49,106 | INFO : Epoch 136
-------------------------------
2023-11-30 17:42:49,786 | INFO : loss: 0.000085  [   64/50000]
2023-11-30 17:43:27,900 | INFO : loss: 0.000314  [ 6464/50000]
2023-11-30 17:44:06,480 | INFO : loss: 0.000378  [12864/50000]
2023-11-30 17:44:45,257 | INFO : loss: 0.000198  [19264/50000]
2023-11-30 17:45:24,452 | INFO : loss: 0.000328  [25664/50000]
2023-11-30 17:46:01,387 | INFO : loss: 0.000537  [32064/50000]
2023-11-30 17:46:38,632 | INFO : loss: 0.000596  [38464/50000]
2023-11-30 17:47:16,008 | INFO : loss: 0.000237  [44864/50000]
2023-11-30 17:48:14,682 | INFO : Test Error: 
 Accuracy: 81.6%, Avg loss: 0.876631 

2023-11-30 17:48:14,683 | INFO : Epoch 137
-------------------------------
2023-11-30 17:48:14,953 | INFO : loss: 0.000275  [   64/50000]
2023-11-30 17:48:34,100 | INFO : loss: 0.000075  [ 6464/50000]
2023-11-30 17:48:53,134 | INFO : loss: 0.000133  [12864/50000]
2023-11-30 17:49:10,400 | INFO : loss: 0.000123  [19264/50000]
2023-11-30 17:49:28,196 | INFO : loss: 0.000194  [25664/50000]
2023-11-30 17:49:45,958 | INFO : loss: 0.000493  [32064/50000]
2023-11-30 17:50:04,085 | INFO : loss: 0.000158  [38464/50000]
2023-11-30 17:50:21,188 | INFO : loss: 0.000142  [44864/50000]
2023-11-30 17:51:06,047 | INFO : Test Error: 
 Accuracy: 81.0%, Avg loss: 0.869056 

2023-11-30 17:51:06,049 | INFO : Epoch 138
-------------------------------
2023-11-30 17:51:06,485 | INFO : loss: 0.000237  [   64/50000]
2023-11-30 17:51:24,596 | INFO : loss: 0.000537  [ 6464/50000]
2023-11-30 17:51:42,647 | INFO : loss: 0.000188  [12864/50000]
2023-11-30 17:51:59,877 | INFO : loss: 0.000256  [19264/50000]
2023-11-30 17:52:17,712 | INFO : loss: 0.000562  [25664/50000]
2023-11-30 17:52:35,802 | INFO : loss: 0.000368  [32064/50000]
2023-11-30 17:52:54,528 | INFO : loss: 0.000706  [38464/50000]
2023-11-30 17:53:13,924 | INFO : loss: 0.000449  [44864/50000]
2023-11-30 17:53:58,586 | INFO : Test Error: 
 Accuracy: 80.9%, Avg loss: 0.883652 

2023-11-30 17:53:58,587 | INFO : Epoch 139
-------------------------------
2023-11-30 17:53:58,827 | INFO : loss: 0.001112  [   64/50000]
2023-11-30 17:54:35,136 | INFO : loss: 0.000188  [ 6464/50000]
2023-11-30 17:55:07,672 | INFO : loss: 0.000143  [12864/50000]
2023-11-30 17:55:39,979 | INFO : loss: 0.000328  [19264/50000]
2023-11-30 17:56:13,650 | INFO : loss: 0.000095  [25664/50000]
2023-11-30 17:56:46,990 | INFO : loss: 0.000033  [32064/50000]
2023-11-30 17:57:20,302 | INFO : loss: 0.001326  [38464/50000]
2023-11-30 17:57:55,631 | INFO : loss: 0.000303  [44864/50000]
2023-11-30 17:59:14,077 | INFO : Test Error: 
 Accuracy: 80.8%, Avg loss: 0.883716 

2023-11-30 17:59:14,079 | INFO : Epoch 140
-------------------------------
2023-11-30 17:59:14,648 | INFO : loss: 0.000402  [   64/50000]
2023-11-30 17:59:48,995 | INFO : loss: 0.000942  [ 6464/50000]
2023-11-30 18:00:26,617 | INFO : loss: 0.000439  [12864/50000]
2023-11-30 18:01:01,303 | INFO : loss: 0.000252  [19264/50000]
2023-11-30 18:01:34,224 | INFO : loss: 0.000285  [25664/50000]
2023-11-30 18:02:07,361 | INFO : loss: 0.000682  [32064/50000]
2023-11-30 18:02:41,843 | INFO : loss: 0.000520  [38464/50000]
2023-11-30 18:03:16,734 | INFO : loss: 0.001440  [44864/50000]
2023-11-30 18:04:31,466 | INFO : Test Error: 
 Accuracy: 81.4%, Avg loss: 0.860473 

2023-11-30 18:04:31,467 | INFO : Epoch 141
-------------------------------
2023-11-30 18:04:32,258 | INFO : loss: 0.000620  [   64/50000]
2023-11-30 18:05:08,655 | INFO : loss: 0.000249  [ 6464/50000]
2023-11-30 18:05:38,990 | INFO : loss: 0.000321  [12864/50000]
2023-11-30 18:06:16,618 | INFO : loss: 0.000639  [19264/50000]
2023-11-30 18:06:47,749 | INFO : loss: 0.000942  [25664/50000]
2023-11-30 18:07:17,376 | INFO : loss: 0.005990  [32064/50000]
2023-11-30 18:07:49,763 | INFO : loss: 0.000421  [38464/50000]
2023-11-30 18:08:25,106 | INFO : loss: 0.000134  [44864/50000]
2023-11-30 18:09:36,754 | INFO : Test Error: 
 Accuracy: 81.1%, Avg loss: 0.878760 

2023-11-30 18:09:36,756 | INFO : Epoch 142
-------------------------------
2023-11-30 18:09:37,291 | INFO : loss: 0.000637  [   64/50000]
2023-11-30 18:10:13,822 | INFO : loss: 0.000145  [ 6464/50000]
2023-11-30 18:10:48,350 | INFO : loss: 0.000234  [12864/50000]
2023-11-30 18:11:22,254 | INFO : loss: 0.000128  [19264/50000]
2023-11-30 18:11:58,688 | INFO : loss: 0.001013  [25664/50000]
2023-11-30 18:12:32,909 | INFO : loss: 0.000750  [32064/50000]
2023-11-30 18:13:07,840 | INFO : loss: 0.000454  [38464/50000]
2023-11-30 18:13:43,796 | INFO : loss: 0.000201  [44864/50000]
2023-11-30 18:14:56,169 | INFO : Test Error: 
 Accuracy: 81.0%, Avg loss: 0.889442 

2023-11-30 18:14:56,171 | INFO : Epoch 143
-------------------------------
2023-11-30 18:14:56,532 | INFO : loss: 0.000344  [   64/50000]
2023-11-30 18:15:27,817 | INFO : loss: 0.002695  [ 6464/50000]
2023-11-30 18:16:01,566 | INFO : loss: 0.000751  [12864/50000]
2023-11-30 18:16:35,494 | INFO : loss: 0.000320  [19264/50000]
2023-11-30 18:17:09,745 | INFO : loss: 0.000184  [25664/50000]
2023-11-30 18:17:43,657 | INFO : loss: 0.000410  [32064/50000]
2023-11-30 18:18:17,055 | INFO : loss: 0.000726  [38464/50000]
2023-11-30 18:18:52,796 | INFO : loss: 0.000468  [44864/50000]
2023-11-30 18:20:06,216 | INFO : Test Error: 
 Accuracy: 81.0%, Avg loss: 0.877399 

2023-11-30 18:20:06,217 | INFO : Epoch 144
-------------------------------
2023-11-30 18:20:07,082 | INFO : loss: 0.000188  [   64/50000]
2023-11-30 18:20:39,019 | INFO : loss: 0.000185  [ 6464/50000]
2023-11-30 18:21:11,816 | INFO : loss: 0.000248  [12864/50000]
2023-11-30 18:21:45,701 | INFO : loss: 0.000535  [19264/50000]
2023-11-30 18:22:20,727 | INFO : loss: 0.000112  [25664/50000]
2023-11-30 18:22:53,681 | INFO : loss: 0.000297  [32064/50000]
2023-11-30 18:23:25,355 | INFO : loss: 0.000535  [38464/50000]
2023-11-30 18:23:59,336 | INFO : loss: 0.000316  [44864/50000]
2023-11-30 18:25:17,232 | INFO : Test Error: 
 Accuracy: 80.9%, Avg loss: 0.894774 

2023-11-30 18:25:17,233 | INFO : Epoch 145
-------------------------------
2023-11-30 18:25:17,756 | INFO : loss: 0.000139  [   64/50000]
2023-11-30 18:25:52,791 | INFO : loss: 0.000943  [ 6464/50000]
2023-11-30 18:26:24,721 | INFO : loss: 0.000351  [12864/50000]
2023-11-30 18:27:06,565 | INFO : loss: 0.000605  [19264/50000]
2023-11-30 18:27:38,790 | INFO : loss: 0.000456  [25664/50000]
2023-11-30 18:28:09,796 | INFO : loss: 0.000335  [32064/50000]
2023-11-30 18:28:40,655 | INFO : loss: 0.000586  [38464/50000]
2023-11-30 18:29:15,841 | INFO : loss: 0.000422  [44864/50000]
2023-11-30 18:30:29,732 | INFO : Test Error: 
 Accuracy: 80.9%, Avg loss: 0.882018 

2023-11-30 18:30:29,733 | INFO : Epoch 146
-------------------------------
2023-11-30 18:30:30,140 | INFO : loss: 0.000425  [   64/50000]
2023-11-30 18:31:10,637 | INFO : loss: 0.000045  [ 6464/50000]
2023-11-30 18:31:44,903 | INFO : loss: 0.000171  [12864/50000]
2023-11-30 18:32:21,108 | INFO : loss: 0.000637  [19264/50000]
2023-11-30 18:32:55,075 | INFO : loss: 0.000135  [25664/50000]
2023-11-30 18:33:23,412 | INFO : loss: 0.000154  [32064/50000]
2023-11-30 18:33:54,126 | INFO : loss: 0.000239  [38464/50000]
2023-11-30 18:34:27,679 | INFO : loss: 0.000317  [44864/50000]
2023-11-30 18:35:45,081 | INFO : Test Error: 
 Accuracy: 80.8%, Avg loss: 0.894257 

2023-11-30 18:35:45,082 | INFO : Epoch 147
-------------------------------
2023-11-30 18:35:45,460 | INFO : loss: 0.000702  [   64/50000]
2023-11-30 18:36:20,284 | INFO : loss: 0.000936  [ 6464/50000]
2023-11-30 18:36:57,733 | INFO : loss: 0.000368  [12864/50000]
2023-11-30 18:37:33,260 | INFO : loss: 0.000171  [19264/50000]
2023-11-30 18:38:11,125 | INFO : loss: 0.000312  [25664/50000]
2023-11-30 18:38:47,454 | INFO : loss: 0.000132  [32064/50000]
2023-11-30 18:39:22,225 | INFO : loss: 0.001230  [38464/50000]
2023-11-30 18:39:56,840 | INFO : loss: 0.016130  [44864/50000]
2023-11-30 18:41:08,405 | INFO : Test Error: 
 Accuracy: 81.1%, Avg loss: 0.889260 

2023-11-30 18:41:08,406 | INFO : Epoch 148
-------------------------------
2023-11-30 18:41:09,037 | INFO : loss: 0.000250  [   64/50000]
2023-11-30 18:41:45,153 | INFO : loss: 0.000390  [ 6464/50000]
2023-11-30 18:42:22,691 | INFO : loss: 0.000169  [12864/50000]
2023-11-30 18:42:56,792 | INFO : loss: 0.000126  [19264/50000]
2023-11-30 18:43:34,513 | INFO : loss: 0.000983  [25664/50000]
2023-11-30 18:44:10,098 | INFO : loss: 0.000191  [32064/50000]
2023-11-30 18:44:48,203 | INFO : loss: 0.000493  [38464/50000]
2023-11-30 18:45:22,492 | INFO : loss: 0.002720  [44864/50000]
2023-11-30 18:46:40,074 | INFO : Test Error: 
 Accuracy: 80.7%, Avg loss: 0.892852 

2023-11-30 18:46:40,075 | INFO : Epoch 149
-------------------------------
2023-11-30 18:46:40,365 | INFO : loss: 0.000494  [   64/50000]
2023-11-30 18:47:14,357 | INFO : loss: 0.000329  [ 6464/50000]
2023-11-30 18:47:31,649 | INFO : loss: 0.001400  [12864/50000]
2023-11-30 18:47:49,852 | INFO : loss: 0.001144  [19264/50000]
2023-11-30 18:48:10,726 | INFO : loss: 0.001520  [25664/50000]
2023-11-30 18:48:29,689 | INFO : loss: 0.000225  [32064/50000]
2023-11-30 18:48:54,996 | INFO : loss: 0.000155  [38464/50000]
2023-11-30 18:49:25,452 | INFO : loss: 0.000625  [44864/50000]
2023-11-30 18:50:40,683 | INFO : Test Error: 
 Accuracy: 80.9%, Avg loss: 0.889023 

2023-11-30 18:50:40,684 | INFO : Epoch 150
-------------------------------
2023-11-30 18:50:41,859 | INFO : loss: 0.000408  [   64/50000]
2023-11-30 18:51:14,661 | INFO : loss: 0.000568  [ 6464/50000]
2023-11-30 18:51:46,879 | INFO : loss: 0.000910  [12864/50000]
2023-11-30 18:52:20,161 | INFO : loss: 0.000352  [19264/50000]
2023-11-30 18:52:52,803 | INFO : loss: 0.000246  [25664/50000]
2023-11-30 18:53:23,099 | INFO : loss: 0.000480  [32064/50000]
2023-11-30 18:53:58,375 | INFO : loss: 0.000277  [38464/50000]
2023-11-30 18:54:32,715 | INFO : loss: 0.000257  [44864/50000]
2023-11-30 18:55:46,738 | INFO : Test Error: 
 Accuracy: 81.0%, Avg loss: 0.875618 

2023-11-30 18:55:46,741 | INFO : Done!
2023-11-30 18:55:46,741 | INFO : Total training time: 28110.32363629341
